[2025-08-10T12:05:49.916+0000] {taskinstance.py:1157} INFO - Dependencies all met for dep_context=non-requeueable deps ti=<TaskInstance: sparking_flow.python_job manual__2025-08-10T12:05:44.112281+00:00 [queued]>
[2025-08-10T12:05:49.924+0000] {taskinstance.py:1157} INFO - Dependencies all met for dep_context=requeueable deps ti=<TaskInstance: sparking_flow.python_job manual__2025-08-10T12:05:44.112281+00:00 [queued]>
[2025-08-10T12:05:49.925+0000] {taskinstance.py:1359} INFO - Starting attempt 1 of 1
[2025-08-10T12:05:49.936+0000] {taskinstance.py:1380} INFO - Executing <Task(SparkSubmitOperator): python_job> on 2025-08-10 12:05:44.112281+00:00
[2025-08-10T12:05:49.942+0000] {standard_task_runner.py:57} INFO - Started process 2769 to run task
[2025-08-10T12:05:49.945+0000] {standard_task_runner.py:84} INFO - Running: ['***', 'tasks', 'run', 'sparking_flow', 'python_job', 'manual__2025-08-10T12:05:44.112281+00:00', '--job-id', '19', '--raw', '--subdir', 'DAGS_FOLDER/spark_***.py', '--cfg-path', '/tmp/tmpu8fugayl']
[2025-08-10T12:05:49.948+0000] {standard_task_runner.py:85} INFO - Job 19: Subtask python_job
[2025-08-10T12:05:50.010+0000] {task_command.py:415} INFO - Running <TaskInstance: sparking_flow.python_job manual__2025-08-10T12:05:44.112281+00:00 [running]> on host 08d0cfb138c0
[2025-08-10T12:05:50.093+0000] {taskinstance.py:1660} INFO - Exporting env vars: AIRFLOW_CTX_DAG_OWNER='Yusuf Ganiyu' AIRFLOW_CTX_DAG_ID='sparking_flow' AIRFLOW_CTX_TASK_ID='python_job' AIRFLOW_CTX_EXECUTION_DATE='2025-08-10T12:05:44.112281+00:00' AIRFLOW_CTX_TRY_NUMBER='1' AIRFLOW_CTX_DAG_RUN_ID='manual__2025-08-10T12:05:44.112281+00:00'
[2025-08-10T12:05:50.107+0000] {base.py:73} INFO - Using connection ID 'spark-conn' for task execution.
[2025-08-10T12:05:50.108+0000] {spark_submit.py:403} INFO - Spark-Submit cmd: spark-submit --master spark://spark-master:7077 --name arrow-spark --deploy-mode client jobs/python/wordcountjob.py
[2025-08-10T12:05:51.008+0000] {spark_submit.py:579} INFO - WARNING: Using incubator modules: jdk.incubator.vector
[2025-08-10T12:05:53.912+0000] {spark_submit.py:579} INFO - Traceback (most recent call last):
[2025-08-10T12:05:53.912+0000] {spark_submit.py:579} INFO - File "/opt/***/jobs/python/wordcountjob.py", line 1, in <module>
[2025-08-10T12:05:53.914+0000] {spark_submit.py:579} INFO - import findspark
[2025-08-10T12:05:53.915+0000] {spark_submit.py:579} INFO - ModuleNotFoundError: No module named 'findspark'
[2025-08-10T12:05:53.937+0000] {spark_submit.py:579} INFO - 25/08/10 12:05:53 INFO ShutdownHookManager: Shutdown hook called
[2025-08-10T12:05:53.945+0000] {spark_submit.py:579} INFO - 25/08/10 12:05:53 INFO ShutdownHookManager: Deleting directory /tmp/spark-8c2e0ea2-84df-439b-a759-ecd00537fd54
[2025-08-10T12:05:54.044+0000] {taskinstance.py:1935} ERROR - Task failed with exception
Traceback (most recent call last):
  File "/home/airflow/.local/lib/python3.10/site-packages/airflow/providers/apache/spark/operators/spark_submit.py", line 174, in execute
    self._hook.submit(self.application)
  File "/home/airflow/.local/lib/python3.10/site-packages/airflow/providers/apache/spark/hooks/spark_submit.py", line 505, in submit
    raise AirflowException(
airflow.exceptions.AirflowException: Cannot execute: spark-submit --master spark://spark-master:7077 --name arrow-spark --deploy-mode client jobs/python/wordcountjob.py. Error code is: 1.
[2025-08-10T12:05:54.052+0000] {taskinstance.py:1398} INFO - Marking task as FAILED. dag_id=sparking_flow, task_id=python_job, execution_date=20250810T120544, start_date=20250810T120549, end_date=20250810T120554
[2025-08-10T12:05:54.070+0000] {standard_task_runner.py:104} ERROR - Failed to execute job 19 for task python_job (Cannot execute: spark-submit --master spark://spark-master:7077 --name arrow-spark --deploy-mode client jobs/python/wordcountjob.py. Error code is: 1.; 2769)
[2025-08-10T12:05:54.104+0000] {local_task_job_runner.py:228} INFO - Task exited with return code 1
[2025-08-10T12:05:54.132+0000] {taskinstance.py:2776} INFO - 0 downstream tasks scheduled from follow-on schedule check
