[2025-08-12T04:57:18.133+0000] {taskinstance.py:1157} INFO - Dependencies all met for dep_context=non-requeueable deps ti=<TaskInstance: sparking_flow.python_job manual__2025-08-12T04:57:11.863884+00:00 [queued]>
[2025-08-12T04:57:18.141+0000] {taskinstance.py:1157} INFO - Dependencies all met for dep_context=requeueable deps ti=<TaskInstance: sparking_flow.python_job manual__2025-08-12T04:57:11.863884+00:00 [queued]>
[2025-08-12T04:57:18.141+0000] {taskinstance.py:1359} INFO - Starting attempt 1 of 1
[2025-08-12T04:57:18.155+0000] {taskinstance.py:1380} INFO - Executing <Task(SparkSubmitOperator): python_job> on 2025-08-12 04:57:11.863884+00:00
[2025-08-12T04:57:18.159+0000] {standard_task_runner.py:57} INFO - Started process 272 to run task
[2025-08-12T04:57:18.163+0000] {standard_task_runner.py:84} INFO - Running: ['***', 'tasks', 'run', 'sparking_flow', 'python_job', 'manual__2025-08-12T04:57:11.863884+00:00', '--job-id', '4', '--raw', '--subdir', 'DAGS_FOLDER/spark_***.py', '--cfg-path', '/tmp/tmplw_v4wzl']
[2025-08-12T04:57:18.167+0000] {standard_task_runner.py:85} INFO - Job 4: Subtask python_job
[2025-08-12T04:57:18.245+0000] {task_command.py:415} INFO - Running <TaskInstance: sparking_flow.python_job manual__2025-08-12T04:57:11.863884+00:00 [running]> on host cd1679119d2d
[2025-08-12T04:57:18.343+0000] {taskinstance.py:1660} INFO - Exporting env vars: AIRFLOW_CTX_DAG_OWNER='Yusuf Ganiyu' AIRFLOW_CTX_DAG_ID='sparking_flow' AIRFLOW_CTX_TASK_ID='python_job' AIRFLOW_CTX_EXECUTION_DATE='2025-08-12T04:57:11.863884+00:00' AIRFLOW_CTX_TRY_NUMBER='1' AIRFLOW_CTX_DAG_RUN_ID='manual__2025-08-12T04:57:11.863884+00:00'
[2025-08-12T04:57:18.366+0000] {base.py:73} INFO - Using connection ID 'spark-conn' for task execution.
[2025-08-12T04:57:18.371+0000] {spark_submit.py:403} INFO - Spark-Submit cmd: spark-submit --master spark://spark-master:7077 --name arrow-spark --deploy-mode client jobs/python/wordcountjob.py
[2025-08-12T04:57:19.651+0000] {spark_submit.py:579} INFO - WARNING: Using incubator modules: jdk.incubator.vector
[2025-08-12T04:57:26.617+0000] {spark_submit.py:579} INFO - Using Spark's default log4j profile: org/apache/spark/log4j2-defaults.properties
[2025-08-12T04:57:26.631+0000] {spark_submit.py:579} INFO - 25/08/12 04:57:26 INFO SparkContext: Running Spark version 4.0.0
[2025-08-12T04:57:26.637+0000] {spark_submit.py:579} INFO - 25/08/12 04:57:26 INFO SparkContext: OS info Linux, 6.6.87.2-microsoft-standard-WSL2, amd64
[2025-08-12T04:57:26.638+0000] {spark_submit.py:579} INFO - 25/08/12 04:57:26 INFO SparkContext: Java version 17.0.15
[2025-08-12T04:57:26.778+0000] {spark_submit.py:579} INFO - 25/08/12 04:57:26 WARN NativeCodeLoader: Unable to load native-hadoop library for your platform... using builtin-java classes where applicable
[2025-08-12T04:57:26.885+0000] {spark_submit.py:579} INFO - 25/08/12 04:57:26 INFO ResourceUtils: ==============================================================
[2025-08-12T04:57:26.886+0000] {spark_submit.py:579} INFO - 25/08/12 04:57:26 INFO ResourceUtils: No custom resources configured for spark.driver.
[2025-08-12T04:57:26.886+0000] {spark_submit.py:579} INFO - 25/08/12 04:57:26 INFO ResourceUtils: ==============================================================
[2025-08-12T04:57:26.887+0000] {spark_submit.py:579} INFO - 25/08/12 04:57:26 INFO SparkContext: Submitted application: PythonWordCount
[2025-08-12T04:57:26.940+0000] {spark_submit.py:579} INFO - 25/08/12 04:57:26 INFO ResourceProfile: Default ResourceProfile created, executor resources: Map(memory -> name: memory, amount: 1024, script: , vendor: , offHeap -> name: offHeap, amount: 0, script: , vendor: ), task resources: Map(cpus -> name: cpus, amount: 1.0)
[2025-08-12T04:57:26.944+0000] {spark_submit.py:579} INFO - 25/08/12 04:57:26 INFO ResourceProfile: Limiting resource is cpu
[2025-08-12T04:57:26.947+0000] {spark_submit.py:579} INFO - 25/08/12 04:57:26 INFO ResourceProfileManager: Added ResourceProfile id: 0
[2025-08-12T04:57:27.038+0000] {spark_submit.py:579} INFO - 25/08/12 04:57:27 INFO SecurityManager: Changing view acls to: ***
[2025-08-12T04:57:27.039+0000] {spark_submit.py:579} INFO - 25/08/12 04:57:27 INFO SecurityManager: Changing modify acls to: ***
[2025-08-12T04:57:27.040+0000] {spark_submit.py:579} INFO - 25/08/12 04:57:27 INFO SecurityManager: Changing view acls groups to: ***
[2025-08-12T04:57:27.040+0000] {spark_submit.py:579} INFO - 25/08/12 04:57:27 INFO SecurityManager: Changing modify acls groups to: ***
[2025-08-12T04:57:27.045+0000] {spark_submit.py:579} INFO - 25/08/12 04:57:27 INFO SecurityManager: SecurityManager: authentication disabled; ui acls disabled; users with view permissions: *** groups with view permissions: EMPTY; users with modify permissions: ***; groups with modify permissions: EMPTY; RPC SSL disabled
[2025-08-12T04:57:27.731+0000] {spark_submit.py:579} INFO - 25/08/12 04:57:27 INFO Utils: Successfully started service 'sparkDriver' on port 44779.
[2025-08-12T04:57:27.818+0000] {spark_submit.py:579} INFO - 25/08/12 04:57:27 INFO SparkEnv: Registering MapOutputTracker
[2025-08-12T04:57:27.847+0000] {spark_submit.py:579} INFO - 25/08/12 04:57:27 INFO SparkEnv: Registering BlockManagerMaster
[2025-08-12T04:57:27.894+0000] {spark_submit.py:579} INFO - 25/08/12 04:57:27 INFO BlockManagerMasterEndpoint: Using org.apache.spark.storage.DefaultTopologyMapper for getting topology information
[2025-08-12T04:57:27.895+0000] {spark_submit.py:579} INFO - 25/08/12 04:57:27 INFO BlockManagerMasterEndpoint: BlockManagerMasterEndpoint up
[2025-08-12T04:57:27.901+0000] {spark_submit.py:579} INFO - 25/08/12 04:57:27 INFO SparkEnv: Registering BlockManagerMasterHeartbeat
[2025-08-12T04:57:27.966+0000] {spark_submit.py:579} INFO - 25/08/12 04:57:27 INFO DiskBlockManager: Created local directory at /tmp/blockmgr-b9fc680f-ede7-4919-8ebf-82634749a2f8
[2025-08-12T04:57:28.024+0000] {spark_submit.py:579} INFO - 25/08/12 04:57:28 INFO SparkEnv: Registering OutputCommitCoordinator
[2025-08-12T04:57:28.387+0000] {spark_submit.py:579} INFO - 25/08/12 04:57:28 INFO JettyUtils: Start Jetty 0.0.0.0:4040 for SparkUI
[2025-08-12T04:57:28.530+0000] {spark_submit.py:579} INFO - 25/08/12 04:57:28 INFO Utils: Successfully started service 'SparkUI' on port 4040.
[2025-08-12T04:57:28.595+0000] {spark_submit.py:579} INFO - 25/08/12 04:57:28 INFO SecurityManager: Changing view acls to: ***
[2025-08-12T04:57:28.596+0000] {spark_submit.py:579} INFO - 25/08/12 04:57:28 INFO SecurityManager: Changing modify acls to: ***
[2025-08-12T04:57:28.596+0000] {spark_submit.py:579} INFO - 25/08/12 04:57:28 INFO SecurityManager: Changing view acls groups to: ***
[2025-08-12T04:57:28.597+0000] {spark_submit.py:579} INFO - 25/08/12 04:57:28 INFO SecurityManager: Changing modify acls groups to: ***
[2025-08-12T04:57:28.597+0000] {spark_submit.py:579} INFO - 25/08/12 04:57:28 INFO SecurityManager: SecurityManager: authentication disabled; ui acls disabled; users with view permissions: *** groups with view permissions: EMPTY; users with modify permissions: ***; groups with modify permissions: EMPTY; RPC SSL disabled
[2025-08-12T04:57:28.855+0000] {spark_submit.py:579} INFO - 25/08/12 04:57:28 INFO StandaloneAppClient$ClientEndpoint: Connecting to master spark://spark-master:7077...
[2025-08-12T04:57:28.966+0000] {spark_submit.py:579} INFO - 25/08/12 04:57:28 INFO TransportClientFactory: Successfully created connection to spark-master/172.18.0.3:7077 after 45 ms (0 ms spent in bootstraps)
[2025-08-12T04:57:30.915+0000] {spark_submit.py:579} INFO - 25/08/12 04:57:30 INFO StandaloneSchedulerBackend: Connected to Spark cluster with app ID app-20250812045730-0001
[2025-08-12T04:57:30.939+0000] {spark_submit.py:579} INFO - 25/08/12 04:57:30 INFO Utils: Successfully started service 'org.apache.spark.network.netty.NettyBlockTransferService' on port 40299.
[2025-08-12T04:57:30.941+0000] {spark_submit.py:579} INFO - 25/08/12 04:57:30 INFO NettyBlockTransferService: Server created on cd1679119d2d:40299
[2025-08-12T04:57:30.945+0000] {spark_submit.py:579} INFO - 25/08/12 04:57:30 INFO BlockManager: Using org.apache.spark.storage.RandomBlockReplicationPolicy for block replication policy
[2025-08-12T04:57:30.984+0000] {spark_submit.py:579} INFO - 25/08/12 04:57:30 INFO BlockManagerMaster: Registering BlockManager BlockManagerId(driver, cd1679119d2d, 40299, None)
[2025-08-12T04:57:30.995+0000] {spark_submit.py:579} INFO - 25/08/12 04:57:30 INFO BlockManagerMasterEndpoint: Registering block manager cd1679119d2d:40299 with 434.4 MiB RAM, BlockManagerId(driver, cd1679119d2d, 40299, None)
[2025-08-12T04:57:30.999+0000] {spark_submit.py:579} INFO - 25/08/12 04:57:30 INFO BlockManagerMaster: Registered BlockManager BlockManagerId(driver, cd1679119d2d, 40299, None)
[2025-08-12T04:57:31.000+0000] {spark_submit.py:579} INFO - 25/08/12 04:57:31 INFO BlockManager: Initialized BlockManager: BlockManagerId(driver, cd1679119d2d, 40299, None)
[2025-08-12T04:57:31.246+0000] {spark_submit.py:579} INFO - 25/08/12 04:57:31 INFO StandaloneSchedulerBackend: SchedulerBackend is ready for scheduling beginning after reached minRegisteredResourcesRatio: 0.0
[2025-08-12T04:57:38.227+0000] {spark_submit.py:579} INFO - dict_keys(['daily', 'daily960', 'live_rapid', 'live_blitz', 'live_bullet', 'live_bughouse', 'live_blitz960', 'live_threecheck', 'live_crazyhouse', 'live_kingofthehill', 'tactics', 'rush', 'battle'])
[2025-08-12T04:57:38.309+0000] {spark_submit.py:579} INFO - 25/08/12 04:57:38 INFO SharedState: Setting hive.metastore.warehouse.dir ('null') to the value of spark.sql.warehouse.dir.
[2025-08-12T04:57:38.319+0000] {spark_submit.py:579} INFO - 25/08/12 04:57:38 INFO SharedState: Warehouse path is 'file:/opt/***/spark-warehouse'.
[2025-08-12T04:57:41.311+0000] {spark_submit.py:579} INFO - Traceback (most recent call last):
[2025-08-12T04:57:41.311+0000] {spark_submit.py:579} INFO - File "/opt/***/jobs/python/wordcountjob.py", line 84, in <module>
[2025-08-12T04:57:41.315+0000] {spark_submit.py:579} INFO - write_data(daily,"daily")
[2025-08-12T04:57:41.315+0000] {spark_submit.py:579} INFO - File "/opt/***/jobs/python/wordcountjob.py", line 80, in write_data
[2025-08-12T04:57:41.318+0000] {spark_submit.py:579} INFO - df.write.mode("overwrite").jdbc(url=jdbc_url, table=f"dbo.{table}", properties=properties)
[2025-08-12T04:57:41.318+0000] {spark_submit.py:579} INFO - File "/home/***/.local/lib/python3.10/site-packages/pyspark/python/lib/pyspark.zip/pyspark/sql/readwriter.py", line 2347, in jdbc
[2025-08-12T04:57:41.318+0000] {spark_submit.py:579} INFO - File "/home/***/.local/lib/python3.10/site-packages/pyspark/python/lib/py4j-0.10.9.9-src.zip/py4j/java_gateway.py", line 1362, in __call__
[2025-08-12T04:57:41.320+0000] {spark_submit.py:579} INFO - File "/home/***/.local/lib/python3.10/site-packages/pyspark/python/lib/pyspark.zip/pyspark/errors/exceptions/captured.py", line 282, in deco
[2025-08-12T04:57:41.320+0000] {spark_submit.py:579} INFO - File "/home/***/.local/lib/python3.10/site-packages/pyspark/python/lib/py4j-0.10.9.9-src.zip/py4j/protocol.py", line 327, in get_return_value
[2025-08-12T04:57:41.370+0000] {spark_submit.py:579} INFO - py4j.protocol.Py4JJavaError: An error occurred while calling o136.jdbc.
[2025-08-12T04:57:41.370+0000] {spark_submit.py:579} INFO - : java.lang.ClassNotFoundException: com.microsoft.sqlserver.jdbc.SQLServerDriver
[2025-08-12T04:57:41.371+0000] {spark_submit.py:579} INFO - at java.base/java.net.URLClassLoader.findClass(URLClassLoader.java:445)
[2025-08-12T04:57:41.371+0000] {spark_submit.py:579} INFO - at java.base/java.lang.ClassLoader.loadClass(ClassLoader.java:592)
[2025-08-12T04:57:41.372+0000] {spark_submit.py:579} INFO - at java.base/java.lang.ClassLoader.loadClass(ClassLoader.java:525)
[2025-08-12T04:57:41.372+0000] {spark_submit.py:579} INFO - at org.apache.spark.sql.execution.datasources.jdbc.DriverRegistry$.register(DriverRegistry.scala:47)
[2025-08-12T04:57:41.372+0000] {spark_submit.py:579} INFO - at org.apache.spark.sql.execution.datasources.jdbc.JDBCOptions.$anonfun$driverClass$1(JDBCOptions.scala:112)
[2025-08-12T04:57:41.373+0000] {spark_submit.py:579} INFO - at org.apache.spark.sql.execution.datasources.jdbc.JDBCOptions.$anonfun$driverClass$1$adapted(JDBCOptions.scala:112)
[2025-08-12T04:57:41.373+0000] {spark_submit.py:579} INFO - at scala.Option.foreach(Option.scala:437)
[2025-08-12T04:57:41.373+0000] {spark_submit.py:579} INFO - at org.apache.spark.sql.execution.datasources.jdbc.JDBCOptions.<init>(JDBCOptions.scala:112)
[2025-08-12T04:57:41.374+0000] {spark_submit.py:579} INFO - at org.apache.spark.sql.execution.datasources.jdbc.JdbcOptionsInWrite.<init>(JDBCOptions.scala:272)
[2025-08-12T04:57:41.374+0000] {spark_submit.py:579} INFO - at org.apache.spark.sql.execution.datasources.jdbc.JdbcOptionsInWrite.<init>(JDBCOptions.scala:276)
[2025-08-12T04:57:41.374+0000] {spark_submit.py:579} INFO - at org.apache.spark.sql.execution.datasources.jdbc.JdbcRelationProvider.createRelation(JdbcRelationProvider.scala:48)
[2025-08-12T04:57:41.375+0000] {spark_submit.py:579} INFO - at org.apache.spark.sql.execution.datasources.SaveIntoDataSourceCommand.run(SaveIntoDataSourceCommand.scala:55)
[2025-08-12T04:57:41.375+0000] {spark_submit.py:579} INFO - at org.apache.spark.sql.execution.command.ExecutedCommandExec.sideEffectResult$lzycompute(commands.scala:79)
[2025-08-12T04:57:41.375+0000] {spark_submit.py:579} INFO - at org.apache.spark.sql.execution.command.ExecutedCommandExec.sideEffectResult(commands.scala:77)
[2025-08-12T04:57:41.376+0000] {spark_submit.py:579} INFO - at org.apache.spark.sql.execution.command.ExecutedCommandExec.executeCollect(commands.scala:88)
[2025-08-12T04:57:41.376+0000] {spark_submit.py:579} INFO - at org.apache.spark.sql.execution.QueryExecution.$anonfun$eagerlyExecuteCommands$2(QueryExecution.scala:155)
[2025-08-12T04:57:41.376+0000] {spark_submit.py:579} INFO - at org.apache.spark.sql.execution.SQLExecution$.$anonfun$withNewExecutionId0$8(SQLExecution.scala:162)
[2025-08-12T04:57:41.376+0000] {spark_submit.py:579} INFO - at org.apache.spark.sql.execution.SQLExecution$.withSessionTagsApplied(SQLExecution.scala:268)
[2025-08-12T04:57:41.377+0000] {spark_submit.py:579} INFO - at org.apache.spark.sql.execution.SQLExecution$.$anonfun$withNewExecutionId0$7(SQLExecution.scala:124)
[2025-08-12T04:57:41.377+0000] {spark_submit.py:579} INFO - at org.apache.spark.JobArtifactSet$.withActiveJobArtifactState(JobArtifactSet.scala:94)
[2025-08-12T04:57:41.377+0000] {spark_submit.py:579} INFO - at org.apache.spark.sql.artifact.ArtifactManager.$anonfun$withResources$1(ArtifactManager.scala:112)
[2025-08-12T04:57:41.377+0000] {spark_submit.py:579} INFO - at org.apache.spark.sql.artifact.ArtifactManager.withClassLoaderIfNeeded(ArtifactManager.scala:106)
[2025-08-12T04:57:41.378+0000] {spark_submit.py:579} INFO - at org.apache.spark.sql.artifact.ArtifactManager.withResources(ArtifactManager.scala:111)
[2025-08-12T04:57:41.378+0000] {spark_submit.py:579} INFO - at org.apache.spark.sql.execution.SQLExecution$.$anonfun$withNewExecutionId0$6(SQLExecution.scala:124)
[2025-08-12T04:57:41.378+0000] {spark_submit.py:579} INFO - at org.apache.spark.sql.execution.SQLExecution$.withSQLConfPropagated(SQLExecution.scala:291)
[2025-08-12T04:57:41.379+0000] {spark_submit.py:579} INFO - at org.apache.spark.sql.execution.SQLExecution$.$anonfun$withNewExecutionId0$1(SQLExecution.scala:123)
[2025-08-12T04:57:41.379+0000] {spark_submit.py:579} INFO - at org.apache.spark.sql.SparkSession.withActive(SparkSession.scala:804)
[2025-08-12T04:57:41.379+0000] {spark_submit.py:579} INFO - at org.apache.spark.sql.execution.SQLExecution$.withNewExecutionId0(SQLExecution.scala:77)
[2025-08-12T04:57:41.380+0000] {spark_submit.py:579} INFO - at org.apache.spark.sql.execution.SQLExecution$.withNewExecutionId(SQLExecution.scala:233)
[2025-08-12T04:57:41.380+0000] {spark_submit.py:579} INFO - at org.apache.spark.sql.execution.QueryExecution.$anonfun$eagerlyExecuteCommands$1(QueryExecution.scala:155)
[2025-08-12T04:57:41.380+0000] {spark_submit.py:579} INFO - at org.apache.spark.sql.execution.QueryExecution$.withInternalError(QueryExecution.scala:654)
[2025-08-12T04:57:41.381+0000] {spark_submit.py:579} INFO - at org.apache.spark.sql.execution.QueryExecution.org$apache$spark$sql$execution$QueryExecution$$eagerlyExecute$1(QueryExecution.scala:154)
[2025-08-12T04:57:41.381+0000] {spark_submit.py:579} INFO - at org.apache.spark.sql.execution.QueryExecution$$anonfun$eagerlyExecuteCommands$3.applyOrElse(QueryExecution.scala:169)
[2025-08-12T04:57:41.381+0000] {spark_submit.py:579} INFO - at org.apache.spark.sql.execution.QueryExecution$$anonfun$eagerlyExecuteCommands$3.applyOrElse(QueryExecution.scala:164)
[2025-08-12T04:57:41.382+0000] {spark_submit.py:579} INFO - at org.apache.spark.sql.catalyst.trees.TreeNode.$anonfun$transformDownWithPruning$1(TreeNode.scala:470)
[2025-08-12T04:57:41.382+0000] {spark_submit.py:579} INFO - at org.apache.spark.sql.catalyst.trees.CurrentOrigin$.withOrigin(origin.scala:86)
[2025-08-12T04:57:41.382+0000] {spark_submit.py:579} INFO - at org.apache.spark.sql.catalyst.trees.TreeNode.transformDownWithPruning(TreeNode.scala:470)
[2025-08-12T04:57:41.382+0000] {spark_submit.py:579} INFO - at org.apache.spark.sql.catalyst.plans.logical.LogicalPlan.org$apache$spark$sql$catalyst$plans$logical$AnalysisHelper$$super$transformDownWithPruning(LogicalPlan.scala:37)
[2025-08-12T04:57:41.383+0000] {spark_submit.py:579} INFO - at org.apache.spark.sql.catalyst.plans.logical.AnalysisHelper.transformDownWithPruning(AnalysisHelper.scala:360)
[2025-08-12T04:57:41.383+0000] {spark_submit.py:579} INFO - at org.apache.spark.sql.catalyst.plans.logical.AnalysisHelper.transformDownWithPruning$(AnalysisHelper.scala:356)
[2025-08-12T04:57:41.383+0000] {spark_submit.py:579} INFO - at org.apache.spark.sql.catalyst.plans.logical.LogicalPlan.transformDownWithPruning(LogicalPlan.scala:37)
[2025-08-12T04:57:41.383+0000] {spark_submit.py:579} INFO - at org.apache.spark.sql.catalyst.plans.logical.LogicalPlan.transformDownWithPruning(LogicalPlan.scala:37)
[2025-08-12T04:57:41.384+0000] {spark_submit.py:579} INFO - at org.apache.spark.sql.catalyst.trees.TreeNode.transformDown(TreeNode.scala:446)
[2025-08-12T04:57:41.384+0000] {spark_submit.py:579} INFO - at org.apache.spark.sql.execution.QueryExecution.eagerlyExecuteCommands(QueryExecution.scala:164)
[2025-08-12T04:57:41.385+0000] {spark_submit.py:579} INFO - at org.apache.spark.sql.execution.QueryExecution.$anonfun$lazyCommandExecuted$1(QueryExecution.scala:126)
[2025-08-12T04:57:41.385+0000] {spark_submit.py:579} INFO - at scala.util.Try$.apply(Try.scala:217)
[2025-08-12T04:57:41.385+0000] {spark_submit.py:579} INFO - at org.apache.spark.util.Utils$.doTryWithCallerStacktrace(Utils.scala:1378)
[2025-08-12T04:57:41.386+0000] {spark_submit.py:579} INFO - at org.apache.spark.util.Utils$.getTryWithCallerStacktrace(Utils.scala:1439)
[2025-08-12T04:57:41.386+0000] {spark_submit.py:579} INFO - at org.apache.spark.util.LazyTry.get(LazyTry.scala:58)
[2025-08-12T04:57:41.386+0000] {spark_submit.py:579} INFO - at org.apache.spark.sql.execution.QueryExecution.commandExecuted(QueryExecution.scala:131)
[2025-08-12T04:57:41.387+0000] {spark_submit.py:579} INFO - at org.apache.spark.sql.execution.QueryExecution.assertCommandExecuted(QueryExecution.scala:192)
[2025-08-12T04:57:41.387+0000] {spark_submit.py:579} INFO - at org.apache.spark.sql.classic.DataFrameWriter.runCommand(DataFrameWriter.scala:622)
[2025-08-12T04:57:41.387+0000] {spark_submit.py:579} INFO - at org.apache.spark.sql.classic.DataFrameWriter.saveToV1Source(DataFrameWriter.scala:273)
[2025-08-12T04:57:41.388+0000] {spark_submit.py:579} INFO - at org.apache.spark.sql.classic.DataFrameWriter.saveInternal(DataFrameWriter.scala:241)
[2025-08-12T04:57:41.388+0000] {spark_submit.py:579} INFO - at org.apache.spark.sql.classic.DataFrameWriter.save(DataFrameWriter.scala:126)
[2025-08-12T04:57:41.388+0000] {spark_submit.py:579} INFO - at org.apache.spark.sql.DataFrameWriter.jdbc(DataFrameWriter.scala:334)
[2025-08-12T04:57:41.389+0000] {spark_submit.py:579} INFO - at java.base/jdk.internal.reflect.NativeMethodAccessorImpl.invoke0(Native Method)
[2025-08-12T04:57:41.389+0000] {spark_submit.py:579} INFO - at java.base/jdk.internal.reflect.NativeMethodAccessorImpl.invoke(NativeMethodAccessorImpl.java:77)
[2025-08-12T04:57:41.389+0000] {spark_submit.py:579} INFO - at java.base/jdk.internal.reflect.DelegatingMethodAccessorImpl.invoke(DelegatingMethodAccessorImpl.java:43)
[2025-08-12T04:57:41.390+0000] {spark_submit.py:579} INFO - at java.base/java.lang.reflect.Method.invoke(Method.java:569)
[2025-08-12T04:57:41.390+0000] {spark_submit.py:579} INFO - at py4j.reflection.MethodInvoker.invoke(MethodInvoker.java:244)
[2025-08-12T04:57:41.390+0000] {spark_submit.py:579} INFO - at py4j.reflection.ReflectionEngine.invoke(ReflectionEngine.java:374)
[2025-08-12T04:57:41.391+0000] {spark_submit.py:579} INFO - at py4j.Gateway.invoke(Gateway.java:282)
[2025-08-12T04:57:41.391+0000] {spark_submit.py:579} INFO - at py4j.commands.AbstractCommand.invokeMethod(AbstractCommand.java:132)
[2025-08-12T04:57:41.391+0000] {spark_submit.py:579} INFO - at py4j.commands.CallCommand.execute(CallCommand.java:79)
[2025-08-12T04:57:41.391+0000] {spark_submit.py:579} INFO - at py4j.ClientServerConnection.waitForCommands(ClientServerConnection.java:184)
[2025-08-12T04:57:41.392+0000] {spark_submit.py:579} INFO - at py4j.ClientServerConnection.run(ClientServerConnection.java:108)
[2025-08-12T04:57:41.392+0000] {spark_submit.py:579} INFO - at java.base/java.lang.Thread.run(Thread.java:840)
[2025-08-12T04:57:41.392+0000] {spark_submit.py:579} INFO - Suppressed: org.apache.spark.util.Utils$OriginalTryStackTraceException: Full stacktrace of original doTryWithCallerStacktrace caller
[2025-08-12T04:57:41.392+0000] {spark_submit.py:579} INFO - at java.base/java.net.URLClassLoader.findClass(URLClassLoader.java:445)
[2025-08-12T04:57:41.393+0000] {spark_submit.py:579} INFO - at java.base/java.lang.ClassLoader.loadClass(ClassLoader.java:592)
[2025-08-12T04:57:41.393+0000] {spark_submit.py:579} INFO - at java.base/java.lang.ClassLoader.loadClass(ClassLoader.java:525)
[2025-08-12T04:57:41.393+0000] {spark_submit.py:579} INFO - at org.apache.spark.sql.execution.datasources.jdbc.DriverRegistry$.register(DriverRegistry.scala:47)
[2025-08-12T04:57:41.394+0000] {spark_submit.py:579} INFO - at org.apache.spark.sql.execution.datasources.jdbc.JDBCOptions.$anonfun$driverClass$1(JDBCOptions.scala:112)
[2025-08-12T04:57:41.394+0000] {spark_submit.py:579} INFO - at org.apache.spark.sql.execution.datasources.jdbc.JDBCOptions.$anonfun$driverClass$1$adapted(JDBCOptions.scala:112)
[2025-08-12T04:57:41.394+0000] {spark_submit.py:579} INFO - at scala.Option.foreach(Option.scala:437)
[2025-08-12T04:57:41.394+0000] {spark_submit.py:579} INFO - at org.apache.spark.sql.execution.datasources.jdbc.JDBCOptions.<init>(JDBCOptions.scala:112)
[2025-08-12T04:57:41.395+0000] {spark_submit.py:579} INFO - at org.apache.spark.sql.execution.datasources.jdbc.JdbcOptionsInWrite.<init>(JDBCOptions.scala:272)
[2025-08-12T04:57:41.395+0000] {spark_submit.py:579} INFO - at org.apache.spark.sql.execution.datasources.jdbc.JdbcOptionsInWrite.<init>(JDBCOptions.scala:276)
[2025-08-12T04:57:41.395+0000] {spark_submit.py:579} INFO - at org.apache.spark.sql.execution.datasources.jdbc.JdbcRelationProvider.createRelation(JdbcRelationProvider.scala:48)
[2025-08-12T04:57:41.396+0000] {spark_submit.py:579} INFO - at org.apache.spark.sql.execution.datasources.SaveIntoDataSourceCommand.run(SaveIntoDataSourceCommand.scala:55)
[2025-08-12T04:57:41.396+0000] {spark_submit.py:579} INFO - at org.apache.spark.sql.execution.command.ExecutedCommandExec.sideEffectResult$lzycompute(commands.scala:79)
[2025-08-12T04:57:41.396+0000] {spark_submit.py:579} INFO - at org.apache.spark.sql.execution.command.ExecutedCommandExec.sideEffectResult(commands.scala:77)
[2025-08-12T04:57:41.396+0000] {spark_submit.py:579} INFO - at org.apache.spark.sql.execution.command.ExecutedCommandExec.executeCollect(commands.scala:88)
[2025-08-12T04:57:41.397+0000] {spark_submit.py:579} INFO - at org.apache.spark.sql.execution.QueryExecution.$anonfun$eagerlyExecuteCommands$2(QueryExecution.scala:155)
[2025-08-12T04:57:41.397+0000] {spark_submit.py:579} INFO - at org.apache.spark.sql.execution.SQLExecution$.$anonfun$withNewExecutionId0$8(SQLExecution.scala:162)
[2025-08-12T04:57:41.397+0000] {spark_submit.py:579} INFO - at org.apache.spark.sql.execution.SQLExecution$.withSessionTagsApplied(SQLExecution.scala:268)
[2025-08-12T04:57:41.397+0000] {spark_submit.py:579} INFO - at org.apache.spark.sql.execution.SQLExecution$.$anonfun$withNewExecutionId0$7(SQLExecution.scala:124)
[2025-08-12T04:57:41.398+0000] {spark_submit.py:579} INFO - at org.apache.spark.JobArtifactSet$.withActiveJobArtifactState(JobArtifactSet.scala:94)
[2025-08-12T04:57:41.398+0000] {spark_submit.py:579} INFO - at org.apache.spark.sql.artifact.ArtifactManager.$anonfun$withResources$1(ArtifactManager.scala:112)
[2025-08-12T04:57:41.398+0000] {spark_submit.py:579} INFO - at org.apache.spark.sql.artifact.ArtifactManager.withClassLoaderIfNeeded(ArtifactManager.scala:106)
[2025-08-12T04:57:41.399+0000] {spark_submit.py:579} INFO - at org.apache.spark.sql.artifact.ArtifactManager.withResources(ArtifactManager.scala:111)
[2025-08-12T04:57:41.399+0000] {spark_submit.py:579} INFO - at org.apache.spark.sql.execution.SQLExecution$.$anonfun$withNewExecutionId0$6(SQLExecution.scala:124)
[2025-08-12T04:57:41.399+0000] {spark_submit.py:579} INFO - at org.apache.spark.sql.execution.SQLExecution$.withSQLConfPropagated(SQLExecution.scala:291)
[2025-08-12T04:57:41.399+0000] {spark_submit.py:579} INFO - at org.apache.spark.sql.execution.SQLExecution$.$anonfun$withNewExecutionId0$1(SQLExecution.scala:123)
[2025-08-12T04:57:41.400+0000] {spark_submit.py:579} INFO - at org.apache.spark.sql.SparkSession.withActive(SparkSession.scala:804)
[2025-08-12T04:57:41.400+0000] {spark_submit.py:579} INFO - at org.apache.spark.sql.execution.SQLExecution$.withNewExecutionId0(SQLExecution.scala:77)
[2025-08-12T04:57:41.401+0000] {spark_submit.py:579} INFO - at org.apache.spark.sql.execution.SQLExecution$.withNewExecutionId(SQLExecution.scala:233)
[2025-08-12T04:57:41.401+0000] {spark_submit.py:579} INFO - at org.apache.spark.sql.execution.QueryExecution.$anonfun$eagerlyExecuteCommands$1(QueryExecution.scala:155)
[2025-08-12T04:57:41.401+0000] {spark_submit.py:579} INFO - at org.apache.spark.sql.execution.QueryExecution$.withInternalError(QueryExecution.scala:654)
[2025-08-12T04:57:41.402+0000] {spark_submit.py:579} INFO - at org.apache.spark.sql.execution.QueryExecution.org$apache$spark$sql$execution$QueryExecution$$eagerlyExecute$1(QueryExecution.scala:154)
[2025-08-12T04:57:41.402+0000] {spark_submit.py:579} INFO - at org.apache.spark.sql.execution.QueryExecution$$anonfun$eagerlyExecuteCommands$3.applyOrElse(QueryExecution.scala:169)
[2025-08-12T04:57:41.403+0000] {spark_submit.py:579} INFO - at org.apache.spark.sql.execution.QueryExecution$$anonfun$eagerlyExecuteCommands$3.applyOrElse(QueryExecution.scala:164)
[2025-08-12T04:57:41.403+0000] {spark_submit.py:579} INFO - at org.apache.spark.sql.catalyst.trees.TreeNode.$anonfun$transformDownWithPruning$1(TreeNode.scala:470)
[2025-08-12T04:57:41.403+0000] {spark_submit.py:579} INFO - at org.apache.spark.sql.catalyst.trees.CurrentOrigin$.withOrigin(origin.scala:86)
[2025-08-12T04:57:41.404+0000] {spark_submit.py:579} INFO - at org.apache.spark.sql.catalyst.trees.TreeNode.transformDownWithPruning(TreeNode.scala:470)
[2025-08-12T04:57:41.404+0000] {spark_submit.py:579} INFO - at org.apache.spark.sql.catalyst.plans.logical.LogicalPlan.org$apache$spark$sql$catalyst$plans$logical$AnalysisHelper$$super$transformDownWithPruning(LogicalPlan.scala:37)
[2025-08-12T04:57:41.404+0000] {spark_submit.py:579} INFO - at org.apache.spark.sql.catalyst.plans.logical.AnalysisHelper.transformDownWithPruning(AnalysisHelper.scala:360)
[2025-08-12T04:57:41.405+0000] {spark_submit.py:579} INFO - at org.apache.spark.sql.catalyst.plans.logical.AnalysisHelper.transformDownWithPruning$(AnalysisHelper.scala:356)
[2025-08-12T04:57:41.405+0000] {spark_submit.py:579} INFO - at org.apache.spark.sql.catalyst.plans.logical.LogicalPlan.transformDownWithPruning(LogicalPlan.scala:37)
[2025-08-12T04:57:41.405+0000] {spark_submit.py:579} INFO - at org.apache.spark.sql.catalyst.plans.logical.LogicalPlan.transformDownWithPruning(LogicalPlan.scala:37)
[2025-08-12T04:57:41.406+0000] {spark_submit.py:579} INFO - at org.apache.spark.sql.catalyst.trees.TreeNode.transformDown(TreeNode.scala:446)
[2025-08-12T04:57:41.406+0000] {spark_submit.py:579} INFO - at org.apache.spark.sql.execution.QueryExecution.eagerlyExecuteCommands(QueryExecution.scala:164)
[2025-08-12T04:57:41.407+0000] {spark_submit.py:579} INFO - at org.apache.spark.sql.execution.QueryExecution.$anonfun$lazyCommandExecuted$1(QueryExecution.scala:126)
[2025-08-12T04:57:41.407+0000] {spark_submit.py:579} INFO - at scala.util.Try$.apply(Try.scala:217)
[2025-08-12T04:57:41.407+0000] {spark_submit.py:579} INFO - at org.apache.spark.util.Utils$.doTryWithCallerStacktrace(Utils.scala:1378)
[2025-08-12T04:57:41.408+0000] {spark_submit.py:579} INFO - at org.apache.spark.util.LazyTry.tryT$lzycompute(LazyTry.scala:46)
[2025-08-12T04:57:41.408+0000] {spark_submit.py:579} INFO - at org.apache.spark.util.LazyTry.tryT(LazyTry.scala:46)
[2025-08-12T04:57:41.408+0000] {spark_submit.py:579} INFO - ... 20 more
[2025-08-12T04:57:41.408+0000] {spark_submit.py:579} INFO - 
[2025-08-12T04:57:41.592+0000] {spark_submit.py:579} INFO - 25/08/12 04:57:41 INFO SparkContext: Invoking stop() from shutdown hook
[2025-08-12T04:57:41.597+0000] {spark_submit.py:579} INFO - 25/08/12 04:57:41 INFO SparkContext: SparkContext is stopping with exitCode 0 from run at Executors.java:539.
[2025-08-12T04:57:41.607+0000] {spark_submit.py:579} INFO - 25/08/12 04:57:41 INFO SparkUI: Stopped Spark web UI at http://cd1679119d2d:4040
[2025-08-12T04:57:41.610+0000] {spark_submit.py:579} INFO - 25/08/12 04:57:41 INFO StandaloneSchedulerBackend: Shutting down all executors
[2025-08-12T04:57:41.617+0000] {spark_submit.py:579} INFO - 25/08/12 04:57:41 INFO StandaloneSchedulerBackend$StandaloneDriverEndpoint: Asking each executor to shut down
[2025-08-12T04:57:41.639+0000] {spark_submit.py:579} INFO - 25/08/12 04:57:41 INFO MapOutputTrackerMasterEndpoint: MapOutputTrackerMasterEndpoint stopped!
[2025-08-12T04:57:41.678+0000] {spark_submit.py:579} INFO - 25/08/12 04:57:41 INFO MemoryStore: MemoryStore started with capacity 434.4 MiB
[2025-08-12T04:57:41.679+0000] {spark_submit.py:579} INFO - 25/08/12 04:57:41 INFO MemoryStore: MemoryStore cleared
[2025-08-12T04:57:41.679+0000] {spark_submit.py:579} INFO - 25/08/12 04:57:41 INFO BlockManager: BlockManager stopped
[2025-08-12T04:57:41.689+0000] {spark_submit.py:579} INFO - 25/08/12 04:57:41 INFO BlockManagerMaster: BlockManagerMaster stopped
[2025-08-12T04:57:41.691+0000] {spark_submit.py:579} INFO - 25/08/12 04:57:41 INFO OutputCommitCoordinator$OutputCommitCoordinatorEndpoint: OutputCommitCoordinator stopped!
[2025-08-12T04:57:41.709+0000] {spark_submit.py:579} INFO - 25/08/12 04:57:41 INFO SparkContext: Successfully stopped SparkContext
[2025-08-12T04:57:41.710+0000] {spark_submit.py:579} INFO - 25/08/12 04:57:41 INFO ShutdownHookManager: Shutdown hook called
[2025-08-12T04:57:41.710+0000] {spark_submit.py:579} INFO - 25/08/12 04:57:41 INFO ShutdownHookManager: Deleting directory /opt/***/artifacts/spark-62c8d0e5-0916-4ea6-88f2-fcf41a1f62b5
[2025-08-12T04:57:41.722+0000] {spark_submit.py:579} INFO - 25/08/12 04:57:41 INFO ShutdownHookManager: Deleting directory /tmp/spark-387a6393-4406-4eef-8efa-564baaa63d28/pyspark-c788ecae-7646-4b34-8581-55090dd3d8ee
[2025-08-12T04:57:41.732+0000] {spark_submit.py:579} INFO - 25/08/12 04:57:41 INFO ShutdownHookManager: Deleting directory /tmp/spark-387a6393-4406-4eef-8efa-564baaa63d28
[2025-08-12T04:57:41.742+0000] {spark_submit.py:579} INFO - 25/08/12 04:57:41 INFO ShutdownHookManager: Deleting directory /tmp/spark-31f17e99-266e-41b7-a8cc-3568c6992c9e
[2025-08-12T04:57:41.807+0000] {taskinstance.py:1935} ERROR - Task failed with exception
Traceback (most recent call last):
  File "/home/airflow/.local/lib/python3.10/site-packages/airflow/providers/apache/spark/operators/spark_submit.py", line 174, in execute
    self._hook.submit(self.application)
  File "/home/airflow/.local/lib/python3.10/site-packages/airflow/providers/apache/spark/hooks/spark_submit.py", line 505, in submit
    raise AirflowException(
airflow.exceptions.AirflowException: Cannot execute: spark-submit --master spark://spark-master:7077 --name arrow-spark --deploy-mode client jobs/python/wordcountjob.py. Error code is: 1.
[2025-08-12T04:57:41.813+0000] {taskinstance.py:1398} INFO - Marking task as FAILED. dag_id=sparking_flow, task_id=python_job, execution_date=20250812T045711, start_date=20250812T045718, end_date=20250812T045741
[2025-08-12T04:57:41.827+0000] {standard_task_runner.py:104} ERROR - Failed to execute job 4 for task python_job (Cannot execute: spark-submit --master spark://spark-master:7077 --name arrow-spark --deploy-mode client jobs/python/wordcountjob.py. Error code is: 1.; 272)
[2025-08-12T04:57:41.837+0000] {local_task_job_runner.py:228} INFO - Task exited with return code 1
[2025-08-12T04:57:41.860+0000] {taskinstance.py:2776} INFO - 0 downstream tasks scheduled from follow-on schedule check
