[2025-08-31T05:11:03.311+0000] {taskinstance.py:1157} INFO - Dependencies all met for dep_context=non-requeueable deps ti=<TaskInstance: sparking_flow.python_job manual__2025-08-31T05:10:58.144326+00:00 [queued]>
[2025-08-31T05:11:03.320+0000] {taskinstance.py:1157} INFO - Dependencies all met for dep_context=requeueable deps ti=<TaskInstance: sparking_flow.python_job manual__2025-08-31T05:10:58.144326+00:00 [queued]>
[2025-08-31T05:11:03.321+0000] {taskinstance.py:1359} INFO - Starting attempt 1 of 1
[2025-08-31T05:11:03.346+0000] {taskinstance.py:1380} INFO - Executing <Task(SparkSubmitOperator): python_job> on 2025-08-31 05:10:58.144326+00:00
[2025-08-31T05:11:03.351+0000] {standard_task_runner.py:57} INFO - Started process 1087 to run task
[2025-08-31T05:11:03.355+0000] {standard_task_runner.py:84} INFO - Running: ['***', 'tasks', 'run', 'sparking_flow', 'python_job', 'manual__2025-08-31T05:10:58.144326+00:00', '--job-id', '33', '--raw', '--subdir', 'DAGS_FOLDER/spark_***.py', '--cfg-path', '/tmp/tmpan_lw6z9']
[2025-08-31T05:11:03.359+0000] {standard_task_runner.py:85} INFO - Job 33: Subtask python_job
[2025-08-31T05:11:03.427+0000] {task_command.py:415} INFO - Running <TaskInstance: sparking_flow.python_job manual__2025-08-31T05:10:58.144326+00:00 [running]> on host 80647ef95998
[2025-08-31T05:11:03.525+0000] {taskinstance.py:1660} INFO - Exporting env vars: AIRFLOW_CTX_DAG_OWNER='Kudzaishe Manyanya' AIRFLOW_CTX_DAG_ID='sparking_flow' AIRFLOW_CTX_TASK_ID='python_job' AIRFLOW_CTX_EXECUTION_DATE='2025-08-31T05:10:58.144326+00:00' AIRFLOW_CTX_TRY_NUMBER='1' AIRFLOW_CTX_DAG_RUN_ID='manual__2025-08-31T05:10:58.144326+00:00'
[2025-08-31T05:11:03.538+0000] {base.py:73} INFO - Using connection ID 'spark-conn' for task execution.
[2025-08-31T05:11:03.539+0000] {spark_submit.py:403} INFO - Spark-Submit cmd: spark-submit --master spark://spark-master:7077 --jars /opt/spark/external-jars/apache-spark-sql-connector.jar --name arrow-spark --deploy-mode client jobs/python/wordcountjob.py
[2025-08-31T05:11:04.300+0000] {spark_submit.py:579} INFO - WARNING: Using incubator modules: jdk.incubator.vector
[2025-08-31T05:11:05.965+0000] {spark_submit.py:579} INFO - 25/08/31 05:11:05 WARN NativeCodeLoader: Unable to load native-hadoop library for your platform... using builtin-java classes where applicable
[2025-08-31T05:11:10.081+0000] {spark_submit.py:579} INFO - Using Spark's default log4j profile: org/apache/spark/log4j2-defaults.properties
[2025-08-31T05:11:10.089+0000] {spark_submit.py:579} INFO - 25/08/31 05:11:10 INFO SparkContext: Running Spark version 4.0.0
[2025-08-31T05:11:10.091+0000] {spark_submit.py:579} INFO - 25/08/31 05:11:10 INFO SparkContext: OS info Linux, 6.6.87.2-microsoft-standard-WSL2, amd64
[2025-08-31T05:11:10.091+0000] {spark_submit.py:579} INFO - 25/08/31 05:11:10 INFO SparkContext: Java version 17.0.15
[2025-08-31T05:11:10.119+0000] {spark_submit.py:579} INFO - 25/08/31 05:11:10 INFO ResourceUtils: ==============================================================
[2025-08-31T05:11:10.120+0000] {spark_submit.py:579} INFO - 25/08/31 05:11:10 INFO ResourceUtils: No custom resources configured for spark.driver.
[2025-08-31T05:11:10.121+0000] {spark_submit.py:579} INFO - 25/08/31 05:11:10 INFO ResourceUtils: ==============================================================
[2025-08-31T05:11:10.122+0000] {spark_submit.py:579} INFO - 25/08/31 05:11:10 INFO SparkContext: Submitted application: PythonWordCount
[2025-08-31T05:11:10.156+0000] {spark_submit.py:579} INFO - 25/08/31 05:11:10 INFO ResourceProfile: Default ResourceProfile created, executor resources: Map(memory -> name: memory, amount: 1024, script: , vendor: , offHeap -> name: offHeap, amount: 0, script: , vendor: ), task resources: Map(cpus -> name: cpus, amount: 1.0)
[2025-08-31T05:11:10.158+0000] {spark_submit.py:579} INFO - 25/08/31 05:11:10 INFO ResourceProfile: Limiting resource is cpu
[2025-08-31T05:11:10.159+0000] {spark_submit.py:579} INFO - 25/08/31 05:11:10 INFO ResourceProfileManager: Added ResourceProfile id: 0
[2025-08-31T05:11:10.244+0000] {spark_submit.py:579} INFO - 25/08/31 05:11:10 INFO SecurityManager: Changing view acls to: ***
[2025-08-31T05:11:10.245+0000] {spark_submit.py:579} INFO - 25/08/31 05:11:10 INFO SecurityManager: Changing modify acls to: ***
[2025-08-31T05:11:10.245+0000] {spark_submit.py:579} INFO - 25/08/31 05:11:10 INFO SecurityManager: Changing view acls groups to: ***
[2025-08-31T05:11:10.246+0000] {spark_submit.py:579} INFO - 25/08/31 05:11:10 INFO SecurityManager: Changing modify acls groups to: ***
[2025-08-31T05:11:10.248+0000] {spark_submit.py:579} INFO - 25/08/31 05:11:10 INFO SecurityManager: SecurityManager: authentication disabled; ui acls disabled; users with view permissions: *** groups with view permissions: EMPTY; users with modify permissions: ***; groups with modify permissions: EMPTY; RPC SSL disabled
[2025-08-31T05:11:10.568+0000] {spark_submit.py:579} INFO - 25/08/31 05:11:10 INFO Utils: Successfully started service 'sparkDriver' on port 33807.
[2025-08-31T05:11:10.626+0000] {spark_submit.py:579} INFO - 25/08/31 05:11:10 INFO SparkEnv: Registering MapOutputTracker
[2025-08-31T05:11:10.651+0000] {spark_submit.py:579} INFO - 25/08/31 05:11:10 INFO SparkEnv: Registering BlockManagerMaster
[2025-08-31T05:11:10.693+0000] {spark_submit.py:579} INFO - 25/08/31 05:11:10 INFO BlockManagerMasterEndpoint: Using org.apache.spark.storage.DefaultTopologyMapper for getting topology information
[2025-08-31T05:11:10.694+0000] {spark_submit.py:579} INFO - 25/08/31 05:11:10 INFO BlockManagerMasterEndpoint: BlockManagerMasterEndpoint up
[2025-08-31T05:11:10.700+0000] {spark_submit.py:579} INFO - 25/08/31 05:11:10 INFO SparkEnv: Registering BlockManagerMasterHeartbeat
[2025-08-31T05:11:10.746+0000] {spark_submit.py:579} INFO - 25/08/31 05:11:10 INFO DiskBlockManager: Created local directory at /tmp/blockmgr-7ce222ff-d132-4fbd-ba07-9c2854d4707d
[2025-08-31T05:11:10.774+0000] {spark_submit.py:579} INFO - 25/08/31 05:11:10 INFO SparkEnv: Registering OutputCommitCoordinator
[2025-08-31T05:11:11.009+0000] {spark_submit.py:579} INFO - 25/08/31 05:11:11 INFO JettyUtils: Start Jetty 0.0.0.0:4040 for SparkUI
[2025-08-31T05:11:11.087+0000] {spark_submit.py:579} INFO - 25/08/31 05:11:11 INFO Utils: Successfully started service 'SparkUI' on port 4040.
[2025-08-31T05:11:11.119+0000] {spark_submit.py:579} INFO - 25/08/31 05:11:11 INFO SparkContext: Added JAR file:///opt/spark/external-jars/apache-spark-sql-connector.jar at spark://80647ef95998:33807/jars/apache-spark-sql-connector.jar with timestamp 1756617070074
[2025-08-31T05:11:11.137+0000] {spark_submit.py:579} INFO - 25/08/31 05:11:11 INFO SecurityManager: Changing view acls to: ***
[2025-08-31T05:11:11.138+0000] {spark_submit.py:579} INFO - 25/08/31 05:11:11 INFO SecurityManager: Changing modify acls to: ***
[2025-08-31T05:11:11.139+0000] {spark_submit.py:579} INFO - 25/08/31 05:11:11 INFO SecurityManager: Changing view acls groups to: ***
[2025-08-31T05:11:11.139+0000] {spark_submit.py:579} INFO - 25/08/31 05:11:11 INFO SecurityManager: Changing modify acls groups to: ***
[2025-08-31T05:11:11.139+0000] {spark_submit.py:579} INFO - 25/08/31 05:11:11 INFO SecurityManager: SecurityManager: authentication disabled; ui acls disabled; users with view permissions: *** groups with view permissions: EMPTY; users with modify permissions: ***; groups with modify permissions: EMPTY; RPC SSL disabled
[2025-08-31T05:11:11.281+0000] {spark_submit.py:579} INFO - 25/08/31 05:11:11 INFO StandaloneAppClient$ClientEndpoint: Connecting to master spark://spark-master:7077...
[2025-08-31T05:11:11.326+0000] {spark_submit.py:579} INFO - 25/08/31 05:11:11 INFO TransportClientFactory: Successfully created connection to spark-master/172.18.0.3:7077 after 23 ms (0 ms spent in bootstraps)
[2025-08-31T05:11:11.562+0000] {spark_submit.py:579} INFO - 25/08/31 05:11:11 INFO StandaloneSchedulerBackend: Connected to Spark cluster with app ID app-20250831051111-0000
[2025-08-31T05:11:11.570+0000] {spark_submit.py:579} INFO - 25/08/31 05:11:11 INFO Utils: Successfully started service 'org.apache.spark.network.netty.NettyBlockTransferService' on port 36179.
[2025-08-31T05:11:11.570+0000] {spark_submit.py:579} INFO - 25/08/31 05:11:11 INFO NettyBlockTransferService: Server created on 80647ef95998:36179
[2025-08-31T05:11:11.572+0000] {spark_submit.py:579} INFO - 25/08/31 05:11:11 INFO BlockManager: Using org.apache.spark.storage.RandomBlockReplicationPolicy for block replication policy
[2025-08-31T05:11:11.588+0000] {spark_submit.py:579} INFO - 25/08/31 05:11:11 INFO BlockManagerMaster: Registering BlockManager BlockManagerId(driver, 80647ef95998, 36179, None)
[2025-08-31T05:11:11.593+0000] {spark_submit.py:579} INFO - 25/08/31 05:11:11 INFO BlockManagerMasterEndpoint: Registering block manager 80647ef95998:36179 with 434.4 MiB RAM, BlockManagerId(driver, 80647ef95998, 36179, None)
[2025-08-31T05:11:11.595+0000] {spark_submit.py:579} INFO - 25/08/31 05:11:11 INFO BlockManagerMaster: Registered BlockManager BlockManagerId(driver, 80647ef95998, 36179, None)
[2025-08-31T05:11:11.596+0000] {spark_submit.py:579} INFO - 25/08/31 05:11:11 INFO BlockManager: Initialized BlockManager: BlockManagerId(driver, 80647ef95998, 36179, None)
[2025-08-31T05:11:11.632+0000] {spark_submit.py:579} INFO - 25/08/31 05:11:11 INFO StandaloneAppClient$ClientEndpoint: Executor added: app-20250831051111-0000/0 on worker-20250831045946-172.18.0.5-39657 (172.18.0.5:39657) with 2 core(s)
[2025-08-31T05:11:11.634+0000] {spark_submit.py:579} INFO - 25/08/31 05:11:11 INFO StandaloneSchedulerBackend: Granted executor ID app-20250831051111-0000/0 on hostPort 172.18.0.5:39657 with 2 core(s), 1024.0 MiB RAM
[2025-08-31T05:11:11.731+0000] {spark_submit.py:579} INFO - 25/08/31 05:11:11 INFO StandaloneSchedulerBackend: SchedulerBackend is ready for scheduling beginning after reached minRegisteredResourcesRatio: 0.0
[2025-08-31T05:11:12.019+0000] {spark_submit.py:579} INFO - 25/08/31 05:11:12 INFO StandaloneAppClient$ClientEndpoint: Executor updated: app-20250831051111-0000/0 is now RUNNING
[2025-08-31T05:11:14.655+0000] {spark_submit.py:579} INFO - 25/08/31 05:11:14 INFO StandaloneSchedulerBackend$StandaloneDriverEndpoint: Registered executor NettyRpcEndpointRef(spark-client://Executor) (172.18.0.5:40398) with ID 0, ResourceProfileId 0
[2025-08-31T05:11:14.794+0000] {spark_submit.py:579} INFO - 25/08/31 05:11:14 INFO BlockManagerMasterEndpoint: Registering block manager 172.18.0.5:35437 with 434.4 MiB RAM, BlockManagerId(0, 172.18.0.5, 35437, None)
[2025-08-31T05:11:15.732+0000] {spark_submit.py:579} INFO - dict_keys(['daily', 'daily960', 'live_rapid', 'live_blitz', 'live_bullet', 'live_bughouse', 'live_blitz960', 'live_threecheck', 'live_crazyhouse', 'tactics', 'rush', 'battle'])
[2025-08-31T05:11:16.078+0000] {spark_submit.py:579} INFO - 25/08/31 05:11:16 INFO SharedState: Setting hive.metastore.warehouse.dir ('null') to the value of spark.sql.warehouse.dir.
[2025-08-31T05:11:16.080+0000] {spark_submit.py:579} INFO - 25/08/31 05:11:16 INFO SharedState: Warehouse path is 'file:/opt/***/spark-warehouse'.
[2025-08-31T05:11:32.501+0000] {spark_submit.py:579} INFO - Traceback (most recent call last):
[2025-08-31T05:11:32.501+0000] {spark_submit.py:579} INFO - File "/opt/***/jobs/python/wordcountjob.py", line 202, in <module>
[2025-08-31T05:11:32.504+0000] {spark_submit.py:579} INFO - write_data(daily,"daily")
[2025-08-31T05:11:32.504+0000] {spark_submit.py:579} INFO - File "/opt/***/jobs/python/wordcountjob.py", line 198, in write_data
[2025-08-31T05:11:32.507+0000] {spark_submit.py:579} INFO - df.write.mode("overwrite").jdbc(url=jdbc_url, table=f"cs.{table}", properties=properties)
[2025-08-31T05:11:32.507+0000] {spark_submit.py:579} INFO - File "/home/***/.local/lib/python3.10/site-packages/pyspark/python/lib/pyspark.zip/pyspark/sql/readwriter.py", line 2347, in jdbc
[2025-08-31T05:11:32.508+0000] {spark_submit.py:579} INFO - File "/home/***/.local/lib/python3.10/site-packages/pyspark/python/lib/py4j-0.10.9.9-src.zip/py4j/java_gateway.py", line 1362, in __call__
[2025-08-31T05:11:32.508+0000] {spark_submit.py:579} INFO - File "/home/***/.local/lib/python3.10/site-packages/pyspark/python/lib/pyspark.zip/pyspark/errors/exceptions/captured.py", line 282, in deco
[2025-08-31T05:11:32.509+0000] {spark_submit.py:579} INFO - File "/home/***/.local/lib/python3.10/site-packages/pyspark/python/lib/py4j-0.10.9.9-src.zip/py4j/protocol.py", line 327, in get_return_value
[2025-08-31T05:11:32.553+0000] {spark_submit.py:579} INFO - py4j.protocol.Py4JJavaError: An error occurred while calling o308.jdbc.
[2025-08-31T05:11:32.555+0000] {spark_submit.py:579} INFO - : com.microsoft.sqlserver.jdbc.SQLServerException: The TCP/IP connection to the host host.docker.internal, port 1433 has failed. Error: "Connection refused. Verify the connection properties. Make sure that an instance of SQL Server is running on the host and accepting TCP/IP connections at the port. Make sure that TCP connections to the port are not blocked by a firewall.".
[2025-08-31T05:11:32.556+0000] {spark_submit.py:579} INFO - at com.microsoft.sqlserver.jdbc.SQLServerException.makeFromDriverError(SQLServerException.java:228)
[2025-08-31T05:11:32.557+0000] {spark_submit.py:579} INFO - at com.microsoft.sqlserver.jdbc.SQLServerException.ConvertConnectExceptionToSQLServerException(SQLServerException.java:279)
[2025-08-31T05:11:32.557+0000] {spark_submit.py:579} INFO - at com.microsoft.sqlserver.jdbc.SocketFinder.findSocket(IOBuffer.java:2431)
[2025-08-31T05:11:32.557+0000] {spark_submit.py:579} INFO - at com.microsoft.sqlserver.jdbc.TDSChannel.open(IOBuffer.java:656)
[2025-08-31T05:11:32.558+0000] {spark_submit.py:579} INFO - at com.microsoft.sqlserver.jdbc.SQLServerConnection.connectHelper(SQLServerConnection.java:2440)
[2025-08-31T05:11:32.558+0000] {spark_submit.py:579} INFO - at com.microsoft.sqlserver.jdbc.SQLServerConnection.login(SQLServerConnection.java:2103)
[2025-08-31T05:11:32.558+0000] {spark_submit.py:579} INFO - at com.microsoft.sqlserver.jdbc.SQLServerConnection.connectInternal(SQLServerConnection.java:1950)
[2025-08-31T05:11:32.559+0000] {spark_submit.py:579} INFO - at com.microsoft.sqlserver.jdbc.SQLServerConnection.connect(SQLServerConnection.java:1162)
[2025-08-31T05:11:32.559+0000] {spark_submit.py:579} INFO - at com.microsoft.sqlserver.jdbc.SQLServerDriver.connect(SQLServerDriver.java:735)
[2025-08-31T05:11:32.560+0000] {spark_submit.py:579} INFO - at org.apache.spark.sql.execution.datasources.jdbc.connection.BasicConnectionProvider.getConnection(BasicConnectionProvider.scala:50)
[2025-08-31T05:11:32.560+0000] {spark_submit.py:579} INFO - at org.apache.spark.sql.execution.datasources.jdbc.connection.ConnectionProviderBase.create(ConnectionProvider.scala:102)
[2025-08-31T05:11:32.560+0000] {spark_submit.py:579} INFO - at org.apache.spark.sql.jdbc.JdbcDialect.$anonfun$createConnectionFactory$1(JdbcDialects.scala:235)
[2025-08-31T05:11:32.561+0000] {spark_submit.py:579} INFO - at org.apache.spark.sql.jdbc.JdbcDialect.$anonfun$createConnectionFactory$1$adapted(JdbcDialects.scala:231)
[2025-08-31T05:11:32.561+0000] {spark_submit.py:579} INFO - at org.apache.spark.sql.execution.datasources.jdbc.JdbcRelationProvider.createRelation(JdbcRelationProvider.scala:51)
[2025-08-31T05:11:32.562+0000] {spark_submit.py:579} INFO - at org.apache.spark.sql.execution.datasources.SaveIntoDataSourceCommand.run(SaveIntoDataSourceCommand.scala:55)
[2025-08-31T05:11:32.562+0000] {spark_submit.py:579} INFO - at org.apache.spark.sql.execution.command.ExecutedCommandExec.sideEffectResult$lzycompute(commands.scala:79)
[2025-08-31T05:11:32.562+0000] {spark_submit.py:579} INFO - at org.apache.spark.sql.execution.command.ExecutedCommandExec.sideEffectResult(commands.scala:77)
[2025-08-31T05:11:32.562+0000] {spark_submit.py:579} INFO - at org.apache.spark.sql.execution.command.ExecutedCommandExec.executeCollect(commands.scala:88)
[2025-08-31T05:11:32.563+0000] {spark_submit.py:579} INFO - at org.apache.spark.sql.execution.QueryExecution.$anonfun$eagerlyExecuteCommands$2(QueryExecution.scala:155)
[2025-08-31T05:11:32.563+0000] {spark_submit.py:579} INFO - at org.apache.spark.sql.execution.SQLExecution$.$anonfun$withNewExecutionId0$8(SQLExecution.scala:162)
[2025-08-31T05:11:32.563+0000] {spark_submit.py:579} INFO - at org.apache.spark.sql.execution.SQLExecution$.withSessionTagsApplied(SQLExecution.scala:268)
[2025-08-31T05:11:32.563+0000] {spark_submit.py:579} INFO - at org.apache.spark.sql.execution.SQLExecution$.$anonfun$withNewExecutionId0$7(SQLExecution.scala:124)
[2025-08-31T05:11:32.563+0000] {spark_submit.py:579} INFO - at org.apache.spark.JobArtifactSet$.withActiveJobArtifactState(JobArtifactSet.scala:94)
[2025-08-31T05:11:32.564+0000] {spark_submit.py:579} INFO - at org.apache.spark.sql.artifact.ArtifactManager.$anonfun$withResources$1(ArtifactManager.scala:112)
[2025-08-31T05:11:32.564+0000] {spark_submit.py:579} INFO - at org.apache.spark.sql.artifact.ArtifactManager.withClassLoaderIfNeeded(ArtifactManager.scala:106)
[2025-08-31T05:11:32.564+0000] {spark_submit.py:579} INFO - at org.apache.spark.sql.artifact.ArtifactManager.withResources(ArtifactManager.scala:111)
[2025-08-31T05:11:32.564+0000] {spark_submit.py:579} INFO - at org.apache.spark.sql.execution.SQLExecution$.$anonfun$withNewExecutionId0$6(SQLExecution.scala:124)
[2025-08-31T05:11:32.564+0000] {spark_submit.py:579} INFO - at org.apache.spark.sql.execution.SQLExecution$.withSQLConfPropagated(SQLExecution.scala:291)
[2025-08-31T05:11:32.565+0000] {spark_submit.py:579} INFO - at org.apache.spark.sql.execution.SQLExecution$.$anonfun$withNewExecutionId0$1(SQLExecution.scala:123)
[2025-08-31T05:11:32.565+0000] {spark_submit.py:579} INFO - at org.apache.spark.sql.SparkSession.withActive(SparkSession.scala:804)
[2025-08-31T05:11:32.565+0000] {spark_submit.py:579} INFO - at org.apache.spark.sql.execution.SQLExecution$.withNewExecutionId0(SQLExecution.scala:77)
[2025-08-31T05:11:32.565+0000] {spark_submit.py:579} INFO - at org.apache.spark.sql.execution.SQLExecution$.withNewExecutionId(SQLExecution.scala:233)
[2025-08-31T05:11:32.565+0000] {spark_submit.py:579} INFO - at org.apache.spark.sql.execution.QueryExecution.$anonfun$eagerlyExecuteCommands$1(QueryExecution.scala:155)
[2025-08-31T05:11:32.565+0000] {spark_submit.py:579} INFO - at org.apache.spark.sql.execution.QueryExecution$.withInternalError(QueryExecution.scala:654)
[2025-08-31T05:11:32.566+0000] {spark_submit.py:579} INFO - at org.apache.spark.sql.execution.QueryExecution.org$apache$spark$sql$execution$QueryExecution$$eagerlyExecute$1(QueryExecution.scala:154)
[2025-08-31T05:11:32.566+0000] {spark_submit.py:579} INFO - at org.apache.spark.sql.execution.QueryExecution$$anonfun$eagerlyExecuteCommands$3.applyOrElse(QueryExecution.scala:169)
[2025-08-31T05:11:32.566+0000] {spark_submit.py:579} INFO - at org.apache.spark.sql.execution.QueryExecution$$anonfun$eagerlyExecuteCommands$3.applyOrElse(QueryExecution.scala:164)
[2025-08-31T05:11:32.566+0000] {spark_submit.py:579} INFO - at org.apache.spark.sql.catalyst.trees.TreeNode.$anonfun$transformDownWithPruning$1(TreeNode.scala:470)
[2025-08-31T05:11:32.566+0000] {spark_submit.py:579} INFO - at org.apache.spark.sql.catalyst.trees.CurrentOrigin$.withOrigin(origin.scala:86)
[2025-08-31T05:11:32.567+0000] {spark_submit.py:579} INFO - at org.apache.spark.sql.catalyst.trees.TreeNode.transformDownWithPruning(TreeNode.scala:470)
[2025-08-31T05:11:32.567+0000] {spark_submit.py:579} INFO - at org.apache.spark.sql.catalyst.plans.logical.LogicalPlan.org$apache$spark$sql$catalyst$plans$logical$AnalysisHelper$$super$transformDownWithPruning(LogicalPlan.scala:37)
[2025-08-31T05:11:32.567+0000] {spark_submit.py:579} INFO - at org.apache.spark.sql.catalyst.plans.logical.AnalysisHelper.transformDownWithPruning(AnalysisHelper.scala:360)
[2025-08-31T05:11:32.567+0000] {spark_submit.py:579} INFO - at org.apache.spark.sql.catalyst.plans.logical.AnalysisHelper.transformDownWithPruning$(AnalysisHelper.scala:356)
[2025-08-31T05:11:32.567+0000] {spark_submit.py:579} INFO - at org.apache.spark.sql.catalyst.plans.logical.LogicalPlan.transformDownWithPruning(LogicalPlan.scala:37)
[2025-08-31T05:11:32.568+0000] {spark_submit.py:579} INFO - at org.apache.spark.sql.catalyst.plans.logical.LogicalPlan.transformDownWithPruning(LogicalPlan.scala:37)
[2025-08-31T05:11:32.568+0000] {spark_submit.py:579} INFO - at org.apache.spark.sql.catalyst.trees.TreeNode.transformDown(TreeNode.scala:446)
[2025-08-31T05:11:32.568+0000] {spark_submit.py:579} INFO - at org.apache.spark.sql.execution.QueryExecution.eagerlyExecuteCommands(QueryExecution.scala:164)
[2025-08-31T05:11:32.568+0000] {spark_submit.py:579} INFO - at org.apache.spark.sql.execution.QueryExecution.$anonfun$lazyCommandExecuted$1(QueryExecution.scala:126)
[2025-08-31T05:11:32.568+0000] {spark_submit.py:579} INFO - at scala.util.Try$.apply(Try.scala:217)
[2025-08-31T05:11:32.569+0000] {spark_submit.py:579} INFO - at org.apache.spark.util.Utils$.doTryWithCallerStacktrace(Utils.scala:1378)
[2025-08-31T05:11:32.569+0000] {spark_submit.py:579} INFO - at org.apache.spark.util.Utils$.getTryWithCallerStacktrace(Utils.scala:1439)
[2025-08-31T05:11:32.569+0000] {spark_submit.py:579} INFO - at org.apache.spark.util.LazyTry.get(LazyTry.scala:58)
[2025-08-31T05:11:32.569+0000] {spark_submit.py:579} INFO - at org.apache.spark.sql.execution.QueryExecution.commandExecuted(QueryExecution.scala:131)
[2025-08-31T05:11:32.569+0000] {spark_submit.py:579} INFO - at org.apache.spark.sql.execution.QueryExecution.assertCommandExecuted(QueryExecution.scala:192)
[2025-08-31T05:11:32.570+0000] {spark_submit.py:579} INFO - at org.apache.spark.sql.classic.DataFrameWriter.runCommand(DataFrameWriter.scala:622)
[2025-08-31T05:11:32.570+0000] {spark_submit.py:579} INFO - at org.apache.spark.sql.classic.DataFrameWriter.saveToV1Source(DataFrameWriter.scala:273)
[2025-08-31T05:11:32.570+0000] {spark_submit.py:579} INFO - at org.apache.spark.sql.classic.DataFrameWriter.saveInternal(DataFrameWriter.scala:241)
[2025-08-31T05:11:32.570+0000] {spark_submit.py:579} INFO - at org.apache.spark.sql.classic.DataFrameWriter.save(DataFrameWriter.scala:126)
[2025-08-31T05:11:32.570+0000] {spark_submit.py:579} INFO - at org.apache.spark.sql.DataFrameWriter.jdbc(DataFrameWriter.scala:334)
[2025-08-31T05:11:32.571+0000] {spark_submit.py:579} INFO - at java.base/jdk.internal.reflect.NativeMethodAccessorImpl.invoke0(Native Method)
[2025-08-31T05:11:32.571+0000] {spark_submit.py:579} INFO - at java.base/jdk.internal.reflect.NativeMethodAccessorImpl.invoke(NativeMethodAccessorImpl.java:77)
[2025-08-31T05:11:32.571+0000] {spark_submit.py:579} INFO - at java.base/jdk.internal.reflect.DelegatingMethodAccessorImpl.invoke(DelegatingMethodAccessorImpl.java:43)
[2025-08-31T05:11:32.571+0000] {spark_submit.py:579} INFO - at java.base/java.lang.reflect.Method.invoke(Method.java:569)
[2025-08-31T05:11:32.571+0000] {spark_submit.py:579} INFO - at py4j.reflection.MethodInvoker.invoke(MethodInvoker.java:244)
[2025-08-31T05:11:32.572+0000] {spark_submit.py:579} INFO - at py4j.reflection.ReflectionEngine.invoke(ReflectionEngine.java:374)
[2025-08-31T05:11:32.572+0000] {spark_submit.py:579} INFO - at py4j.Gateway.invoke(Gateway.java:282)
[2025-08-31T05:11:32.572+0000] {spark_submit.py:579} INFO - at py4j.commands.AbstractCommand.invokeMethod(AbstractCommand.java:132)
[2025-08-31T05:11:32.572+0000] {spark_submit.py:579} INFO - at py4j.commands.CallCommand.execute(CallCommand.java:79)
[2025-08-31T05:11:32.572+0000] {spark_submit.py:579} INFO - at py4j.ClientServerConnection.waitForCommands(ClientServerConnection.java:184)
[2025-08-31T05:11:32.573+0000] {spark_submit.py:579} INFO - at py4j.ClientServerConnection.run(ClientServerConnection.java:108)
[2025-08-31T05:11:32.573+0000] {spark_submit.py:579} INFO - at java.base/java.lang.Thread.run(Thread.java:840)
[2025-08-31T05:11:32.573+0000] {spark_submit.py:579} INFO - Suppressed: org.apache.spark.util.Utils$OriginalTryStackTraceException: Full stacktrace of original doTryWithCallerStacktrace caller
[2025-08-31T05:11:32.573+0000] {spark_submit.py:579} INFO - at com.microsoft.sqlserver.jdbc.SQLServerException.makeFromDriverError(SQLServerException.java:228)
[2025-08-31T05:11:32.573+0000] {spark_submit.py:579} INFO - at com.microsoft.sqlserver.jdbc.SQLServerException.ConvertConnectExceptionToSQLServerException(SQLServerException.java:279)
[2025-08-31T05:11:32.573+0000] {spark_submit.py:579} INFO - at com.microsoft.sqlserver.jdbc.SocketFinder.findSocket(IOBuffer.java:2431)
[2025-08-31T05:11:32.574+0000] {spark_submit.py:579} INFO - at com.microsoft.sqlserver.jdbc.TDSChannel.open(IOBuffer.java:656)
[2025-08-31T05:11:32.574+0000] {spark_submit.py:579} INFO - at com.microsoft.sqlserver.jdbc.SQLServerConnection.connectHelper(SQLServerConnection.java:2440)
[2025-08-31T05:11:32.574+0000] {spark_submit.py:579} INFO - at com.microsoft.sqlserver.jdbc.SQLServerConnection.login(SQLServerConnection.java:2103)
[2025-08-31T05:11:32.574+0000] {spark_submit.py:579} INFO - at com.microsoft.sqlserver.jdbc.SQLServerConnection.connectInternal(SQLServerConnection.java:1950)
[2025-08-31T05:11:32.574+0000] {spark_submit.py:579} INFO - at com.microsoft.sqlserver.jdbc.SQLServerConnection.connect(SQLServerConnection.java:1162)
[2025-08-31T05:11:32.575+0000] {spark_submit.py:579} INFO - at com.microsoft.sqlserver.jdbc.SQLServerDriver.connect(SQLServerDriver.java:735)
[2025-08-31T05:11:32.575+0000] {spark_submit.py:579} INFO - at org.apache.spark.sql.execution.datasources.jdbc.connection.BasicConnectionProvider.getConnection(BasicConnectionProvider.scala:50)
[2025-08-31T05:11:32.575+0000] {spark_submit.py:579} INFO - at org.apache.spark.sql.execution.datasources.jdbc.connection.ConnectionProviderBase.create(ConnectionProvider.scala:102)
[2025-08-31T05:11:32.575+0000] {spark_submit.py:579} INFO - at org.apache.spark.sql.jdbc.JdbcDialect.$anonfun$createConnectionFactory$1(JdbcDialects.scala:235)
[2025-08-31T05:11:32.576+0000] {spark_submit.py:579} INFO - at org.apache.spark.sql.jdbc.JdbcDialect.$anonfun$createConnectionFactory$1$adapted(JdbcDialects.scala:231)
[2025-08-31T05:11:32.576+0000] {spark_submit.py:579} INFO - at org.apache.spark.sql.execution.datasources.jdbc.JdbcRelationProvider.createRelation(JdbcRelationProvider.scala:51)
[2025-08-31T05:11:32.576+0000] {spark_submit.py:579} INFO - at org.apache.spark.sql.execution.datasources.SaveIntoDataSourceCommand.run(SaveIntoDataSourceCommand.scala:55)
[2025-08-31T05:11:32.576+0000] {spark_submit.py:579} INFO - at org.apache.spark.sql.execution.command.ExecutedCommandExec.sideEffectResult$lzycompute(commands.scala:79)
[2025-08-31T05:11:32.577+0000] {spark_submit.py:579} INFO - at org.apache.spark.sql.execution.command.ExecutedCommandExec.sideEffectResult(commands.scala:77)
[2025-08-31T05:11:32.577+0000] {spark_submit.py:579} INFO - at org.apache.spark.sql.execution.command.ExecutedCommandExec.executeCollect(commands.scala:88)
[2025-08-31T05:11:32.577+0000] {spark_submit.py:579} INFO - at org.apache.spark.sql.execution.QueryExecution.$anonfun$eagerlyExecuteCommands$2(QueryExecution.scala:155)
[2025-08-31T05:11:32.577+0000] {spark_submit.py:579} INFO - at org.apache.spark.sql.execution.SQLExecution$.$anonfun$withNewExecutionId0$8(SQLExecution.scala:162)
[2025-08-31T05:11:32.577+0000] {spark_submit.py:579} INFO - at org.apache.spark.sql.execution.SQLExecution$.withSessionTagsApplied(SQLExecution.scala:268)
[2025-08-31T05:11:32.578+0000] {spark_submit.py:579} INFO - at org.apache.spark.sql.execution.SQLExecution$.$anonfun$withNewExecutionId0$7(SQLExecution.scala:124)
[2025-08-31T05:11:32.578+0000] {spark_submit.py:579} INFO - at org.apache.spark.JobArtifactSet$.withActiveJobArtifactState(JobArtifactSet.scala:94)
[2025-08-31T05:11:32.578+0000] {spark_submit.py:579} INFO - at org.apache.spark.sql.artifact.ArtifactManager.$anonfun$withResources$1(ArtifactManager.scala:112)
[2025-08-31T05:11:32.579+0000] {spark_submit.py:579} INFO - at org.apache.spark.sql.artifact.ArtifactManager.withClassLoaderIfNeeded(ArtifactManager.scala:106)
[2025-08-31T05:11:32.579+0000] {spark_submit.py:579} INFO - at org.apache.spark.sql.artifact.ArtifactManager.withResources(ArtifactManager.scala:111)
[2025-08-31T05:11:32.579+0000] {spark_submit.py:579} INFO - at org.apache.spark.sql.execution.SQLExecution$.$anonfun$withNewExecutionId0$6(SQLExecution.scala:124)
[2025-08-31T05:11:32.579+0000] {spark_submit.py:579} INFO - at org.apache.spark.sql.execution.SQLExecution$.withSQLConfPropagated(SQLExecution.scala:291)
[2025-08-31T05:11:32.580+0000] {spark_submit.py:579} INFO - at org.apache.spark.sql.execution.SQLExecution$.$anonfun$withNewExecutionId0$1(SQLExecution.scala:123)
[2025-08-31T05:11:32.580+0000] {spark_submit.py:579} INFO - at org.apache.spark.sql.SparkSession.withActive(SparkSession.scala:804)
[2025-08-31T05:11:32.580+0000] {spark_submit.py:579} INFO - at org.apache.spark.sql.execution.SQLExecution$.withNewExecutionId0(SQLExecution.scala:77)
[2025-08-31T05:11:32.580+0000] {spark_submit.py:579} INFO - at org.apache.spark.sql.execution.SQLExecution$.withNewExecutionId(SQLExecution.scala:233)
[2025-08-31T05:11:32.580+0000] {spark_submit.py:579} INFO - at org.apache.spark.sql.execution.QueryExecution.$anonfun$eagerlyExecuteCommands$1(QueryExecution.scala:155)
[2025-08-31T05:11:32.580+0000] {spark_submit.py:579} INFO - at org.apache.spark.sql.execution.QueryExecution$.withInternalError(QueryExecution.scala:654)
[2025-08-31T05:11:32.581+0000] {spark_submit.py:579} INFO - at org.apache.spark.sql.execution.QueryExecution.org$apache$spark$sql$execution$QueryExecution$$eagerlyExecute$1(QueryExecution.scala:154)
[2025-08-31T05:11:32.581+0000] {spark_submit.py:579} INFO - at org.apache.spark.sql.execution.QueryExecution$$anonfun$eagerlyExecuteCommands$3.applyOrElse(QueryExecution.scala:169)
[2025-08-31T05:11:32.581+0000] {spark_submit.py:579} INFO - at org.apache.spark.sql.execution.QueryExecution$$anonfun$eagerlyExecuteCommands$3.applyOrElse(QueryExecution.scala:164)
[2025-08-31T05:11:32.581+0000] {spark_submit.py:579} INFO - at org.apache.spark.sql.catalyst.trees.TreeNode.$anonfun$transformDownWithPruning$1(TreeNode.scala:470)
[2025-08-31T05:11:32.581+0000] {spark_submit.py:579} INFO - at org.apache.spark.sql.catalyst.trees.CurrentOrigin$.withOrigin(origin.scala:86)
[2025-08-31T05:11:32.582+0000] {spark_submit.py:579} INFO - at org.apache.spark.sql.catalyst.trees.TreeNode.transformDownWithPruning(TreeNode.scala:470)
[2025-08-31T05:11:32.582+0000] {spark_submit.py:579} INFO - at org.apache.spark.sql.catalyst.plans.logical.LogicalPlan.org$apache$spark$sql$catalyst$plans$logical$AnalysisHelper$$super$transformDownWithPruning(LogicalPlan.scala:37)
[2025-08-31T05:11:32.582+0000] {spark_submit.py:579} INFO - at org.apache.spark.sql.catalyst.plans.logical.AnalysisHelper.transformDownWithPruning(AnalysisHelper.scala:360)
[2025-08-31T05:11:32.582+0000] {spark_submit.py:579} INFO - at org.apache.spark.sql.catalyst.plans.logical.AnalysisHelper.transformDownWithPruning$(AnalysisHelper.scala:356)
[2025-08-31T05:11:32.582+0000] {spark_submit.py:579} INFO - at org.apache.spark.sql.catalyst.plans.logical.LogicalPlan.transformDownWithPruning(LogicalPlan.scala:37)
[2025-08-31T05:11:32.583+0000] {spark_submit.py:579} INFO - at org.apache.spark.sql.catalyst.plans.logical.LogicalPlan.transformDownWithPruning(LogicalPlan.scala:37)
[2025-08-31T05:11:32.583+0000] {spark_submit.py:579} INFO - at org.apache.spark.sql.catalyst.trees.TreeNode.transformDown(TreeNode.scala:446)
[2025-08-31T05:11:32.583+0000] {spark_submit.py:579} INFO - at org.apache.spark.sql.execution.QueryExecution.eagerlyExecuteCommands(QueryExecution.scala:164)
[2025-08-31T05:11:32.583+0000] {spark_submit.py:579} INFO - at org.apache.spark.sql.execution.QueryExecution.$anonfun$lazyCommandExecuted$1(QueryExecution.scala:126)
[2025-08-31T05:11:32.583+0000] {spark_submit.py:579} INFO - at scala.util.Try$.apply(Try.scala:217)
[2025-08-31T05:11:32.583+0000] {spark_submit.py:579} INFO - at org.apache.spark.util.Utils$.doTryWithCallerStacktrace(Utils.scala:1378)
[2025-08-31T05:11:32.584+0000] {spark_submit.py:579} INFO - at org.apache.spark.util.LazyTry.tryT$lzycompute(LazyTry.scala:46)
[2025-08-31T05:11:32.584+0000] {spark_submit.py:579} INFO - at org.apache.spark.util.LazyTry.tryT(LazyTry.scala:46)
[2025-08-31T05:11:32.584+0000] {spark_submit.py:579} INFO - ... 20 more
[2025-08-31T05:11:32.584+0000] {spark_submit.py:579} INFO - 
[2025-08-31T05:11:32.665+0000] {spark_submit.py:579} INFO - 25/08/31 05:11:32 INFO SparkContext: Invoking stop() from shutdown hook
[2025-08-31T05:11:32.666+0000] {spark_submit.py:579} INFO - 25/08/31 05:11:32 INFO SparkContext: SparkContext is stopping with exitCode 0 from run at Executors.java:539.
[2025-08-31T05:11:32.675+0000] {spark_submit.py:579} INFO - 25/08/31 05:11:32 INFO SparkUI: Stopped Spark web UI at http://80647ef95998:4040
[2025-08-31T05:11:32.677+0000] {spark_submit.py:579} INFO - 25/08/31 05:11:32 INFO StandaloneSchedulerBackend: Shutting down all executors
[2025-08-31T05:11:32.678+0000] {spark_submit.py:579} INFO - 25/08/31 05:11:32 INFO StandaloneSchedulerBackend$StandaloneDriverEndpoint: Asking each executor to shut down
[2025-08-31T05:11:32.692+0000] {spark_submit.py:579} INFO - 25/08/31 05:11:32 INFO MapOutputTrackerMasterEndpoint: MapOutputTrackerMasterEndpoint stopped!
[2025-08-31T05:11:32.713+0000] {spark_submit.py:579} INFO - 25/08/31 05:11:32 INFO MemoryStore: MemoryStore started with capacity 434.4 MiB
[2025-08-31T05:11:32.714+0000] {spark_submit.py:579} INFO - 25/08/31 05:11:32 INFO MemoryStore: MemoryStore cleared
[2025-08-31T05:11:32.714+0000] {spark_submit.py:579} INFO - 25/08/31 05:11:32 INFO BlockManager: BlockManager stopped
[2025-08-31T05:11:32.718+0000] {spark_submit.py:579} INFO - 25/08/31 05:11:32 INFO BlockManagerMaster: BlockManagerMaster stopped
[2025-08-31T05:11:32.720+0000] {spark_submit.py:579} INFO - 25/08/31 05:11:32 INFO OutputCommitCoordinator$OutputCommitCoordinatorEndpoint: OutputCommitCoordinator stopped!
[2025-08-31T05:11:32.730+0000] {spark_submit.py:579} INFO - 25/08/31 05:11:32 INFO SparkContext: Successfully stopped SparkContext
[2025-08-31T05:11:32.731+0000] {spark_submit.py:579} INFO - 25/08/31 05:11:32 INFO ShutdownHookManager: Shutdown hook called
[2025-08-31T05:11:32.732+0000] {spark_submit.py:579} INFO - 25/08/31 05:11:32 INFO ShutdownHookManager: Deleting directory /tmp/spark-93383bba-28dd-470d-9595-e50b393298d3/pyspark-299fd07d-091d-444b-872e-66405f2d96be
[2025-08-31T05:11:32.736+0000] {spark_submit.py:579} INFO - 25/08/31 05:11:32 INFO ShutdownHookManager: Deleting directory /tmp/spark-93383bba-28dd-470d-9595-e50b393298d3
[2025-08-31T05:11:32.741+0000] {spark_submit.py:579} INFO - 25/08/31 05:11:32 INFO ShutdownHookManager: Deleting directory /tmp/spark-6b7e1ba7-1917-4391-a6ba-80c8234a61bc
[2025-08-31T05:11:32.746+0000] {spark_submit.py:579} INFO - 25/08/31 05:11:32 INFO ShutdownHookManager: Deleting directory /opt/***/artifacts/spark-3a89e013-95f3-4428-b9cd-10bc7f659f5a
[2025-08-31T05:11:32.793+0000] {taskinstance.py:1935} ERROR - Task failed with exception
Traceback (most recent call last):
  File "/home/airflow/.local/lib/python3.10/site-packages/airflow/providers/apache/spark/operators/spark_submit.py", line 174, in execute
    self._hook.submit(self.application)
  File "/home/airflow/.local/lib/python3.10/site-packages/airflow/providers/apache/spark/hooks/spark_submit.py", line 505, in submit
    raise AirflowException(
airflow.exceptions.AirflowException: Cannot execute: spark-submit --master spark://spark-master:7077 --jars /opt/spark/external-jars/apache-spark-sql-connector.jar --name arrow-spark --deploy-mode client jobs/python/wordcountjob.py. Error code is: 1.
[2025-08-31T05:11:32.797+0000] {taskinstance.py:1398} INFO - Marking task as FAILED. dag_id=sparking_flow, task_id=python_job, execution_date=20250831T051058, start_date=20250831T051103, end_date=20250831T051132
[2025-08-31T05:11:32.806+0000] {standard_task_runner.py:104} ERROR - Failed to execute job 33 for task python_job (Cannot execute: spark-submit --master spark://spark-master:7077 --jars /opt/spark/external-jars/apache-spark-sql-connector.jar --name arrow-spark --deploy-mode client jobs/python/wordcountjob.py. Error code is: 1.; 1087)
[2025-08-31T05:11:32.851+0000] {local_task_job_runner.py:228} INFO - Task exited with return code 1
[2025-08-31T05:11:32.870+0000] {taskinstance.py:2776} INFO - 0 downstream tasks scheduled from follow-on schedule check
