[2025-08-12T15:34:14.202+0000] {taskinstance.py:1157} INFO - Dependencies all met for dep_context=non-requeueable deps ti=<TaskInstance: sparking_flow.python_job manual__2025-08-12T15:34:07.987731+00:00 [queued]>
[2025-08-12T15:34:14.208+0000] {taskinstance.py:1157} INFO - Dependencies all met for dep_context=requeueable deps ti=<TaskInstance: sparking_flow.python_job manual__2025-08-12T15:34:07.987731+00:00 [queued]>
[2025-08-12T15:34:14.209+0000] {taskinstance.py:1359} INFO - Starting attempt 1 of 1
[2025-08-12T15:34:14.220+0000] {taskinstance.py:1380} INFO - Executing <Task(SparkSubmitOperator): python_job> on 2025-08-12 15:34:07.987731+00:00
[2025-08-12T15:34:14.226+0000] {standard_task_runner.py:57} INFO - Started process 7318 to run task
[2025-08-12T15:34:14.229+0000] {standard_task_runner.py:84} INFO - Running: ['***', 'tasks', 'run', 'sparking_flow', 'python_job', 'manual__2025-08-12T15:34:07.987731+00:00', '--job-id', '11', '--raw', '--subdir', 'DAGS_FOLDER/spark_***.py', '--cfg-path', '/tmp/tmpoeamu3e6']
[2025-08-12T15:34:14.231+0000] {standard_task_runner.py:85} INFO - Job 11: Subtask python_job
[2025-08-12T15:34:14.301+0000] {task_command.py:415} INFO - Running <TaskInstance: sparking_flow.python_job manual__2025-08-12T15:34:07.987731+00:00 [running]> on host cd1679119d2d
[2025-08-12T15:34:14.383+0000] {taskinstance.py:1660} INFO - Exporting env vars: AIRFLOW_CTX_DAG_OWNER='Yusuf Ganiyu' AIRFLOW_CTX_DAG_ID='sparking_flow' AIRFLOW_CTX_TASK_ID='python_job' AIRFLOW_CTX_EXECUTION_DATE='2025-08-12T15:34:07.987731+00:00' AIRFLOW_CTX_TRY_NUMBER='1' AIRFLOW_CTX_DAG_RUN_ID='manual__2025-08-12T15:34:07.987731+00:00'
[2025-08-12T15:34:14.397+0000] {base.py:73} INFO - Using connection ID 'spark-conn' for task execution.
[2025-08-12T15:34:14.398+0000] {spark_submit.py:403} INFO - Spark-Submit cmd: spark-submit --master spark://spark-master:7077 --jars /opt/spark/external-jars/apache-spark-sql-connector.jar --name arrow-spark --deploy-mode client jobs/python/wordcountjob.py
[2025-08-12T15:34:15.396+0000] {spark_submit.py:579} INFO - WARNING: Using incubator modules: jdk.incubator.vector
[2025-08-12T15:34:17.434+0000] {spark_submit.py:579} INFO - 25/08/12 15:34:17 WARN NativeCodeLoader: Unable to load native-hadoop library for your platform... using builtin-java classes where applicable
[2025-08-12T15:34:20.518+0000] {spark_submit.py:579} INFO - Using Spark's default log4j profile: org/apache/spark/log4j2-defaults.properties
[2025-08-12T15:34:20.525+0000] {spark_submit.py:579} INFO - 25/08/12 15:34:20 INFO SparkContext: Running Spark version 4.0.0
[2025-08-12T15:34:20.527+0000] {spark_submit.py:579} INFO - 25/08/12 15:34:20 INFO SparkContext: OS info Linux, 6.6.87.2-microsoft-standard-WSL2, amd64
[2025-08-12T15:34:20.528+0000] {spark_submit.py:579} INFO - 25/08/12 15:34:20 INFO SparkContext: Java version 17.0.15
[2025-08-12T15:34:20.556+0000] {spark_submit.py:579} INFO - 25/08/12 15:34:20 INFO ResourceUtils: ==============================================================
[2025-08-12T15:34:20.556+0000] {spark_submit.py:579} INFO - 25/08/12 15:34:20 INFO ResourceUtils: No custom resources configured for spark.driver.
[2025-08-12T15:34:20.556+0000] {spark_submit.py:579} INFO - 25/08/12 15:34:20 INFO ResourceUtils: ==============================================================
[2025-08-12T15:34:20.557+0000] {spark_submit.py:579} INFO - 25/08/12 15:34:20 INFO SparkContext: Submitted application: PythonWordCount
[2025-08-12T15:34:20.588+0000] {spark_submit.py:579} INFO - 25/08/12 15:34:20 INFO ResourceProfile: Default ResourceProfile created, executor resources: Map(memory -> name: memory, amount: 1024, script: , vendor: , offHeap -> name: offHeap, amount: 0, script: , vendor: ), task resources: Map(cpus -> name: cpus, amount: 1.0)
[2025-08-12T15:34:20.590+0000] {spark_submit.py:579} INFO - 25/08/12 15:34:20 INFO ResourceProfile: Limiting resource is cpu
[2025-08-12T15:34:20.591+0000] {spark_submit.py:579} INFO - 25/08/12 15:34:20 INFO ResourceProfileManager: Added ResourceProfile id: 0
[2025-08-12T15:34:20.646+0000] {spark_submit.py:579} INFO - 25/08/12 15:34:20 INFO SecurityManager: Changing view acls to: ***
[2025-08-12T15:34:20.647+0000] {spark_submit.py:579} INFO - 25/08/12 15:34:20 INFO SecurityManager: Changing modify acls to: ***
[2025-08-12T15:34:20.648+0000] {spark_submit.py:579} INFO - 25/08/12 15:34:20 INFO SecurityManager: Changing view acls groups to: ***
[2025-08-12T15:34:20.648+0000] {spark_submit.py:579} INFO - 25/08/12 15:34:20 INFO SecurityManager: Changing modify acls groups to: ***
[2025-08-12T15:34:20.652+0000] {spark_submit.py:579} INFO - 25/08/12 15:34:20 INFO SecurityManager: SecurityManager: authentication disabled; ui acls disabled; users with view permissions: *** groups with view permissions: EMPTY; users with modify permissions: ***; groups with modify permissions: EMPTY; RPC SSL disabled
[2025-08-12T15:34:20.907+0000] {spark_submit.py:579} INFO - 25/08/12 15:34:20 INFO Utils: Successfully started service 'sparkDriver' on port 34895.
[2025-08-12T15:34:20.942+0000] {spark_submit.py:579} INFO - 25/08/12 15:34:20 INFO SparkEnv: Registering MapOutputTracker
[2025-08-12T15:34:20.953+0000] {spark_submit.py:579} INFO - 25/08/12 15:34:20 INFO SparkEnv: Registering BlockManagerMaster
[2025-08-12T15:34:20.971+0000] {spark_submit.py:579} INFO - 25/08/12 15:34:20 INFO BlockManagerMasterEndpoint: Using org.apache.spark.storage.DefaultTopologyMapper for getting topology information
[2025-08-12T15:34:20.971+0000] {spark_submit.py:579} INFO - 25/08/12 15:34:20 INFO BlockManagerMasterEndpoint: BlockManagerMasterEndpoint up
[2025-08-12T15:34:20.976+0000] {spark_submit.py:579} INFO - 25/08/12 15:34:20 INFO SparkEnv: Registering BlockManagerMasterHeartbeat
[2025-08-12T15:34:21.071+0000] {spark_submit.py:579} INFO - 25/08/12 15:34:21 INFO DiskBlockManager: Created local directory at /tmp/blockmgr-58c0db1d-0c54-487a-99cc-6e6434739fea
[2025-08-12T15:34:21.097+0000] {spark_submit.py:579} INFO - 25/08/12 15:34:21 INFO SparkEnv: Registering OutputCommitCoordinator
[2025-08-12T15:34:21.433+0000] {spark_submit.py:579} INFO - 25/08/12 15:34:21 INFO JettyUtils: Start Jetty 0.0.0.0:4040 for SparkUI
[2025-08-12T15:34:21.577+0000] {spark_submit.py:579} INFO - 25/08/12 15:34:21 INFO Utils: Successfully started service 'SparkUI' on port 4040.
[2025-08-12T15:34:21.634+0000] {spark_submit.py:579} INFO - 25/08/12 15:34:21 INFO SparkContext: Added JAR file:///opt/spark/external-jars/apache-spark-sql-connector.jar at spark://cd1679119d2d:34895/jars/apache-spark-sql-connector.jar with timestamp 1755012860510
[2025-08-12T15:34:21.674+0000] {spark_submit.py:579} INFO - 25/08/12 15:34:21 INFO SecurityManager: Changing view acls to: ***
[2025-08-12T15:34:21.675+0000] {spark_submit.py:579} INFO - 25/08/12 15:34:21 INFO SecurityManager: Changing modify acls to: ***
[2025-08-12T15:34:21.675+0000] {spark_submit.py:579} INFO - 25/08/12 15:34:21 INFO SecurityManager: Changing view acls groups to: ***
[2025-08-12T15:34:21.676+0000] {spark_submit.py:579} INFO - 25/08/12 15:34:21 INFO SecurityManager: Changing modify acls groups to: ***
[2025-08-12T15:34:21.676+0000] {spark_submit.py:579} INFO - 25/08/12 15:34:21 INFO SecurityManager: SecurityManager: authentication disabled; ui acls disabled; users with view permissions: *** groups with view permissions: EMPTY; users with modify permissions: ***; groups with modify permissions: EMPTY; RPC SSL disabled
[2025-08-12T15:34:22.005+0000] {spark_submit.py:579} INFO - 25/08/12 15:34:22 INFO StandaloneAppClient$ClientEndpoint: Connecting to master spark://spark-master:7077...
[2025-08-12T15:34:22.099+0000] {spark_submit.py:579} INFO - 25/08/12 15:34:22 INFO TransportClientFactory: Successfully created connection to spark-master/172.18.0.3:7077 after 52 ms (0 ms spent in bootstraps)
[2025-08-12T15:34:23.142+0000] {spark_submit.py:579} INFO - 25/08/12 15:34:23 INFO StandaloneSchedulerBackend: Connected to Spark cluster with app ID app-20250812153422-0004
[2025-08-12T15:34:23.156+0000] {spark_submit.py:579} INFO - 25/08/12 15:34:23 INFO Utils: Successfully started service 'org.apache.spark.network.netty.NettyBlockTransferService' on port 35269.
[2025-08-12T15:34:23.157+0000] {spark_submit.py:579} INFO - 25/08/12 15:34:23 INFO NettyBlockTransferService: Server created on cd1679119d2d:35269
[2025-08-12T15:34:23.160+0000] {spark_submit.py:579} INFO - 25/08/12 15:34:23 INFO BlockManager: Using org.apache.spark.storage.RandomBlockReplicationPolicy for block replication policy
[2025-08-12T15:34:23.186+0000] {spark_submit.py:579} INFO - 25/08/12 15:34:23 INFO BlockManagerMaster: Registering BlockManager BlockManagerId(driver, cd1679119d2d, 35269, None)
[2025-08-12T15:34:23.196+0000] {spark_submit.py:579} INFO - 25/08/12 15:34:23 INFO BlockManagerMasterEndpoint: Registering block manager cd1679119d2d:35269 with 434.4 MiB RAM, BlockManagerId(driver, cd1679119d2d, 35269, None)
[2025-08-12T15:34:23.199+0000] {spark_submit.py:579} INFO - 25/08/12 15:34:23 INFO BlockManagerMaster: Registered BlockManager BlockManagerId(driver, cd1679119d2d, 35269, None)
[2025-08-12T15:34:23.201+0000] {spark_submit.py:579} INFO - 25/08/12 15:34:23 INFO BlockManager: Initialized BlockManager: BlockManagerId(driver, cd1679119d2d, 35269, None)
[2025-08-12T15:34:23.230+0000] {spark_submit.py:579} INFO - 25/08/12 15:34:23 INFO StandaloneAppClient$ClientEndpoint: Executor added: app-20250812153422-0004/0 on worker-20250812044909-172.18.0.5-44209 (172.18.0.5:44209) with 2 core(s)
[2025-08-12T15:34:23.233+0000] {spark_submit.py:579} INFO - 25/08/12 15:34:23 INFO StandaloneSchedulerBackend: Granted executor ID app-20250812153422-0004/0 on hostPort 172.18.0.5:44209 with 2 core(s), 1024.0 MiB RAM
[2025-08-12T15:34:23.409+0000] {spark_submit.py:579} INFO - 25/08/12 15:34:23 INFO StandaloneSchedulerBackend: SchedulerBackend is ready for scheduling beginning after reached minRegisteredResourcesRatio: 0.0
[2025-08-12T15:34:25.376+0000] {spark_submit.py:579} INFO - 25/08/12 15:34:25 INFO StandaloneAppClient$ClientEndpoint: Executor updated: app-20250812153422-0004/0 is now RUNNING
[2025-08-12T15:34:27.897+0000] {spark_submit.py:579} INFO - dict_keys(['daily', 'daily960', 'live_rapid', 'live_blitz', 'live_bullet', 'live_bughouse', 'live_blitz960', 'live_threecheck', 'live_crazyhouse', 'live_kingofthehill', 'tactics', 'rush', 'battle'])
[2025-08-12T15:34:27.919+0000] {spark_submit.py:579} INFO - 25/08/12 15:34:27 INFO SharedState: Setting hive.metastore.warehouse.dir ('null') to the value of spark.sql.warehouse.dir.
[2025-08-12T15:34:27.922+0000] {spark_submit.py:579} INFO - 25/08/12 15:34:27 INFO SharedState: Warehouse path is 'file:/opt/***/spark-warehouse'.
[2025-08-12T15:34:28.526+0000] {spark_submit.py:579} INFO - 25/08/12 15:34:28 INFO StandaloneSchedulerBackend$StandaloneDriverEndpoint: Registered executor NettyRpcEndpointRef(spark-client://Executor) (172.18.0.5:56106) with ID 0, ResourceProfileId 0
[2025-08-12T15:34:28.707+0000] {spark_submit.py:579} INFO - 25/08/12 15:34:28 INFO BlockManagerMasterEndpoint: Registering block manager 172.18.0.5:42593 with 434.4 MiB RAM, BlockManagerId(0, 172.18.0.5, 42593, None)
[2025-08-12T15:34:30.532+0000] {spark_submit.py:579} INFO - 25/08/12 15:34:30 WARN SparkStringUtils: Truncated the string representation of a plan since it was too large. This behavior can be adjusted by setting 'spark.sql.debug.maxToStringFields'.
[2025-08-12T15:34:30.847+0000] {spark_submit.py:579} INFO - 25/08/12 15:34:30 INFO CodeGenerator: Code generated in 197.62037 ms
[2025-08-12T15:34:30.918+0000] {spark_submit.py:579} INFO - 25/08/12 15:34:30 INFO SparkContext: Starting job: jdbc at NativeMethodAccessorImpl.java:0
[2025-08-12T15:34:30.929+0000] {spark_submit.py:579} INFO - 25/08/12 15:34:30 INFO DAGScheduler: Got job 0 (jdbc at NativeMethodAccessorImpl.java:0) with 2 output partitions
[2025-08-12T15:34:30.931+0000] {spark_submit.py:579} INFO - 25/08/12 15:34:30 INFO DAGScheduler: Final stage: ResultStage 0 (jdbc at NativeMethodAccessorImpl.java:0)
[2025-08-12T15:34:30.932+0000] {spark_submit.py:579} INFO - 25/08/12 15:34:30 INFO DAGScheduler: Parents of final stage: List()
[2025-08-12T15:34:30.934+0000] {spark_submit.py:579} INFO - 25/08/12 15:34:30 INFO DAGScheduler: Missing parents: List()
[2025-08-12T15:34:30.936+0000] {spark_submit.py:579} INFO - 25/08/12 15:34:30 INFO DAGScheduler: Submitting ResultStage 0 (MapPartitionsRDD[23] at jdbc at NativeMethodAccessorImpl.java:0), which has no missing parents
[2025-08-12T15:34:30.995+0000] {spark_submit.py:579} INFO - 25/08/12 15:34:30 INFO MemoryStore: MemoryStore started with capacity 434.4 MiB
[2025-08-12T15:34:31.017+0000] {spark_submit.py:579} INFO - 25/08/12 15:34:31 INFO MemoryStore: Block broadcast_0 stored as values in memory (estimated size 32.4 KiB, free 434.4 MiB)
[2025-08-12T15:34:31.055+0000] {spark_submit.py:579} INFO - 25/08/12 15:34:31 INFO MemoryStore: Block broadcast_0_piece0 stored as bytes in memory (estimated size 13.7 KiB, free 434.4 MiB)
[2025-08-12T15:34:31.062+0000] {spark_submit.py:579} INFO - 25/08/12 15:34:31 INFO SparkContext: Created broadcast 0 from broadcast at DAGScheduler.scala:1676
[2025-08-12T15:34:31.078+0000] {spark_submit.py:579} INFO - 25/08/12 15:34:31 INFO DAGScheduler: Submitting 2 missing tasks from ResultStage 0 (MapPartitionsRDD[23] at jdbc at NativeMethodAccessorImpl.java:0) (first 15 tasks are for partitions Vector(0, 1))
[2025-08-12T15:34:31.088+0000] {spark_submit.py:579} INFO - 25/08/12 15:34:31 INFO TaskSchedulerImpl: Adding task set 0.0 with 2 tasks resource profile 0
[2025-08-12T15:34:31.114+0000] {spark_submit.py:579} INFO - 25/08/12 15:34:31 INFO TaskSetManager: Starting task 0.0 in stage 0.0 (TID 0) (172.18.0.5,executor 0, partition 0, PROCESS_LOCAL, 17627 bytes)
[2025-08-12T15:34:31.117+0000] {spark_submit.py:579} INFO - 25/08/12 15:34:31 INFO TaskSetManager: Starting task 1.0 in stage 0.0 (TID 1) (172.18.0.5,executor 0, partition 1, PROCESS_LOCAL, 17429 bytes)
[2025-08-12T15:34:35.314+0000] {spark_submit.py:579} INFO - 25/08/12 15:34:35 INFO TaskSetManager: Finished task 1.0 in stage 0.0 (TID 1) in 4196 ms on 172.18.0.5 (executor 0) (1/2)
[2025-08-12T15:34:35.315+0000] {spark_submit.py:579} INFO - 25/08/12 15:34:35 INFO TaskSetManager: Finished task 0.0 in stage 0.0 (TID 0) in 4214 ms on 172.18.0.5 (executor 0) (2/2)
[2025-08-12T15:34:35.317+0000] {spark_submit.py:579} INFO - 25/08/12 15:34:35 INFO TaskSchedulerImpl: Removed TaskSet 0.0 whose tasks have all completed, from pool
[2025-08-12T15:34:35.319+0000] {spark_submit.py:579} INFO - 25/08/12 15:34:35 INFO PythonAccumulatorV2: Connected to AccumulatorServer at host: 127.0.0.1 port: 45849
[2025-08-12T15:34:35.324+0000] {spark_submit.py:579} INFO - 25/08/12 15:34:35 INFO DAGScheduler: ResultStage 0 (jdbc at NativeMethodAccessorImpl.java:0) finished in 4372 ms
[2025-08-12T15:34:35.327+0000] {spark_submit.py:579} INFO - 25/08/12 15:34:35 INFO DAGScheduler: Job 0 is finished. Cancelling potential speculative or zombie tasks for this job
[2025-08-12T15:34:35.328+0000] {spark_submit.py:579} INFO - 25/08/12 15:34:35 INFO TaskSchedulerImpl: Canceling stage 0
[2025-08-12T15:34:35.330+0000] {spark_submit.py:579} INFO - 25/08/12 15:34:35 INFO TaskSchedulerImpl: Killing all running tasks in stage 0: Stage finished
[2025-08-12T15:34:35.333+0000] {spark_submit.py:579} INFO - 25/08/12 15:34:35 INFO DAGScheduler: Job 0 finished: jdbc at NativeMethodAccessorImpl.java:0, took 4414.838676 ms
[2025-08-12T15:34:35.453+0000] {spark_submit.py:579} INFO - table daily has been loaded
[2025-08-12T15:34:35.563+0000] {spark_submit.py:579} INFO - 25/08/12 15:34:35 INFO SparkContext: Starting job: jdbc at NativeMethodAccessorImpl.java:0
[2025-08-12T15:34:35.564+0000] {spark_submit.py:579} INFO - 25/08/12 15:34:35 INFO DAGScheduler: Got job 1 (jdbc at NativeMethodAccessorImpl.java:0) with 2 output partitions
[2025-08-12T15:34:35.565+0000] {spark_submit.py:579} INFO - 25/08/12 15:34:35 INFO DAGScheduler: Final stage: ResultStage 1 (jdbc at NativeMethodAccessorImpl.java:0)
[2025-08-12T15:34:35.565+0000] {spark_submit.py:579} INFO - 25/08/12 15:34:35 INFO DAGScheduler: Parents of final stage: List()
[2025-08-12T15:34:35.566+0000] {spark_submit.py:579} INFO - 25/08/12 15:34:35 INFO DAGScheduler: Missing parents: List()
[2025-08-12T15:34:35.566+0000] {spark_submit.py:579} INFO - 25/08/12 15:34:35 INFO DAGScheduler: Submitting ResultStage 1 (MapPartitionsRDD[27] at jdbc at NativeMethodAccessorImpl.java:0), which has no missing parents
[2025-08-12T15:34:35.568+0000] {spark_submit.py:579} INFO - 25/08/12 15:34:35 INFO MemoryStore: Block broadcast_1 stored as values in memory (estimated size 32.5 KiB, free 434.3 MiB)
[2025-08-12T15:34:35.576+0000] {spark_submit.py:579} INFO - 25/08/12 15:34:35 INFO MemoryStore: Block broadcast_1_piece0 stored as bytes in memory (estimated size 13.7 KiB, free 434.3 MiB)
[2025-08-12T15:34:35.579+0000] {spark_submit.py:579} INFO - 25/08/12 15:34:35 INFO SparkContext: Created broadcast 1 from broadcast at DAGScheduler.scala:1676
[2025-08-12T15:34:35.580+0000] {spark_submit.py:579} INFO - 25/08/12 15:34:35 INFO DAGScheduler: Submitting 2 missing tasks from ResultStage 1 (MapPartitionsRDD[27] at jdbc at NativeMethodAccessorImpl.java:0) (first 15 tasks are for partitions Vector(0, 1))
[2025-08-12T15:34:35.581+0000] {spark_submit.py:579} INFO - 25/08/12 15:34:35 INFO TaskSchedulerImpl: Adding task set 1.0 with 2 tasks resource profile 0
[2025-08-12T15:34:35.581+0000] {spark_submit.py:579} INFO - 25/08/12 15:34:35 INFO TaskSetManager: Starting task 0.0 in stage 1.0 (TID 2) (172.18.0.5,executor 0, partition 0, PROCESS_LOCAL, 17948 bytes)
[2025-08-12T15:34:35.582+0000] {spark_submit.py:579} INFO - 25/08/12 15:34:35 INFO TaskSetManager: Starting task 1.0 in stage 1.0 (TID 3) (172.18.0.5,executor 0, partition 1, PROCESS_LOCAL, 17934 bytes)
[2025-08-12T15:34:35.843+0000] {spark_submit.py:579} INFO - 25/08/12 15:34:35 INFO TaskSetManager: Finished task 0.0 in stage 1.0 (TID 2) in 262 ms on 172.18.0.5 (executor 0) (1/2)
[2025-08-12T15:34:35.847+0000] {spark_submit.py:579} INFO - 25/08/12 15:34:35 INFO TaskSetManager: Finished task 1.0 in stage 1.0 (TID 3) in 263 ms on 172.18.0.5 (executor 0) (2/2)
[2025-08-12T15:34:35.847+0000] {spark_submit.py:579} INFO - 25/08/12 15:34:35 INFO TaskSchedulerImpl: Removed TaskSet 1.0 whose tasks have all completed, from pool
[2025-08-12T15:34:35.847+0000] {spark_submit.py:579} INFO - 25/08/12 15:34:35 INFO DAGScheduler: ResultStage 1 (jdbc at NativeMethodAccessorImpl.java:0) finished in 279 ms
[2025-08-12T15:34:35.848+0000] {spark_submit.py:579} INFO - 25/08/12 15:34:35 INFO DAGScheduler: Job 1 is finished. Cancelling potential speculative or zombie tasks for this job
[2025-08-12T15:34:35.848+0000] {spark_submit.py:579} INFO - 25/08/12 15:34:35 INFO TaskSchedulerImpl: Canceling stage 1
[2025-08-12T15:34:35.848+0000] {spark_submit.py:579} INFO - 25/08/12 15:34:35 INFO TaskSchedulerImpl: Killing all running tasks in stage 1: Stage finished
[2025-08-12T15:34:35.849+0000] {spark_submit.py:579} INFO - 25/08/12 15:34:35 INFO DAGScheduler: Job 1 finished: jdbc at NativeMethodAccessorImpl.java:0, took 282.517327 ms
[2025-08-12T15:34:35.918+0000] {spark_submit.py:579} INFO - table live_rapid has been loaded
[2025-08-12T15:34:36.019+0000] {spark_submit.py:579} INFO - 25/08/12 15:34:36 INFO SparkContext: Starting job: jdbc at NativeMethodAccessorImpl.java:0
[2025-08-12T15:34:36.020+0000] {spark_submit.py:579} INFO - 25/08/12 15:34:36 INFO DAGScheduler: Got job 2 (jdbc at NativeMethodAccessorImpl.java:0) with 2 output partitions
[2025-08-12T15:34:36.023+0000] {spark_submit.py:579} INFO - 25/08/12 15:34:36 INFO DAGScheduler: Final stage: ResultStage 2 (jdbc at NativeMethodAccessorImpl.java:0)
[2025-08-12T15:34:36.024+0000] {spark_submit.py:579} INFO - 25/08/12 15:34:36 INFO DAGScheduler: Parents of final stage: List()
[2025-08-12T15:34:36.024+0000] {spark_submit.py:579} INFO - 25/08/12 15:34:36 INFO DAGScheduler: Missing parents: List()
[2025-08-12T15:34:36.024+0000] {spark_submit.py:579} INFO - 25/08/12 15:34:36 INFO DAGScheduler: Submitting ResultStage 2 (MapPartitionsRDD[31] at jdbc at NativeMethodAccessorImpl.java:0), which has no missing parents
[2025-08-12T15:34:36.025+0000] {spark_submit.py:579} INFO - 25/08/12 15:34:36 INFO MemoryStore: Block broadcast_2 stored as values in memory (estimated size 32.5 KiB, free 434.3 MiB)
[2025-08-12T15:34:36.032+0000] {spark_submit.py:579} INFO - 25/08/12 15:34:36 INFO MemoryStore: Block broadcast_2_piece0 stored as bytes in memory (estimated size 13.7 KiB, free 434.3 MiB)
[2025-08-12T15:34:36.036+0000] {spark_submit.py:579} INFO - 25/08/12 15:34:36 INFO SparkContext: Created broadcast 2 from broadcast at DAGScheduler.scala:1676
[2025-08-12T15:34:36.037+0000] {spark_submit.py:579} INFO - 25/08/12 15:34:36 INFO DAGScheduler: Submitting 2 missing tasks from ResultStage 2 (MapPartitionsRDD[31] at jdbc at NativeMethodAccessorImpl.java:0) (first 15 tasks are for partitions Vector(0, 1))
[2025-08-12T15:34:36.037+0000] {spark_submit.py:579} INFO - 25/08/12 15:34:36 INFO TaskSchedulerImpl: Adding task set 2.0 with 2 tasks resource profile 0
[2025-08-12T15:34:36.039+0000] {spark_submit.py:579} INFO - 25/08/12 15:34:36 INFO TaskSetManager: Starting task 0.0 in stage 2.0 (TID 4) (172.18.0.5,executor 0, partition 0, PROCESS_LOCAL, 18081 bytes)
[2025-08-12T15:34:36.040+0000] {spark_submit.py:579} INFO - 25/08/12 15:34:36 INFO TaskSetManager: Starting task 1.0 in stage 2.0 (TID 5) (172.18.0.5,executor 0, partition 1, PROCESS_LOCAL, 18094 bytes)
[2025-08-12T15:34:36.307+0000] {spark_submit.py:579} INFO - 25/08/12 15:34:36 INFO TaskSetManager: Finished task 0.0 in stage 2.0 (TID 4) in 269 ms on 172.18.0.5 (executor 0) (1/2)
[2025-08-12T15:34:36.308+0000] {spark_submit.py:579} INFO - 25/08/12 15:34:36 INFO TaskSetManager: Finished task 1.0 in stage 2.0 (TID 5) in 269 ms on 172.18.0.5 (executor 0) (2/2)
[2025-08-12T15:34:36.309+0000] {spark_submit.py:579} INFO - 25/08/12 15:34:36 INFO TaskSchedulerImpl: Removed TaskSet 2.0 whose tasks have all completed, from pool
[2025-08-12T15:34:36.310+0000] {spark_submit.py:579} INFO - 25/08/12 15:34:36 INFO DAGScheduler: ResultStage 2 (jdbc at NativeMethodAccessorImpl.java:0) finished in 288 ms
[2025-08-12T15:34:36.310+0000] {spark_submit.py:579} INFO - 25/08/12 15:34:36 INFO DAGScheduler: Job 2 is finished. Cancelling potential speculative or zombie tasks for this job
[2025-08-12T15:34:36.311+0000] {spark_submit.py:579} INFO - 25/08/12 15:34:36 INFO TaskSchedulerImpl: Canceling stage 2
[2025-08-12T15:34:36.311+0000] {spark_submit.py:579} INFO - 25/08/12 15:34:36 INFO TaskSchedulerImpl: Killing all running tasks in stage 2: Stage finished
[2025-08-12T15:34:36.312+0000] {spark_submit.py:579} INFO - 25/08/12 15:34:36 INFO DAGScheduler: Job 2 finished: jdbc at NativeMethodAccessorImpl.java:0, took 291.930984 ms
[2025-08-12T15:34:36.394+0000] {spark_submit.py:579} INFO - table live_blitz has been loaded
[2025-08-12T15:37:29.168+0000] {spark_submit.py:579} INFO - 25/08/12 15:37:29 INFO SparkContext: Starting job: jdbc at NativeMethodAccessorImpl.java:0
[2025-08-12T15:37:29.170+0000] {spark_submit.py:579} INFO - 25/08/12 15:37:29 INFO DAGScheduler: Got job 3 (jdbc at NativeMethodAccessorImpl.java:0) with 2 output partitions
[2025-08-12T15:37:29.170+0000] {spark_submit.py:579} INFO - 25/08/12 15:37:29 INFO DAGScheduler: Final stage: ResultStage 3 (jdbc at NativeMethodAccessorImpl.java:0)
[2025-08-12T15:37:29.171+0000] {spark_submit.py:579} INFO - 25/08/12 15:37:29 INFO DAGScheduler: Parents of final stage: List()
[2025-08-12T15:37:29.171+0000] {spark_submit.py:579} INFO - 25/08/12 15:37:29 INFO DAGScheduler: Missing parents: List()
[2025-08-12T15:37:29.171+0000] {spark_submit.py:579} INFO - 25/08/12 15:37:29 INFO DAGScheduler: Submitting ResultStage 3 (MapPartitionsRDD[35] at jdbc at NativeMethodAccessorImpl.java:0), which has no missing parents
[2025-08-12T15:37:29.178+0000] {spark_submit.py:579} INFO - 25/08/12 15:37:29 INFO MemoryStore: Block broadcast_3 stored as values in memory (estimated size 32.5 KiB, free 434.3 MiB)
[2025-08-12T15:37:29.190+0000] {spark_submit.py:579} INFO - 25/08/12 15:37:29 INFO MemoryStore: Block broadcast_3_piece0 stored as bytes in memory (estimated size 13.7 KiB, free 434.3 MiB)
[2025-08-12T15:37:29.191+0000] {spark_submit.py:579} INFO - 25/08/12 15:37:29 INFO SparkContext: Created broadcast 3 from broadcast at DAGScheduler.scala:1676
[2025-08-12T15:37:29.193+0000] {spark_submit.py:579} INFO - 25/08/12 15:37:29 INFO DAGScheduler: Submitting 2 missing tasks from ResultStage 3 (MapPartitionsRDD[35] at jdbc at NativeMethodAccessorImpl.java:0) (first 15 tasks are for partitions Vector(0, 1))
[2025-08-12T15:37:29.193+0000] {spark_submit.py:579} INFO - 25/08/12 15:37:29 INFO TaskSchedulerImpl: Adding task set 3.0 with 2 tasks resource profile 0
[2025-08-12T15:37:29.197+0000] {spark_submit.py:579} INFO - 25/08/12 15:37:29 INFO TaskSetManager: Starting task 0.0 in stage 3.0 (TID 6) (172.18.0.5,executor 0, partition 0, PROCESS_LOCAL, 18105 bytes)
[2025-08-12T15:37:29.198+0000] {spark_submit.py:579} INFO - 25/08/12 15:37:29 INFO TaskSetManager: Starting task 1.0 in stage 3.0 (TID 7) (172.18.0.5,executor 0, partition 1, PROCESS_LOCAL, 18042 bytes)
[2025-08-12T15:37:32.551+0000] {spark_submit.py:579} INFO - 25/08/12 15:37:32 INFO TaskSetManager: Finished task 0.0 in stage 3.0 (TID 6) in 3354 ms on 172.18.0.5 (executor 0) (1/2)
[2025-08-12T15:37:32.551+0000] {spark_submit.py:579} INFO - 25/08/12 15:37:32 INFO TaskSetManager: Finished task 1.0 in stage 3.0 (TID 7) in 3354 ms on 172.18.0.5 (executor 0) (2/2)
[2025-08-12T15:37:32.552+0000] {spark_submit.py:579} INFO - 25/08/12 15:37:32 INFO TaskSchedulerImpl: Removed TaskSet 3.0 whose tasks have all completed, from pool
[2025-08-12T15:37:32.552+0000] {spark_submit.py:579} INFO - 25/08/12 15:37:32 INFO DAGScheduler: ResultStage 3 (jdbc at NativeMethodAccessorImpl.java:0) finished in 3380 ms
[2025-08-12T15:37:32.552+0000] {spark_submit.py:579} INFO - 25/08/12 15:37:32 INFO DAGScheduler: Job 3 is finished. Cancelling potential speculative or zombie tasks for this job
[2025-08-12T15:37:32.553+0000] {spark_submit.py:579} INFO - 25/08/12 15:37:32 INFO TaskSchedulerImpl: Canceling stage 3
[2025-08-12T15:37:32.553+0000] {spark_submit.py:579} INFO - 25/08/12 15:37:32 INFO TaskSchedulerImpl: Killing all running tasks in stage 3: Stage finished
[2025-08-12T15:37:32.553+0000] {spark_submit.py:579} INFO - 25/08/12 15:37:32 INFO DAGScheduler: Job 3 finished: jdbc at NativeMethodAccessorImpl.java:0, took 3384.521241 ms
[2025-08-12T15:37:32.633+0000] {spark_submit.py:579} INFO - table live_bullet has been loaded
[2025-08-12T15:37:32.851+0000] {spark_submit.py:579} INFO - 25/08/12 15:37:32 INFO SparkContext: Invoking stop() from shutdown hook
[2025-08-12T15:37:32.853+0000] {spark_submit.py:579} INFO - 25/08/12 15:37:32 INFO SparkContext: SparkContext is stopping with exitCode 0 from run at Executors.java:539.
[2025-08-12T15:37:32.874+0000] {spark_submit.py:579} INFO - 25/08/12 15:37:32 INFO SparkUI: Stopped Spark web UI at http://cd1679119d2d:4040
[2025-08-12T15:37:32.879+0000] {spark_submit.py:579} INFO - 25/08/12 15:37:32 INFO StandaloneSchedulerBackend: Shutting down all executors
[2025-08-12T15:37:32.879+0000] {spark_submit.py:579} INFO - 25/08/12 15:37:32 INFO StandaloneSchedulerBackend$StandaloneDriverEndpoint: Asking each executor to shut down
[2025-08-12T15:37:32.899+0000] {spark_submit.py:579} INFO - 25/08/12 15:37:32 INFO MapOutputTrackerMasterEndpoint: MapOutputTrackerMasterEndpoint stopped!
[2025-08-12T15:37:32.995+0000] {spark_submit.py:579} INFO - 25/08/12 15:37:32 INFO MemoryStore: MemoryStore cleared
[2025-08-12T15:37:32.996+0000] {spark_submit.py:579} INFO - 25/08/12 15:37:32 INFO BlockManager: BlockManager stopped
[2025-08-12T15:37:32.998+0000] {spark_submit.py:579} INFO - 25/08/12 15:37:32 INFO BlockManagerMaster: BlockManagerMaster stopped
[2025-08-12T15:37:33.000+0000] {spark_submit.py:579} INFO - 25/08/12 15:37:33 INFO OutputCommitCoordinator$OutputCommitCoordinatorEndpoint: OutputCommitCoordinator stopped!
[2025-08-12T15:37:33.093+0000] {spark_submit.py:579} INFO - 25/08/12 15:37:33 INFO SparkContext: Successfully stopped SparkContext
[2025-08-12T15:37:33.094+0000] {spark_submit.py:579} INFO - 25/08/12 15:37:33 INFO ShutdownHookManager: Shutdown hook called
[2025-08-12T15:37:33.095+0000] {spark_submit.py:579} INFO - 25/08/12 15:37:33 INFO ShutdownHookManager: Deleting directory /opt/***/artifacts/spark-373c26fb-afe2-419d-98cd-5b06049241d6
[2025-08-12T15:37:33.152+0000] {spark_submit.py:579} INFO - 25/08/12 15:37:33 INFO ShutdownHookManager: Deleting directory /tmp/spark-81c0a814-21af-4bfb-b19a-88f72d372922/pyspark-97c53fc2-26e2-4e61-9e1f-b470be0b3d76
[2025-08-12T15:37:33.207+0000] {spark_submit.py:579} INFO - 25/08/12 15:37:33 INFO ShutdownHookManager: Deleting directory /tmp/spark-c09ca9d1-6565-4e28-9122-4b55e9e0beec
[2025-08-12T15:37:33.253+0000] {spark_submit.py:579} INFO - 25/08/12 15:37:33 INFO ShutdownHookManager: Deleting directory /tmp/spark-81c0a814-21af-4bfb-b19a-88f72d372922
[2025-08-12T15:37:33.961+0000] {taskinstance.py:1398} INFO - Marking task as SUCCESS. dag_id=sparking_flow, task_id=python_job, execution_date=20250812T153407, start_date=20250812T153414, end_date=20250812T153733
[2025-08-12T15:37:34.231+0000] {local_task_job_runner.py:228} INFO - Task exited with return code 0
[2025-08-12T15:37:34.411+0000] {taskinstance.py:2776} INFO - 1 downstream tasks scheduled from follow-on schedule check
