[2025-08-10T09:57:17.055+0000] {taskinstance.py:1157} INFO - Dependencies all met for dep_context=non-requeueable deps ti=<TaskInstance: sparking_flow.python_job manual__2025-08-10T09:57:07.773238+00:00 [queued]>
[2025-08-10T09:57:17.065+0000] {taskinstance.py:1157} INFO - Dependencies all met for dep_context=requeueable deps ti=<TaskInstance: sparking_flow.python_job manual__2025-08-10T09:57:07.773238+00:00 [queued]>
[2025-08-10T09:57:17.066+0000] {taskinstance.py:1359} INFO - Starting attempt 1 of 1
[2025-08-10T09:57:17.077+0000] {taskinstance.py:1380} INFO - Executing <Task(SparkSubmitOperator): python_job> on 2025-08-10 09:57:07.773238+00:00
[2025-08-10T09:57:17.083+0000] {standard_task_runner.py:57} INFO - Started process 332 to run task
[2025-08-10T09:57:17.086+0000] {standard_task_runner.py:84} INFO - Running: ['***', 'tasks', 'run', 'sparking_flow', 'python_job', 'manual__2025-08-10T09:57:07.773238+00:00', '--job-id', '4', '--raw', '--subdir', 'DAGS_FOLDER/spark_***.py', '--cfg-path', '/tmp/tmpg6j3jf9h']
[2025-08-10T09:57:17.088+0000] {standard_task_runner.py:85} INFO - Job 4: Subtask python_job
[2025-08-10T09:57:17.161+0000] {task_command.py:415} INFO - Running <TaskInstance: sparking_flow.python_job manual__2025-08-10T09:57:07.773238+00:00 [running]> on host 08d0cfb138c0
[2025-08-10T09:57:17.289+0000] {taskinstance.py:1660} INFO - Exporting env vars: AIRFLOW_CTX_DAG_OWNER='Yusuf Ganiyu' AIRFLOW_CTX_DAG_ID='sparking_flow' AIRFLOW_CTX_TASK_ID='python_job' AIRFLOW_CTX_EXECUTION_DATE='2025-08-10T09:57:07.773238+00:00' AIRFLOW_CTX_TRY_NUMBER='1' AIRFLOW_CTX_DAG_RUN_ID='manual__2025-08-10T09:57:07.773238+00:00'
[2025-08-10T09:57:17.301+0000] {base.py:73} INFO - Using connection ID 'spark-conn' for task execution.
[2025-08-10T09:57:17.303+0000] {spark_submit.py:403} INFO - Spark-Submit cmd: spark-submit --master sparking-spark-master:7077 --name arrow-spark --deploy-mode client jobs/python/wordcountjob.py
[2025-08-10T09:57:18.733+0000] {spark_submit.py:579} INFO - WARNING: Using incubator modules: jdk.incubator.vector
[2025-08-10T09:57:25.563+0000] {spark_submit.py:579} INFO - Using Spark's default log4j profile: org/apache/spark/log4j2-defaults.properties
[2025-08-10T09:57:25.578+0000] {spark_submit.py:579} INFO - 25/08/10 09:57:25 INFO SparkContext: Running Spark version 4.0.0
[2025-08-10T09:57:25.582+0000] {spark_submit.py:579} INFO - 25/08/10 09:57:25 INFO SparkContext: OS info Linux, 6.6.87.2-microsoft-standard-WSL2, amd64
[2025-08-10T09:57:25.583+0000] {spark_submit.py:579} INFO - 25/08/10 09:57:25 INFO SparkContext: Java version 17.0.15
[2025-08-10T09:57:25.774+0000] {spark_submit.py:579} INFO - 25/08/10 09:57:25 WARN NativeCodeLoader: Unable to load native-hadoop library for your platform... using builtin-java classes where applicable
[2025-08-10T09:57:25.908+0000] {spark_submit.py:579} INFO - 25/08/10 09:57:25 INFO ResourceUtils: ==============================================================
[2025-08-10T09:57:25.909+0000] {spark_submit.py:579} INFO - 25/08/10 09:57:25 INFO ResourceUtils: No custom resources configured for spark.driver.
[2025-08-10T09:57:25.909+0000] {spark_submit.py:579} INFO - 25/08/10 09:57:25 INFO ResourceUtils: ==============================================================
[2025-08-10T09:57:25.910+0000] {spark_submit.py:579} INFO - 25/08/10 09:57:25 INFO SparkContext: Submitted application: PythonWordCount
[2025-08-10T09:57:25.956+0000] {spark_submit.py:579} INFO - 25/08/10 09:57:25 INFO ResourceProfile: Default ResourceProfile created, executor resources: Map(cores -> name: cores, amount: 1, script: , vendor: , memory -> name: memory, amount: 1024, script: , vendor: , offHeap -> name: offHeap, amount: 0, script: , vendor: ), task resources: Map(cpus -> name: cpus, amount: 1.0)
[2025-08-10T09:57:25.960+0000] {spark_submit.py:579} INFO - 25/08/10 09:57:25 INFO ResourceProfile: Limiting resource is cpu
[2025-08-10T09:57:25.962+0000] {spark_submit.py:579} INFO - 25/08/10 09:57:25 INFO ResourceProfileManager: Added ResourceProfile id: 0
[2025-08-10T09:57:26.135+0000] {spark_submit.py:579} INFO - 25/08/10 09:57:26 INFO SecurityManager: Changing view acls to: ***
[2025-08-10T09:57:26.137+0000] {spark_submit.py:579} INFO - 25/08/10 09:57:26 INFO SecurityManager: Changing modify acls to: ***
[2025-08-10T09:57:26.137+0000] {spark_submit.py:579} INFO - 25/08/10 09:57:26 INFO SecurityManager: Changing view acls groups to: ***
[2025-08-10T09:57:26.138+0000] {spark_submit.py:579} INFO - 25/08/10 09:57:26 INFO SecurityManager: Changing modify acls groups to: ***
[2025-08-10T09:57:26.143+0000] {spark_submit.py:579} INFO - 25/08/10 09:57:26 INFO SecurityManager: SecurityManager: authentication disabled; ui acls disabled; users with view permissions: *** groups with view permissions: EMPTY; users with modify permissions: ***; groups with modify permissions: EMPTY; RPC SSL disabled
[2025-08-10T09:57:26.783+0000] {spark_submit.py:579} INFO - 25/08/10 09:57:26 INFO Utils: Successfully started service 'sparkDriver' on port 40803.
[2025-08-10T09:57:26.865+0000] {spark_submit.py:579} INFO - 25/08/10 09:57:26 INFO SparkEnv: Registering MapOutputTracker
[2025-08-10T09:57:26.902+0000] {spark_submit.py:579} INFO - 25/08/10 09:57:26 INFO SparkEnv: Registering BlockManagerMaster
[2025-08-10T09:57:26.941+0000] {spark_submit.py:579} INFO - 25/08/10 09:57:26 INFO BlockManagerMasterEndpoint: Using org.apache.spark.storage.DefaultTopologyMapper for getting topology information
[2025-08-10T09:57:26.943+0000] {spark_submit.py:579} INFO - 25/08/10 09:57:26 INFO BlockManagerMasterEndpoint: BlockManagerMasterEndpoint up
[2025-08-10T09:57:26.947+0000] {spark_submit.py:579} INFO - 25/08/10 09:57:26 INFO SparkEnv: Registering BlockManagerMasterHeartbeat
[2025-08-10T09:57:27.015+0000] {spark_submit.py:579} INFO - 25/08/10 09:57:27 INFO DiskBlockManager: Created local directory at /tmp/blockmgr-aa97346c-ae07-4985-937c-599095d02dd1
[2025-08-10T09:57:27.059+0000] {spark_submit.py:579} INFO - 25/08/10 09:57:27 INFO SparkEnv: Registering OutputCommitCoordinator
[2025-08-10T09:57:27.350+0000] {spark_submit.py:579} INFO - 25/08/10 09:57:27 INFO JettyUtils: Start Jetty 0.0.0.0:4040 for SparkUI
[2025-08-10T09:57:27.537+0000] {spark_submit.py:579} INFO - 25/08/10 09:57:27 INFO Utils: Successfully started service 'SparkUI' on port 4040.
[2025-08-10T09:57:27.606+0000] {spark_submit.py:579} INFO - 25/08/10 09:57:27 INFO SecurityManager: Changing view acls to: ***
[2025-08-10T09:57:27.607+0000] {spark_submit.py:579} INFO - 25/08/10 09:57:27 INFO SecurityManager: Changing modify acls to: ***
[2025-08-10T09:57:27.608+0000] {spark_submit.py:579} INFO - 25/08/10 09:57:27 INFO SecurityManager: Changing view acls groups to: ***
[2025-08-10T09:57:27.608+0000] {spark_submit.py:579} INFO - 25/08/10 09:57:27 INFO SecurityManager: Changing modify acls groups to: ***
[2025-08-10T09:57:27.609+0000] {spark_submit.py:579} INFO - 25/08/10 09:57:27 INFO SecurityManager: SecurityManager: authentication disabled; ui acls disabled; users with view permissions: *** groups with view permissions: EMPTY; users with modify permissions: ***; groups with modify permissions: EMPTY; RPC SSL disabled
[2025-08-10T09:57:27.640+0000] {spark_submit.py:579} INFO - 25/08/10 09:57:27 ERROR SparkContext: Error initializing SparkContext.
[2025-08-10T09:57:27.641+0000] {spark_submit.py:579} INFO - org.apache.spark.SparkException: Could not parse Master URL: 'sparking-spark-master:7077'
[2025-08-10T09:57:27.641+0000] {spark_submit.py:579} INFO - at org.apache.spark.SparkContext$.org$apache$spark$SparkContext$$createTaskScheduler(SparkContext.scala:3358)
[2025-08-10T09:57:27.642+0000] {spark_submit.py:579} INFO - at org.apache.spark.SparkContext.<init>(SparkContext.scala:593)
[2025-08-10T09:57:27.642+0000] {spark_submit.py:579} INFO - at org.apache.spark.api.java.JavaSparkContext.<init>(JavaSparkContext.scala:59)
[2025-08-10T09:57:27.642+0000] {spark_submit.py:579} INFO - at java.base/jdk.internal.reflect.NativeConstructorAccessorImpl.newInstance0(Native Method)
[2025-08-10T09:57:27.643+0000] {spark_submit.py:579} INFO - at java.base/jdk.internal.reflect.NativeConstructorAccessorImpl.newInstance(NativeConstructorAccessorImpl.java:77)
[2025-08-10T09:57:27.643+0000] {spark_submit.py:579} INFO - at java.base/jdk.internal.reflect.DelegatingConstructorAccessorImpl.newInstance(DelegatingConstructorAccessorImpl.java:45)
[2025-08-10T09:57:27.643+0000] {spark_submit.py:579} INFO - at java.base/java.lang.reflect.Constructor.newInstanceWithCaller(Constructor.java:500)
[2025-08-10T09:57:27.644+0000] {spark_submit.py:579} INFO - at java.base/java.lang.reflect.Constructor.newInstance(Constructor.java:481)
[2025-08-10T09:57:27.644+0000] {spark_submit.py:579} INFO - at py4j.reflection.MethodInvoker.invoke(MethodInvoker.java:247)
[2025-08-10T09:57:27.645+0000] {spark_submit.py:579} INFO - at py4j.reflection.ReflectionEngine.invoke(ReflectionEngine.java:374)
[2025-08-10T09:57:27.645+0000] {spark_submit.py:579} INFO - at py4j.Gateway.invoke(Gateway.java:238)
[2025-08-10T09:57:27.646+0000] {spark_submit.py:579} INFO - at py4j.commands.ConstructorCommand.invokeConstructor(ConstructorCommand.java:80)
[2025-08-10T09:57:27.647+0000] {spark_submit.py:579} INFO - at py4j.commands.ConstructorCommand.execute(ConstructorCommand.java:69)
[2025-08-10T09:57:27.647+0000] {spark_submit.py:579} INFO - at py4j.ClientServerConnection.waitForCommands(ClientServerConnection.java:184)
[2025-08-10T09:57:27.648+0000] {spark_submit.py:579} INFO - at py4j.ClientServerConnection.run(ClientServerConnection.java:108)
[2025-08-10T09:57:27.648+0000] {spark_submit.py:579} INFO - at java.base/java.lang.Thread.run(Thread.java:840)
[2025-08-10T09:57:27.649+0000] {spark_submit.py:579} INFO - 25/08/10 09:57:27 INFO SparkContext: SparkContext is stopping with exitCode 0 from JavaSparkContext at NativeConstructorAccessorImpl.java:0.
[2025-08-10T09:57:27.663+0000] {spark_submit.py:579} INFO - 25/08/10 09:57:27 INFO SparkUI: Stopped Spark web UI at http://08d0cfb138c0:4040
[2025-08-10T09:57:27.700+0000] {spark_submit.py:579} INFO - 25/08/10 09:57:27 INFO MapOutputTrackerMasterEndpoint: MapOutputTrackerMasterEndpoint stopped!
[2025-08-10T09:57:27.745+0000] {spark_submit.py:579} INFO - 25/08/10 09:57:27 INFO MemoryStore: MemoryStore started with capacity 434.4 MiB
[2025-08-10T09:57:27.749+0000] {spark_submit.py:579} INFO - 25/08/10 09:57:27 INFO MemoryStore: MemoryStore cleared
[2025-08-10T09:57:27.750+0000] {spark_submit.py:579} INFO - 25/08/10 09:57:27 INFO BlockManager: BlockManager stopped
[2025-08-10T09:57:27.765+0000] {spark_submit.py:579} INFO - 25/08/10 09:57:27 INFO BlockManagerMaster: BlockManagerMaster stopped
[2025-08-10T09:57:27.766+0000] {spark_submit.py:579} INFO - 25/08/10 09:57:27 WARN MetricsSystem: Stopping a MetricsSystem that is not running
[2025-08-10T09:57:27.771+0000] {spark_submit.py:579} INFO - 25/08/10 09:57:27 INFO OutputCommitCoordinator$OutputCommitCoordinatorEndpoint: OutputCommitCoordinator stopped!
[2025-08-10T09:57:27.796+0000] {spark_submit.py:579} INFO - 25/08/10 09:57:27 INFO SparkContext: Successfully stopped SparkContext
[2025-08-10T09:57:27.797+0000] {spark_submit.py:579} INFO - Traceback (most recent call last):
[2025-08-10T09:57:27.797+0000] {spark_submit.py:579} INFO - File "/opt/***/jobs/python/wordcountjob.py", line 3, in <module>
[2025-08-10T09:57:27.800+0000] {spark_submit.py:579} INFO - spark = SparkSession.builder.appName("PythonWordCount").getOrCreate()
[2025-08-10T09:57:27.800+0000] {spark_submit.py:579} INFO - File "/home/***/.local/lib/python3.10/site-packages/pyspark/python/lib/pyspark.zip/pyspark/sql/session.py", line 556, in getOrCreate
[2025-08-10T09:57:27.801+0000] {spark_submit.py:579} INFO - File "/home/***/.local/lib/python3.10/site-packages/pyspark/python/lib/pyspark.zip/pyspark/core/context.py", line 523, in getOrCreate
[2025-08-10T09:57:27.802+0000] {spark_submit.py:579} INFO - File "/home/***/.local/lib/python3.10/site-packages/pyspark/python/lib/pyspark.zip/pyspark/core/context.py", line 207, in __init__
[2025-08-10T09:57:27.802+0000] {spark_submit.py:579} INFO - File "/home/***/.local/lib/python3.10/site-packages/pyspark/python/lib/pyspark.zip/pyspark/core/context.py", line 300, in _do_init
[2025-08-10T09:57:27.803+0000] {spark_submit.py:579} INFO - File "/home/***/.local/lib/python3.10/site-packages/pyspark/python/lib/pyspark.zip/pyspark/core/context.py", line 429, in _initialize_context
[2025-08-10T09:57:27.804+0000] {spark_submit.py:579} INFO - File "/home/***/.local/lib/python3.10/site-packages/pyspark/python/lib/py4j-0.10.9.9-src.zip/py4j/java_gateway.py", line 1627, in __call__
[2025-08-10T09:57:27.804+0000] {spark_submit.py:579} INFO - File "/home/***/.local/lib/python3.10/site-packages/pyspark/python/lib/py4j-0.10.9.9-src.zip/py4j/protocol.py", line 327, in get_return_value
[2025-08-10T09:57:27.806+0000] {spark_submit.py:579} INFO - py4j.protocol.Py4JJavaError: An error occurred while calling None.org.apache.spark.api.java.JavaSparkContext.
[2025-08-10T09:57:27.808+0000] {spark_submit.py:579} INFO - : org.apache.spark.SparkException: Could not parse Master URL: 'sparking-spark-master:7077'
[2025-08-10T09:57:27.808+0000] {spark_submit.py:579} INFO - at org.apache.spark.SparkContext$.org$apache$spark$SparkContext$$createTaskScheduler(SparkContext.scala:3358)
[2025-08-10T09:57:27.809+0000] {spark_submit.py:579} INFO - at org.apache.spark.SparkContext.<init>(SparkContext.scala:593)
[2025-08-10T09:57:27.809+0000] {spark_submit.py:579} INFO - at org.apache.spark.api.java.JavaSparkContext.<init>(JavaSparkContext.scala:59)
[2025-08-10T09:57:27.810+0000] {spark_submit.py:579} INFO - at java.base/jdk.internal.reflect.NativeConstructorAccessorImpl.newInstance0(Native Method)
[2025-08-10T09:57:27.810+0000] {spark_submit.py:579} INFO - at java.base/jdk.internal.reflect.NativeConstructorAccessorImpl.newInstance(NativeConstructorAccessorImpl.java:77)
[2025-08-10T09:57:27.811+0000] {spark_submit.py:579} INFO - at java.base/jdk.internal.reflect.DelegatingConstructorAccessorImpl.newInstance(DelegatingConstructorAccessorImpl.java:45)
[2025-08-10T09:57:27.811+0000] {spark_submit.py:579} INFO - at java.base/java.lang.reflect.Constructor.newInstanceWithCaller(Constructor.java:500)
[2025-08-10T09:57:27.811+0000] {spark_submit.py:579} INFO - at java.base/java.lang.reflect.Constructor.newInstance(Constructor.java:481)
[2025-08-10T09:57:27.812+0000] {spark_submit.py:579} INFO - at py4j.reflection.MethodInvoker.invoke(MethodInvoker.java:247)
[2025-08-10T09:57:27.812+0000] {spark_submit.py:579} INFO - at py4j.reflection.ReflectionEngine.invoke(ReflectionEngine.java:374)
[2025-08-10T09:57:27.812+0000] {spark_submit.py:579} INFO - at py4j.Gateway.invoke(Gateway.java:238)
[2025-08-10T09:57:27.813+0000] {spark_submit.py:579} INFO - at py4j.commands.ConstructorCommand.invokeConstructor(ConstructorCommand.java:80)
[2025-08-10T09:57:27.813+0000] {spark_submit.py:579} INFO - at py4j.commands.ConstructorCommand.execute(ConstructorCommand.java:69)
[2025-08-10T09:57:27.813+0000] {spark_submit.py:579} INFO - at py4j.ClientServerConnection.waitForCommands(ClientServerConnection.java:184)
[2025-08-10T09:57:27.813+0000] {spark_submit.py:579} INFO - at py4j.ClientServerConnection.run(ClientServerConnection.java:108)
[2025-08-10T09:57:27.814+0000] {spark_submit.py:579} INFO - at java.base/java.lang.Thread.run(Thread.java:840)
[2025-08-10T09:57:27.814+0000] {spark_submit.py:579} INFO - 
[2025-08-10T09:57:28.017+0000] {spark_submit.py:579} INFO - 25/08/10 09:57:28 INFO ShutdownHookManager: Shutdown hook called
[2025-08-10T09:57:28.019+0000] {spark_submit.py:579} INFO - 25/08/10 09:57:28 INFO ShutdownHookManager: Deleting directory /tmp/spark-7dae506f-a364-4355-b136-2e72e673ff8d
[2025-08-10T09:57:28.028+0000] {spark_submit.py:579} INFO - 25/08/10 09:57:28 INFO ShutdownHookManager: Deleting directory /tmp/spark-7337f920-7857-474c-9073-a4a974b2c8a2
[2025-08-10T09:57:28.084+0000] {taskinstance.py:1935} ERROR - Task failed with exception
Traceback (most recent call last):
  File "/home/airflow/.local/lib/python3.10/site-packages/airflow/providers/apache/spark/operators/spark_submit.py", line 174, in execute
    self._hook.submit(self.application)
  File "/home/airflow/.local/lib/python3.10/site-packages/airflow/providers/apache/spark/hooks/spark_submit.py", line 505, in submit
    raise AirflowException(
airflow.exceptions.AirflowException: Cannot execute: spark-submit --master sparking-spark-master:7077 --name arrow-spark --deploy-mode client jobs/python/wordcountjob.py. Error code is: 1.
[2025-08-10T09:57:28.094+0000] {taskinstance.py:1398} INFO - Marking task as FAILED. dag_id=sparking_flow, task_id=python_job, execution_date=20250810T095707, start_date=20250810T095717, end_date=20250810T095728
[2025-08-10T09:57:28.117+0000] {standard_task_runner.py:104} ERROR - Failed to execute job 4 for task python_job (Cannot execute: spark-submit --master sparking-spark-master:7077 --name arrow-spark --deploy-mode client jobs/python/wordcountjob.py. Error code is: 1.; 332)
[2025-08-10T09:57:28.173+0000] {local_task_job_runner.py:228} INFO - Task exited with return code 1
[2025-08-10T09:57:28.198+0000] {taskinstance.py:2776} INFO - 0 downstream tasks scheduled from follow-on schedule check
