[2025-08-10T10:03:35.229+0000] {taskinstance.py:1157} INFO - Dependencies all met for dep_context=non-requeueable deps ti=<TaskInstance: sparking_flow.python_job manual__2025-08-10T10:03:32.843260+00:00 [queued]>
[2025-08-10T10:03:35.236+0000] {taskinstance.py:1157} INFO - Dependencies all met for dep_context=requeueable deps ti=<TaskInstance: sparking_flow.python_job manual__2025-08-10T10:03:32.843260+00:00 [queued]>
[2025-08-10T10:03:35.236+0000] {taskinstance.py:1359} INFO - Starting attempt 1 of 1
[2025-08-10T10:03:35.252+0000] {taskinstance.py:1380} INFO - Executing <Task(SparkSubmitOperator): python_job> on 2025-08-10 10:03:32.843260+00:00
[2025-08-10T10:03:35.257+0000] {standard_task_runner.py:57} INFO - Started process 850 to run task
[2025-08-10T10:03:35.261+0000] {standard_task_runner.py:84} INFO - Running: ['***', 'tasks', 'run', 'sparking_flow', 'python_job', 'manual__2025-08-10T10:03:32.843260+00:00', '--job-id', '9', '--raw', '--subdir', 'DAGS_FOLDER/spark_***.py', '--cfg-path', '/tmp/tmpbo4vh1lh']
[2025-08-10T10:03:35.265+0000] {standard_task_runner.py:85} INFO - Job 9: Subtask python_job
[2025-08-10T10:03:35.341+0000] {task_command.py:415} INFO - Running <TaskInstance: sparking_flow.python_job manual__2025-08-10T10:03:32.843260+00:00 [running]> on host 08d0cfb138c0
[2025-08-10T10:03:35.421+0000] {taskinstance.py:1660} INFO - Exporting env vars: AIRFLOW_CTX_DAG_OWNER='Yusuf Ganiyu' AIRFLOW_CTX_DAG_ID='sparking_flow' AIRFLOW_CTX_TASK_ID='python_job' AIRFLOW_CTX_EXECUTION_DATE='2025-08-10T10:03:32.843260+00:00' AIRFLOW_CTX_TRY_NUMBER='1' AIRFLOW_CTX_DAG_RUN_ID='manual__2025-08-10T10:03:32.843260+00:00'
[2025-08-10T10:03:35.432+0000] {base.py:73} INFO - Using connection ID 'spark-conn' for task execution.
[2025-08-10T10:03:35.433+0000] {spark_submit.py:403} INFO - Spark-Submit cmd: spark-submit --master spark://spark-master:7077:7077 --name arrow-spark --deploy-mode client jobs/python/wordcountjob.py
[2025-08-10T10:03:35.804+0000] {spark_submit.py:579} INFO - WARNING: Using incubator modules: jdk.incubator.vector
[2025-08-10T10:03:38.262+0000] {spark_submit.py:579} INFO - Using Spark's default log4j profile: org/apache/spark/log4j2-defaults.properties
[2025-08-10T10:03:38.270+0000] {spark_submit.py:579} INFO - 25/08/10 10:03:38 INFO SparkContext: Running Spark version 4.0.0
[2025-08-10T10:03:38.273+0000] {spark_submit.py:579} INFO - 25/08/10 10:03:38 INFO SparkContext: OS info Linux, 6.6.87.2-microsoft-standard-WSL2, amd64
[2025-08-10T10:03:38.273+0000] {spark_submit.py:579} INFO - 25/08/10 10:03:38 INFO SparkContext: Java version 17.0.15
[2025-08-10T10:03:38.334+0000] {spark_submit.py:579} INFO - 25/08/10 10:03:38 WARN NativeCodeLoader: Unable to load native-hadoop library for your platform... using builtin-java classes where applicable
[2025-08-10T10:03:38.377+0000] {spark_submit.py:579} INFO - 25/08/10 10:03:38 INFO ResourceUtils: ==============================================================
[2025-08-10T10:03:38.377+0000] {spark_submit.py:579} INFO - 25/08/10 10:03:38 INFO ResourceUtils: No custom resources configured for spark.driver.
[2025-08-10T10:03:38.378+0000] {spark_submit.py:579} INFO - 25/08/10 10:03:38 INFO ResourceUtils: ==============================================================
[2025-08-10T10:03:38.378+0000] {spark_submit.py:579} INFO - 25/08/10 10:03:38 INFO SparkContext: Submitted application: PythonWordCount
[2025-08-10T10:03:38.397+0000] {spark_submit.py:579} INFO - 25/08/10 10:03:38 INFO ResourceProfile: Default ResourceProfile created, executor resources: Map(memory -> name: memory, amount: 1024, script: , vendor: , offHeap -> name: offHeap, amount: 0, script: , vendor: ), task resources: Map(cpus -> name: cpus, amount: 1.0)
[2025-08-10T10:03:38.400+0000] {spark_submit.py:579} INFO - 25/08/10 10:03:38 INFO ResourceProfile: Limiting resource is cpu
[2025-08-10T10:03:38.401+0000] {spark_submit.py:579} INFO - 25/08/10 10:03:38 INFO ResourceProfileManager: Added ResourceProfile id: 0
[2025-08-10T10:03:38.439+0000] {spark_submit.py:579} INFO - 25/08/10 10:03:38 INFO SecurityManager: Changing view acls to: ***
[2025-08-10T10:03:38.439+0000] {spark_submit.py:579} INFO - 25/08/10 10:03:38 INFO SecurityManager: Changing modify acls to: ***
[2025-08-10T10:03:38.440+0000] {spark_submit.py:579} INFO - 25/08/10 10:03:38 INFO SecurityManager: Changing view acls groups to: ***
[2025-08-10T10:03:38.440+0000] {spark_submit.py:579} INFO - 25/08/10 10:03:38 INFO SecurityManager: Changing modify acls groups to: ***
[2025-08-10T10:03:38.442+0000] {spark_submit.py:579} INFO - 25/08/10 10:03:38 INFO SecurityManager: SecurityManager: authentication disabled; ui acls disabled; users with view permissions: *** groups with view permissions: EMPTY; users with modify permissions: ***; groups with modify permissions: EMPTY; RPC SSL disabled
[2025-08-10T10:03:38.630+0000] {spark_submit.py:579} INFO - 25/08/10 10:03:38 INFO Utils: Successfully started service 'sparkDriver' on port 46069.
[2025-08-10T10:03:38.653+0000] {spark_submit.py:579} INFO - 25/08/10 10:03:38 INFO SparkEnv: Registering MapOutputTracker
[2025-08-10T10:03:38.663+0000] {spark_submit.py:579} INFO - 25/08/10 10:03:38 INFO SparkEnv: Registering BlockManagerMaster
[2025-08-10T10:03:38.679+0000] {spark_submit.py:579} INFO - 25/08/10 10:03:38 INFO BlockManagerMasterEndpoint: Using org.apache.spark.storage.DefaultTopologyMapper for getting topology information
[2025-08-10T10:03:38.680+0000] {spark_submit.py:579} INFO - 25/08/10 10:03:38 INFO BlockManagerMasterEndpoint: BlockManagerMasterEndpoint up
[2025-08-10T10:03:38.683+0000] {spark_submit.py:579} INFO - 25/08/10 10:03:38 INFO SparkEnv: Registering BlockManagerMasterHeartbeat
[2025-08-10T10:03:38.702+0000] {spark_submit.py:579} INFO - 25/08/10 10:03:38 INFO DiskBlockManager: Created local directory at /tmp/blockmgr-374c0202-7870-4ae7-a4dc-538adf516cf5
[2025-08-10T10:03:38.720+0000] {spark_submit.py:579} INFO - 25/08/10 10:03:38 INFO SparkEnv: Registering OutputCommitCoordinator
[2025-08-10T10:03:38.825+0000] {spark_submit.py:579} INFO - 25/08/10 10:03:38 INFO JettyUtils: Start Jetty 0.0.0.0:4040 for SparkUI
[2025-08-10T10:03:38.889+0000] {spark_submit.py:579} INFO - 25/08/10 10:03:38 INFO Utils: Successfully started service 'SparkUI' on port 4040.
[2025-08-10T10:03:38.937+0000] {spark_submit.py:579} INFO - 25/08/10 10:03:38 INFO SecurityManager: Changing view acls to: ***
[2025-08-10T10:03:38.937+0000] {spark_submit.py:579} INFO - 25/08/10 10:03:38 INFO SecurityManager: Changing modify acls to: ***
[2025-08-10T10:03:38.938+0000] {spark_submit.py:579} INFO - 25/08/10 10:03:38 INFO SecurityManager: Changing view acls groups to: ***
[2025-08-10T10:03:38.938+0000] {spark_submit.py:579} INFO - 25/08/10 10:03:38 INFO SecurityManager: Changing modify acls groups to: ***
[2025-08-10T10:03:38.939+0000] {spark_submit.py:579} INFO - 25/08/10 10:03:38 INFO SecurityManager: SecurityManager: authentication disabled; ui acls disabled; users with view permissions: *** groups with view permissions: EMPTY; users with modify permissions: ***; groups with modify permissions: EMPTY; RPC SSL disabled
[2025-08-10T10:03:39.053+0000] {spark_submit.py:579} INFO - 25/08/10 10:03:39 ERROR SparkContext: Error initializing SparkContext.
[2025-08-10T10:03:39.053+0000] {spark_submit.py:579} INFO - org.apache.spark.SparkException: Invalid master URL: spark://spark-master:7077:7077
[2025-08-10T10:03:39.054+0000] {spark_submit.py:579} INFO - at org.apache.spark.util.Utils$.extractHostPortFromSparkUrl(Utils.scala:2431)
[2025-08-10T10:03:39.054+0000] {spark_submit.py:579} INFO - at org.apache.spark.rpc.RpcAddress$.fromSparkURL(RpcAddress.scala:54)
[2025-08-10T10:03:39.055+0000] {spark_submit.py:579} INFO - at org.apache.spark.deploy.client.StandaloneAppClient.$anonfun$masterRpcAddresses$1(StandaloneAppClient.scala:55)
[2025-08-10T10:03:39.055+0000] {spark_submit.py:579} INFO - at scala.collection.ArrayOps$.map$extension(ArrayOps.scala:936)
[2025-08-10T10:03:39.056+0000] {spark_submit.py:579} INFO - at org.apache.spark.deploy.client.StandaloneAppClient.<init>(StandaloneAppClient.scala:55)
[2025-08-10T10:03:39.056+0000] {spark_submit.py:579} INFO - at org.apache.spark.scheduler.cluster.StandaloneSchedulerBackend.start(StandaloneSchedulerBackend.scala:135)
[2025-08-10T10:03:39.057+0000] {spark_submit.py:579} INFO - at org.apache.spark.scheduler.TaskSchedulerImpl.start(TaskSchedulerImpl.scala:237)
[2025-08-10T10:03:39.057+0000] {spark_submit.py:579} INFO - at org.apache.spark.SparkContext.<init>(SparkContext.scala:622)
[2025-08-10T10:03:39.057+0000] {spark_submit.py:579} INFO - at org.apache.spark.api.java.JavaSparkContext.<init>(JavaSparkContext.scala:59)
[2025-08-10T10:03:39.058+0000] {spark_submit.py:579} INFO - at java.base/jdk.internal.reflect.NativeConstructorAccessorImpl.newInstance0(Native Method)
[2025-08-10T10:03:39.058+0000] {spark_submit.py:579} INFO - at java.base/jdk.internal.reflect.NativeConstructorAccessorImpl.newInstance(NativeConstructorAccessorImpl.java:77)
[2025-08-10T10:03:39.059+0000] {spark_submit.py:579} INFO - at java.base/jdk.internal.reflect.DelegatingConstructorAccessorImpl.newInstance(DelegatingConstructorAccessorImpl.java:45)
[2025-08-10T10:03:39.059+0000] {spark_submit.py:579} INFO - at java.base/java.lang.reflect.Constructor.newInstanceWithCaller(Constructor.java:500)
[2025-08-10T10:03:39.060+0000] {spark_submit.py:579} INFO - at java.base/java.lang.reflect.Constructor.newInstance(Constructor.java:481)
[2025-08-10T10:03:39.060+0000] {spark_submit.py:579} INFO - at py4j.reflection.MethodInvoker.invoke(MethodInvoker.java:247)
[2025-08-10T10:03:39.060+0000] {spark_submit.py:579} INFO - at py4j.reflection.ReflectionEngine.invoke(ReflectionEngine.java:374)
[2025-08-10T10:03:39.061+0000] {spark_submit.py:579} INFO - at py4j.Gateway.invoke(Gateway.java:238)
[2025-08-10T10:03:39.061+0000] {spark_submit.py:579} INFO - at py4j.commands.ConstructorCommand.invokeConstructor(ConstructorCommand.java:80)
[2025-08-10T10:03:39.061+0000] {spark_submit.py:579} INFO - at py4j.commands.ConstructorCommand.execute(ConstructorCommand.java:69)
[2025-08-10T10:03:39.062+0000] {spark_submit.py:579} INFO - at py4j.ClientServerConnection.waitForCommands(ClientServerConnection.java:184)
[2025-08-10T10:03:39.062+0000] {spark_submit.py:579} INFO - at py4j.ClientServerConnection.run(ClientServerConnection.java:108)
[2025-08-10T10:03:39.062+0000] {spark_submit.py:579} INFO - at java.base/java.lang.Thread.run(Thread.java:840)
[2025-08-10T10:03:39.063+0000] {spark_submit.py:579} INFO - 25/08/10 10:03:39 INFO SparkContext: SparkContext is stopping with exitCode 0 from JavaSparkContext at NativeConstructorAccessorImpl.java:0.
[2025-08-10T10:03:39.065+0000] {spark_submit.py:579} INFO - 25/08/10 10:03:39 INFO SparkUI: Stopped Spark web UI at http://08d0cfb138c0:4040
[2025-08-10T10:03:39.069+0000] {spark_submit.py:579} INFO - 25/08/10 10:03:39 INFO StandaloneSchedulerBackend: Shutting down all executors
[2025-08-10T10:03:39.072+0000] {spark_submit.py:579} INFO - 25/08/10 10:03:39 INFO StandaloneSchedulerBackend$StandaloneDriverEndpoint: Asking each executor to shut down
[2025-08-10T10:03:39.086+0000] {spark_submit.py:579} INFO - 25/08/10 10:03:39 INFO MapOutputTrackerMasterEndpoint: MapOutputTrackerMasterEndpoint stopped!
[2025-08-10T10:03:39.101+0000] {spark_submit.py:579} INFO - 25/08/10 10:03:39 INFO MemoryStore: MemoryStore started with capacity 434.4 MiB
[2025-08-10T10:03:39.102+0000] {spark_submit.py:579} INFO - 25/08/10 10:03:39 INFO MemoryStore: MemoryStore cleared
[2025-08-10T10:03:39.103+0000] {spark_submit.py:579} INFO - 25/08/10 10:03:39 INFO BlockManager: BlockManager stopped
[2025-08-10T10:03:39.108+0000] {spark_submit.py:579} INFO - 25/08/10 10:03:39 INFO BlockManagerMaster: BlockManagerMaster stopped
[2025-08-10T10:03:39.108+0000] {spark_submit.py:579} INFO - 25/08/10 10:03:39 WARN MetricsSystem: Stopping a MetricsSystem that is not running
[2025-08-10T10:03:39.109+0000] {spark_submit.py:579} INFO - 25/08/10 10:03:39 INFO OutputCommitCoordinator$OutputCommitCoordinatorEndpoint: OutputCommitCoordinator stopped!
[2025-08-10T10:03:39.124+0000] {spark_submit.py:579} INFO - 25/08/10 10:03:39 INFO SparkContext: Successfully stopped SparkContext
[2025-08-10T10:03:39.125+0000] {spark_submit.py:579} INFO - Traceback (most recent call last):
[2025-08-10T10:03:39.125+0000] {spark_submit.py:579} INFO - File "/opt/***/jobs/python/wordcountjob.py", line 3, in <module>
[2025-08-10T10:03:39.127+0000] {spark_submit.py:579} INFO - spark = SparkSession.builder.appName("PythonWordCount").getOrCreate()
[2025-08-10T10:03:39.128+0000] {spark_submit.py:579} INFO - File "/home/***/.local/lib/python3.10/site-packages/pyspark/python/lib/pyspark.zip/pyspark/sql/session.py", line 556, in getOrCreate
[2025-08-10T10:03:39.128+0000] {spark_submit.py:579} INFO - File "/home/***/.local/lib/python3.10/site-packages/pyspark/python/lib/pyspark.zip/pyspark/core/context.py", line 523, in getOrCreate
[2025-08-10T10:03:39.129+0000] {spark_submit.py:579} INFO - File "/home/***/.local/lib/python3.10/site-packages/pyspark/python/lib/pyspark.zip/pyspark/core/context.py", line 207, in __init__
[2025-08-10T10:03:39.129+0000] {spark_submit.py:579} INFO - File "/home/***/.local/lib/python3.10/site-packages/pyspark/python/lib/pyspark.zip/pyspark/core/context.py", line 300, in _do_init
[2025-08-10T10:03:39.130+0000] {spark_submit.py:579} INFO - File "/home/***/.local/lib/python3.10/site-packages/pyspark/python/lib/pyspark.zip/pyspark/core/context.py", line 429, in _initialize_context
[2025-08-10T10:03:39.130+0000] {spark_submit.py:579} INFO - File "/home/***/.local/lib/python3.10/site-packages/pyspark/python/lib/py4j-0.10.9.9-src.zip/py4j/java_gateway.py", line 1627, in __call__
[2025-08-10T10:03:39.131+0000] {spark_submit.py:579} INFO - File "/home/***/.local/lib/python3.10/site-packages/pyspark/python/lib/py4j-0.10.9.9-src.zip/py4j/protocol.py", line 327, in get_return_value
[2025-08-10T10:03:39.132+0000] {spark_submit.py:579} INFO - py4j.protocol.Py4JJavaError: An error occurred while calling None.org.apache.spark.api.java.JavaSparkContext.
[2025-08-10T10:03:39.132+0000] {spark_submit.py:579} INFO - : org.apache.spark.SparkException: Invalid master URL: spark://spark-master:7077:7077
[2025-08-10T10:03:39.132+0000] {spark_submit.py:579} INFO - at org.apache.spark.util.Utils$.extractHostPortFromSparkUrl(Utils.scala:2431)
[2025-08-10T10:03:39.132+0000] {spark_submit.py:579} INFO - at org.apache.spark.rpc.RpcAddress$.fromSparkURL(RpcAddress.scala:54)
[2025-08-10T10:03:39.133+0000] {spark_submit.py:579} INFO - at org.apache.spark.deploy.client.StandaloneAppClient.$anonfun$masterRpcAddresses$1(StandaloneAppClient.scala:55)
[2025-08-10T10:03:39.133+0000] {spark_submit.py:579} INFO - at scala.collection.ArrayOps$.map$extension(ArrayOps.scala:936)
[2025-08-10T10:03:39.133+0000] {spark_submit.py:579} INFO - at org.apache.spark.deploy.client.StandaloneAppClient.<init>(StandaloneAppClient.scala:55)
[2025-08-10T10:03:39.133+0000] {spark_submit.py:579} INFO - at org.apache.spark.scheduler.cluster.StandaloneSchedulerBackend.start(StandaloneSchedulerBackend.scala:135)
[2025-08-10T10:03:39.133+0000] {spark_submit.py:579} INFO - at org.apache.spark.scheduler.TaskSchedulerImpl.start(TaskSchedulerImpl.scala:237)
[2025-08-10T10:03:39.134+0000] {spark_submit.py:579} INFO - at org.apache.spark.SparkContext.<init>(SparkContext.scala:622)
[2025-08-10T10:03:39.134+0000] {spark_submit.py:579} INFO - at org.apache.spark.api.java.JavaSparkContext.<init>(JavaSparkContext.scala:59)
[2025-08-10T10:03:39.134+0000] {spark_submit.py:579} INFO - at java.base/jdk.internal.reflect.NativeConstructorAccessorImpl.newInstance0(Native Method)
[2025-08-10T10:03:39.134+0000] {spark_submit.py:579} INFO - at java.base/jdk.internal.reflect.NativeConstructorAccessorImpl.newInstance(NativeConstructorAccessorImpl.java:77)
[2025-08-10T10:03:39.134+0000] {spark_submit.py:579} INFO - at java.base/jdk.internal.reflect.DelegatingConstructorAccessorImpl.newInstance(DelegatingConstructorAccessorImpl.java:45)
[2025-08-10T10:03:39.135+0000] {spark_submit.py:579} INFO - at java.base/java.lang.reflect.Constructor.newInstanceWithCaller(Constructor.java:500)
[2025-08-10T10:03:39.135+0000] {spark_submit.py:579} INFO - at java.base/java.lang.reflect.Constructor.newInstance(Constructor.java:481)
[2025-08-10T10:03:39.135+0000] {spark_submit.py:579} INFO - at py4j.reflection.MethodInvoker.invoke(MethodInvoker.java:247)
[2025-08-10T10:03:39.135+0000] {spark_submit.py:579} INFO - at py4j.reflection.ReflectionEngine.invoke(ReflectionEngine.java:374)
[2025-08-10T10:03:39.135+0000] {spark_submit.py:579} INFO - at py4j.Gateway.invoke(Gateway.java:238)
[2025-08-10T10:03:39.136+0000] {spark_submit.py:579} INFO - at py4j.commands.ConstructorCommand.invokeConstructor(ConstructorCommand.java:80)
[2025-08-10T10:03:39.136+0000] {spark_submit.py:579} INFO - at py4j.commands.ConstructorCommand.execute(ConstructorCommand.java:69)
[2025-08-10T10:03:39.136+0000] {spark_submit.py:579} INFO - at py4j.ClientServerConnection.waitForCommands(ClientServerConnection.java:184)
[2025-08-10T10:03:39.136+0000] {spark_submit.py:579} INFO - at py4j.ClientServerConnection.run(ClientServerConnection.java:108)
[2025-08-10T10:03:39.136+0000] {spark_submit.py:579} INFO - at java.base/java.lang.Thread.run(Thread.java:840)
[2025-08-10T10:03:39.137+0000] {spark_submit.py:579} INFO - 
[2025-08-10T10:03:39.236+0000] {spark_submit.py:579} INFO - 25/08/10 10:03:39 INFO ShutdownHookManager: Shutdown hook called
[2025-08-10T10:03:39.237+0000] {spark_submit.py:579} INFO - 25/08/10 10:03:39 INFO ShutdownHookManager: Deleting directory /tmp/spark-69457022-0732-4ef9-b740-6d67e41b4caf
[2025-08-10T10:03:39.251+0000] {spark_submit.py:579} INFO - 25/08/10 10:03:39 INFO ShutdownHookManager: Deleting directory /tmp/spark-88f0a8f7-3714-4801-9e9f-8b4847ef712f
[2025-08-10T10:03:39.293+0000] {taskinstance.py:1935} ERROR - Task failed with exception
Traceback (most recent call last):
  File "/home/airflow/.local/lib/python3.10/site-packages/airflow/providers/apache/spark/operators/spark_submit.py", line 174, in execute
    self._hook.submit(self.application)
  File "/home/airflow/.local/lib/python3.10/site-packages/airflow/providers/apache/spark/hooks/spark_submit.py", line 505, in submit
    raise AirflowException(
airflow.exceptions.AirflowException: Cannot execute: spark-submit --master spark://spark-master:7077:7077 --name arrow-spark --deploy-mode client jobs/python/wordcountjob.py. Error code is: 1.
[2025-08-10T10:03:39.296+0000] {taskinstance.py:1398} INFO - Marking task as FAILED. dag_id=sparking_flow, task_id=python_job, execution_date=20250810T100332, start_date=20250810T100335, end_date=20250810T100339
[2025-08-10T10:03:39.307+0000] {standard_task_runner.py:104} ERROR - Failed to execute job 9 for task python_job (Cannot execute: spark-submit --master spark://spark-master:7077:7077 --name arrow-spark --deploy-mode client jobs/python/wordcountjob.py. Error code is: 1.; 850)
[2025-08-10T10:03:39.327+0000] {local_task_job_runner.py:228} INFO - Task exited with return code 1
[2025-08-10T10:03:39.348+0000] {taskinstance.py:2776} INFO - 0 downstream tasks scheduled from follow-on schedule check
