[2025-08-12T00:00:04.744+0000] {taskinstance.py:1157} INFO - Dependencies all met for dep_context=non-requeueable deps ti=<TaskInstance: sparking_flow.python_job scheduled__2025-08-11T00:00:00+00:00 [queued]>
[2025-08-12T00:00:04.751+0000] {taskinstance.py:1157} INFO - Dependencies all met for dep_context=requeueable deps ti=<TaskInstance: sparking_flow.python_job scheduled__2025-08-11T00:00:00+00:00 [queued]>
[2025-08-12T00:00:04.752+0000] {taskinstance.py:1359} INFO - Starting attempt 1 of 1
[2025-08-12T00:00:04.762+0000] {taskinstance.py:1380} INFO - Executing <Task(SparkSubmitOperator): python_job> on 2025-08-11 00:00:00+00:00
[2025-08-12T00:00:04.775+0000] {standard_task_runner.py:57} INFO - Started process 20558 to run task
[2025-08-12T00:00:04.778+0000] {standard_task_runner.py:84} INFO - Running: ['***', 'tasks', 'run', 'sparking_flow', 'python_job', 'scheduled__2025-08-11T00:00:00+00:00', '--job-id', '11', '--raw', '--subdir', 'DAGS_FOLDER/spark_***.py', '--cfg-path', '/tmp/tmp2xo29d9t']
[2025-08-12T00:00:04.780+0000] {standard_task_runner.py:85} INFO - Job 11: Subtask python_job
[2025-08-12T00:00:04.853+0000] {task_command.py:415} INFO - Running <TaskInstance: sparking_flow.python_job scheduled__2025-08-11T00:00:00+00:00 [running]> on host dab662e4aa8d
[2025-08-12T00:00:04.934+0000] {taskinstance.py:1660} INFO - Exporting env vars: AIRFLOW_CTX_DAG_OWNER='Yusuf Ganiyu' AIRFLOW_CTX_DAG_ID='sparking_flow' AIRFLOW_CTX_TASK_ID='python_job' AIRFLOW_CTX_EXECUTION_DATE='2025-08-11T00:00:00+00:00' AIRFLOW_CTX_TRY_NUMBER='1' AIRFLOW_CTX_DAG_RUN_ID='scheduled__2025-08-11T00:00:00+00:00'
[2025-08-12T00:00:04.946+0000] {base.py:73} INFO - Using connection ID 'spark-conn' for task execution.
[2025-08-12T00:00:04.947+0000] {spark_submit.py:403} INFO - Spark-Submit cmd: spark-submit --master spark://spark-master:7077 --jars /opt/spark/external-jars/mssql-jdbc-12.10.1.jre17.jar --name arrow-spark --deploy-mode client jobs/python/wordcountjob.py
[2025-08-12T00:00:05.763+0000] {spark_submit.py:579} INFO - WARNING: Using incubator modules: jdk.incubator.vector
[2025-08-12T00:00:07.451+0000] {spark_submit.py:579} INFO - 25/08/12 00:00:07 WARN NativeCodeLoader: Unable to load native-hadoop library for your platform... using builtin-java classes where applicable
[2025-08-12T00:00:07.595+0000] {spark_submit.py:579} INFO - Using Spark's default log4j profile: org/apache/spark/log4j2-defaults.properties
[2025-08-12T00:00:07.599+0000] {spark_submit.py:579} INFO - 25/08/12 00:00:07 WARN DependencyUtils: Local jar /opt/spark/external-jars/mssql-jdbc-12.10.1.jre17.jar does not exist, skipping.
[2025-08-12T00:00:10.442+0000] {spark_submit.py:579} INFO - 25/08/12 00:00:10 INFO SparkContext: Running Spark version 4.0.0
[2025-08-12T00:00:10.445+0000] {spark_submit.py:579} INFO - 25/08/12 00:00:10 INFO SparkContext: OS info Linux, 6.6.87.2-microsoft-standard-WSL2, amd64
[2025-08-12T00:00:10.445+0000] {spark_submit.py:579} INFO - 25/08/12 00:00:10 INFO SparkContext: Java version 17.0.15
[2025-08-12T00:00:10.474+0000] {spark_submit.py:579} INFO - 25/08/12 00:00:10 INFO ResourceUtils: ==============================================================
[2025-08-12T00:00:10.475+0000] {spark_submit.py:579} INFO - 25/08/12 00:00:10 INFO ResourceUtils: No custom resources configured for spark.driver.
[2025-08-12T00:00:10.476+0000] {spark_submit.py:579} INFO - 25/08/12 00:00:10 INFO ResourceUtils: ==============================================================
[2025-08-12T00:00:10.477+0000] {spark_submit.py:579} INFO - 25/08/12 00:00:10 INFO SparkContext: Submitted application: PythonWordCount
[2025-08-12T00:00:10.505+0000] {spark_submit.py:579} INFO - 25/08/12 00:00:10 INFO ResourceProfile: Default ResourceProfile created, executor resources: Map(memory -> name: memory, amount: 1024, script: , vendor: , offHeap -> name: offHeap, amount: 0, script: , vendor: ), task resources: Map(cpus -> name: cpus, amount: 1.0)
[2025-08-12T00:00:10.508+0000] {spark_submit.py:579} INFO - 25/08/12 00:00:10 INFO ResourceProfile: Limiting resource is cpu
[2025-08-12T00:00:10.510+0000] {spark_submit.py:579} INFO - 25/08/12 00:00:10 INFO ResourceProfileManager: Added ResourceProfile id: 0
[2025-08-12T00:00:10.564+0000] {spark_submit.py:579} INFO - 25/08/12 00:00:10 INFO SecurityManager: Changing view acls to: ***
[2025-08-12T00:00:10.565+0000] {spark_submit.py:579} INFO - 25/08/12 00:00:10 INFO SecurityManager: Changing modify acls to: ***
[2025-08-12T00:00:10.566+0000] {spark_submit.py:579} INFO - 25/08/12 00:00:10 INFO SecurityManager: Changing view acls groups to: ***
[2025-08-12T00:00:10.566+0000] {spark_submit.py:579} INFO - 25/08/12 00:00:10 INFO SecurityManager: Changing modify acls groups to: ***
[2025-08-12T00:00:10.569+0000] {spark_submit.py:579} INFO - 25/08/12 00:00:10 INFO SecurityManager: SecurityManager: authentication disabled; ui acls disabled; users with view permissions: *** groups with view permissions: EMPTY; users with modify permissions: ***; groups with modify permissions: EMPTY; RPC SSL disabled
[2025-08-12T00:00:10.918+0000] {spark_submit.py:579} INFO - 25/08/12 00:00:10 INFO Utils: Successfully started service 'sparkDriver' on port 43293.
[2025-08-12T00:00:10.986+0000] {spark_submit.py:579} INFO - 25/08/12 00:00:10 INFO SparkEnv: Registering MapOutputTracker
[2025-08-12T00:00:11.020+0000] {spark_submit.py:579} INFO - 25/08/12 00:00:11 INFO SparkEnv: Registering BlockManagerMaster
[2025-08-12T00:00:11.070+0000] {spark_submit.py:579} INFO - 25/08/12 00:00:11 INFO BlockManagerMasterEndpoint: Using org.apache.spark.storage.DefaultTopologyMapper for getting topology information
[2025-08-12T00:00:11.070+0000] {spark_submit.py:579} INFO - 25/08/12 00:00:11 INFO BlockManagerMasterEndpoint: BlockManagerMasterEndpoint up
[2025-08-12T00:00:11.076+0000] {spark_submit.py:579} INFO - 25/08/12 00:00:11 INFO SparkEnv: Registering BlockManagerMasterHeartbeat
[2025-08-12T00:00:11.103+0000] {spark_submit.py:579} INFO - 25/08/12 00:00:11 INFO DiskBlockManager: Created local directory at /tmp/blockmgr-3817b788-7e5d-4b5f-b4b7-9a17d434c330
[2025-08-12T00:00:11.147+0000] {spark_submit.py:579} INFO - 25/08/12 00:00:11 INFO SparkEnv: Registering OutputCommitCoordinator
[2025-08-12T00:00:11.378+0000] {spark_submit.py:579} INFO - 25/08/12 00:00:11 INFO JettyUtils: Start Jetty 0.0.0.0:4040 for SparkUI
[2025-08-12T00:00:11.468+0000] {spark_submit.py:579} INFO - 25/08/12 00:00:11 INFO Utils: Successfully started service 'SparkUI' on port 4040.
[2025-08-12T00:00:11.510+0000] {spark_submit.py:579} INFO - 25/08/12 00:00:11 ERROR SparkContext: Failed to add file:/opt/spark/external-jars/mssql-jdbc-12.10.1.jre17.jar to Spark environment
[2025-08-12T00:00:11.511+0000] {spark_submit.py:579} INFO - java.io.FileNotFoundException: Jar /opt/spark/external-jars/mssql-jdbc-12.10.1.jre17.jar not found
[2025-08-12T00:00:11.513+0000] {spark_submit.py:579} INFO - at org.apache.spark.SparkContext.addLocalJarFile$1(SparkContext.scala:2174)
[2025-08-12T00:00:11.514+0000] {spark_submit.py:579} INFO - at org.apache.spark.SparkContext.addJar(SparkContext.scala:2230)
[2025-08-12T00:00:11.514+0000] {spark_submit.py:579} INFO - at org.apache.spark.SparkContext.$anonfun$new$15(SparkContext.scala:538)
[2025-08-12T00:00:11.514+0000] {spark_submit.py:579} INFO - at org.apache.spark.SparkContext.$anonfun$new$15$adapted(SparkContext.scala:538)
[2025-08-12T00:00:11.515+0000] {spark_submit.py:579} INFO - at scala.collection.IterableOnceOps.foreach(IterableOnce.scala:619)
[2025-08-12T00:00:11.515+0000] {spark_submit.py:579} INFO - at scala.collection.IterableOnceOps.foreach$(IterableOnce.scala:617)
[2025-08-12T00:00:11.515+0000] {spark_submit.py:579} INFO - at scala.collection.AbstractIterable.foreach(Iterable.scala:935)
[2025-08-12T00:00:11.516+0000] {spark_submit.py:579} INFO - at org.apache.spark.SparkContext.<init>(SparkContext.scala:538)
[2025-08-12T00:00:11.516+0000] {spark_submit.py:579} INFO - at org.apache.spark.api.java.JavaSparkContext.<init>(JavaSparkContext.scala:59)
[2025-08-12T00:00:11.516+0000] {spark_submit.py:579} INFO - at java.base/jdk.internal.reflect.NativeConstructorAccessorImpl.newInstance0(Native Method)
[2025-08-12T00:00:11.517+0000] {spark_submit.py:579} INFO - at java.base/jdk.internal.reflect.NativeConstructorAccessorImpl.newInstance(NativeConstructorAccessorImpl.java:77)
[2025-08-12T00:00:11.517+0000] {spark_submit.py:579} INFO - at java.base/jdk.internal.reflect.DelegatingConstructorAccessorImpl.newInstance(DelegatingConstructorAccessorImpl.java:45)
[2025-08-12T00:00:11.517+0000] {spark_submit.py:579} INFO - at java.base/java.lang.reflect.Constructor.newInstanceWithCaller(Constructor.java:500)
[2025-08-12T00:00:11.518+0000] {spark_submit.py:579} INFO - at java.base/java.lang.reflect.Constructor.newInstance(Constructor.java:481)
[2025-08-12T00:00:11.518+0000] {spark_submit.py:579} INFO - at py4j.reflection.MethodInvoker.invoke(MethodInvoker.java:247)
[2025-08-12T00:00:11.518+0000] {spark_submit.py:579} INFO - at py4j.reflection.ReflectionEngine.invoke(ReflectionEngine.java:374)
[2025-08-12T00:00:11.519+0000] {spark_submit.py:579} INFO - at py4j.Gateway.invoke(Gateway.java:238)
[2025-08-12T00:00:11.519+0000] {spark_submit.py:579} INFO - at py4j.commands.ConstructorCommand.invokeConstructor(ConstructorCommand.java:80)
[2025-08-12T00:00:11.520+0000] {spark_submit.py:579} INFO - at py4j.commands.ConstructorCommand.execute(ConstructorCommand.java:69)
[2025-08-12T00:00:11.520+0000] {spark_submit.py:579} INFO - at py4j.ClientServerConnection.waitForCommands(ClientServerConnection.java:184)
[2025-08-12T00:00:11.520+0000] {spark_submit.py:579} INFO - at py4j.ClientServerConnection.run(ClientServerConnection.java:108)
[2025-08-12T00:00:11.521+0000] {spark_submit.py:579} INFO - at java.base/java.lang.Thread.run(Thread.java:840)
[2025-08-12T00:00:11.557+0000] {spark_submit.py:579} INFO - 25/08/12 00:00:11 INFO SecurityManager: Changing view acls to: ***
[2025-08-12T00:00:11.558+0000] {spark_submit.py:579} INFO - 25/08/12 00:00:11 INFO SecurityManager: Changing modify acls to: ***
[2025-08-12T00:00:11.559+0000] {spark_submit.py:579} INFO - 25/08/12 00:00:11 INFO SecurityManager: Changing view acls groups to: ***
[2025-08-12T00:00:11.560+0000] {spark_submit.py:579} INFO - 25/08/12 00:00:11 INFO SecurityManager: Changing modify acls groups to: ***
[2025-08-12T00:00:11.560+0000] {spark_submit.py:579} INFO - 25/08/12 00:00:11 INFO SecurityManager: SecurityManager: authentication disabled; ui acls disabled; users with view permissions: *** groups with view permissions: EMPTY; users with modify permissions: ***; groups with modify permissions: EMPTY; RPC SSL disabled
[2025-08-12T00:00:11.743+0000] {spark_submit.py:579} INFO - 25/08/12 00:00:11 INFO StandaloneAppClient$ClientEndpoint: Connecting to master spark://spark-master:7077...
[2025-08-12T00:00:11.796+0000] {spark_submit.py:579} INFO - 25/08/12 00:00:11 INFO TransportClientFactory: Successfully created connection to spark-master/172.18.0.2:7077 after 22 ms (0 ms spent in bootstraps)
[2025-08-12T00:00:12.546+0000] {spark_submit.py:579} INFO - 25/08/12 00:00:12 INFO StandaloneSchedulerBackend: Connected to Spark cluster with app ID app-20250812000012-0004
[2025-08-12T00:00:12.554+0000] {spark_submit.py:579} INFO - 25/08/12 00:00:12 INFO Utils: Successfully started service 'org.apache.spark.network.netty.NettyBlockTransferService' on port 36411.
[2025-08-12T00:00:12.554+0000] {spark_submit.py:579} INFO - 25/08/12 00:00:12 INFO NettyBlockTransferService: Server created on dab662e4aa8d:36411
[2025-08-12T00:00:12.555+0000] {spark_submit.py:579} INFO - 25/08/12 00:00:12 INFO BlockManager: Using org.apache.spark.storage.RandomBlockReplicationPolicy for block replication policy
[2025-08-12T00:00:12.569+0000] {spark_submit.py:579} INFO - 25/08/12 00:00:12 INFO BlockManagerMaster: Registering BlockManager BlockManagerId(driver, dab662e4aa8d, 36411, None)
[2025-08-12T00:00:12.575+0000] {spark_submit.py:579} INFO - 25/08/12 00:00:12 INFO BlockManagerMasterEndpoint: Registering block manager dab662e4aa8d:36411 with 434.4 MiB RAM, BlockManagerId(driver, dab662e4aa8d, 36411, None)
[2025-08-12T00:00:12.577+0000] {spark_submit.py:579} INFO - 25/08/12 00:00:12 INFO BlockManagerMaster: Registered BlockManager BlockManagerId(driver, dab662e4aa8d, 36411, None)
[2025-08-12T00:00:12.578+0000] {spark_submit.py:579} INFO - 25/08/12 00:00:12 INFO BlockManager: Initialized BlockManager: BlockManagerId(driver, dab662e4aa8d, 36411, None)
[2025-08-12T00:00:12.602+0000] {spark_submit.py:579} INFO - 25/08/12 00:00:12 INFO StandaloneAppClient$ClientEndpoint: Executor added: app-20250812000012-0004/0 on worker-20250810150056-172.18.0.4-35517 (172.18.0.4:35517) with 2 core(s)
[2025-08-12T00:00:12.604+0000] {spark_submit.py:579} INFO - 25/08/12 00:00:12 INFO StandaloneSchedulerBackend: Granted executor ID app-20250812000012-0004/0 on hostPort 172.18.0.4:35517 with 2 core(s), 1024.0 MiB RAM
[2025-08-12T00:00:12.710+0000] {spark_submit.py:579} INFO - 25/08/12 00:00:12 INFO StandaloneSchedulerBackend: SchedulerBackend is ready for scheduling beginning after reached minRegisteredResourcesRatio: 0.0
[2025-08-12T00:00:14.427+0000] {spark_submit.py:579} INFO - 25/08/12 00:00:14 INFO StandaloneAppClient$ClientEndpoint: Executor updated: app-20250812000012-0004/0 is now RUNNING
[2025-08-12T00:00:16.399+0000] {spark_submit.py:579} INFO - dict_keys(['daily', 'daily960', 'live_rapid', 'live_blitz', 'live_bullet', 'live_bughouse', 'live_blitz960', 'live_threecheck', 'live_crazyhouse', 'live_kingofthehill', 'tactics', 'rush', 'battle'])
[2025-08-12T00:00:16.418+0000] {spark_submit.py:579} INFO - 25/08/12 00:00:16 INFO SharedState: Setting hive.metastore.warehouse.dir ('null') to the value of spark.sql.warehouse.dir.
[2025-08-12T00:00:16.420+0000] {spark_submit.py:579} INFO - 25/08/12 00:00:16 INFO SharedState: Warehouse path is 'file:/opt/***/spark-warehouse'.
[2025-08-12T00:00:17.591+0000] {spark_submit.py:579} INFO - 25/08/12 00:00:17 INFO StandaloneSchedulerBackend$StandaloneDriverEndpoint: Registered executor NettyRpcEndpointRef(spark-client://Executor) (172.18.0.4:57090) with ID 0, ResourceProfileId 0
[2025-08-12T00:00:17.855+0000] {spark_submit.py:579} INFO - 25/08/12 00:00:17 INFO BlockManagerMasterEndpoint: Registering block manager 172.18.0.4:41727 with 434.4 MiB RAM, BlockManagerId(0, 172.18.0.4, 41727, None)
[2025-08-12T00:00:19.130+0000] {spark_submit.py:579} INFO - Traceback (most recent call last):
[2025-08-12T00:00:19.131+0000] {spark_submit.py:579} INFO - File "/opt/***/jobs/python/wordcountjob.py", line 84, in <module>
[2025-08-12T00:00:19.133+0000] {spark_submit.py:579} INFO - write_data(daily,"daily")
[2025-08-12T00:00:19.134+0000] {spark_submit.py:579} INFO - File "/opt/***/jobs/python/wordcountjob.py", line 80, in write_data
[2025-08-12T00:00:19.137+0000] {spark_submit.py:579} INFO - df.write.mode("overwrite").jdbc(url=jdbc_url, table=f"dbo.{table}", properties=properties)
[2025-08-12T00:00:19.137+0000] {spark_submit.py:579} INFO - File "/home/***/.local/lib/python3.10/site-packages/pyspark/python/lib/pyspark.zip/pyspark/sql/readwriter.py", line 2347, in jdbc
[2025-08-12T00:00:19.138+0000] {spark_submit.py:579} INFO - File "/home/***/.local/lib/python3.10/site-packages/pyspark/python/lib/py4j-0.10.9.9-src.zip/py4j/java_gateway.py", line 1362, in __call__
[2025-08-12T00:00:19.139+0000] {spark_submit.py:579} INFO - File "/home/***/.local/lib/python3.10/site-packages/pyspark/python/lib/pyspark.zip/pyspark/errors/exceptions/captured.py", line 282, in deco
[2025-08-12T00:00:19.142+0000] {spark_submit.py:579} INFO - File "/home/***/.local/lib/python3.10/site-packages/pyspark/python/lib/py4j-0.10.9.9-src.zip/py4j/protocol.py", line 327, in get_return_value
[2025-08-12T00:00:19.189+0000] {spark_submit.py:579} INFO - py4j.protocol.Py4JJavaError: An error occurred while calling o138.jdbc.
[2025-08-12T00:00:19.190+0000] {spark_submit.py:579} INFO - : java.lang.ClassNotFoundException: com.microsoft.sqlserver.jdbc.SQLServerDriver
[2025-08-12T00:00:19.191+0000] {spark_submit.py:579} INFO - at java.base/java.net.URLClassLoader.findClass(URLClassLoader.java:445)
[2025-08-12T00:00:19.191+0000] {spark_submit.py:579} INFO - at java.base/java.lang.ClassLoader.loadClass(ClassLoader.java:592)
[2025-08-12T00:00:19.191+0000] {spark_submit.py:579} INFO - at java.base/java.lang.ClassLoader.loadClass(ClassLoader.java:525)
[2025-08-12T00:00:19.192+0000] {spark_submit.py:579} INFO - at org.apache.spark.sql.execution.datasources.jdbc.DriverRegistry$.register(DriverRegistry.scala:47)
[2025-08-12T00:00:19.193+0000] {spark_submit.py:579} INFO - at org.apache.spark.sql.execution.datasources.jdbc.JDBCOptions.$anonfun$driverClass$1(JDBCOptions.scala:112)
[2025-08-12T00:00:19.193+0000] {spark_submit.py:579} INFO - at org.apache.spark.sql.execution.datasources.jdbc.JDBCOptions.$anonfun$driverClass$1$adapted(JDBCOptions.scala:112)
[2025-08-12T00:00:19.194+0000] {spark_submit.py:579} INFO - at scala.Option.foreach(Option.scala:437)
[2025-08-12T00:00:19.195+0000] {spark_submit.py:579} INFO - at org.apache.spark.sql.execution.datasources.jdbc.JDBCOptions.<init>(JDBCOptions.scala:112)
[2025-08-12T00:00:19.196+0000] {spark_submit.py:579} INFO - at org.apache.spark.sql.execution.datasources.jdbc.JdbcOptionsInWrite.<init>(JDBCOptions.scala:272)
[2025-08-12T00:00:19.196+0000] {spark_submit.py:579} INFO - at org.apache.spark.sql.execution.datasources.jdbc.JdbcOptionsInWrite.<init>(JDBCOptions.scala:276)
[2025-08-12T00:00:19.196+0000] {spark_submit.py:579} INFO - at org.apache.spark.sql.execution.datasources.jdbc.JdbcRelationProvider.createRelation(JdbcRelationProvider.scala:48)
[2025-08-12T00:00:19.197+0000] {spark_submit.py:579} INFO - at org.apache.spark.sql.execution.datasources.SaveIntoDataSourceCommand.run(SaveIntoDataSourceCommand.scala:55)
[2025-08-12T00:00:19.197+0000] {spark_submit.py:579} INFO - at org.apache.spark.sql.execution.command.ExecutedCommandExec.sideEffectResult$lzycompute(commands.scala:79)
[2025-08-12T00:00:19.198+0000] {spark_submit.py:579} INFO - at org.apache.spark.sql.execution.command.ExecutedCommandExec.sideEffectResult(commands.scala:77)
[2025-08-12T00:00:19.198+0000] {spark_submit.py:579} INFO - at org.apache.spark.sql.execution.command.ExecutedCommandExec.executeCollect(commands.scala:88)
[2025-08-12T00:00:19.199+0000] {spark_submit.py:579} INFO - at org.apache.spark.sql.execution.QueryExecution.$anonfun$eagerlyExecuteCommands$2(QueryExecution.scala:155)
[2025-08-12T00:00:19.199+0000] {spark_submit.py:579} INFO - at org.apache.spark.sql.execution.SQLExecution$.$anonfun$withNewExecutionId0$8(SQLExecution.scala:162)
[2025-08-12T00:00:19.199+0000] {spark_submit.py:579} INFO - at org.apache.spark.sql.execution.SQLExecution$.withSessionTagsApplied(SQLExecution.scala:268)
[2025-08-12T00:00:19.200+0000] {spark_submit.py:579} INFO - at org.apache.spark.sql.execution.SQLExecution$.$anonfun$withNewExecutionId0$7(SQLExecution.scala:124)
[2025-08-12T00:00:19.200+0000] {spark_submit.py:579} INFO - at org.apache.spark.JobArtifactSet$.withActiveJobArtifactState(JobArtifactSet.scala:94)
[2025-08-12T00:00:19.201+0000] {spark_submit.py:579} INFO - at org.apache.spark.sql.artifact.ArtifactManager.$anonfun$withResources$1(ArtifactManager.scala:112)
[2025-08-12T00:00:19.201+0000] {spark_submit.py:579} INFO - at org.apache.spark.sql.artifact.ArtifactManager.withClassLoaderIfNeeded(ArtifactManager.scala:106)
[2025-08-12T00:00:19.202+0000] {spark_submit.py:579} INFO - at org.apache.spark.sql.artifact.ArtifactManager.withResources(ArtifactManager.scala:111)
[2025-08-12T00:00:19.202+0000] {spark_submit.py:579} INFO - at org.apache.spark.sql.execution.SQLExecution$.$anonfun$withNewExecutionId0$6(SQLExecution.scala:124)
[2025-08-12T00:00:19.202+0000] {spark_submit.py:579} INFO - at org.apache.spark.sql.execution.SQLExecution$.withSQLConfPropagated(SQLExecution.scala:291)
[2025-08-12T00:00:19.203+0000] {spark_submit.py:579} INFO - at org.apache.spark.sql.execution.SQLExecution$.$anonfun$withNewExecutionId0$1(SQLExecution.scala:123)
[2025-08-12T00:00:19.203+0000] {spark_submit.py:579} INFO - at org.apache.spark.sql.SparkSession.withActive(SparkSession.scala:804)
[2025-08-12T00:00:19.204+0000] {spark_submit.py:579} INFO - at org.apache.spark.sql.execution.SQLExecution$.withNewExecutionId0(SQLExecution.scala:77)
[2025-08-12T00:00:19.204+0000] {spark_submit.py:579} INFO - at org.apache.spark.sql.execution.SQLExecution$.withNewExecutionId(SQLExecution.scala:233)
[2025-08-12T00:00:19.205+0000] {spark_submit.py:579} INFO - at org.apache.spark.sql.execution.QueryExecution.$anonfun$eagerlyExecuteCommands$1(QueryExecution.scala:155)
[2025-08-12T00:00:19.205+0000] {spark_submit.py:579} INFO - at org.apache.spark.sql.execution.QueryExecution$.withInternalError(QueryExecution.scala:654)
[2025-08-12T00:00:19.205+0000] {spark_submit.py:579} INFO - at org.apache.spark.sql.execution.QueryExecution.org$apache$spark$sql$execution$QueryExecution$$eagerlyExecute$1(QueryExecution.scala:154)
[2025-08-12T00:00:19.205+0000] {spark_submit.py:579} INFO - at org.apache.spark.sql.execution.QueryExecution$$anonfun$eagerlyExecuteCommands$3.applyOrElse(QueryExecution.scala:169)
[2025-08-12T00:00:19.206+0000] {spark_submit.py:579} INFO - at org.apache.spark.sql.execution.QueryExecution$$anonfun$eagerlyExecuteCommands$3.applyOrElse(QueryExecution.scala:164)
[2025-08-12T00:00:19.206+0000] {spark_submit.py:579} INFO - at org.apache.spark.sql.catalyst.trees.TreeNode.$anonfun$transformDownWithPruning$1(TreeNode.scala:470)
[2025-08-12T00:00:19.206+0000] {spark_submit.py:579} INFO - at org.apache.spark.sql.catalyst.trees.CurrentOrigin$.withOrigin(origin.scala:86)
[2025-08-12T00:00:19.207+0000] {spark_submit.py:579} INFO - at org.apache.spark.sql.catalyst.trees.TreeNode.transformDownWithPruning(TreeNode.scala:470)
[2025-08-12T00:00:19.207+0000] {spark_submit.py:579} INFO - at org.apache.spark.sql.catalyst.plans.logical.LogicalPlan.org$apache$spark$sql$catalyst$plans$logical$AnalysisHelper$$super$transformDownWithPruning(LogicalPlan.scala:37)
[2025-08-12T00:00:19.208+0000] {spark_submit.py:579} INFO - at org.apache.spark.sql.catalyst.plans.logical.AnalysisHelper.transformDownWithPruning(AnalysisHelper.scala:360)
[2025-08-12T00:00:19.209+0000] {spark_submit.py:579} INFO - at org.apache.spark.sql.catalyst.plans.logical.AnalysisHelper.transformDownWithPruning$(AnalysisHelper.scala:356)
[2025-08-12T00:00:19.209+0000] {spark_submit.py:579} INFO - at org.apache.spark.sql.catalyst.plans.logical.LogicalPlan.transformDownWithPruning(LogicalPlan.scala:37)
[2025-08-12T00:00:19.210+0000] {spark_submit.py:579} INFO - at org.apache.spark.sql.catalyst.plans.logical.LogicalPlan.transformDownWithPruning(LogicalPlan.scala:37)
[2025-08-12T00:00:19.210+0000] {spark_submit.py:579} INFO - at org.apache.spark.sql.catalyst.trees.TreeNode.transformDown(TreeNode.scala:446)
[2025-08-12T00:00:19.210+0000] {spark_submit.py:579} INFO - at org.apache.spark.sql.execution.QueryExecution.eagerlyExecuteCommands(QueryExecution.scala:164)
[2025-08-12T00:00:19.211+0000] {spark_submit.py:579} INFO - at org.apache.spark.sql.execution.QueryExecution.$anonfun$lazyCommandExecuted$1(QueryExecution.scala:126)
[2025-08-12T00:00:19.211+0000] {spark_submit.py:579} INFO - at scala.util.Try$.apply(Try.scala:217)
[2025-08-12T00:00:19.211+0000] {spark_submit.py:579} INFO - at org.apache.spark.util.Utils$.doTryWithCallerStacktrace(Utils.scala:1378)
[2025-08-12T00:00:19.212+0000] {spark_submit.py:579} INFO - at org.apache.spark.util.Utils$.getTryWithCallerStacktrace(Utils.scala:1439)
[2025-08-12T00:00:19.212+0000] {spark_submit.py:579} INFO - at org.apache.spark.util.LazyTry.get(LazyTry.scala:58)
[2025-08-12T00:00:19.212+0000] {spark_submit.py:579} INFO - at org.apache.spark.sql.execution.QueryExecution.commandExecuted(QueryExecution.scala:131)
[2025-08-12T00:00:19.212+0000] {spark_submit.py:579} INFO - at org.apache.spark.sql.execution.QueryExecution.assertCommandExecuted(QueryExecution.scala:192)
[2025-08-12T00:00:19.213+0000] {spark_submit.py:579} INFO - at org.apache.spark.sql.classic.DataFrameWriter.runCommand(DataFrameWriter.scala:622)
[2025-08-12T00:00:19.213+0000] {spark_submit.py:579} INFO - at org.apache.spark.sql.classic.DataFrameWriter.saveToV1Source(DataFrameWriter.scala:273)
[2025-08-12T00:00:19.213+0000] {spark_submit.py:579} INFO - at org.apache.spark.sql.classic.DataFrameWriter.saveInternal(DataFrameWriter.scala:241)
[2025-08-12T00:00:19.214+0000] {spark_submit.py:579} INFO - at org.apache.spark.sql.classic.DataFrameWriter.save(DataFrameWriter.scala:126)
[2025-08-12T00:00:19.214+0000] {spark_submit.py:579} INFO - at org.apache.spark.sql.DataFrameWriter.jdbc(DataFrameWriter.scala:334)
[2025-08-12T00:00:19.215+0000] {spark_submit.py:579} INFO - at java.base/jdk.internal.reflect.NativeMethodAccessorImpl.invoke0(Native Method)
[2025-08-12T00:00:19.215+0000] {spark_submit.py:579} INFO - at java.base/jdk.internal.reflect.NativeMethodAccessorImpl.invoke(NativeMethodAccessorImpl.java:77)
[2025-08-12T00:00:19.216+0000] {spark_submit.py:579} INFO - at java.base/jdk.internal.reflect.DelegatingMethodAccessorImpl.invoke(DelegatingMethodAccessorImpl.java:43)
[2025-08-12T00:00:19.216+0000] {spark_submit.py:579} INFO - at java.base/java.lang.reflect.Method.invoke(Method.java:569)
[2025-08-12T00:00:19.216+0000] {spark_submit.py:579} INFO - at py4j.reflection.MethodInvoker.invoke(MethodInvoker.java:244)
[2025-08-12T00:00:19.217+0000] {spark_submit.py:579} INFO - at py4j.reflection.ReflectionEngine.invoke(ReflectionEngine.java:374)
[2025-08-12T00:00:19.218+0000] {spark_submit.py:579} INFO - at py4j.Gateway.invoke(Gateway.java:282)
[2025-08-12T00:00:19.218+0000] {spark_submit.py:579} INFO - at py4j.commands.AbstractCommand.invokeMethod(AbstractCommand.java:132)
[2025-08-12T00:00:19.219+0000] {spark_submit.py:579} INFO - at py4j.commands.CallCommand.execute(CallCommand.java:79)
[2025-08-12T00:00:19.219+0000] {spark_submit.py:579} INFO - at py4j.ClientServerConnection.waitForCommands(ClientServerConnection.java:184)
[2025-08-12T00:00:19.220+0000] {spark_submit.py:579} INFO - at py4j.ClientServerConnection.run(ClientServerConnection.java:108)
[2025-08-12T00:00:19.220+0000] {spark_submit.py:579} INFO - at java.base/java.lang.Thread.run(Thread.java:840)
[2025-08-12T00:00:19.220+0000] {spark_submit.py:579} INFO - Suppressed: org.apache.spark.util.Utils$OriginalTryStackTraceException: Full stacktrace of original doTryWithCallerStacktrace caller
[2025-08-12T00:00:19.220+0000] {spark_submit.py:579} INFO - at java.base/java.net.URLClassLoader.findClass(URLClassLoader.java:445)
[2025-08-12T00:00:19.221+0000] {spark_submit.py:579} INFO - at java.base/java.lang.ClassLoader.loadClass(ClassLoader.java:592)
[2025-08-12T00:00:19.221+0000] {spark_submit.py:579} INFO - at java.base/java.lang.ClassLoader.loadClass(ClassLoader.java:525)
[2025-08-12T00:00:19.222+0000] {spark_submit.py:579} INFO - at org.apache.spark.sql.execution.datasources.jdbc.DriverRegistry$.register(DriverRegistry.scala:47)
[2025-08-12T00:00:19.222+0000] {spark_submit.py:579} INFO - at org.apache.spark.sql.execution.datasources.jdbc.JDBCOptions.$anonfun$driverClass$1(JDBCOptions.scala:112)
[2025-08-12T00:00:19.222+0000] {spark_submit.py:579} INFO - at org.apache.spark.sql.execution.datasources.jdbc.JDBCOptions.$anonfun$driverClass$1$adapted(JDBCOptions.scala:112)
[2025-08-12T00:00:19.223+0000] {spark_submit.py:579} INFO - at scala.Option.foreach(Option.scala:437)
[2025-08-12T00:00:19.223+0000] {spark_submit.py:579} INFO - at org.apache.spark.sql.execution.datasources.jdbc.JDBCOptions.<init>(JDBCOptions.scala:112)
[2025-08-12T00:00:19.223+0000] {spark_submit.py:579} INFO - at org.apache.spark.sql.execution.datasources.jdbc.JdbcOptionsInWrite.<init>(JDBCOptions.scala:272)
[2025-08-12T00:00:19.224+0000] {spark_submit.py:579} INFO - at org.apache.spark.sql.execution.datasources.jdbc.JdbcOptionsInWrite.<init>(JDBCOptions.scala:276)
[2025-08-12T00:00:19.224+0000] {spark_submit.py:579} INFO - at org.apache.spark.sql.execution.datasources.jdbc.JdbcRelationProvider.createRelation(JdbcRelationProvider.scala:48)
[2025-08-12T00:00:19.225+0000] {spark_submit.py:579} INFO - at org.apache.spark.sql.execution.datasources.SaveIntoDataSourceCommand.run(SaveIntoDataSourceCommand.scala:55)
[2025-08-12T00:00:19.226+0000] {spark_submit.py:579} INFO - at org.apache.spark.sql.execution.command.ExecutedCommandExec.sideEffectResult$lzycompute(commands.scala:79)
[2025-08-12T00:00:19.227+0000] {spark_submit.py:579} INFO - at org.apache.spark.sql.execution.command.ExecutedCommandExec.sideEffectResult(commands.scala:77)
[2025-08-12T00:00:19.227+0000] {spark_submit.py:579} INFO - at org.apache.spark.sql.execution.command.ExecutedCommandExec.executeCollect(commands.scala:88)
[2025-08-12T00:00:19.228+0000] {spark_submit.py:579} INFO - at org.apache.spark.sql.execution.QueryExecution.$anonfun$eagerlyExecuteCommands$2(QueryExecution.scala:155)
[2025-08-12T00:00:19.228+0000] {spark_submit.py:579} INFO - at org.apache.spark.sql.execution.SQLExecution$.$anonfun$withNewExecutionId0$8(SQLExecution.scala:162)
[2025-08-12T00:00:19.228+0000] {spark_submit.py:579} INFO - at org.apache.spark.sql.execution.SQLExecution$.withSessionTagsApplied(SQLExecution.scala:268)
[2025-08-12T00:00:19.229+0000] {spark_submit.py:579} INFO - at org.apache.spark.sql.execution.SQLExecution$.$anonfun$withNewExecutionId0$7(SQLExecution.scala:124)
[2025-08-12T00:00:19.229+0000] {spark_submit.py:579} INFO - at org.apache.spark.JobArtifactSet$.withActiveJobArtifactState(JobArtifactSet.scala:94)
[2025-08-12T00:00:19.229+0000] {spark_submit.py:579} INFO - at org.apache.spark.sql.artifact.ArtifactManager.$anonfun$withResources$1(ArtifactManager.scala:112)
[2025-08-12T00:00:19.230+0000] {spark_submit.py:579} INFO - at org.apache.spark.sql.artifact.ArtifactManager.withClassLoaderIfNeeded(ArtifactManager.scala:106)
[2025-08-12T00:00:19.230+0000] {spark_submit.py:579} INFO - at org.apache.spark.sql.artifact.ArtifactManager.withResources(ArtifactManager.scala:111)
[2025-08-12T00:00:19.231+0000] {spark_submit.py:579} INFO - at org.apache.spark.sql.execution.SQLExecution$.$anonfun$withNewExecutionId0$6(SQLExecution.scala:124)
[2025-08-12T00:00:19.231+0000] {spark_submit.py:579} INFO - at org.apache.spark.sql.execution.SQLExecution$.withSQLConfPropagated(SQLExecution.scala:291)
[2025-08-12T00:00:19.231+0000] {spark_submit.py:579} INFO - at org.apache.spark.sql.execution.SQLExecution$.$anonfun$withNewExecutionId0$1(SQLExecution.scala:123)
[2025-08-12T00:00:19.232+0000] {spark_submit.py:579} INFO - at org.apache.spark.sql.SparkSession.withActive(SparkSession.scala:804)
[2025-08-12T00:00:19.232+0000] {spark_submit.py:579} INFO - at org.apache.spark.sql.execution.SQLExecution$.withNewExecutionId0(SQLExecution.scala:77)
[2025-08-12T00:00:19.232+0000] {spark_submit.py:579} INFO - at org.apache.spark.sql.execution.SQLExecution$.withNewExecutionId(SQLExecution.scala:233)
[2025-08-12T00:00:19.233+0000] {spark_submit.py:579} INFO - at org.apache.spark.sql.execution.QueryExecution.$anonfun$eagerlyExecuteCommands$1(QueryExecution.scala:155)
[2025-08-12T00:00:19.233+0000] {spark_submit.py:579} INFO - at org.apache.spark.sql.execution.QueryExecution$.withInternalError(QueryExecution.scala:654)
[2025-08-12T00:00:19.233+0000] {spark_submit.py:579} INFO - at org.apache.spark.sql.execution.QueryExecution.org$apache$spark$sql$execution$QueryExecution$$eagerlyExecute$1(QueryExecution.scala:154)
[2025-08-12T00:00:19.234+0000] {spark_submit.py:579} INFO - at org.apache.spark.sql.execution.QueryExecution$$anonfun$eagerlyExecuteCommands$3.applyOrElse(QueryExecution.scala:169)
[2025-08-12T00:00:19.234+0000] {spark_submit.py:579} INFO - at org.apache.spark.sql.execution.QueryExecution$$anonfun$eagerlyExecuteCommands$3.applyOrElse(QueryExecution.scala:164)
[2025-08-12T00:00:19.235+0000] {spark_submit.py:579} INFO - at org.apache.spark.sql.catalyst.trees.TreeNode.$anonfun$transformDownWithPruning$1(TreeNode.scala:470)
[2025-08-12T00:00:19.235+0000] {spark_submit.py:579} INFO - at org.apache.spark.sql.catalyst.trees.CurrentOrigin$.withOrigin(origin.scala:86)
[2025-08-12T00:00:19.235+0000] {spark_submit.py:579} INFO - at org.apache.spark.sql.catalyst.trees.TreeNode.transformDownWithPruning(TreeNode.scala:470)
[2025-08-12T00:00:19.236+0000] {spark_submit.py:579} INFO - at org.apache.spark.sql.catalyst.plans.logical.LogicalPlan.org$apache$spark$sql$catalyst$plans$logical$AnalysisHelper$$super$transformDownWithPruning(LogicalPlan.scala:37)
[2025-08-12T00:00:19.237+0000] {spark_submit.py:579} INFO - at org.apache.spark.sql.catalyst.plans.logical.AnalysisHelper.transformDownWithPruning(AnalysisHelper.scala:360)
[2025-08-12T00:00:19.238+0000] {spark_submit.py:579} INFO - at org.apache.spark.sql.catalyst.plans.logical.AnalysisHelper.transformDownWithPruning$(AnalysisHelper.scala:356)
[2025-08-12T00:00:19.238+0000] {spark_submit.py:579} INFO - at org.apache.spark.sql.catalyst.plans.logical.LogicalPlan.transformDownWithPruning(LogicalPlan.scala:37)
[2025-08-12T00:00:19.239+0000] {spark_submit.py:579} INFO - at org.apache.spark.sql.catalyst.plans.logical.LogicalPlan.transformDownWithPruning(LogicalPlan.scala:37)
[2025-08-12T00:00:19.239+0000] {spark_submit.py:579} INFO - at org.apache.spark.sql.catalyst.trees.TreeNode.transformDown(TreeNode.scala:446)
[2025-08-12T00:00:19.240+0000] {spark_submit.py:579} INFO - at org.apache.spark.sql.execution.QueryExecution.eagerlyExecuteCommands(QueryExecution.scala:164)
[2025-08-12T00:00:19.240+0000] {spark_submit.py:579} INFO - at org.apache.spark.sql.execution.QueryExecution.$anonfun$lazyCommandExecuted$1(QueryExecution.scala:126)
[2025-08-12T00:00:19.240+0000] {spark_submit.py:579} INFO - at scala.util.Try$.apply(Try.scala:217)
[2025-08-12T00:00:19.240+0000] {spark_submit.py:579} INFO - at org.apache.spark.util.Utils$.doTryWithCallerStacktrace(Utils.scala:1378)
[2025-08-12T00:00:19.241+0000] {spark_submit.py:579} INFO - at org.apache.spark.util.LazyTry.tryT$lzycompute(LazyTry.scala:46)
[2025-08-12T00:00:19.241+0000] {spark_submit.py:579} INFO - at org.apache.spark.util.LazyTry.tryT(LazyTry.scala:46)
[2025-08-12T00:00:19.241+0000] {spark_submit.py:579} INFO - ... 20 more
[2025-08-12T00:00:19.242+0000] {spark_submit.py:579} INFO - 
[2025-08-12T00:00:19.401+0000] {spark_submit.py:579} INFO - 25/08/12 00:00:19 INFO SparkContext: Invoking stop() from shutdown hook
[2025-08-12T00:00:19.403+0000] {spark_submit.py:579} INFO - 25/08/12 00:00:19 INFO SparkContext: SparkContext is stopping with exitCode 0 from run at Executors.java:539.
[2025-08-12T00:00:19.417+0000] {spark_submit.py:579} INFO - 25/08/12 00:00:19 INFO SparkUI: Stopped Spark web UI at http://dab662e4aa8d:4040
[2025-08-12T00:00:19.423+0000] {spark_submit.py:579} INFO - 25/08/12 00:00:19 INFO StandaloneSchedulerBackend: Shutting down all executors
[2025-08-12T00:00:19.424+0000] {spark_submit.py:579} INFO - 25/08/12 00:00:19 INFO StandaloneSchedulerBackend$StandaloneDriverEndpoint: Asking each executor to shut down
[2025-08-12T00:00:19.451+0000] {spark_submit.py:579} INFO - 25/08/12 00:00:19 INFO MapOutputTrackerMasterEndpoint: MapOutputTrackerMasterEndpoint stopped!
[2025-08-12T00:00:19.609+0000] {spark_submit.py:579} INFO - 25/08/12 00:00:19 INFO MemoryStore: MemoryStore started with capacity 434.4 MiB
[2025-08-12T00:00:19.612+0000] {spark_submit.py:579} INFO - 25/08/12 00:00:19 INFO MemoryStore: MemoryStore cleared
[2025-08-12T00:00:19.612+0000] {spark_submit.py:579} INFO - 25/08/12 00:00:19 INFO BlockManager: BlockManager stopped
[2025-08-12T00:00:19.649+0000] {spark_submit.py:579} INFO - 25/08/12 00:00:19 INFO BlockManagerMaster: BlockManagerMaster stopped
[2025-08-12T00:00:19.651+0000] {spark_submit.py:579} INFO - 25/08/12 00:00:19 INFO OutputCommitCoordinator$OutputCommitCoordinatorEndpoint: OutputCommitCoordinator stopped!
[2025-08-12T00:00:19.694+0000] {spark_submit.py:579} INFO - 25/08/12 00:00:19 INFO SparkContext: Successfully stopped SparkContext
[2025-08-12T00:00:19.695+0000] {spark_submit.py:579} INFO - 25/08/12 00:00:19 INFO ShutdownHookManager: Shutdown hook called
[2025-08-12T00:00:19.696+0000] {spark_submit.py:579} INFO - 25/08/12 00:00:19 INFO ShutdownHookManager: Deleting directory /tmp/spark-1a674e16-0ac3-4b0b-802f-3f6fe6918348/pyspark-76cae2e1-e847-4847-a267-05f768a35879
[2025-08-12T00:00:19.722+0000] {spark_submit.py:579} INFO - 25/08/12 00:00:19 INFO ShutdownHookManager: Deleting directory /opt/***/artifacts/spark-2043854b-8c75-4e35-b297-e8f3bd868924
[2025-08-12T00:00:19.750+0000] {spark_submit.py:579} INFO - 25/08/12 00:00:19 INFO ShutdownHookManager: Deleting directory /tmp/spark-1a674e16-0ac3-4b0b-802f-3f6fe6918348
[2025-08-12T00:00:19.780+0000] {spark_submit.py:579} INFO - 25/08/12 00:00:19 INFO ShutdownHookManager: Deleting directory /tmp/spark-92d2ca31-fc4f-4073-8d72-4a5e47ed7a9a
[2025-08-12T00:00:19.941+0000] {taskinstance.py:1935} ERROR - Task failed with exception
Traceback (most recent call last):
  File "/home/airflow/.local/lib/python3.10/site-packages/airflow/providers/apache/spark/operators/spark_submit.py", line 174, in execute
    self._hook.submit(self.application)
  File "/home/airflow/.local/lib/python3.10/site-packages/airflow/providers/apache/spark/hooks/spark_submit.py", line 505, in submit
    raise AirflowException(
airflow.exceptions.AirflowException: Cannot execute: spark-submit --master spark://spark-master:7077 --jars /opt/spark/external-jars/mssql-jdbc-12.10.1.jre17.jar --name arrow-spark --deploy-mode client jobs/python/wordcountjob.py. Error code is: 1.
[2025-08-12T00:00:19.952+0000] {taskinstance.py:1398} INFO - Marking task as FAILED. dag_id=sparking_flow, task_id=python_job, execution_date=20250811T000000, start_date=20250812T000004, end_date=20250812T000019
[2025-08-12T00:00:19.982+0000] {standard_task_runner.py:104} ERROR - Failed to execute job 11 for task python_job (Cannot execute: spark-submit --master spark://spark-master:7077 --jars /opt/spark/external-jars/mssql-jdbc-12.10.1.jre17.jar --name arrow-spark --deploy-mode client jobs/python/wordcountjob.py. Error code is: 1.; 20558)
[2025-08-12T00:00:20.015+0000] {local_task_job_runner.py:228} INFO - Task exited with return code 1
[2025-08-12T00:00:20.054+0000] {taskinstance.py:2776} INFO - 0 downstream tasks scheduled from follow-on schedule check
[2025-08-12T04:57:18.138+0000] {taskinstance.py:1157} INFO - Dependencies all met for dep_context=non-requeueable deps ti=<TaskInstance: sparking_flow.python_job scheduled__2025-08-11T00:00:00+00:00 [queued]>
[2025-08-12T04:57:18.148+0000] {taskinstance.py:1157} INFO - Dependencies all met for dep_context=requeueable deps ti=<TaskInstance: sparking_flow.python_job scheduled__2025-08-11T00:00:00+00:00 [queued]>
[2025-08-12T04:57:18.148+0000] {taskinstance.py:1359} INFO - Starting attempt 1 of 1
[2025-08-12T04:57:18.165+0000] {taskinstance.py:1380} INFO - Executing <Task(SparkSubmitOperator): python_job> on 2025-08-11 00:00:00+00:00
[2025-08-12T04:57:18.176+0000] {standard_task_runner.py:57} INFO - Started process 273 to run task
[2025-08-12T04:57:18.176+0000] {standard_task_runner.py:84} INFO - Running: ['***', 'tasks', 'run', 'sparking_flow', 'python_job', 'scheduled__2025-08-11T00:00:00+00:00', '--job-id', '5', '--raw', '--subdir', 'DAGS_FOLDER/spark_***.py', '--cfg-path', '/tmp/tmpidyl8d97']
[2025-08-12T04:57:18.180+0000] {standard_task_runner.py:85} INFO - Job 5: Subtask python_job
[2025-08-12T04:57:18.268+0000] {task_command.py:415} INFO - Running <TaskInstance: sparking_flow.python_job scheduled__2025-08-11T00:00:00+00:00 [running]> on host cd1679119d2d
[2025-08-12T04:57:18.384+0000] {taskinstance.py:1660} INFO - Exporting env vars: AIRFLOW_CTX_DAG_OWNER='Yusuf Ganiyu' AIRFLOW_CTX_DAG_ID='sparking_flow' AIRFLOW_CTX_TASK_ID='python_job' AIRFLOW_CTX_EXECUTION_DATE='2025-08-11T00:00:00+00:00' AIRFLOW_CTX_TRY_NUMBER='1' AIRFLOW_CTX_DAG_RUN_ID='scheduled__2025-08-11T00:00:00+00:00'
[2025-08-12T04:57:18.401+0000] {base.py:73} INFO - Using connection ID 'spark-conn' for task execution.
[2025-08-12T04:57:18.405+0000] {spark_submit.py:403} INFO - Spark-Submit cmd: spark-submit --master spark://spark-master:7077 --name arrow-spark --deploy-mode client jobs/python/wordcountjob.py
[2025-08-12T04:57:19.652+0000] {spark_submit.py:579} INFO - WARNING: Using incubator modules: jdk.incubator.vector
[2025-08-12T04:57:26.621+0000] {spark_submit.py:579} INFO - Using Spark's default log4j profile: org/apache/spark/log4j2-defaults.properties
[2025-08-12T04:57:26.631+0000] {spark_submit.py:579} INFO - 25/08/12 04:57:26 INFO SparkContext: Running Spark version 4.0.0
[2025-08-12T04:57:26.637+0000] {spark_submit.py:579} INFO - 25/08/12 04:57:26 INFO SparkContext: OS info Linux, 6.6.87.2-microsoft-standard-WSL2, amd64
[2025-08-12T04:57:26.638+0000] {spark_submit.py:579} INFO - 25/08/12 04:57:26 INFO SparkContext: Java version 17.0.15
[2025-08-12T04:57:26.779+0000] {spark_submit.py:579} INFO - 25/08/12 04:57:26 WARN NativeCodeLoader: Unable to load native-hadoop library for your platform... using builtin-java classes where applicable
[2025-08-12T04:57:26.886+0000] {spark_submit.py:579} INFO - 25/08/12 04:57:26 INFO ResourceUtils: ==============================================================
[2025-08-12T04:57:26.886+0000] {spark_submit.py:579} INFO - 25/08/12 04:57:26 INFO ResourceUtils: No custom resources configured for spark.driver.
[2025-08-12T04:57:26.887+0000] {spark_submit.py:579} INFO - 25/08/12 04:57:26 INFO ResourceUtils: ==============================================================
[2025-08-12T04:57:26.888+0000] {spark_submit.py:579} INFO - 25/08/12 04:57:26 INFO SparkContext: Submitted application: PythonWordCount
[2025-08-12T04:57:26.941+0000] {spark_submit.py:579} INFO - 25/08/12 04:57:26 INFO ResourceProfile: Default ResourceProfile created, executor resources: Map(memory -> name: memory, amount: 1024, script: , vendor: , offHeap -> name: offHeap, amount: 0, script: , vendor: ), task resources: Map(cpus -> name: cpus, amount: 1.0)
[2025-08-12T04:57:26.946+0000] {spark_submit.py:579} INFO - 25/08/12 04:57:26 INFO ResourceProfile: Limiting resource is cpu
[2025-08-12T04:57:26.949+0000] {spark_submit.py:579} INFO - 25/08/12 04:57:26 INFO ResourceProfileManager: Added ResourceProfile id: 0
[2025-08-12T04:57:27.039+0000] {spark_submit.py:579} INFO - 25/08/12 04:57:27 INFO SecurityManager: Changing view acls to: ***
[2025-08-12T04:57:27.040+0000] {spark_submit.py:579} INFO - 25/08/12 04:57:27 INFO SecurityManager: Changing modify acls to: ***
[2025-08-12T04:57:27.040+0000] {spark_submit.py:579} INFO - 25/08/12 04:57:27 INFO SecurityManager: Changing view acls groups to: ***
[2025-08-12T04:57:27.041+0000] {spark_submit.py:579} INFO - 25/08/12 04:57:27 INFO SecurityManager: Changing modify acls groups to: ***
[2025-08-12T04:57:27.043+0000] {spark_submit.py:579} INFO - 25/08/12 04:57:27 INFO SecurityManager: SecurityManager: authentication disabled; ui acls disabled; users with view permissions: *** groups with view permissions: EMPTY; users with modify permissions: ***; groups with modify permissions: EMPTY; RPC SSL disabled
[2025-08-12T04:57:27.725+0000] {spark_submit.py:579} INFO - 25/08/12 04:57:27 INFO Utils: Successfully started service 'sparkDriver' on port 37453.
[2025-08-12T04:57:27.813+0000] {spark_submit.py:579} INFO - 25/08/12 04:57:27 INFO SparkEnv: Registering MapOutputTracker
[2025-08-12T04:57:27.837+0000] {spark_submit.py:579} INFO - 25/08/12 04:57:27 INFO SparkEnv: Registering BlockManagerMaster
[2025-08-12T04:57:27.896+0000] {spark_submit.py:579} INFO - 25/08/12 04:57:27 INFO BlockManagerMasterEndpoint: Using org.apache.spark.storage.DefaultTopologyMapper for getting topology information
[2025-08-12T04:57:27.897+0000] {spark_submit.py:579} INFO - 25/08/12 04:57:27 INFO BlockManagerMasterEndpoint: BlockManagerMasterEndpoint up
[2025-08-12T04:57:27.909+0000] {spark_submit.py:579} INFO - 25/08/12 04:57:27 INFO SparkEnv: Registering BlockManagerMasterHeartbeat
[2025-08-12T04:57:27.978+0000] {spark_submit.py:579} INFO - 25/08/12 04:57:27 INFO DiskBlockManager: Created local directory at /tmp/blockmgr-ae866f19-823c-4f85-b486-9daeaf3eefdf
[2025-08-12T04:57:28.034+0000] {spark_submit.py:579} INFO - 25/08/12 04:57:28 INFO SparkEnv: Registering OutputCommitCoordinator
[2025-08-12T04:57:28.390+0000] {spark_submit.py:579} INFO - 25/08/12 04:57:28 INFO JettyUtils: Start Jetty 0.0.0.0:4040 for SparkUI
[2025-08-12T04:57:28.525+0000] {spark_submit.py:579} INFO - 25/08/12 04:57:28 WARN Utils: Service 'SparkUI' could not bind on port 4040. Attempting port 4041.
[2025-08-12T04:57:28.533+0000] {spark_submit.py:579} INFO - 25/08/12 04:57:28 INFO Utils: Successfully started service 'SparkUI' on port 4041.
[2025-08-12T04:57:28.595+0000] {spark_submit.py:579} INFO - 25/08/12 04:57:28 INFO SecurityManager: Changing view acls to: ***
[2025-08-12T04:57:28.596+0000] {spark_submit.py:579} INFO - 25/08/12 04:57:28 INFO SecurityManager: Changing modify acls to: ***
[2025-08-12T04:57:28.596+0000] {spark_submit.py:579} INFO - 25/08/12 04:57:28 INFO SecurityManager: Changing view acls groups to: ***
[2025-08-12T04:57:28.597+0000] {spark_submit.py:579} INFO - 25/08/12 04:57:28 INFO SecurityManager: Changing modify acls groups to: ***
[2025-08-12T04:57:28.597+0000] {spark_submit.py:579} INFO - 25/08/12 04:57:28 INFO SecurityManager: SecurityManager: authentication disabled; ui acls disabled; users with view permissions: *** groups with view permissions: EMPTY; users with modify permissions: ***; groups with modify permissions: EMPTY; RPC SSL disabled
[2025-08-12T04:57:28.857+0000] {spark_submit.py:579} INFO - 25/08/12 04:57:28 INFO StandaloneAppClient$ClientEndpoint: Connecting to master spark://spark-master:7077...
[2025-08-12T04:57:28.965+0000] {spark_submit.py:579} INFO - 25/08/12 04:57:28 INFO TransportClientFactory: Successfully created connection to spark-master/172.18.0.3:7077 after 59 ms (0 ms spent in bootstraps)
[2025-08-12T04:57:30.380+0000] {spark_submit.py:579} INFO - 25/08/12 04:57:30 INFO StandaloneSchedulerBackend: Connected to Spark cluster with app ID app-20250812045729-0000
[2025-08-12T04:57:30.443+0000] {spark_submit.py:579} INFO - 25/08/12 04:57:30 INFO Utils: Successfully started service 'org.apache.spark.network.netty.NettyBlockTransferService' on port 44425.
[2025-08-12T04:57:30.446+0000] {spark_submit.py:579} INFO - 25/08/12 04:57:30 INFO NettyBlockTransferService: Server created on cd1679119d2d:44425
[2025-08-12T04:57:30.469+0000] {spark_submit.py:579} INFO - 25/08/12 04:57:30 INFO BlockManager: Using org.apache.spark.storage.RandomBlockReplicationPolicy for block replication policy
[2025-08-12T04:57:30.565+0000] {spark_submit.py:579} INFO - 25/08/12 04:57:30 INFO BlockManagerMaster: Registering BlockManager BlockManagerId(driver, cd1679119d2d, 44425, None)
[2025-08-12T04:57:30.576+0000] {spark_submit.py:579} INFO - 25/08/12 04:57:30 INFO BlockManagerMasterEndpoint: Registering block manager cd1679119d2d:44425 with 434.4 MiB RAM, BlockManagerId(driver, cd1679119d2d, 44425, None)
[2025-08-12T04:57:30.580+0000] {spark_submit.py:579} INFO - 25/08/12 04:57:30 INFO BlockManagerMaster: Registered BlockManager BlockManagerId(driver, cd1679119d2d, 44425, None)
[2025-08-12T04:57:30.583+0000] {spark_submit.py:579} INFO - 25/08/12 04:57:30 INFO BlockManager: Initialized BlockManager: BlockManagerId(driver, cd1679119d2d, 44425, None)
[2025-08-12T04:57:30.909+0000] {spark_submit.py:579} INFO - 25/08/12 04:57:30 INFO StandaloneAppClient$ClientEndpoint: Executor added: app-20250812045729-0000/0 on worker-20250812044909-172.18.0.5-44209 (172.18.0.5:44209) with 2 core(s)
[2025-08-12T04:57:30.912+0000] {spark_submit.py:579} INFO - 25/08/12 04:57:30 INFO StandaloneSchedulerBackend: Granted executor ID app-20250812045729-0000/0 on hostPort 172.18.0.5:44209 with 2 core(s), 1024.0 MiB RAM
[2025-08-12T04:57:30.977+0000] {spark_submit.py:579} INFO - 25/08/12 04:57:30 INFO StandaloneSchedulerBackend: SchedulerBackend is ready for scheduling beginning after reached minRegisteredResourcesRatio: 0.0
[2025-08-12T04:57:32.848+0000] {spark_submit.py:579} INFO - 25/08/12 04:57:32 INFO StandaloneAppClient$ClientEndpoint: Executor updated: app-20250812045729-0000/0 is now RUNNING
[2025-08-12T04:57:37.847+0000] {spark_submit.py:579} INFO - dict_keys(['daily', 'daily960', 'live_rapid', 'live_blitz', 'live_bullet', 'live_bughouse', 'live_blitz960', 'live_threecheck', 'live_crazyhouse', 'live_kingofthehill', 'tactics', 'rush', 'battle'])
[2025-08-12T04:57:38.090+0000] {spark_submit.py:579} INFO - 25/08/12 04:57:38 INFO SharedState: Setting hive.metastore.warehouse.dir ('null') to the value of spark.sql.warehouse.dir.
[2025-08-12T04:57:38.113+0000] {spark_submit.py:579} INFO - 25/08/12 04:57:38 INFO SharedState: Warehouse path is 'file:/opt/***/spark-warehouse'.
[2025-08-12T04:57:39.297+0000] {spark_submit.py:579} INFO - 25/08/12 04:57:39 INFO StandaloneSchedulerBackend$StandaloneDriverEndpoint: Registered executor NettyRpcEndpointRef(spark-client://Executor) (172.18.0.5:57986) with ID 0, ResourceProfileId 0
[2025-08-12T04:57:39.757+0000] {spark_submit.py:579} INFO - 25/08/12 04:57:39 INFO BlockManagerMasterEndpoint: Registering block manager 172.18.0.5:42553 with 434.4 MiB RAM, BlockManagerId(0, 172.18.0.5, 42553, None)
[2025-08-12T04:57:42.175+0000] {spark_submit.py:579} INFO - Traceback (most recent call last):
[2025-08-12T04:57:42.177+0000] {spark_submit.py:579} INFO - File "/opt/***/jobs/python/wordcountjob.py", line 84, in <module>
[2025-08-12T04:57:42.180+0000] {spark_submit.py:579} INFO - write_data(daily,"daily")
[2025-08-12T04:57:42.180+0000] {spark_submit.py:579} INFO - File "/opt/***/jobs/python/wordcountjob.py", line 80, in write_data
[2025-08-12T04:57:42.182+0000] {spark_submit.py:579} INFO - df.write.mode("overwrite").jdbc(url=jdbc_url, table=f"dbo.{table}", properties=properties)
[2025-08-12T04:57:42.182+0000] {spark_submit.py:579} INFO - File "/home/***/.local/lib/python3.10/site-packages/pyspark/python/lib/pyspark.zip/pyspark/sql/readwriter.py", line 2347, in jdbc
[2025-08-12T04:57:42.183+0000] {spark_submit.py:579} INFO - File "/home/***/.local/lib/python3.10/site-packages/pyspark/python/lib/py4j-0.10.9.9-src.zip/py4j/java_gateway.py", line 1362, in __call__
[2025-08-12T04:57:42.183+0000] {spark_submit.py:579} INFO - File "/home/***/.local/lib/python3.10/site-packages/pyspark/python/lib/pyspark.zip/pyspark/errors/exceptions/captured.py", line 282, in deco
[2025-08-12T04:57:42.184+0000] {spark_submit.py:579} INFO - File "/home/***/.local/lib/python3.10/site-packages/pyspark/python/lib/py4j-0.10.9.9-src.zip/py4j/protocol.py", line 327, in get_return_value
[2025-08-12T04:57:42.230+0000] {spark_submit.py:579} INFO - py4j.protocol.Py4JJavaError: An error occurred while calling o136.jdbc.
[2025-08-12T04:57:42.230+0000] {spark_submit.py:579} INFO - : java.lang.ClassNotFoundException: com.microsoft.sqlserver.jdbc.SQLServerDriver
[2025-08-12T04:57:42.231+0000] {spark_submit.py:579} INFO - at java.base/java.net.URLClassLoader.findClass(URLClassLoader.java:445)
[2025-08-12T04:57:42.231+0000] {spark_submit.py:579} INFO - at java.base/java.lang.ClassLoader.loadClass(ClassLoader.java:592)
[2025-08-12T04:57:42.232+0000] {spark_submit.py:579} INFO - at java.base/java.lang.ClassLoader.loadClass(ClassLoader.java:525)
[2025-08-12T04:57:42.232+0000] {spark_submit.py:579} INFO - at org.apache.spark.sql.execution.datasources.jdbc.DriverRegistry$.register(DriverRegistry.scala:47)
[2025-08-12T04:57:42.233+0000] {spark_submit.py:579} INFO - at org.apache.spark.sql.execution.datasources.jdbc.JDBCOptions.$anonfun$driverClass$1(JDBCOptions.scala:112)
[2025-08-12T04:57:42.233+0000] {spark_submit.py:579} INFO - at org.apache.spark.sql.execution.datasources.jdbc.JDBCOptions.$anonfun$driverClass$1$adapted(JDBCOptions.scala:112)
[2025-08-12T04:57:42.233+0000] {spark_submit.py:579} INFO - at scala.Option.foreach(Option.scala:437)
[2025-08-12T04:57:42.234+0000] {spark_submit.py:579} INFO - at org.apache.spark.sql.execution.datasources.jdbc.JDBCOptions.<init>(JDBCOptions.scala:112)
[2025-08-12T04:57:42.234+0000] {spark_submit.py:579} INFO - at org.apache.spark.sql.execution.datasources.jdbc.JdbcOptionsInWrite.<init>(JDBCOptions.scala:272)
[2025-08-12T04:57:42.234+0000] {spark_submit.py:579} INFO - at org.apache.spark.sql.execution.datasources.jdbc.JdbcOptionsInWrite.<init>(JDBCOptions.scala:276)
[2025-08-12T04:57:42.234+0000] {spark_submit.py:579} INFO - at org.apache.spark.sql.execution.datasources.jdbc.JdbcRelationProvider.createRelation(JdbcRelationProvider.scala:48)
[2025-08-12T04:57:42.235+0000] {spark_submit.py:579} INFO - at org.apache.spark.sql.execution.datasources.SaveIntoDataSourceCommand.run(SaveIntoDataSourceCommand.scala:55)
[2025-08-12T04:57:42.235+0000] {spark_submit.py:579} INFO - at org.apache.spark.sql.execution.command.ExecutedCommandExec.sideEffectResult$lzycompute(commands.scala:79)
[2025-08-12T04:57:42.235+0000] {spark_submit.py:579} INFO - at org.apache.spark.sql.execution.command.ExecutedCommandExec.sideEffectResult(commands.scala:77)
[2025-08-12T04:57:42.235+0000] {spark_submit.py:579} INFO - at org.apache.spark.sql.execution.command.ExecutedCommandExec.executeCollect(commands.scala:88)
[2025-08-12T04:57:42.236+0000] {spark_submit.py:579} INFO - at org.apache.spark.sql.execution.QueryExecution.$anonfun$eagerlyExecuteCommands$2(QueryExecution.scala:155)
[2025-08-12T04:57:42.236+0000] {spark_submit.py:579} INFO - at org.apache.spark.sql.execution.SQLExecution$.$anonfun$withNewExecutionId0$8(SQLExecution.scala:162)
[2025-08-12T04:57:42.236+0000] {spark_submit.py:579} INFO - at org.apache.spark.sql.execution.SQLExecution$.withSessionTagsApplied(SQLExecution.scala:268)
[2025-08-12T04:57:42.237+0000] {spark_submit.py:579} INFO - at org.apache.spark.sql.execution.SQLExecution$.$anonfun$withNewExecutionId0$7(SQLExecution.scala:124)
[2025-08-12T04:57:42.237+0000] {spark_submit.py:579} INFO - at org.apache.spark.JobArtifactSet$.withActiveJobArtifactState(JobArtifactSet.scala:94)
[2025-08-12T04:57:42.237+0000] {spark_submit.py:579} INFO - at org.apache.spark.sql.artifact.ArtifactManager.$anonfun$withResources$1(ArtifactManager.scala:112)
[2025-08-12T04:57:42.238+0000] {spark_submit.py:579} INFO - at org.apache.spark.sql.artifact.ArtifactManager.withClassLoaderIfNeeded(ArtifactManager.scala:106)
[2025-08-12T04:57:42.238+0000] {spark_submit.py:579} INFO - at org.apache.spark.sql.artifact.ArtifactManager.withResources(ArtifactManager.scala:111)
[2025-08-12T04:57:42.238+0000] {spark_submit.py:579} INFO - at org.apache.spark.sql.execution.SQLExecution$.$anonfun$withNewExecutionId0$6(SQLExecution.scala:124)
[2025-08-12T04:57:42.239+0000] {spark_submit.py:579} INFO - at org.apache.spark.sql.execution.SQLExecution$.withSQLConfPropagated(SQLExecution.scala:291)
[2025-08-12T04:57:42.239+0000] {spark_submit.py:579} INFO - at org.apache.spark.sql.execution.SQLExecution$.$anonfun$withNewExecutionId0$1(SQLExecution.scala:123)
[2025-08-12T04:57:42.239+0000] {spark_submit.py:579} INFO - at org.apache.spark.sql.SparkSession.withActive(SparkSession.scala:804)
[2025-08-12T04:57:42.239+0000] {spark_submit.py:579} INFO - at org.apache.spark.sql.execution.SQLExecution$.withNewExecutionId0(SQLExecution.scala:77)
[2025-08-12T04:57:42.240+0000] {spark_submit.py:579} INFO - at org.apache.spark.sql.execution.SQLExecution$.withNewExecutionId(SQLExecution.scala:233)
[2025-08-12T04:57:42.240+0000] {spark_submit.py:579} INFO - at org.apache.spark.sql.execution.QueryExecution.$anonfun$eagerlyExecuteCommands$1(QueryExecution.scala:155)
[2025-08-12T04:57:42.240+0000] {spark_submit.py:579} INFO - at org.apache.spark.sql.execution.QueryExecution$.withInternalError(QueryExecution.scala:654)
[2025-08-12T04:57:42.240+0000] {spark_submit.py:579} INFO - at org.apache.spark.sql.execution.QueryExecution.org$apache$spark$sql$execution$QueryExecution$$eagerlyExecute$1(QueryExecution.scala:154)
[2025-08-12T04:57:42.241+0000] {spark_submit.py:579} INFO - at org.apache.spark.sql.execution.QueryExecution$$anonfun$eagerlyExecuteCommands$3.applyOrElse(QueryExecution.scala:169)
[2025-08-12T04:57:42.241+0000] {spark_submit.py:579} INFO - at org.apache.spark.sql.execution.QueryExecution$$anonfun$eagerlyExecuteCommands$3.applyOrElse(QueryExecution.scala:164)
[2025-08-12T04:57:42.241+0000] {spark_submit.py:579} INFO - at org.apache.spark.sql.catalyst.trees.TreeNode.$anonfun$transformDownWithPruning$1(TreeNode.scala:470)
[2025-08-12T04:57:42.241+0000] {spark_submit.py:579} INFO - at org.apache.spark.sql.catalyst.trees.CurrentOrigin$.withOrigin(origin.scala:86)
[2025-08-12T04:57:42.242+0000] {spark_submit.py:579} INFO - at org.apache.spark.sql.catalyst.trees.TreeNode.transformDownWithPruning(TreeNode.scala:470)
[2025-08-12T04:57:42.242+0000] {spark_submit.py:579} INFO - at org.apache.spark.sql.catalyst.plans.logical.LogicalPlan.org$apache$spark$sql$catalyst$plans$logical$AnalysisHelper$$super$transformDownWithPruning(LogicalPlan.scala:37)
[2025-08-12T04:57:42.242+0000] {spark_submit.py:579} INFO - at org.apache.spark.sql.catalyst.plans.logical.AnalysisHelper.transformDownWithPruning(AnalysisHelper.scala:360)
[2025-08-12T04:57:42.242+0000] {spark_submit.py:579} INFO - at org.apache.spark.sql.catalyst.plans.logical.AnalysisHelper.transformDownWithPruning$(AnalysisHelper.scala:356)
[2025-08-12T04:57:42.243+0000] {spark_submit.py:579} INFO - at org.apache.spark.sql.catalyst.plans.logical.LogicalPlan.transformDownWithPruning(LogicalPlan.scala:37)
[2025-08-12T04:57:42.243+0000] {spark_submit.py:579} INFO - at org.apache.spark.sql.catalyst.plans.logical.LogicalPlan.transformDownWithPruning(LogicalPlan.scala:37)
[2025-08-12T04:57:42.243+0000] {spark_submit.py:579} INFO - at org.apache.spark.sql.catalyst.trees.TreeNode.transformDown(TreeNode.scala:446)
[2025-08-12T04:57:42.243+0000] {spark_submit.py:579} INFO - at org.apache.spark.sql.execution.QueryExecution.eagerlyExecuteCommands(QueryExecution.scala:164)
[2025-08-12T04:57:42.244+0000] {spark_submit.py:579} INFO - at org.apache.spark.sql.execution.QueryExecution.$anonfun$lazyCommandExecuted$1(QueryExecution.scala:126)
[2025-08-12T04:57:42.244+0000] {spark_submit.py:579} INFO - at scala.util.Try$.apply(Try.scala:217)
[2025-08-12T04:57:42.244+0000] {spark_submit.py:579} INFO - at org.apache.spark.util.Utils$.doTryWithCallerStacktrace(Utils.scala:1378)
[2025-08-12T04:57:42.244+0000] {spark_submit.py:579} INFO - at org.apache.spark.util.Utils$.getTryWithCallerStacktrace(Utils.scala:1439)
[2025-08-12T04:57:42.245+0000] {spark_submit.py:579} INFO - at org.apache.spark.util.LazyTry.get(LazyTry.scala:58)
[2025-08-12T04:57:42.245+0000] {spark_submit.py:579} INFO - at org.apache.spark.sql.execution.QueryExecution.commandExecuted(QueryExecution.scala:131)
[2025-08-12T04:57:42.245+0000] {spark_submit.py:579} INFO - at org.apache.spark.sql.execution.QueryExecution.assertCommandExecuted(QueryExecution.scala:192)
[2025-08-12T04:57:42.245+0000] {spark_submit.py:579} INFO - at org.apache.spark.sql.classic.DataFrameWriter.runCommand(DataFrameWriter.scala:622)
[2025-08-12T04:57:42.246+0000] {spark_submit.py:579} INFO - at org.apache.spark.sql.classic.DataFrameWriter.saveToV1Source(DataFrameWriter.scala:273)
[2025-08-12T04:57:42.246+0000] {spark_submit.py:579} INFO - at org.apache.spark.sql.classic.DataFrameWriter.saveInternal(DataFrameWriter.scala:241)
[2025-08-12T04:57:42.246+0000] {spark_submit.py:579} INFO - at org.apache.spark.sql.classic.DataFrameWriter.save(DataFrameWriter.scala:126)
[2025-08-12T04:57:42.247+0000] {spark_submit.py:579} INFO - at org.apache.spark.sql.DataFrameWriter.jdbc(DataFrameWriter.scala:334)
[2025-08-12T04:57:42.247+0000] {spark_submit.py:579} INFO - at java.base/jdk.internal.reflect.NativeMethodAccessorImpl.invoke0(Native Method)
[2025-08-12T04:57:42.247+0000] {spark_submit.py:579} INFO - at java.base/jdk.internal.reflect.NativeMethodAccessorImpl.invoke(NativeMethodAccessorImpl.java:77)
[2025-08-12T04:57:42.247+0000] {spark_submit.py:579} INFO - at java.base/jdk.internal.reflect.DelegatingMethodAccessorImpl.invoke(DelegatingMethodAccessorImpl.java:43)
[2025-08-12T04:57:42.248+0000] {spark_submit.py:579} INFO - at java.base/java.lang.reflect.Method.invoke(Method.java:569)
[2025-08-12T04:57:42.248+0000] {spark_submit.py:579} INFO - at py4j.reflection.MethodInvoker.invoke(MethodInvoker.java:244)
[2025-08-12T04:57:42.248+0000] {spark_submit.py:579} INFO - at py4j.reflection.ReflectionEngine.invoke(ReflectionEngine.java:374)
[2025-08-12T04:57:42.248+0000] {spark_submit.py:579} INFO - at py4j.Gateway.invoke(Gateway.java:282)
[2025-08-12T04:57:42.249+0000] {spark_submit.py:579} INFO - at py4j.commands.AbstractCommand.invokeMethod(AbstractCommand.java:132)
[2025-08-12T04:57:42.249+0000] {spark_submit.py:579} INFO - at py4j.commands.CallCommand.execute(CallCommand.java:79)
[2025-08-12T04:57:42.249+0000] {spark_submit.py:579} INFO - at py4j.ClientServerConnection.waitForCommands(ClientServerConnection.java:184)
[2025-08-12T04:57:42.249+0000] {spark_submit.py:579} INFO - at py4j.ClientServerConnection.run(ClientServerConnection.java:108)
[2025-08-12T04:57:42.249+0000] {spark_submit.py:579} INFO - at java.base/java.lang.Thread.run(Thread.java:840)
[2025-08-12T04:57:42.250+0000] {spark_submit.py:579} INFO - Suppressed: org.apache.spark.util.Utils$OriginalTryStackTraceException: Full stacktrace of original doTryWithCallerStacktrace caller
[2025-08-12T04:57:42.250+0000] {spark_submit.py:579} INFO - at java.base/java.net.URLClassLoader.findClass(URLClassLoader.java:445)
[2025-08-12T04:57:42.250+0000] {spark_submit.py:579} INFO - at java.base/java.lang.ClassLoader.loadClass(ClassLoader.java:592)
[2025-08-12T04:57:42.250+0000] {spark_submit.py:579} INFO - at java.base/java.lang.ClassLoader.loadClass(ClassLoader.java:525)
[2025-08-12T04:57:42.251+0000] {spark_submit.py:579} INFO - at org.apache.spark.sql.execution.datasources.jdbc.DriverRegistry$.register(DriverRegistry.scala:47)
[2025-08-12T04:57:42.251+0000] {spark_submit.py:579} INFO - at org.apache.spark.sql.execution.datasources.jdbc.JDBCOptions.$anonfun$driverClass$1(JDBCOptions.scala:112)
[2025-08-12T04:57:42.251+0000] {spark_submit.py:579} INFO - at org.apache.spark.sql.execution.datasources.jdbc.JDBCOptions.$anonfun$driverClass$1$adapted(JDBCOptions.scala:112)
[2025-08-12T04:57:42.251+0000] {spark_submit.py:579} INFO - at scala.Option.foreach(Option.scala:437)
[2025-08-12T04:57:42.252+0000] {spark_submit.py:579} INFO - at org.apache.spark.sql.execution.datasources.jdbc.JDBCOptions.<init>(JDBCOptions.scala:112)
[2025-08-12T04:57:42.252+0000] {spark_submit.py:579} INFO - at org.apache.spark.sql.execution.datasources.jdbc.JdbcOptionsInWrite.<init>(JDBCOptions.scala:272)
[2025-08-12T04:57:42.252+0000] {spark_submit.py:579} INFO - at org.apache.spark.sql.execution.datasources.jdbc.JdbcOptionsInWrite.<init>(JDBCOptions.scala:276)
[2025-08-12T04:57:42.252+0000] {spark_submit.py:579} INFO - at org.apache.spark.sql.execution.datasources.jdbc.JdbcRelationProvider.createRelation(JdbcRelationProvider.scala:48)
[2025-08-12T04:57:42.253+0000] {spark_submit.py:579} INFO - at org.apache.spark.sql.execution.datasources.SaveIntoDataSourceCommand.run(SaveIntoDataSourceCommand.scala:55)
[2025-08-12T04:57:42.253+0000] {spark_submit.py:579} INFO - at org.apache.spark.sql.execution.command.ExecutedCommandExec.sideEffectResult$lzycompute(commands.scala:79)
[2025-08-12T04:57:42.253+0000] {spark_submit.py:579} INFO - at org.apache.spark.sql.execution.command.ExecutedCommandExec.sideEffectResult(commands.scala:77)
[2025-08-12T04:57:42.254+0000] {spark_submit.py:579} INFO - at org.apache.spark.sql.execution.command.ExecutedCommandExec.executeCollect(commands.scala:88)
[2025-08-12T04:57:42.254+0000] {spark_submit.py:579} INFO - at org.apache.spark.sql.execution.QueryExecution.$anonfun$eagerlyExecuteCommands$2(QueryExecution.scala:155)
[2025-08-12T04:57:42.254+0000] {spark_submit.py:579} INFO - at org.apache.spark.sql.execution.SQLExecution$.$anonfun$withNewExecutionId0$8(SQLExecution.scala:162)
[2025-08-12T04:57:42.254+0000] {spark_submit.py:579} INFO - at org.apache.spark.sql.execution.SQLExecution$.withSessionTagsApplied(SQLExecution.scala:268)
[2025-08-12T04:57:42.255+0000] {spark_submit.py:579} INFO - at org.apache.spark.sql.execution.SQLExecution$.$anonfun$withNewExecutionId0$7(SQLExecution.scala:124)
[2025-08-12T04:57:42.255+0000] {spark_submit.py:579} INFO - at org.apache.spark.JobArtifactSet$.withActiveJobArtifactState(JobArtifactSet.scala:94)
[2025-08-12T04:57:42.255+0000] {spark_submit.py:579} INFO - at org.apache.spark.sql.artifact.ArtifactManager.$anonfun$withResources$1(ArtifactManager.scala:112)
[2025-08-12T04:57:42.255+0000] {spark_submit.py:579} INFO - at org.apache.spark.sql.artifact.ArtifactManager.withClassLoaderIfNeeded(ArtifactManager.scala:106)
[2025-08-12T04:57:42.256+0000] {spark_submit.py:579} INFO - at org.apache.spark.sql.artifact.ArtifactManager.withResources(ArtifactManager.scala:111)
[2025-08-12T04:57:42.256+0000] {spark_submit.py:579} INFO - at org.apache.spark.sql.execution.SQLExecution$.$anonfun$withNewExecutionId0$6(SQLExecution.scala:124)
[2025-08-12T04:57:42.256+0000] {spark_submit.py:579} INFO - at org.apache.spark.sql.execution.SQLExecution$.withSQLConfPropagated(SQLExecution.scala:291)
[2025-08-12T04:57:42.256+0000] {spark_submit.py:579} INFO - at org.apache.spark.sql.execution.SQLExecution$.$anonfun$withNewExecutionId0$1(SQLExecution.scala:123)
[2025-08-12T04:57:42.257+0000] {spark_submit.py:579} INFO - at org.apache.spark.sql.SparkSession.withActive(SparkSession.scala:804)
[2025-08-12T04:57:42.257+0000] {spark_submit.py:579} INFO - at org.apache.spark.sql.execution.SQLExecution$.withNewExecutionId0(SQLExecution.scala:77)
[2025-08-12T04:57:42.257+0000] {spark_submit.py:579} INFO - at org.apache.spark.sql.execution.SQLExecution$.withNewExecutionId(SQLExecution.scala:233)
[2025-08-12T04:57:42.257+0000] {spark_submit.py:579} INFO - at org.apache.spark.sql.execution.QueryExecution.$anonfun$eagerlyExecuteCommands$1(QueryExecution.scala:155)
[2025-08-12T04:57:42.258+0000] {spark_submit.py:579} INFO - at org.apache.spark.sql.execution.QueryExecution$.withInternalError(QueryExecution.scala:654)
[2025-08-12T04:57:42.258+0000] {spark_submit.py:579} INFO - at org.apache.spark.sql.execution.QueryExecution.org$apache$spark$sql$execution$QueryExecution$$eagerlyExecute$1(QueryExecution.scala:154)
[2025-08-12T04:57:42.258+0000] {spark_submit.py:579} INFO - at org.apache.spark.sql.execution.QueryExecution$$anonfun$eagerlyExecuteCommands$3.applyOrElse(QueryExecution.scala:169)
[2025-08-12T04:57:42.259+0000] {spark_submit.py:579} INFO - at org.apache.spark.sql.execution.QueryExecution$$anonfun$eagerlyExecuteCommands$3.applyOrElse(QueryExecution.scala:164)
[2025-08-12T04:57:42.259+0000] {spark_submit.py:579} INFO - at org.apache.spark.sql.catalyst.trees.TreeNode.$anonfun$transformDownWithPruning$1(TreeNode.scala:470)
[2025-08-12T04:57:42.259+0000] {spark_submit.py:579} INFO - at org.apache.spark.sql.catalyst.trees.CurrentOrigin$.withOrigin(origin.scala:86)
[2025-08-12T04:57:42.259+0000] {spark_submit.py:579} INFO - at org.apache.spark.sql.catalyst.trees.TreeNode.transformDownWithPruning(TreeNode.scala:470)
[2025-08-12T04:57:42.259+0000] {spark_submit.py:579} INFO - at org.apache.spark.sql.catalyst.plans.logical.LogicalPlan.org$apache$spark$sql$catalyst$plans$logical$AnalysisHelper$$super$transformDownWithPruning(LogicalPlan.scala:37)
[2025-08-12T04:57:42.260+0000] {spark_submit.py:579} INFO - at org.apache.spark.sql.catalyst.plans.logical.AnalysisHelper.transformDownWithPruning(AnalysisHelper.scala:360)
[2025-08-12T04:57:42.260+0000] {spark_submit.py:579} INFO - at org.apache.spark.sql.catalyst.plans.logical.AnalysisHelper.transformDownWithPruning$(AnalysisHelper.scala:356)
[2025-08-12T04:57:42.260+0000] {spark_submit.py:579} INFO - at org.apache.spark.sql.catalyst.plans.logical.LogicalPlan.transformDownWithPruning(LogicalPlan.scala:37)
[2025-08-12T04:57:42.260+0000] {spark_submit.py:579} INFO - at org.apache.spark.sql.catalyst.plans.logical.LogicalPlan.transformDownWithPruning(LogicalPlan.scala:37)
[2025-08-12T04:57:42.261+0000] {spark_submit.py:579} INFO - at org.apache.spark.sql.catalyst.trees.TreeNode.transformDown(TreeNode.scala:446)
[2025-08-12T04:57:42.261+0000] {spark_submit.py:579} INFO - at org.apache.spark.sql.execution.QueryExecution.eagerlyExecuteCommands(QueryExecution.scala:164)
[2025-08-12T04:57:42.261+0000] {spark_submit.py:579} INFO - at org.apache.spark.sql.execution.QueryExecution.$anonfun$lazyCommandExecuted$1(QueryExecution.scala:126)
[2025-08-12T04:57:42.261+0000] {spark_submit.py:579} INFO - at scala.util.Try$.apply(Try.scala:217)
[2025-08-12T04:57:42.262+0000] {spark_submit.py:579} INFO - at org.apache.spark.util.Utils$.doTryWithCallerStacktrace(Utils.scala:1378)
[2025-08-12T04:57:42.262+0000] {spark_submit.py:579} INFO - at org.apache.spark.util.LazyTry.tryT$lzycompute(LazyTry.scala:46)
[2025-08-12T04:57:42.262+0000] {spark_submit.py:579} INFO - at org.apache.spark.util.LazyTry.tryT(LazyTry.scala:46)
[2025-08-12T04:57:42.262+0000] {spark_submit.py:579} INFO - ... 20 more
[2025-08-12T04:57:42.263+0000] {spark_submit.py:579} INFO - 
[2025-08-12T04:57:42.401+0000] {spark_submit.py:579} INFO - 25/08/12 04:57:42 INFO SparkContext: Invoking stop() from shutdown hook
[2025-08-12T04:57:42.403+0000] {spark_submit.py:579} INFO - 25/08/12 04:57:42 INFO SparkContext: SparkContext is stopping with exitCode 0 from run at Executors.java:539.
[2025-08-12T04:57:42.412+0000] {spark_submit.py:579} INFO - 25/08/12 04:57:42 INFO SparkUI: Stopped Spark web UI at http://cd1679119d2d:4041
[2025-08-12T04:57:42.415+0000] {spark_submit.py:579} INFO - 25/08/12 04:57:42 INFO StandaloneSchedulerBackend: Shutting down all executors
[2025-08-12T04:57:42.416+0000] {spark_submit.py:579} INFO - 25/08/12 04:57:42 INFO StandaloneSchedulerBackend$StandaloneDriverEndpoint: Asking each executor to shut down
[2025-08-12T04:57:42.433+0000] {spark_submit.py:579} INFO - 25/08/12 04:57:42 INFO MapOutputTrackerMasterEndpoint: MapOutputTrackerMasterEndpoint stopped!
[2025-08-12T04:57:42.455+0000] {spark_submit.py:579} INFO - 25/08/12 04:57:42 INFO MemoryStore: MemoryStore started with capacity 434.4 MiB
[2025-08-12T04:57:42.457+0000] {spark_submit.py:579} INFO - 25/08/12 04:57:42 INFO MemoryStore: MemoryStore cleared
[2025-08-12T04:57:42.461+0000] {spark_submit.py:579} INFO - 25/08/12 04:57:42 INFO BlockManager: BlockManager stopped
[2025-08-12T04:57:42.462+0000] {spark_submit.py:579} INFO - 25/08/12 04:57:42 INFO BlockManagerMaster: BlockManagerMaster stopped
[2025-08-12T04:57:42.464+0000] {spark_submit.py:579} INFO - 25/08/12 04:57:42 INFO OutputCommitCoordinator$OutputCommitCoordinatorEndpoint: OutputCommitCoordinator stopped!
[2025-08-12T04:57:42.478+0000] {spark_submit.py:579} INFO - 25/08/12 04:57:42 INFO SparkContext: Successfully stopped SparkContext
[2025-08-12T04:57:42.478+0000] {spark_submit.py:579} INFO - 25/08/12 04:57:42 INFO ShutdownHookManager: Shutdown hook called
[2025-08-12T04:57:42.479+0000] {spark_submit.py:579} INFO - 25/08/12 04:57:42 INFO ShutdownHookManager: Deleting directory /opt/***/artifacts/spark-144504ac-e7a4-453b-84fc-13fc91bacf4f
[2025-08-12T04:57:42.483+0000] {spark_submit.py:579} INFO - 25/08/12 04:57:42 INFO ShutdownHookManager: Deleting directory /tmp/spark-e74cbf45-7ff7-4295-afe1-2fb8f9c10374
[2025-08-12T04:57:42.489+0000] {spark_submit.py:579} INFO - 25/08/12 04:57:42 INFO ShutdownHookManager: Deleting directory /tmp/spark-5aeb7e39-c626-4f4d-beda-786d7b075e27/pyspark-c46306e0-e48f-43b1-8ce5-26cf9a0e4e66
[2025-08-12T04:57:42.493+0000] {spark_submit.py:579} INFO - 25/08/12 04:57:42 INFO ShutdownHookManager: Deleting directory /tmp/spark-5aeb7e39-c626-4f4d-beda-786d7b075e27
[2025-08-12T04:57:42.549+0000] {taskinstance.py:1935} ERROR - Task failed with exception
Traceback (most recent call last):
  File "/home/airflow/.local/lib/python3.10/site-packages/airflow/providers/apache/spark/operators/spark_submit.py", line 174, in execute
    self._hook.submit(self.application)
  File "/home/airflow/.local/lib/python3.10/site-packages/airflow/providers/apache/spark/hooks/spark_submit.py", line 505, in submit
    raise AirflowException(
airflow.exceptions.AirflowException: Cannot execute: spark-submit --master spark://spark-master:7077 --name arrow-spark --deploy-mode client jobs/python/wordcountjob.py. Error code is: 1.
[2025-08-12T04:57:42.553+0000] {taskinstance.py:1398} INFO - Marking task as FAILED. dag_id=sparking_flow, task_id=python_job, execution_date=20250811T000000, start_date=20250812T045718, end_date=20250812T045742
[2025-08-12T04:57:42.564+0000] {standard_task_runner.py:104} ERROR - Failed to execute job 5 for task python_job (Cannot execute: spark-submit --master spark://spark-master:7077 --name arrow-spark --deploy-mode client jobs/python/wordcountjob.py. Error code is: 1.; 273)
[2025-08-12T04:57:42.572+0000] {local_task_job_runner.py:228} INFO - Task exited with return code 1
[2025-08-12T04:57:42.593+0000] {taskinstance.py:2776} INFO - 0 downstream tasks scheduled from follow-on schedule check
