[2025-08-09T15:16:03.312+0000] {taskinstance.py:1157} INFO - Dependencies all met for dep_context=non-requeueable deps ti=<TaskInstance: sparking_flow.start scheduled__2025-08-08T00:00:00+00:00 [queued]>
[2025-08-09T15:16:03.320+0000] {taskinstance.py:1157} INFO - Dependencies all met for dep_context=requeueable deps ti=<TaskInstance: sparking_flow.start scheduled__2025-08-08T00:00:00+00:00 [queued]>
[2025-08-09T15:16:03.320+0000] {taskinstance.py:1359} INFO - Starting attempt 1 of 1
[2025-08-09T15:16:03.334+0000] {taskinstance.py:1380} INFO - Executing <Task(PythonOperator): start> on 2025-08-08 00:00:00+00:00
[2025-08-09T15:16:03.347+0000] {standard_task_runner.py:57} INFO - Started process 398 to run task
[2025-08-09T15:16:03.356+0000] {standard_task_runner.py:84} INFO - Running: ['***', 'tasks', 'run', 'sparking_flow', 'start', 'scheduled__2025-08-08T00:00:00+00:00', '--job-id', '3', '--raw', '--subdir', 'DAGS_FOLDER/spark_***.py', '--cfg-path', '/tmp/tmpk74naq7y']
[2025-08-09T15:16:03.360+0000] {standard_task_runner.py:85} INFO - Job 3: Subtask start
[2025-08-09T15:16:03.459+0000] {task_command.py:415} INFO - Running <TaskInstance: sparking_flow.start scheduled__2025-08-08T00:00:00+00:00 [running]> on host 2fcf24b6e59b
[2025-08-09T15:16:03.585+0000] {taskinstance.py:1660} INFO - Exporting env vars: AIRFLOW_CTX_DAG_OWNER='Yusuf Ganiyu' AIRFLOW_CTX_DAG_ID='sparking_flow' AIRFLOW_CTX_TASK_ID='start' AIRFLOW_CTX_EXECUTION_DATE='2025-08-08T00:00:00+00:00' AIRFLOW_CTX_TRY_NUMBER='1' AIRFLOW_CTX_DAG_RUN_ID='scheduled__2025-08-08T00:00:00+00:00'
[2025-08-09T15:16:03.587+0000] {logging_mixin.py:151} INFO - Jobs started
[2025-08-09T15:16:03.587+0000] {python.py:194} INFO - Done. Returned value was: None
[2025-08-09T15:16:03.598+0000] {taskinstance.py:1398} INFO - Marking task as SUCCESS. dag_id=sparking_flow, task_id=start, execution_date=20250808T000000, start_date=20250809T151603, end_date=20250809T151603
[2025-08-09T15:16:03.647+0000] {local_task_job_runner.py:228} INFO - Task exited with return code 0
[2025-08-09T15:16:03.736+0000] {taskinstance.py:2776} INFO - 1 downstream tasks scheduled from follow-on schedule check
[2025-08-09T17:54:35.257+0000] {taskinstance.py:1157} INFO - Dependencies all met for dep_context=non-requeueable deps ti=<TaskInstance: sparking_flow.start scheduled__2025-08-08T00:00:00+00:00 [queued]>
[2025-08-09T17:54:35.265+0000] {taskinstance.py:1157} INFO - Dependencies all met for dep_context=requeueable deps ti=<TaskInstance: sparking_flow.start scheduled__2025-08-08T00:00:00+00:00 [queued]>
[2025-08-09T17:54:35.266+0000] {taskinstance.py:1359} INFO - Starting attempt 1 of 1
[2025-08-09T17:54:35.278+0000] {taskinstance.py:1380} INFO - Executing <Task(PythonOperator): start> on 2025-08-08 00:00:00+00:00
[2025-08-09T17:54:35.287+0000] {standard_task_runner.py:57} INFO - Started process 1188 to run task
[2025-08-09T17:54:35.295+0000] {standard_task_runner.py:84} INFO - Running: ['***', 'tasks', 'run', 'sparking_flow', 'start', 'scheduled__2025-08-08T00:00:00+00:00', '--job-id', '3', '--raw', '--subdir', 'DAGS_FOLDER/spark_***.py', '--cfg-path', '/tmp/tmpmc6c8jq2']
[2025-08-09T17:54:35.300+0000] {standard_task_runner.py:85} INFO - Job 3: Subtask start
[2025-08-09T17:54:35.443+0000] {task_command.py:415} INFO - Running <TaskInstance: sparking_flow.start scheduled__2025-08-08T00:00:00+00:00 [running]> on host 99e5c3d3e619
[2025-08-09T17:54:35.587+0000] {taskinstance.py:1660} INFO - Exporting env vars: AIRFLOW_CTX_DAG_OWNER='Yusuf Ganiyu' AIRFLOW_CTX_DAG_ID='sparking_flow' AIRFLOW_CTX_TASK_ID='start' AIRFLOW_CTX_EXECUTION_DATE='2025-08-08T00:00:00+00:00' AIRFLOW_CTX_TRY_NUMBER='1' AIRFLOW_CTX_DAG_RUN_ID='scheduled__2025-08-08T00:00:00+00:00'
[2025-08-09T17:54:35.590+0000] {logging_mixin.py:151} INFO - Jobs started
[2025-08-09T17:54:35.590+0000] {python.py:194} INFO - Done. Returned value was: None
[2025-08-09T17:54:35.608+0000] {taskinstance.py:1398} INFO - Marking task as SUCCESS. dag_id=sparking_flow, task_id=start, execution_date=20250808T000000, start_date=20250809T175435, end_date=20250809T175435
[2025-08-09T17:54:35.669+0000] {local_task_job_runner.py:228} INFO - Task exited with return code 0
[2025-08-09T17:54:35.697+0000] {taskinstance.py:2776} INFO - 1 downstream tasks scheduled from follow-on schedule check
