[2025-08-18T00:00:03.644+0000] {taskinstance.py:1157} INFO - Dependencies all met for dep_context=non-requeueable deps ti=<TaskInstance: sparking_flow.python_job scheduled__2025-08-17T00:00:00+00:00 [queued]>
[2025-08-18T00:00:03.650+0000] {taskinstance.py:1157} INFO - Dependencies all met for dep_context=requeueable deps ti=<TaskInstance: sparking_flow.python_job scheduled__2025-08-17T00:00:00+00:00 [queued]>
[2025-08-18T00:00:03.651+0000] {taskinstance.py:1359} INFO - Starting attempt 1 of 1
[2025-08-18T00:00:03.661+0000] {taskinstance.py:1380} INFO - Executing <Task(SparkSubmitOperator): python_job> on 2025-08-17 00:00:00+00:00
[2025-08-18T00:00:03.667+0000] {standard_task_runner.py:57} INFO - Started process 1306 to run task
[2025-08-18T00:00:03.670+0000] {standard_task_runner.py:84} INFO - Running: ['***', 'tasks', 'run', 'sparking_flow', 'python_job', 'scheduled__2025-08-17T00:00:00+00:00', '--job-id', '26', '--raw', '--subdir', 'DAGS_FOLDER/spark_***.py', '--cfg-path', '/tmp/tmpwn2v8qaf']
[2025-08-18T00:00:03.672+0000] {standard_task_runner.py:85} INFO - Job 26: Subtask python_job
[2025-08-18T00:00:03.738+0000] {task_command.py:415} INFO - Running <TaskInstance: sparking_flow.python_job scheduled__2025-08-17T00:00:00+00:00 [running]> on host 81b7fe425a18
[2025-08-18T00:00:03.823+0000] {taskinstance.py:1660} INFO - Exporting env vars: AIRFLOW_CTX_DAG_OWNER='Yusuf Ganiyu' AIRFLOW_CTX_DAG_ID='sparking_flow' AIRFLOW_CTX_TASK_ID='python_job' AIRFLOW_CTX_EXECUTION_DATE='2025-08-17T00:00:00+00:00' AIRFLOW_CTX_TRY_NUMBER='1' AIRFLOW_CTX_DAG_RUN_ID='scheduled__2025-08-17T00:00:00+00:00'
[2025-08-18T00:00:03.836+0000] {base.py:73} INFO - Using connection ID 'spark-conn' for task execution.
[2025-08-18T00:00:03.837+0000] {spark_submit.py:403} INFO - Spark-Submit cmd: spark-submit --master spark://spark-master:7077 --jars /opt/spark/external-jars/apache-spark-sql-connector.jar --name arrow-spark --deploy-mode client jobs/python/wordcountjob.py
[2025-08-18T00:00:04.635+0000] {spark_submit.py:579} INFO - WARNING: Using incubator modules: jdk.incubator.vector
[2025-08-18T00:00:06.101+0000] {spark_submit.py:579} INFO - 25/08/18 00:00:06 WARN NativeCodeLoader: Unable to load native-hadoop library for your platform... using builtin-java classes where applicable
[2025-08-18T00:00:08.951+0000] {spark_submit.py:579} INFO - Using Spark's default log4j profile: org/apache/spark/log4j2-defaults.properties
[2025-08-18T00:00:08.956+0000] {spark_submit.py:579} INFO - 25/08/18 00:00:08 INFO SparkContext: Running Spark version 4.0.0
[2025-08-18T00:00:08.957+0000] {spark_submit.py:579} INFO - 25/08/18 00:00:08 INFO SparkContext: OS info Linux, 6.6.87.2-microsoft-standard-WSL2, amd64
[2025-08-18T00:00:08.958+0000] {spark_submit.py:579} INFO - 25/08/18 00:00:08 INFO SparkContext: Java version 17.0.15
[2025-08-18T00:00:08.979+0000] {spark_submit.py:579} INFO - 25/08/18 00:00:08 INFO ResourceUtils: ==============================================================
[2025-08-18T00:00:08.980+0000] {spark_submit.py:579} INFO - 25/08/18 00:00:08 INFO ResourceUtils: No custom resources configured for spark.driver.
[2025-08-18T00:00:08.980+0000] {spark_submit.py:579} INFO - 25/08/18 00:00:08 INFO ResourceUtils: ==============================================================
[2025-08-18T00:00:08.981+0000] {spark_submit.py:579} INFO - 25/08/18 00:00:08 INFO SparkContext: Submitted application: PythonWordCount
[2025-08-18T00:00:09.011+0000] {spark_submit.py:579} INFO - 25/08/18 00:00:09 INFO ResourceProfile: Default ResourceProfile created, executor resources: Map(memory -> name: memory, amount: 1024, script: , vendor: , offHeap -> name: offHeap, amount: 0, script: , vendor: ), task resources: Map(cpus -> name: cpus, amount: 1.0)
[2025-08-18T00:00:09.013+0000] {spark_submit.py:579} INFO - 25/08/18 00:00:09 INFO ResourceProfile: Limiting resource is cpu
[2025-08-18T00:00:09.015+0000] {spark_submit.py:579} INFO - 25/08/18 00:00:09 INFO ResourceProfileManager: Added ResourceProfile id: 0
[2025-08-18T00:00:09.062+0000] {spark_submit.py:579} INFO - 25/08/18 00:00:09 INFO SecurityManager: Changing view acls to: ***
[2025-08-18T00:00:09.063+0000] {spark_submit.py:579} INFO - 25/08/18 00:00:09 INFO SecurityManager: Changing modify acls to: ***
[2025-08-18T00:00:09.063+0000] {spark_submit.py:579} INFO - 25/08/18 00:00:09 INFO SecurityManager: Changing view acls groups to: ***
[2025-08-18T00:00:09.064+0000] {spark_submit.py:579} INFO - 25/08/18 00:00:09 INFO SecurityManager: Changing modify acls groups to: ***
[2025-08-18T00:00:09.066+0000] {spark_submit.py:579} INFO - 25/08/18 00:00:09 INFO SecurityManager: SecurityManager: authentication disabled; ui acls disabled; users with view permissions: *** groups with view permissions: EMPTY; users with modify permissions: ***; groups with modify permissions: EMPTY; RPC SSL disabled
[2025-08-18T00:00:09.270+0000] {spark_submit.py:579} INFO - 25/08/18 00:00:09 INFO Utils: Successfully started service 'sparkDriver' on port 41333.
[2025-08-18T00:00:09.296+0000] {spark_submit.py:579} INFO - 25/08/18 00:00:09 INFO SparkEnv: Registering MapOutputTracker
[2025-08-18T00:00:09.307+0000] {spark_submit.py:579} INFO - 25/08/18 00:00:09 INFO SparkEnv: Registering BlockManagerMaster
[2025-08-18T00:00:09.327+0000] {spark_submit.py:579} INFO - 25/08/18 00:00:09 INFO BlockManagerMasterEndpoint: Using org.apache.spark.storage.DefaultTopologyMapper for getting topology information
[2025-08-18T00:00:09.327+0000] {spark_submit.py:579} INFO - 25/08/18 00:00:09 INFO BlockManagerMasterEndpoint: BlockManagerMasterEndpoint up
[2025-08-18T00:00:09.331+0000] {spark_submit.py:579} INFO - 25/08/18 00:00:09 INFO SparkEnv: Registering BlockManagerMasterHeartbeat
[2025-08-18T00:00:09.356+0000] {spark_submit.py:579} INFO - 25/08/18 00:00:09 INFO DiskBlockManager: Created local directory at /tmp/blockmgr-ce5a1297-a5eb-48c2-b664-032d0ac4f70e
[2025-08-18T00:00:09.375+0000] {spark_submit.py:579} INFO - 25/08/18 00:00:09 INFO SparkEnv: Registering OutputCommitCoordinator
[2025-08-18T00:00:09.482+0000] {spark_submit.py:579} INFO - 25/08/18 00:00:09 INFO JettyUtils: Start Jetty 0.0.0.0:4040 for SparkUI
[2025-08-18T00:00:09.539+0000] {spark_submit.py:579} INFO - 25/08/18 00:00:09 INFO Utils: Successfully started service 'SparkUI' on port 4040.
[2025-08-18T00:00:09.571+0000] {spark_submit.py:579} INFO - 25/08/18 00:00:09 INFO SparkContext: Added JAR file:///opt/spark/external-jars/apache-spark-sql-connector.jar at spark://81b7fe425a18:41333/jars/apache-spark-sql-connector.jar with timestamp 1755475208944
[2025-08-18T00:00:09.586+0000] {spark_submit.py:579} INFO - 25/08/18 00:00:09 INFO SecurityManager: Changing view acls to: ***
[2025-08-18T00:00:09.586+0000] {spark_submit.py:579} INFO - 25/08/18 00:00:09 INFO SecurityManager: Changing modify acls to: ***
[2025-08-18T00:00:09.587+0000] {spark_submit.py:579} INFO - 25/08/18 00:00:09 INFO SecurityManager: Changing view acls groups to: ***
[2025-08-18T00:00:09.587+0000] {spark_submit.py:579} INFO - 25/08/18 00:00:09 INFO SecurityManager: Changing modify acls groups to: ***
[2025-08-18T00:00:09.588+0000] {spark_submit.py:579} INFO - 25/08/18 00:00:09 INFO SecurityManager: SecurityManager: authentication disabled; ui acls disabled; users with view permissions: *** groups with view permissions: EMPTY; users with modify permissions: ***; groups with modify permissions: EMPTY; RPC SSL disabled
[2025-08-18T00:00:09.712+0000] {spark_submit.py:579} INFO - 25/08/18 00:00:09 INFO StandaloneAppClient$ClientEndpoint: Connecting to master spark://spark-master:7077...
[2025-08-18T00:00:09.751+0000] {spark_submit.py:579} INFO - 25/08/18 00:00:09 INFO TransportClientFactory: Successfully created connection to spark-master/172.18.0.3:7077 after 20 ms (0 ms spent in bootstraps)
[2025-08-18T00:00:09.839+0000] {spark_submit.py:579} INFO - 25/08/18 00:00:09 INFO StandaloneSchedulerBackend: Connected to Spark cluster with app ID app-20250818000009-0001
[2025-08-18T00:00:09.845+0000] {spark_submit.py:579} INFO - 25/08/18 00:00:09 INFO Utils: Successfully started service 'org.apache.spark.network.netty.NettyBlockTransferService' on port 33753.
[2025-08-18T00:00:09.846+0000] {spark_submit.py:579} INFO - 25/08/18 00:00:09 INFO NettyBlockTransferService: Server created on 81b7fe425a18:33753
[2025-08-18T00:00:09.848+0000] {spark_submit.py:579} INFO - 25/08/18 00:00:09 INFO BlockManager: Using org.apache.spark.storage.RandomBlockReplicationPolicy for block replication policy
[2025-08-18T00:00:09.853+0000] {spark_submit.py:579} INFO - 25/08/18 00:00:09 INFO StandaloneAppClient$ClientEndpoint: Executor added: app-20250818000009-0001/0 on worker-20250817222455-172.18.0.5-41259 (172.18.0.5:41259) with 2 core(s)
[2025-08-18T00:00:09.856+0000] {spark_submit.py:579} INFO - 25/08/18 00:00:09 INFO StandaloneSchedulerBackend: Granted executor ID app-20250818000009-0001/0 on hostPort 172.18.0.5:41259 with 2 core(s), 1024.0 MiB RAM
[2025-08-18T00:00:09.864+0000] {spark_submit.py:579} INFO - 25/08/18 00:00:09 INFO BlockManagerMaster: Registering BlockManager BlockManagerId(driver, 81b7fe425a18, 33753, None)
[2025-08-18T00:00:09.868+0000] {spark_submit.py:579} INFO - 25/08/18 00:00:09 INFO BlockManagerMasterEndpoint: Registering block manager 81b7fe425a18:33753 with 434.4 MiB RAM, BlockManagerId(driver, 81b7fe425a18, 33753, None)
[2025-08-18T00:00:09.870+0000] {spark_submit.py:579} INFO - 25/08/18 00:00:09 INFO BlockManagerMaster: Registered BlockManager BlockManagerId(driver, 81b7fe425a18, 33753, None)
[2025-08-18T00:00:09.871+0000] {spark_submit.py:579} INFO - 25/08/18 00:00:09 INFO BlockManager: Initialized BlockManager: BlockManagerId(driver, 81b7fe425a18, 33753, None)
[2025-08-18T00:00:09.916+0000] {spark_submit.py:579} INFO - 25/08/18 00:00:09 INFO StandaloneAppClient$ClientEndpoint: Executor updated: app-20250818000009-0001/0 is now RUNNING
[2025-08-18T00:00:09.986+0000] {spark_submit.py:579} INFO - 25/08/18 00:00:09 INFO StandaloneSchedulerBackend: SchedulerBackend is ready for scheduling beginning after reached minRegisteredResourcesRatio: 0.0
[2025-08-18T00:00:12.298+0000] {spark_submit.py:579} INFO - 25/08/18 00:00:12 INFO StandaloneSchedulerBackend$StandaloneDriverEndpoint: Registered executor NettyRpcEndpointRef(spark-client://Executor) (172.18.0.5:45510) with ID 0, ResourceProfileId 0
[2025-08-18T00:00:12.460+0000] {spark_submit.py:579} INFO - 25/08/18 00:00:12 INFO BlockManagerMasterEndpoint: Registering block manager 172.18.0.5:38277 with 434.4 MiB RAM, BlockManagerId(0, 172.18.0.5, 38277, None)
[2025-08-18T00:00:13.091+0000] {spark_submit.py:579} INFO - dict_keys(['daily', 'daily960', 'live_rapid', 'live_blitz', 'live_bullet', 'live_bughouse', 'live_blitz960', 'live_threecheck', 'live_crazyhouse', 'live_kingofthehill', 'tactics', 'rush', 'battle'])
[2025-08-18T00:00:13.715+0000] {spark_submit.py:579} INFO - 25/08/18 00:00:13 INFO SharedState: Setting hive.metastore.warehouse.dir ('null') to the value of spark.sql.warehouse.dir.
[2025-08-18T00:00:13.718+0000] {spark_submit.py:579} INFO - 25/08/18 00:00:13 INFO SharedState: Warehouse path is 'file:/opt/***/spark-warehouse'.
[2025-08-18T00:00:31.161+0000] {spark_submit.py:579} INFO - Traceback (most recent call last):
[2025-08-18T00:00:31.161+0000] {spark_submit.py:579} INFO - File "/opt/***/jobs/python/wordcountjob.py", line 199, in <module>
[2025-08-18T00:00:31.164+0000] {spark_submit.py:579} INFO - write_data(daily,"daily")
[2025-08-18T00:00:31.164+0000] {spark_submit.py:579} INFO - File "/opt/***/jobs/python/wordcountjob.py", line 195, in write_data
[2025-08-18T00:00:31.167+0000] {spark_submit.py:579} INFO - df.write.mode("overwrite").jdbc(url=jdbc_url, table=f"dbo.{table}", properties=properties)
[2025-08-18T00:00:31.167+0000] {spark_submit.py:579} INFO - File "/home/***/.local/lib/python3.10/site-packages/pyspark/python/lib/pyspark.zip/pyspark/sql/readwriter.py", line 2347, in jdbc
[2025-08-18T00:00:31.168+0000] {spark_submit.py:579} INFO - File "/home/***/.local/lib/python3.10/site-packages/pyspark/python/lib/py4j-0.10.9.9-src.zip/py4j/java_gateway.py", line 1362, in __call__
[2025-08-18T00:00:31.168+0000] {spark_submit.py:579} INFO - File "/home/***/.local/lib/python3.10/site-packages/pyspark/python/lib/pyspark.zip/pyspark/errors/exceptions/captured.py", line 282, in deco
[2025-08-18T00:00:31.169+0000] {spark_submit.py:579} INFO - File "/home/***/.local/lib/python3.10/site-packages/pyspark/python/lib/py4j-0.10.9.9-src.zip/py4j/protocol.py", line 327, in get_return_value
[2025-08-18T00:00:31.212+0000] {spark_submit.py:579} INFO - py4j.protocol.Py4JJavaError: An error occurred while calling o322.jdbc.
[2025-08-18T00:00:31.213+0000] {spark_submit.py:579} INFO - : com.microsoft.sqlserver.jdbc.SQLServerException: The TCP/IP connection to the host host.docker.internal, port 1433 has failed. Error: "Connection refused. Verify the connection properties. Make sure that an instance of SQL Server is running on the host and accepting TCP/IP connections at the port. Make sure that TCP connections to the port are not blocked by a firewall.".
[2025-08-18T00:00:31.213+0000] {spark_submit.py:579} INFO - at com.microsoft.sqlserver.jdbc.SQLServerException.makeFromDriverError(SQLServerException.java:228)
[2025-08-18T00:00:31.213+0000] {spark_submit.py:579} INFO - at com.microsoft.sqlserver.jdbc.SQLServerException.ConvertConnectExceptionToSQLServerException(SQLServerException.java:279)
[2025-08-18T00:00:31.214+0000] {spark_submit.py:579} INFO - at com.microsoft.sqlserver.jdbc.SocketFinder.findSocket(IOBuffer.java:2431)
[2025-08-18T00:00:31.214+0000] {spark_submit.py:579} INFO - at com.microsoft.sqlserver.jdbc.TDSChannel.open(IOBuffer.java:656)
[2025-08-18T00:00:31.214+0000] {spark_submit.py:579} INFO - at com.microsoft.sqlserver.jdbc.SQLServerConnection.connectHelper(SQLServerConnection.java:2440)
[2025-08-18T00:00:31.215+0000] {spark_submit.py:579} INFO - at com.microsoft.sqlserver.jdbc.SQLServerConnection.login(SQLServerConnection.java:2103)
[2025-08-18T00:00:31.215+0000] {spark_submit.py:579} INFO - at com.microsoft.sqlserver.jdbc.SQLServerConnection.connectInternal(SQLServerConnection.java:1950)
[2025-08-18T00:00:31.215+0000] {spark_submit.py:579} INFO - at com.microsoft.sqlserver.jdbc.SQLServerConnection.connect(SQLServerConnection.java:1162)
[2025-08-18T00:00:31.216+0000] {spark_submit.py:579} INFO - at com.microsoft.sqlserver.jdbc.SQLServerDriver.connect(SQLServerDriver.java:735)
[2025-08-18T00:00:31.216+0000] {spark_submit.py:579} INFO - at org.apache.spark.sql.execution.datasources.jdbc.connection.BasicConnectionProvider.getConnection(BasicConnectionProvider.scala:50)
[2025-08-18T00:00:31.216+0000] {spark_submit.py:579} INFO - at org.apache.spark.sql.execution.datasources.jdbc.connection.ConnectionProviderBase.create(ConnectionProvider.scala:102)
[2025-08-18T00:00:31.216+0000] {spark_submit.py:579} INFO - at org.apache.spark.sql.jdbc.JdbcDialect.$anonfun$createConnectionFactory$1(JdbcDialects.scala:235)
[2025-08-18T00:00:31.217+0000] {spark_submit.py:579} INFO - at org.apache.spark.sql.jdbc.JdbcDialect.$anonfun$createConnectionFactory$1$adapted(JdbcDialects.scala:231)
[2025-08-18T00:00:31.217+0000] {spark_submit.py:579} INFO - at org.apache.spark.sql.execution.datasources.jdbc.JdbcRelationProvider.createRelation(JdbcRelationProvider.scala:51)
[2025-08-18T00:00:31.217+0000] {spark_submit.py:579} INFO - at org.apache.spark.sql.execution.datasources.SaveIntoDataSourceCommand.run(SaveIntoDataSourceCommand.scala:55)
[2025-08-18T00:00:31.217+0000] {spark_submit.py:579} INFO - at org.apache.spark.sql.execution.command.ExecutedCommandExec.sideEffectResult$lzycompute(commands.scala:79)
[2025-08-18T00:00:31.217+0000] {spark_submit.py:579} INFO - at org.apache.spark.sql.execution.command.ExecutedCommandExec.sideEffectResult(commands.scala:77)
[2025-08-18T00:00:31.218+0000] {spark_submit.py:579} INFO - at org.apache.spark.sql.execution.command.ExecutedCommandExec.executeCollect(commands.scala:88)
[2025-08-18T00:00:31.218+0000] {spark_submit.py:579} INFO - at org.apache.spark.sql.execution.QueryExecution.$anonfun$eagerlyExecuteCommands$2(QueryExecution.scala:155)
[2025-08-18T00:00:31.218+0000] {spark_submit.py:579} INFO - at org.apache.spark.sql.execution.SQLExecution$.$anonfun$withNewExecutionId0$8(SQLExecution.scala:162)
[2025-08-18T00:00:31.218+0000] {spark_submit.py:579} INFO - at org.apache.spark.sql.execution.SQLExecution$.withSessionTagsApplied(SQLExecution.scala:268)
[2025-08-18T00:00:31.219+0000] {spark_submit.py:579} INFO - at org.apache.spark.sql.execution.SQLExecution$.$anonfun$withNewExecutionId0$7(SQLExecution.scala:124)
[2025-08-18T00:00:31.219+0000] {spark_submit.py:579} INFO - at org.apache.spark.JobArtifactSet$.withActiveJobArtifactState(JobArtifactSet.scala:94)
[2025-08-18T00:00:31.219+0000] {spark_submit.py:579} INFO - at org.apache.spark.sql.artifact.ArtifactManager.$anonfun$withResources$1(ArtifactManager.scala:112)
[2025-08-18T00:00:31.220+0000] {spark_submit.py:579} INFO - at org.apache.spark.sql.artifact.ArtifactManager.withClassLoaderIfNeeded(ArtifactManager.scala:106)
[2025-08-18T00:00:31.220+0000] {spark_submit.py:579} INFO - at org.apache.spark.sql.artifact.ArtifactManager.withResources(ArtifactManager.scala:111)
[2025-08-18T00:00:31.220+0000] {spark_submit.py:579} INFO - at org.apache.spark.sql.execution.SQLExecution$.$anonfun$withNewExecutionId0$6(SQLExecution.scala:124)
[2025-08-18T00:00:31.220+0000] {spark_submit.py:579} INFO - at org.apache.spark.sql.execution.SQLExecution$.withSQLConfPropagated(SQLExecution.scala:291)
[2025-08-18T00:00:31.221+0000] {spark_submit.py:579} INFO - at org.apache.spark.sql.execution.SQLExecution$.$anonfun$withNewExecutionId0$1(SQLExecution.scala:123)
[2025-08-18T00:00:31.221+0000] {spark_submit.py:579} INFO - at org.apache.spark.sql.SparkSession.withActive(SparkSession.scala:804)
[2025-08-18T00:00:31.221+0000] {spark_submit.py:579} INFO - at org.apache.spark.sql.execution.SQLExecution$.withNewExecutionId0(SQLExecution.scala:77)
[2025-08-18T00:00:31.221+0000] {spark_submit.py:579} INFO - at org.apache.spark.sql.execution.SQLExecution$.withNewExecutionId(SQLExecution.scala:233)
[2025-08-18T00:00:31.222+0000] {spark_submit.py:579} INFO - at org.apache.spark.sql.execution.QueryExecution.$anonfun$eagerlyExecuteCommands$1(QueryExecution.scala:155)
[2025-08-18T00:00:31.222+0000] {spark_submit.py:579} INFO - at org.apache.spark.sql.execution.QueryExecution$.withInternalError(QueryExecution.scala:654)
[2025-08-18T00:00:31.222+0000] {spark_submit.py:579} INFO - at org.apache.spark.sql.execution.QueryExecution.org$apache$spark$sql$execution$QueryExecution$$eagerlyExecute$1(QueryExecution.scala:154)
[2025-08-18T00:00:31.222+0000] {spark_submit.py:579} INFO - at org.apache.spark.sql.execution.QueryExecution$$anonfun$eagerlyExecuteCommands$3.applyOrElse(QueryExecution.scala:169)
[2025-08-18T00:00:31.223+0000] {spark_submit.py:579} INFO - at org.apache.spark.sql.execution.QueryExecution$$anonfun$eagerlyExecuteCommands$3.applyOrElse(QueryExecution.scala:164)
[2025-08-18T00:00:31.223+0000] {spark_submit.py:579} INFO - at org.apache.spark.sql.catalyst.trees.TreeNode.$anonfun$transformDownWithPruning$1(TreeNode.scala:470)
[2025-08-18T00:00:31.223+0000] {spark_submit.py:579} INFO - at org.apache.spark.sql.catalyst.trees.CurrentOrigin$.withOrigin(origin.scala:86)
[2025-08-18T00:00:31.224+0000] {spark_submit.py:579} INFO - at org.apache.spark.sql.catalyst.trees.TreeNode.transformDownWithPruning(TreeNode.scala:470)
[2025-08-18T00:00:31.224+0000] {spark_submit.py:579} INFO - at org.apache.spark.sql.catalyst.plans.logical.LogicalPlan.org$apache$spark$sql$catalyst$plans$logical$AnalysisHelper$$super$transformDownWithPruning(LogicalPlan.scala:37)
[2025-08-18T00:00:31.224+0000] {spark_submit.py:579} INFO - at org.apache.spark.sql.catalyst.plans.logical.AnalysisHelper.transformDownWithPruning(AnalysisHelper.scala:360)
[2025-08-18T00:00:31.224+0000] {spark_submit.py:579} INFO - at org.apache.spark.sql.catalyst.plans.logical.AnalysisHelper.transformDownWithPruning$(AnalysisHelper.scala:356)
[2025-08-18T00:00:31.225+0000] {spark_submit.py:579} INFO - at org.apache.spark.sql.catalyst.plans.logical.LogicalPlan.transformDownWithPruning(LogicalPlan.scala:37)
[2025-08-18T00:00:31.225+0000] {spark_submit.py:579} INFO - at org.apache.spark.sql.catalyst.plans.logical.LogicalPlan.transformDownWithPruning(LogicalPlan.scala:37)
[2025-08-18T00:00:31.225+0000] {spark_submit.py:579} INFO - at org.apache.spark.sql.catalyst.trees.TreeNode.transformDown(TreeNode.scala:446)
[2025-08-18T00:00:31.225+0000] {spark_submit.py:579} INFO - at org.apache.spark.sql.execution.QueryExecution.eagerlyExecuteCommands(QueryExecution.scala:164)
[2025-08-18T00:00:31.225+0000] {spark_submit.py:579} INFO - at org.apache.spark.sql.execution.QueryExecution.$anonfun$lazyCommandExecuted$1(QueryExecution.scala:126)
[2025-08-18T00:00:31.226+0000] {spark_submit.py:579} INFO - at scala.util.Try$.apply(Try.scala:217)
[2025-08-18T00:00:31.226+0000] {spark_submit.py:579} INFO - at org.apache.spark.util.Utils$.doTryWithCallerStacktrace(Utils.scala:1378)
[2025-08-18T00:00:31.226+0000] {spark_submit.py:579} INFO - at org.apache.spark.util.Utils$.getTryWithCallerStacktrace(Utils.scala:1439)
[2025-08-18T00:00:31.226+0000] {spark_submit.py:579} INFO - at org.apache.spark.util.LazyTry.get(LazyTry.scala:58)
[2025-08-18T00:00:31.226+0000] {spark_submit.py:579} INFO - at org.apache.spark.sql.execution.QueryExecution.commandExecuted(QueryExecution.scala:131)
[2025-08-18T00:00:31.227+0000] {spark_submit.py:579} INFO - at org.apache.spark.sql.execution.QueryExecution.assertCommandExecuted(QueryExecution.scala:192)
[2025-08-18T00:00:31.227+0000] {spark_submit.py:579} INFO - at org.apache.spark.sql.classic.DataFrameWriter.runCommand(DataFrameWriter.scala:622)
[2025-08-18T00:00:31.227+0000] {spark_submit.py:579} INFO - at org.apache.spark.sql.classic.DataFrameWriter.saveToV1Source(DataFrameWriter.scala:273)
[2025-08-18T00:00:31.227+0000] {spark_submit.py:579} INFO - at org.apache.spark.sql.classic.DataFrameWriter.saveInternal(DataFrameWriter.scala:241)
[2025-08-18T00:00:31.227+0000] {spark_submit.py:579} INFO - at org.apache.spark.sql.classic.DataFrameWriter.save(DataFrameWriter.scala:126)
[2025-08-18T00:00:31.228+0000] {spark_submit.py:579} INFO - at org.apache.spark.sql.DataFrameWriter.jdbc(DataFrameWriter.scala:334)
[2025-08-18T00:00:31.228+0000] {spark_submit.py:579} INFO - at java.base/jdk.internal.reflect.NativeMethodAccessorImpl.invoke0(Native Method)
[2025-08-18T00:00:31.228+0000] {spark_submit.py:579} INFO - at java.base/jdk.internal.reflect.NativeMethodAccessorImpl.invoke(NativeMethodAccessorImpl.java:77)
[2025-08-18T00:00:31.228+0000] {spark_submit.py:579} INFO - at java.base/jdk.internal.reflect.DelegatingMethodAccessorImpl.invoke(DelegatingMethodAccessorImpl.java:43)
[2025-08-18T00:00:31.228+0000] {spark_submit.py:579} INFO - at java.base/java.lang.reflect.Method.invoke(Method.java:569)
[2025-08-18T00:00:31.229+0000] {spark_submit.py:579} INFO - at py4j.reflection.MethodInvoker.invoke(MethodInvoker.java:244)
[2025-08-18T00:00:31.229+0000] {spark_submit.py:579} INFO - at py4j.reflection.ReflectionEngine.invoke(ReflectionEngine.java:374)
[2025-08-18T00:00:31.229+0000] {spark_submit.py:579} INFO - at py4j.Gateway.invoke(Gateway.java:282)
[2025-08-18T00:00:31.229+0000] {spark_submit.py:579} INFO - at py4j.commands.AbstractCommand.invokeMethod(AbstractCommand.java:132)
[2025-08-18T00:00:31.229+0000] {spark_submit.py:579} INFO - at py4j.commands.CallCommand.execute(CallCommand.java:79)
[2025-08-18T00:00:31.230+0000] {spark_submit.py:579} INFO - at py4j.ClientServerConnection.waitForCommands(ClientServerConnection.java:184)
[2025-08-18T00:00:31.230+0000] {spark_submit.py:579} INFO - at py4j.ClientServerConnection.run(ClientServerConnection.java:108)
[2025-08-18T00:00:31.230+0000] {spark_submit.py:579} INFO - at java.base/java.lang.Thread.run(Thread.java:840)
[2025-08-18T00:00:31.230+0000] {spark_submit.py:579} INFO - Suppressed: org.apache.spark.util.Utils$OriginalTryStackTraceException: Full stacktrace of original doTryWithCallerStacktrace caller
[2025-08-18T00:00:31.230+0000] {spark_submit.py:579} INFO - at com.microsoft.sqlserver.jdbc.SQLServerException.makeFromDriverError(SQLServerException.java:228)
[2025-08-18T00:00:31.231+0000] {spark_submit.py:579} INFO - at com.microsoft.sqlserver.jdbc.SQLServerException.ConvertConnectExceptionToSQLServerException(SQLServerException.java:279)
[2025-08-18T00:00:31.231+0000] {spark_submit.py:579} INFO - at com.microsoft.sqlserver.jdbc.SocketFinder.findSocket(IOBuffer.java:2431)
[2025-08-18T00:00:31.231+0000] {spark_submit.py:579} INFO - at com.microsoft.sqlserver.jdbc.TDSChannel.open(IOBuffer.java:656)
[2025-08-18T00:00:31.231+0000] {spark_submit.py:579} INFO - at com.microsoft.sqlserver.jdbc.SQLServerConnection.connectHelper(SQLServerConnection.java:2440)
[2025-08-18T00:00:31.232+0000] {spark_submit.py:579} INFO - at com.microsoft.sqlserver.jdbc.SQLServerConnection.login(SQLServerConnection.java:2103)
[2025-08-18T00:00:31.232+0000] {spark_submit.py:579} INFO - at com.microsoft.sqlserver.jdbc.SQLServerConnection.connectInternal(SQLServerConnection.java:1950)
[2025-08-18T00:00:31.232+0000] {spark_submit.py:579} INFO - at com.microsoft.sqlserver.jdbc.SQLServerConnection.connect(SQLServerConnection.java:1162)
[2025-08-18T00:00:31.232+0000] {spark_submit.py:579} INFO - at com.microsoft.sqlserver.jdbc.SQLServerDriver.connect(SQLServerDriver.java:735)
[2025-08-18T00:00:31.232+0000] {spark_submit.py:579} INFO - at org.apache.spark.sql.execution.datasources.jdbc.connection.BasicConnectionProvider.getConnection(BasicConnectionProvider.scala:50)
[2025-08-18T00:00:31.233+0000] {spark_submit.py:579} INFO - at org.apache.spark.sql.execution.datasources.jdbc.connection.ConnectionProviderBase.create(ConnectionProvider.scala:102)
[2025-08-18T00:00:31.233+0000] {spark_submit.py:579} INFO - at org.apache.spark.sql.jdbc.JdbcDialect.$anonfun$createConnectionFactory$1(JdbcDialects.scala:235)
[2025-08-18T00:00:31.233+0000] {spark_submit.py:579} INFO - at org.apache.spark.sql.jdbc.JdbcDialect.$anonfun$createConnectionFactory$1$adapted(JdbcDialects.scala:231)
[2025-08-18T00:00:31.233+0000] {spark_submit.py:579} INFO - at org.apache.spark.sql.execution.datasources.jdbc.JdbcRelationProvider.createRelation(JdbcRelationProvider.scala:51)
[2025-08-18T00:00:31.234+0000] {spark_submit.py:579} INFO - at org.apache.spark.sql.execution.datasources.SaveIntoDataSourceCommand.run(SaveIntoDataSourceCommand.scala:55)
[2025-08-18T00:00:31.234+0000] {spark_submit.py:579} INFO - at org.apache.spark.sql.execution.command.ExecutedCommandExec.sideEffectResult$lzycompute(commands.scala:79)
[2025-08-18T00:00:31.234+0000] {spark_submit.py:579} INFO - at org.apache.spark.sql.execution.command.ExecutedCommandExec.sideEffectResult(commands.scala:77)
[2025-08-18T00:00:31.234+0000] {spark_submit.py:579} INFO - at org.apache.spark.sql.execution.command.ExecutedCommandExec.executeCollect(commands.scala:88)
[2025-08-18T00:00:31.235+0000] {spark_submit.py:579} INFO - at org.apache.spark.sql.execution.QueryExecution.$anonfun$eagerlyExecuteCommands$2(QueryExecution.scala:155)
[2025-08-18T00:00:31.235+0000] {spark_submit.py:579} INFO - at org.apache.spark.sql.execution.SQLExecution$.$anonfun$withNewExecutionId0$8(SQLExecution.scala:162)
[2025-08-18T00:00:31.235+0000] {spark_submit.py:579} INFO - at org.apache.spark.sql.execution.SQLExecution$.withSessionTagsApplied(SQLExecution.scala:268)
[2025-08-18T00:00:31.235+0000] {spark_submit.py:579} INFO - at org.apache.spark.sql.execution.SQLExecution$.$anonfun$withNewExecutionId0$7(SQLExecution.scala:124)
[2025-08-18T00:00:31.236+0000] {spark_submit.py:579} INFO - at org.apache.spark.JobArtifactSet$.withActiveJobArtifactState(JobArtifactSet.scala:94)
[2025-08-18T00:00:31.236+0000] {spark_submit.py:579} INFO - at org.apache.spark.sql.artifact.ArtifactManager.$anonfun$withResources$1(ArtifactManager.scala:112)
[2025-08-18T00:00:31.236+0000] {spark_submit.py:579} INFO - at org.apache.spark.sql.artifact.ArtifactManager.withClassLoaderIfNeeded(ArtifactManager.scala:106)
[2025-08-18T00:00:31.236+0000] {spark_submit.py:579} INFO - at org.apache.spark.sql.artifact.ArtifactManager.withResources(ArtifactManager.scala:111)
[2025-08-18T00:00:31.237+0000] {spark_submit.py:579} INFO - at org.apache.spark.sql.execution.SQLExecution$.$anonfun$withNewExecutionId0$6(SQLExecution.scala:124)
[2025-08-18T00:00:31.237+0000] {spark_submit.py:579} INFO - at org.apache.spark.sql.execution.SQLExecution$.withSQLConfPropagated(SQLExecution.scala:291)
[2025-08-18T00:00:31.237+0000] {spark_submit.py:579} INFO - at org.apache.spark.sql.execution.SQLExecution$.$anonfun$withNewExecutionId0$1(SQLExecution.scala:123)
[2025-08-18T00:00:31.237+0000] {spark_submit.py:579} INFO - at org.apache.spark.sql.SparkSession.withActive(SparkSession.scala:804)
[2025-08-18T00:00:31.238+0000] {spark_submit.py:579} INFO - at org.apache.spark.sql.execution.SQLExecution$.withNewExecutionId0(SQLExecution.scala:77)
[2025-08-18T00:00:31.238+0000] {spark_submit.py:579} INFO - at org.apache.spark.sql.execution.SQLExecution$.withNewExecutionId(SQLExecution.scala:233)
[2025-08-18T00:00:31.238+0000] {spark_submit.py:579} INFO - at org.apache.spark.sql.execution.QueryExecution.$anonfun$eagerlyExecuteCommands$1(QueryExecution.scala:155)
[2025-08-18T00:00:31.238+0000] {spark_submit.py:579} INFO - at org.apache.spark.sql.execution.QueryExecution$.withInternalError(QueryExecution.scala:654)
[2025-08-18T00:00:31.238+0000] {spark_submit.py:579} INFO - at org.apache.spark.sql.execution.QueryExecution.org$apache$spark$sql$execution$QueryExecution$$eagerlyExecute$1(QueryExecution.scala:154)
[2025-08-18T00:00:31.239+0000] {spark_submit.py:579} INFO - at org.apache.spark.sql.execution.QueryExecution$$anonfun$eagerlyExecuteCommands$3.applyOrElse(QueryExecution.scala:169)
[2025-08-18T00:00:31.239+0000] {spark_submit.py:579} INFO - at org.apache.spark.sql.execution.QueryExecution$$anonfun$eagerlyExecuteCommands$3.applyOrElse(QueryExecution.scala:164)
[2025-08-18T00:00:31.239+0000] {spark_submit.py:579} INFO - at org.apache.spark.sql.catalyst.trees.TreeNode.$anonfun$transformDownWithPruning$1(TreeNode.scala:470)
[2025-08-18T00:00:31.239+0000] {spark_submit.py:579} INFO - at org.apache.spark.sql.catalyst.trees.CurrentOrigin$.withOrigin(origin.scala:86)
[2025-08-18T00:00:31.239+0000] {spark_submit.py:579} INFO - at org.apache.spark.sql.catalyst.trees.TreeNode.transformDownWithPruning(TreeNode.scala:470)
[2025-08-18T00:00:31.240+0000] {spark_submit.py:579} INFO - at org.apache.spark.sql.catalyst.plans.logical.LogicalPlan.org$apache$spark$sql$catalyst$plans$logical$AnalysisHelper$$super$transformDownWithPruning(LogicalPlan.scala:37)
[2025-08-18T00:00:31.240+0000] {spark_submit.py:579} INFO - at org.apache.spark.sql.catalyst.plans.logical.AnalysisHelper.transformDownWithPruning(AnalysisHelper.scala:360)
[2025-08-18T00:00:31.240+0000] {spark_submit.py:579} INFO - at org.apache.spark.sql.catalyst.plans.logical.AnalysisHelper.transformDownWithPruning$(AnalysisHelper.scala:356)
[2025-08-18T00:00:31.240+0000] {spark_submit.py:579} INFO - at org.apache.spark.sql.catalyst.plans.logical.LogicalPlan.transformDownWithPruning(LogicalPlan.scala:37)
[2025-08-18T00:00:31.240+0000] {spark_submit.py:579} INFO - at org.apache.spark.sql.catalyst.plans.logical.LogicalPlan.transformDownWithPruning(LogicalPlan.scala:37)
[2025-08-18T00:00:31.241+0000] {spark_submit.py:579} INFO - at org.apache.spark.sql.catalyst.trees.TreeNode.transformDown(TreeNode.scala:446)
[2025-08-18T00:00:31.241+0000] {spark_submit.py:579} INFO - at org.apache.spark.sql.execution.QueryExecution.eagerlyExecuteCommands(QueryExecution.scala:164)
[2025-08-18T00:00:31.241+0000] {spark_submit.py:579} INFO - at org.apache.spark.sql.execution.QueryExecution.$anonfun$lazyCommandExecuted$1(QueryExecution.scala:126)
[2025-08-18T00:00:31.241+0000] {spark_submit.py:579} INFO - at scala.util.Try$.apply(Try.scala:217)
[2025-08-18T00:00:31.241+0000] {spark_submit.py:579} INFO - at org.apache.spark.util.Utils$.doTryWithCallerStacktrace(Utils.scala:1378)
[2025-08-18T00:00:31.241+0000] {spark_submit.py:579} INFO - at org.apache.spark.util.LazyTry.tryT$lzycompute(LazyTry.scala:46)
[2025-08-18T00:00:31.242+0000] {spark_submit.py:579} INFO - at org.apache.spark.util.LazyTry.tryT(LazyTry.scala:46)
[2025-08-18T00:00:31.242+0000] {spark_submit.py:579} INFO - ... 20 more
[2025-08-18T00:00:31.242+0000] {spark_submit.py:579} INFO - 
[2025-08-18T00:00:31.338+0000] {spark_submit.py:579} INFO - 25/08/18 00:00:31 INFO SparkContext: Invoking stop() from shutdown hook
[2025-08-18T00:00:31.340+0000] {spark_submit.py:579} INFO - 25/08/18 00:00:31 INFO SparkContext: SparkContext is stopping with exitCode 0 from run at Executors.java:539.
[2025-08-18T00:00:31.350+0000] {spark_submit.py:579} INFO - 25/08/18 00:00:31 INFO SparkUI: Stopped Spark web UI at http://81b7fe425a18:4040
[2025-08-18T00:00:31.354+0000] {spark_submit.py:579} INFO - 25/08/18 00:00:31 INFO StandaloneSchedulerBackend: Shutting down all executors
[2025-08-18T00:00:31.356+0000] {spark_submit.py:579} INFO - 25/08/18 00:00:31 INFO StandaloneSchedulerBackend$StandaloneDriverEndpoint: Asking each executor to shut down
[2025-08-18T00:00:31.370+0000] {spark_submit.py:579} INFO - 25/08/18 00:00:31 INFO MapOutputTrackerMasterEndpoint: MapOutputTrackerMasterEndpoint stopped!
[2025-08-18T00:00:31.399+0000] {spark_submit.py:579} INFO - 25/08/18 00:00:31 INFO MemoryStore: MemoryStore started with capacity 434.4 MiB
[2025-08-18T00:00:31.399+0000] {spark_submit.py:579} INFO - 25/08/18 00:00:31 INFO MemoryStore: MemoryStore cleared
[2025-08-18T00:00:31.400+0000] {spark_submit.py:579} INFO - 25/08/18 00:00:31 INFO BlockManager: BlockManager stopped
[2025-08-18T00:00:31.404+0000] {spark_submit.py:579} INFO - 25/08/18 00:00:31 INFO BlockManagerMaster: BlockManagerMaster stopped
[2025-08-18T00:00:31.406+0000] {spark_submit.py:579} INFO - 25/08/18 00:00:31 INFO OutputCommitCoordinator$OutputCommitCoordinatorEndpoint: OutputCommitCoordinator stopped!
[2025-08-18T00:00:31.421+0000] {spark_submit.py:579} INFO - 25/08/18 00:00:31 INFO SparkContext: Successfully stopped SparkContext
[2025-08-18T00:00:31.422+0000] {spark_submit.py:579} INFO - 25/08/18 00:00:31 INFO ShutdownHookManager: Shutdown hook called
[2025-08-18T00:00:31.423+0000] {spark_submit.py:579} INFO - 25/08/18 00:00:31 INFO ShutdownHookManager: Deleting directory /tmp/spark-d1226451-a0f9-4114-89d1-48d3faeb1c4b
[2025-08-18T00:00:31.428+0000] {spark_submit.py:579} INFO - 25/08/18 00:00:31 INFO ShutdownHookManager: Deleting directory /tmp/spark-fc67895d-867d-4567-9a56-047b0e89a631
[2025-08-18T00:00:31.436+0000] {spark_submit.py:579} INFO - 25/08/18 00:00:31 INFO ShutdownHookManager: Deleting directory /tmp/spark-d1226451-a0f9-4114-89d1-48d3faeb1c4b/pyspark-49c0ca13-8a72-42d0-9094-d9654f56c58d
[2025-08-18T00:00:31.443+0000] {spark_submit.py:579} INFO - 25/08/18 00:00:31 INFO ShutdownHookManager: Deleting directory /opt/***/artifacts/spark-28bca7f7-bfc6-4c53-8090-8bdf35ad0295
[2025-08-18T00:00:31.507+0000] {taskinstance.py:1935} ERROR - Task failed with exception
Traceback (most recent call last):
  File "/home/airflow/.local/lib/python3.10/site-packages/airflow/providers/apache/spark/operators/spark_submit.py", line 174, in execute
    self._hook.submit(self.application)
  File "/home/airflow/.local/lib/python3.10/site-packages/airflow/providers/apache/spark/hooks/spark_submit.py", line 505, in submit
    raise AirflowException(
airflow.exceptions.AirflowException: Cannot execute: spark-submit --master spark://spark-master:7077 --jars /opt/spark/external-jars/apache-spark-sql-connector.jar --name arrow-spark --deploy-mode client jobs/python/wordcountjob.py. Error code is: 1.
[2025-08-18T00:00:31.511+0000] {taskinstance.py:1398} INFO - Marking task as FAILED. dag_id=sparking_flow, task_id=python_job, execution_date=20250817T000000, start_date=20250818T000003, end_date=20250818T000031
[2025-08-18T00:00:31.522+0000] {standard_task_runner.py:104} ERROR - Failed to execute job 26 for task python_job (Cannot execute: spark-submit --master spark://spark-master:7077 --jars /opt/spark/external-jars/apache-spark-sql-connector.jar --name arrow-spark --deploy-mode client jobs/python/wordcountjob.py. Error code is: 1.; 1306)
[2025-08-18T00:00:31.537+0000] {local_task_job_runner.py:228} INFO - Task exited with return code 1
[2025-08-18T00:00:31.557+0000] {taskinstance.py:2776} INFO - 0 downstream tasks scheduled from follow-on schedule check
