[2025-08-10T14:39:04.394+0000] {taskinstance.py:1157} INFO - Dependencies all met for dep_context=non-requeueable deps ti=<TaskInstance: sparking_flow.python_job manual__2025-08-10T14:39:00.878808+00:00 [queued]>
[2025-08-10T14:39:04.401+0000] {taskinstance.py:1157} INFO - Dependencies all met for dep_context=requeueable deps ti=<TaskInstance: sparking_flow.python_job manual__2025-08-10T14:39:00.878808+00:00 [queued]>
[2025-08-10T14:39:04.402+0000] {taskinstance.py:1359} INFO - Starting attempt 1 of 1
[2025-08-10T14:39:04.414+0000] {taskinstance.py:1380} INFO - Executing <Task(SparkSubmitOperator): python_job> on 2025-08-10 14:39:00.878808+00:00
[2025-08-10T14:39:04.421+0000] {standard_task_runner.py:57} INFO - Started process 209 to run task
[2025-08-10T14:39:04.424+0000] {standard_task_runner.py:84} INFO - Running: ['***', 'tasks', 'run', 'sparking_flow', 'python_job', 'manual__2025-08-10T14:39:00.878808+00:00', '--job-id', '5', '--raw', '--subdir', 'DAGS_FOLDER/spark_***.py', '--cfg-path', '/tmp/tmpnwr6glig']
[2025-08-10T14:39:04.428+0000] {standard_task_runner.py:85} INFO - Job 5: Subtask python_job
[2025-08-10T14:39:04.492+0000] {task_command.py:415} INFO - Running <TaskInstance: sparking_flow.python_job manual__2025-08-10T14:39:00.878808+00:00 [running]> on host b165964c8bb3
[2025-08-10T14:39:04.593+0000] {taskinstance.py:1660} INFO - Exporting env vars: AIRFLOW_CTX_DAG_OWNER='Yusuf Ganiyu' AIRFLOW_CTX_DAG_ID='sparking_flow' AIRFLOW_CTX_TASK_ID='python_job' AIRFLOW_CTX_EXECUTION_DATE='2025-08-10T14:39:00.878808+00:00' AIRFLOW_CTX_TRY_NUMBER='1' AIRFLOW_CTX_DAG_RUN_ID='manual__2025-08-10T14:39:00.878808+00:00'
[2025-08-10T14:39:04.607+0000] {base.py:73} INFO - Using connection ID 'spark-conn' for task execution.
[2025-08-10T14:39:04.610+0000] {spark_submit.py:403} INFO - Spark-Submit cmd: spark-submit --master spark://spark-master:7077 --jars /opt/spark/external-jars/spark-mssql-connector_2.11-1.1.0.jar --name arrow-spark --deploy-mode client jobs/python/wordcountjob.py
[2025-08-10T14:39:05.362+0000] {spark_submit.py:579} INFO - WARNING: Using incubator modules: jdk.incubator.vector
[2025-08-10T14:39:07.589+0000] {spark_submit.py:579} INFO - 25/08/10 14:39:07 WARN NativeCodeLoader: Unable to load native-hadoop library for your platform... using builtin-java classes where applicable
[2025-08-10T14:39:07.788+0000] {spark_submit.py:579} INFO - Using Spark's default log4j profile: org/apache/spark/log4j2-defaults.properties
[2025-08-10T14:39:07.793+0000] {spark_submit.py:579} INFO - 25/08/10 14:39:07 WARN DependencyUtils: Local jar /opt/spark/external-jars/spark-mssql-connector_2.11-1.1.0.jar does not exist, skipping.
[2025-08-10T14:39:11.190+0000] {spark_submit.py:579} INFO - 25/08/10 14:39:11 INFO SparkContext: Running Spark version 4.0.0
[2025-08-10T14:39:11.192+0000] {spark_submit.py:579} INFO - 25/08/10 14:39:11 INFO SparkContext: OS info Linux, 6.6.87.2-microsoft-standard-WSL2, amd64
[2025-08-10T14:39:11.193+0000] {spark_submit.py:579} INFO - 25/08/10 14:39:11 INFO SparkContext: Java version 17.0.15
[2025-08-10T14:39:11.225+0000] {spark_submit.py:579} INFO - 25/08/10 14:39:11 INFO ResourceUtils: ==============================================================
[2025-08-10T14:39:11.226+0000] {spark_submit.py:579} INFO - 25/08/10 14:39:11 INFO ResourceUtils: No custom resources configured for spark.driver.
[2025-08-10T14:39:11.227+0000] {spark_submit.py:579} INFO - 25/08/10 14:39:11 INFO ResourceUtils: ==============================================================
[2025-08-10T14:39:11.228+0000] {spark_submit.py:579} INFO - 25/08/10 14:39:11 INFO SparkContext: Submitted application: PythonWordCount
[2025-08-10T14:39:11.262+0000] {spark_submit.py:579} INFO - 25/08/10 14:39:11 INFO ResourceProfile: Default ResourceProfile created, executor resources: Map(memory -> name: memory, amount: 1024, script: , vendor: , offHeap -> name: offHeap, amount: 0, script: , vendor: ), task resources: Map(cpus -> name: cpus, amount: 1.0)
[2025-08-10T14:39:11.266+0000] {spark_submit.py:579} INFO - 25/08/10 14:39:11 INFO ResourceProfile: Limiting resource is cpu
[2025-08-10T14:39:11.267+0000] {spark_submit.py:579} INFO - 25/08/10 14:39:11 INFO ResourceProfileManager: Added ResourceProfile id: 0
[2025-08-10T14:39:11.339+0000] {spark_submit.py:579} INFO - 25/08/10 14:39:11 INFO SecurityManager: Changing view acls to: ***
[2025-08-10T14:39:11.340+0000] {spark_submit.py:579} INFO - 25/08/10 14:39:11 INFO SecurityManager: Changing modify acls to: ***
[2025-08-10T14:39:11.341+0000] {spark_submit.py:579} INFO - 25/08/10 14:39:11 INFO SecurityManager: Changing view acls groups to: ***
[2025-08-10T14:39:11.341+0000] {spark_submit.py:579} INFO - 25/08/10 14:39:11 INFO SecurityManager: Changing modify acls groups to: ***
[2025-08-10T14:39:11.347+0000] {spark_submit.py:579} INFO - 25/08/10 14:39:11 INFO SecurityManager: SecurityManager: authentication disabled; ui acls disabled; users with view permissions: *** groups with view permissions: EMPTY; users with modify permissions: ***; groups with modify permissions: EMPTY; RPC SSL disabled
[2025-08-10T14:39:11.656+0000] {spark_submit.py:579} INFO - 25/08/10 14:39:11 INFO Utils: Successfully started service 'sparkDriver' on port 38163.
[2025-08-10T14:39:11.709+0000] {spark_submit.py:579} INFO - 25/08/10 14:39:11 INFO SparkEnv: Registering MapOutputTracker
[2025-08-10T14:39:11.727+0000] {spark_submit.py:579} INFO - 25/08/10 14:39:11 INFO SparkEnv: Registering BlockManagerMaster
[2025-08-10T14:39:11.760+0000] {spark_submit.py:579} INFO - 25/08/10 14:39:11 INFO BlockManagerMasterEndpoint: Using org.apache.spark.storage.DefaultTopologyMapper for getting topology information
[2025-08-10T14:39:11.763+0000] {spark_submit.py:579} INFO - 25/08/10 14:39:11 INFO BlockManagerMasterEndpoint: BlockManagerMasterEndpoint up
[2025-08-10T14:39:11.769+0000] {spark_submit.py:579} INFO - 25/08/10 14:39:11 INFO SparkEnv: Registering BlockManagerMasterHeartbeat
[2025-08-10T14:39:11.812+0000] {spark_submit.py:579} INFO - 25/08/10 14:39:11 INFO DiskBlockManager: Created local directory at /tmp/blockmgr-d6b96da5-1e65-42b0-9f76-c7cbfd191720
[2025-08-10T14:39:11.847+0000] {spark_submit.py:579} INFO - 25/08/10 14:39:11 INFO SparkEnv: Registering OutputCommitCoordinator
[2025-08-10T14:39:12.043+0000] {spark_submit.py:579} INFO - 25/08/10 14:39:12 INFO JettyUtils: Start Jetty 0.0.0.0:4040 for SparkUI
[2025-08-10T14:39:12.148+0000] {spark_submit.py:579} INFO - 25/08/10 14:39:12 WARN Utils: Service 'SparkUI' could not bind on port 4040. Attempting port 4041.
[2025-08-10T14:39:12.159+0000] {spark_submit.py:579} INFO - 25/08/10 14:39:12 INFO Utils: Successfully started service 'SparkUI' on port 4041.
[2025-08-10T14:39:12.210+0000] {spark_submit.py:579} INFO - 25/08/10 14:39:12 ERROR SparkContext: Failed to add file:/opt/spark/external-jars/spark-mssql-connector_2.11-1.1.0.jar to Spark environment
[2025-08-10T14:39:12.211+0000] {spark_submit.py:579} INFO - java.io.FileNotFoundException: Jar /opt/spark/external-jars/spark-mssql-connector_2.11-1.1.0.jar not found
[2025-08-10T14:39:12.212+0000] {spark_submit.py:579} INFO - at org.apache.spark.SparkContext.addLocalJarFile$1(SparkContext.scala:2174)
[2025-08-10T14:39:12.212+0000] {spark_submit.py:579} INFO - at org.apache.spark.SparkContext.addJar(SparkContext.scala:2230)
[2025-08-10T14:39:12.214+0000] {spark_submit.py:579} INFO - at org.apache.spark.SparkContext.$anonfun$new$15(SparkContext.scala:538)
[2025-08-10T14:39:12.217+0000] {spark_submit.py:579} INFO - at org.apache.spark.SparkContext.$anonfun$new$15$adapted(SparkContext.scala:538)
[2025-08-10T14:39:12.219+0000] {spark_submit.py:579} INFO - at scala.collection.IterableOnceOps.foreach(IterableOnce.scala:619)
[2025-08-10T14:39:12.219+0000] {spark_submit.py:579} INFO - at scala.collection.IterableOnceOps.foreach$(IterableOnce.scala:617)
[2025-08-10T14:39:12.219+0000] {spark_submit.py:579} INFO - at scala.collection.AbstractIterable.foreach(Iterable.scala:935)
[2025-08-10T14:39:12.220+0000] {spark_submit.py:579} INFO - at org.apache.spark.SparkContext.<init>(SparkContext.scala:538)
[2025-08-10T14:39:12.224+0000] {spark_submit.py:579} INFO - at org.apache.spark.api.java.JavaSparkContext.<init>(JavaSparkContext.scala:59)
[2025-08-10T14:39:12.226+0000] {spark_submit.py:579} INFO - at java.base/jdk.internal.reflect.NativeConstructorAccessorImpl.newInstance0(Native Method)
[2025-08-10T14:39:12.227+0000] {spark_submit.py:579} INFO - at java.base/jdk.internal.reflect.NativeConstructorAccessorImpl.newInstance(NativeConstructorAccessorImpl.java:77)
[2025-08-10T14:39:12.227+0000] {spark_submit.py:579} INFO - at java.base/jdk.internal.reflect.DelegatingConstructorAccessorImpl.newInstance(DelegatingConstructorAccessorImpl.java:45)
[2025-08-10T14:39:12.228+0000] {spark_submit.py:579} INFO - at java.base/java.lang.reflect.Constructor.newInstanceWithCaller(Constructor.java:500)
[2025-08-10T14:39:12.228+0000] {spark_submit.py:579} INFO - at java.base/java.lang.reflect.Constructor.newInstance(Constructor.java:481)
[2025-08-10T14:39:12.229+0000] {spark_submit.py:579} INFO - at py4j.reflection.MethodInvoker.invoke(MethodInvoker.java:247)
[2025-08-10T14:39:12.230+0000] {spark_submit.py:579} INFO - at py4j.reflection.ReflectionEngine.invoke(ReflectionEngine.java:374)
[2025-08-10T14:39:12.230+0000] {spark_submit.py:579} INFO - at py4j.Gateway.invoke(Gateway.java:238)
[2025-08-10T14:39:12.231+0000] {spark_submit.py:579} INFO - at py4j.commands.ConstructorCommand.invokeConstructor(ConstructorCommand.java:80)
[2025-08-10T14:39:12.231+0000] {spark_submit.py:579} INFO - at py4j.commands.ConstructorCommand.execute(ConstructorCommand.java:69)
[2025-08-10T14:39:12.232+0000] {spark_submit.py:579} INFO - at py4j.ClientServerConnection.waitForCommands(ClientServerConnection.java:184)
[2025-08-10T14:39:12.233+0000] {spark_submit.py:579} INFO - at py4j.ClientServerConnection.run(ClientServerConnection.java:108)
[2025-08-10T14:39:12.233+0000] {spark_submit.py:579} INFO - at java.base/java.lang.Thread.run(Thread.java:840)
[2025-08-10T14:39:12.236+0000] {spark_submit.py:579} INFO - 25/08/10 14:39:12 INFO SecurityManager: Changing view acls to: ***
[2025-08-10T14:39:12.237+0000] {spark_submit.py:579} INFO - 25/08/10 14:39:12 INFO SecurityManager: Changing modify acls to: ***
[2025-08-10T14:39:12.238+0000] {spark_submit.py:579} INFO - 25/08/10 14:39:12 INFO SecurityManager: Changing view acls groups to: ***
[2025-08-10T14:39:12.239+0000] {spark_submit.py:579} INFO - 25/08/10 14:39:12 INFO SecurityManager: Changing modify acls groups to: ***
[2025-08-10T14:39:12.240+0000] {spark_submit.py:579} INFO - 25/08/10 14:39:12 INFO SecurityManager: SecurityManager: authentication disabled; ui acls disabled; users with view permissions: *** groups with view permissions: EMPTY; users with modify permissions: ***; groups with modify permissions: EMPTY; RPC SSL disabled
[2025-08-10T14:39:12.454+0000] {spark_submit.py:579} INFO - 25/08/10 14:39:12 INFO StandaloneAppClient$ClientEndpoint: Connecting to master spark://spark-master:7077...
[2025-08-10T14:39:12.511+0000] {spark_submit.py:579} INFO - 25/08/10 14:39:12 INFO TransportClientFactory: Successfully created connection to spark-master/172.18.0.3:7077 after 28 ms (0 ms spent in bootstraps)
[2025-08-10T14:39:12.966+0000] {spark_submit.py:579} INFO - 25/08/10 14:39:12 INFO StandaloneSchedulerBackend: Connected to Spark cluster with app ID app-20250810143912-0001
[2025-08-10T14:39:12.977+0000] {spark_submit.py:579} INFO - 25/08/10 14:39:12 INFO Utils: Successfully started service 'org.apache.spark.network.netty.NettyBlockTransferService' on port 35003.
[2025-08-10T14:39:12.978+0000] {spark_submit.py:579} INFO - 25/08/10 14:39:12 INFO NettyBlockTransferService: Server created on b165964c8bb3:35003
[2025-08-10T14:39:12.980+0000] {spark_submit.py:579} INFO - 25/08/10 14:39:12 INFO BlockManager: Using org.apache.spark.storage.RandomBlockReplicationPolicy for block replication policy
[2025-08-10T14:39:13.002+0000] {spark_submit.py:579} INFO - 25/08/10 14:39:13 INFO BlockManagerMaster: Registering BlockManager BlockManagerId(driver, b165964c8bb3, 35003, None)
[2025-08-10T14:39:13.009+0000] {spark_submit.py:579} INFO - 25/08/10 14:39:13 INFO BlockManagerMasterEndpoint: Registering block manager b165964c8bb3:35003 with 434.4 MiB RAM, BlockManagerId(driver, b165964c8bb3, 35003, None)
[2025-08-10T14:39:13.012+0000] {spark_submit.py:579} INFO - 25/08/10 14:39:13 INFO BlockManagerMaster: Registered BlockManager BlockManagerId(driver, b165964c8bb3, 35003, None)
[2025-08-10T14:39:13.014+0000] {spark_submit.py:579} INFO - 25/08/10 14:39:13 INFO BlockManager: Initialized BlockManager: BlockManagerId(driver, b165964c8bb3, 35003, None)
[2025-08-10T14:39:13.192+0000] {spark_submit.py:579} INFO - 25/08/10 14:39:13 INFO StandaloneSchedulerBackend: SchedulerBackend is ready for scheduling beginning after reached minRegisteredResourcesRatio: 0.0
[2025-08-10T14:39:20.438+0000] {spark_submit.py:579} INFO - dict_keys(['daily', 'daily960', 'live_rapid', 'live_blitz', 'live_bullet', 'live_bughouse', 'live_blitz960', 'live_threecheck', 'live_crazyhouse', 'live_kingofthehill', 'tactics', 'rush', 'battle'])
[2025-08-10T14:39:20.475+0000] {spark_submit.py:579} INFO - 25/08/10 14:39:20 INFO SharedState: Setting hive.metastore.warehouse.dir ('null') to the value of spark.sql.warehouse.dir.
[2025-08-10T14:39:20.480+0000] {spark_submit.py:579} INFO - 25/08/10 14:39:20 INFO SharedState: Warehouse path is 'file:/opt/***/spark-warehouse'.
[2025-08-10T14:39:22.747+0000] {spark_submit.py:579} INFO - Traceback (most recent call last):
[2025-08-10T14:39:22.748+0000] {spark_submit.py:579} INFO - File "/opt/***/jobs/python/wordcountjob.py", line 84, in <module>
[2025-08-10T14:39:22.750+0000] {spark_submit.py:579} INFO - write_data(daily,"daily")
[2025-08-10T14:39:22.751+0000] {spark_submit.py:579} INFO - File "/opt/***/jobs/python/wordcountjob.py", line 80, in write_data
[2025-08-10T14:39:22.755+0000] {spark_submit.py:579} INFO - df.write.mode("overwrite").jdbc(url=jdbc_url, table=f"dbo.{table}", properties=properties)
[2025-08-10T14:39:22.755+0000] {spark_submit.py:579} INFO - File "/home/***/.local/lib/python3.10/site-packages/pyspark/python/lib/pyspark.zip/pyspark/sql/readwriter.py", line 2347, in jdbc
[2025-08-10T14:39:22.756+0000] {spark_submit.py:579} INFO - File "/home/***/.local/lib/python3.10/site-packages/pyspark/python/lib/py4j-0.10.9.9-src.zip/py4j/java_gateway.py", line 1362, in __call__
[2025-08-10T14:39:22.760+0000] {spark_submit.py:579} INFO - File "/home/***/.local/lib/python3.10/site-packages/pyspark/python/lib/pyspark.zip/pyspark/errors/exceptions/captured.py", line 282, in deco
[2025-08-10T14:39:22.761+0000] {spark_submit.py:579} INFO - File "/home/***/.local/lib/python3.10/site-packages/pyspark/python/lib/py4j-0.10.9.9-src.zip/py4j/protocol.py", line 327, in get_return_value
[2025-08-10T14:39:22.805+0000] {spark_submit.py:579} INFO - py4j.protocol.Py4JJavaError: An error occurred while calling o138.jdbc.
[2025-08-10T14:39:22.808+0000] {spark_submit.py:579} INFO - : java.lang.ClassNotFoundException: com.microsoft.sqlserver.jdbc.SQLServerDriver
[2025-08-10T14:39:22.809+0000] {spark_submit.py:579} INFO - at java.base/java.net.URLClassLoader.findClass(URLClassLoader.java:445)
[2025-08-10T14:39:22.809+0000] {spark_submit.py:579} INFO - at java.base/java.lang.ClassLoader.loadClass(ClassLoader.java:592)
[2025-08-10T14:39:22.810+0000] {spark_submit.py:579} INFO - at java.base/java.lang.ClassLoader.loadClass(ClassLoader.java:525)
[2025-08-10T14:39:22.810+0000] {spark_submit.py:579} INFO - at org.apache.spark.sql.execution.datasources.jdbc.DriverRegistry$.register(DriverRegistry.scala:47)
[2025-08-10T14:39:22.810+0000] {spark_submit.py:579} INFO - at org.apache.spark.sql.execution.datasources.jdbc.JDBCOptions.$anonfun$driverClass$1(JDBCOptions.scala:112)
[2025-08-10T14:39:22.811+0000] {spark_submit.py:579} INFO - at org.apache.spark.sql.execution.datasources.jdbc.JDBCOptions.$anonfun$driverClass$1$adapted(JDBCOptions.scala:112)
[2025-08-10T14:39:22.811+0000] {spark_submit.py:579} INFO - at scala.Option.foreach(Option.scala:437)
[2025-08-10T14:39:22.811+0000] {spark_submit.py:579} INFO - at org.apache.spark.sql.execution.datasources.jdbc.JDBCOptions.<init>(JDBCOptions.scala:112)
[2025-08-10T14:39:22.811+0000] {spark_submit.py:579} INFO - at org.apache.spark.sql.execution.datasources.jdbc.JdbcOptionsInWrite.<init>(JDBCOptions.scala:272)
[2025-08-10T14:39:22.812+0000] {spark_submit.py:579} INFO - at org.apache.spark.sql.execution.datasources.jdbc.JdbcOptionsInWrite.<init>(JDBCOptions.scala:276)
[2025-08-10T14:39:22.812+0000] {spark_submit.py:579} INFO - at org.apache.spark.sql.execution.datasources.jdbc.JdbcRelationProvider.createRelation(JdbcRelationProvider.scala:48)
[2025-08-10T14:39:22.812+0000] {spark_submit.py:579} INFO - at org.apache.spark.sql.execution.datasources.SaveIntoDataSourceCommand.run(SaveIntoDataSourceCommand.scala:55)
[2025-08-10T14:39:22.813+0000] {spark_submit.py:579} INFO - at org.apache.spark.sql.execution.command.ExecutedCommandExec.sideEffectResult$lzycompute(commands.scala:79)
[2025-08-10T14:39:22.814+0000] {spark_submit.py:579} INFO - at org.apache.spark.sql.execution.command.ExecutedCommandExec.sideEffectResult(commands.scala:77)
[2025-08-10T14:39:22.814+0000] {spark_submit.py:579} INFO - at org.apache.spark.sql.execution.command.ExecutedCommandExec.executeCollect(commands.scala:88)
[2025-08-10T14:39:22.814+0000] {spark_submit.py:579} INFO - at org.apache.spark.sql.execution.QueryExecution.$anonfun$eagerlyExecuteCommands$2(QueryExecution.scala:155)
[2025-08-10T14:39:22.815+0000] {spark_submit.py:579} INFO - at org.apache.spark.sql.execution.SQLExecution$.$anonfun$withNewExecutionId0$8(SQLExecution.scala:162)
[2025-08-10T14:39:22.815+0000] {spark_submit.py:579} INFO - at org.apache.spark.sql.execution.SQLExecution$.withSessionTagsApplied(SQLExecution.scala:268)
[2025-08-10T14:39:22.815+0000] {spark_submit.py:579} INFO - at org.apache.spark.sql.execution.SQLExecution$.$anonfun$withNewExecutionId0$7(SQLExecution.scala:124)
[2025-08-10T14:39:22.816+0000] {spark_submit.py:579} INFO - at org.apache.spark.JobArtifactSet$.withActiveJobArtifactState(JobArtifactSet.scala:94)
[2025-08-10T14:39:22.816+0000] {spark_submit.py:579} INFO - at org.apache.spark.sql.artifact.ArtifactManager.$anonfun$withResources$1(ArtifactManager.scala:112)
[2025-08-10T14:39:22.816+0000] {spark_submit.py:579} INFO - at org.apache.spark.sql.artifact.ArtifactManager.withClassLoaderIfNeeded(ArtifactManager.scala:106)
[2025-08-10T14:39:22.816+0000] {spark_submit.py:579} INFO - at org.apache.spark.sql.artifact.ArtifactManager.withResources(ArtifactManager.scala:111)
[2025-08-10T14:39:22.817+0000] {spark_submit.py:579} INFO - at org.apache.spark.sql.execution.SQLExecution$.$anonfun$withNewExecutionId0$6(SQLExecution.scala:124)
[2025-08-10T14:39:22.817+0000] {spark_submit.py:579} INFO - at org.apache.spark.sql.execution.SQLExecution$.withSQLConfPropagated(SQLExecution.scala:291)
[2025-08-10T14:39:22.817+0000] {spark_submit.py:579} INFO - at org.apache.spark.sql.execution.SQLExecution$.$anonfun$withNewExecutionId0$1(SQLExecution.scala:123)
[2025-08-10T14:39:22.818+0000] {spark_submit.py:579} INFO - at org.apache.spark.sql.SparkSession.withActive(SparkSession.scala:804)
[2025-08-10T14:39:22.818+0000] {spark_submit.py:579} INFO - at org.apache.spark.sql.execution.SQLExecution$.withNewExecutionId0(SQLExecution.scala:77)
[2025-08-10T14:39:22.818+0000] {spark_submit.py:579} INFO - at org.apache.spark.sql.execution.SQLExecution$.withNewExecutionId(SQLExecution.scala:233)
[2025-08-10T14:39:22.818+0000] {spark_submit.py:579} INFO - at org.apache.spark.sql.execution.QueryExecution.$anonfun$eagerlyExecuteCommands$1(QueryExecution.scala:155)
[2025-08-10T14:39:22.819+0000] {spark_submit.py:579} INFO - at org.apache.spark.sql.execution.QueryExecution$.withInternalError(QueryExecution.scala:654)
[2025-08-10T14:39:22.819+0000] {spark_submit.py:579} INFO - at org.apache.spark.sql.execution.QueryExecution.org$apache$spark$sql$execution$QueryExecution$$eagerlyExecute$1(QueryExecution.scala:154)
[2025-08-10T14:39:22.819+0000] {spark_submit.py:579} INFO - at org.apache.spark.sql.execution.QueryExecution$$anonfun$eagerlyExecuteCommands$3.applyOrElse(QueryExecution.scala:169)
[2025-08-10T14:39:22.820+0000] {spark_submit.py:579} INFO - at org.apache.spark.sql.execution.QueryExecution$$anonfun$eagerlyExecuteCommands$3.applyOrElse(QueryExecution.scala:164)
[2025-08-10T14:39:22.820+0000] {spark_submit.py:579} INFO - at org.apache.spark.sql.catalyst.trees.TreeNode.$anonfun$transformDownWithPruning$1(TreeNode.scala:470)
[2025-08-10T14:39:22.820+0000] {spark_submit.py:579} INFO - at org.apache.spark.sql.catalyst.trees.CurrentOrigin$.withOrigin(origin.scala:86)
[2025-08-10T14:39:22.820+0000] {spark_submit.py:579} INFO - at org.apache.spark.sql.catalyst.trees.TreeNode.transformDownWithPruning(TreeNode.scala:470)
[2025-08-10T14:39:22.821+0000] {spark_submit.py:579} INFO - at org.apache.spark.sql.catalyst.plans.logical.LogicalPlan.org$apache$spark$sql$catalyst$plans$logical$AnalysisHelper$$super$transformDownWithPruning(LogicalPlan.scala:37)
[2025-08-10T14:39:22.821+0000] {spark_submit.py:579} INFO - at org.apache.spark.sql.catalyst.plans.logical.AnalysisHelper.transformDownWithPruning(AnalysisHelper.scala:360)
[2025-08-10T14:39:22.821+0000] {spark_submit.py:579} INFO - at org.apache.spark.sql.catalyst.plans.logical.AnalysisHelper.transformDownWithPruning$(AnalysisHelper.scala:356)
[2025-08-10T14:39:22.821+0000] {spark_submit.py:579} INFO - at org.apache.spark.sql.catalyst.plans.logical.LogicalPlan.transformDownWithPruning(LogicalPlan.scala:37)
[2025-08-10T14:39:22.822+0000] {spark_submit.py:579} INFO - at org.apache.spark.sql.catalyst.plans.logical.LogicalPlan.transformDownWithPruning(LogicalPlan.scala:37)
[2025-08-10T14:39:22.822+0000] {spark_submit.py:579} INFO - at org.apache.spark.sql.catalyst.trees.TreeNode.transformDown(TreeNode.scala:446)
[2025-08-10T14:39:22.822+0000] {spark_submit.py:579} INFO - at org.apache.spark.sql.execution.QueryExecution.eagerlyExecuteCommands(QueryExecution.scala:164)
[2025-08-10T14:39:22.823+0000] {spark_submit.py:579} INFO - at org.apache.spark.sql.execution.QueryExecution.$anonfun$lazyCommandExecuted$1(QueryExecution.scala:126)
[2025-08-10T14:39:22.823+0000] {spark_submit.py:579} INFO - at scala.util.Try$.apply(Try.scala:217)
[2025-08-10T14:39:22.823+0000] {spark_submit.py:579} INFO - at org.apache.spark.util.Utils$.doTryWithCallerStacktrace(Utils.scala:1378)
[2025-08-10T14:39:22.823+0000] {spark_submit.py:579} INFO - at org.apache.spark.util.Utils$.getTryWithCallerStacktrace(Utils.scala:1439)
[2025-08-10T14:39:22.824+0000] {spark_submit.py:579} INFO - at org.apache.spark.util.LazyTry.get(LazyTry.scala:58)
[2025-08-10T14:39:22.824+0000] {spark_submit.py:579} INFO - at org.apache.spark.sql.execution.QueryExecution.commandExecuted(QueryExecution.scala:131)
[2025-08-10T14:39:22.824+0000] {spark_submit.py:579} INFO - at org.apache.spark.sql.execution.QueryExecution.assertCommandExecuted(QueryExecution.scala:192)
[2025-08-10T14:39:22.824+0000] {spark_submit.py:579} INFO - at org.apache.spark.sql.classic.DataFrameWriter.runCommand(DataFrameWriter.scala:622)
[2025-08-10T14:39:22.825+0000] {spark_submit.py:579} INFO - at org.apache.spark.sql.classic.DataFrameWriter.saveToV1Source(DataFrameWriter.scala:273)
[2025-08-10T14:39:22.825+0000] {spark_submit.py:579} INFO - at org.apache.spark.sql.classic.DataFrameWriter.saveInternal(DataFrameWriter.scala:241)
[2025-08-10T14:39:22.825+0000] {spark_submit.py:579} INFO - at org.apache.spark.sql.classic.DataFrameWriter.save(DataFrameWriter.scala:126)
[2025-08-10T14:39:22.825+0000] {spark_submit.py:579} INFO - at org.apache.spark.sql.DataFrameWriter.jdbc(DataFrameWriter.scala:334)
[2025-08-10T14:39:22.826+0000] {spark_submit.py:579} INFO - at java.base/jdk.internal.reflect.NativeMethodAccessorImpl.invoke0(Native Method)
[2025-08-10T14:39:22.826+0000] {spark_submit.py:579} INFO - at java.base/jdk.internal.reflect.NativeMethodAccessorImpl.invoke(NativeMethodAccessorImpl.java:77)
[2025-08-10T14:39:22.826+0000] {spark_submit.py:579} INFO - at java.base/jdk.internal.reflect.DelegatingMethodAccessorImpl.invoke(DelegatingMethodAccessorImpl.java:43)
[2025-08-10T14:39:22.826+0000] {spark_submit.py:579} INFO - at java.base/java.lang.reflect.Method.invoke(Method.java:569)
[2025-08-10T14:39:22.827+0000] {spark_submit.py:579} INFO - at py4j.reflection.MethodInvoker.invoke(MethodInvoker.java:244)
[2025-08-10T14:39:22.827+0000] {spark_submit.py:579} INFO - at py4j.reflection.ReflectionEngine.invoke(ReflectionEngine.java:374)
[2025-08-10T14:39:22.827+0000] {spark_submit.py:579} INFO - at py4j.Gateway.invoke(Gateway.java:282)
[2025-08-10T14:39:22.827+0000] {spark_submit.py:579} INFO - at py4j.commands.AbstractCommand.invokeMethod(AbstractCommand.java:132)
[2025-08-10T14:39:22.828+0000] {spark_submit.py:579} INFO - at py4j.commands.CallCommand.execute(CallCommand.java:79)
[2025-08-10T14:39:22.828+0000] {spark_submit.py:579} INFO - at py4j.ClientServerConnection.waitForCommands(ClientServerConnection.java:184)
[2025-08-10T14:39:22.828+0000] {spark_submit.py:579} INFO - at py4j.ClientServerConnection.run(ClientServerConnection.java:108)
[2025-08-10T14:39:22.828+0000] {spark_submit.py:579} INFO - at java.base/java.lang.Thread.run(Thread.java:840)
[2025-08-10T14:39:22.829+0000] {spark_submit.py:579} INFO - Suppressed: org.apache.spark.util.Utils$OriginalTryStackTraceException: Full stacktrace of original doTryWithCallerStacktrace caller
[2025-08-10T14:39:22.829+0000] {spark_submit.py:579} INFO - at java.base/java.net.URLClassLoader.findClass(URLClassLoader.java:445)
[2025-08-10T14:39:22.829+0000] {spark_submit.py:579} INFO - at java.base/java.lang.ClassLoader.loadClass(ClassLoader.java:592)
[2025-08-10T14:39:22.830+0000] {spark_submit.py:579} INFO - at java.base/java.lang.ClassLoader.loadClass(ClassLoader.java:525)
[2025-08-10T14:39:22.830+0000] {spark_submit.py:579} INFO - at org.apache.spark.sql.execution.datasources.jdbc.DriverRegistry$.register(DriverRegistry.scala:47)
[2025-08-10T14:39:22.830+0000] {spark_submit.py:579} INFO - at org.apache.spark.sql.execution.datasources.jdbc.JDBCOptions.$anonfun$driverClass$1(JDBCOptions.scala:112)
[2025-08-10T14:39:22.831+0000] {spark_submit.py:579} INFO - at org.apache.spark.sql.execution.datasources.jdbc.JDBCOptions.$anonfun$driverClass$1$adapted(JDBCOptions.scala:112)
[2025-08-10T14:39:22.831+0000] {spark_submit.py:579} INFO - at scala.Option.foreach(Option.scala:437)
[2025-08-10T14:39:22.831+0000] {spark_submit.py:579} INFO - at org.apache.spark.sql.execution.datasources.jdbc.JDBCOptions.<init>(JDBCOptions.scala:112)
[2025-08-10T14:39:22.832+0000] {spark_submit.py:579} INFO - at org.apache.spark.sql.execution.datasources.jdbc.JdbcOptionsInWrite.<init>(JDBCOptions.scala:272)
[2025-08-10T14:39:22.832+0000] {spark_submit.py:579} INFO - at org.apache.spark.sql.execution.datasources.jdbc.JdbcOptionsInWrite.<init>(JDBCOptions.scala:276)
[2025-08-10T14:39:22.832+0000] {spark_submit.py:579} INFO - at org.apache.spark.sql.execution.datasources.jdbc.JdbcRelationProvider.createRelation(JdbcRelationProvider.scala:48)
[2025-08-10T14:39:22.833+0000] {spark_submit.py:579} INFO - at org.apache.spark.sql.execution.datasources.SaveIntoDataSourceCommand.run(SaveIntoDataSourceCommand.scala:55)
[2025-08-10T14:39:22.833+0000] {spark_submit.py:579} INFO - at org.apache.spark.sql.execution.command.ExecutedCommandExec.sideEffectResult$lzycompute(commands.scala:79)
[2025-08-10T14:39:22.833+0000] {spark_submit.py:579} INFO - at org.apache.spark.sql.execution.command.ExecutedCommandExec.sideEffectResult(commands.scala:77)
[2025-08-10T14:39:22.834+0000] {spark_submit.py:579} INFO - at org.apache.spark.sql.execution.command.ExecutedCommandExec.executeCollect(commands.scala:88)
[2025-08-10T14:39:22.834+0000] {spark_submit.py:579} INFO - at org.apache.spark.sql.execution.QueryExecution.$anonfun$eagerlyExecuteCommands$2(QueryExecution.scala:155)
[2025-08-10T14:39:22.834+0000] {spark_submit.py:579} INFO - at org.apache.spark.sql.execution.SQLExecution$.$anonfun$withNewExecutionId0$8(SQLExecution.scala:162)
[2025-08-10T14:39:22.835+0000] {spark_submit.py:579} INFO - at org.apache.spark.sql.execution.SQLExecution$.withSessionTagsApplied(SQLExecution.scala:268)
[2025-08-10T14:39:22.835+0000] {spark_submit.py:579} INFO - at org.apache.spark.sql.execution.SQLExecution$.$anonfun$withNewExecutionId0$7(SQLExecution.scala:124)
[2025-08-10T14:39:22.835+0000] {spark_submit.py:579} INFO - at org.apache.spark.JobArtifactSet$.withActiveJobArtifactState(JobArtifactSet.scala:94)
[2025-08-10T14:39:22.836+0000] {spark_submit.py:579} INFO - at org.apache.spark.sql.artifact.ArtifactManager.$anonfun$withResources$1(ArtifactManager.scala:112)
[2025-08-10T14:39:22.836+0000] {spark_submit.py:579} INFO - at org.apache.spark.sql.artifact.ArtifactManager.withClassLoaderIfNeeded(ArtifactManager.scala:106)
[2025-08-10T14:39:22.836+0000] {spark_submit.py:579} INFO - at org.apache.spark.sql.artifact.ArtifactManager.withResources(ArtifactManager.scala:111)
[2025-08-10T14:39:22.836+0000] {spark_submit.py:579} INFO - at org.apache.spark.sql.execution.SQLExecution$.$anonfun$withNewExecutionId0$6(SQLExecution.scala:124)
[2025-08-10T14:39:22.837+0000] {spark_submit.py:579} INFO - at org.apache.spark.sql.execution.SQLExecution$.withSQLConfPropagated(SQLExecution.scala:291)
[2025-08-10T14:39:22.837+0000] {spark_submit.py:579} INFO - at org.apache.spark.sql.execution.SQLExecution$.$anonfun$withNewExecutionId0$1(SQLExecution.scala:123)
[2025-08-10T14:39:22.837+0000] {spark_submit.py:579} INFO - at org.apache.spark.sql.SparkSession.withActive(SparkSession.scala:804)
[2025-08-10T14:39:22.838+0000] {spark_submit.py:579} INFO - at org.apache.spark.sql.execution.SQLExecution$.withNewExecutionId0(SQLExecution.scala:77)
[2025-08-10T14:39:22.838+0000] {spark_submit.py:579} INFO - at org.apache.spark.sql.execution.SQLExecution$.withNewExecutionId(SQLExecution.scala:233)
[2025-08-10T14:39:22.838+0000] {spark_submit.py:579} INFO - at org.apache.spark.sql.execution.QueryExecution.$anonfun$eagerlyExecuteCommands$1(QueryExecution.scala:155)
[2025-08-10T14:39:22.838+0000] {spark_submit.py:579} INFO - at org.apache.spark.sql.execution.QueryExecution$.withInternalError(QueryExecution.scala:654)
[2025-08-10T14:39:22.839+0000] {spark_submit.py:579} INFO - at org.apache.spark.sql.execution.QueryExecution.org$apache$spark$sql$execution$QueryExecution$$eagerlyExecute$1(QueryExecution.scala:154)
[2025-08-10T14:39:22.839+0000] {spark_submit.py:579} INFO - at org.apache.spark.sql.execution.QueryExecution$$anonfun$eagerlyExecuteCommands$3.applyOrElse(QueryExecution.scala:169)
[2025-08-10T14:39:22.839+0000] {spark_submit.py:579} INFO - at org.apache.spark.sql.execution.QueryExecution$$anonfun$eagerlyExecuteCommands$3.applyOrElse(QueryExecution.scala:164)
[2025-08-10T14:39:22.839+0000] {spark_submit.py:579} INFO - at org.apache.spark.sql.catalyst.trees.TreeNode.$anonfun$transformDownWithPruning$1(TreeNode.scala:470)
[2025-08-10T14:39:22.840+0000] {spark_submit.py:579} INFO - at org.apache.spark.sql.catalyst.trees.CurrentOrigin$.withOrigin(origin.scala:86)
[2025-08-10T14:39:22.840+0000] {spark_submit.py:579} INFO - at org.apache.spark.sql.catalyst.trees.TreeNode.transformDownWithPruning(TreeNode.scala:470)
[2025-08-10T14:39:22.840+0000] {spark_submit.py:579} INFO - at org.apache.spark.sql.catalyst.plans.logical.LogicalPlan.org$apache$spark$sql$catalyst$plans$logical$AnalysisHelper$$super$transformDownWithPruning(LogicalPlan.scala:37)
[2025-08-10T14:39:22.840+0000] {spark_submit.py:579} INFO - at org.apache.spark.sql.catalyst.plans.logical.AnalysisHelper.transformDownWithPruning(AnalysisHelper.scala:360)
[2025-08-10T14:39:22.841+0000] {spark_submit.py:579} INFO - at org.apache.spark.sql.catalyst.plans.logical.AnalysisHelper.transformDownWithPruning$(AnalysisHelper.scala:356)
[2025-08-10T14:39:22.841+0000] {spark_submit.py:579} INFO - at org.apache.spark.sql.catalyst.plans.logical.LogicalPlan.transformDownWithPruning(LogicalPlan.scala:37)
[2025-08-10T14:39:22.841+0000] {spark_submit.py:579} INFO - at org.apache.spark.sql.catalyst.plans.logical.LogicalPlan.transformDownWithPruning(LogicalPlan.scala:37)
[2025-08-10T14:39:22.841+0000] {spark_submit.py:579} INFO - at org.apache.spark.sql.catalyst.trees.TreeNode.transformDown(TreeNode.scala:446)
[2025-08-10T14:39:22.842+0000] {spark_submit.py:579} INFO - at org.apache.spark.sql.execution.QueryExecution.eagerlyExecuteCommands(QueryExecution.scala:164)
[2025-08-10T14:39:22.842+0000] {spark_submit.py:579} INFO - at org.apache.spark.sql.execution.QueryExecution.$anonfun$lazyCommandExecuted$1(QueryExecution.scala:126)
[2025-08-10T14:39:22.842+0000] {spark_submit.py:579} INFO - at scala.util.Try$.apply(Try.scala:217)
[2025-08-10T14:39:22.842+0000] {spark_submit.py:579} INFO - at org.apache.spark.util.Utils$.doTryWithCallerStacktrace(Utils.scala:1378)
[2025-08-10T14:39:22.843+0000] {spark_submit.py:579} INFO - at org.apache.spark.util.LazyTry.tryT$lzycompute(LazyTry.scala:46)
[2025-08-10T14:39:22.843+0000] {spark_submit.py:579} INFO - at org.apache.spark.util.LazyTry.tryT(LazyTry.scala:46)
[2025-08-10T14:39:22.843+0000] {spark_submit.py:579} INFO - ... 20 more
[2025-08-10T14:39:22.843+0000] {spark_submit.py:579} INFO - 
[2025-08-10T14:39:23.115+0000] {spark_submit.py:579} INFO - 25/08/10 14:39:23 INFO SparkContext: Invoking stop() from shutdown hook
[2025-08-10T14:39:23.116+0000] {spark_submit.py:579} INFO - 25/08/10 14:39:23 INFO SparkContext: SparkContext is stopping with exitCode 0 from run at Executors.java:539.
[2025-08-10T14:39:23.125+0000] {spark_submit.py:579} INFO - 25/08/10 14:39:23 INFO SparkUI: Stopped Spark web UI at http://b165964c8bb3:4041
[2025-08-10T14:39:23.128+0000] {spark_submit.py:579} INFO - 25/08/10 14:39:23 INFO StandaloneSchedulerBackend: Shutting down all executors
[2025-08-10T14:39:23.132+0000] {spark_submit.py:579} INFO - 25/08/10 14:39:23 INFO StandaloneSchedulerBackend$StandaloneDriverEndpoint: Asking each executor to shut down
[2025-08-10T14:39:23.151+0000] {spark_submit.py:579} INFO - 25/08/10 14:39:23 INFO MapOutputTrackerMasterEndpoint: MapOutputTrackerMasterEndpoint stopped!
[2025-08-10T14:39:23.178+0000] {spark_submit.py:579} INFO - 25/08/10 14:39:23 WARN Dispatcher: Message RequestMessage(172.18.0.3:7077, NettyRpcEndpointRef(spark://AppClient@b165964c8bb3:38163), ExecutorAdded(0,worker-20250810143714-172.18.0.5-41047,172.18.0.5:41047,2,1024)) dropped due to sparkEnv is stopped. Could not find AppClient.
[2025-08-10T14:39:23.210+0000] {spark_submit.py:579} INFO - 25/08/10 14:39:23 INFO MemoryStore: MemoryStore started with capacity 434.4 MiB
[2025-08-10T14:39:23.212+0000] {spark_submit.py:579} INFO - 25/08/10 14:39:23 INFO MemoryStore: MemoryStore cleared
[2025-08-10T14:39:23.218+0000] {spark_submit.py:579} INFO - 25/08/10 14:39:23 INFO BlockManager: BlockManager stopped
[2025-08-10T14:39:23.234+0000] {spark_submit.py:579} INFO - 25/08/10 14:39:23 INFO BlockManagerMaster: BlockManagerMaster stopped
[2025-08-10T14:39:23.238+0000] {spark_submit.py:579} INFO - 25/08/10 14:39:23 INFO OutputCommitCoordinator$OutputCommitCoordinatorEndpoint: OutputCommitCoordinator stopped!
[2025-08-10T14:39:23.267+0000] {spark_submit.py:579} INFO - 25/08/10 14:39:23 INFO SparkContext: Successfully stopped SparkContext
[2025-08-10T14:39:23.268+0000] {spark_submit.py:579} INFO - 25/08/10 14:39:23 INFO ShutdownHookManager: Shutdown hook called
[2025-08-10T14:39:23.269+0000] {spark_submit.py:579} INFO - 25/08/10 14:39:23 INFO ShutdownHookManager: Deleting directory /tmp/spark-585e09fd-a7ba-4d15-8ba4-45f866540e73/pyspark-7095fbc1-0f53-4ee8-8f0f-ff2412c98c64
[2025-08-10T14:39:23.285+0000] {spark_submit.py:579} INFO - 25/08/10 14:39:23 INFO ShutdownHookManager: Deleting directory /tmp/spark-585e09fd-a7ba-4d15-8ba4-45f866540e73
[2025-08-10T14:39:23.300+0000] {spark_submit.py:579} INFO - 25/08/10 14:39:23 INFO ShutdownHookManager: Deleting directory /opt/***/artifacts/spark-a64cfcf2-d2ed-41de-b61a-c58f2a1ec12b
[2025-08-10T14:39:23.308+0000] {spark_submit.py:579} INFO - 25/08/10 14:39:23 INFO ShutdownHookManager: Deleting directory /tmp/spark-b18514a3-3d13-4c61-9d43-cee6fceee2f7
[2025-08-10T14:39:23.424+0000] {taskinstance.py:1935} ERROR - Task failed with exception
Traceback (most recent call last):
  File "/home/airflow/.local/lib/python3.10/site-packages/airflow/providers/apache/spark/operators/spark_submit.py", line 174, in execute
    self._hook.submit(self.application)
  File "/home/airflow/.local/lib/python3.10/site-packages/airflow/providers/apache/spark/hooks/spark_submit.py", line 505, in submit
    raise AirflowException(
airflow.exceptions.AirflowException: Cannot execute: spark-submit --master spark://spark-master:7077 --jars /opt/spark/external-jars/spark-mssql-connector_2.11-1.1.0.jar --name arrow-spark --deploy-mode client jobs/python/wordcountjob.py. Error code is: 1.
[2025-08-10T14:39:23.442+0000] {taskinstance.py:1398} INFO - Marking task as FAILED. dag_id=sparking_flow, task_id=python_job, execution_date=20250810T143900, start_date=20250810T143904, end_date=20250810T143923
[2025-08-10T14:39:23.479+0000] {standard_task_runner.py:104} ERROR - Failed to execute job 5 for task python_job (Cannot execute: spark-submit --master spark://spark-master:7077 --jars /opt/spark/external-jars/spark-mssql-connector_2.11-1.1.0.jar --name arrow-spark --deploy-mode client jobs/python/wordcountjob.py. Error code is: 1.; 209)
[2025-08-10T14:39:23.501+0000] {local_task_job_runner.py:228} INFO - Task exited with return code 1
[2025-08-10T14:39:23.557+0000] {taskinstance.py:2776} INFO - 0 downstream tasks scheduled from follow-on schedule check
