[2025-08-10T12:24:04.900+0000] {taskinstance.py:1157} INFO - Dependencies all met for dep_context=non-requeueable deps ti=<TaskInstance: sparking_flow.python_job manual__2025-08-10T12:23:58.636737+00:00 [queued]>
[2025-08-10T12:24:04.907+0000] {taskinstance.py:1157} INFO - Dependencies all met for dep_context=requeueable deps ti=<TaskInstance: sparking_flow.python_job manual__2025-08-10T12:23:58.636737+00:00 [queued]>
[2025-08-10T12:24:04.907+0000] {taskinstance.py:1359} INFO - Starting attempt 1 of 1
[2025-08-10T12:24:04.919+0000] {taskinstance.py:1380} INFO - Executing <Task(SparkSubmitOperator): python_job> on 2025-08-10 12:23:58.636737+00:00
[2025-08-10T12:24:04.927+0000] {standard_task_runner.py:57} INFO - Started process 3210 to run task
[2025-08-10T12:24:04.931+0000] {standard_task_runner.py:84} INFO - Running: ['***', 'tasks', 'run', 'sparking_flow', 'python_job', 'manual__2025-08-10T12:23:58.636737+00:00', '--job-id', '24', '--raw', '--subdir', 'DAGS_FOLDER/spark_***.py', '--cfg-path', '/tmp/tmp_6a4dyy2']
[2025-08-10T12:24:04.935+0000] {standard_task_runner.py:85} INFO - Job 24: Subtask python_job
[2025-08-10T12:24:05.007+0000] {task_command.py:415} INFO - Running <TaskInstance: sparking_flow.python_job manual__2025-08-10T12:23:58.636737+00:00 [running]> on host 08d0cfb138c0
[2025-08-10T12:24:05.097+0000] {taskinstance.py:1660} INFO - Exporting env vars: AIRFLOW_CTX_DAG_OWNER='Yusuf Ganiyu' AIRFLOW_CTX_DAG_ID='sparking_flow' AIRFLOW_CTX_TASK_ID='python_job' AIRFLOW_CTX_EXECUTION_DATE='2025-08-10T12:23:58.636737+00:00' AIRFLOW_CTX_TRY_NUMBER='1' AIRFLOW_CTX_DAG_RUN_ID='manual__2025-08-10T12:23:58.636737+00:00'
[2025-08-10T12:24:05.109+0000] {base.py:73} INFO - Using connection ID 'spark-conn' for task execution.
[2025-08-10T12:24:05.110+0000] {spark_submit.py:403} INFO - Spark-Submit cmd: spark-submit --master spark://spark-master:7077 --name arrow-spark --deploy-mode client jobs/python/wordcountjob.py
[2025-08-10T12:24:05.996+0000] {spark_submit.py:579} INFO - WARNING: Using incubator modules: jdk.incubator.vector
[2025-08-10T12:24:10.297+0000] {spark_submit.py:579} INFO - Using Spark's default log4j profile: org/apache/spark/log4j2-defaults.properties
[2025-08-10T12:24:10.306+0000] {spark_submit.py:579} INFO - 25/08/10 12:24:10 INFO SparkContext: Running Spark version 4.0.0
[2025-08-10T12:24:10.309+0000] {spark_submit.py:579} INFO - 25/08/10 12:24:10 INFO SparkContext: OS info Linux, 6.6.87.2-microsoft-standard-WSL2, amd64
[2025-08-10T12:24:10.310+0000] {spark_submit.py:579} INFO - 25/08/10 12:24:10 INFO SparkContext: Java version 17.0.15
[2025-08-10T12:24:10.412+0000] {spark_submit.py:579} INFO - 25/08/10 12:24:10 WARN NativeCodeLoader: Unable to load native-hadoop library for your platform... using builtin-java classes where applicable
[2025-08-10T12:24:10.481+0000] {spark_submit.py:579} INFO - 25/08/10 12:24:10 INFO ResourceUtils: ==============================================================
[2025-08-10T12:24:10.481+0000] {spark_submit.py:579} INFO - 25/08/10 12:24:10 INFO ResourceUtils: No custom resources configured for spark.driver.
[2025-08-10T12:24:10.482+0000] {spark_submit.py:579} INFO - 25/08/10 12:24:10 INFO ResourceUtils: ==============================================================
[2025-08-10T12:24:10.482+0000] {spark_submit.py:579} INFO - 25/08/10 12:24:10 INFO SparkContext: Submitted application: PythonWordCount
[2025-08-10T12:24:10.509+0000] {spark_submit.py:579} INFO - 25/08/10 12:24:10 INFO ResourceProfile: Default ResourceProfile created, executor resources: Map(memory -> name: memory, amount: 1024, script: , vendor: , offHeap -> name: offHeap, amount: 0, script: , vendor: ), task resources: Map(cpus -> name: cpus, amount: 1.0)
[2025-08-10T12:24:10.513+0000] {spark_submit.py:579} INFO - 25/08/10 12:24:10 INFO ResourceProfile: Limiting resource is cpu
[2025-08-10T12:24:10.514+0000] {spark_submit.py:579} INFO - 25/08/10 12:24:10 INFO ResourceProfileManager: Added ResourceProfile id: 0
[2025-08-10T12:24:10.576+0000] {spark_submit.py:579} INFO - 25/08/10 12:24:10 INFO SecurityManager: Changing view acls to: ***
[2025-08-10T12:24:10.577+0000] {spark_submit.py:579} INFO - 25/08/10 12:24:10 INFO SecurityManager: Changing modify acls to: ***
[2025-08-10T12:24:10.577+0000] {spark_submit.py:579} INFO - 25/08/10 12:24:10 INFO SecurityManager: Changing view acls groups to: ***
[2025-08-10T12:24:10.578+0000] {spark_submit.py:579} INFO - 25/08/10 12:24:10 INFO SecurityManager: Changing modify acls groups to: ***
[2025-08-10T12:24:10.582+0000] {spark_submit.py:579} INFO - 25/08/10 12:24:10 INFO SecurityManager: SecurityManager: authentication disabled; ui acls disabled; users with view permissions: *** groups with view permissions: EMPTY; users with modify permissions: ***; groups with modify permissions: EMPTY; RPC SSL disabled
[2025-08-10T12:24:10.868+0000] {spark_submit.py:579} INFO - 25/08/10 12:24:10 INFO Utils: Successfully started service 'sparkDriver' on port 45895.
[2025-08-10T12:24:10.909+0000] {spark_submit.py:579} INFO - 25/08/10 12:24:10 INFO SparkEnv: Registering MapOutputTracker
[2025-08-10T12:24:10.920+0000] {spark_submit.py:579} INFO - 25/08/10 12:24:10 INFO SparkEnv: Registering BlockManagerMaster
[2025-08-10T12:24:10.995+0000] {spark_submit.py:579} INFO - 25/08/10 12:24:10 INFO BlockManagerMasterEndpoint: Using org.apache.spark.storage.DefaultTopologyMapper for getting topology information
[2025-08-10T12:24:10.997+0000] {spark_submit.py:579} INFO - 25/08/10 12:24:10 INFO BlockManagerMasterEndpoint: BlockManagerMasterEndpoint up
[2025-08-10T12:24:11.010+0000] {spark_submit.py:579} INFO - 25/08/10 12:24:11 INFO SparkEnv: Registering BlockManagerMasterHeartbeat
[2025-08-10T12:24:11.111+0000] {spark_submit.py:579} INFO - 25/08/10 12:24:11 INFO DiskBlockManager: Created local directory at /tmp/blockmgr-6cbdf46a-1a19-44d3-9dc5-a9c46081c968
[2025-08-10T12:24:11.165+0000] {spark_submit.py:579} INFO - 25/08/10 12:24:11 INFO SparkEnv: Registering OutputCommitCoordinator
[2025-08-10T12:24:11.467+0000] {spark_submit.py:579} INFO - 25/08/10 12:24:11 INFO JettyUtils: Start Jetty 0.0.0.0:4040 for SparkUI
[2025-08-10T12:24:11.573+0000] {spark_submit.py:579} INFO - 25/08/10 12:24:11 INFO Utils: Successfully started service 'SparkUI' on port 4040.
[2025-08-10T12:24:11.660+0000] {spark_submit.py:579} INFO - 25/08/10 12:24:11 INFO SecurityManager: Changing view acls to: ***
[2025-08-10T12:24:11.661+0000] {spark_submit.py:579} INFO - 25/08/10 12:24:11 INFO SecurityManager: Changing modify acls to: ***
[2025-08-10T12:24:11.661+0000] {spark_submit.py:579} INFO - 25/08/10 12:24:11 INFO SecurityManager: Changing view acls groups to: ***
[2025-08-10T12:24:11.661+0000] {spark_submit.py:579} INFO - 25/08/10 12:24:11 INFO SecurityManager: Changing modify acls groups to: ***
[2025-08-10T12:24:11.662+0000] {spark_submit.py:579} INFO - 25/08/10 12:24:11 INFO SecurityManager: SecurityManager: authentication disabled; ui acls disabled; users with view permissions: *** groups with view permissions: EMPTY; users with modify permissions: ***; groups with modify permissions: EMPTY; RPC SSL disabled
[2025-08-10T12:24:11.918+0000] {spark_submit.py:579} INFO - 25/08/10 12:24:11 INFO StandaloneAppClient$ClientEndpoint: Connecting to master spark://spark-master:7077...
[2025-08-10T12:24:11.994+0000] {spark_submit.py:579} INFO - 25/08/10 12:24:11 INFO TransportClientFactory: Successfully created connection to spark-master/172.18.0.2:7077 after 39 ms (0 ms spent in bootstraps)
[2025-08-10T12:24:12.699+0000] {spark_submit.py:579} INFO - 25/08/10 12:24:12 INFO StandaloneSchedulerBackend: Connected to Spark cluster with app ID app-20250810122412-0004
[2025-08-10T12:24:12.716+0000] {spark_submit.py:579} INFO - 25/08/10 12:24:12 INFO Utils: Successfully started service 'org.apache.spark.network.netty.NettyBlockTransferService' on port 33699.
[2025-08-10T12:24:12.717+0000] {spark_submit.py:579} INFO - 25/08/10 12:24:12 INFO NettyBlockTransferService: Server created on 08d0cfb138c0:33699
[2025-08-10T12:24:12.719+0000] {spark_submit.py:579} INFO - 25/08/10 12:24:12 INFO BlockManager: Using org.apache.spark.storage.RandomBlockReplicationPolicy for block replication policy
[2025-08-10T12:24:12.750+0000] {spark_submit.py:579} INFO - 25/08/10 12:24:12 INFO BlockManagerMaster: Registering BlockManager BlockManagerId(driver, 08d0cfb138c0, 33699, None)
[2025-08-10T12:24:12.761+0000] {spark_submit.py:579} INFO - 25/08/10 12:24:12 INFO BlockManagerMasterEndpoint: Registering block manager 08d0cfb138c0:33699 with 434.4 MiB RAM, BlockManagerId(driver, 08d0cfb138c0, 33699, None)
[2025-08-10T12:24:12.764+0000] {spark_submit.py:579} INFO - 25/08/10 12:24:12 INFO BlockManagerMaster: Registered BlockManager BlockManagerId(driver, 08d0cfb138c0, 33699, None)
[2025-08-10T12:24:12.766+0000] {spark_submit.py:579} INFO - 25/08/10 12:24:12 INFO BlockManager: Initialized BlockManager: BlockManagerId(driver, 08d0cfb138c0, 33699, None)
[2025-08-10T12:24:12.787+0000] {spark_submit.py:579} INFO - 25/08/10 12:24:12 INFO StandaloneAppClient$ClientEndpoint: Executor added: app-20250810122412-0004/0 on worker-20250810094251-172.18.0.4-38287 (172.18.0.4:38287) with 2 core(s)
[2025-08-10T12:24:12.790+0000] {spark_submit.py:579} INFO - 25/08/10 12:24:12 INFO StandaloneSchedulerBackend: Granted executor ID app-20250810122412-0004/0 on hostPort 172.18.0.4:38287 with 2 core(s), 1024.0 MiB RAM
[2025-08-10T12:24:12.914+0000] {spark_submit.py:579} INFO - 25/08/10 12:24:12 INFO StandaloneSchedulerBackend: SchedulerBackend is ready for scheduling beginning after reached minRegisteredResourcesRatio: 0.0
[2025-08-10T12:24:14.552+0000] {spark_submit.py:579} INFO - 25/08/10 12:24:14 INFO StandaloneAppClient$ClientEndpoint: Executor updated: app-20250810122412-0004/0 is now RUNNING
[2025-08-10T12:24:16.354+0000] {spark_submit.py:579} INFO - dict_keys(['daily', 'daily960', 'live_rapid', 'live_blitz', 'live_bullet', 'live_bughouse', 'live_blitz960', 'live_threecheck', 'live_crazyhouse', 'live_kingofthehill', 'tactics', 'rush', 'battle'])
[2025-08-10T12:24:16.713+0000] {spark_submit.py:579} INFO - 25/08/10 12:24:16 INFO SharedState: Setting hive.metastore.warehouse.dir ('null') to the value of spark.sql.warehouse.dir.
[2025-08-10T12:24:16.732+0000] {spark_submit.py:579} INFO - 25/08/10 12:24:16 INFO SharedState: Warehouse path is 'file:/opt/***/spark-warehouse'.
[2025-08-10T12:24:19.230+0000] {spark_submit.py:579} INFO - 25/08/10 12:24:19 INFO StandaloneSchedulerBackend$StandaloneDriverEndpoint: Registered executor NettyRpcEndpointRef(spark-client://Executor) (172.18.0.4:44964) with ID 0, ResourceProfileId 0
[2025-08-10T12:24:19.405+0000] {spark_submit.py:579} INFO - 25/08/10 12:24:19 INFO BlockManagerMasterEndpoint: Registering block manager 172.18.0.4:44463 with 434.4 MiB RAM, BlockManagerId(0, 172.18.0.4, 44463, None)
[2025-08-10T12:24:19.810+0000] {spark_submit.py:579} INFO - Traceback (most recent call last):
[2025-08-10T12:24:19.810+0000] {spark_submit.py:579} INFO - File "/opt/***/jobs/python/wordcountjob.py", line 84, in <module>
[2025-08-10T12:24:19.814+0000] {spark_submit.py:579} INFO - write_data(daily,"daily")
[2025-08-10T12:24:19.815+0000] {spark_submit.py:579} INFO - File "/opt/***/jobs/python/wordcountjob.py", line 80, in write_data
[2025-08-10T12:24:19.817+0000] {spark_submit.py:579} INFO - df.write.mode("overwrite").jdbc(url=jdbc_url, table=f"dbo.{table}", properties=properties)
[2025-08-10T12:24:19.817+0000] {spark_submit.py:579} INFO - File "/home/***/.local/lib/python3.10/site-packages/pyspark/python/lib/pyspark.zip/pyspark/sql/readwriter.py", line 2347, in jdbc
[2025-08-10T12:24:19.822+0000] {spark_submit.py:579} INFO - File "/home/***/.local/lib/python3.10/site-packages/pyspark/python/lib/py4j-0.10.9.9-src.zip/py4j/java_gateway.py", line 1362, in __call__
[2025-08-10T12:24:19.823+0000] {spark_submit.py:579} INFO - File "/home/***/.local/lib/python3.10/site-packages/pyspark/python/lib/pyspark.zip/pyspark/errors/exceptions/captured.py", line 282, in deco
[2025-08-10T12:24:19.825+0000] {spark_submit.py:579} INFO - File "/home/***/.local/lib/python3.10/site-packages/pyspark/python/lib/py4j-0.10.9.9-src.zip/py4j/protocol.py", line 327, in get_return_value
[2025-08-10T12:24:19.869+0000] {spark_submit.py:579} INFO - py4j.protocol.Py4JJavaError: An error occurred while calling o136.jdbc.
[2025-08-10T12:24:19.869+0000] {spark_submit.py:579} INFO - : java.lang.ClassNotFoundException: com.microsoft.sqlserver.jdbc.SQLServerDriver
[2025-08-10T12:24:19.870+0000] {spark_submit.py:579} INFO - at java.base/java.net.URLClassLoader.findClass(URLClassLoader.java:445)
[2025-08-10T12:24:19.870+0000] {spark_submit.py:579} INFO - at java.base/java.lang.ClassLoader.loadClass(ClassLoader.java:592)
[2025-08-10T12:24:19.870+0000] {spark_submit.py:579} INFO - at java.base/java.lang.ClassLoader.loadClass(ClassLoader.java:525)
[2025-08-10T12:24:19.871+0000] {spark_submit.py:579} INFO - at org.apache.spark.sql.execution.datasources.jdbc.DriverRegistry$.register(DriverRegistry.scala:47)
[2025-08-10T12:24:19.871+0000] {spark_submit.py:579} INFO - at org.apache.spark.sql.execution.datasources.jdbc.JDBCOptions.$anonfun$driverClass$1(JDBCOptions.scala:112)
[2025-08-10T12:24:19.871+0000] {spark_submit.py:579} INFO - at org.apache.spark.sql.execution.datasources.jdbc.JDBCOptions.$anonfun$driverClass$1$adapted(JDBCOptions.scala:112)
[2025-08-10T12:24:19.872+0000] {spark_submit.py:579} INFO - at scala.Option.foreach(Option.scala:437)
[2025-08-10T12:24:19.872+0000] {spark_submit.py:579} INFO - at org.apache.spark.sql.execution.datasources.jdbc.JDBCOptions.<init>(JDBCOptions.scala:112)
[2025-08-10T12:24:19.872+0000] {spark_submit.py:579} INFO - at org.apache.spark.sql.execution.datasources.jdbc.JdbcOptionsInWrite.<init>(JDBCOptions.scala:272)
[2025-08-10T12:24:19.872+0000] {spark_submit.py:579} INFO - at org.apache.spark.sql.execution.datasources.jdbc.JdbcOptionsInWrite.<init>(JDBCOptions.scala:276)
[2025-08-10T12:24:19.873+0000] {spark_submit.py:579} INFO - at org.apache.spark.sql.execution.datasources.jdbc.JdbcRelationProvider.createRelation(JdbcRelationProvider.scala:48)
[2025-08-10T12:24:19.873+0000] {spark_submit.py:579} INFO - at org.apache.spark.sql.execution.datasources.SaveIntoDataSourceCommand.run(SaveIntoDataSourceCommand.scala:55)
[2025-08-10T12:24:19.873+0000] {spark_submit.py:579} INFO - at org.apache.spark.sql.execution.command.ExecutedCommandExec.sideEffectResult$lzycompute(commands.scala:79)
[2025-08-10T12:24:19.873+0000] {spark_submit.py:579} INFO - at org.apache.spark.sql.execution.command.ExecutedCommandExec.sideEffectResult(commands.scala:77)
[2025-08-10T12:24:19.874+0000] {spark_submit.py:579} INFO - at org.apache.spark.sql.execution.command.ExecutedCommandExec.executeCollect(commands.scala:88)
[2025-08-10T12:24:19.874+0000] {spark_submit.py:579} INFO - at org.apache.spark.sql.execution.QueryExecution.$anonfun$eagerlyExecuteCommands$2(QueryExecution.scala:155)
[2025-08-10T12:24:19.874+0000] {spark_submit.py:579} INFO - at org.apache.spark.sql.execution.SQLExecution$.$anonfun$withNewExecutionId0$8(SQLExecution.scala:162)
[2025-08-10T12:24:19.874+0000] {spark_submit.py:579} INFO - at org.apache.spark.sql.execution.SQLExecution$.withSessionTagsApplied(SQLExecution.scala:268)
[2025-08-10T12:24:19.875+0000] {spark_submit.py:579} INFO - at org.apache.spark.sql.execution.SQLExecution$.$anonfun$withNewExecutionId0$7(SQLExecution.scala:124)
[2025-08-10T12:24:19.875+0000] {spark_submit.py:579} INFO - at org.apache.spark.JobArtifactSet$.withActiveJobArtifactState(JobArtifactSet.scala:94)
[2025-08-10T12:24:19.875+0000] {spark_submit.py:579} INFO - at org.apache.spark.sql.artifact.ArtifactManager.$anonfun$withResources$1(ArtifactManager.scala:112)
[2025-08-10T12:24:19.875+0000] {spark_submit.py:579} INFO - at org.apache.spark.sql.artifact.ArtifactManager.withClassLoaderIfNeeded(ArtifactManager.scala:106)
[2025-08-10T12:24:19.876+0000] {spark_submit.py:579} INFO - at org.apache.spark.sql.artifact.ArtifactManager.withResources(ArtifactManager.scala:111)
[2025-08-10T12:24:19.876+0000] {spark_submit.py:579} INFO - at org.apache.spark.sql.execution.SQLExecution$.$anonfun$withNewExecutionId0$6(SQLExecution.scala:124)
[2025-08-10T12:24:19.876+0000] {spark_submit.py:579} INFO - at org.apache.spark.sql.execution.SQLExecution$.withSQLConfPropagated(SQLExecution.scala:291)
[2025-08-10T12:24:19.876+0000] {spark_submit.py:579} INFO - at org.apache.spark.sql.execution.SQLExecution$.$anonfun$withNewExecutionId0$1(SQLExecution.scala:123)
[2025-08-10T12:24:19.877+0000] {spark_submit.py:579} INFO - at org.apache.spark.sql.SparkSession.withActive(SparkSession.scala:804)
[2025-08-10T12:24:19.877+0000] {spark_submit.py:579} INFO - at org.apache.spark.sql.execution.SQLExecution$.withNewExecutionId0(SQLExecution.scala:77)
[2025-08-10T12:24:19.877+0000] {spark_submit.py:579} INFO - at org.apache.spark.sql.execution.SQLExecution$.withNewExecutionId(SQLExecution.scala:233)
[2025-08-10T12:24:19.877+0000] {spark_submit.py:579} INFO - at org.apache.spark.sql.execution.QueryExecution.$anonfun$eagerlyExecuteCommands$1(QueryExecution.scala:155)
[2025-08-10T12:24:19.878+0000] {spark_submit.py:579} INFO - at org.apache.spark.sql.execution.QueryExecution$.withInternalError(QueryExecution.scala:654)
[2025-08-10T12:24:19.878+0000] {spark_submit.py:579} INFO - at org.apache.spark.sql.execution.QueryExecution.org$apache$spark$sql$execution$QueryExecution$$eagerlyExecute$1(QueryExecution.scala:154)
[2025-08-10T12:24:19.878+0000] {spark_submit.py:579} INFO - at org.apache.spark.sql.execution.QueryExecution$$anonfun$eagerlyExecuteCommands$3.applyOrElse(QueryExecution.scala:169)
[2025-08-10T12:24:19.878+0000] {spark_submit.py:579} INFO - at org.apache.spark.sql.execution.QueryExecution$$anonfun$eagerlyExecuteCommands$3.applyOrElse(QueryExecution.scala:164)
[2025-08-10T12:24:19.879+0000] {spark_submit.py:579} INFO - at org.apache.spark.sql.catalyst.trees.TreeNode.$anonfun$transformDownWithPruning$1(TreeNode.scala:470)
[2025-08-10T12:24:19.879+0000] {spark_submit.py:579} INFO - at org.apache.spark.sql.catalyst.trees.CurrentOrigin$.withOrigin(origin.scala:86)
[2025-08-10T12:24:19.879+0000] {spark_submit.py:579} INFO - at org.apache.spark.sql.catalyst.trees.TreeNode.transformDownWithPruning(TreeNode.scala:470)
[2025-08-10T12:24:19.879+0000] {spark_submit.py:579} INFO - at org.apache.spark.sql.catalyst.plans.logical.LogicalPlan.org$apache$spark$sql$catalyst$plans$logical$AnalysisHelper$$super$transformDownWithPruning(LogicalPlan.scala:37)
[2025-08-10T12:24:19.880+0000] {spark_submit.py:579} INFO - at org.apache.spark.sql.catalyst.plans.logical.AnalysisHelper.transformDownWithPruning(AnalysisHelper.scala:360)
[2025-08-10T12:24:19.881+0000] {spark_submit.py:579} INFO - at org.apache.spark.sql.catalyst.plans.logical.AnalysisHelper.transformDownWithPruning$(AnalysisHelper.scala:356)
[2025-08-10T12:24:19.881+0000] {spark_submit.py:579} INFO - at org.apache.spark.sql.catalyst.plans.logical.LogicalPlan.transformDownWithPruning(LogicalPlan.scala:37)
[2025-08-10T12:24:19.882+0000] {spark_submit.py:579} INFO - at org.apache.spark.sql.catalyst.plans.logical.LogicalPlan.transformDownWithPruning(LogicalPlan.scala:37)
[2025-08-10T12:24:19.882+0000] {spark_submit.py:579} INFO - at org.apache.spark.sql.catalyst.trees.TreeNode.transformDown(TreeNode.scala:446)
[2025-08-10T12:24:19.882+0000] {spark_submit.py:579} INFO - at org.apache.spark.sql.execution.QueryExecution.eagerlyExecuteCommands(QueryExecution.scala:164)
[2025-08-10T12:24:19.882+0000] {spark_submit.py:579} INFO - at org.apache.spark.sql.execution.QueryExecution.$anonfun$lazyCommandExecuted$1(QueryExecution.scala:126)
[2025-08-10T12:24:19.883+0000] {spark_submit.py:579} INFO - at scala.util.Try$.apply(Try.scala:217)
[2025-08-10T12:24:19.883+0000] {spark_submit.py:579} INFO - at org.apache.spark.util.Utils$.doTryWithCallerStacktrace(Utils.scala:1378)
[2025-08-10T12:24:19.883+0000] {spark_submit.py:579} INFO - at org.apache.spark.util.Utils$.getTryWithCallerStacktrace(Utils.scala:1439)
[2025-08-10T12:24:19.883+0000] {spark_submit.py:579} INFO - at org.apache.spark.util.LazyTry.get(LazyTry.scala:58)
[2025-08-10T12:24:19.884+0000] {spark_submit.py:579} INFO - at org.apache.spark.sql.execution.QueryExecution.commandExecuted(QueryExecution.scala:131)
[2025-08-10T12:24:19.884+0000] {spark_submit.py:579} INFO - at org.apache.spark.sql.execution.QueryExecution.assertCommandExecuted(QueryExecution.scala:192)
[2025-08-10T12:24:19.884+0000] {spark_submit.py:579} INFO - at org.apache.spark.sql.classic.DataFrameWriter.runCommand(DataFrameWriter.scala:622)
[2025-08-10T12:24:19.885+0000] {spark_submit.py:579} INFO - at org.apache.spark.sql.classic.DataFrameWriter.saveToV1Source(DataFrameWriter.scala:273)
[2025-08-10T12:24:19.885+0000] {spark_submit.py:579} INFO - at org.apache.spark.sql.classic.DataFrameWriter.saveInternal(DataFrameWriter.scala:241)
[2025-08-10T12:24:19.885+0000] {spark_submit.py:579} INFO - at org.apache.spark.sql.classic.DataFrameWriter.save(DataFrameWriter.scala:126)
[2025-08-10T12:24:19.885+0000] {spark_submit.py:579} INFO - at org.apache.spark.sql.DataFrameWriter.jdbc(DataFrameWriter.scala:334)
[2025-08-10T12:24:19.886+0000] {spark_submit.py:579} INFO - at java.base/jdk.internal.reflect.NativeMethodAccessorImpl.invoke0(Native Method)
[2025-08-10T12:24:19.886+0000] {spark_submit.py:579} INFO - at java.base/jdk.internal.reflect.NativeMethodAccessorImpl.invoke(NativeMethodAccessorImpl.java:77)
[2025-08-10T12:24:19.886+0000] {spark_submit.py:579} INFO - at java.base/jdk.internal.reflect.DelegatingMethodAccessorImpl.invoke(DelegatingMethodAccessorImpl.java:43)
[2025-08-10T12:24:19.886+0000] {spark_submit.py:579} INFO - at java.base/java.lang.reflect.Method.invoke(Method.java:569)
[2025-08-10T12:24:19.886+0000] {spark_submit.py:579} INFO - at py4j.reflection.MethodInvoker.invoke(MethodInvoker.java:244)
[2025-08-10T12:24:19.887+0000] {spark_submit.py:579} INFO - at py4j.reflection.ReflectionEngine.invoke(ReflectionEngine.java:374)
[2025-08-10T12:24:19.887+0000] {spark_submit.py:579} INFO - at py4j.Gateway.invoke(Gateway.java:282)
[2025-08-10T12:24:19.887+0000] {spark_submit.py:579} INFO - at py4j.commands.AbstractCommand.invokeMethod(AbstractCommand.java:132)
[2025-08-10T12:24:19.887+0000] {spark_submit.py:579} INFO - at py4j.commands.CallCommand.execute(CallCommand.java:79)
[2025-08-10T12:24:19.888+0000] {spark_submit.py:579} INFO - at py4j.ClientServerConnection.waitForCommands(ClientServerConnection.java:184)
[2025-08-10T12:24:19.888+0000] {spark_submit.py:579} INFO - at py4j.ClientServerConnection.run(ClientServerConnection.java:108)
[2025-08-10T12:24:19.889+0000] {spark_submit.py:579} INFO - at java.base/java.lang.Thread.run(Thread.java:840)
[2025-08-10T12:24:19.889+0000] {spark_submit.py:579} INFO - Suppressed: org.apache.spark.util.Utils$OriginalTryStackTraceException: Full stacktrace of original doTryWithCallerStacktrace caller
[2025-08-10T12:24:19.889+0000] {spark_submit.py:579} INFO - at java.base/java.net.URLClassLoader.findClass(URLClassLoader.java:445)
[2025-08-10T12:24:19.889+0000] {spark_submit.py:579} INFO - at java.base/java.lang.ClassLoader.loadClass(ClassLoader.java:592)
[2025-08-10T12:24:19.890+0000] {spark_submit.py:579} INFO - at java.base/java.lang.ClassLoader.loadClass(ClassLoader.java:525)
[2025-08-10T12:24:19.890+0000] {spark_submit.py:579} INFO - at org.apache.spark.sql.execution.datasources.jdbc.DriverRegistry$.register(DriverRegistry.scala:47)
[2025-08-10T12:24:19.890+0000] {spark_submit.py:579} INFO - at org.apache.spark.sql.execution.datasources.jdbc.JDBCOptions.$anonfun$driverClass$1(JDBCOptions.scala:112)
[2025-08-10T12:24:19.891+0000] {spark_submit.py:579} INFO - at org.apache.spark.sql.execution.datasources.jdbc.JDBCOptions.$anonfun$driverClass$1$adapted(JDBCOptions.scala:112)
[2025-08-10T12:24:19.891+0000] {spark_submit.py:579} INFO - at scala.Option.foreach(Option.scala:437)
[2025-08-10T12:24:19.891+0000] {spark_submit.py:579} INFO - at org.apache.spark.sql.execution.datasources.jdbc.JDBCOptions.<init>(JDBCOptions.scala:112)
[2025-08-10T12:24:19.892+0000] {spark_submit.py:579} INFO - at org.apache.spark.sql.execution.datasources.jdbc.JdbcOptionsInWrite.<init>(JDBCOptions.scala:272)
[2025-08-10T12:24:19.892+0000] {spark_submit.py:579} INFO - at org.apache.spark.sql.execution.datasources.jdbc.JdbcOptionsInWrite.<init>(JDBCOptions.scala:276)
[2025-08-10T12:24:19.892+0000] {spark_submit.py:579} INFO - at org.apache.spark.sql.execution.datasources.jdbc.JdbcRelationProvider.createRelation(JdbcRelationProvider.scala:48)
[2025-08-10T12:24:19.893+0000] {spark_submit.py:579} INFO - at org.apache.spark.sql.execution.datasources.SaveIntoDataSourceCommand.run(SaveIntoDataSourceCommand.scala:55)
[2025-08-10T12:24:19.893+0000] {spark_submit.py:579} INFO - at org.apache.spark.sql.execution.command.ExecutedCommandExec.sideEffectResult$lzycompute(commands.scala:79)
[2025-08-10T12:24:19.893+0000] {spark_submit.py:579} INFO - at org.apache.spark.sql.execution.command.ExecutedCommandExec.sideEffectResult(commands.scala:77)
[2025-08-10T12:24:19.893+0000] {spark_submit.py:579} INFO - at org.apache.spark.sql.execution.command.ExecutedCommandExec.executeCollect(commands.scala:88)
[2025-08-10T12:24:19.894+0000] {spark_submit.py:579} INFO - at org.apache.spark.sql.execution.QueryExecution.$anonfun$eagerlyExecuteCommands$2(QueryExecution.scala:155)
[2025-08-10T12:24:19.894+0000] {spark_submit.py:579} INFO - at org.apache.spark.sql.execution.SQLExecution$.$anonfun$withNewExecutionId0$8(SQLExecution.scala:162)
[2025-08-10T12:24:19.894+0000] {spark_submit.py:579} INFO - at org.apache.spark.sql.execution.SQLExecution$.withSessionTagsApplied(SQLExecution.scala:268)
[2025-08-10T12:24:19.894+0000] {spark_submit.py:579} INFO - at org.apache.spark.sql.execution.SQLExecution$.$anonfun$withNewExecutionId0$7(SQLExecution.scala:124)
[2025-08-10T12:24:19.895+0000] {spark_submit.py:579} INFO - at org.apache.spark.JobArtifactSet$.withActiveJobArtifactState(JobArtifactSet.scala:94)
[2025-08-10T12:24:19.895+0000] {spark_submit.py:579} INFO - at org.apache.spark.sql.artifact.ArtifactManager.$anonfun$withResources$1(ArtifactManager.scala:112)
[2025-08-10T12:24:19.896+0000] {spark_submit.py:579} INFO - at org.apache.spark.sql.artifact.ArtifactManager.withClassLoaderIfNeeded(ArtifactManager.scala:106)
[2025-08-10T12:24:19.896+0000] {spark_submit.py:579} INFO - at org.apache.spark.sql.artifact.ArtifactManager.withResources(ArtifactManager.scala:111)
[2025-08-10T12:24:19.896+0000] {spark_submit.py:579} INFO - at org.apache.spark.sql.execution.SQLExecution$.$anonfun$withNewExecutionId0$6(SQLExecution.scala:124)
[2025-08-10T12:24:19.897+0000] {spark_submit.py:579} INFO - at org.apache.spark.sql.execution.SQLExecution$.withSQLConfPropagated(SQLExecution.scala:291)
[2025-08-10T12:24:19.897+0000] {spark_submit.py:579} INFO - at org.apache.spark.sql.execution.SQLExecution$.$anonfun$withNewExecutionId0$1(SQLExecution.scala:123)
[2025-08-10T12:24:19.897+0000] {spark_submit.py:579} INFO - at org.apache.spark.sql.SparkSession.withActive(SparkSession.scala:804)
[2025-08-10T12:24:19.897+0000] {spark_submit.py:579} INFO - at org.apache.spark.sql.execution.SQLExecution$.withNewExecutionId0(SQLExecution.scala:77)
[2025-08-10T12:24:19.898+0000] {spark_submit.py:579} INFO - at org.apache.spark.sql.execution.SQLExecution$.withNewExecutionId(SQLExecution.scala:233)
[2025-08-10T12:24:19.898+0000] {spark_submit.py:579} INFO - at org.apache.spark.sql.execution.QueryExecution.$anonfun$eagerlyExecuteCommands$1(QueryExecution.scala:155)
[2025-08-10T12:24:19.898+0000] {spark_submit.py:579} INFO - at org.apache.spark.sql.execution.QueryExecution$.withInternalError(QueryExecution.scala:654)
[2025-08-10T12:24:19.899+0000] {spark_submit.py:579} INFO - at org.apache.spark.sql.execution.QueryExecution.org$apache$spark$sql$execution$QueryExecution$$eagerlyExecute$1(QueryExecution.scala:154)
[2025-08-10T12:24:19.899+0000] {spark_submit.py:579} INFO - at org.apache.spark.sql.execution.QueryExecution$$anonfun$eagerlyExecuteCommands$3.applyOrElse(QueryExecution.scala:169)
[2025-08-10T12:24:19.899+0000] {spark_submit.py:579} INFO - at org.apache.spark.sql.execution.QueryExecution$$anonfun$eagerlyExecuteCommands$3.applyOrElse(QueryExecution.scala:164)
[2025-08-10T12:24:19.899+0000] {spark_submit.py:579} INFO - at org.apache.spark.sql.catalyst.trees.TreeNode.$anonfun$transformDownWithPruning$1(TreeNode.scala:470)
[2025-08-10T12:24:19.900+0000] {spark_submit.py:579} INFO - at org.apache.spark.sql.catalyst.trees.CurrentOrigin$.withOrigin(origin.scala:86)
[2025-08-10T12:24:19.900+0000] {spark_submit.py:579} INFO - at org.apache.spark.sql.catalyst.trees.TreeNode.transformDownWithPruning(TreeNode.scala:470)
[2025-08-10T12:24:19.900+0000] {spark_submit.py:579} INFO - at org.apache.spark.sql.catalyst.plans.logical.LogicalPlan.org$apache$spark$sql$catalyst$plans$logical$AnalysisHelper$$super$transformDownWithPruning(LogicalPlan.scala:37)
[2025-08-10T12:24:19.900+0000] {spark_submit.py:579} INFO - at org.apache.spark.sql.catalyst.plans.logical.AnalysisHelper.transformDownWithPruning(AnalysisHelper.scala:360)
[2025-08-10T12:24:19.901+0000] {spark_submit.py:579} INFO - at org.apache.spark.sql.catalyst.plans.logical.AnalysisHelper.transformDownWithPruning$(AnalysisHelper.scala:356)
[2025-08-10T12:24:19.901+0000] {spark_submit.py:579} INFO - at org.apache.spark.sql.catalyst.plans.logical.LogicalPlan.transformDownWithPruning(LogicalPlan.scala:37)
[2025-08-10T12:24:19.901+0000] {spark_submit.py:579} INFO - at org.apache.spark.sql.catalyst.plans.logical.LogicalPlan.transformDownWithPruning(LogicalPlan.scala:37)
[2025-08-10T12:24:19.901+0000] {spark_submit.py:579} INFO - at org.apache.spark.sql.catalyst.trees.TreeNode.transformDown(TreeNode.scala:446)
[2025-08-10T12:24:19.902+0000] {spark_submit.py:579} INFO - at org.apache.spark.sql.execution.QueryExecution.eagerlyExecuteCommands(QueryExecution.scala:164)
[2025-08-10T12:24:19.902+0000] {spark_submit.py:579} INFO - at org.apache.spark.sql.execution.QueryExecution.$anonfun$lazyCommandExecuted$1(QueryExecution.scala:126)
[2025-08-10T12:24:19.902+0000] {spark_submit.py:579} INFO - at scala.util.Try$.apply(Try.scala:217)
[2025-08-10T12:24:19.902+0000] {spark_submit.py:579} INFO - at org.apache.spark.util.Utils$.doTryWithCallerStacktrace(Utils.scala:1378)
[2025-08-10T12:24:19.903+0000] {spark_submit.py:579} INFO - at org.apache.spark.util.LazyTry.tryT$lzycompute(LazyTry.scala:46)
[2025-08-10T12:24:19.903+0000] {spark_submit.py:579} INFO - at org.apache.spark.util.LazyTry.tryT(LazyTry.scala:46)
[2025-08-10T12:24:19.903+0000] {spark_submit.py:579} INFO - ... 20 more
[2025-08-10T12:24:19.903+0000] {spark_submit.py:579} INFO - 
[2025-08-10T12:24:20.150+0000] {spark_submit.py:579} INFO - 25/08/10 12:24:20 INFO SparkContext: Invoking stop() from shutdown hook
[2025-08-10T12:24:20.151+0000] {spark_submit.py:579} INFO - 25/08/10 12:24:20 INFO SparkContext: SparkContext is stopping with exitCode 0 from run at Executors.java:539.
[2025-08-10T12:24:20.168+0000] {spark_submit.py:579} INFO - 25/08/10 12:24:20 INFO SparkUI: Stopped Spark web UI at http://08d0cfb138c0:4040
[2025-08-10T12:24:20.171+0000] {spark_submit.py:579} INFO - 25/08/10 12:24:20 INFO StandaloneSchedulerBackend: Shutting down all executors
[2025-08-10T12:24:20.173+0000] {spark_submit.py:579} INFO - 25/08/10 12:24:20 INFO StandaloneSchedulerBackend$StandaloneDriverEndpoint: Asking each executor to shut down
[2025-08-10T12:24:20.189+0000] {spark_submit.py:579} INFO - 25/08/10 12:24:20 INFO MapOutputTrackerMasterEndpoint: MapOutputTrackerMasterEndpoint stopped!
[2025-08-10T12:24:20.270+0000] {spark_submit.py:579} INFO - 25/08/10 12:24:20 INFO MemoryStore: MemoryStore started with capacity 434.4 MiB
[2025-08-10T12:24:20.271+0000] {spark_submit.py:579} INFO - 25/08/10 12:24:20 INFO MemoryStore: MemoryStore cleared
[2025-08-10T12:24:20.273+0000] {spark_submit.py:579} INFO - 25/08/10 12:24:20 INFO BlockManager: BlockManager stopped
[2025-08-10T12:24:20.278+0000] {spark_submit.py:579} INFO - 25/08/10 12:24:20 INFO BlockManagerMaster: BlockManagerMaster stopped
[2025-08-10T12:24:20.281+0000] {spark_submit.py:579} INFO - 25/08/10 12:24:20 INFO OutputCommitCoordinator$OutputCommitCoordinatorEndpoint: OutputCommitCoordinator stopped!
[2025-08-10T12:24:20.323+0000] {spark_submit.py:579} INFO - 25/08/10 12:24:20 INFO SparkContext: Successfully stopped SparkContext
[2025-08-10T12:24:20.327+0000] {spark_submit.py:579} INFO - 25/08/10 12:24:20 INFO ShutdownHookManager: Shutdown hook called
[2025-08-10T12:24:20.327+0000] {spark_submit.py:579} INFO - 25/08/10 12:24:20 INFO ShutdownHookManager: Deleting directory /opt/***/artifacts/spark-4591a9e6-3c55-4e90-955a-242777784c68
[2025-08-10T12:24:20.353+0000] {spark_submit.py:579} INFO - 25/08/10 12:24:20 INFO ShutdownHookManager: Deleting directory /tmp/spark-93494323-fe28-4dfd-97eb-f92539fd8f7c
[2025-08-10T12:24:20.380+0000] {spark_submit.py:579} INFO - 25/08/10 12:24:20 INFO ShutdownHookManager: Deleting directory /tmp/spark-5b5544a4-a1a4-42a6-835b-12a98ed858d0
[2025-08-10T12:24:20.406+0000] {spark_submit.py:579} INFO - 25/08/10 12:24:20 INFO ShutdownHookManager: Deleting directory /tmp/spark-93494323-fe28-4dfd-97eb-f92539fd8f7c/pyspark-e94112a1-8e36-4206-817d-b6fb90371a39
[2025-08-10T12:24:20.509+0000] {taskinstance.py:1935} ERROR - Task failed with exception
Traceback (most recent call last):
  File "/home/airflow/.local/lib/python3.10/site-packages/airflow/providers/apache/spark/operators/spark_submit.py", line 174, in execute
    self._hook.submit(self.application)
  File "/home/airflow/.local/lib/python3.10/site-packages/airflow/providers/apache/spark/hooks/spark_submit.py", line 505, in submit
    raise AirflowException(
airflow.exceptions.AirflowException: Cannot execute: spark-submit --master spark://spark-master:7077 --name arrow-spark --deploy-mode client jobs/python/wordcountjob.py. Error code is: 1.
[2025-08-10T12:24:20.517+0000] {taskinstance.py:1398} INFO - Marking task as FAILED. dag_id=sparking_flow, task_id=python_job, execution_date=20250810T122358, start_date=20250810T122404, end_date=20250810T122420
[2025-08-10T12:24:20.535+0000] {standard_task_runner.py:104} ERROR - Failed to execute job 24 for task python_job (Cannot execute: spark-submit --master spark://spark-master:7077 --name arrow-spark --deploy-mode client jobs/python/wordcountjob.py. Error code is: 1.; 3210)
[2025-08-10T12:24:20.559+0000] {local_task_job_runner.py:228} INFO - Task exited with return code 1
[2025-08-10T12:24:20.582+0000] {taskinstance.py:2776} INFO - 0 downstream tasks scheduled from follow-on schedule check
