[2025-09-07T01:58:50.417+0000] {taskinstance.py:1157} INFO - Dependencies all met for dep_context=non-requeueable deps ti=<TaskInstance: sparking_flow.python_job manual__2025-09-07T01:58:42.349774+00:00 [queued]>
[2025-09-07T01:58:50.427+0000] {taskinstance.py:1157} INFO - Dependencies all met for dep_context=requeueable deps ti=<TaskInstance: sparking_flow.python_job manual__2025-09-07T01:58:42.349774+00:00 [queued]>
[2025-09-07T01:58:50.427+0000] {taskinstance.py:1359} INFO - Starting attempt 1 of 1
[2025-09-07T01:58:50.446+0000] {taskinstance.py:1380} INFO - Executing <Task(SparkSubmitOperator): python_job> on 2025-09-07 01:58:42.349774+00:00
[2025-09-07T01:58:50.452+0000] {standard_task_runner.py:57} INFO - Started process 9762 to run task
[2025-09-07T01:58:50.458+0000] {standard_task_runner.py:84} INFO - Running: ['***', 'tasks', 'run', 'sparking_flow', 'python_job', 'manual__2025-09-07T01:58:42.349774+00:00', '--job-id', '27', '--raw', '--subdir', 'DAGS_FOLDER/spark_***.py', '--cfg-path', '/tmp/tmpj718412r']
[2025-09-07T01:58:50.461+0000] {standard_task_runner.py:85} INFO - Job 27: Subtask python_job
[2025-09-07T01:58:50.549+0000] {task_command.py:415} INFO - Running <TaskInstance: sparking_flow.python_job manual__2025-09-07T01:58:42.349774+00:00 [running]> on host ac03ab483d89
[2025-09-07T01:58:50.658+0000] {taskinstance.py:1660} INFO - Exporting env vars: AIRFLOW_CTX_DAG_OWNER='Kudzaishe Manyanya' AIRFLOW_CTX_DAG_ID='sparking_flow' AIRFLOW_CTX_TASK_ID='python_job' AIRFLOW_CTX_EXECUTION_DATE='2025-09-07T01:58:42.349774+00:00' AIRFLOW_CTX_TRY_NUMBER='1' AIRFLOW_CTX_DAG_RUN_ID='manual__2025-09-07T01:58:42.349774+00:00'
[2025-09-07T01:58:50.674+0000] {base.py:73} INFO - Using connection ID 'spark-conn' for task execution.
[2025-09-07T01:58:50.676+0000] {spark_submit.py:403} INFO - Spark-Submit cmd: spark-submit --master spark://spark-master:7077 --jars /opt/spark/external-jars/apache-spark-sql-connector.jar --name arrow-spark --deploy-mode client jobs/python/wordcountjob.py
[2025-09-07T01:58:51.720+0000] {spark_submit.py:579} INFO - WARNING: Using incubator modules: jdk.incubator.vector
[2025-09-07T01:58:55.005+0000] {spark_submit.py:579} INFO - 25/09/07 01:58:54 WARN NativeCodeLoader: Unable to load native-hadoop library for your platform... using builtin-java classes where applicable
[2025-09-07T01:58:59.359+0000] {spark_submit.py:579} INFO - Using Spark's default log4j profile: org/apache/spark/log4j2-defaults.properties
[2025-09-07T01:58:59.369+0000] {spark_submit.py:579} INFO - 25/09/07 01:58:59 INFO SparkContext: Running Spark version 4.0.0
[2025-09-07T01:58:59.371+0000] {spark_submit.py:579} INFO - 25/09/07 01:58:59 INFO SparkContext: OS info Linux, 6.6.87.2-microsoft-standard-WSL2, amd64
[2025-09-07T01:58:59.372+0000] {spark_submit.py:579} INFO - 25/09/07 01:58:59 INFO SparkContext: Java version 17.0.15
[2025-09-07T01:58:59.403+0000] {spark_submit.py:579} INFO - 25/09/07 01:58:59 INFO ResourceUtils: ==============================================================
[2025-09-07T01:58:59.404+0000] {spark_submit.py:579} INFO - 25/09/07 01:58:59 INFO ResourceUtils: No custom resources configured for spark.driver.
[2025-09-07T01:58:59.405+0000] {spark_submit.py:579} INFO - 25/09/07 01:58:59 INFO ResourceUtils: ==============================================================
[2025-09-07T01:58:59.406+0000] {spark_submit.py:579} INFO - 25/09/07 01:58:59 INFO SparkContext: Submitted application: PythonWordCount
[2025-09-07T01:58:59.437+0000] {spark_submit.py:579} INFO - 25/09/07 01:58:59 INFO ResourceProfile: Default ResourceProfile created, executor resources: Map(memory -> name: memory, amount: 1024, script: , vendor: , offHeap -> name: offHeap, amount: 0, script: , vendor: ), task resources: Map(cpus -> name: cpus, amount: 1.0)
[2025-09-07T01:58:59.440+0000] {spark_submit.py:579} INFO - 25/09/07 01:58:59 INFO ResourceProfile: Limiting resource is cpu
[2025-09-07T01:58:59.441+0000] {spark_submit.py:579} INFO - 25/09/07 01:58:59 INFO ResourceProfileManager: Added ResourceProfile id: 0
[2025-09-07T01:58:59.505+0000] {spark_submit.py:579} INFO - 25/09/07 01:58:59 INFO SecurityManager: Changing view acls to: ***
[2025-09-07T01:58:59.506+0000] {spark_submit.py:579} INFO - 25/09/07 01:58:59 INFO SecurityManager: Changing modify acls to: ***
[2025-09-07T01:58:59.507+0000] {spark_submit.py:579} INFO - 25/09/07 01:58:59 INFO SecurityManager: Changing view acls groups to: ***
[2025-09-07T01:58:59.507+0000] {spark_submit.py:579} INFO - 25/09/07 01:58:59 INFO SecurityManager: Changing modify acls groups to: ***
[2025-09-07T01:58:59.511+0000] {spark_submit.py:579} INFO - 25/09/07 01:58:59 INFO SecurityManager: SecurityManager: authentication disabled; ui acls disabled; users with view permissions: *** groups with view permissions: EMPTY; users with modify permissions: ***; groups with modify permissions: EMPTY; RPC SSL disabled
[2025-09-07T01:58:59.827+0000] {spark_submit.py:579} INFO - 25/09/07 01:58:59 INFO Utils: Successfully started service 'sparkDriver' on port 43047.
[2025-09-07T01:58:59.873+0000] {spark_submit.py:579} INFO - 25/09/07 01:58:59 INFO SparkEnv: Registering MapOutputTracker
[2025-09-07T01:58:59.888+0000] {spark_submit.py:579} INFO - 25/09/07 01:58:59 INFO SparkEnv: Registering BlockManagerMaster
[2025-09-07T01:58:59.912+0000] {spark_submit.py:579} INFO - 25/09/07 01:58:59 INFO BlockManagerMasterEndpoint: Using org.apache.spark.storage.DefaultTopologyMapper for getting topology information
[2025-09-07T01:58:59.913+0000] {spark_submit.py:579} INFO - 25/09/07 01:58:59 INFO BlockManagerMasterEndpoint: BlockManagerMasterEndpoint up
[2025-09-07T01:58:59.918+0000] {spark_submit.py:579} INFO - 25/09/07 01:58:59 INFO SparkEnv: Registering BlockManagerMasterHeartbeat
[2025-09-07T01:58:59.958+0000] {spark_submit.py:579} INFO - 25/09/07 01:58:59 INFO DiskBlockManager: Created local directory at /tmp/blockmgr-7a6db9b7-f520-4ef2-8cfc-68fe484009e3
[2025-09-07T01:58:59.996+0000] {spark_submit.py:579} INFO - 25/09/07 01:58:59 INFO SparkEnv: Registering OutputCommitCoordinator
[2025-09-07T01:59:00.254+0000] {spark_submit.py:579} INFO - 25/09/07 01:59:00 INFO JettyUtils: Start Jetty 0.0.0.0:4040 for SparkUI
[2025-09-07T01:59:00.352+0000] {spark_submit.py:579} INFO - 25/09/07 01:59:00 INFO Utils: Successfully started service 'SparkUI' on port 4040.
[2025-09-07T01:59:00.392+0000] {spark_submit.py:579} INFO - 25/09/07 01:59:00 INFO SparkContext: Added JAR file:///opt/spark/external-jars/apache-spark-sql-connector.jar at spark://ac03ab483d89:43047/jars/apache-spark-sql-connector.jar with timestamp 1757210339348
[2025-09-07T01:59:00.414+0000] {spark_submit.py:579} INFO - 25/09/07 01:59:00 INFO SecurityManager: Changing view acls to: ***
[2025-09-07T01:59:00.415+0000] {spark_submit.py:579} INFO - 25/09/07 01:59:00 INFO SecurityManager: Changing modify acls to: ***
[2025-09-07T01:59:00.416+0000] {spark_submit.py:579} INFO - 25/09/07 01:59:00 INFO SecurityManager: Changing view acls groups to: ***
[2025-09-07T01:59:00.416+0000] {spark_submit.py:579} INFO - 25/09/07 01:59:00 INFO SecurityManager: Changing modify acls groups to: ***
[2025-09-07T01:59:00.417+0000] {spark_submit.py:579} INFO - 25/09/07 01:59:00 INFO SecurityManager: SecurityManager: authentication disabled; ui acls disabled; users with view permissions: *** groups with view permissions: EMPTY; users with modify permissions: ***; groups with modify permissions: EMPTY; RPC SSL disabled
[2025-09-07T01:59:00.613+0000] {spark_submit.py:579} INFO - 25/09/07 01:59:00 INFO StandaloneAppClient$ClientEndpoint: Connecting to master spark://spark-master:7077...
[2025-09-07T01:59:00.663+0000] {spark_submit.py:579} INFO - 25/09/07 01:59:00 INFO TransportClientFactory: Successfully created connection to spark-master/172.18.0.2:7077 after 24 ms (0 ms spent in bootstraps)
[2025-09-07T01:59:01.296+0000] {spark_submit.py:579} INFO - 25/09/07 01:59:01 INFO StandaloneSchedulerBackend: Connected to Spark cluster with app ID app-20250907015901-0011
[2025-09-07T01:59:01.315+0000] {spark_submit.py:579} INFO - 25/09/07 01:59:01 INFO Utils: Successfully started service 'org.apache.spark.network.netty.NettyBlockTransferService' on port 37497.
[2025-09-07T01:59:01.317+0000] {spark_submit.py:579} INFO - 25/09/07 01:59:01 INFO NettyBlockTransferService: Server created on ac03ab483d89:37497
[2025-09-07T01:59:01.318+0000] {spark_submit.py:579} INFO - 25/09/07 01:59:01 INFO BlockManager: Using org.apache.spark.storage.RandomBlockReplicationPolicy for block replication policy
[2025-09-07T01:59:01.350+0000] {spark_submit.py:579} INFO - 25/09/07 01:59:01 INFO BlockManagerMaster: Registering BlockManager BlockManagerId(driver, ac03ab483d89, 37497, None)
[2025-09-07T01:59:01.359+0000] {spark_submit.py:579} INFO - 25/09/07 01:59:01 INFO BlockManagerMasterEndpoint: Registering block manager ac03ab483d89:37497 with 434.4 MiB RAM, BlockManagerId(driver, ac03ab483d89, 37497, None)
[2025-09-07T01:59:01.362+0000] {spark_submit.py:579} INFO - 25/09/07 01:59:01 INFO BlockManagerMaster: Registered BlockManager BlockManagerId(driver, ac03ab483d89, 37497, None)
[2025-09-07T01:59:01.364+0000] {spark_submit.py:579} INFO - 25/09/07 01:59:01 INFO BlockManager: Initialized BlockManager: BlockManagerId(driver, ac03ab483d89, 37497, None)
[2025-09-07T01:59:01.382+0000] {spark_submit.py:579} INFO - 25/09/07 01:59:01 INFO StandaloneAppClient$ClientEndpoint: Executor added: app-20250907015901-0011/0 on worker-20250906133811-172.18.0.4-34629 (172.18.0.4:34629) with 2 core(s)
[2025-09-07T01:59:01.385+0000] {spark_submit.py:579} INFO - 25/09/07 01:59:01 INFO StandaloneSchedulerBackend: Granted executor ID app-20250907015901-0011/0 on hostPort 172.18.0.4:34629 with 2 core(s), 1024.0 MiB RAM
[2025-09-07T01:59:01.545+0000] {spark_submit.py:579} INFO - 25/09/07 01:59:01 INFO StandaloneSchedulerBackend: SchedulerBackend is ready for scheduling beginning after reached minRegisteredResourcesRatio: 0.0
[2025-09-07T01:59:02.292+0000] {spark_submit.py:579} INFO - 25/09/07 01:59:02 INFO StandaloneAppClient$ClientEndpoint: Executor updated: app-20250907015901-0011/0 is now RUNNING
[2025-09-07T01:59:07.616+0000] {spark_submit.py:579} INFO - 25/09/07 01:59:07 INFO StandaloneSchedulerBackend$StandaloneDriverEndpoint: Registered executor NettyRpcEndpointRef(spark-client://Executor) (172.18.0.4:51446) with ID 0, ResourceProfileId 0
[2025-09-07T01:59:07.789+0000] {spark_submit.py:579} INFO - 25/09/07 01:59:07 INFO BlockManagerMasterEndpoint: Registering block manager 172.18.0.4:38833 with 434.4 MiB RAM, BlockManagerId(0, 172.18.0.4, 38833, None)
[2025-09-07T01:59:08.470+0000] {spark_submit.py:579} INFO - dict_keys(['daily', 'daily960', 'live_rapid', 'live_blitz', 'live_bullet', 'live_bughouse', 'live_blitz960', 'live_threecheck', 'live_crazyhouse', 'tactics', 'rush', 'battle'])
[2025-09-07T01:59:09.213+0000] {spark_submit.py:579} INFO - 25/09/07 01:59:09 INFO SharedState: Setting hive.metastore.warehouse.dir ('null') to the value of spark.sql.warehouse.dir.
[2025-09-07T01:59:09.216+0000] {spark_submit.py:579} INFO - 25/09/07 01:59:09 INFO SharedState: Warehouse path is 'file:/opt/***/spark-warehouse'.
[2025-09-07T01:59:27.894+0000] {spark_submit.py:579} INFO - Traceback (most recent call last):
[2025-09-07T01:59:27.895+0000] {spark_submit.py:579} INFO - File "/opt/***/jobs/python/wordcountjob.py", line 202, in <module>
[2025-09-07T01:59:27.898+0000] {spark_submit.py:579} INFO - write_data(daily,"daily")
[2025-09-07T01:59:27.899+0000] {spark_submit.py:579} INFO - File "/opt/***/jobs/python/wordcountjob.py", line 198, in write_data
[2025-09-07T01:59:27.900+0000] {spark_submit.py:579} INFO - df.write.mode("overwrite").jdbc(url=jdbc_url, table=f"cs.{table}", properties=properties)
[2025-09-07T01:59:27.900+0000] {spark_submit.py:579} INFO - File "/home/***/.local/lib/python3.10/site-packages/pyspark/python/lib/pyspark.zip/pyspark/sql/readwriter.py", line 2347, in jdbc
[2025-09-07T01:59:27.901+0000] {spark_submit.py:579} INFO - File "/home/***/.local/lib/python3.10/site-packages/pyspark/python/lib/py4j-0.10.9.9-src.zip/py4j/java_gateway.py", line 1362, in __call__
[2025-09-07T01:59:27.901+0000] {spark_submit.py:579} INFO - File "/home/***/.local/lib/python3.10/site-packages/pyspark/python/lib/pyspark.zip/pyspark/errors/exceptions/captured.py", line 282, in deco
[2025-09-07T01:59:27.902+0000] {spark_submit.py:579} INFO - File "/home/***/.local/lib/python3.10/site-packages/pyspark/python/lib/py4j-0.10.9.9-src.zip/py4j/protocol.py", line 327, in get_return_value
[2025-09-07T01:59:27.945+0000] {spark_submit.py:579} INFO - py4j.protocol.Py4JJavaError: An error occurred while calling o308.jdbc.
[2025-09-07T01:59:27.946+0000] {spark_submit.py:579} INFO - : com.microsoft.sqlserver.jdbc.SQLServerException: Database 'chess' on server 'kudzie.database.windows.net' is not currently available.  Please retry the connection later.  If the problem persists, contact customer support, and provide them the session tracing ID of '{3127A38D-A3DF-4DE4-81DC-915F574CC690}'. ClientConnectionId:0c8bfa09-08f9-4898-a883-a030e20ef81d
[2025-09-07T01:59:27.947+0000] {spark_submit.py:579} INFO - at com.microsoft.sqlserver.jdbc.SQLServerException.makeFromDatabaseError(SQLServerException.java:256)
[2025-09-07T01:59:27.947+0000] {spark_submit.py:579} INFO - at com.microsoft.sqlserver.jdbc.TDSTokenHandler.onEOF(tdsparser.java:258)
[2025-09-07T01:59:27.948+0000] {spark_submit.py:579} INFO - at com.microsoft.sqlserver.jdbc.TDSParser.parse(tdsparser.java:104)
[2025-09-07T01:59:27.948+0000] {spark_submit.py:579} INFO - at com.microsoft.sqlserver.jdbc.SQLServerConnection.sendLogon(SQLServerConnection.java:5028)
[2025-09-07T01:59:27.948+0000] {spark_submit.py:579} INFO - at com.microsoft.sqlserver.jdbc.SQLServerConnection.logon(SQLServerConnection.java:3660)
[2025-09-07T01:59:27.948+0000] {spark_submit.py:579} INFO - at com.microsoft.sqlserver.jdbc.SQLServerConnection.access$000(SQLServerConnection.java:94)
[2025-09-07T01:59:27.949+0000] {spark_submit.py:579} INFO - at com.microsoft.sqlserver.jdbc.SQLServerConnection$LogonCommand.doExecute(SQLServerConnection.java:3619)
[2025-09-07T01:59:27.949+0000] {spark_submit.py:579} INFO - at com.microsoft.sqlserver.jdbc.TDSCommand.execute(IOBuffer.java:7194)
[2025-09-07T01:59:27.949+0000] {spark_submit.py:579} INFO - at com.microsoft.sqlserver.jdbc.SQLServerConnection.executeCommand(SQLServerConnection.java:2930)
[2025-09-07T01:59:27.949+0000] {spark_submit.py:579} INFO - at com.microsoft.sqlserver.jdbc.SQLServerConnection.connectHelper(SQLServerConnection.java:2456)
[2025-09-07T01:59:27.950+0000] {spark_submit.py:579} INFO - at com.microsoft.sqlserver.jdbc.SQLServerConnection.login(SQLServerConnection.java:2103)
[2025-09-07T01:59:27.950+0000] {spark_submit.py:579} INFO - at com.microsoft.sqlserver.jdbc.SQLServerConnection.connectInternal(SQLServerConnection.java:1950)
[2025-09-07T01:59:27.950+0000] {spark_submit.py:579} INFO - at com.microsoft.sqlserver.jdbc.SQLServerConnection.connect(SQLServerConnection.java:1162)
[2025-09-07T01:59:27.950+0000] {spark_submit.py:579} INFO - at com.microsoft.sqlserver.jdbc.SQLServerDriver.connect(SQLServerDriver.java:735)
[2025-09-07T01:59:27.950+0000] {spark_submit.py:579} INFO - at org.apache.spark.sql.execution.datasources.jdbc.connection.BasicConnectionProvider.getConnection(BasicConnectionProvider.scala:50)
[2025-09-07T01:59:27.950+0000] {spark_submit.py:579} INFO - at org.apache.spark.sql.execution.datasources.jdbc.connection.ConnectionProviderBase.create(ConnectionProvider.scala:102)
[2025-09-07T01:59:27.951+0000] {spark_submit.py:579} INFO - at org.apache.spark.sql.jdbc.JdbcDialect.$anonfun$createConnectionFactory$1(JdbcDialects.scala:235)
[2025-09-07T01:59:27.951+0000] {spark_submit.py:579} INFO - at org.apache.spark.sql.jdbc.JdbcDialect.$anonfun$createConnectionFactory$1$adapted(JdbcDialects.scala:231)
[2025-09-07T01:59:27.951+0000] {spark_submit.py:579} INFO - at org.apache.spark.sql.execution.datasources.jdbc.JdbcRelationProvider.createRelation(JdbcRelationProvider.scala:51)
[2025-09-07T01:59:27.951+0000] {spark_submit.py:579} INFO - at org.apache.spark.sql.execution.datasources.SaveIntoDataSourceCommand.run(SaveIntoDataSourceCommand.scala:55)
[2025-09-07T01:59:27.952+0000] {spark_submit.py:579} INFO - at org.apache.spark.sql.execution.command.ExecutedCommandExec.sideEffectResult$lzycompute(commands.scala:79)
[2025-09-07T01:59:27.952+0000] {spark_submit.py:579} INFO - at org.apache.spark.sql.execution.command.ExecutedCommandExec.sideEffectResult(commands.scala:77)
[2025-09-07T01:59:27.952+0000] {spark_submit.py:579} INFO - at org.apache.spark.sql.execution.command.ExecutedCommandExec.executeCollect(commands.scala:88)
[2025-09-07T01:59:27.952+0000] {spark_submit.py:579} INFO - at org.apache.spark.sql.execution.QueryExecution.$anonfun$eagerlyExecuteCommands$2(QueryExecution.scala:155)
[2025-09-07T01:59:27.953+0000] {spark_submit.py:579} INFO - at org.apache.spark.sql.execution.SQLExecution$.$anonfun$withNewExecutionId0$8(SQLExecution.scala:162)
[2025-09-07T01:59:27.953+0000] {spark_submit.py:579} INFO - at org.apache.spark.sql.execution.SQLExecution$.withSessionTagsApplied(SQLExecution.scala:268)
[2025-09-07T01:59:27.953+0000] {spark_submit.py:579} INFO - at org.apache.spark.sql.execution.SQLExecution$.$anonfun$withNewExecutionId0$7(SQLExecution.scala:124)
[2025-09-07T01:59:27.953+0000] {spark_submit.py:579} INFO - at org.apache.spark.JobArtifactSet$.withActiveJobArtifactState(JobArtifactSet.scala:94)
[2025-09-07T01:59:27.954+0000] {spark_submit.py:579} INFO - at org.apache.spark.sql.artifact.ArtifactManager.$anonfun$withResources$1(ArtifactManager.scala:112)
[2025-09-07T01:59:27.954+0000] {spark_submit.py:579} INFO - at org.apache.spark.sql.artifact.ArtifactManager.withClassLoaderIfNeeded(ArtifactManager.scala:106)
[2025-09-07T01:59:27.954+0000] {spark_submit.py:579} INFO - at org.apache.spark.sql.artifact.ArtifactManager.withResources(ArtifactManager.scala:111)
[2025-09-07T01:59:27.954+0000] {spark_submit.py:579} INFO - at org.apache.spark.sql.execution.SQLExecution$.$anonfun$withNewExecutionId0$6(SQLExecution.scala:124)
[2025-09-07T01:59:27.954+0000] {spark_submit.py:579} INFO - at org.apache.spark.sql.execution.SQLExecution$.withSQLConfPropagated(SQLExecution.scala:291)
[2025-09-07T01:59:27.955+0000] {spark_submit.py:579} INFO - at org.apache.spark.sql.execution.SQLExecution$.$anonfun$withNewExecutionId0$1(SQLExecution.scala:123)
[2025-09-07T01:59:27.955+0000] {spark_submit.py:579} INFO - at org.apache.spark.sql.SparkSession.withActive(SparkSession.scala:804)
[2025-09-07T01:59:27.955+0000] {spark_submit.py:579} INFO - at org.apache.spark.sql.execution.SQLExecution$.withNewExecutionId0(SQLExecution.scala:77)
[2025-09-07T01:59:27.955+0000] {spark_submit.py:579} INFO - at org.apache.spark.sql.execution.SQLExecution$.withNewExecutionId(SQLExecution.scala:233)
[2025-09-07T01:59:27.955+0000] {spark_submit.py:579} INFO - at org.apache.spark.sql.execution.QueryExecution.$anonfun$eagerlyExecuteCommands$1(QueryExecution.scala:155)
[2025-09-07T01:59:27.956+0000] {spark_submit.py:579} INFO - at org.apache.spark.sql.execution.QueryExecution$.withInternalError(QueryExecution.scala:654)
[2025-09-07T01:59:27.956+0000] {spark_submit.py:579} INFO - at org.apache.spark.sql.execution.QueryExecution.org$apache$spark$sql$execution$QueryExecution$$eagerlyExecute$1(QueryExecution.scala:154)
[2025-09-07T01:59:27.956+0000] {spark_submit.py:579} INFO - at org.apache.spark.sql.execution.QueryExecution$$anonfun$eagerlyExecuteCommands$3.applyOrElse(QueryExecution.scala:169)
[2025-09-07T01:59:27.956+0000] {spark_submit.py:579} INFO - at org.apache.spark.sql.execution.QueryExecution$$anonfun$eagerlyExecuteCommands$3.applyOrElse(QueryExecution.scala:164)
[2025-09-07T01:59:27.957+0000] {spark_submit.py:579} INFO - at org.apache.spark.sql.catalyst.trees.TreeNode.$anonfun$transformDownWithPruning$1(TreeNode.scala:470)
[2025-09-07T01:59:27.957+0000] {spark_submit.py:579} INFO - at org.apache.spark.sql.catalyst.trees.CurrentOrigin$.withOrigin(origin.scala:86)
[2025-09-07T01:59:27.957+0000] {spark_submit.py:579} INFO - at org.apache.spark.sql.catalyst.trees.TreeNode.transformDownWithPruning(TreeNode.scala:470)
[2025-09-07T01:59:27.957+0000] {spark_submit.py:579} INFO - at org.apache.spark.sql.catalyst.plans.logical.LogicalPlan.org$apache$spark$sql$catalyst$plans$logical$AnalysisHelper$$super$transformDownWithPruning(LogicalPlan.scala:37)
[2025-09-07T01:59:27.958+0000] {spark_submit.py:579} INFO - at org.apache.spark.sql.catalyst.plans.logical.AnalysisHelper.transformDownWithPruning(AnalysisHelper.scala:360)
[2025-09-07T01:59:27.958+0000] {spark_submit.py:579} INFO - at org.apache.spark.sql.catalyst.plans.logical.AnalysisHelper.transformDownWithPruning$(AnalysisHelper.scala:356)
[2025-09-07T01:59:27.958+0000] {spark_submit.py:579} INFO - at org.apache.spark.sql.catalyst.plans.logical.LogicalPlan.transformDownWithPruning(LogicalPlan.scala:37)
[2025-09-07T01:59:27.958+0000] {spark_submit.py:579} INFO - at org.apache.spark.sql.catalyst.plans.logical.LogicalPlan.transformDownWithPruning(LogicalPlan.scala:37)
[2025-09-07T01:59:27.959+0000] {spark_submit.py:579} INFO - at org.apache.spark.sql.catalyst.trees.TreeNode.transformDown(TreeNode.scala:446)
[2025-09-07T01:59:27.959+0000] {spark_submit.py:579} INFO - at org.apache.spark.sql.execution.QueryExecution.eagerlyExecuteCommands(QueryExecution.scala:164)
[2025-09-07T01:59:27.959+0000] {spark_submit.py:579} INFO - at org.apache.spark.sql.execution.QueryExecution.$anonfun$lazyCommandExecuted$1(QueryExecution.scala:126)
[2025-09-07T01:59:27.959+0000] {spark_submit.py:579} INFO - at scala.util.Try$.apply(Try.scala:217)
[2025-09-07T01:59:27.960+0000] {spark_submit.py:579} INFO - at org.apache.spark.util.Utils$.doTryWithCallerStacktrace(Utils.scala:1378)
[2025-09-07T01:59:27.960+0000] {spark_submit.py:579} INFO - at org.apache.spark.util.Utils$.getTryWithCallerStacktrace(Utils.scala:1439)
[2025-09-07T01:59:27.960+0000] {spark_submit.py:579} INFO - at org.apache.spark.util.LazyTry.get(LazyTry.scala:58)
[2025-09-07T01:59:27.960+0000] {spark_submit.py:579} INFO - at org.apache.spark.sql.execution.QueryExecution.commandExecuted(QueryExecution.scala:131)
[2025-09-07T01:59:27.961+0000] {spark_submit.py:579} INFO - at org.apache.spark.sql.execution.QueryExecution.assertCommandExecuted(QueryExecution.scala:192)
[2025-09-07T01:59:27.961+0000] {spark_submit.py:579} INFO - at org.apache.spark.sql.classic.DataFrameWriter.runCommand(DataFrameWriter.scala:622)
[2025-09-07T01:59:27.961+0000] {spark_submit.py:579} INFO - at org.apache.spark.sql.classic.DataFrameWriter.saveToV1Source(DataFrameWriter.scala:273)
[2025-09-07T01:59:27.961+0000] {spark_submit.py:579} INFO - at org.apache.spark.sql.classic.DataFrameWriter.saveInternal(DataFrameWriter.scala:241)
[2025-09-07T01:59:27.962+0000] {spark_submit.py:579} INFO - at org.apache.spark.sql.classic.DataFrameWriter.save(DataFrameWriter.scala:126)
[2025-09-07T01:59:27.962+0000] {spark_submit.py:579} INFO - at org.apache.spark.sql.DataFrameWriter.jdbc(DataFrameWriter.scala:334)
[2025-09-07T01:59:27.962+0000] {spark_submit.py:579} INFO - at java.base/jdk.internal.reflect.NativeMethodAccessorImpl.invoke0(Native Method)
[2025-09-07T01:59:27.963+0000] {spark_submit.py:579} INFO - at java.base/jdk.internal.reflect.NativeMethodAccessorImpl.invoke(NativeMethodAccessorImpl.java:77)
[2025-09-07T01:59:27.963+0000] {spark_submit.py:579} INFO - at java.base/jdk.internal.reflect.DelegatingMethodAccessorImpl.invoke(DelegatingMethodAccessorImpl.java:43)
[2025-09-07T01:59:27.963+0000] {spark_submit.py:579} INFO - at java.base/java.lang.reflect.Method.invoke(Method.java:569)
[2025-09-07T01:59:27.964+0000] {spark_submit.py:579} INFO - at py4j.reflection.MethodInvoker.invoke(MethodInvoker.java:244)
[2025-09-07T01:59:27.964+0000] {spark_submit.py:579} INFO - at py4j.reflection.ReflectionEngine.invoke(ReflectionEngine.java:374)
[2025-09-07T01:59:27.964+0000] {spark_submit.py:579} INFO - at py4j.Gateway.invoke(Gateway.java:282)
[2025-09-07T01:59:27.965+0000] {spark_submit.py:579} INFO - at py4j.commands.AbstractCommand.invokeMethod(AbstractCommand.java:132)
[2025-09-07T01:59:27.965+0000] {spark_submit.py:579} INFO - at py4j.commands.CallCommand.execute(CallCommand.java:79)
[2025-09-07T01:59:27.965+0000] {spark_submit.py:579} INFO - at py4j.ClientServerConnection.waitForCommands(ClientServerConnection.java:184)
[2025-09-07T01:59:27.965+0000] {spark_submit.py:579} INFO - at py4j.ClientServerConnection.run(ClientServerConnection.java:108)
[2025-09-07T01:59:27.965+0000] {spark_submit.py:579} INFO - at java.base/java.lang.Thread.run(Thread.java:840)
[2025-09-07T01:59:27.966+0000] {spark_submit.py:579} INFO - Suppressed: org.apache.spark.util.Utils$OriginalTryStackTraceException: Full stacktrace of original doTryWithCallerStacktrace caller
[2025-09-07T01:59:27.966+0000] {spark_submit.py:579} INFO - at com.microsoft.sqlserver.jdbc.SQLServerException.makeFromDatabaseError(SQLServerException.java:256)
[2025-09-07T01:59:27.966+0000] {spark_submit.py:579} INFO - at com.microsoft.sqlserver.jdbc.TDSTokenHandler.onEOF(tdsparser.java:258)
[2025-09-07T01:59:27.966+0000] {spark_submit.py:579} INFO - at com.microsoft.sqlserver.jdbc.TDSParser.parse(tdsparser.java:104)
[2025-09-07T01:59:27.966+0000] {spark_submit.py:579} INFO - at com.microsoft.sqlserver.jdbc.SQLServerConnection.sendLogon(SQLServerConnection.java:5028)
[2025-09-07T01:59:27.967+0000] {spark_submit.py:579} INFO - at com.microsoft.sqlserver.jdbc.SQLServerConnection.logon(SQLServerConnection.java:3660)
[2025-09-07T01:59:27.967+0000] {spark_submit.py:579} INFO - at com.microsoft.sqlserver.jdbc.SQLServerConnection.access$000(SQLServerConnection.java:94)
[2025-09-07T01:59:27.967+0000] {spark_submit.py:579} INFO - at com.microsoft.sqlserver.jdbc.SQLServerConnection$LogonCommand.doExecute(SQLServerConnection.java:3619)
[2025-09-07T01:59:27.967+0000] {spark_submit.py:579} INFO - at com.microsoft.sqlserver.jdbc.TDSCommand.execute(IOBuffer.java:7194)
[2025-09-07T01:59:27.967+0000] {spark_submit.py:579} INFO - at com.microsoft.sqlserver.jdbc.SQLServerConnection.executeCommand(SQLServerConnection.java:2930)
[2025-09-07T01:59:27.968+0000] {spark_submit.py:579} INFO - at com.microsoft.sqlserver.jdbc.SQLServerConnection.connectHelper(SQLServerConnection.java:2456)
[2025-09-07T01:59:27.968+0000] {spark_submit.py:579} INFO - at com.microsoft.sqlserver.jdbc.SQLServerConnection.login(SQLServerConnection.java:2103)
[2025-09-07T01:59:27.968+0000] {spark_submit.py:579} INFO - at com.microsoft.sqlserver.jdbc.SQLServerConnection.connectInternal(SQLServerConnection.java:1950)
[2025-09-07T01:59:27.968+0000] {spark_submit.py:579} INFO - at com.microsoft.sqlserver.jdbc.SQLServerConnection.connect(SQLServerConnection.java:1162)
[2025-09-07T01:59:27.969+0000] {spark_submit.py:579} INFO - at com.microsoft.sqlserver.jdbc.SQLServerDriver.connect(SQLServerDriver.java:735)
[2025-09-07T01:59:27.969+0000] {spark_submit.py:579} INFO - at org.apache.spark.sql.execution.datasources.jdbc.connection.BasicConnectionProvider.getConnection(BasicConnectionProvider.scala:50)
[2025-09-07T01:59:27.969+0000] {spark_submit.py:579} INFO - at org.apache.spark.sql.execution.datasources.jdbc.connection.ConnectionProviderBase.create(ConnectionProvider.scala:102)
[2025-09-07T01:59:27.969+0000] {spark_submit.py:579} INFO - at org.apache.spark.sql.jdbc.JdbcDialect.$anonfun$createConnectionFactory$1(JdbcDialects.scala:235)
[2025-09-07T01:59:27.969+0000] {spark_submit.py:579} INFO - at org.apache.spark.sql.jdbc.JdbcDialect.$anonfun$createConnectionFactory$1$adapted(JdbcDialects.scala:231)
[2025-09-07T01:59:27.970+0000] {spark_submit.py:579} INFO - at org.apache.spark.sql.execution.datasources.jdbc.JdbcRelationProvider.createRelation(JdbcRelationProvider.scala:51)
[2025-09-07T01:59:27.970+0000] {spark_submit.py:579} INFO - at org.apache.spark.sql.execution.datasources.SaveIntoDataSourceCommand.run(SaveIntoDataSourceCommand.scala:55)
[2025-09-07T01:59:27.970+0000] {spark_submit.py:579} INFO - at org.apache.spark.sql.execution.command.ExecutedCommandExec.sideEffectResult$lzycompute(commands.scala:79)
[2025-09-07T01:59:27.970+0000] {spark_submit.py:579} INFO - at org.apache.spark.sql.execution.command.ExecutedCommandExec.sideEffectResult(commands.scala:77)
[2025-09-07T01:59:27.970+0000] {spark_submit.py:579} INFO - at org.apache.spark.sql.execution.command.ExecutedCommandExec.executeCollect(commands.scala:88)
[2025-09-07T01:59:27.971+0000] {spark_submit.py:579} INFO - at org.apache.spark.sql.execution.QueryExecution.$anonfun$eagerlyExecuteCommands$2(QueryExecution.scala:155)
[2025-09-07T01:59:27.971+0000] {spark_submit.py:579} INFO - at org.apache.spark.sql.execution.SQLExecution$.$anonfun$withNewExecutionId0$8(SQLExecution.scala:162)
[2025-09-07T01:59:27.971+0000] {spark_submit.py:579} INFO - at org.apache.spark.sql.execution.SQLExecution$.withSessionTagsApplied(SQLExecution.scala:268)
[2025-09-07T01:59:27.972+0000] {spark_submit.py:579} INFO - at org.apache.spark.sql.execution.SQLExecution$.$anonfun$withNewExecutionId0$7(SQLExecution.scala:124)
[2025-09-07T01:59:27.972+0000] {spark_submit.py:579} INFO - at org.apache.spark.JobArtifactSet$.withActiveJobArtifactState(JobArtifactSet.scala:94)
[2025-09-07T01:59:27.972+0000] {spark_submit.py:579} INFO - at org.apache.spark.sql.artifact.ArtifactManager.$anonfun$withResources$1(ArtifactManager.scala:112)
[2025-09-07T01:59:27.972+0000] {spark_submit.py:579} INFO - at org.apache.spark.sql.artifact.ArtifactManager.withClassLoaderIfNeeded(ArtifactManager.scala:106)
[2025-09-07T01:59:27.973+0000] {spark_submit.py:579} INFO - at org.apache.spark.sql.artifact.ArtifactManager.withResources(ArtifactManager.scala:111)
[2025-09-07T01:59:27.973+0000] {spark_submit.py:579} INFO - at org.apache.spark.sql.execution.SQLExecution$.$anonfun$withNewExecutionId0$6(SQLExecution.scala:124)
[2025-09-07T01:59:27.973+0000] {spark_submit.py:579} INFO - at org.apache.spark.sql.execution.SQLExecution$.withSQLConfPropagated(SQLExecution.scala:291)
[2025-09-07T01:59:27.973+0000] {spark_submit.py:579} INFO - at org.apache.spark.sql.execution.SQLExecution$.$anonfun$withNewExecutionId0$1(SQLExecution.scala:123)
[2025-09-07T01:59:27.973+0000] {spark_submit.py:579} INFO - at org.apache.spark.sql.SparkSession.withActive(SparkSession.scala:804)
[2025-09-07T01:59:27.974+0000] {spark_submit.py:579} INFO - at org.apache.spark.sql.execution.SQLExecution$.withNewExecutionId0(SQLExecution.scala:77)
[2025-09-07T01:59:27.974+0000] {spark_submit.py:579} INFO - at org.apache.spark.sql.execution.SQLExecution$.withNewExecutionId(SQLExecution.scala:233)
[2025-09-07T01:59:27.974+0000] {spark_submit.py:579} INFO - at org.apache.spark.sql.execution.QueryExecution.$anonfun$eagerlyExecuteCommands$1(QueryExecution.scala:155)
[2025-09-07T01:59:27.974+0000] {spark_submit.py:579} INFO - at org.apache.spark.sql.execution.QueryExecution$.withInternalError(QueryExecution.scala:654)
[2025-09-07T01:59:27.974+0000] {spark_submit.py:579} INFO - at org.apache.spark.sql.execution.QueryExecution.org$apache$spark$sql$execution$QueryExecution$$eagerlyExecute$1(QueryExecution.scala:154)
[2025-09-07T01:59:27.975+0000] {spark_submit.py:579} INFO - at org.apache.spark.sql.execution.QueryExecution$$anonfun$eagerlyExecuteCommands$3.applyOrElse(QueryExecution.scala:169)
[2025-09-07T01:59:27.975+0000] {spark_submit.py:579} INFO - at org.apache.spark.sql.execution.QueryExecution$$anonfun$eagerlyExecuteCommands$3.applyOrElse(QueryExecution.scala:164)
[2025-09-07T01:59:27.975+0000] {spark_submit.py:579} INFO - at org.apache.spark.sql.catalyst.trees.TreeNode.$anonfun$transformDownWithPruning$1(TreeNode.scala:470)
[2025-09-07T01:59:27.975+0000] {spark_submit.py:579} INFO - at org.apache.spark.sql.catalyst.trees.CurrentOrigin$.withOrigin(origin.scala:86)
[2025-09-07T01:59:27.975+0000] {spark_submit.py:579} INFO - at org.apache.spark.sql.catalyst.trees.TreeNode.transformDownWithPruning(TreeNode.scala:470)
[2025-09-07T01:59:27.976+0000] {spark_submit.py:579} INFO - at org.apache.spark.sql.catalyst.plans.logical.LogicalPlan.org$apache$spark$sql$catalyst$plans$logical$AnalysisHelper$$super$transformDownWithPruning(LogicalPlan.scala:37)
[2025-09-07T01:59:27.976+0000] {spark_submit.py:579} INFO - at org.apache.spark.sql.catalyst.plans.logical.AnalysisHelper.transformDownWithPruning(AnalysisHelper.scala:360)
[2025-09-07T01:59:27.976+0000] {spark_submit.py:579} INFO - at org.apache.spark.sql.catalyst.plans.logical.AnalysisHelper.transformDownWithPruning$(AnalysisHelper.scala:356)
[2025-09-07T01:59:27.976+0000] {spark_submit.py:579} INFO - at org.apache.spark.sql.catalyst.plans.logical.LogicalPlan.transformDownWithPruning(LogicalPlan.scala:37)
[2025-09-07T01:59:27.976+0000] {spark_submit.py:579} INFO - at org.apache.spark.sql.catalyst.plans.logical.LogicalPlan.transformDownWithPruning(LogicalPlan.scala:37)
[2025-09-07T01:59:27.977+0000] {spark_submit.py:579} INFO - at org.apache.spark.sql.catalyst.trees.TreeNode.transformDown(TreeNode.scala:446)
[2025-09-07T01:59:27.977+0000] {spark_submit.py:579} INFO - at org.apache.spark.sql.execution.QueryExecution.eagerlyExecuteCommands(QueryExecution.scala:164)
[2025-09-07T01:59:27.977+0000] {spark_submit.py:579} INFO - at org.apache.spark.sql.execution.QueryExecution.$anonfun$lazyCommandExecuted$1(QueryExecution.scala:126)
[2025-09-07T01:59:27.977+0000] {spark_submit.py:579} INFO - at scala.util.Try$.apply(Try.scala:217)
[2025-09-07T01:59:27.977+0000] {spark_submit.py:579} INFO - at org.apache.spark.util.Utils$.doTryWithCallerStacktrace(Utils.scala:1378)
[2025-09-07T01:59:27.978+0000] {spark_submit.py:579} INFO - at org.apache.spark.util.LazyTry.tryT$lzycompute(LazyTry.scala:46)
[2025-09-07T01:59:27.978+0000] {spark_submit.py:579} INFO - at org.apache.spark.util.LazyTry.tryT(LazyTry.scala:46)
[2025-09-07T01:59:27.978+0000] {spark_submit.py:579} INFO - ... 20 more
[2025-09-07T01:59:27.979+0000] {spark_submit.py:579} INFO - 
[2025-09-07T01:59:28.163+0000] {spark_submit.py:579} INFO - 25/09/07 01:59:28 INFO SparkContext: Invoking stop() from shutdown hook
[2025-09-07T01:59:28.165+0000] {spark_submit.py:579} INFO - 25/09/07 01:59:28 INFO SparkContext: SparkContext is stopping with exitCode 0 from run at Executors.java:539.
[2025-09-07T01:59:28.181+0000] {spark_submit.py:579} INFO - 25/09/07 01:59:28 INFO SparkUI: Stopped Spark web UI at http://ac03ab483d89:4040
[2025-09-07T01:59:28.185+0000] {spark_submit.py:579} INFO - 25/09/07 01:59:28 INFO StandaloneSchedulerBackend: Shutting down all executors
[2025-09-07T01:59:28.185+0000] {spark_submit.py:579} INFO - 25/09/07 01:59:28 INFO StandaloneSchedulerBackend$StandaloneDriverEndpoint: Asking each executor to shut down
[2025-09-07T01:59:28.205+0000] {spark_submit.py:579} INFO - 25/09/07 01:59:28 INFO MapOutputTrackerMasterEndpoint: MapOutputTrackerMasterEndpoint stopped!
[2025-09-07T01:59:28.253+0000] {spark_submit.py:579} INFO - 25/09/07 01:59:28 INFO MemoryStore: MemoryStore started with capacity 434.4 MiB
[2025-09-07T01:59:28.254+0000] {spark_submit.py:579} INFO - 25/09/07 01:59:28 INFO MemoryStore: MemoryStore cleared
[2025-09-07T01:59:28.255+0000] {spark_submit.py:579} INFO - 25/09/07 01:59:28 INFO BlockManager: BlockManager stopped
[2025-09-07T01:59:28.260+0000] {spark_submit.py:579} INFO - 25/09/07 01:59:28 INFO BlockManagerMaster: BlockManagerMaster stopped
[2025-09-07T01:59:28.265+0000] {spark_submit.py:579} INFO - 25/09/07 01:59:28 INFO OutputCommitCoordinator$OutputCommitCoordinatorEndpoint: OutputCommitCoordinator stopped!
[2025-09-07T01:59:28.286+0000] {spark_submit.py:579} INFO - 25/09/07 01:59:28 INFO SparkContext: Successfully stopped SparkContext
[2025-09-07T01:59:28.287+0000] {spark_submit.py:579} INFO - 25/09/07 01:59:28 INFO ShutdownHookManager: Shutdown hook called
[2025-09-07T01:59:28.287+0000] {spark_submit.py:579} INFO - 25/09/07 01:59:28 INFO ShutdownHookManager: Deleting directory /tmp/spark-b7dc9807-9884-4c2d-b21d-0697d39eaeb3
[2025-09-07T01:59:28.300+0000] {spark_submit.py:579} INFO - 25/09/07 01:59:28 INFO ShutdownHookManager: Deleting directory /opt/***/artifacts/spark-7d7a6296-e9f3-45cc-8b8f-5885e63f6a65
[2025-09-07T01:59:28.316+0000] {spark_submit.py:579} INFO - 25/09/07 01:59:28 INFO ShutdownHookManager: Deleting directory /tmp/spark-8988538b-2004-417b-8f2d-26649a31b711
[2025-09-07T01:59:28.332+0000] {spark_submit.py:579} INFO - 25/09/07 01:59:28 INFO ShutdownHookManager: Deleting directory /tmp/spark-8988538b-2004-417b-8f2d-26649a31b711/pyspark-ec4564a3-1bac-4c98-beda-c8aca5a60808
[2025-09-07T01:59:28.520+0000] {taskinstance.py:1935} ERROR - Task failed with exception
Traceback (most recent call last):
  File "/home/airflow/.local/lib/python3.10/site-packages/airflow/providers/apache/spark/operators/spark_submit.py", line 174, in execute
    self._hook.submit(self.application)
  File "/home/airflow/.local/lib/python3.10/site-packages/airflow/providers/apache/spark/hooks/spark_submit.py", line 505, in submit
    raise AirflowException(
airflow.exceptions.AirflowException: Cannot execute: spark-submit --master spark://spark-master:7077 --jars /opt/spark/external-jars/apache-spark-sql-connector.jar --name arrow-spark --deploy-mode client jobs/python/wordcountjob.py. Error code is: 1.
[2025-09-07T01:59:28.550+0000] {taskinstance.py:1398} INFO - Marking task as FAILED. dag_id=sparking_flow, task_id=python_job, execution_date=20250907T015842, start_date=20250907T015850, end_date=20250907T015928
[2025-09-07T01:59:28.617+0000] {standard_task_runner.py:104} ERROR - Failed to execute job 27 for task python_job (Cannot execute: spark-submit --master spark://spark-master:7077 --jars /opt/spark/external-jars/apache-spark-sql-connector.jar --name arrow-spark --deploy-mode client jobs/python/wordcountjob.py. Error code is: 1.; 9762)
[2025-09-07T01:59:28.649+0000] {local_task_job_runner.py:228} INFO - Task exited with return code 1
[2025-09-07T01:59:28.725+0000] {taskinstance.py:2776} INFO - 0 downstream tasks scheduled from follow-on schedule check
