[2025-08-10T14:57:25.087+0000] {taskinstance.py:1157} INFO - Dependencies all met for dep_context=non-requeueable deps ti=<TaskInstance: sparking_flow.python_job manual__2025-08-10T14:57:21.915457+00:00 [queued]>
[2025-08-10T14:57:25.098+0000] {taskinstance.py:1157} INFO - Dependencies all met for dep_context=requeueable deps ti=<TaskInstance: sparking_flow.python_job manual__2025-08-10T14:57:21.915457+00:00 [queued]>
[2025-08-10T14:57:25.098+0000] {taskinstance.py:1359} INFO - Starting attempt 1 of 1
[2025-08-10T14:57:25.113+0000] {taskinstance.py:1380} INFO - Executing <Task(SparkSubmitOperator): python_job> on 2025-08-10 14:57:21.915457+00:00
[2025-08-10T14:57:25.123+0000] {standard_task_runner.py:57} INFO - Started process 203 to run task
[2025-08-10T14:57:25.127+0000] {standard_task_runner.py:84} INFO - Running: ['***', 'tasks', 'run', 'sparking_flow', 'python_job', 'manual__2025-08-10T14:57:21.915457+00:00', '--job-id', '5', '--raw', '--subdir', 'DAGS_FOLDER/spark_***.py', '--cfg-path', '/tmp/tmpuefs0gkd']
[2025-08-10T14:57:25.131+0000] {standard_task_runner.py:85} INFO - Job 5: Subtask python_job
[2025-08-10T14:57:25.224+0000] {task_command.py:415} INFO - Running <TaskInstance: sparking_flow.python_job manual__2025-08-10T14:57:21.915457+00:00 [running]> on host bbbd335a28b1
[2025-08-10T14:57:25.339+0000] {taskinstance.py:1660} INFO - Exporting env vars: AIRFLOW_CTX_DAG_OWNER='Yusuf Ganiyu' AIRFLOW_CTX_DAG_ID='sparking_flow' AIRFLOW_CTX_TASK_ID='python_job' AIRFLOW_CTX_EXECUTION_DATE='2025-08-10T14:57:21.915457+00:00' AIRFLOW_CTX_TRY_NUMBER='1' AIRFLOW_CTX_DAG_RUN_ID='manual__2025-08-10T14:57:21.915457+00:00'
[2025-08-10T14:57:25.355+0000] {base.py:73} INFO - Using connection ID 'spark-conn' for task execution.
[2025-08-10T14:57:25.357+0000] {spark_submit.py:403} INFO - Spark-Submit cmd: spark-submit --master spark://spark-master:7077 --jars /opt/spark/external-jars/mssql-jdbc-12.10.1.jre17.jar --name arrow-spark --deploy-mode client jobs/python/wordcountjob.py
[2025-08-10T14:57:26.616+0000] {spark_submit.py:579} INFO - WARNING: Using incubator modules: jdk.incubator.vector
[2025-08-10T14:57:29.230+0000] {spark_submit.py:579} INFO - 25/08/10 14:57:29 WARN NativeCodeLoader: Unable to load native-hadoop library for your platform... using builtin-java classes where applicable
[2025-08-10T14:57:29.411+0000] {spark_submit.py:579} INFO - Using Spark's default log4j profile: org/apache/spark/log4j2-defaults.properties
[2025-08-10T14:57:29.415+0000] {spark_submit.py:579} INFO - 25/08/10 14:57:29 WARN DependencyUtils: Local jar /opt/spark/external-jars/mssql-jdbc-12.10.1.jre17.jar does not exist, skipping.
[2025-08-10T14:57:32.413+0000] {spark_submit.py:579} INFO - 25/08/10 14:57:32 INFO SparkContext: Running Spark version 4.0.0
[2025-08-10T14:57:32.416+0000] {spark_submit.py:579} INFO - 25/08/10 14:57:32 INFO SparkContext: OS info Linux, 6.6.87.2-microsoft-standard-WSL2, amd64
[2025-08-10T14:57:32.417+0000] {spark_submit.py:579} INFO - 25/08/10 14:57:32 INFO SparkContext: Java version 17.0.15
[2025-08-10T14:57:32.443+0000] {spark_submit.py:579} INFO - 25/08/10 14:57:32 INFO ResourceUtils: ==============================================================
[2025-08-10T14:57:32.444+0000] {spark_submit.py:579} INFO - 25/08/10 14:57:32 INFO ResourceUtils: No custom resources configured for spark.driver.
[2025-08-10T14:57:32.445+0000] {spark_submit.py:579} INFO - 25/08/10 14:57:32 INFO ResourceUtils: ==============================================================
[2025-08-10T14:57:32.445+0000] {spark_submit.py:579} INFO - 25/08/10 14:57:32 INFO SparkContext: Submitted application: PythonWordCount
[2025-08-10T14:57:32.476+0000] {spark_submit.py:579} INFO - 25/08/10 14:57:32 INFO ResourceProfile: Default ResourceProfile created, executor resources: Map(memory -> name: memory, amount: 1024, script: , vendor: , offHeap -> name: offHeap, amount: 0, script: , vendor: ), task resources: Map(cpus -> name: cpus, amount: 1.0)
[2025-08-10T14:57:32.479+0000] {spark_submit.py:579} INFO - 25/08/10 14:57:32 INFO ResourceProfile: Limiting resource is cpu
[2025-08-10T14:57:32.482+0000] {spark_submit.py:579} INFO - 25/08/10 14:57:32 INFO ResourceProfileManager: Added ResourceProfile id: 0
[2025-08-10T14:57:32.541+0000] {spark_submit.py:579} INFO - 25/08/10 14:57:32 INFO SecurityManager: Changing view acls to: ***
[2025-08-10T14:57:32.542+0000] {spark_submit.py:579} INFO - 25/08/10 14:57:32 INFO SecurityManager: Changing modify acls to: ***
[2025-08-10T14:57:32.543+0000] {spark_submit.py:579} INFO - 25/08/10 14:57:32 INFO SecurityManager: Changing view acls groups to: ***
[2025-08-10T14:57:32.543+0000] {spark_submit.py:579} INFO - 25/08/10 14:57:32 INFO SecurityManager: Changing modify acls groups to: ***
[2025-08-10T14:57:32.547+0000] {spark_submit.py:579} INFO - 25/08/10 14:57:32 INFO SecurityManager: SecurityManager: authentication disabled; ui acls disabled; users with view permissions: *** groups with view permissions: EMPTY; users with modify permissions: ***; groups with modify permissions: EMPTY; RPC SSL disabled
[2025-08-10T14:57:32.821+0000] {spark_submit.py:579} INFO - 25/08/10 14:57:32 INFO Utils: Successfully started service 'sparkDriver' on port 45589.
[2025-08-10T14:57:32.854+0000] {spark_submit.py:579} INFO - 25/08/10 14:57:32 INFO SparkEnv: Registering MapOutputTracker
[2025-08-10T14:57:32.869+0000] {spark_submit.py:579} INFO - 25/08/10 14:57:32 INFO SparkEnv: Registering BlockManagerMaster
[2025-08-10T14:57:32.892+0000] {spark_submit.py:579} INFO - 25/08/10 14:57:32 INFO BlockManagerMasterEndpoint: Using org.apache.spark.storage.DefaultTopologyMapper for getting topology information
[2025-08-10T14:57:32.893+0000] {spark_submit.py:579} INFO - 25/08/10 14:57:32 INFO BlockManagerMasterEndpoint: BlockManagerMasterEndpoint up
[2025-08-10T14:57:32.898+0000] {spark_submit.py:579} INFO - 25/08/10 14:57:32 INFO SparkEnv: Registering BlockManagerMasterHeartbeat
[2025-08-10T14:57:32.930+0000] {spark_submit.py:579} INFO - 25/08/10 14:57:32 INFO DiskBlockManager: Created local directory at /tmp/blockmgr-3a64371b-5692-47a4-8739-9ee29fd9c790
[2025-08-10T14:57:32.958+0000] {spark_submit.py:579} INFO - 25/08/10 14:57:32 INFO SparkEnv: Registering OutputCommitCoordinator
[2025-08-10T14:57:33.149+0000] {spark_submit.py:579} INFO - 25/08/10 14:57:33 INFO JettyUtils: Start Jetty 0.0.0.0:4040 for SparkUI
[2025-08-10T14:57:33.258+0000] {spark_submit.py:579} INFO - 25/08/10 14:57:33 INFO Utils: Successfully started service 'SparkUI' on port 4040.
[2025-08-10T14:57:33.310+0000] {spark_submit.py:579} INFO - 25/08/10 14:57:33 ERROR SparkContext: Failed to add file:/opt/spark/external-jars/mssql-jdbc-12.10.1.jre17.jar to Spark environment
[2025-08-10T14:57:33.310+0000] {spark_submit.py:579} INFO - java.io.FileNotFoundException: Jar /opt/spark/external-jars/mssql-jdbc-12.10.1.jre17.jar not found
[2025-08-10T14:57:33.311+0000] {spark_submit.py:579} INFO - at org.apache.spark.SparkContext.addLocalJarFile$1(SparkContext.scala:2174)
[2025-08-10T14:57:33.311+0000] {spark_submit.py:579} INFO - at org.apache.spark.SparkContext.addJar(SparkContext.scala:2230)
[2025-08-10T14:57:33.312+0000] {spark_submit.py:579} INFO - at org.apache.spark.SparkContext.$anonfun$new$15(SparkContext.scala:538)
[2025-08-10T14:57:33.312+0000] {spark_submit.py:579} INFO - at org.apache.spark.SparkContext.$anonfun$new$15$adapted(SparkContext.scala:538)
[2025-08-10T14:57:33.313+0000] {spark_submit.py:579} INFO - at scala.collection.IterableOnceOps.foreach(IterableOnce.scala:619)
[2025-08-10T14:57:33.313+0000] {spark_submit.py:579} INFO - at scala.collection.IterableOnceOps.foreach$(IterableOnce.scala:617)
[2025-08-10T14:57:33.314+0000] {spark_submit.py:579} INFO - at scala.collection.AbstractIterable.foreach(Iterable.scala:935)
[2025-08-10T14:57:33.314+0000] {spark_submit.py:579} INFO - at org.apache.spark.SparkContext.<init>(SparkContext.scala:538)
[2025-08-10T14:57:33.315+0000] {spark_submit.py:579} INFO - at org.apache.spark.api.java.JavaSparkContext.<init>(JavaSparkContext.scala:59)
[2025-08-10T14:57:33.315+0000] {spark_submit.py:579} INFO - at java.base/jdk.internal.reflect.NativeConstructorAccessorImpl.newInstance0(Native Method)
[2025-08-10T14:57:33.316+0000] {spark_submit.py:579} INFO - at java.base/jdk.internal.reflect.NativeConstructorAccessorImpl.newInstance(NativeConstructorAccessorImpl.java:77)
[2025-08-10T14:57:33.316+0000] {spark_submit.py:579} INFO - at java.base/jdk.internal.reflect.DelegatingConstructorAccessorImpl.newInstance(DelegatingConstructorAccessorImpl.java:45)
[2025-08-10T14:57:33.317+0000] {spark_submit.py:579} INFO - at java.base/java.lang.reflect.Constructor.newInstanceWithCaller(Constructor.java:500)
[2025-08-10T14:57:33.317+0000] {spark_submit.py:579} INFO - at java.base/java.lang.reflect.Constructor.newInstance(Constructor.java:481)
[2025-08-10T14:57:33.318+0000] {spark_submit.py:579} INFO - at py4j.reflection.MethodInvoker.invoke(MethodInvoker.java:247)
[2025-08-10T14:57:33.318+0000] {spark_submit.py:579} INFO - at py4j.reflection.ReflectionEngine.invoke(ReflectionEngine.java:374)
[2025-08-10T14:57:33.318+0000] {spark_submit.py:579} INFO - at py4j.Gateway.invoke(Gateway.java:238)
[2025-08-10T14:57:33.319+0000] {spark_submit.py:579} INFO - at py4j.commands.ConstructorCommand.invokeConstructor(ConstructorCommand.java:80)
[2025-08-10T14:57:33.319+0000] {spark_submit.py:579} INFO - at py4j.commands.ConstructorCommand.execute(ConstructorCommand.java:69)
[2025-08-10T14:57:33.320+0000] {spark_submit.py:579} INFO - at py4j.ClientServerConnection.waitForCommands(ClientServerConnection.java:184)
[2025-08-10T14:57:33.320+0000] {spark_submit.py:579} INFO - at py4j.ClientServerConnection.run(ClientServerConnection.java:108)
[2025-08-10T14:57:33.321+0000] {spark_submit.py:579} INFO - at java.base/java.lang.Thread.run(Thread.java:840)
[2025-08-10T14:57:33.351+0000] {spark_submit.py:579} INFO - 25/08/10 14:57:33 INFO SecurityManager: Changing view acls to: ***
[2025-08-10T14:57:33.352+0000] {spark_submit.py:579} INFO - 25/08/10 14:57:33 INFO SecurityManager: Changing modify acls to: ***
[2025-08-10T14:57:33.352+0000] {spark_submit.py:579} INFO - 25/08/10 14:57:33 INFO SecurityManager: Changing view acls groups to: ***
[2025-08-10T14:57:33.353+0000] {spark_submit.py:579} INFO - 25/08/10 14:57:33 INFO SecurityManager: Changing modify acls groups to: ***
[2025-08-10T14:57:33.353+0000] {spark_submit.py:579} INFO - 25/08/10 14:57:33 INFO SecurityManager: SecurityManager: authentication disabled; ui acls disabled; users with view permissions: *** groups with view permissions: EMPTY; users with modify permissions: ***; groups with modify permissions: EMPTY; RPC SSL disabled
[2025-08-10T14:57:33.559+0000] {spark_submit.py:579} INFO - 25/08/10 14:57:33 INFO StandaloneAppClient$ClientEndpoint: Connecting to master spark://spark-master:7077...
[2025-08-10T14:57:33.640+0000] {spark_submit.py:579} INFO - 25/08/10 14:57:33 INFO TransportClientFactory: Successfully created connection to spark-master/172.18.0.3:7077 after 42 ms (0 ms spent in bootstraps)
[2025-08-10T14:57:34.460+0000] {spark_submit.py:579} INFO - 25/08/10 14:57:34 INFO StandaloneSchedulerBackend: Connected to Spark cluster with app ID app-20250810145734-0001
[2025-08-10T14:57:34.469+0000] {spark_submit.py:579} INFO - 25/08/10 14:57:34 INFO Utils: Successfully started service 'org.apache.spark.network.netty.NettyBlockTransferService' on port 37619.
[2025-08-10T14:57:34.470+0000] {spark_submit.py:579} INFO - 25/08/10 14:57:34 INFO NettyBlockTransferService: Server created on bbbd335a28b1:37619
[2025-08-10T14:57:34.472+0000] {spark_submit.py:579} INFO - 25/08/10 14:57:34 INFO BlockManager: Using org.apache.spark.storage.RandomBlockReplicationPolicy for block replication policy
[2025-08-10T14:57:34.488+0000] {spark_submit.py:579} INFO - 25/08/10 14:57:34 INFO BlockManagerMaster: Registering BlockManager BlockManagerId(driver, bbbd335a28b1, 37619, None)
[2025-08-10T14:57:34.495+0000] {spark_submit.py:579} INFO - 25/08/10 14:57:34 INFO BlockManagerMasterEndpoint: Registering block manager bbbd335a28b1:37619 with 434.4 MiB RAM, BlockManagerId(driver, bbbd335a28b1, 37619, None)
[2025-08-10T14:57:34.498+0000] {spark_submit.py:579} INFO - 25/08/10 14:57:34 INFO BlockManagerMaster: Registered BlockManager BlockManagerId(driver, bbbd335a28b1, 37619, None)
[2025-08-10T14:57:34.500+0000] {spark_submit.py:579} INFO - 25/08/10 14:57:34 INFO BlockManager: Initialized BlockManager: BlockManagerId(driver, bbbd335a28b1, 37619, None)
[2025-08-10T14:57:34.688+0000] {spark_submit.py:579} INFO - 25/08/10 14:57:34 INFO StandaloneSchedulerBackend: SchedulerBackend is ready for scheduling beginning after reached minRegisteredResourcesRatio: 0.0
[2025-08-10T14:57:40.406+0000] {spark_submit.py:579} INFO - dict_keys(['daily', 'daily960', 'live_rapid', 'live_blitz', 'live_bullet', 'live_bughouse', 'live_blitz960', 'live_threecheck', 'live_crazyhouse', 'live_kingofthehill', 'tactics', 'rush', 'battle'])
[2025-08-10T14:57:40.415+0000] {spark_submit.py:579} INFO - 25/08/10 14:57:40 INFO SharedState: Setting hive.metastore.warehouse.dir ('null') to the value of spark.sql.warehouse.dir.
[2025-08-10T14:57:40.418+0000] {spark_submit.py:579} INFO - 25/08/10 14:57:40 INFO SharedState: Warehouse path is 'file:/opt/***/spark-warehouse'.
[2025-08-10T14:57:41.932+0000] {spark_submit.py:579} INFO - 25/08/10 14:57:41 INFO StandaloneAppClient$ClientEndpoint: Executor added: app-20250810145734-0001/0 on worker-20250810145601-172.18.0.5-37841 (172.18.0.5:37841) with 2 core(s)
[2025-08-10T14:57:41.934+0000] {spark_submit.py:579} INFO - 25/08/10 14:57:41 INFO StandaloneSchedulerBackend: Granted executor ID app-20250810145734-0001/0 on hostPort 172.18.0.5:37841 with 2 core(s), 1024.0 MiB RAM
[2025-08-10T14:57:41.995+0000] {spark_submit.py:579} INFO - 25/08/10 14:57:41 INFO StandaloneAppClient$ClientEndpoint: Executor updated: app-20250810145734-0001/0 is now RUNNING
[2025-08-10T14:57:42.120+0000] {spark_submit.py:579} INFO - Traceback (most recent call last):
[2025-08-10T14:57:42.121+0000] {spark_submit.py:579} INFO - File "/opt/***/jobs/python/wordcountjob.py", line 84, in <module>
[2025-08-10T14:57:42.123+0000] {spark_submit.py:579} INFO - write_data(daily,"daily")
[2025-08-10T14:57:42.123+0000] {spark_submit.py:579} INFO - File "/opt/***/jobs/python/wordcountjob.py", line 80, in write_data
[2025-08-10T14:57:42.125+0000] {spark_submit.py:579} INFO - df.write.mode("overwrite").jdbc(url=jdbc_url, table=f"dbo.{table}", properties=properties)
[2025-08-10T14:57:42.126+0000] {spark_submit.py:579} INFO - File "/home/***/.local/lib/python3.10/site-packages/pyspark/python/lib/pyspark.zip/pyspark/sql/readwriter.py", line 2347, in jdbc
[2025-08-10T14:57:42.126+0000] {spark_submit.py:579} INFO - File "/home/***/.local/lib/python3.10/site-packages/pyspark/python/lib/py4j-0.10.9.9-src.zip/py4j/java_gateway.py", line 1362, in __call__
[2025-08-10T14:57:42.126+0000] {spark_submit.py:579} INFO - File "/home/***/.local/lib/python3.10/site-packages/pyspark/python/lib/pyspark.zip/pyspark/errors/exceptions/captured.py", line 282, in deco
[2025-08-10T14:57:42.127+0000] {spark_submit.py:579} INFO - File "/home/***/.local/lib/python3.10/site-packages/pyspark/python/lib/py4j-0.10.9.9-src.zip/py4j/protocol.py", line 327, in get_return_value
[2025-08-10T14:57:42.172+0000] {spark_submit.py:579} INFO - py4j.protocol.Py4JJavaError: An error occurred while calling o138.jdbc.
[2025-08-10T14:57:42.172+0000] {spark_submit.py:579} INFO - : java.lang.ClassNotFoundException: com.microsoft.sqlserver.jdbc.SQLServerDriver
[2025-08-10T14:57:42.175+0000] {spark_submit.py:579} INFO - at java.base/java.net.URLClassLoader.findClass(URLClassLoader.java:445)
[2025-08-10T14:57:42.176+0000] {spark_submit.py:579} INFO - at java.base/java.lang.ClassLoader.loadClass(ClassLoader.java:592)
[2025-08-10T14:57:42.177+0000] {spark_submit.py:579} INFO - at java.base/java.lang.ClassLoader.loadClass(ClassLoader.java:525)
[2025-08-10T14:57:42.177+0000] {spark_submit.py:579} INFO - at org.apache.spark.sql.execution.datasources.jdbc.DriverRegistry$.register(DriverRegistry.scala:47)
[2025-08-10T14:57:42.177+0000] {spark_submit.py:579} INFO - at org.apache.spark.sql.execution.datasources.jdbc.JDBCOptions.$anonfun$driverClass$1(JDBCOptions.scala:112)
[2025-08-10T14:57:42.178+0000] {spark_submit.py:579} INFO - at org.apache.spark.sql.execution.datasources.jdbc.JDBCOptions.$anonfun$driverClass$1$adapted(JDBCOptions.scala:112)
[2025-08-10T14:57:42.178+0000] {spark_submit.py:579} INFO - at scala.Option.foreach(Option.scala:437)
[2025-08-10T14:57:42.178+0000] {spark_submit.py:579} INFO - at org.apache.spark.sql.execution.datasources.jdbc.JDBCOptions.<init>(JDBCOptions.scala:112)
[2025-08-10T14:57:42.178+0000] {spark_submit.py:579} INFO - at org.apache.spark.sql.execution.datasources.jdbc.JdbcOptionsInWrite.<init>(JDBCOptions.scala:272)
[2025-08-10T14:57:42.179+0000] {spark_submit.py:579} INFO - at org.apache.spark.sql.execution.datasources.jdbc.JdbcOptionsInWrite.<init>(JDBCOptions.scala:276)
[2025-08-10T14:57:42.179+0000] {spark_submit.py:579} INFO - at org.apache.spark.sql.execution.datasources.jdbc.JdbcRelationProvider.createRelation(JdbcRelationProvider.scala:48)
[2025-08-10T14:57:42.179+0000] {spark_submit.py:579} INFO - at org.apache.spark.sql.execution.datasources.SaveIntoDataSourceCommand.run(SaveIntoDataSourceCommand.scala:55)
[2025-08-10T14:57:42.180+0000] {spark_submit.py:579} INFO - at org.apache.spark.sql.execution.command.ExecutedCommandExec.sideEffectResult$lzycompute(commands.scala:79)
[2025-08-10T14:57:42.180+0000] {spark_submit.py:579} INFO - at org.apache.spark.sql.execution.command.ExecutedCommandExec.sideEffectResult(commands.scala:77)
[2025-08-10T14:57:42.180+0000] {spark_submit.py:579} INFO - at org.apache.spark.sql.execution.command.ExecutedCommandExec.executeCollect(commands.scala:88)
[2025-08-10T14:57:42.180+0000] {spark_submit.py:579} INFO - at org.apache.spark.sql.execution.QueryExecution.$anonfun$eagerlyExecuteCommands$2(QueryExecution.scala:155)
[2025-08-10T14:57:42.181+0000] {spark_submit.py:579} INFO - at org.apache.spark.sql.execution.SQLExecution$.$anonfun$withNewExecutionId0$8(SQLExecution.scala:162)
[2025-08-10T14:57:42.181+0000] {spark_submit.py:579} INFO - at org.apache.spark.sql.execution.SQLExecution$.withSessionTagsApplied(SQLExecution.scala:268)
[2025-08-10T14:57:42.181+0000] {spark_submit.py:579} INFO - at org.apache.spark.sql.execution.SQLExecution$.$anonfun$withNewExecutionId0$7(SQLExecution.scala:124)
[2025-08-10T14:57:42.182+0000] {spark_submit.py:579} INFO - at org.apache.spark.JobArtifactSet$.withActiveJobArtifactState(JobArtifactSet.scala:94)
[2025-08-10T14:57:42.182+0000] {spark_submit.py:579} INFO - at org.apache.spark.sql.artifact.ArtifactManager.$anonfun$withResources$1(ArtifactManager.scala:112)
[2025-08-10T14:57:42.182+0000] {spark_submit.py:579} INFO - at org.apache.spark.sql.artifact.ArtifactManager.withClassLoaderIfNeeded(ArtifactManager.scala:106)
[2025-08-10T14:57:42.183+0000] {spark_submit.py:579} INFO - at org.apache.spark.sql.artifact.ArtifactManager.withResources(ArtifactManager.scala:111)
[2025-08-10T14:57:42.183+0000] {spark_submit.py:579} INFO - at org.apache.spark.sql.execution.SQLExecution$.$anonfun$withNewExecutionId0$6(SQLExecution.scala:124)
[2025-08-10T14:57:42.183+0000] {spark_submit.py:579} INFO - at org.apache.spark.sql.execution.SQLExecution$.withSQLConfPropagated(SQLExecution.scala:291)
[2025-08-10T14:57:42.184+0000] {spark_submit.py:579} INFO - at org.apache.spark.sql.execution.SQLExecution$.$anonfun$withNewExecutionId0$1(SQLExecution.scala:123)
[2025-08-10T14:57:42.184+0000] {spark_submit.py:579} INFO - at org.apache.spark.sql.SparkSession.withActive(SparkSession.scala:804)
[2025-08-10T14:57:42.184+0000] {spark_submit.py:579} INFO - at org.apache.spark.sql.execution.SQLExecution$.withNewExecutionId0(SQLExecution.scala:77)
[2025-08-10T14:57:42.185+0000] {spark_submit.py:579} INFO - at org.apache.spark.sql.execution.SQLExecution$.withNewExecutionId(SQLExecution.scala:233)
[2025-08-10T14:57:42.185+0000] {spark_submit.py:579} INFO - at org.apache.spark.sql.execution.QueryExecution.$anonfun$eagerlyExecuteCommands$1(QueryExecution.scala:155)
[2025-08-10T14:57:42.185+0000] {spark_submit.py:579} INFO - at org.apache.spark.sql.execution.QueryExecution$.withInternalError(QueryExecution.scala:654)
[2025-08-10T14:57:42.186+0000] {spark_submit.py:579} INFO - at org.apache.spark.sql.execution.QueryExecution.org$apache$spark$sql$execution$QueryExecution$$eagerlyExecute$1(QueryExecution.scala:154)
[2025-08-10T14:57:42.186+0000] {spark_submit.py:579} INFO - at org.apache.spark.sql.execution.QueryExecution$$anonfun$eagerlyExecuteCommands$3.applyOrElse(QueryExecution.scala:169)
[2025-08-10T14:57:42.186+0000] {spark_submit.py:579} INFO - at org.apache.spark.sql.execution.QueryExecution$$anonfun$eagerlyExecuteCommands$3.applyOrElse(QueryExecution.scala:164)
[2025-08-10T14:57:42.187+0000] {spark_submit.py:579} INFO - at org.apache.spark.sql.catalyst.trees.TreeNode.$anonfun$transformDownWithPruning$1(TreeNode.scala:470)
[2025-08-10T14:57:42.187+0000] {spark_submit.py:579} INFO - at org.apache.spark.sql.catalyst.trees.CurrentOrigin$.withOrigin(origin.scala:86)
[2025-08-10T14:57:42.188+0000] {spark_submit.py:579} INFO - at org.apache.spark.sql.catalyst.trees.TreeNode.transformDownWithPruning(TreeNode.scala:470)
[2025-08-10T14:57:42.188+0000] {spark_submit.py:579} INFO - at org.apache.spark.sql.catalyst.plans.logical.LogicalPlan.org$apache$spark$sql$catalyst$plans$logical$AnalysisHelper$$super$transformDownWithPruning(LogicalPlan.scala:37)
[2025-08-10T14:57:42.188+0000] {spark_submit.py:579} INFO - at org.apache.spark.sql.catalyst.plans.logical.AnalysisHelper.transformDownWithPruning(AnalysisHelper.scala:360)
[2025-08-10T14:57:42.188+0000] {spark_submit.py:579} INFO - at org.apache.spark.sql.catalyst.plans.logical.AnalysisHelper.transformDownWithPruning$(AnalysisHelper.scala:356)
[2025-08-10T14:57:42.189+0000] {spark_submit.py:579} INFO - at org.apache.spark.sql.catalyst.plans.logical.LogicalPlan.transformDownWithPruning(LogicalPlan.scala:37)
[2025-08-10T14:57:42.189+0000] {spark_submit.py:579} INFO - at org.apache.spark.sql.catalyst.plans.logical.LogicalPlan.transformDownWithPruning(LogicalPlan.scala:37)
[2025-08-10T14:57:42.189+0000] {spark_submit.py:579} INFO - at org.apache.spark.sql.catalyst.trees.TreeNode.transformDown(TreeNode.scala:446)
[2025-08-10T14:57:42.189+0000] {spark_submit.py:579} INFO - at org.apache.spark.sql.execution.QueryExecution.eagerlyExecuteCommands(QueryExecution.scala:164)
[2025-08-10T14:57:42.190+0000] {spark_submit.py:579} INFO - at org.apache.spark.sql.execution.QueryExecution.$anonfun$lazyCommandExecuted$1(QueryExecution.scala:126)
[2025-08-10T14:57:42.190+0000] {spark_submit.py:579} INFO - at scala.util.Try$.apply(Try.scala:217)
[2025-08-10T14:57:42.190+0000] {spark_submit.py:579} INFO - at org.apache.spark.util.Utils$.doTryWithCallerStacktrace(Utils.scala:1378)
[2025-08-10T14:57:42.190+0000] {spark_submit.py:579} INFO - at org.apache.spark.util.Utils$.getTryWithCallerStacktrace(Utils.scala:1439)
[2025-08-10T14:57:42.191+0000] {spark_submit.py:579} INFO - at org.apache.spark.util.LazyTry.get(LazyTry.scala:58)
[2025-08-10T14:57:42.191+0000] {spark_submit.py:579} INFO - at org.apache.spark.sql.execution.QueryExecution.commandExecuted(QueryExecution.scala:131)
[2025-08-10T14:57:42.191+0000] {spark_submit.py:579} INFO - at org.apache.spark.sql.execution.QueryExecution.assertCommandExecuted(QueryExecution.scala:192)
[2025-08-10T14:57:42.192+0000] {spark_submit.py:579} INFO - at org.apache.spark.sql.classic.DataFrameWriter.runCommand(DataFrameWriter.scala:622)
[2025-08-10T14:57:42.192+0000] {spark_submit.py:579} INFO - at org.apache.spark.sql.classic.DataFrameWriter.saveToV1Source(DataFrameWriter.scala:273)
[2025-08-10T14:57:42.192+0000] {spark_submit.py:579} INFO - at org.apache.spark.sql.classic.DataFrameWriter.saveInternal(DataFrameWriter.scala:241)
[2025-08-10T14:57:42.193+0000] {spark_submit.py:579} INFO - at org.apache.spark.sql.classic.DataFrameWriter.save(DataFrameWriter.scala:126)
[2025-08-10T14:57:42.193+0000] {spark_submit.py:579} INFO - at org.apache.spark.sql.DataFrameWriter.jdbc(DataFrameWriter.scala:334)
[2025-08-10T14:57:42.194+0000] {spark_submit.py:579} INFO - at java.base/jdk.internal.reflect.NativeMethodAccessorImpl.invoke0(Native Method)
[2025-08-10T14:57:42.194+0000] {spark_submit.py:579} INFO - at java.base/jdk.internal.reflect.NativeMethodAccessorImpl.invoke(NativeMethodAccessorImpl.java:77)
[2025-08-10T14:57:42.194+0000] {spark_submit.py:579} INFO - at java.base/jdk.internal.reflect.DelegatingMethodAccessorImpl.invoke(DelegatingMethodAccessorImpl.java:43)
[2025-08-10T14:57:42.195+0000] {spark_submit.py:579} INFO - at java.base/java.lang.reflect.Method.invoke(Method.java:569)
[2025-08-10T14:57:42.195+0000] {spark_submit.py:579} INFO - at py4j.reflection.MethodInvoker.invoke(MethodInvoker.java:244)
[2025-08-10T14:57:42.195+0000] {spark_submit.py:579} INFO - at py4j.reflection.ReflectionEngine.invoke(ReflectionEngine.java:374)
[2025-08-10T14:57:42.196+0000] {spark_submit.py:579} INFO - at py4j.Gateway.invoke(Gateway.java:282)
[2025-08-10T14:57:42.196+0000] {spark_submit.py:579} INFO - at py4j.commands.AbstractCommand.invokeMethod(AbstractCommand.java:132)
[2025-08-10T14:57:42.196+0000] {spark_submit.py:579} INFO - at py4j.commands.CallCommand.execute(CallCommand.java:79)
[2025-08-10T14:57:42.196+0000] {spark_submit.py:579} INFO - at py4j.ClientServerConnection.waitForCommands(ClientServerConnection.java:184)
[2025-08-10T14:57:42.197+0000] {spark_submit.py:579} INFO - at py4j.ClientServerConnection.run(ClientServerConnection.java:108)
[2025-08-10T14:57:42.197+0000] {spark_submit.py:579} INFO - at java.base/java.lang.Thread.run(Thread.java:840)
[2025-08-10T14:57:42.198+0000] {spark_submit.py:579} INFO - Suppressed: org.apache.spark.util.Utils$OriginalTryStackTraceException: Full stacktrace of original doTryWithCallerStacktrace caller
[2025-08-10T14:57:42.198+0000] {spark_submit.py:579} INFO - at java.base/java.net.URLClassLoader.findClass(URLClassLoader.java:445)
[2025-08-10T14:57:42.198+0000] {spark_submit.py:579} INFO - at java.base/java.lang.ClassLoader.loadClass(ClassLoader.java:592)
[2025-08-10T14:57:42.198+0000] {spark_submit.py:579} INFO - at java.base/java.lang.ClassLoader.loadClass(ClassLoader.java:525)
[2025-08-10T14:57:42.199+0000] {spark_submit.py:579} INFO - at org.apache.spark.sql.execution.datasources.jdbc.DriverRegistry$.register(DriverRegistry.scala:47)
[2025-08-10T14:57:42.199+0000] {spark_submit.py:579} INFO - at org.apache.spark.sql.execution.datasources.jdbc.JDBCOptions.$anonfun$driverClass$1(JDBCOptions.scala:112)
[2025-08-10T14:57:42.199+0000] {spark_submit.py:579} INFO - at org.apache.spark.sql.execution.datasources.jdbc.JDBCOptions.$anonfun$driverClass$1$adapted(JDBCOptions.scala:112)
[2025-08-10T14:57:42.200+0000] {spark_submit.py:579} INFO - at scala.Option.foreach(Option.scala:437)
[2025-08-10T14:57:42.200+0000] {spark_submit.py:579} INFO - at org.apache.spark.sql.execution.datasources.jdbc.JDBCOptions.<init>(JDBCOptions.scala:112)
[2025-08-10T14:57:42.200+0000] {spark_submit.py:579} INFO - at org.apache.spark.sql.execution.datasources.jdbc.JdbcOptionsInWrite.<init>(JDBCOptions.scala:272)
[2025-08-10T14:57:42.201+0000] {spark_submit.py:579} INFO - at org.apache.spark.sql.execution.datasources.jdbc.JdbcOptionsInWrite.<init>(JDBCOptions.scala:276)
[2025-08-10T14:57:42.201+0000] {spark_submit.py:579} INFO - at org.apache.spark.sql.execution.datasources.jdbc.JdbcRelationProvider.createRelation(JdbcRelationProvider.scala:48)
[2025-08-10T14:57:42.201+0000] {spark_submit.py:579} INFO - at org.apache.spark.sql.execution.datasources.SaveIntoDataSourceCommand.run(SaveIntoDataSourceCommand.scala:55)
[2025-08-10T14:57:42.201+0000] {spark_submit.py:579} INFO - at org.apache.spark.sql.execution.command.ExecutedCommandExec.sideEffectResult$lzycompute(commands.scala:79)
[2025-08-10T14:57:42.202+0000] {spark_submit.py:579} INFO - at org.apache.spark.sql.execution.command.ExecutedCommandExec.sideEffectResult(commands.scala:77)
[2025-08-10T14:57:42.202+0000] {spark_submit.py:579} INFO - at org.apache.spark.sql.execution.command.ExecutedCommandExec.executeCollect(commands.scala:88)
[2025-08-10T14:57:42.202+0000] {spark_submit.py:579} INFO - at org.apache.spark.sql.execution.QueryExecution.$anonfun$eagerlyExecuteCommands$2(QueryExecution.scala:155)
[2025-08-10T14:57:42.203+0000] {spark_submit.py:579} INFO - at org.apache.spark.sql.execution.SQLExecution$.$anonfun$withNewExecutionId0$8(SQLExecution.scala:162)
[2025-08-10T14:57:42.203+0000] {spark_submit.py:579} INFO - at org.apache.spark.sql.execution.SQLExecution$.withSessionTagsApplied(SQLExecution.scala:268)
[2025-08-10T14:57:42.203+0000] {spark_submit.py:579} INFO - at org.apache.spark.sql.execution.SQLExecution$.$anonfun$withNewExecutionId0$7(SQLExecution.scala:124)
[2025-08-10T14:57:42.204+0000] {spark_submit.py:579} INFO - at org.apache.spark.JobArtifactSet$.withActiveJobArtifactState(JobArtifactSet.scala:94)
[2025-08-10T14:57:42.204+0000] {spark_submit.py:579} INFO - at org.apache.spark.sql.artifact.ArtifactManager.$anonfun$withResources$1(ArtifactManager.scala:112)
[2025-08-10T14:57:42.204+0000] {spark_submit.py:579} INFO - at org.apache.spark.sql.artifact.ArtifactManager.withClassLoaderIfNeeded(ArtifactManager.scala:106)
[2025-08-10T14:57:42.205+0000] {spark_submit.py:579} INFO - at org.apache.spark.sql.artifact.ArtifactManager.withResources(ArtifactManager.scala:111)
[2025-08-10T14:57:42.205+0000] {spark_submit.py:579} INFO - at org.apache.spark.sql.execution.SQLExecution$.$anonfun$withNewExecutionId0$6(SQLExecution.scala:124)
[2025-08-10T14:57:42.205+0000] {spark_submit.py:579} INFO - at org.apache.spark.sql.execution.SQLExecution$.withSQLConfPropagated(SQLExecution.scala:291)
[2025-08-10T14:57:42.205+0000] {spark_submit.py:579} INFO - at org.apache.spark.sql.execution.SQLExecution$.$anonfun$withNewExecutionId0$1(SQLExecution.scala:123)
[2025-08-10T14:57:42.206+0000] {spark_submit.py:579} INFO - at org.apache.spark.sql.SparkSession.withActive(SparkSession.scala:804)
[2025-08-10T14:57:42.207+0000] {spark_submit.py:579} INFO - at org.apache.spark.sql.execution.SQLExecution$.withNewExecutionId0(SQLExecution.scala:77)
[2025-08-10T14:57:42.207+0000] {spark_submit.py:579} INFO - at org.apache.spark.sql.execution.SQLExecution$.withNewExecutionId(SQLExecution.scala:233)
[2025-08-10T14:57:42.208+0000] {spark_submit.py:579} INFO - at org.apache.spark.sql.execution.QueryExecution.$anonfun$eagerlyExecuteCommands$1(QueryExecution.scala:155)
[2025-08-10T14:57:42.208+0000] {spark_submit.py:579} INFO - at org.apache.spark.sql.execution.QueryExecution$.withInternalError(QueryExecution.scala:654)
[2025-08-10T14:57:42.208+0000] {spark_submit.py:579} INFO - at org.apache.spark.sql.execution.QueryExecution.org$apache$spark$sql$execution$QueryExecution$$eagerlyExecute$1(QueryExecution.scala:154)
[2025-08-10T14:57:42.208+0000] {spark_submit.py:579} INFO - at org.apache.spark.sql.execution.QueryExecution$$anonfun$eagerlyExecuteCommands$3.applyOrElse(QueryExecution.scala:169)
[2025-08-10T14:57:42.209+0000] {spark_submit.py:579} INFO - at org.apache.spark.sql.execution.QueryExecution$$anonfun$eagerlyExecuteCommands$3.applyOrElse(QueryExecution.scala:164)
[2025-08-10T14:57:42.209+0000] {spark_submit.py:579} INFO - at org.apache.spark.sql.catalyst.trees.TreeNode.$anonfun$transformDownWithPruning$1(TreeNode.scala:470)
[2025-08-10T14:57:42.209+0000] {spark_submit.py:579} INFO - at org.apache.spark.sql.catalyst.trees.CurrentOrigin$.withOrigin(origin.scala:86)
[2025-08-10T14:57:42.209+0000] {spark_submit.py:579} INFO - at org.apache.spark.sql.catalyst.trees.TreeNode.transformDownWithPruning(TreeNode.scala:470)
[2025-08-10T14:57:42.210+0000] {spark_submit.py:579} INFO - at org.apache.spark.sql.catalyst.plans.logical.LogicalPlan.org$apache$spark$sql$catalyst$plans$logical$AnalysisHelper$$super$transformDownWithPruning(LogicalPlan.scala:37)
[2025-08-10T14:57:42.210+0000] {spark_submit.py:579} INFO - at org.apache.spark.sql.catalyst.plans.logical.AnalysisHelper.transformDownWithPruning(AnalysisHelper.scala:360)
[2025-08-10T14:57:42.210+0000] {spark_submit.py:579} INFO - at org.apache.spark.sql.catalyst.plans.logical.AnalysisHelper.transformDownWithPruning$(AnalysisHelper.scala:356)
[2025-08-10T14:57:42.210+0000] {spark_submit.py:579} INFO - at org.apache.spark.sql.catalyst.plans.logical.LogicalPlan.transformDownWithPruning(LogicalPlan.scala:37)
[2025-08-10T14:57:42.211+0000] {spark_submit.py:579} INFO - at org.apache.spark.sql.catalyst.plans.logical.LogicalPlan.transformDownWithPruning(LogicalPlan.scala:37)
[2025-08-10T14:57:42.211+0000] {spark_submit.py:579} INFO - at org.apache.spark.sql.catalyst.trees.TreeNode.transformDown(TreeNode.scala:446)
[2025-08-10T14:57:42.211+0000] {spark_submit.py:579} INFO - at org.apache.spark.sql.execution.QueryExecution.eagerlyExecuteCommands(QueryExecution.scala:164)
[2025-08-10T14:57:42.211+0000] {spark_submit.py:579} INFO - at org.apache.spark.sql.execution.QueryExecution.$anonfun$lazyCommandExecuted$1(QueryExecution.scala:126)
[2025-08-10T14:57:42.212+0000] {spark_submit.py:579} INFO - at scala.util.Try$.apply(Try.scala:217)
[2025-08-10T14:57:42.212+0000] {spark_submit.py:579} INFO - at org.apache.spark.util.Utils$.doTryWithCallerStacktrace(Utils.scala:1378)
[2025-08-10T14:57:42.213+0000] {spark_submit.py:579} INFO - at org.apache.spark.util.LazyTry.tryT$lzycompute(LazyTry.scala:46)
[2025-08-10T14:57:42.213+0000] {spark_submit.py:579} INFO - at org.apache.spark.util.LazyTry.tryT(LazyTry.scala:46)
[2025-08-10T14:57:42.214+0000] {spark_submit.py:579} INFO - ... 20 more
[2025-08-10T14:57:42.215+0000] {spark_submit.py:579} INFO - 
[2025-08-10T14:57:42.312+0000] {spark_submit.py:579} INFO - 25/08/10 14:57:42 INFO SparkContext: Invoking stop() from shutdown hook
[2025-08-10T14:57:42.317+0000] {spark_submit.py:579} INFO - 25/08/10 14:57:42 INFO SparkContext: SparkContext is stopping with exitCode 0 from run at Executors.java:539.
[2025-08-10T14:57:42.324+0000] {spark_submit.py:579} INFO - 25/08/10 14:57:42 INFO SparkUI: Stopped Spark web UI at http://bbbd335a28b1:4040
[2025-08-10T14:57:42.327+0000] {spark_submit.py:579} INFO - 25/08/10 14:57:42 INFO StandaloneSchedulerBackend: Shutting down all executors
[2025-08-10T14:57:42.331+0000] {spark_submit.py:579} INFO - 25/08/10 14:57:42 INFO StandaloneSchedulerBackend$StandaloneDriverEndpoint: Asking each executor to shut down
[2025-08-10T14:57:42.345+0000] {spark_submit.py:579} INFO - 25/08/10 14:57:42 INFO MapOutputTrackerMasterEndpoint: MapOutputTrackerMasterEndpoint stopped!
[2025-08-10T14:57:42.364+0000] {spark_submit.py:579} INFO - 25/08/10 14:57:42 INFO MemoryStore: MemoryStore started with capacity 434.4 MiB
[2025-08-10T14:57:42.365+0000] {spark_submit.py:579} INFO - 25/08/10 14:57:42 INFO MemoryStore: MemoryStore cleared
[2025-08-10T14:57:42.366+0000] {spark_submit.py:579} INFO - 25/08/10 14:57:42 INFO BlockManager: BlockManager stopped
[2025-08-10T14:57:42.371+0000] {spark_submit.py:579} INFO - 25/08/10 14:57:42 INFO BlockManagerMaster: BlockManagerMaster stopped
[2025-08-10T14:57:42.373+0000] {spark_submit.py:579} INFO - 25/08/10 14:57:42 INFO OutputCommitCoordinator$OutputCommitCoordinatorEndpoint: OutputCommitCoordinator stopped!
[2025-08-10T14:57:42.388+0000] {spark_submit.py:579} INFO - 25/08/10 14:57:42 INFO SparkContext: Successfully stopped SparkContext
[2025-08-10T14:57:42.389+0000] {spark_submit.py:579} INFO - 25/08/10 14:57:42 INFO ShutdownHookManager: Shutdown hook called
[2025-08-10T14:57:42.389+0000] {spark_submit.py:579} INFO - 25/08/10 14:57:42 INFO ShutdownHookManager: Deleting directory /opt/***/artifacts/spark-b6c37f28-9a48-45d8-b09a-6c8621752231
[2025-08-10T14:57:42.397+0000] {spark_submit.py:579} INFO - 25/08/10 14:57:42 INFO ShutdownHookManager: Deleting directory /tmp/spark-aba1549a-14af-4f39-8f83-8d0211e43ccc
[2025-08-10T14:57:42.404+0000] {spark_submit.py:579} INFO - 25/08/10 14:57:42 INFO ShutdownHookManager: Deleting directory /tmp/spark-aba1549a-14af-4f39-8f83-8d0211e43ccc/pyspark-81571806-c1f7-485e-8ab8-ebd4f1b28bb3
[2025-08-10T14:57:42.414+0000] {spark_submit.py:579} INFO - 25/08/10 14:57:42 INFO ShutdownHookManager: Deleting directory /tmp/spark-64aea7ec-846e-48a8-aa03-0ea9cfcbf737
[2025-08-10T14:57:42.472+0000] {taskinstance.py:1935} ERROR - Task failed with exception
Traceback (most recent call last):
  File "/home/airflow/.local/lib/python3.10/site-packages/airflow/providers/apache/spark/operators/spark_submit.py", line 174, in execute
    self._hook.submit(self.application)
  File "/home/airflow/.local/lib/python3.10/site-packages/airflow/providers/apache/spark/hooks/spark_submit.py", line 505, in submit
    raise AirflowException(
airflow.exceptions.AirflowException: Cannot execute: spark-submit --master spark://spark-master:7077 --jars /opt/spark/external-jars/mssql-jdbc-12.10.1.jre17.jar --name arrow-spark --deploy-mode client jobs/python/wordcountjob.py. Error code is: 1.
[2025-08-10T14:57:42.478+0000] {taskinstance.py:1398} INFO - Marking task as FAILED. dag_id=sparking_flow, task_id=python_job, execution_date=20250810T145721, start_date=20250810T145725, end_date=20250810T145742
[2025-08-10T14:57:42.490+0000] {standard_task_runner.py:104} ERROR - Failed to execute job 5 for task python_job (Cannot execute: spark-submit --master spark://spark-master:7077 --jars /opt/spark/external-jars/mssql-jdbc-12.10.1.jre17.jar --name arrow-spark --deploy-mode client jobs/python/wordcountjob.py. Error code is: 1.; 203)
[2025-08-10T14:57:42.506+0000] {local_task_job_runner.py:228} INFO - Task exited with return code 1
[2025-08-10T14:57:42.536+0000] {taskinstance.py:2776} INFO - 0 downstream tasks scheduled from follow-on schedule check
