[2025-08-31T16:00:02.137+0000] {taskinstance.py:1157} INFO - Dependencies all met for dep_context=non-requeueable deps ti=<TaskInstance: sparking_flow.start scheduled__2025-08-31T14:00:00+00:00 [queued]>
[2025-08-31T16:00:02.145+0000] {taskinstance.py:1157} INFO - Dependencies all met for dep_context=requeueable deps ti=<TaskInstance: sparking_flow.start scheduled__2025-08-31T14:00:00+00:00 [queued]>
[2025-08-31T16:00:02.146+0000] {taskinstance.py:1359} INFO - Starting attempt 1 of 1
[2025-08-31T16:00:02.157+0000] {taskinstance.py:1380} INFO - Executing <Task(PythonOperator): start> on 2025-08-31 14:00:00+00:00
[2025-08-31T16:00:02.162+0000] {standard_task_runner.py:57} INFO - Started process 4288 to run task
[2025-08-31T16:00:02.166+0000] {standard_task_runner.py:84} INFO - Running: ['***', 'tasks', 'run', 'sparking_flow', 'start', 'scheduled__2025-08-31T14:00:00+00:00', '--job-id', '42', '--raw', '--subdir', 'DAGS_FOLDER/spark_***.py', '--cfg-path', '/tmp/tmp_u6ryiv1']
[2025-08-31T16:00:02.169+0000] {standard_task_runner.py:85} INFO - Job 42: Subtask start
[2025-08-31T16:00:02.239+0000] {task_command.py:415} INFO - Running <TaskInstance: sparking_flow.start scheduled__2025-08-31T14:00:00+00:00 [running]> on host f7da00c682c4
[2025-08-31T16:00:02.324+0000] {taskinstance.py:1660} INFO - Exporting env vars: AIRFLOW_CTX_DAG_OWNER='Kudzaishe Manyanya' AIRFLOW_CTX_DAG_ID='sparking_flow' AIRFLOW_CTX_TASK_ID='start' AIRFLOW_CTX_EXECUTION_DATE='2025-08-31T14:00:00+00:00' AIRFLOW_CTX_TRY_NUMBER='1' AIRFLOW_CTX_DAG_RUN_ID='scheduled__2025-08-31T14:00:00+00:00'
[2025-08-31T16:00:02.325+0000] {logging_mixin.py:151} INFO - Jobs started
[2025-08-31T16:00:02.325+0000] {python.py:194} INFO - Done. Returned value was: None
[2025-08-31T16:00:02.336+0000] {taskinstance.py:1398} INFO - Marking task as SUCCESS. dag_id=sparking_flow, task_id=start, execution_date=20250831T140000, start_date=20250831T160002, end_date=20250831T160002
[2025-08-31T16:00:02.379+0000] {local_task_job_runner.py:228} INFO - Task exited with return code 0
[2025-08-31T16:00:02.403+0000] {taskinstance.py:2776} INFO - 1 downstream tasks scheduled from follow-on schedule check
[2025-09-01T18:54:16.245+0000] {taskinstance.py:1157} INFO - Dependencies all met for dep_context=non-requeueable deps ti=<TaskInstance: sparking_flow.start scheduled__2025-08-31T14:00:00+00:00 [queued]>
[2025-09-01T18:54:16.317+0000] {taskinstance.py:1157} INFO - Dependencies all met for dep_context=requeueable deps ti=<TaskInstance: sparking_flow.start scheduled__2025-08-31T14:00:00+00:00 [queued]>
[2025-09-01T18:54:16.322+0000] {taskinstance.py:1359} INFO - Starting attempt 1 of 1
[2025-09-01T18:54:16.504+0000] {taskinstance.py:1380} INFO - Executing <Task(PythonOperator): start> on 2025-08-31 14:00:00+00:00
[2025-09-01T18:54:16.904+0000] {standard_task_runner.py:57} INFO - Started process 226 to run task
[2025-09-01T18:54:16.995+0000] {standard_task_runner.py:84} INFO - Running: ['***', 'tasks', 'run', 'sparking_flow', 'start', 'scheduled__2025-08-31T14:00:00+00:00', '--job-id', '9', '--raw', '--subdir', 'DAGS_FOLDER/spark_***.py', '--cfg-path', '/tmp/tmpw26rm70v']
[2025-09-01T18:54:17.035+0000] {standard_task_runner.py:85} INFO - Job 9: Subtask start
[2025-09-01T18:54:17.441+0000] {task_command.py:415} INFO - Running <TaskInstance: sparking_flow.start scheduled__2025-08-31T14:00:00+00:00 [running]> on host 7b2a3a75c36f
[2025-09-01T18:54:17.726+0000] {taskinstance.py:1660} INFO - Exporting env vars: AIRFLOW_CTX_DAG_OWNER='Kudzaishe Manyanya' AIRFLOW_CTX_DAG_ID='sparking_flow' AIRFLOW_CTX_TASK_ID='start' AIRFLOW_CTX_EXECUTION_DATE='2025-08-31T14:00:00+00:00' AIRFLOW_CTX_TRY_NUMBER='1' AIRFLOW_CTX_DAG_RUN_ID='scheduled__2025-08-31T14:00:00+00:00'
[2025-09-01T18:54:17.733+0000] {logging_mixin.py:151} INFO - Jobs started
[2025-09-01T18:54:17.735+0000] {python.py:194} INFO - Done. Returned value was: None
[2025-09-01T18:54:17.812+0000] {taskinstance.py:1398} INFO - Marking task as SUCCESS. dag_id=sparking_flow, task_id=start, execution_date=20250831T140000, start_date=20250901T185416, end_date=20250901T185417
[2025-09-01T18:54:17.901+0000] {local_task_job_runner.py:228} INFO - Task exited with return code 0
[2025-09-01T18:54:18.175+0000] {taskinstance.py:2776} INFO - 0 downstream tasks scheduled from follow-on schedule check
