[2025-08-10T06:01:28.879+0000] {taskinstance.py:1157} INFO - Dependencies all met for dep_context=non-requeueable deps ti=<TaskInstance: sparking_flow.python_job manual__2025-08-10T06:01:22.456598+00:00 [queued]>
[2025-08-10T06:01:28.887+0000] {taskinstance.py:1157} INFO - Dependencies all met for dep_context=requeueable deps ti=<TaskInstance: sparking_flow.python_job manual__2025-08-10T06:01:22.456598+00:00 [queued]>
[2025-08-10T06:01:28.887+0000] {taskinstance.py:1359} INFO - Starting attempt 1 of 1
[2025-08-10T06:01:28.899+0000] {taskinstance.py:1380} INFO - Executing <Task(SparkSubmitOperator): python_job> on 2025-08-10 06:01:22.456598+00:00
[2025-08-10T06:01:28.905+0000] {standard_task_runner.py:57} INFO - Started process 4507 to run task
[2025-08-10T06:01:28.909+0000] {standard_task_runner.py:84} INFO - Running: ['***', 'tasks', 'run', 'sparking_flow', 'python_job', 'manual__2025-08-10T06:01:22.456598+00:00', '--job-id', '9', '--raw', '--subdir', 'DAGS_FOLDER/spark_***.py', '--cfg-path', '/tmp/tmp0opslun9']
[2025-08-10T06:01:28.913+0000] {standard_task_runner.py:85} INFO - Job 9: Subtask python_job
[2025-08-10T06:01:28.986+0000] {task_command.py:415} INFO - Running <TaskInstance: sparking_flow.python_job manual__2025-08-10T06:01:22.456598+00:00 [running]> on host 95fb1ebfe85f
[2025-08-10T06:01:29.073+0000] {taskinstance.py:1660} INFO - Exporting env vars: AIRFLOW_CTX_DAG_OWNER='Yusuf Ganiyu' AIRFLOW_CTX_DAG_ID='sparking_flow' AIRFLOW_CTX_TASK_ID='python_job' AIRFLOW_CTX_EXECUTION_DATE='2025-08-10T06:01:22.456598+00:00' AIRFLOW_CTX_TRY_NUMBER='1' AIRFLOW_CTX_DAG_RUN_ID='manual__2025-08-10T06:01:22.456598+00:00'
[2025-08-10T06:01:29.085+0000] {base.py:73} INFO - Using connection ID 'spark-conn' for task execution.
[2025-08-10T06:01:29.086+0000] {spark_submit.py:403} INFO - Spark-Submit cmd: spark-submit --master spark-master-1:7077 --name arrow-spark --deploy-mode client jobs/python/wordcountjob.py
[2025-08-10T06:01:29.782+0000] {spark_submit.py:579} INFO - WARNING: Using incubator modules: jdk.incubator.vector
[2025-08-10T06:01:33.311+0000] {spark_submit.py:579} INFO - Using Spark's default log4j profile: org/apache/spark/log4j2-defaults.properties
[2025-08-10T06:01:33.327+0000] {spark_submit.py:579} INFO - 25/08/10 06:01:33 INFO SparkContext: Running Spark version 4.0.0
[2025-08-10T06:01:33.335+0000] {spark_submit.py:579} INFO - 25/08/10 06:01:33 INFO SparkContext: OS info Linux, 6.6.87.2-microsoft-standard-WSL2, amd64
[2025-08-10T06:01:33.336+0000] {spark_submit.py:579} INFO - 25/08/10 06:01:33 INFO SparkContext: Java version 17.0.15
[2025-08-10T06:01:33.461+0000] {spark_submit.py:579} INFO - 25/08/10 06:01:33 WARN NativeCodeLoader: Unable to load native-hadoop library for your platform... using builtin-java classes where applicable
[2025-08-10T06:01:33.555+0000] {spark_submit.py:579} INFO - 25/08/10 06:01:33 INFO ResourceUtils: ==============================================================
[2025-08-10T06:01:33.556+0000] {spark_submit.py:579} INFO - 25/08/10 06:01:33 INFO ResourceUtils: No custom resources configured for spark.driver.
[2025-08-10T06:01:33.558+0000] {spark_submit.py:579} INFO - 25/08/10 06:01:33 INFO ResourceUtils: ==============================================================
[2025-08-10T06:01:33.559+0000] {spark_submit.py:579} INFO - 25/08/10 06:01:33 INFO SparkContext: Submitted application: PythonWordCount
[2025-08-10T06:01:33.587+0000] {spark_submit.py:579} INFO - 25/08/10 06:01:33 INFO ResourceProfile: Default ResourceProfile created, executor resources: Map(cores -> name: cores, amount: 1, script: , vendor: , memory -> name: memory, amount: 1024, script: , vendor: , offHeap -> name: offHeap, amount: 0, script: , vendor: ), task resources: Map(cpus -> name: cpus, amount: 1.0)
[2025-08-10T06:01:33.591+0000] {spark_submit.py:579} INFO - 25/08/10 06:01:33 INFO ResourceProfile: Limiting resource is cpu
[2025-08-10T06:01:33.593+0000] {spark_submit.py:579} INFO - 25/08/10 06:01:33 INFO ResourceProfileManager: Added ResourceProfile id: 0
[2025-08-10T06:01:33.649+0000] {spark_submit.py:579} INFO - 25/08/10 06:01:33 INFO SecurityManager: Changing view acls to: ***
[2025-08-10T06:01:33.650+0000] {spark_submit.py:579} INFO - 25/08/10 06:01:33 INFO SecurityManager: Changing modify acls to: ***
[2025-08-10T06:01:33.653+0000] {spark_submit.py:579} INFO - 25/08/10 06:01:33 INFO SecurityManager: Changing view acls groups to: ***
[2025-08-10T06:01:33.654+0000] {spark_submit.py:579} INFO - 25/08/10 06:01:33 INFO SecurityManager: Changing modify acls groups to: ***
[2025-08-10T06:01:33.654+0000] {spark_submit.py:579} INFO - 25/08/10 06:01:33 INFO SecurityManager: SecurityManager: authentication disabled; ui acls disabled; users with view permissions: *** groups with view permissions: EMPTY; users with modify permissions: ***; groups with modify permissions: EMPTY; RPC SSL disabled
[2025-08-10T06:01:33.935+0000] {spark_submit.py:579} INFO - 25/08/10 06:01:33 INFO Utils: Successfully started service 'sparkDriver' on port 38061.
[2025-08-10T06:01:33.992+0000] {spark_submit.py:579} INFO - 25/08/10 06:01:33 INFO SparkEnv: Registering MapOutputTracker
[2025-08-10T06:01:34.013+0000] {spark_submit.py:579} INFO - 25/08/10 06:01:34 INFO SparkEnv: Registering BlockManagerMaster
[2025-08-10T06:01:34.037+0000] {spark_submit.py:579} INFO - 25/08/10 06:01:34 INFO BlockManagerMasterEndpoint: Using org.apache.spark.storage.DefaultTopologyMapper for getting topology information
[2025-08-10T06:01:34.038+0000] {spark_submit.py:579} INFO - 25/08/10 06:01:34 INFO BlockManagerMasterEndpoint: BlockManagerMasterEndpoint up
[2025-08-10T06:01:34.043+0000] {spark_submit.py:579} INFO - 25/08/10 06:01:34 INFO SparkEnv: Registering BlockManagerMasterHeartbeat
[2025-08-10T06:01:34.088+0000] {spark_submit.py:579} INFO - 25/08/10 06:01:34 INFO DiskBlockManager: Created local directory at /tmp/blockmgr-764696b4-e21c-47d8-8d17-6ca6b739ff2c
[2025-08-10T06:01:34.115+0000] {spark_submit.py:579} INFO - 25/08/10 06:01:34 INFO SparkEnv: Registering OutputCommitCoordinator
[2025-08-10T06:01:34.239+0000] {spark_submit.py:579} INFO - 25/08/10 06:01:34 INFO JettyUtils: Start Jetty 0.0.0.0:4040 for SparkUI
[2025-08-10T06:01:34.303+0000] {spark_submit.py:579} INFO - 25/08/10 06:01:34 INFO Utils: Successfully started service 'SparkUI' on port 4040.
[2025-08-10T06:01:34.355+0000] {spark_submit.py:579} INFO - 25/08/10 06:01:34 INFO SecurityManager: Changing view acls to: ***
[2025-08-10T06:01:34.357+0000] {spark_submit.py:579} INFO - 25/08/10 06:01:34 INFO SecurityManager: Changing modify acls to: ***
[2025-08-10T06:01:34.358+0000] {spark_submit.py:579} INFO - 25/08/10 06:01:34 INFO SecurityManager: Changing view acls groups to: ***
[2025-08-10T06:01:34.358+0000] {spark_submit.py:579} INFO - 25/08/10 06:01:34 INFO SecurityManager: Changing modify acls groups to: ***
[2025-08-10T06:01:34.359+0000] {spark_submit.py:579} INFO - 25/08/10 06:01:34 INFO SecurityManager: SecurityManager: authentication disabled; ui acls disabled; users with view permissions: *** groups with view permissions: EMPTY; users with modify permissions: ***; groups with modify permissions: EMPTY; RPC SSL disabled
[2025-08-10T06:01:34.390+0000] {spark_submit.py:579} INFO - 25/08/10 06:01:34 ERROR SparkContext: Error initializing SparkContext.
[2025-08-10T06:01:34.390+0000] {spark_submit.py:579} INFO - org.apache.spark.SparkException: Could not parse Master URL: 'spark-master-1:7077'
[2025-08-10T06:01:34.391+0000] {spark_submit.py:579} INFO - at org.apache.spark.SparkContext$.org$apache$spark$SparkContext$$createTaskScheduler(SparkContext.scala:3358)
[2025-08-10T06:01:34.391+0000] {spark_submit.py:579} INFO - at org.apache.spark.SparkContext.<init>(SparkContext.scala:593)
[2025-08-10T06:01:34.392+0000] {spark_submit.py:579} INFO - at org.apache.spark.api.java.JavaSparkContext.<init>(JavaSparkContext.scala:59)
[2025-08-10T06:01:34.392+0000] {spark_submit.py:579} INFO - at java.base/jdk.internal.reflect.NativeConstructorAccessorImpl.newInstance0(Native Method)
[2025-08-10T06:01:34.393+0000] {spark_submit.py:579} INFO - at java.base/jdk.internal.reflect.NativeConstructorAccessorImpl.newInstance(NativeConstructorAccessorImpl.java:77)
[2025-08-10T06:01:34.393+0000] {spark_submit.py:579} INFO - at java.base/jdk.internal.reflect.DelegatingConstructorAccessorImpl.newInstance(DelegatingConstructorAccessorImpl.java:45)
[2025-08-10T06:01:34.393+0000] {spark_submit.py:579} INFO - at java.base/java.lang.reflect.Constructor.newInstanceWithCaller(Constructor.java:500)
[2025-08-10T06:01:34.394+0000] {spark_submit.py:579} INFO - at java.base/java.lang.reflect.Constructor.newInstance(Constructor.java:481)
[2025-08-10T06:01:34.394+0000] {spark_submit.py:579} INFO - at py4j.reflection.MethodInvoker.invoke(MethodInvoker.java:247)
[2025-08-10T06:01:34.394+0000] {spark_submit.py:579} INFO - at py4j.reflection.ReflectionEngine.invoke(ReflectionEngine.java:374)
[2025-08-10T06:01:34.395+0000] {spark_submit.py:579} INFO - at py4j.Gateway.invoke(Gateway.java:238)
[2025-08-10T06:01:34.395+0000] {spark_submit.py:579} INFO - at py4j.commands.ConstructorCommand.invokeConstructor(ConstructorCommand.java:80)
[2025-08-10T06:01:34.395+0000] {spark_submit.py:579} INFO - at py4j.commands.ConstructorCommand.execute(ConstructorCommand.java:69)
[2025-08-10T06:01:34.396+0000] {spark_submit.py:579} INFO - at py4j.ClientServerConnection.waitForCommands(ClientServerConnection.java:184)
[2025-08-10T06:01:34.396+0000] {spark_submit.py:579} INFO - at py4j.ClientServerConnection.run(ClientServerConnection.java:108)
[2025-08-10T06:01:34.396+0000] {spark_submit.py:579} INFO - at java.base/java.lang.Thread.run(Thread.java:840)
[2025-08-10T06:01:34.397+0000] {spark_submit.py:579} INFO - 25/08/10 06:01:34 INFO SparkContext: SparkContext is stopping with exitCode 0 from JavaSparkContext at NativeConstructorAccessorImpl.java:0.
[2025-08-10T06:01:34.407+0000] {spark_submit.py:579} INFO - 25/08/10 06:01:34 INFO SparkUI: Stopped Spark web UI at http://95fb1ebfe85f:4040
[2025-08-10T06:01:34.430+0000] {spark_submit.py:579} INFO - 25/08/10 06:01:34 INFO MapOutputTrackerMasterEndpoint: MapOutputTrackerMasterEndpoint stopped!
[2025-08-10T06:01:34.472+0000] {spark_submit.py:579} INFO - 25/08/10 06:01:34 INFO MemoryStore: MemoryStore started with capacity 434.4 MiB
[2025-08-10T06:01:34.474+0000] {spark_submit.py:579} INFO - 25/08/10 06:01:34 INFO MemoryStore: MemoryStore cleared
[2025-08-10T06:01:34.474+0000] {spark_submit.py:579} INFO - 25/08/10 06:01:34 INFO BlockManager: BlockManager stopped
[2025-08-10T06:01:34.480+0000] {spark_submit.py:579} INFO - 25/08/10 06:01:34 INFO BlockManagerMaster: BlockManagerMaster stopped
[2025-08-10T06:01:34.481+0000] {spark_submit.py:579} INFO - 25/08/10 06:01:34 WARN MetricsSystem: Stopping a MetricsSystem that is not running
[2025-08-10T06:01:34.482+0000] {spark_submit.py:579} INFO - 25/08/10 06:01:34 INFO OutputCommitCoordinator$OutputCommitCoordinatorEndpoint: OutputCommitCoordinator stopped!
[2025-08-10T06:01:34.515+0000] {spark_submit.py:579} INFO - 25/08/10 06:01:34 INFO SparkContext: Successfully stopped SparkContext
[2025-08-10T06:01:34.516+0000] {spark_submit.py:579} INFO - Traceback (most recent call last):
[2025-08-10T06:01:34.516+0000] {spark_submit.py:579} INFO - File "/opt/***/jobs/python/wordcountjob.py", line 3, in <module>
[2025-08-10T06:01:34.519+0000] {spark_submit.py:579} INFO - spark = SparkSession.builder.appName("PythonWordCount").getOrCreate()
[2025-08-10T06:01:34.520+0000] {spark_submit.py:579} INFO - File "/home/***/.local/lib/python3.10/site-packages/pyspark/python/lib/pyspark.zip/pyspark/sql/session.py", line 556, in getOrCreate
[2025-08-10T06:01:34.520+0000] {spark_submit.py:579} INFO - File "/home/***/.local/lib/python3.10/site-packages/pyspark/python/lib/pyspark.zip/pyspark/core/context.py", line 523, in getOrCreate
[2025-08-10T06:01:34.521+0000] {spark_submit.py:579} INFO - File "/home/***/.local/lib/python3.10/site-packages/pyspark/python/lib/pyspark.zip/pyspark/core/context.py", line 207, in __init__
[2025-08-10T06:01:34.522+0000] {spark_submit.py:579} INFO - File "/home/***/.local/lib/python3.10/site-packages/pyspark/python/lib/pyspark.zip/pyspark/core/context.py", line 300, in _do_init
[2025-08-10T06:01:34.522+0000] {spark_submit.py:579} INFO - File "/home/***/.local/lib/python3.10/site-packages/pyspark/python/lib/pyspark.zip/pyspark/core/context.py", line 429, in _initialize_context
[2025-08-10T06:01:34.524+0000] {spark_submit.py:579} INFO - File "/home/***/.local/lib/python3.10/site-packages/pyspark/python/lib/py4j-0.10.9.9-src.zip/py4j/java_gateway.py", line 1627, in __call__
[2025-08-10T06:01:34.525+0000] {spark_submit.py:579} INFO - File "/home/***/.local/lib/python3.10/site-packages/pyspark/python/lib/py4j-0.10.9.9-src.zip/py4j/protocol.py", line 327, in get_return_value
[2025-08-10T06:01:34.526+0000] {spark_submit.py:579} INFO - py4j.protocol.Py4JJavaError: An error occurred while calling None.org.apache.spark.api.java.JavaSparkContext.
[2025-08-10T06:01:34.529+0000] {spark_submit.py:579} INFO - : org.apache.spark.SparkException: Could not parse Master URL: 'spark-master-1:7077'
[2025-08-10T06:01:34.529+0000] {spark_submit.py:579} INFO - at org.apache.spark.SparkContext$.org$apache$spark$SparkContext$$createTaskScheduler(SparkContext.scala:3358)
[2025-08-10T06:01:34.530+0000] {spark_submit.py:579} INFO - at org.apache.spark.SparkContext.<init>(SparkContext.scala:593)
[2025-08-10T06:01:34.530+0000] {spark_submit.py:579} INFO - at org.apache.spark.api.java.JavaSparkContext.<init>(JavaSparkContext.scala:59)
[2025-08-10T06:01:34.530+0000] {spark_submit.py:579} INFO - at java.base/jdk.internal.reflect.NativeConstructorAccessorImpl.newInstance0(Native Method)
[2025-08-10T06:01:34.530+0000] {spark_submit.py:579} INFO - at java.base/jdk.internal.reflect.NativeConstructorAccessorImpl.newInstance(NativeConstructorAccessorImpl.java:77)
[2025-08-10T06:01:34.530+0000] {spark_submit.py:579} INFO - at java.base/jdk.internal.reflect.DelegatingConstructorAccessorImpl.newInstance(DelegatingConstructorAccessorImpl.java:45)
[2025-08-10T06:01:34.531+0000] {spark_submit.py:579} INFO - at java.base/java.lang.reflect.Constructor.newInstanceWithCaller(Constructor.java:500)
[2025-08-10T06:01:34.531+0000] {spark_submit.py:579} INFO - at java.base/java.lang.reflect.Constructor.newInstance(Constructor.java:481)
[2025-08-10T06:01:34.531+0000] {spark_submit.py:579} INFO - at py4j.reflection.MethodInvoker.invoke(MethodInvoker.java:247)
[2025-08-10T06:01:34.531+0000] {spark_submit.py:579} INFO - at py4j.reflection.ReflectionEngine.invoke(ReflectionEngine.java:374)
[2025-08-10T06:01:34.532+0000] {spark_submit.py:579} INFO - at py4j.Gateway.invoke(Gateway.java:238)
[2025-08-10T06:01:34.532+0000] {spark_submit.py:579} INFO - at py4j.commands.ConstructorCommand.invokeConstructor(ConstructorCommand.java:80)
[2025-08-10T06:01:34.532+0000] {spark_submit.py:579} INFO - at py4j.commands.ConstructorCommand.execute(ConstructorCommand.java:69)
[2025-08-10T06:01:34.532+0000] {spark_submit.py:579} INFO - at py4j.ClientServerConnection.waitForCommands(ClientServerConnection.java:184)
[2025-08-10T06:01:34.532+0000] {spark_submit.py:579} INFO - at py4j.ClientServerConnection.run(ClientServerConnection.java:108)
[2025-08-10T06:01:34.533+0000] {spark_submit.py:579} INFO - at java.base/java.lang.Thread.run(Thread.java:840)
[2025-08-10T06:01:34.533+0000] {spark_submit.py:579} INFO - 
[2025-08-10T06:01:34.640+0000] {spark_submit.py:579} INFO - 25/08/10 06:01:34 INFO ShutdownHookManager: Shutdown hook called
[2025-08-10T06:01:34.641+0000] {spark_submit.py:579} INFO - 25/08/10 06:01:34 INFO ShutdownHookManager: Deleting directory /tmp/spark-efae9054-c124-4cd1-bd3e-0c1ba345bac8
[2025-08-10T06:01:34.664+0000] {spark_submit.py:579} INFO - 25/08/10 06:01:34 INFO ShutdownHookManager: Deleting directory /tmp/spark-06c0e4ee-1749-4950-b643-57ad8d6a83c0
[2025-08-10T06:01:34.713+0000] {taskinstance.py:1935} ERROR - Task failed with exception
Traceback (most recent call last):
  File "/home/airflow/.local/lib/python3.10/site-packages/airflow/providers/apache/spark/operators/spark_submit.py", line 174, in execute
    self._hook.submit(self.application)
  File "/home/airflow/.local/lib/python3.10/site-packages/airflow/providers/apache/spark/hooks/spark_submit.py", line 505, in submit
    raise AirflowException(
airflow.exceptions.AirflowException: Cannot execute: spark-submit --master spark-master-1:7077 --name arrow-spark --deploy-mode client jobs/python/wordcountjob.py. Error code is: 1.
[2025-08-10T06:01:34.721+0000] {taskinstance.py:1398} INFO - Marking task as FAILED. dag_id=sparking_flow, task_id=python_job, execution_date=20250810T060122, start_date=20250810T060128, end_date=20250810T060134
[2025-08-10T06:01:34.734+0000] {standard_task_runner.py:104} ERROR - Failed to execute job 9 for task python_job (Cannot execute: spark-submit --master spark-master-1:7077 --name arrow-spark --deploy-mode client jobs/python/wordcountjob.py. Error code is: 1.; 4507)
[2025-08-10T06:01:34.768+0000] {local_task_job_runner.py:228} INFO - Task exited with return code 1
[2025-08-10T06:01:34.787+0000] {taskinstance.py:2776} INFO - 0 downstream tasks scheduled from follow-on schedule check
