[2025-08-12T00:00:03.497+0000] {taskinstance.py:1157} INFO - Dependencies all met for dep_context=non-requeueable deps ti=<TaskInstance: sparking_flow.start scheduled__2025-08-11T00:00:00+00:00 [queued]>
[2025-08-12T00:00:03.503+0000] {taskinstance.py:1157} INFO - Dependencies all met for dep_context=requeueable deps ti=<TaskInstance: sparking_flow.start scheduled__2025-08-11T00:00:00+00:00 [queued]>
[2025-08-12T00:00:03.504+0000] {taskinstance.py:1359} INFO - Starting attempt 1 of 1
[2025-08-12T00:00:03.515+0000] {taskinstance.py:1380} INFO - Executing <Task(PythonOperator): start> on 2025-08-11 00:00:00+00:00
[2025-08-12T00:00:03.521+0000] {standard_task_runner.py:57} INFO - Started process 20556 to run task
[2025-08-12T00:00:03.523+0000] {standard_task_runner.py:84} INFO - Running: ['***', 'tasks', 'run', 'sparking_flow', 'start', 'scheduled__2025-08-11T00:00:00+00:00', '--job-id', '10', '--raw', '--subdir', 'DAGS_FOLDER/spark_***.py', '--cfg-path', '/tmp/tmp18aqsg5w']
[2025-08-12T00:00:03.527+0000] {standard_task_runner.py:85} INFO - Job 10: Subtask start
[2025-08-12T00:00:03.603+0000] {task_command.py:415} INFO - Running <TaskInstance: sparking_flow.start scheduled__2025-08-11T00:00:00+00:00 [running]> on host dab662e4aa8d
[2025-08-12T00:00:03.693+0000] {taskinstance.py:1660} INFO - Exporting env vars: AIRFLOW_CTX_DAG_OWNER='Yusuf Ganiyu' AIRFLOW_CTX_DAG_ID='sparking_flow' AIRFLOW_CTX_TASK_ID='start' AIRFLOW_CTX_EXECUTION_DATE='2025-08-11T00:00:00+00:00' AIRFLOW_CTX_TRY_NUMBER='1' AIRFLOW_CTX_DAG_RUN_ID='scheduled__2025-08-11T00:00:00+00:00'
[2025-08-12T00:00:03.695+0000] {logging_mixin.py:151} INFO - Jobs started
[2025-08-12T00:00:03.695+0000] {python.py:194} INFO - Done. Returned value was: None
[2025-08-12T00:00:03.710+0000] {taskinstance.py:1398} INFO - Marking task as SUCCESS. dag_id=sparking_flow, task_id=start, execution_date=20250811T000000, start_date=20250812T000003, end_date=20250812T000003
[2025-08-12T00:00:03.735+0000] {local_task_job_runner.py:228} INFO - Task exited with return code 0
[2025-08-12T00:00:03.761+0000] {taskinstance.py:2776} INFO - 1 downstream tasks scheduled from follow-on schedule check
[2025-08-12T04:57:15.772+0000] {taskinstance.py:1157} INFO - Dependencies all met for dep_context=non-requeueable deps ti=<TaskInstance: sparking_flow.start scheduled__2025-08-11T00:00:00+00:00 [queued]>
[2025-08-12T04:57:15.781+0000] {taskinstance.py:1157} INFO - Dependencies all met for dep_context=requeueable deps ti=<TaskInstance: sparking_flow.start scheduled__2025-08-11T00:00:00+00:00 [queued]>
[2025-08-12T04:57:15.782+0000] {taskinstance.py:1359} INFO - Starting attempt 1 of 1
[2025-08-12T04:57:15.797+0000] {taskinstance.py:1380} INFO - Executing <Task(PythonOperator): start> on 2025-08-11 00:00:00+00:00
[2025-08-12T04:57:15.810+0000] {standard_task_runner.py:57} INFO - Started process 268 to run task
[2025-08-12T04:57:15.844+0000] {standard_task_runner.py:84} INFO - Running: ['***', 'tasks', 'run', 'sparking_flow', 'start', 'scheduled__2025-08-11T00:00:00+00:00', '--job-id', '3', '--raw', '--subdir', 'DAGS_FOLDER/spark_***.py', '--cfg-path', '/tmp/tmpeax3i7cj']
[2025-08-12T04:57:15.867+0000] {standard_task_runner.py:85} INFO - Job 3: Subtask start
[2025-08-12T04:57:16.191+0000] {task_command.py:415} INFO - Running <TaskInstance: sparking_flow.start scheduled__2025-08-11T00:00:00+00:00 [running]> on host cd1679119d2d
[2025-08-12T04:57:16.334+0000] {taskinstance.py:1660} INFO - Exporting env vars: AIRFLOW_CTX_DAG_OWNER='Yusuf Ganiyu' AIRFLOW_CTX_DAG_ID='sparking_flow' AIRFLOW_CTX_TASK_ID='start' AIRFLOW_CTX_EXECUTION_DATE='2025-08-11T00:00:00+00:00' AIRFLOW_CTX_TRY_NUMBER='1' AIRFLOW_CTX_DAG_RUN_ID='scheduled__2025-08-11T00:00:00+00:00'
[2025-08-12T04:57:16.339+0000] {logging_mixin.py:151} INFO - Jobs started
[2025-08-12T04:57:16.340+0000] {python.py:194} INFO - Done. Returned value was: None
[2025-08-12T04:57:16.356+0000] {taskinstance.py:1398} INFO - Marking task as SUCCESS. dag_id=sparking_flow, task_id=start, execution_date=20250811T000000, start_date=20250812T045715, end_date=20250812T045716
[2025-08-12T04:57:16.377+0000] {local_task_job_runner.py:228} INFO - Task exited with return code 0
[2025-08-12T04:57:16.405+0000] {taskinstance.py:2776} INFO - 1 downstream tasks scheduled from follow-on schedule check
