[2025-09-12T15:59:28.094+0000] {taskinstance.py:1157} INFO - Dependencies all met for dep_context=non-requeueable deps ti=<TaskInstance: sparking_flow.python_job manual__2025-09-12T15:59:26.160452+00:00 [queued]>
[2025-09-12T15:59:28.102+0000] {taskinstance.py:1157} INFO - Dependencies all met for dep_context=requeueable deps ti=<TaskInstance: sparking_flow.python_job manual__2025-09-12T15:59:26.160452+00:00 [queued]>
[2025-09-12T15:59:28.102+0000] {taskinstance.py:1359} INFO - Starting attempt 1 of 1
[2025-09-12T15:59:28.113+0000] {taskinstance.py:1380} INFO - Executing <Task(SparkSubmitOperator): python_job> on 2025-09-12 15:59:26.160452+00:00
[2025-09-12T15:59:28.117+0000] {standard_task_runner.py:57} INFO - Started process 194 to run task
[2025-09-12T15:59:28.120+0000] {standard_task_runner.py:84} INFO - Running: ['***', 'tasks', 'run', 'sparking_flow', 'python_job', 'manual__2025-09-12T15:59:26.160452+00:00', '--job-id', '20', '--raw', '--subdir', 'DAGS_FOLDER/spark_***.py', '--cfg-path', '/tmp/tmpe2i81ify']
[2025-09-12T15:59:28.122+0000] {standard_task_runner.py:85} INFO - Job 20: Subtask python_job
[2025-09-12T15:59:28.184+0000] {task_command.py:415} INFO - Running <TaskInstance: sparking_flow.python_job manual__2025-09-12T15:59:26.160452+00:00 [running]> on host 54b9d34f669e
[2025-09-12T15:59:28.257+0000] {taskinstance.py:1660} INFO - Exporting env vars: AIRFLOW_CTX_DAG_OWNER='Kudzaishe Manyanya' AIRFLOW_CTX_DAG_ID='sparking_flow' AIRFLOW_CTX_TASK_ID='python_job' AIRFLOW_CTX_EXECUTION_DATE='2025-09-12T15:59:26.160452+00:00' AIRFLOW_CTX_TRY_NUMBER='1' AIRFLOW_CTX_DAG_RUN_ID='manual__2025-09-12T15:59:26.160452+00:00'
[2025-09-12T15:59:28.268+0000] {base.py:73} INFO - Using connection ID 'spark-conn' for task execution.
[2025-09-12T15:59:28.269+0000] {spark_submit.py:403} INFO - Spark-Submit cmd: spark-submit --master spark://spark-master:7077 --jars /opt/spark/external-jars/apache-spark-sql-connector.jar --name arrow-spark --deploy-mode client jobs/python/wordcountjob.py
[2025-09-12T15:59:28.715+0000] {spark_submit.py:579} INFO - WARNING: Using incubator modules: jdk.incubator.vector
[2025-09-12T15:59:30.013+0000] {spark_submit.py:579} INFO - 25/09/12 15:59:30 WARN NativeCodeLoader: Unable to load native-hadoop library for your platform... using builtin-java classes where applicable
[2025-09-12T15:59:31.791+0000] {spark_submit.py:579} INFO - Using Spark's default log4j profile: org/apache/spark/log4j2-defaults.properties
[2025-09-12T15:59:31.796+0000] {spark_submit.py:579} INFO - 25/09/12 15:59:31 INFO SparkContext: Running Spark version 4.0.0
[2025-09-12T15:59:31.798+0000] {spark_submit.py:579} INFO - 25/09/12 15:59:31 INFO SparkContext: OS info Linux, 6.6.87.2-microsoft-standard-WSL2, amd64
[2025-09-12T15:59:31.799+0000] {spark_submit.py:579} INFO - 25/09/12 15:59:31 INFO SparkContext: Java version 17.0.15
[2025-09-12T15:59:31.818+0000] {spark_submit.py:579} INFO - 25/09/12 15:59:31 INFO ResourceUtils: ==============================================================
[2025-09-12T15:59:31.819+0000] {spark_submit.py:579} INFO - 25/09/12 15:59:31 INFO ResourceUtils: No custom resources configured for spark.driver.
[2025-09-12T15:59:31.819+0000] {spark_submit.py:579} INFO - 25/09/12 15:59:31 INFO ResourceUtils: ==============================================================
[2025-09-12T15:59:31.820+0000] {spark_submit.py:579} INFO - 25/09/12 15:59:31 INFO SparkContext: Submitted application: PythonWordCount
[2025-09-12T15:59:31.844+0000] {spark_submit.py:579} INFO - 25/09/12 15:59:31 INFO ResourceProfile: Default ResourceProfile created, executor resources: Map(memory -> name: memory, amount: 1024, script: , vendor: , offHeap -> name: offHeap, amount: 0, script: , vendor: ), task resources: Map(cpus -> name: cpus, amount: 1.0)
[2025-09-12T15:59:31.847+0000] {spark_submit.py:579} INFO - 25/09/12 15:59:31 INFO ResourceProfile: Limiting resource is cpu
[2025-09-12T15:59:31.848+0000] {spark_submit.py:579} INFO - 25/09/12 15:59:31 INFO ResourceProfileManager: Added ResourceProfile id: 0
[2025-09-12T15:59:31.898+0000] {spark_submit.py:579} INFO - 25/09/12 15:59:31 INFO SecurityManager: Changing view acls to: ***
[2025-09-12T15:59:31.899+0000] {spark_submit.py:579} INFO - 25/09/12 15:59:31 INFO SecurityManager: Changing modify acls to: ***
[2025-09-12T15:59:31.899+0000] {spark_submit.py:579} INFO - 25/09/12 15:59:31 INFO SecurityManager: Changing view acls groups to: ***
[2025-09-12T15:59:31.900+0000] {spark_submit.py:579} INFO - 25/09/12 15:59:31 INFO SecurityManager: Changing modify acls groups to: ***
[2025-09-12T15:59:31.901+0000] {spark_submit.py:579} INFO - 25/09/12 15:59:31 INFO SecurityManager: SecurityManager: authentication disabled; ui acls disabled; users with view permissions: *** groups with view permissions: EMPTY; users with modify permissions: ***; groups with modify permissions: EMPTY; RPC SSL disabled
[2025-09-12T15:59:32.154+0000] {spark_submit.py:579} INFO - 25/09/12 15:59:32 INFO Utils: Successfully started service 'sparkDriver' on port 43467.
[2025-09-12T15:59:32.186+0000] {spark_submit.py:579} INFO - 25/09/12 15:59:32 INFO SparkEnv: Registering MapOutputTracker
[2025-09-12T15:59:32.199+0000] {spark_submit.py:579} INFO - 25/09/12 15:59:32 INFO SparkEnv: Registering BlockManagerMaster
[2025-09-12T15:59:32.219+0000] {spark_submit.py:579} INFO - 25/09/12 15:59:32 INFO BlockManagerMasterEndpoint: Using org.apache.spark.storage.DefaultTopologyMapper for getting topology information
[2025-09-12T15:59:32.220+0000] {spark_submit.py:579} INFO - 25/09/12 15:59:32 INFO BlockManagerMasterEndpoint: BlockManagerMasterEndpoint up
[2025-09-12T15:59:32.223+0000] {spark_submit.py:579} INFO - 25/09/12 15:59:32 INFO SparkEnv: Registering BlockManagerMasterHeartbeat
[2025-09-12T15:59:32.249+0000] {spark_submit.py:579} INFO - 25/09/12 15:59:32 INFO DiskBlockManager: Created local directory at /tmp/blockmgr-0e4d6728-5d13-4458-9c2c-c960b18807f8
[2025-09-12T15:59:32.272+0000] {spark_submit.py:579} INFO - 25/09/12 15:59:32 INFO SparkEnv: Registering OutputCommitCoordinator
[2025-09-12T15:59:32.378+0000] {spark_submit.py:579} INFO - 25/09/12 15:59:32 INFO JettyUtils: Start Jetty 0.0.0.0:4040 for SparkUI
[2025-09-12T15:59:32.435+0000] {spark_submit.py:579} INFO - 25/09/12 15:59:32 INFO Utils: Successfully started service 'SparkUI' on port 4040.
[2025-09-12T15:59:32.468+0000] {spark_submit.py:579} INFO - 25/09/12 15:59:32 INFO SparkContext: Added JAR file:///opt/spark/external-jars/apache-spark-sql-connector.jar at spark://54b9d34f669e:43467/jars/apache-spark-sql-connector.jar with timestamp 1757692771785
[2025-09-12T15:59:32.485+0000] {spark_submit.py:579} INFO - 25/09/12 15:59:32 INFO SecurityManager: Changing view acls to: ***
[2025-09-12T15:59:32.485+0000] {spark_submit.py:579} INFO - 25/09/12 15:59:32 INFO SecurityManager: Changing modify acls to: ***
[2025-09-12T15:59:32.486+0000] {spark_submit.py:579} INFO - 25/09/12 15:59:32 INFO SecurityManager: Changing view acls groups to: ***
[2025-09-12T15:59:32.486+0000] {spark_submit.py:579} INFO - 25/09/12 15:59:32 INFO SecurityManager: Changing modify acls groups to: ***
[2025-09-12T15:59:32.486+0000] {spark_submit.py:579} INFO - 25/09/12 15:59:32 INFO SecurityManager: SecurityManager: authentication disabled; ui acls disabled; users with view permissions: *** groups with view permissions: EMPTY; users with modify permissions: ***; groups with modify permissions: EMPTY; RPC SSL disabled
[2025-09-12T15:59:32.606+0000] {spark_submit.py:579} INFO - 25/09/12 15:59:32 INFO StandaloneAppClient$ClientEndpoint: Connecting to master spark://spark-master:7077...
[2025-09-12T15:59:32.657+0000] {spark_submit.py:579} INFO - 25/09/12 15:59:32 INFO TransportClientFactory: Successfully created connection to spark-master/172.18.0.6:7077 after 27 ms (0 ms spent in bootstraps)
[2025-09-12T15:59:32.768+0000] {spark_submit.py:579} INFO - 25/09/12 15:59:32 INFO StandaloneSchedulerBackend: Connected to Spark cluster with app ID app-20250912155932-0000
[2025-09-12T15:59:32.775+0000] {spark_submit.py:579} INFO - 25/09/12 15:59:32 INFO Utils: Successfully started service 'org.apache.spark.network.netty.NettyBlockTransferService' on port 39559.
[2025-09-12T15:59:32.776+0000] {spark_submit.py:579} INFO - 25/09/12 15:59:32 INFO NettyBlockTransferService: Server created on 54b9d34f669e:39559
[2025-09-12T15:59:32.777+0000] {spark_submit.py:579} INFO - 25/09/12 15:59:32 INFO BlockManager: Using org.apache.spark.storage.RandomBlockReplicationPolicy for block replication policy
[2025-09-12T15:59:32.791+0000] {spark_submit.py:579} INFO - 25/09/12 15:59:32 INFO BlockManagerMaster: Registering BlockManager BlockManagerId(driver, 54b9d34f669e, 39559, None)
[2025-09-12T15:59:32.797+0000] {spark_submit.py:579} INFO - 25/09/12 15:59:32 INFO BlockManagerMasterEndpoint: Registering block manager 54b9d34f669e:39559 with 434.4 MiB RAM, BlockManagerId(driver, 54b9d34f669e, 39559, None)
[2025-09-12T15:59:32.800+0000] {spark_submit.py:579} INFO - 25/09/12 15:59:32 INFO BlockManagerMaster: Registered BlockManager BlockManagerId(driver, 54b9d34f669e, 39559, None)
[2025-09-12T15:59:32.801+0000] {spark_submit.py:579} INFO - 25/09/12 15:59:32 INFO BlockManager: Initialized BlockManager: BlockManagerId(driver, 54b9d34f669e, 39559, None)
[2025-09-12T15:59:32.810+0000] {spark_submit.py:579} INFO - 25/09/12 15:59:32 INFO StandaloneAppClient$ClientEndpoint: Executor added: app-20250912155932-0000/0 on worker-20250912155841-172.18.0.3-36735 (172.18.0.3:36735) with 2 core(s)
[2025-09-12T15:59:32.812+0000] {spark_submit.py:579} INFO - 25/09/12 15:59:32 INFO StandaloneSchedulerBackend: Granted executor ID app-20250912155932-0000/0 on hostPort 172.18.0.3:36735 with 2 core(s), 1024.0 MiB RAM
[2025-09-12T15:59:32.956+0000] {spark_submit.py:579} INFO - 25/09/12 15:59:32 INFO StandaloneSchedulerBackend: SchedulerBackend is ready for scheduling beginning after reached minRegisteredResourcesRatio: 0.0
[2025-09-12T15:59:32.973+0000] {spark_submit.py:579} INFO - 25/09/12 15:59:32 INFO StandaloneAppClient$ClientEndpoint: Executor updated: app-20250912155932-0000/0 is now RUNNING
[2025-09-12T15:59:35.645+0000] {spark_submit.py:579} INFO - 25/09/12 15:59:35 INFO StandaloneSchedulerBackend$StandaloneDriverEndpoint: Registered executor NettyRpcEndpointRef(spark-client://Executor) (172.18.0.3:43332) with ID 0, ResourceProfileId 0
[2025-09-12T15:59:35.790+0000] {spark_submit.py:579} INFO - 25/09/12 15:59:35 INFO BlockManagerMasterEndpoint: Registering block manager 172.18.0.3:38905 with 434.4 MiB RAM, BlockManagerId(0, 172.18.0.3, 38905, None)
[2025-09-12T15:59:37.718+0000] {spark_submit.py:579} INFO - dict_keys(['daily', 'daily960', 'live_rapid', 'live_blitz', 'live_bullet', 'live_bughouse', 'live_blitz960', 'live_threecheck', 'live_crazyhouse', 'tactics', 'rush', 'battle'])
[2025-09-12T15:59:38.935+0000] {spark_submit.py:579} INFO - 25/09/12 15:59:38 INFO SharedState: Setting hive.metastore.warehouse.dir ('null') to the value of spark.sql.warehouse.dir.
[2025-09-12T15:59:38.936+0000] {spark_submit.py:579} INFO - 25/09/12 15:59:38 INFO SharedState: Warehouse path is 'file:/opt/***/spark-warehouse'.
[2025-09-12T16:00:23.972+0000] {spark_submit.py:579} INFO - 25/09/12 16:00:23 WARN SparkStringUtils: Truncated the string representation of a plan since it was too large. This behavior can be adjusted by setting 'spark.sql.debug.maxToStringFields'.
[2025-09-12T16:00:24.257+0000] {spark_submit.py:579} INFO - 25/09/12 16:00:24 INFO CodeGenerator: Code generated in 182.302173 ms
[2025-09-12T16:00:24.316+0000] {spark_submit.py:579} INFO - 25/09/12 16:00:24 INFO SparkContext: Starting job: jdbc at NativeMethodAccessorImpl.java:0
[2025-09-12T16:00:24.327+0000] {spark_submit.py:579} INFO - 25/09/12 16:00:24 INFO DAGScheduler: Got job 0 (jdbc at NativeMethodAccessorImpl.java:0) with 2 output partitions
[2025-09-12T16:00:24.329+0000] {spark_submit.py:579} INFO - 25/09/12 16:00:24 INFO DAGScheduler: Final stage: ResultStage 0 (jdbc at NativeMethodAccessorImpl.java:0)
[2025-09-12T16:00:24.331+0000] {spark_submit.py:579} INFO - 25/09/12 16:00:24 INFO DAGScheduler: Parents of final stage: List()
[2025-09-12T16:00:24.333+0000] {spark_submit.py:579} INFO - 25/09/12 16:00:24 INFO DAGScheduler: Missing parents: List()
[2025-09-12T16:00:24.335+0000] {spark_submit.py:579} INFO - 25/09/12 16:00:24 INFO DAGScheduler: Submitting ResultStage 0 (MapPartitionsRDD[53] at jdbc at NativeMethodAccessorImpl.java:0), which has no missing parents
[2025-09-12T16:00:24.392+0000] {spark_submit.py:579} INFO - 25/09/12 16:00:24 INFO MemoryStore: MemoryStore started with capacity 434.4 MiB
[2025-09-12T16:00:24.421+0000] {spark_submit.py:579} INFO - 25/09/12 16:00:24 INFO MemoryStore: Block broadcast_0 stored as values in memory (estimated size 33.9 KiB, free 434.4 MiB)
[2025-09-12T16:00:24.455+0000] {spark_submit.py:579} INFO - 25/09/12 16:00:24 INFO MemoryStore: Block broadcast_0_piece0 stored as bytes in memory (estimated size 14.5 KiB, free 434.4 MiB)
[2025-09-12T16:00:24.461+0000] {spark_submit.py:579} INFO - 25/09/12 16:00:24 INFO SparkContext: Created broadcast 0 from broadcast at DAGScheduler.scala:1676
[2025-09-12T16:00:24.478+0000] {spark_submit.py:579} INFO - 25/09/12 16:00:24 INFO DAGScheduler: Submitting 2 missing tasks from ResultStage 0 (MapPartitionsRDD[53] at jdbc at NativeMethodAccessorImpl.java:0) (first 15 tasks are for partitions Vector(0, 1))
[2025-09-12T16:00:24.490+0000] {spark_submit.py:579} INFO - 25/09/12 16:00:24 INFO TaskSchedulerImpl: Adding task set 0.0 with 2 tasks resource profile 0
[2025-09-12T16:00:24.519+0000] {spark_submit.py:579} INFO - 25/09/12 16:00:24 INFO TaskSetManager: Starting task 0.0 in stage 0.0 (TID 0) (172.18.0.3,executor 0, partition 0, PROCESS_LOCAL, 17752 bytes)
[2025-09-12T16:00:24.523+0000] {spark_submit.py:579} INFO - 25/09/12 16:00:24 INFO TaskSetManager: Starting task 1.0 in stage 0.0 (TID 1) (172.18.0.3,executor 0, partition 1, PROCESS_LOCAL, 17393 bytes)
[2025-09-12T16:00:29.236+0000] {spark_submit.py:579} INFO - 25/09/12 16:00:29 INFO TaskSetManager: Finished task 1.0 in stage 0.0 (TID 1) in 4712 ms on 172.18.0.3 (executor 0) (1/2)
[2025-09-12T16:00:29.237+0000] {spark_submit.py:579} INFO - 25/09/12 16:00:29 INFO TaskSetManager: Finished task 0.0 in stage 0.0 (TID 0) in 4732 ms on 172.18.0.3 (executor 0) (2/2)
[2025-09-12T16:00:29.238+0000] {spark_submit.py:579} INFO - 25/09/12 16:00:29 INFO TaskSchedulerImpl: Removed TaskSet 0.0 whose tasks have all completed, from pool
[2025-09-12T16:00:29.240+0000] {spark_submit.py:579} INFO - 25/09/12 16:00:29 INFO PythonAccumulatorV2: Connected to AccumulatorServer at host: 127.0.0.1 port: 58903
[2025-09-12T16:00:29.244+0000] {spark_submit.py:579} INFO - 25/09/12 16:00:29 INFO DAGScheduler: ResultStage 0 (jdbc at NativeMethodAccessorImpl.java:0) finished in 4898 ms
[2025-09-12T16:00:29.248+0000] {spark_submit.py:579} INFO - 25/09/12 16:00:29 INFO DAGScheduler: Job 0 is finished. Cancelling potential speculative or zombie tasks for this job
[2025-09-12T16:00:29.248+0000] {spark_submit.py:579} INFO - 25/09/12 16:00:29 INFO TaskSchedulerImpl: Canceling stage 0
[2025-09-12T16:00:29.249+0000] {spark_submit.py:579} INFO - 25/09/12 16:00:29 INFO TaskSchedulerImpl: Killing all running tasks in stage 0: Stage finished
[2025-09-12T16:00:29.250+0000] {spark_submit.py:579} INFO - 25/09/12 16:00:29 INFO DAGScheduler: Job 0 finished: jdbc at NativeMethodAccessorImpl.java:0, took 4935.432055 ms
[2025-09-12T16:00:30.664+0000] {spark_submit.py:579} INFO - table daily has been loaded
[2025-09-12T16:00:31.797+0000] {spark_submit.py:579} INFO - 25/09/12 16:00:31 INFO SparkContext: Starting job: jdbc at NativeMethodAccessorImpl.java:0
[2025-09-12T16:00:31.798+0000] {spark_submit.py:579} INFO - 25/09/12 16:00:31 INFO DAGScheduler: Got job 1 (jdbc at NativeMethodAccessorImpl.java:0) with 2 output partitions
[2025-09-12T16:00:31.798+0000] {spark_submit.py:579} INFO - 25/09/12 16:00:31 INFO DAGScheduler: Final stage: ResultStage 1 (jdbc at NativeMethodAccessorImpl.java:0)
[2025-09-12T16:00:31.799+0000] {spark_submit.py:579} INFO - 25/09/12 16:00:31 INFO DAGScheduler: Parents of final stage: List()
[2025-09-12T16:00:31.799+0000] {spark_submit.py:579} INFO - 25/09/12 16:00:31 INFO DAGScheduler: Missing parents: List()
[2025-09-12T16:00:31.799+0000] {spark_submit.py:579} INFO - 25/09/12 16:00:31 INFO DAGScheduler: Submitting ResultStage 1 (MapPartitionsRDD[57] at jdbc at NativeMethodAccessorImpl.java:0), which has no missing parents
[2025-09-12T16:00:31.802+0000] {spark_submit.py:579} INFO - 25/09/12 16:00:31 INFO MemoryStore: Block broadcast_1 stored as values in memory (estimated size 33.9 KiB, free 434.3 MiB)
[2025-09-12T16:00:31.808+0000] {spark_submit.py:579} INFO - 25/09/12 16:00:31 INFO MemoryStore: Block broadcast_1_piece0 stored as bytes in memory (estimated size 14.5 KiB, free 434.3 MiB)
[2025-09-12T16:00:31.809+0000] {spark_submit.py:579} INFO - 25/09/12 16:00:31 INFO SparkContext: Created broadcast 1 from broadcast at DAGScheduler.scala:1676
[2025-09-12T16:00:31.810+0000] {spark_submit.py:579} INFO - 25/09/12 16:00:31 INFO DAGScheduler: Submitting 2 missing tasks from ResultStage 1 (MapPartitionsRDD[57] at jdbc at NativeMethodAccessorImpl.java:0) (first 15 tasks are for partitions Vector(0, 1))
[2025-09-12T16:00:31.810+0000] {spark_submit.py:579} INFO - 25/09/12 16:00:31 INFO TaskSchedulerImpl: Adding task set 1.0 with 2 tasks resource profile 0
[2025-09-12T16:00:31.813+0000] {spark_submit.py:579} INFO - 25/09/12 16:00:31 INFO TaskSetManager: Starting task 0.0 in stage 1.0 (TID 2) (172.18.0.3,executor 0, partition 0, PROCESS_LOCAL, 18049 bytes)
[2025-09-12T16:00:31.814+0000] {spark_submit.py:579} INFO - 25/09/12 16:00:31 INFO TaskSetManager: Starting task 1.0 in stage 1.0 (TID 3) (172.18.0.3,executor 0, partition 1, PROCESS_LOCAL, 17814 bytes)
[2025-09-12T16:00:33.734+0000] {spark_submit.py:579} INFO - 25/09/12 16:00:33 INFO TaskSetManager: Finished task 1.0 in stage 1.0 (TID 3) in 1923 ms on 172.18.0.3 (executor 0) (1/2)
[2025-09-12T16:00:33.916+0000] {spark_submit.py:579} INFO - 25/09/12 16:00:33 INFO TaskSetManager: Finished task 0.0 in stage 1.0 (TID 2) in 2106 ms on 172.18.0.3 (executor 0) (2/2)
[2025-09-12T16:00:33.917+0000] {spark_submit.py:579} INFO - 25/09/12 16:00:33 INFO TaskSchedulerImpl: Removed TaskSet 1.0 whose tasks have all completed, from pool
[2025-09-12T16:00:33.918+0000] {spark_submit.py:579} INFO - 25/09/12 16:00:33 INFO DAGScheduler: ResultStage 1 (jdbc at NativeMethodAccessorImpl.java:0) finished in 2118 ms
[2025-09-12T16:00:33.919+0000] {spark_submit.py:579} INFO - 25/09/12 16:00:33 INFO DAGScheduler: Job 1 is finished. Cancelling potential speculative or zombie tasks for this job
[2025-09-12T16:00:33.919+0000] {spark_submit.py:579} INFO - 25/09/12 16:00:33 INFO TaskSchedulerImpl: Canceling stage 1
[2025-09-12T16:00:33.919+0000] {spark_submit.py:579} INFO - 25/09/12 16:00:33 INFO TaskSchedulerImpl: Killing all running tasks in stage 1: Stage finished
[2025-09-12T16:00:33.920+0000] {spark_submit.py:579} INFO - 25/09/12 16:00:33 INFO DAGScheduler: Job 1 finished: jdbc at NativeMethodAccessorImpl.java:0, took 2121.088362 ms
[2025-09-12T16:00:35.473+0000] {spark_submit.py:579} INFO - table live_rapid has been loaded
[2025-09-12T16:00:36.197+0000] {spark_submit.py:579} INFO - 25/09/12 16:00:36 INFO SparkContext: Starting job: jdbc at NativeMethodAccessorImpl.java:0
[2025-09-12T16:00:36.199+0000] {spark_submit.py:579} INFO - 25/09/12 16:00:36 INFO DAGScheduler: Got job 2 (jdbc at NativeMethodAccessorImpl.java:0) with 2 output partitions
[2025-09-12T16:00:36.199+0000] {spark_submit.py:579} INFO - 25/09/12 16:00:36 INFO DAGScheduler: Final stage: ResultStage 2 (jdbc at NativeMethodAccessorImpl.java:0)
[2025-09-12T16:00:36.199+0000] {spark_submit.py:579} INFO - 25/09/12 16:00:36 INFO DAGScheduler: Parents of final stage: List()
[2025-09-12T16:00:36.200+0000] {spark_submit.py:579} INFO - 25/09/12 16:00:36 INFO DAGScheduler: Missing parents: List()
[2025-09-12T16:00:36.201+0000] {spark_submit.py:579} INFO - 25/09/12 16:00:36 INFO DAGScheduler: Submitting ResultStage 2 (MapPartitionsRDD[61] at jdbc at NativeMethodAccessorImpl.java:0), which has no missing parents
[2025-09-12T16:00:36.203+0000] {spark_submit.py:579} INFO - 25/09/12 16:00:36 INFO MemoryStore: Block broadcast_2 stored as values in memory (estimated size 33.9 KiB, free 434.3 MiB)
[2025-09-12T16:00:36.209+0000] {spark_submit.py:579} INFO - 25/09/12 16:00:36 INFO MemoryStore: Block broadcast_2_piece0 stored as bytes in memory (estimated size 14.6 KiB, free 434.3 MiB)
[2025-09-12T16:00:36.211+0000] {spark_submit.py:579} INFO - 25/09/12 16:00:36 INFO SparkContext: Created broadcast 2 from broadcast at DAGScheduler.scala:1676
[2025-09-12T16:00:36.211+0000] {spark_submit.py:579} INFO - 25/09/12 16:00:36 INFO DAGScheduler: Submitting 2 missing tasks from ResultStage 2 (MapPartitionsRDD[61] at jdbc at NativeMethodAccessorImpl.java:0) (first 15 tasks are for partitions Vector(0, 1))
[2025-09-12T16:00:36.213+0000] {spark_submit.py:579} INFO - 25/09/12 16:00:36 INFO TaskSchedulerImpl: Adding task set 2.0 with 2 tasks resource profile 0
[2025-09-12T16:00:36.214+0000] {spark_submit.py:579} INFO - 25/09/12 16:00:36 INFO TaskSetManager: Starting task 0.0 in stage 2.0 (TID 4) (172.18.0.3,executor 0, partition 0, PROCESS_LOCAL, 18072 bytes)
[2025-09-12T16:00:36.215+0000] {spark_submit.py:579} INFO - 25/09/12 16:00:36 INFO TaskSetManager: Starting task 1.0 in stage 2.0 (TID 5) (172.18.0.3,executor 0, partition 1, PROCESS_LOCAL, 18125 bytes)
[2025-09-12T16:00:37.101+0000] {spark_submit.py:579} INFO - 25/09/12 16:00:37 INFO TaskSetManager: Finished task 0.0 in stage 2.0 (TID 4) in 887 ms on 172.18.0.3 (executor 0) (1/2)
[2025-09-12T16:00:37.102+0000] {spark_submit.py:579} INFO - 25/09/12 16:00:37 INFO TaskSetManager: Finished task 1.0 in stage 2.0 (TID 5) in 887 ms on 172.18.0.3 (executor 0) (2/2)
[2025-09-12T16:00:37.106+0000] {spark_submit.py:579} INFO - 25/09/12 16:00:37 INFO TaskSchedulerImpl: Removed TaskSet 2.0 whose tasks have all completed, from pool
[2025-09-12T16:00:37.106+0000] {spark_submit.py:579} INFO - 25/09/12 16:00:37 INFO DAGScheduler: ResultStage 2 (jdbc at NativeMethodAccessorImpl.java:0) finished in 901 ms
[2025-09-12T16:00:37.107+0000] {spark_submit.py:579} INFO - 25/09/12 16:00:37 INFO DAGScheduler: Job 2 is finished. Cancelling potential speculative or zombie tasks for this job
[2025-09-12T16:00:37.107+0000] {spark_submit.py:579} INFO - 25/09/12 16:00:37 INFO TaskSchedulerImpl: Canceling stage 2
[2025-09-12T16:00:37.108+0000] {spark_submit.py:579} INFO - 25/09/12 16:00:37 INFO TaskSchedulerImpl: Killing all running tasks in stage 2: Stage finished
[2025-09-12T16:00:37.108+0000] {spark_submit.py:579} INFO - 25/09/12 16:00:37 INFO DAGScheduler: Job 2 finished: jdbc at NativeMethodAccessorImpl.java:0, took 905.661339 ms
[2025-09-12T16:00:39.218+0000] {spark_submit.py:579} INFO - table live_blitz has been loaded
[2025-09-12T16:00:40.151+0000] {spark_submit.py:579} INFO - 25/09/12 16:00:40 INFO CodeGenerator: Code generated in 25.480931 ms
[2025-09-12T16:00:40.164+0000] {spark_submit.py:579} INFO - 25/09/12 16:00:40 INFO SparkContext: Starting job: jdbc at NativeMethodAccessorImpl.java:0
[2025-09-12T16:00:40.165+0000] {spark_submit.py:579} INFO - 25/09/12 16:00:40 INFO DAGScheduler: Got job 3 (jdbc at NativeMethodAccessorImpl.java:0) with 2 output partitions
[2025-09-12T16:00:40.165+0000] {spark_submit.py:579} INFO - 25/09/12 16:00:40 INFO DAGScheduler: Final stage: ResultStage 3 (jdbc at NativeMethodAccessorImpl.java:0)
[2025-09-12T16:00:40.167+0000] {spark_submit.py:579} INFO - 25/09/12 16:00:40 INFO DAGScheduler: Parents of final stage: List()
[2025-09-12T16:00:40.167+0000] {spark_submit.py:579} INFO - 25/09/12 16:00:40 INFO DAGScheduler: Missing parents: List()
[2025-09-12T16:00:40.168+0000] {spark_submit.py:579} INFO - 25/09/12 16:00:40 INFO DAGScheduler: Submitting ResultStage 3 (MapPartitionsRDD[65] at jdbc at NativeMethodAccessorImpl.java:0), which has no missing parents
[2025-09-12T16:00:40.169+0000] {spark_submit.py:579} INFO - 25/09/12 16:00:40 INFO MemoryStore: Block broadcast_3 stored as values in memory (estimated size 33.9 KiB, free 434.3 MiB)
[2025-09-12T16:00:40.172+0000] {spark_submit.py:579} INFO - 25/09/12 16:00:40 INFO MemoryStore: Block broadcast_3_piece0 stored as bytes in memory (estimated size 14.6 KiB, free 434.3 MiB)
[2025-09-12T16:00:40.173+0000] {spark_submit.py:579} INFO - 25/09/12 16:00:40 INFO SparkContext: Created broadcast 3 from broadcast at DAGScheduler.scala:1676
[2025-09-12T16:00:40.174+0000] {spark_submit.py:579} INFO - 25/09/12 16:00:40 INFO DAGScheduler: Submitting 2 missing tasks from ResultStage 3 (MapPartitionsRDD[65] at jdbc at NativeMethodAccessorImpl.java:0) (first 15 tasks are for partitions Vector(0, 1))
[2025-09-12T16:00:40.174+0000] {spark_submit.py:579} INFO - 25/09/12 16:00:40 INFO TaskSchedulerImpl: Adding task set 3.0 with 2 tasks resource profile 0
[2025-09-12T16:00:40.176+0000] {spark_submit.py:579} INFO - 25/09/12 16:00:40 INFO TaskSetManager: Starting task 0.0 in stage 3.0 (TID 6) (172.18.0.3,executor 0, partition 0, PROCESS_LOCAL, 18073 bytes)
[2025-09-12T16:00:40.177+0000] {spark_submit.py:579} INFO - 25/09/12 16:00:40 INFO TaskSetManager: Starting task 1.0 in stage 3.0 (TID 7) (172.18.0.3,executor 0, partition 1, PROCESS_LOCAL, 17973 bytes)
[2025-09-12T16:00:41.059+0000] {spark_submit.py:579} INFO - 25/09/12 16:00:41 INFO TaskSetManager: Finished task 1.0 in stage 3.0 (TID 7) in 882 ms on 172.18.0.3 (executor 0) (1/2)
[2025-09-12T16:00:41.104+0000] {spark_submit.py:579} INFO - 25/09/12 16:00:41 INFO TaskSetManager: Finished task 0.0 in stage 3.0 (TID 6) in 929 ms on 172.18.0.3 (executor 0) (2/2)
[2025-09-12T16:00:41.104+0000] {spark_submit.py:579} INFO - 25/09/12 16:00:41 INFO TaskSchedulerImpl: Removed TaskSet 3.0 whose tasks have all completed, from pool
[2025-09-12T16:00:41.105+0000] {spark_submit.py:579} INFO - 25/09/12 16:00:41 INFO DAGScheduler: ResultStage 3 (jdbc at NativeMethodAccessorImpl.java:0) finished in 938 ms
[2025-09-12T16:00:41.105+0000] {spark_submit.py:579} INFO - 25/09/12 16:00:41 INFO DAGScheduler: Job 3 is finished. Cancelling potential speculative or zombie tasks for this job
[2025-09-12T16:00:41.105+0000] {spark_submit.py:579} INFO - 25/09/12 16:00:41 INFO TaskSchedulerImpl: Canceling stage 3
[2025-09-12T16:00:41.106+0000] {spark_submit.py:579} INFO - 25/09/12 16:00:41 INFO TaskSchedulerImpl: Killing all running tasks in stage 3: Stage finished
[2025-09-12T16:00:41.106+0000] {spark_submit.py:579} INFO - 25/09/12 16:00:41 INFO DAGScheduler: Job 3 finished: jdbc at NativeMethodAccessorImpl.java:0, took 941.402553 ms
[2025-09-12T16:00:42.336+0000] {spark_submit.py:579} INFO - table live_bullet has been loaded
[2025-09-12T16:00:43.024+0000] {spark_submit.py:579} INFO - 25/09/12 16:00:43 INFO CodeGenerator: Code generated in 14.113648 ms
[2025-09-12T16:00:43.037+0000] {spark_submit.py:579} INFO - 25/09/12 16:00:43 INFO SparkContext: Starting job: jdbc at NativeMethodAccessorImpl.java:0
[2025-09-12T16:00:43.038+0000] {spark_submit.py:579} INFO - 25/09/12 16:00:43 INFO DAGScheduler: Got job 4 (jdbc at NativeMethodAccessorImpl.java:0) with 2 output partitions
[2025-09-12T16:00:43.038+0000] {spark_submit.py:579} INFO - 25/09/12 16:00:43 INFO DAGScheduler: Final stage: ResultStage 4 (jdbc at NativeMethodAccessorImpl.java:0)
[2025-09-12T16:00:43.039+0000] {spark_submit.py:579} INFO - 25/09/12 16:00:43 INFO DAGScheduler: Parents of final stage: List()
[2025-09-12T16:00:43.039+0000] {spark_submit.py:579} INFO - 25/09/12 16:00:43 INFO DAGScheduler: Missing parents: List()
[2025-09-12T16:00:43.039+0000] {spark_submit.py:579} INFO - 25/09/12 16:00:43 INFO DAGScheduler: Submitting ResultStage 4 (MapPartitionsRDD[69] at jdbc at NativeMethodAccessorImpl.java:0), which has no missing parents
[2025-09-12T16:00:43.041+0000] {spark_submit.py:579} INFO - 25/09/12 16:00:43 INFO MemoryStore: Block broadcast_4 stored as values in memory (estimated size 28.2 KiB, free 434.3 MiB)
[2025-09-12T16:00:43.043+0000] {spark_submit.py:579} INFO - 25/09/12 16:00:43 INFO MemoryStore: Block broadcast_4_piece0 stored as bytes in memory (estimated size 12.6 KiB, free 434.3 MiB)
[2025-09-12T16:00:43.044+0000] {spark_submit.py:579} INFO - 25/09/12 16:00:43 INFO SparkContext: Created broadcast 4 from broadcast at DAGScheduler.scala:1676
[2025-09-12T16:00:43.044+0000] {spark_submit.py:579} INFO - 25/09/12 16:00:43 INFO DAGScheduler: Submitting 2 missing tasks from ResultStage 4 (MapPartitionsRDD[69] at jdbc at NativeMethodAccessorImpl.java:0) (first 15 tasks are for partitions Vector(0, 1))
[2025-09-12T16:00:43.045+0000] {spark_submit.py:579} INFO - 25/09/12 16:00:43 INFO TaskSchedulerImpl: Adding task set 4.0 with 2 tasks resource profile 0
[2025-09-12T16:00:43.046+0000] {spark_submit.py:579} INFO - 25/09/12 16:00:43 INFO TaskSetManager: Starting task 0.0 in stage 4.0 (TID 8) (172.18.0.3,executor 0, partition 0, PROCESS_LOCAL, 9868 bytes)
[2025-09-12T16:00:43.046+0000] {spark_submit.py:579} INFO - 25/09/12 16:00:43 INFO TaskSetManager: Starting task 1.0 in stage 4.0 (TID 9) (172.18.0.3,executor 0, partition 1, PROCESS_LOCAL, 10002 bytes)
[2025-09-12T16:00:43.241+0000] {spark_submit.py:579} INFO - 25/09/12 16:00:43 INFO TaskSetManager: Finished task 0.0 in stage 4.0 (TID 8) in 195 ms on 172.18.0.3 (executor 0) (1/2)
[2025-09-12T16:00:43.751+0000] {spark_submit.py:579} INFO - 25/09/12 16:00:43 INFO TaskSetManager: Finished task 1.0 in stage 4.0 (TID 9) in 705 ms on 172.18.0.3 (executor 0) (2/2)
[2025-09-12T16:00:43.752+0000] {spark_submit.py:579} INFO - 25/09/12 16:00:43 INFO TaskSchedulerImpl: Removed TaskSet 4.0 whose tasks have all completed, from pool
[2025-09-12T16:00:43.753+0000] {spark_submit.py:579} INFO - 25/09/12 16:00:43 INFO DAGScheduler: ResultStage 4 (jdbc at NativeMethodAccessorImpl.java:0) finished in 713 ms
[2025-09-12T16:00:43.753+0000] {spark_submit.py:579} INFO - 25/09/12 16:00:43 INFO DAGScheduler: Job 4 is finished. Cancelling potential speculative or zombie tasks for this job
[2025-09-12T16:00:43.753+0000] {spark_submit.py:579} INFO - 25/09/12 16:00:43 INFO TaskSchedulerImpl: Canceling stage 4
[2025-09-12T16:00:43.754+0000] {spark_submit.py:579} INFO - 25/09/12 16:00:43 INFO TaskSchedulerImpl: Killing all running tasks in stage 4: Stage finished
[2025-09-12T16:00:43.754+0000] {spark_submit.py:579} INFO - 25/09/12 16:00:43 INFO DAGScheduler: Job 4 finished: jdbc at NativeMethodAccessorImpl.java:0, took 715.338073 ms
[2025-09-12T16:00:44.604+0000] {spark_submit.py:579} INFO - table kue_daily has been loaded
[2025-09-12T16:00:45.040+0000] {spark_submit.py:579} INFO - 25/09/12 16:00:45 INFO CodeGenerator: Code generated in 9.020942 ms
[2025-09-12T16:00:45.050+0000] {spark_submit.py:579} INFO - 25/09/12 16:00:45 INFO SparkContext: Starting job: jdbc at NativeMethodAccessorImpl.java:0
[2025-09-12T16:00:45.051+0000] {spark_submit.py:579} INFO - 25/09/12 16:00:45 INFO DAGScheduler: Got job 5 (jdbc at NativeMethodAccessorImpl.java:0) with 2 output partitions
[2025-09-12T16:00:45.051+0000] {spark_submit.py:579} INFO - 25/09/12 16:00:45 INFO DAGScheduler: Final stage: ResultStage 5 (jdbc at NativeMethodAccessorImpl.java:0)
[2025-09-12T16:00:45.051+0000] {spark_submit.py:579} INFO - 25/09/12 16:00:45 INFO DAGScheduler: Parents of final stage: List()
[2025-09-12T16:00:45.052+0000] {spark_submit.py:579} INFO - 25/09/12 16:00:45 INFO DAGScheduler: Missing parents: List()
[2025-09-12T16:00:45.052+0000] {spark_submit.py:579} INFO - 25/09/12 16:00:45 INFO DAGScheduler: Submitting ResultStage 5 (MapPartitionsRDD[73] at jdbc at NativeMethodAccessorImpl.java:0), which has no missing parents
[2025-09-12T16:00:45.053+0000] {spark_submit.py:579} INFO - 25/09/12 16:00:45 INFO MemoryStore: Block broadcast_5 stored as values in memory (estimated size 27.2 KiB, free 434.2 MiB)
[2025-09-12T16:00:45.055+0000] {spark_submit.py:579} INFO - 25/09/12 16:00:45 INFO MemoryStore: Block broadcast_5_piece0 stored as bytes in memory (estimated size 12.4 KiB, free 434.2 MiB)
[2025-09-12T16:00:45.056+0000] {spark_submit.py:579} INFO - 25/09/12 16:00:45 INFO SparkContext: Created broadcast 5 from broadcast at DAGScheduler.scala:1676
[2025-09-12T16:00:45.056+0000] {spark_submit.py:579} INFO - 25/09/12 16:00:45 INFO DAGScheduler: Submitting 2 missing tasks from ResultStage 5 (MapPartitionsRDD[73] at jdbc at NativeMethodAccessorImpl.java:0) (first 15 tasks are for partitions Vector(0, 1))
[2025-09-12T16:00:45.057+0000] {spark_submit.py:579} INFO - 25/09/12 16:00:45 INFO TaskSchedulerImpl: Adding task set 5.0 with 2 tasks resource profile 0
[2025-09-12T16:00:45.057+0000] {spark_submit.py:579} INFO - 25/09/12 16:00:45 INFO TaskSetManager: Starting task 0.0 in stage 5.0 (TID 10) (172.18.0.3,executor 0, partition 0, PROCESS_LOCAL, 9868 bytes)
[2025-09-12T16:00:45.058+0000] {spark_submit.py:579} INFO - 25/09/12 16:00:45 INFO TaskSetManager: Starting task 1.0 in stage 5.0 (TID 11) (172.18.0.3,executor 0, partition 1, PROCESS_LOCAL, 10001 bytes)
[2025-09-12T16:00:45.214+0000] {spark_submit.py:579} INFO - 25/09/12 16:00:45 INFO TaskSetManager: Finished task 0.0 in stage 5.0 (TID 10) in 156 ms on 172.18.0.3 (executor 0) (1/2)
[2025-09-12T16:00:45.989+0000] {spark_submit.py:579} INFO - 25/09/12 16:00:45 INFO TaskSetManager: Finished task 1.0 in stage 5.0 (TID 11) in 932 ms on 172.18.0.3 (executor 0) (2/2)
[2025-09-12T16:00:45.990+0000] {spark_submit.py:579} INFO - 25/09/12 16:00:45 INFO TaskSchedulerImpl: Removed TaskSet 5.0 whose tasks have all completed, from pool
[2025-09-12T16:00:45.991+0000] {spark_submit.py:579} INFO - 25/09/12 16:00:45 INFO DAGScheduler: ResultStage 5 (jdbc at NativeMethodAccessorImpl.java:0) finished in 938 ms
[2025-09-12T16:00:45.993+0000] {spark_submit.py:579} INFO - 25/09/12 16:00:45 INFO DAGScheduler: Job 5 is finished. Cancelling potential speculative or zombie tasks for this job
[2025-09-12T16:00:45.993+0000] {spark_submit.py:579} INFO - 25/09/12 16:00:45 INFO TaskSchedulerImpl: Canceling stage 5
[2025-09-12T16:00:45.994+0000] {spark_submit.py:579} INFO - 25/09/12 16:00:45 INFO TaskSchedulerImpl: Killing all running tasks in stage 5: Stage finished
[2025-09-12T16:00:45.995+0000] {spark_submit.py:579} INFO - 25/09/12 16:00:45 INFO DAGScheduler: Job 5 finished: jdbc at NativeMethodAccessorImpl.java:0, took 940.738139 ms
[2025-09-12T16:00:46.664+0000] {spark_submit.py:579} INFO - table kue_rapid has been loaded
[2025-09-12T16:00:47.008+0000] {spark_submit.py:579} INFO - 25/09/12 16:00:47 INFO SparkContext: Starting job: jdbc at NativeMethodAccessorImpl.java:0
[2025-09-12T16:00:47.009+0000] {spark_submit.py:579} INFO - 25/09/12 16:00:47 INFO DAGScheduler: Got job 6 (jdbc at NativeMethodAccessorImpl.java:0) with 2 output partitions
[2025-09-12T16:00:47.010+0000] {spark_submit.py:579} INFO - 25/09/12 16:00:47 INFO DAGScheduler: Final stage: ResultStage 6 (jdbc at NativeMethodAccessorImpl.java:0)
[2025-09-12T16:00:47.010+0000] {spark_submit.py:579} INFO - 25/09/12 16:00:47 INFO DAGScheduler: Parents of final stage: List()
[2025-09-12T16:00:47.011+0000] {spark_submit.py:579} INFO - 25/09/12 16:00:47 INFO DAGScheduler: Missing parents: List()
[2025-09-12T16:00:47.011+0000] {spark_submit.py:579} INFO - 25/09/12 16:00:47 INFO DAGScheduler: Submitting ResultStage 6 (MapPartitionsRDD[77] at jdbc at NativeMethodAccessorImpl.java:0), which has no missing parents
[2025-09-12T16:00:47.012+0000] {spark_submit.py:579} INFO - 25/09/12 16:00:47 INFO MemoryStore: Block broadcast_6 stored as values in memory (estimated size 27.2 KiB, free 434.4 MiB)
[2025-09-12T16:00:47.018+0000] {spark_submit.py:579} INFO - 25/09/12 16:00:47 INFO MemoryStore: Block broadcast_6_piece0 stored as bytes in memory (estimated size 12.4 KiB, free 434.4 MiB)
[2025-09-12T16:00:47.019+0000] {spark_submit.py:579} INFO - 25/09/12 16:00:47 INFO SparkContext: Created broadcast 6 from broadcast at DAGScheduler.scala:1676
[2025-09-12T16:00:47.020+0000] {spark_submit.py:579} INFO - 25/09/12 16:00:47 INFO DAGScheduler: Submitting 2 missing tasks from ResultStage 6 (MapPartitionsRDD[77] at jdbc at NativeMethodAccessorImpl.java:0) (first 15 tasks are for partitions Vector(0, 1))
[2025-09-12T16:00:47.020+0000] {spark_submit.py:579} INFO - 25/09/12 16:00:47 INFO TaskSchedulerImpl: Adding task set 6.0 with 2 tasks resource profile 0
[2025-09-12T16:00:47.021+0000] {spark_submit.py:579} INFO - 25/09/12 16:00:47 INFO TaskSetManager: Starting task 0.0 in stage 6.0 (TID 12) (172.18.0.3,executor 0, partition 0, PROCESS_LOCAL, 9868 bytes)
[2025-09-12T16:00:47.021+0000] {spark_submit.py:579} INFO - 25/09/12 16:00:47 INFO TaskSetManager: Starting task 1.0 in stage 6.0 (TID 13) (172.18.0.3,executor 0, partition 1, PROCESS_LOCAL, 10001 bytes)
[2025-09-12T16:00:47.190+0000] {spark_submit.py:579} INFO - 25/09/12 16:00:47 INFO TaskSetManager: Finished task 0.0 in stage 6.0 (TID 12) in 170 ms on 172.18.0.3 (executor 0) (1/2)
[2025-09-12T16:00:47.561+0000] {spark_submit.py:579} INFO - 25/09/12 16:00:47 INFO TaskSetManager: Finished task 1.0 in stage 6.0 (TID 13) in 540 ms on 172.18.0.3 (executor 0) (2/2)
[2025-09-12T16:00:47.562+0000] {spark_submit.py:579} INFO - 25/09/12 16:00:47 INFO TaskSchedulerImpl: Removed TaskSet 6.0 whose tasks have all completed, from pool
[2025-09-12T16:00:47.562+0000] {spark_submit.py:579} INFO - 25/09/12 16:00:47 INFO DAGScheduler: ResultStage 6 (jdbc at NativeMethodAccessorImpl.java:0) finished in 552 ms
[2025-09-12T16:00:47.566+0000] {spark_submit.py:579} INFO - 25/09/12 16:00:47 INFO DAGScheduler: Job 6 is finished. Cancelling potential speculative or zombie tasks for this job
[2025-09-12T16:00:47.566+0000] {spark_submit.py:579} INFO - 25/09/12 16:00:47 INFO TaskSchedulerImpl: Canceling stage 6
[2025-09-12T16:00:47.566+0000] {spark_submit.py:579} INFO - 25/09/12 16:00:47 INFO TaskSchedulerImpl: Killing all running tasks in stage 6: Stage finished
[2025-09-12T16:00:47.567+0000] {spark_submit.py:579} INFO - 25/09/12 16:00:47 INFO DAGScheduler: Job 6 finished: jdbc at NativeMethodAccessorImpl.java:0, took 554.37148 ms
[2025-09-12T16:00:48.208+0000] {spark_submit.py:579} INFO - table kue_blitz has been loaded
[2025-09-12T16:00:48.757+0000] {spark_submit.py:579} INFO - 25/09/12 16:00:48 INFO CodeGenerator: Code generated in 7.103607 ms
[2025-09-12T16:00:48.768+0000] {spark_submit.py:579} INFO - 25/09/12 16:00:48 INFO SparkContext: Starting job: jdbc at NativeMethodAccessorImpl.java:0
[2025-09-12T16:00:48.769+0000] {spark_submit.py:579} INFO - 25/09/12 16:00:48 INFO DAGScheduler: Got job 7 (jdbc at NativeMethodAccessorImpl.java:0) with 2 output partitions
[2025-09-12T16:00:48.769+0000] {spark_submit.py:579} INFO - 25/09/12 16:00:48 INFO DAGScheduler: Final stage: ResultStage 7 (jdbc at NativeMethodAccessorImpl.java:0)
[2025-09-12T16:00:48.769+0000] {spark_submit.py:579} INFO - 25/09/12 16:00:48 INFO DAGScheduler: Parents of final stage: List()
[2025-09-12T16:00:48.770+0000] {spark_submit.py:579} INFO - 25/09/12 16:00:48 INFO DAGScheduler: Missing parents: List()
[2025-09-12T16:00:48.770+0000] {spark_submit.py:579} INFO - 25/09/12 16:00:48 INFO DAGScheduler: Submitting ResultStage 7 (MapPartitionsRDD[81] at jdbc at NativeMethodAccessorImpl.java:0), which has no missing parents
[2025-09-12T16:00:48.772+0000] {spark_submit.py:579} INFO - 25/09/12 16:00:48 INFO MemoryStore: Block broadcast_7 stored as values in memory (estimated size 25.8 KiB, free 434.3 MiB)
[2025-09-12T16:00:48.774+0000] {spark_submit.py:579} INFO - 25/09/12 16:00:48 INFO MemoryStore: Block broadcast_7_piece0 stored as bytes in memory (estimated size 12.1 KiB, free 434.3 MiB)
[2025-09-12T16:00:48.775+0000] {spark_submit.py:579} INFO - 25/09/12 16:00:48 INFO SparkContext: Created broadcast 7 from broadcast at DAGScheduler.scala:1676
[2025-09-12T16:00:48.775+0000] {spark_submit.py:579} INFO - 25/09/12 16:00:48 INFO DAGScheduler: Submitting 2 missing tasks from ResultStage 7 (MapPartitionsRDD[81] at jdbc at NativeMethodAccessorImpl.java:0) (first 15 tasks are for partitions Vector(0, 1))
[2025-09-12T16:00:48.776+0000] {spark_submit.py:579} INFO - 25/09/12 16:00:48 INFO TaskSchedulerImpl: Adding task set 7.0 with 2 tasks resource profile 0
[2025-09-12T16:00:48.776+0000] {spark_submit.py:579} INFO - 25/09/12 16:00:48 INFO TaskSetManager: Starting task 0.0 in stage 7.0 (TID 14) (172.18.0.3,executor 0, partition 0, PROCESS_LOCAL, 9868 bytes)
[2025-09-12T16:00:48.777+0000] {spark_submit.py:579} INFO - 25/09/12 16:00:48 INFO TaskSetManager: Starting task 1.0 in stage 7.0 (TID 15) (172.18.0.3,executor 0, partition 1, PROCESS_LOCAL, 9927 bytes)
[2025-09-12T16:00:48.977+0000] {spark_submit.py:579} INFO - 25/09/12 16:00:48 INFO TaskSetManager: Finished task 0.0 in stage 7.0 (TID 14) in 201 ms on 172.18.0.3 (executor 0) (1/2)
[2025-09-12T16:00:49.537+0000] {spark_submit.py:579} INFO - 25/09/12 16:00:49 INFO TaskSetManager: Finished task 1.0 in stage 7.0 (TID 15) in 760 ms on 172.18.0.3 (executor 0) (2/2)
[2025-09-12T16:00:49.537+0000] {spark_submit.py:579} INFO - 25/09/12 16:00:49 INFO TaskSchedulerImpl: Removed TaskSet 7.0 whose tasks have all completed, from pool
[2025-09-12T16:00:49.538+0000] {spark_submit.py:579} INFO - 25/09/12 16:00:49 INFO DAGScheduler: ResultStage 7 (jdbc at NativeMethodAccessorImpl.java:0) finished in 767 ms
[2025-09-12T16:00:49.538+0000] {spark_submit.py:579} INFO - 25/09/12 16:00:49 INFO DAGScheduler: Job 7 is finished. Cancelling potential speculative or zombie tasks for this job
[2025-09-12T16:00:49.539+0000] {spark_submit.py:579} INFO - 25/09/12 16:00:49 INFO TaskSchedulerImpl: Canceling stage 7
[2025-09-12T16:00:49.539+0000] {spark_submit.py:579} INFO - 25/09/12 16:00:49 INFO TaskSchedulerImpl: Killing all running tasks in stage 7: Stage finished
[2025-09-12T16:00:49.539+0000] {spark_submit.py:579} INFO - 25/09/12 16:00:49 INFO DAGScheduler: Job 7 finished: jdbc at NativeMethodAccessorImpl.java:0, took 770.179751 ms
[2025-09-12T16:00:50.308+0000] {spark_submit.py:579} INFO - table kue_bullet has been loaded
[2025-09-12T16:00:50.863+0000] {spark_submit.py:579} INFO - 25/09/12 16:00:50 INFO CodeGenerator: Code generated in 6.379366 ms
[2025-09-12T16:00:50.873+0000] {spark_submit.py:579} INFO - 25/09/12 16:00:50 INFO SparkContext: Starting job: jdbc at NativeMethodAccessorImpl.java:0
[2025-09-12T16:00:50.874+0000] {spark_submit.py:579} INFO - 25/09/12 16:00:50 INFO DAGScheduler: Got job 8 (jdbc at NativeMethodAccessorImpl.java:0) with 2 output partitions
[2025-09-12T16:00:50.874+0000] {spark_submit.py:579} INFO - 25/09/12 16:00:50 INFO DAGScheduler: Final stage: ResultStage 8 (jdbc at NativeMethodAccessorImpl.java:0)
[2025-09-12T16:00:50.875+0000] {spark_submit.py:579} INFO - 25/09/12 16:00:50 INFO DAGScheduler: Parents of final stage: List()
[2025-09-12T16:00:50.875+0000] {spark_submit.py:579} INFO - 25/09/12 16:00:50 INFO DAGScheduler: Missing parents: List()
[2025-09-12T16:00:50.876+0000] {spark_submit.py:579} INFO - 25/09/12 16:00:50 INFO DAGScheduler: Submitting ResultStage 8 (MapPartitionsRDD[85] at jdbc at NativeMethodAccessorImpl.java:0), which has no missing parents
[2025-09-12T16:00:50.877+0000] {spark_submit.py:579} INFO - 25/09/12 16:00:50 INFO MemoryStore: Block broadcast_8 stored as values in memory (estimated size 25.4 KiB, free 434.3 MiB)
[2025-09-12T16:00:50.878+0000] {spark_submit.py:579} INFO - 25/09/12 16:00:50 INFO MemoryStore: Block broadcast_8_piece0 stored as bytes in memory (estimated size 12.1 KiB, free 434.3 MiB)
[2025-09-12T16:00:50.880+0000] {spark_submit.py:579} INFO - 25/09/12 16:00:50 INFO SparkContext: Created broadcast 8 from broadcast at DAGScheduler.scala:1676
[2025-09-12T16:00:50.881+0000] {spark_submit.py:579} INFO - 25/09/12 16:00:50 INFO DAGScheduler: Submitting 2 missing tasks from ResultStage 8 (MapPartitionsRDD[85] at jdbc at NativeMethodAccessorImpl.java:0) (first 15 tasks are for partitions Vector(0, 1))
[2025-09-12T16:00:50.882+0000] {spark_submit.py:579} INFO - 25/09/12 16:00:50 INFO TaskSchedulerImpl: Adding task set 8.0 with 2 tasks resource profile 0
[2025-09-12T16:00:50.882+0000] {spark_submit.py:579} INFO - 25/09/12 16:00:50 INFO TaskSetManager: Starting task 0.0 in stage 8.0 (TID 16) (172.18.0.3,executor 0, partition 0, PROCESS_LOCAL, 9868 bytes)
[2025-09-12T16:00:50.883+0000] {spark_submit.py:579} INFO - 25/09/12 16:00:50 INFO TaskSetManager: Starting task 1.0 in stage 8.0 (TID 17) (172.18.0.3,executor 0, partition 1, PROCESS_LOCAL, 9946 bytes)
[2025-09-12T16:00:51.044+0000] {spark_submit.py:579} INFO - 25/09/12 16:00:51 INFO TaskSetManager: Finished task 0.0 in stage 8.0 (TID 16) in 162 ms on 172.18.0.3 (executor 0) (1/2)
[2025-09-12T16:00:51.716+0000] {spark_submit.py:579} INFO - 25/09/12 16:00:51 INFO TaskSetManager: Finished task 1.0 in stage 8.0 (TID 17) in 834 ms on 172.18.0.3 (executor 0) (2/2)
[2025-09-12T16:00:51.717+0000] {spark_submit.py:579} INFO - 25/09/12 16:00:51 INFO TaskSchedulerImpl: Removed TaskSet 8.0 whose tasks have all completed, from pool
[2025-09-12T16:00:51.717+0000] {spark_submit.py:579} INFO - 25/09/12 16:00:51 INFO DAGScheduler: ResultStage 8 (jdbc at NativeMethodAccessorImpl.java:0) finished in 842 ms
[2025-09-12T16:00:51.718+0000] {spark_submit.py:579} INFO - 25/09/12 16:00:51 INFO DAGScheduler: Job 8 is finished. Cancelling potential speculative or zombie tasks for this job
[2025-09-12T16:00:51.718+0000] {spark_submit.py:579} INFO - 25/09/12 16:00:51 INFO TaskSchedulerImpl: Canceling stage 8
[2025-09-12T16:00:51.719+0000] {spark_submit.py:579} INFO - 25/09/12 16:00:51 INFO TaskSchedulerImpl: Killing all running tasks in stage 8: Stage finished
[2025-09-12T16:00:51.719+0000] {spark_submit.py:579} INFO - 25/09/12 16:00:51 INFO DAGScheduler: Job 8 finished: jdbc at NativeMethodAccessorImpl.java:0, took 844.349102 ms
[2025-09-12T16:00:53.223+0000] {spark_submit.py:579} INFO - table kue_tactics has been loaded
[2025-09-12T16:00:53.591+0000] {spark_submit.py:579} INFO - 25/09/12 16:00:53 INFO CodeGenerator: Code generated in 5.123193 ms
[2025-09-12T16:00:53.600+0000] {spark_submit.py:579} INFO - 25/09/12 16:00:53 INFO SparkContext: Starting job: jdbc at NativeMethodAccessorImpl.java:0
[2025-09-12T16:00:53.601+0000] {spark_submit.py:579} INFO - 25/09/12 16:00:53 INFO DAGScheduler: Got job 9 (jdbc at NativeMethodAccessorImpl.java:0) with 2 output partitions
[2025-09-12T16:00:53.601+0000] {spark_submit.py:579} INFO - 25/09/12 16:00:53 INFO DAGScheduler: Final stage: ResultStage 9 (jdbc at NativeMethodAccessorImpl.java:0)
[2025-09-12T16:00:53.602+0000] {spark_submit.py:579} INFO - 25/09/12 16:00:53 INFO DAGScheduler: Parents of final stage: List()
[2025-09-12T16:00:53.602+0000] {spark_submit.py:579} INFO - 25/09/12 16:00:53 INFO DAGScheduler: Missing parents: List()
[2025-09-12T16:00:53.603+0000] {spark_submit.py:579} INFO - 25/09/12 16:00:53 INFO DAGScheduler: Submitting ResultStage 9 (MapPartitionsRDD[89] at jdbc at NativeMethodAccessorImpl.java:0), which has no missing parents
[2025-09-12T16:00:53.604+0000] {spark_submit.py:579} INFO - 25/09/12 16:00:53 INFO MemoryStore: Block broadcast_9 stored as values in memory (estimated size 23.7 KiB, free 434.3 MiB)
[2025-09-12T16:00:53.605+0000] {spark_submit.py:579} INFO - 25/09/12 16:00:53 INFO MemoryStore: Block broadcast_9_piece0 stored as bytes in memory (estimated size 11.5 KiB, free 434.3 MiB)
[2025-09-12T16:00:53.606+0000] {spark_submit.py:579} INFO - 25/09/12 16:00:53 INFO SparkContext: Created broadcast 9 from broadcast at DAGScheduler.scala:1676
[2025-09-12T16:00:53.607+0000] {spark_submit.py:579} INFO - 25/09/12 16:00:53 INFO DAGScheduler: Submitting 2 missing tasks from ResultStage 9 (MapPartitionsRDD[89] at jdbc at NativeMethodAccessorImpl.java:0) (first 15 tasks are for partitions Vector(0, 1))
[2025-09-12T16:00:53.607+0000] {spark_submit.py:579} INFO - 25/09/12 16:00:53 INFO TaskSchedulerImpl: Adding task set 9.0 with 2 tasks resource profile 0
[2025-09-12T16:00:53.608+0000] {spark_submit.py:579} INFO - 25/09/12 16:00:53 INFO TaskSetManager: Starting task 0.0 in stage 9.0 (TID 18) (172.18.0.3,executor 0, partition 0, PROCESS_LOCAL, 9868 bytes)
[2025-09-12T16:00:53.608+0000] {spark_submit.py:579} INFO - 25/09/12 16:00:53 INFO TaskSetManager: Starting task 1.0 in stage 9.0 (TID 19) (172.18.0.3,executor 0, partition 1, PROCESS_LOCAL, 9899 bytes)
[2025-09-12T16:00:53.762+0000] {spark_submit.py:579} INFO - 25/09/12 16:00:53 INFO TaskSetManager: Finished task 0.0 in stage 9.0 (TID 18) in 155 ms on 172.18.0.3 (executor 0) (1/2)
[2025-09-12T16:00:54.311+0000] {spark_submit.py:579} INFO - 25/09/12 16:00:54 INFO TaskSetManager: Finished task 1.0 in stage 9.0 (TID 19) in 703 ms on 172.18.0.3 (executor 0) (2/2)
[2025-09-12T16:00:54.312+0000] {spark_submit.py:579} INFO - 25/09/12 16:00:54 INFO TaskSchedulerImpl: Removed TaskSet 9.0 whose tasks have all completed, from pool
[2025-09-12T16:00:54.313+0000] {spark_submit.py:579} INFO - 25/09/12 16:00:54 INFO DAGScheduler: ResultStage 9 (jdbc at NativeMethodAccessorImpl.java:0) finished in 709 ms
[2025-09-12T16:00:54.313+0000] {spark_submit.py:579} INFO - 25/09/12 16:00:54 INFO DAGScheduler: Job 9 is finished. Cancelling potential speculative or zombie tasks for this job
[2025-09-12T16:00:54.314+0000] {spark_submit.py:579} INFO - 25/09/12 16:00:54 INFO TaskSchedulerImpl: Canceling stage 9
[2025-09-12T16:00:54.314+0000] {spark_submit.py:579} INFO - 25/09/12 16:00:54 INFO TaskSchedulerImpl: Killing all running tasks in stage 9: Stage finished
[2025-09-12T16:00:54.315+0000] {spark_submit.py:579} INFO - 25/09/12 16:00:54 INFO DAGScheduler: Job 9 finished: jdbc at NativeMethodAccessorImpl.java:0, took 712.709635 ms
[2025-09-12T16:00:54.915+0000] {spark_submit.py:579} INFO - table kue_puzzle_rush has been loaded
[2025-09-12T16:00:55.026+0000] {spark_submit.py:579} INFO - 25/09/12 16:00:55 INFO SparkContext: Invoking stop() from shutdown hook
[2025-09-12T16:00:55.028+0000] {spark_submit.py:579} INFO - 25/09/12 16:00:55 INFO SparkContext: SparkContext is stopping with exitCode 0 from run at Executors.java:539.
[2025-09-12T16:00:55.037+0000] {spark_submit.py:579} INFO - 25/09/12 16:00:55 INFO SparkUI: Stopped Spark web UI at http://54b9d34f669e:4040
[2025-09-12T16:00:55.039+0000] {spark_submit.py:579} INFO - 25/09/12 16:00:55 INFO StandaloneSchedulerBackend: Shutting down all executors
[2025-09-12T16:00:55.040+0000] {spark_submit.py:579} INFO - 25/09/12 16:00:55 INFO StandaloneSchedulerBackend$StandaloneDriverEndpoint: Asking each executor to shut down
[2025-09-12T16:00:55.058+0000] {spark_submit.py:579} INFO - 25/09/12 16:00:55 INFO MapOutputTrackerMasterEndpoint: MapOutputTrackerMasterEndpoint stopped!
[2025-09-12T16:00:55.082+0000] {spark_submit.py:579} INFO - 25/09/12 16:00:55 INFO MemoryStore: MemoryStore cleared
[2025-09-12T16:00:55.082+0000] {spark_submit.py:579} INFO - 25/09/12 16:00:55 INFO BlockManager: BlockManager stopped
[2025-09-12T16:00:55.084+0000] {spark_submit.py:579} INFO - 25/09/12 16:00:55 INFO BlockManagerMaster: BlockManagerMaster stopped
[2025-09-12T16:00:55.086+0000] {spark_submit.py:579} INFO - 25/09/12 16:00:55 INFO OutputCommitCoordinator$OutputCommitCoordinatorEndpoint: OutputCommitCoordinator stopped!
[2025-09-12T16:00:55.101+0000] {spark_submit.py:579} INFO - 25/09/12 16:00:55 INFO SparkContext: Successfully stopped SparkContext
[2025-09-12T16:00:55.101+0000] {spark_submit.py:579} INFO - 25/09/12 16:00:55 INFO ShutdownHookManager: Shutdown hook called
[2025-09-12T16:00:55.102+0000] {spark_submit.py:579} INFO - 25/09/12 16:00:55 INFO ShutdownHookManager: Deleting directory /opt/***/artifacts/spark-e125a7ab-461f-4d71-a426-9e926a075b2d
[2025-09-12T16:00:55.107+0000] {spark_submit.py:579} INFO - 25/09/12 16:00:55 INFO ShutdownHookManager: Deleting directory /tmp/spark-1d01584e-874e-4d9c-99e5-01980265e4d8
[2025-09-12T16:00:55.113+0000] {spark_submit.py:579} INFO - 25/09/12 16:00:55 INFO ShutdownHookManager: Deleting directory /tmp/spark-b6ae5ec5-f7a1-410c-9a43-b16fa5bb5fa7
[2025-09-12T16:00:55.119+0000] {spark_submit.py:579} INFO - 25/09/12 16:00:55 INFO ShutdownHookManager: Deleting directory /tmp/spark-1d01584e-874e-4d9c-99e5-01980265e4d8/pyspark-7eeb7736-714f-4cda-8e30-c3e3011e020d
[2025-09-12T16:00:55.241+0000] {taskinstance.py:1398} INFO - Marking task as SUCCESS. dag_id=sparking_flow, task_id=python_job, execution_date=20250912T155926, start_date=20250912T155928, end_date=20250912T160055
[2025-09-12T16:00:55.298+0000] {local_task_job_runner.py:228} INFO - Task exited with return code 0
[2025-09-12T16:00:55.331+0000] {taskinstance.py:2776} INFO - 0 downstream tasks scheduled from follow-on schedule check
