[2025-08-31T04:30:28.695+0000] {taskinstance.py:1157} INFO - Dependencies all met for dep_context=non-requeueable deps ti=<TaskInstance: sparking_flow.start scheduled__2025-08-30T20:00:00+00:00 [queued]>
[2025-08-31T04:30:28.768+0000] {taskinstance.py:1157} INFO - Dependencies all met for dep_context=requeueable deps ti=<TaskInstance: sparking_flow.start scheduled__2025-08-30T20:00:00+00:00 [queued]>
[2025-08-31T04:30:28.798+0000] {taskinstance.py:1359} INFO - Starting attempt 1 of 1
[2025-08-31T04:30:29.091+0000] {taskinstance.py:1380} INFO - Executing <Task(PythonOperator): start> on 2025-08-30 20:00:00+00:00
[2025-08-31T04:30:29.208+0000] {standard_task_runner.py:57} INFO - Started process 215 to run task
[2025-08-31T04:30:29.272+0000] {standard_task_runner.py:84} INFO - Running: ['***', 'tasks', 'run', 'sparking_flow', 'start', 'scheduled__2025-08-30T20:00:00+00:00', '--job-id', '73', '--raw', '--subdir', 'DAGS_FOLDER/spark_***.py', '--cfg-path', '/tmp/tmps1878k1k']
[2025-08-31T04:30:29.999+0000] {standard_task_runner.py:85} INFO - Job 73: Subtask start
[2025-08-31T04:30:35.953+0000] {task_command.py:415} INFO - Running <TaskInstance: sparking_flow.start scheduled__2025-08-30T20:00:00+00:00 [running]> on host 81b7fe425a18
[2025-08-31T04:30:40.628+0000] {taskinstance.py:1660} INFO - Exporting env vars: AIRFLOW_CTX_DAG_OWNER='Kudzaishe Manyanya' AIRFLOW_CTX_DAG_ID='sparking_flow' AIRFLOW_CTX_TASK_ID='start' AIRFLOW_CTX_EXECUTION_DATE='2025-08-30T20:00:00+00:00' AIRFLOW_CTX_TRY_NUMBER='1' AIRFLOW_CTX_DAG_RUN_ID='scheduled__2025-08-30T20:00:00+00:00'
[2025-08-31T04:30:41.387+0000] {logging_mixin.py:151} INFO - Jobs started
[2025-08-31T04:30:41.426+0000] {python.py:194} INFO - Done. Returned value was: None
[2025-08-31T04:30:42.221+0000] {taskinstance.py:1398} INFO - Marking task as SUCCESS. dag_id=sparking_flow, task_id=start, execution_date=20250830T200000, start_date=20250831T043028, end_date=20250831T043042
[2025-08-31T04:30:42.720+0000] {local_task_job_runner.py:228} INFO - Task exited with return code 0
[2025-08-31T04:30:42.971+0000] {taskinstance.py:2776} INFO - 1 downstream tasks scheduled from follow-on schedule check
[2025-08-31T05:06:38.446+0000] {taskinstance.py:1157} INFO - Dependencies all met for dep_context=non-requeueable deps ti=<TaskInstance: sparking_flow.start scheduled__2025-08-30T20:00:00+00:00 [queued]>
[2025-08-31T05:06:38.471+0000] {taskinstance.py:1157} INFO - Dependencies all met for dep_context=requeueable deps ti=<TaskInstance: sparking_flow.start scheduled__2025-08-30T20:00:00+00:00 [queued]>
[2025-08-31T05:06:38.472+0000] {taskinstance.py:1359} INFO - Starting attempt 1 of 1
[2025-08-31T05:06:38.598+0000] {taskinstance.py:1380} INFO - Executing <Task(PythonOperator): start> on 2025-08-30 20:00:00+00:00
[2025-08-31T05:06:38.622+0000] {standard_task_runner.py:57} INFO - Started process 278 to run task
[2025-08-31T05:06:38.653+0000] {standard_task_runner.py:84} INFO - Running: ['***', 'tasks', 'run', 'sparking_flow', 'start', 'scheduled__2025-08-30T20:00:00+00:00', '--job-id', '12', '--raw', '--subdir', 'DAGS_FOLDER/spark_***.py', '--cfg-path', '/tmp/tmpfoepi488']
[2025-08-31T05:06:38.670+0000] {standard_task_runner.py:85} INFO - Job 12: Subtask start
[2025-08-31T05:06:38.938+0000] {task_command.py:415} INFO - Running <TaskInstance: sparking_flow.start scheduled__2025-08-30T20:00:00+00:00 [running]> on host 80647ef95998
[2025-08-31T05:06:39.218+0000] {taskinstance.py:1660} INFO - Exporting env vars: AIRFLOW_CTX_DAG_OWNER='Kudzaishe Manyanya' AIRFLOW_CTX_DAG_ID='sparking_flow' AIRFLOW_CTX_TASK_ID='start' AIRFLOW_CTX_EXECUTION_DATE='2025-08-30T20:00:00+00:00' AIRFLOW_CTX_TRY_NUMBER='1' AIRFLOW_CTX_DAG_RUN_ID='scheduled__2025-08-30T20:00:00+00:00'
[2025-08-31T05:06:39.229+0000] {logging_mixin.py:151} INFO - Jobs started
[2025-08-31T05:06:39.231+0000] {python.py:194} INFO - Done. Returned value was: None
[2025-08-31T05:06:39.266+0000] {taskinstance.py:1398} INFO - Marking task as SUCCESS. dag_id=sparking_flow, task_id=start, execution_date=20250830T200000, start_date=20250831T050638, end_date=20250831T050639
[2025-08-31T05:06:39.318+0000] {local_task_job_runner.py:228} INFO - Task exited with return code 0
[2025-08-31T05:06:39.518+0000] {taskinstance.py:2776} INFO - 0 downstream tasks scheduled from follow-on schedule check
[2025-08-31T12:53:17.822+0000] {taskinstance.py:1157} INFO - Dependencies all met for dep_context=non-requeueable deps ti=<TaskInstance: sparking_flow.start scheduled__2025-08-30T20:00:00+00:00 [queued]>
[2025-08-31T12:53:17.882+0000] {taskinstance.py:1157} INFO - Dependencies all met for dep_context=requeueable deps ti=<TaskInstance: sparking_flow.start scheduled__2025-08-30T20:00:00+00:00 [queued]>
[2025-08-31T12:53:17.884+0000] {taskinstance.py:1359} INFO - Starting attempt 1 of 1
[2025-08-31T12:53:17.943+0000] {taskinstance.py:1380} INFO - Executing <Task(PythonOperator): start> on 2025-08-30 20:00:00+00:00
[2025-08-31T12:53:17.991+0000] {standard_task_runner.py:57} INFO - Started process 368 to run task
[2025-08-31T12:53:18.013+0000] {standard_task_runner.py:84} INFO - Running: ['***', 'tasks', 'run', 'sparking_flow', 'start', 'scheduled__2025-08-30T20:00:00+00:00', '--job-id', '8', '--raw', '--subdir', 'DAGS_FOLDER/spark_***.py', '--cfg-path', '/tmp/tmp44sky88h']
[2025-08-31T12:53:18.035+0000] {standard_task_runner.py:85} INFO - Job 8: Subtask start
[2025-08-31T12:53:18.396+0000] {task_command.py:415} INFO - Running <TaskInstance: sparking_flow.start scheduled__2025-08-30T20:00:00+00:00 [running]> on host f7da00c682c4
[2025-08-31T12:53:18.687+0000] {taskinstance.py:1660} INFO - Exporting env vars: AIRFLOW_CTX_DAG_OWNER='Kudzaishe Manyanya' AIRFLOW_CTX_DAG_ID='sparking_flow' AIRFLOW_CTX_TASK_ID='start' AIRFLOW_CTX_EXECUTION_DATE='2025-08-30T20:00:00+00:00' AIRFLOW_CTX_TRY_NUMBER='1' AIRFLOW_CTX_DAG_RUN_ID='scheduled__2025-08-30T20:00:00+00:00'
[2025-08-31T12:53:18.702+0000] {logging_mixin.py:151} INFO - Jobs started
[2025-08-31T12:53:18.704+0000] {python.py:194} INFO - Done. Returned value was: None
[2025-08-31T12:53:18.755+0000] {taskinstance.py:1398} INFO - Marking task as SUCCESS. dag_id=sparking_flow, task_id=start, execution_date=20250830T200000, start_date=20250831T125317, end_date=20250831T125318
[2025-08-31T12:53:18.814+0000] {local_task_job_runner.py:228} INFO - Task exited with return code 0
[2025-08-31T12:53:18.934+0000] {taskinstance.py:2776} INFO - 1 downstream tasks scheduled from follow-on schedule check
