[2025-08-18T04:03:47.452+0000] {taskinstance.py:1157} INFO - Dependencies all met for dep_context=non-requeueable deps ti=<TaskInstance: sparking_flow.python_job manual__2025-08-18T04:03:44.200488+00:00 [queued]>
[2025-08-18T04:03:47.458+0000] {taskinstance.py:1157} INFO - Dependencies all met for dep_context=requeueable deps ti=<TaskInstance: sparking_flow.python_job manual__2025-08-18T04:03:44.200488+00:00 [queued]>
[2025-08-18T04:03:47.459+0000] {taskinstance.py:1359} INFO - Starting attempt 1 of 1
[2025-08-18T04:03:47.470+0000] {taskinstance.py:1380} INFO - Executing <Task(SparkSubmitOperator): python_job> on 2025-08-18 04:03:44.200488+00:00
[2025-08-18T04:03:47.475+0000] {standard_task_runner.py:57} INFO - Started process 209 to run task
[2025-08-18T04:03:47.479+0000] {standard_task_runner.py:84} INFO - Running: ['***', 'tasks', 'run', 'sparking_flow', 'python_job', 'manual__2025-08-18T04:03:44.200488+00:00', '--job-id', '29', '--raw', '--subdir', 'DAGS_FOLDER/spark_***.py', '--cfg-path', '/tmp/tmptyl3pelm']
[2025-08-18T04:03:47.482+0000] {standard_task_runner.py:85} INFO - Job 29: Subtask python_job
[2025-08-18T04:03:47.547+0000] {task_command.py:415} INFO - Running <TaskInstance: sparking_flow.python_job manual__2025-08-18T04:03:44.200488+00:00 [running]> on host 81b7fe425a18
[2025-08-18T04:03:47.633+0000] {taskinstance.py:1660} INFO - Exporting env vars: AIRFLOW_CTX_DAG_OWNER='Yusuf Ganiyu' AIRFLOW_CTX_DAG_ID='sparking_flow' AIRFLOW_CTX_TASK_ID='python_job' AIRFLOW_CTX_EXECUTION_DATE='2025-08-18T04:03:44.200488+00:00' AIRFLOW_CTX_TRY_NUMBER='1' AIRFLOW_CTX_DAG_RUN_ID='manual__2025-08-18T04:03:44.200488+00:00'
[2025-08-18T04:03:47.646+0000] {base.py:73} INFO - Using connection ID 'spark-conn' for task execution.
[2025-08-18T04:03:47.647+0000] {spark_submit.py:403} INFO - Spark-Submit cmd: spark-submit --master spark://spark-master:7077 --jars /opt/spark/external-jars/apache-spark-sql-connector.jar --name arrow-spark --deploy-mode client jobs/python/wordcountjob.py
[2025-08-18T04:03:48.332+0000] {spark_submit.py:579} INFO - WARNING: Using incubator modules: jdk.incubator.vector
[2025-08-18T04:03:50.106+0000] {spark_submit.py:579} INFO - 25/08/18 04:03:50 WARN NativeCodeLoader: Unable to load native-hadoop library for your platform... using builtin-java classes where applicable
[2025-08-18T04:03:52.442+0000] {spark_submit.py:579} INFO - Using Spark's default log4j profile: org/apache/spark/log4j2-defaults.properties
[2025-08-18T04:03:52.448+0000] {spark_submit.py:579} INFO - 25/08/18 04:03:52 INFO SparkContext: Running Spark version 4.0.0
[2025-08-18T04:03:52.449+0000] {spark_submit.py:579} INFO - 25/08/18 04:03:52 INFO SparkContext: OS info Linux, 6.6.87.2-microsoft-standard-WSL2, amd64
[2025-08-18T04:03:52.450+0000] {spark_submit.py:579} INFO - 25/08/18 04:03:52 INFO SparkContext: Java version 17.0.15
[2025-08-18T04:03:52.476+0000] {spark_submit.py:579} INFO - 25/08/18 04:03:52 INFO ResourceUtils: ==============================================================
[2025-08-18T04:03:52.477+0000] {spark_submit.py:579} INFO - 25/08/18 04:03:52 INFO ResourceUtils: No custom resources configured for spark.driver.
[2025-08-18T04:03:52.477+0000] {spark_submit.py:579} INFO - 25/08/18 04:03:52 INFO ResourceUtils: ==============================================================
[2025-08-18T04:03:52.478+0000] {spark_submit.py:579} INFO - 25/08/18 04:03:52 INFO SparkContext: Submitted application: PythonWordCount
[2025-08-18T04:03:52.503+0000] {spark_submit.py:579} INFO - 25/08/18 04:03:52 INFO ResourceProfile: Default ResourceProfile created, executor resources: Map(memory -> name: memory, amount: 1024, script: , vendor: , offHeap -> name: offHeap, amount: 0, script: , vendor: ), task resources: Map(cpus -> name: cpus, amount: 1.0)
[2025-08-18T04:03:52.505+0000] {spark_submit.py:579} INFO - 25/08/18 04:03:52 INFO ResourceProfile: Limiting resource is cpu
[2025-08-18T04:03:52.506+0000] {spark_submit.py:579} INFO - 25/08/18 04:03:52 INFO ResourceProfileManager: Added ResourceProfile id: 0
[2025-08-18T04:03:52.556+0000] {spark_submit.py:579} INFO - 25/08/18 04:03:52 INFO SecurityManager: Changing view acls to: ***
[2025-08-18T04:03:52.557+0000] {spark_submit.py:579} INFO - 25/08/18 04:03:52 INFO SecurityManager: Changing modify acls to: ***
[2025-08-18T04:03:52.557+0000] {spark_submit.py:579} INFO - 25/08/18 04:03:52 INFO SecurityManager: Changing view acls groups to: ***
[2025-08-18T04:03:52.557+0000] {spark_submit.py:579} INFO - 25/08/18 04:03:52 INFO SecurityManager: Changing modify acls groups to: ***
[2025-08-18T04:03:52.560+0000] {spark_submit.py:579} INFO - 25/08/18 04:03:52 INFO SecurityManager: SecurityManager: authentication disabled; ui acls disabled; users with view permissions: *** groups with view permissions: EMPTY; users with modify permissions: ***; groups with modify permissions: EMPTY; RPC SSL disabled
[2025-08-18T04:03:52.842+0000] {spark_submit.py:579} INFO - 25/08/18 04:03:52 INFO Utils: Successfully started service 'sparkDriver' on port 40639.
[2025-08-18T04:03:52.879+0000] {spark_submit.py:579} INFO - 25/08/18 04:03:52 INFO SparkEnv: Registering MapOutputTracker
[2025-08-18T04:03:52.890+0000] {spark_submit.py:579} INFO - 25/08/18 04:03:52 INFO SparkEnv: Registering BlockManagerMaster
[2025-08-18T04:03:52.906+0000] {spark_submit.py:579} INFO - 25/08/18 04:03:52 INFO BlockManagerMasterEndpoint: Using org.apache.spark.storage.DefaultTopologyMapper for getting topology information
[2025-08-18T04:03:52.907+0000] {spark_submit.py:579} INFO - 25/08/18 04:03:52 INFO BlockManagerMasterEndpoint: BlockManagerMasterEndpoint up
[2025-08-18T04:03:52.910+0000] {spark_submit.py:579} INFO - 25/08/18 04:03:52 INFO SparkEnv: Registering BlockManagerMasterHeartbeat
[2025-08-18T04:03:52.934+0000] {spark_submit.py:579} INFO - 25/08/18 04:03:52 INFO DiskBlockManager: Created local directory at /tmp/blockmgr-0476e318-b6cf-4ea9-a58d-00e897144e47
[2025-08-18T04:03:52.955+0000] {spark_submit.py:579} INFO - 25/08/18 04:03:52 INFO SparkEnv: Registering OutputCommitCoordinator
[2025-08-18T04:03:53.100+0000] {spark_submit.py:579} INFO - 25/08/18 04:03:53 INFO JettyUtils: Start Jetty 0.0.0.0:4040 for SparkUI
[2025-08-18T04:03:53.168+0000] {spark_submit.py:579} INFO - 25/08/18 04:03:53 INFO Utils: Successfully started service 'SparkUI' on port 4040.
[2025-08-18T04:03:53.201+0000] {spark_submit.py:579} INFO - 25/08/18 04:03:53 INFO SparkContext: Added JAR file:///opt/spark/external-jars/apache-spark-sql-connector.jar at spark://81b7fe425a18:40639/jars/apache-spark-sql-connector.jar with timestamp 1755489832433
[2025-08-18T04:03:53.219+0000] {spark_submit.py:579} INFO - 25/08/18 04:03:53 INFO SecurityManager: Changing view acls to: ***
[2025-08-18T04:03:53.220+0000] {spark_submit.py:579} INFO - 25/08/18 04:03:53 INFO SecurityManager: Changing modify acls to: ***
[2025-08-18T04:03:53.220+0000] {spark_submit.py:579} INFO - 25/08/18 04:03:53 INFO SecurityManager: Changing view acls groups to: ***
[2025-08-18T04:03:53.221+0000] {spark_submit.py:579} INFO - 25/08/18 04:03:53 INFO SecurityManager: Changing modify acls groups to: ***
[2025-08-18T04:03:53.221+0000] {spark_submit.py:579} INFO - 25/08/18 04:03:53 INFO SecurityManager: SecurityManager: authentication disabled; ui acls disabled; users with view permissions: *** groups with view permissions: EMPTY; users with modify permissions: ***; groups with modify permissions: EMPTY; RPC SSL disabled
[2025-08-18T04:03:53.428+0000] {spark_submit.py:579} INFO - 25/08/18 04:03:53 INFO StandaloneAppClient$ClientEndpoint: Connecting to master spark://spark-master:7077...
[2025-08-18T04:03:53.470+0000] {spark_submit.py:579} INFO - 25/08/18 04:03:53 INFO TransportClientFactory: Successfully created connection to spark-master/172.18.0.3:7077 after 21 ms (0 ms spent in bootstraps)
[2025-08-18T04:03:53.813+0000] {spark_submit.py:579} INFO - 25/08/18 04:03:53 INFO StandaloneSchedulerBackend: Connected to Spark cluster with app ID app-20250818040353-0000
[2025-08-18T04:03:53.823+0000] {spark_submit.py:579} INFO - 25/08/18 04:03:53 INFO Utils: Successfully started service 'org.apache.spark.network.netty.NettyBlockTransferService' on port 33475.
[2025-08-18T04:03:53.824+0000] {spark_submit.py:579} INFO - 25/08/18 04:03:53 INFO NettyBlockTransferService: Server created on 81b7fe425a18:33475
[2025-08-18T04:03:53.825+0000] {spark_submit.py:579} INFO - 25/08/18 04:03:53 INFO BlockManager: Using org.apache.spark.storage.RandomBlockReplicationPolicy for block replication policy
[2025-08-18T04:03:53.842+0000] {spark_submit.py:579} INFO - 25/08/18 04:03:53 INFO BlockManagerMaster: Registering BlockManager BlockManagerId(driver, 81b7fe425a18, 33475, None)
[2025-08-18T04:03:53.847+0000] {spark_submit.py:579} INFO - 25/08/18 04:03:53 INFO BlockManagerMasterEndpoint: Registering block manager 81b7fe425a18:33475 with 434.4 MiB RAM, BlockManagerId(driver, 81b7fe425a18, 33475, None)
[2025-08-18T04:03:53.849+0000] {spark_submit.py:579} INFO - 25/08/18 04:03:53 INFO BlockManagerMaster: Registered BlockManager BlockManagerId(driver, 81b7fe425a18, 33475, None)
[2025-08-18T04:03:53.850+0000] {spark_submit.py:579} INFO - 25/08/18 04:03:53 INFO BlockManager: Initialized BlockManager: BlockManagerId(driver, 81b7fe425a18, 33475, None)
[2025-08-18T04:03:53.922+0000] {spark_submit.py:579} INFO - 25/08/18 04:03:53 INFO StandaloneAppClient$ClientEndpoint: Executor added: app-20250818040353-0000/0 on worker-20250818040116-172.18.0.5-39965 (172.18.0.5:39965) with 2 core(s)
[2025-08-18T04:03:53.923+0000] {spark_submit.py:579} INFO - 25/08/18 04:03:53 INFO StandaloneSchedulerBackend: Granted executor ID app-20250818040353-0000/0 on hostPort 172.18.0.5:39965 with 2 core(s), 1024.0 MiB RAM
[2025-08-18T04:03:53.994+0000] {spark_submit.py:579} INFO - 25/08/18 04:03:53 INFO StandaloneSchedulerBackend: SchedulerBackend is ready for scheduling beginning after reached minRegisteredResourcesRatio: 0.0
[2025-08-18T04:03:54.848+0000] {spark_submit.py:579} INFO - 25/08/18 04:03:54 INFO StandaloneAppClient$ClientEndpoint: Executor updated: app-20250818040353-0000/0 is now RUNNING
[2025-08-18T04:03:58.038+0000] {spark_submit.py:579} INFO - dict_keys(['daily', 'daily960', 'live_rapid', 'live_blitz', 'live_bullet', 'live_bughouse', 'live_blitz960', 'live_threecheck', 'live_crazyhouse', 'live_kingofthehill', 'tactics', 'rush', 'battle'])
[2025-08-18T04:03:58.165+0000] {spark_submit.py:579} INFO - 25/08/18 04:03:58 INFO StandaloneSchedulerBackend$StandaloneDriverEndpoint: Registered executor NettyRpcEndpointRef(spark-client://Executor) (172.18.0.5:59830) with ID 0, ResourceProfileId 0
[2025-08-18T04:03:58.367+0000] {spark_submit.py:579} INFO - 25/08/18 04:03:58 INFO BlockManagerMasterEndpoint: Registering block manager 172.18.0.5:43945 with 434.4 MiB RAM, BlockManagerId(0, 172.18.0.5, 43945, None)
[2025-08-18T04:03:58.371+0000] {spark_submit.py:579} INFO - 25/08/18 04:03:58 INFO SharedState: Setting hive.metastore.warehouse.dir ('null') to the value of spark.sql.warehouse.dir.
[2025-08-18T04:03:58.374+0000] {spark_submit.py:579} INFO - 25/08/18 04:03:58 INFO SharedState: Warehouse path is 'file:/opt/***/spark-warehouse'.
[2025-08-18T04:04:00.893+0000] {spark_submit.py:579} INFO - 25/08/18 04:04:00 WARN SparkStringUtils: Truncated the string representation of a plan since it was too large. This behavior can be adjusted by setting 'spark.sql.debug.maxToStringFields'.
[2025-08-18T04:04:01.241+0000] {spark_submit.py:579} INFO - 25/08/18 04:04:01 INFO CodeGenerator: Code generated in 233.485631 ms
[2025-08-18T04:04:01.301+0000] {spark_submit.py:579} INFO - 25/08/18 04:04:01 INFO SparkContext: Starting job: jdbc at NativeMethodAccessorImpl.java:0
[2025-08-18T04:04:01.313+0000] {spark_submit.py:579} INFO - 25/08/18 04:04:01 INFO DAGScheduler: Got job 0 (jdbc at NativeMethodAccessorImpl.java:0) with 2 output partitions
[2025-08-18T04:04:01.315+0000] {spark_submit.py:579} INFO - 25/08/18 04:04:01 INFO DAGScheduler: Final stage: ResultStage 0 (jdbc at NativeMethodAccessorImpl.java:0)
[2025-08-18T04:04:01.316+0000] {spark_submit.py:579} INFO - 25/08/18 04:04:01 INFO DAGScheduler: Parents of final stage: List()
[2025-08-18T04:04:01.317+0000] {spark_submit.py:579} INFO - 25/08/18 04:04:01 INFO DAGScheduler: Missing parents: List()
[2025-08-18T04:04:01.321+0000] {spark_submit.py:579} INFO - 25/08/18 04:04:01 INFO DAGScheduler: Submitting ResultStage 0 (MapPartitionsRDD[58] at jdbc at NativeMethodAccessorImpl.java:0), which has no missing parents
[2025-08-18T04:04:01.381+0000] {spark_submit.py:579} INFO - 25/08/18 04:04:01 INFO MemoryStore: MemoryStore started with capacity 434.4 MiB
[2025-08-18T04:04:01.402+0000] {spark_submit.py:579} INFO - 25/08/18 04:04:01 INFO MemoryStore: Block broadcast_0 stored as values in memory (estimated size 33.7 KiB, free 434.4 MiB)
[2025-08-18T04:04:01.433+0000] {spark_submit.py:579} INFO - 25/08/18 04:04:01 INFO MemoryStore: Block broadcast_0_piece0 stored as bytes in memory (estimated size 14.4 KiB, free 434.4 MiB)
[2025-08-18T04:04:01.439+0000] {spark_submit.py:579} INFO - 25/08/18 04:04:01 INFO SparkContext: Created broadcast 0 from broadcast at DAGScheduler.scala:1676
[2025-08-18T04:04:01.455+0000] {spark_submit.py:579} INFO - 25/08/18 04:04:01 INFO DAGScheduler: Submitting 2 missing tasks from ResultStage 0 (MapPartitionsRDD[58] at jdbc at NativeMethodAccessorImpl.java:0) (first 15 tasks are for partitions Vector(0, 1))
[2025-08-18T04:04:01.463+0000] {spark_submit.py:579} INFO - 25/08/18 04:04:01 INFO TaskSchedulerImpl: Adding task set 0.0 with 2 tasks resource profile 0
[2025-08-18T04:04:01.493+0000] {spark_submit.py:579} INFO - 25/08/18 04:04:01 INFO TaskSetManager: Starting task 0.0 in stage 0.0 (TID 0) (172.18.0.5,executor 0, partition 0, PROCESS_LOCAL, 17671 bytes)
[2025-08-18T04:04:01.496+0000] {spark_submit.py:579} INFO - 25/08/18 04:04:01 INFO TaskSetManager: Starting task 1.0 in stage 0.0 (TID 1) (172.18.0.5,executor 0, partition 1, PROCESS_LOCAL, 17406 bytes)
[2025-08-18T04:04:05.953+0000] {spark_submit.py:579} INFO - 25/08/18 04:04:05 INFO TaskSetManager: Finished task 1.0 in stage 0.0 (TID 1) in 4455 ms on 172.18.0.5 (executor 0) (1/2)
[2025-08-18T04:04:05.954+0000] {spark_submit.py:579} INFO - 25/08/18 04:04:05 INFO TaskSetManager: Finished task 0.0 in stage 0.0 (TID 0) in 4475 ms on 172.18.0.5 (executor 0) (2/2)
[2025-08-18T04:04:05.956+0000] {spark_submit.py:579} INFO - 25/08/18 04:04:05 INFO TaskSchedulerImpl: Removed TaskSet 0.0 whose tasks have all completed, from pool
[2025-08-18T04:04:05.958+0000] {spark_submit.py:579} INFO - 25/08/18 04:04:05 INFO PythonAccumulatorV2: Connected to AccumulatorServer at host: 127.0.0.1 port: 35967
[2025-08-18T04:04:05.962+0000] {spark_submit.py:579} INFO - 25/08/18 04:04:05 INFO DAGScheduler: ResultStage 0 (jdbc at NativeMethodAccessorImpl.java:0) finished in 4631 ms
[2025-08-18T04:04:05.966+0000] {spark_submit.py:579} INFO - 25/08/18 04:04:05 INFO DAGScheduler: Job 0 is finished. Cancelling potential speculative or zombie tasks for this job
[2025-08-18T04:04:05.966+0000] {spark_submit.py:579} INFO - 25/08/18 04:04:05 INFO TaskSchedulerImpl: Canceling stage 0
[2025-08-18T04:04:05.968+0000] {spark_submit.py:579} INFO - 25/08/18 04:04:05 INFO TaskSchedulerImpl: Killing all running tasks in stage 0: Stage finished
[2025-08-18T04:04:05.971+0000] {spark_submit.py:579} INFO - 25/08/18 04:04:05 INFO DAGScheduler: Job 0 finished: jdbc at NativeMethodAccessorImpl.java:0, took 4670.483184 ms
[2025-08-18T04:04:06.069+0000] {spark_submit.py:579} INFO - table daily has been loaded
[2025-08-18T04:04:06.197+0000] {spark_submit.py:579} INFO - 25/08/18 04:04:06 INFO SparkContext: Starting job: jdbc at NativeMethodAccessorImpl.java:0
[2025-08-18T04:04:06.198+0000] {spark_submit.py:579} INFO - 25/08/18 04:04:06 INFO DAGScheduler: Got job 1 (jdbc at NativeMethodAccessorImpl.java:0) with 2 output partitions
[2025-08-18T04:04:06.199+0000] {spark_submit.py:579} INFO - 25/08/18 04:04:06 INFO DAGScheduler: Final stage: ResultStage 1 (jdbc at NativeMethodAccessorImpl.java:0)
[2025-08-18T04:04:06.199+0000] {spark_submit.py:579} INFO - 25/08/18 04:04:06 INFO DAGScheduler: Parents of final stage: List()
[2025-08-18T04:04:06.200+0000] {spark_submit.py:579} INFO - 25/08/18 04:04:06 INFO DAGScheduler: Missing parents: List()
[2025-08-18T04:04:06.200+0000] {spark_submit.py:579} INFO - 25/08/18 04:04:06 INFO DAGScheduler: Submitting ResultStage 1 (MapPartitionsRDD[62] at jdbc at NativeMethodAccessorImpl.java:0), which has no missing parents
[2025-08-18T04:04:06.204+0000] {spark_submit.py:579} INFO - 25/08/18 04:04:06 INFO MemoryStore: Block broadcast_1 stored as values in memory (estimated size 33.8 KiB, free 434.3 MiB)
[2025-08-18T04:04:06.207+0000] {spark_submit.py:579} INFO - 25/08/18 04:04:06 INFO MemoryStore: Block broadcast_1_piece0 stored as bytes in memory (estimated size 14.4 KiB, free 434.3 MiB)
[2025-08-18T04:04:06.208+0000] {spark_submit.py:579} INFO - 25/08/18 04:04:06 INFO SparkContext: Created broadcast 1 from broadcast at DAGScheduler.scala:1676
[2025-08-18T04:04:06.209+0000] {spark_submit.py:579} INFO - 25/08/18 04:04:06 INFO DAGScheduler: Submitting 2 missing tasks from ResultStage 1 (MapPartitionsRDD[62] at jdbc at NativeMethodAccessorImpl.java:0) (first 15 tasks are for partitions Vector(0, 1))
[2025-08-18T04:04:06.209+0000] {spark_submit.py:579} INFO - 25/08/18 04:04:06 INFO TaskSchedulerImpl: Adding task set 1.0 with 2 tasks resource profile 0
[2025-08-18T04:04:06.211+0000] {spark_submit.py:579} INFO - 25/08/18 04:04:06 INFO TaskSetManager: Starting task 0.0 in stage 1.0 (TID 2) (172.18.0.5,executor 0, partition 0, PROCESS_LOCAL, 17999 bytes)
[2025-08-18T04:04:06.212+0000] {spark_submit.py:579} INFO - 25/08/18 04:04:06 INFO TaskSetManager: Starting task 1.0 in stage 1.0 (TID 3) (172.18.0.5,executor 0, partition 1, PROCESS_LOCAL, 17911 bytes)
[2025-08-18T04:04:06.579+0000] {spark_submit.py:579} INFO - 25/08/18 04:04:06 INFO TaskSetManager: Finished task 0.0 in stage 1.0 (TID 2) in 368 ms on 172.18.0.5 (executor 0) (1/2)
[2025-08-18T04:04:06.580+0000] {spark_submit.py:579} INFO - 25/08/18 04:04:06 INFO TaskSetManager: Finished task 1.0 in stage 1.0 (TID 3) in 368 ms on 172.18.0.5 (executor 0) (2/2)
[2025-08-18T04:04:06.580+0000] {spark_submit.py:579} INFO - 25/08/18 04:04:06 INFO TaskSchedulerImpl: Removed TaskSet 1.0 whose tasks have all completed, from pool
[2025-08-18T04:04:06.581+0000] {spark_submit.py:579} INFO - 25/08/18 04:04:06 INFO DAGScheduler: ResultStage 1 (jdbc at NativeMethodAccessorImpl.java:0) finished in 380 ms
[2025-08-18T04:04:06.581+0000] {spark_submit.py:579} INFO - 25/08/18 04:04:06 INFO DAGScheduler: Job 1 is finished. Cancelling potential speculative or zombie tasks for this job
[2025-08-18T04:04:06.582+0000] {spark_submit.py:579} INFO - 25/08/18 04:04:06 INFO TaskSchedulerImpl: Canceling stage 1
[2025-08-18T04:04:06.582+0000] {spark_submit.py:579} INFO - 25/08/18 04:04:06 INFO TaskSchedulerImpl: Killing all running tasks in stage 1: Stage finished
[2025-08-18T04:04:06.582+0000] {spark_submit.py:579} INFO - 25/08/18 04:04:06 INFO DAGScheduler: Job 1 finished: jdbc at NativeMethodAccessorImpl.java:0, took 384.537229 ms
[2025-08-18T04:04:06.652+0000] {spark_submit.py:579} INFO - table live_rapid has been loaded
[2025-08-18T04:04:06.760+0000] {spark_submit.py:579} INFO - 25/08/18 04:04:06 INFO SparkContext: Starting job: jdbc at NativeMethodAccessorImpl.java:0
[2025-08-18T04:04:06.762+0000] {spark_submit.py:579} INFO - 25/08/18 04:04:06 INFO DAGScheduler: Got job 2 (jdbc at NativeMethodAccessorImpl.java:0) with 2 output partitions
[2025-08-18T04:04:06.762+0000] {spark_submit.py:579} INFO - 25/08/18 04:04:06 INFO DAGScheduler: Final stage: ResultStage 2 (jdbc at NativeMethodAccessorImpl.java:0)
[2025-08-18T04:04:06.763+0000] {spark_submit.py:579} INFO - 25/08/18 04:04:06 INFO DAGScheduler: Parents of final stage: List()
[2025-08-18T04:04:06.763+0000] {spark_submit.py:579} INFO - 25/08/18 04:04:06 INFO DAGScheduler: Missing parents: List()
[2025-08-18T04:04:06.764+0000] {spark_submit.py:579} INFO - 25/08/18 04:04:06 INFO DAGScheduler: Submitting ResultStage 2 (MapPartitionsRDD[66] at jdbc at NativeMethodAccessorImpl.java:0), which has no missing parents
[2025-08-18T04:04:06.768+0000] {spark_submit.py:579} INFO - 25/08/18 04:04:06 INFO MemoryStore: Block broadcast_2 stored as values in memory (estimated size 33.8 KiB, free 434.3 MiB)
[2025-08-18T04:04:06.774+0000] {spark_submit.py:579} INFO - 25/08/18 04:04:06 INFO MemoryStore: Block broadcast_2_piece0 stored as bytes in memory (estimated size 14.5 KiB, free 434.3 MiB)
[2025-08-18T04:04:06.776+0000] {spark_submit.py:579} INFO - 25/08/18 04:04:06 INFO SparkContext: Created broadcast 2 from broadcast at DAGScheduler.scala:1676
[2025-08-18T04:04:06.777+0000] {spark_submit.py:579} INFO - 25/08/18 04:04:06 INFO DAGScheduler: Submitting 2 missing tasks from ResultStage 2 (MapPartitionsRDD[66] at jdbc at NativeMethodAccessorImpl.java:0) (first 15 tasks are for partitions Vector(0, 1))
[2025-08-18T04:04:06.778+0000] {spark_submit.py:579} INFO - 25/08/18 04:04:06 INFO TaskSchedulerImpl: Adding task set 2.0 with 2 tasks resource profile 0
[2025-08-18T04:04:06.779+0000] {spark_submit.py:579} INFO - 25/08/18 04:04:06 INFO TaskSetManager: Starting task 0.0 in stage 2.0 (TID 4) (172.18.0.5,executor 0, partition 0, PROCESS_LOCAL, 18077 bytes)
[2025-08-18T04:04:06.781+0000] {spark_submit.py:579} INFO - 25/08/18 04:04:06 INFO TaskSetManager: Starting task 1.0 in stage 2.0 (TID 5) (172.18.0.5,executor 0, partition 1, PROCESS_LOCAL, 18133 bytes)
[2025-08-18T04:04:07.033+0000] {spark_submit.py:579} INFO - 25/08/18 04:04:07 INFO TaskSetManager: Finished task 1.0 in stage 2.0 (TID 5) in 252 ms on 172.18.0.5 (executor 0) (1/2)
[2025-08-18T04:04:07.044+0000] {spark_submit.py:579} INFO - 25/08/18 04:04:07 INFO TaskSetManager: Finished task 0.0 in stage 2.0 (TID 4) in 264 ms on 172.18.0.5 (executor 0) (2/2)
[2025-08-18T04:04:07.046+0000] {spark_submit.py:579} INFO - 25/08/18 04:04:07 INFO TaskSchedulerImpl: Removed TaskSet 2.0 whose tasks have all completed, from pool
[2025-08-18T04:04:07.046+0000] {spark_submit.py:579} INFO - 25/08/18 04:04:07 INFO DAGScheduler: ResultStage 2 (jdbc at NativeMethodAccessorImpl.java:0) finished in 281 ms
[2025-08-18T04:04:07.047+0000] {spark_submit.py:579} INFO - 25/08/18 04:04:07 INFO DAGScheduler: Job 2 is finished. Cancelling potential speculative or zombie tasks for this job
[2025-08-18T04:04:07.047+0000] {spark_submit.py:579} INFO - 25/08/18 04:04:07 INFO TaskSchedulerImpl: Canceling stage 2
[2025-08-18T04:04:07.047+0000] {spark_submit.py:579} INFO - 25/08/18 04:04:07 INFO TaskSchedulerImpl: Killing all running tasks in stage 2: Stage finished
[2025-08-18T04:04:07.048+0000] {spark_submit.py:579} INFO - 25/08/18 04:04:07 INFO DAGScheduler: Job 2 finished: jdbc at NativeMethodAccessorImpl.java:0, took 285.116384 ms
[2025-08-18T04:04:07.108+0000] {spark_submit.py:579} INFO - table live_blitz has been loaded
[2025-08-18T04:04:07.213+0000] {spark_submit.py:579} INFO - 25/08/18 04:04:07 INFO SparkContext: Starting job: jdbc at NativeMethodAccessorImpl.java:0
[2025-08-18T04:04:07.214+0000] {spark_submit.py:579} INFO - 25/08/18 04:04:07 INFO DAGScheduler: Got job 3 (jdbc at NativeMethodAccessorImpl.java:0) with 2 output partitions
[2025-08-18T04:04:07.215+0000] {spark_submit.py:579} INFO - 25/08/18 04:04:07 INFO DAGScheduler: Final stage: ResultStage 3 (jdbc at NativeMethodAccessorImpl.java:0)
[2025-08-18T04:04:07.215+0000] {spark_submit.py:579} INFO - 25/08/18 04:04:07 INFO DAGScheduler: Parents of final stage: List()
[2025-08-18T04:04:07.215+0000] {spark_submit.py:579} INFO - 25/08/18 04:04:07 INFO DAGScheduler: Missing parents: List()
[2025-08-18T04:04:07.216+0000] {spark_submit.py:579} INFO - 25/08/18 04:04:07 INFO DAGScheduler: Submitting ResultStage 3 (MapPartitionsRDD[70] at jdbc at NativeMethodAccessorImpl.java:0), which has no missing parents
[2025-08-18T04:04:07.220+0000] {spark_submit.py:579} INFO - 25/08/18 04:04:07 INFO MemoryStore: Block broadcast_3 stored as values in memory (estimated size 33.8 KiB, free 434.3 MiB)
[2025-08-18T04:04:07.223+0000] {spark_submit.py:579} INFO - 25/08/18 04:04:07 INFO MemoryStore: Block broadcast_3_piece0 stored as bytes in memory (estimated size 14.5 KiB, free 434.3 MiB)
[2025-08-18T04:04:07.224+0000] {spark_submit.py:579} INFO - 25/08/18 04:04:07 INFO SparkContext: Created broadcast 3 from broadcast at DAGScheduler.scala:1676
[2025-08-18T04:04:07.225+0000] {spark_submit.py:579} INFO - 25/08/18 04:04:07 INFO DAGScheduler: Submitting 2 missing tasks from ResultStage 3 (MapPartitionsRDD[70] at jdbc at NativeMethodAccessorImpl.java:0) (first 15 tasks are for partitions Vector(0, 1))
[2025-08-18T04:04:07.226+0000] {spark_submit.py:579} INFO - 25/08/18 04:04:07 INFO TaskSchedulerImpl: Adding task set 3.0 with 2 tasks resource profile 0
[2025-08-18T04:04:07.228+0000] {spark_submit.py:579} INFO - 25/08/18 04:04:07 INFO TaskSetManager: Starting task 0.0 in stage 3.0 (TID 6) (172.18.0.5,executor 0, partition 0, PROCESS_LOCAL, 18140 bytes)
[2025-08-18T04:04:07.229+0000] {spark_submit.py:579} INFO - 25/08/18 04:04:07 INFO TaskSetManager: Starting task 1.0 in stage 3.0 (TID 7) (172.18.0.5,executor 0, partition 1, PROCESS_LOCAL, 17979 bytes)
[2025-08-18T04:04:07.453+0000] {spark_submit.py:579} INFO - 25/08/18 04:04:07 INFO TaskSetManager: Finished task 0.0 in stage 3.0 (TID 6) in 225 ms on 172.18.0.5 (executor 0) (1/2)
[2025-08-18T04:04:07.456+0000] {spark_submit.py:579} INFO - 25/08/18 04:04:07 INFO TaskSetManager: Finished task 1.0 in stage 3.0 (TID 7) in 225 ms on 172.18.0.5 (executor 0) (2/2)
[2025-08-18T04:04:07.457+0000] {spark_submit.py:579} INFO - 25/08/18 04:04:07 INFO TaskSchedulerImpl: Removed TaskSet 3.0 whose tasks have all completed, from pool
[2025-08-18T04:04:07.457+0000] {spark_submit.py:579} INFO - 25/08/18 04:04:07 INFO DAGScheduler: ResultStage 3 (jdbc at NativeMethodAccessorImpl.java:0) finished in 238 ms
[2025-08-18T04:04:07.458+0000] {spark_submit.py:579} INFO - 25/08/18 04:04:07 INFO DAGScheduler: Job 3 is finished. Cancelling potential speculative or zombie tasks for this job
[2025-08-18T04:04:07.458+0000] {spark_submit.py:579} INFO - 25/08/18 04:04:07 INFO TaskSchedulerImpl: Canceling stage 3
[2025-08-18T04:04:07.459+0000] {spark_submit.py:579} INFO - 25/08/18 04:04:07 INFO TaskSchedulerImpl: Killing all running tasks in stage 3: Stage finished
[2025-08-18T04:04:07.459+0000] {spark_submit.py:579} INFO - 25/08/18 04:04:07 INFO DAGScheduler: Job 3 finished: jdbc at NativeMethodAccessorImpl.java:0, took 241.929284 ms
[2025-08-18T04:04:07.519+0000] {spark_submit.py:579} INFO - table live_bullet has been loaded
[2025-08-18T04:04:07.602+0000] {spark_submit.py:579} INFO - 25/08/18 04:04:07 INFO CodeGenerator: Code generated in 21.374185 ms
[2025-08-18T04:04:07.625+0000] {spark_submit.py:579} INFO - 25/08/18 04:04:07 INFO SparkContext: Starting job: jdbc at NativeMethodAccessorImpl.java:0
[2025-08-18T04:04:07.631+0000] {spark_submit.py:579} INFO - 25/08/18 04:04:07 INFO DAGScheduler: Got job 4 (jdbc at NativeMethodAccessorImpl.java:0) with 2 output partitions
[2025-08-18T04:04:07.632+0000] {spark_submit.py:579} INFO - 25/08/18 04:04:07 INFO DAGScheduler: Final stage: ResultStage 4 (jdbc at NativeMethodAccessorImpl.java:0)
[2025-08-18T04:04:07.633+0000] {spark_submit.py:579} INFO - 25/08/18 04:04:07 INFO DAGScheduler: Parents of final stage: List()
[2025-08-18T04:04:07.635+0000] {spark_submit.py:579} INFO - 25/08/18 04:04:07 INFO DAGScheduler: Missing parents: List()
[2025-08-18T04:04:07.636+0000] {spark_submit.py:579} INFO - 25/08/18 04:04:07 INFO DAGScheduler: Submitting ResultStage 4 (MapPartitionsRDD[74] at jdbc at NativeMethodAccessorImpl.java:0), which has no missing parents
[2025-08-18T04:04:07.637+0000] {spark_submit.py:579} INFO - 25/08/18 04:04:07 INFO MemoryStore: Block broadcast_4 stored as values in memory (estimated size 28.0 KiB, free 434.3 MiB)
[2025-08-18T04:04:07.642+0000] {spark_submit.py:579} INFO - 25/08/18 04:04:07 INFO MemoryStore: Block broadcast_4_piece0 stored as bytes in memory (estimated size 12.5 KiB, free 434.3 MiB)
[2025-08-18T04:04:07.644+0000] {spark_submit.py:579} INFO - 25/08/18 04:04:07 INFO SparkContext: Created broadcast 4 from broadcast at DAGScheduler.scala:1676
[2025-08-18T04:04:07.646+0000] {spark_submit.py:579} INFO - 25/08/18 04:04:07 INFO DAGScheduler: Submitting 2 missing tasks from ResultStage 4 (MapPartitionsRDD[74] at jdbc at NativeMethodAccessorImpl.java:0) (first 15 tasks are for partitions Vector(0, 1))
[2025-08-18T04:04:07.647+0000] {spark_submit.py:579} INFO - 25/08/18 04:04:07 INFO TaskSchedulerImpl: Adding task set 4.0 with 2 tasks resource profile 0
[2025-08-18T04:04:07.648+0000] {spark_submit.py:579} INFO - 25/08/18 04:04:07 INFO TaskSetManager: Starting task 0.0 in stage 4.0 (TID 8) (172.18.0.5,executor 0, partition 0, PROCESS_LOCAL, 9868 bytes)
[2025-08-18T04:04:07.649+0000] {spark_submit.py:579} INFO - 25/08/18 04:04:07 INFO TaskSetManager: Starting task 1.0 in stage 4.0 (TID 9) (172.18.0.5,executor 0, partition 1, PROCESS_LOCAL, 10002 bytes)
[2025-08-18T04:04:07.972+0000] {spark_submit.py:579} INFO - 25/08/18 04:04:07 INFO TaskSetManager: Finished task 0.0 in stage 4.0 (TID 8) in 326 ms on 172.18.0.5 (executor 0) (1/2)
[2025-08-18T04:04:08.010+0000] {spark_submit.py:579} INFO - 25/08/18 04:04:08 INFO TaskSetManager: Finished task 1.0 in stage 4.0 (TID 9) in 362 ms on 172.18.0.5 (executor 0) (2/2)
[2025-08-18T04:04:08.010+0000] {spark_submit.py:579} INFO - 25/08/18 04:04:08 INFO TaskSchedulerImpl: Removed TaskSet 4.0 whose tasks have all completed, from pool
[2025-08-18T04:04:08.011+0000] {spark_submit.py:579} INFO - 25/08/18 04:04:08 INFO DAGScheduler: ResultStage 4 (jdbc at NativeMethodAccessorImpl.java:0) finished in 378 ms
[2025-08-18T04:04:08.012+0000] {spark_submit.py:579} INFO - 25/08/18 04:04:08 INFO DAGScheduler: Job 4 is finished. Cancelling potential speculative or zombie tasks for this job
[2025-08-18T04:04:08.013+0000] {spark_submit.py:579} INFO - 25/08/18 04:04:08 INFO TaskSchedulerImpl: Canceling stage 4
[2025-08-18T04:04:08.013+0000] {spark_submit.py:579} INFO - 25/08/18 04:04:08 INFO TaskSchedulerImpl: Killing all running tasks in stage 4: Stage finished
[2025-08-18T04:04:08.014+0000] {spark_submit.py:579} INFO - 25/08/18 04:04:08 INFO DAGScheduler: Job 4 finished: jdbc at NativeMethodAccessorImpl.java:0, took 386.820477 ms
[2025-08-18T04:04:08.065+0000] {spark_submit.py:579} INFO - table kue_daily has been loaded
[2025-08-18T04:04:08.129+0000] {spark_submit.py:579} INFO - 25/08/18 04:04:08 INFO CodeGenerator: Code generated in 13.435871 ms
[2025-08-18T04:04:08.145+0000] {spark_submit.py:579} INFO - 25/08/18 04:04:08 INFO SparkContext: Starting job: jdbc at NativeMethodAccessorImpl.java:0
[2025-08-18T04:04:08.149+0000] {spark_submit.py:579} INFO - 25/08/18 04:04:08 INFO DAGScheduler: Got job 5 (jdbc at NativeMethodAccessorImpl.java:0) with 2 output partitions
[2025-08-18T04:04:08.150+0000] {spark_submit.py:579} INFO - 25/08/18 04:04:08 INFO DAGScheduler: Final stage: ResultStage 5 (jdbc at NativeMethodAccessorImpl.java:0)
[2025-08-18T04:04:08.151+0000] {spark_submit.py:579} INFO - 25/08/18 04:04:08 INFO DAGScheduler: Parents of final stage: List()
[2025-08-18T04:04:08.151+0000] {spark_submit.py:579} INFO - 25/08/18 04:04:08 INFO DAGScheduler: Missing parents: List()
[2025-08-18T04:04:08.152+0000] {spark_submit.py:579} INFO - 25/08/18 04:04:08 INFO DAGScheduler: Submitting ResultStage 5 (MapPartitionsRDD[78] at jdbc at NativeMethodAccessorImpl.java:0), which has no missing parents
[2025-08-18T04:04:08.153+0000] {spark_submit.py:579} INFO - 25/08/18 04:04:08 INFO MemoryStore: Block broadcast_5 stored as values in memory (estimated size 27.1 KiB, free 434.3 MiB)
[2025-08-18T04:04:08.153+0000] {spark_submit.py:579} INFO - 25/08/18 04:04:08 INFO MemoryStore: Block broadcast_5_piece0 stored as bytes in memory (estimated size 12.4 KiB, free 434.3 MiB)
[2025-08-18T04:04:08.155+0000] {spark_submit.py:579} INFO - 25/08/18 04:04:08 INFO SparkContext: Created broadcast 5 from broadcast at DAGScheduler.scala:1676
[2025-08-18T04:04:08.156+0000] {spark_submit.py:579} INFO - 25/08/18 04:04:08 INFO DAGScheduler: Submitting 2 missing tasks from ResultStage 5 (MapPartitionsRDD[78] at jdbc at NativeMethodAccessorImpl.java:0) (first 15 tasks are for partitions Vector(0, 1))
[2025-08-18T04:04:08.157+0000] {spark_submit.py:579} INFO - 25/08/18 04:04:08 INFO TaskSchedulerImpl: Adding task set 5.0 with 2 tasks resource profile 0
[2025-08-18T04:04:08.158+0000] {spark_submit.py:579} INFO - 25/08/18 04:04:08 INFO TaskSetManager: Starting task 0.0 in stage 5.0 (TID 10) (172.18.0.5,executor 0, partition 0, PROCESS_LOCAL, 9868 bytes)
[2025-08-18T04:04:08.159+0000] {spark_submit.py:579} INFO - 25/08/18 04:04:08 INFO TaskSetManager: Starting task 1.0 in stage 5.0 (TID 11) (172.18.0.5,executor 0, partition 1, PROCESS_LOCAL, 10001 bytes)
[2025-08-18T04:04:08.404+0000] {spark_submit.py:579} INFO - 25/08/18 04:04:08 INFO TaskSetManager: Finished task 0.0 in stage 5.0 (TID 10) in 246 ms on 172.18.0.5 (executor 0) (1/2)
[2025-08-18T04:04:08.425+0000] {spark_submit.py:579} INFO - 25/08/18 04:04:08 INFO TaskSetManager: Finished task 1.0 in stage 5.0 (TID 11) in 265 ms on 172.18.0.5 (executor 0) (2/2)
[2025-08-18T04:04:08.425+0000] {spark_submit.py:579} INFO - 25/08/18 04:04:08 INFO TaskSchedulerImpl: Removed TaskSet 5.0 whose tasks have all completed, from pool
[2025-08-18T04:04:08.425+0000] {spark_submit.py:579} INFO - 25/08/18 04:04:08 INFO DAGScheduler: ResultStage 5 (jdbc at NativeMethodAccessorImpl.java:0) finished in 278 ms
[2025-08-18T04:04:08.426+0000] {spark_submit.py:579} INFO - 25/08/18 04:04:08 INFO DAGScheduler: Job 5 is finished. Cancelling potential speculative or zombie tasks for this job
[2025-08-18T04:04:08.426+0000] {spark_submit.py:579} INFO - 25/08/18 04:04:08 INFO TaskSchedulerImpl: Canceling stage 5
[2025-08-18T04:04:08.426+0000] {spark_submit.py:579} INFO - 25/08/18 04:04:08 INFO TaskSchedulerImpl: Killing all running tasks in stage 5: Stage finished
[2025-08-18T04:04:08.427+0000] {spark_submit.py:579} INFO - 25/08/18 04:04:08 INFO DAGScheduler: Job 5 finished: jdbc at NativeMethodAccessorImpl.java:0, took 281.182228 ms
[2025-08-18T04:04:08.488+0000] {spark_submit.py:579} INFO - table kue_rapid has been loaded
[2025-08-18T04:04:08.563+0000] {spark_submit.py:579} INFO - 25/08/18 04:04:08 INFO SparkContext: Starting job: jdbc at NativeMethodAccessorImpl.java:0
[2025-08-18T04:04:08.564+0000] {spark_submit.py:579} INFO - 25/08/18 04:04:08 INFO DAGScheduler: Got job 6 (jdbc at NativeMethodAccessorImpl.java:0) with 2 output partitions
[2025-08-18T04:04:08.564+0000] {spark_submit.py:579} INFO - 25/08/18 04:04:08 INFO DAGScheduler: Final stage: ResultStage 6 (jdbc at NativeMethodAccessorImpl.java:0)
[2025-08-18T04:04:08.564+0000] {spark_submit.py:579} INFO - 25/08/18 04:04:08 INFO DAGScheduler: Parents of final stage: List()
[2025-08-18T04:04:08.565+0000] {spark_submit.py:579} INFO - 25/08/18 04:04:08 INFO DAGScheduler: Missing parents: List()
[2025-08-18T04:04:08.565+0000] {spark_submit.py:579} INFO - 25/08/18 04:04:08 INFO DAGScheduler: Submitting ResultStage 6 (MapPartitionsRDD[82] at jdbc at NativeMethodAccessorImpl.java:0), which has no missing parents
[2025-08-18T04:04:08.567+0000] {spark_submit.py:579} INFO - 25/08/18 04:04:08 INFO MemoryStore: Block broadcast_6 stored as values in memory (estimated size 27.1 KiB, free 434.4 MiB)
[2025-08-18T04:04:08.572+0000] {spark_submit.py:579} INFO - 25/08/18 04:04:08 INFO MemoryStore: Block broadcast_6_piece0 stored as bytes in memory (estimated size 12.3 KiB, free 434.4 MiB)
[2025-08-18T04:04:08.574+0000] {spark_submit.py:579} INFO - 25/08/18 04:04:08 INFO SparkContext: Created broadcast 6 from broadcast at DAGScheduler.scala:1676
[2025-08-18T04:04:08.574+0000] {spark_submit.py:579} INFO - 25/08/18 04:04:08 INFO DAGScheduler: Submitting 2 missing tasks from ResultStage 6 (MapPartitionsRDD[82] at jdbc at NativeMethodAccessorImpl.java:0) (first 15 tasks are for partitions Vector(0, 1))
[2025-08-18T04:04:08.575+0000] {spark_submit.py:579} INFO - 25/08/18 04:04:08 INFO TaskSchedulerImpl: Adding task set 6.0 with 2 tasks resource profile 0
[2025-08-18T04:04:08.576+0000] {spark_submit.py:579} INFO - 25/08/18 04:04:08 INFO TaskSetManager: Starting task 0.0 in stage 6.0 (TID 12) (172.18.0.5,executor 0, partition 0, PROCESS_LOCAL, 9868 bytes)
[2025-08-18T04:04:08.576+0000] {spark_submit.py:579} INFO - 25/08/18 04:04:08 INFO TaskSetManager: Starting task 1.0 in stage 6.0 (TID 13) (172.18.0.5,executor 0, partition 1, PROCESS_LOCAL, 10001 bytes)
[2025-08-18T04:04:08.746+0000] {spark_submit.py:579} INFO - 25/08/18 04:04:08 INFO TaskSetManager: Finished task 0.0 in stage 6.0 (TID 12) in 170 ms on 172.18.0.5 (executor 0) (1/2)
[2025-08-18T04:04:08.776+0000] {spark_submit.py:579} INFO - 25/08/18 04:04:08 INFO TaskSetManager: Finished task 1.0 in stage 6.0 (TID 13) in 200 ms on 172.18.0.5 (executor 0) (2/2)
[2025-08-18T04:04:08.778+0000] {spark_submit.py:579} INFO - 25/08/18 04:04:08 INFO TaskSchedulerImpl: Removed TaskSet 6.0 whose tasks have all completed, from pool
[2025-08-18T04:04:08.779+0000] {spark_submit.py:579} INFO - 25/08/18 04:04:08 INFO DAGScheduler: ResultStage 6 (jdbc at NativeMethodAccessorImpl.java:0) finished in 212 ms
[2025-08-18T04:04:08.780+0000] {spark_submit.py:579} INFO - 25/08/18 04:04:08 INFO DAGScheduler: Job 6 is finished. Cancelling potential speculative or zombie tasks for this job
[2025-08-18T04:04:08.780+0000] {spark_submit.py:579} INFO - 25/08/18 04:04:08 INFO TaskSchedulerImpl: Canceling stage 6
[2025-08-18T04:04:08.781+0000] {spark_submit.py:579} INFO - 25/08/18 04:04:08 INFO TaskSchedulerImpl: Killing all running tasks in stage 6: Stage finished
[2025-08-18T04:04:08.781+0000] {spark_submit.py:579} INFO - 25/08/18 04:04:08 INFO DAGScheduler: Job 6 finished: jdbc at NativeMethodAccessorImpl.java:0, took 214.729621 ms
[2025-08-18T04:04:08.832+0000] {spark_submit.py:579} INFO - table kue_blitz has been loaded
[2025-08-18T04:04:08.906+0000] {spark_submit.py:579} INFO - 25/08/18 04:04:08 INFO CodeGenerator: Code generated in 9.860439 ms
[2025-08-18T04:04:08.919+0000] {spark_submit.py:579} INFO - 25/08/18 04:04:08 INFO SparkContext: Starting job: jdbc at NativeMethodAccessorImpl.java:0
[2025-08-18T04:04:08.920+0000] {spark_submit.py:579} INFO - 25/08/18 04:04:08 INFO DAGScheduler: Got job 7 (jdbc at NativeMethodAccessorImpl.java:0) with 2 output partitions
[2025-08-18T04:04:08.920+0000] {spark_submit.py:579} INFO - 25/08/18 04:04:08 INFO DAGScheduler: Final stage: ResultStage 7 (jdbc at NativeMethodAccessorImpl.java:0)
[2025-08-18T04:04:08.921+0000] {spark_submit.py:579} INFO - 25/08/18 04:04:08 INFO DAGScheduler: Parents of final stage: List()
[2025-08-18T04:04:08.921+0000] {spark_submit.py:579} INFO - 25/08/18 04:04:08 INFO DAGScheduler: Missing parents: List()
[2025-08-18T04:04:08.921+0000] {spark_submit.py:579} INFO - 25/08/18 04:04:08 INFO DAGScheduler: Submitting ResultStage 7 (MapPartitionsRDD[86] at jdbc at NativeMethodAccessorImpl.java:0), which has no missing parents
[2025-08-18T04:04:08.923+0000] {spark_submit.py:579} INFO - 25/08/18 04:04:08 INFO MemoryStore: Block broadcast_7 stored as values in memory (estimated size 25.7 KiB, free 434.3 MiB)
[2025-08-18T04:04:08.925+0000] {spark_submit.py:579} INFO - 25/08/18 04:04:08 INFO MemoryStore: Block broadcast_7_piece0 stored as bytes in memory (estimated size 12.0 KiB, free 434.3 MiB)
[2025-08-18T04:04:08.926+0000] {spark_submit.py:579} INFO - 25/08/18 04:04:08 INFO SparkContext: Created broadcast 7 from broadcast at DAGScheduler.scala:1676
[2025-08-18T04:04:08.927+0000] {spark_submit.py:579} INFO - 25/08/18 04:04:08 INFO DAGScheduler: Submitting 2 missing tasks from ResultStage 7 (MapPartitionsRDD[86] at jdbc at NativeMethodAccessorImpl.java:0) (first 15 tasks are for partitions Vector(0, 1))
[2025-08-18T04:04:08.927+0000] {spark_submit.py:579} INFO - 25/08/18 04:04:08 INFO TaskSchedulerImpl: Adding task set 7.0 with 2 tasks resource profile 0
[2025-08-18T04:04:08.928+0000] {spark_submit.py:579} INFO - 25/08/18 04:04:08 INFO TaskSetManager: Starting task 0.0 in stage 7.0 (TID 14) (172.18.0.5,executor 0, partition 0, PROCESS_LOCAL, 9868 bytes)
[2025-08-18T04:04:08.929+0000] {spark_submit.py:579} INFO - 25/08/18 04:04:08 INFO TaskSetManager: Starting task 1.0 in stage 7.0 (TID 15) (172.18.0.5,executor 0, partition 1, PROCESS_LOCAL, 9927 bytes)
[2025-08-18T04:04:09.118+0000] {spark_submit.py:579} INFO - 25/08/18 04:04:09 INFO TaskSetManager: Finished task 0.0 in stage 7.0 (TID 14) in 189 ms on 172.18.0.5 (executor 0) (1/2)
[2025-08-18T04:04:09.161+0000] {spark_submit.py:579} INFO - 25/08/18 04:04:09 INFO TaskSetManager: Finished task 1.0 in stage 7.0 (TID 15) in 232 ms on 172.18.0.5 (executor 0) (2/2)
[2025-08-18T04:04:09.162+0000] {spark_submit.py:579} INFO - 25/08/18 04:04:09 INFO TaskSchedulerImpl: Removed TaskSet 7.0 whose tasks have all completed, from pool
[2025-08-18T04:04:09.163+0000] {spark_submit.py:579} INFO - 25/08/18 04:04:09 INFO DAGScheduler: ResultStage 7 (jdbc at NativeMethodAccessorImpl.java:0) finished in 241 ms
[2025-08-18T04:04:09.164+0000] {spark_submit.py:579} INFO - 25/08/18 04:04:09 INFO DAGScheduler: Job 7 is finished. Cancelling potential speculative or zombie tasks for this job
[2025-08-18T04:04:09.164+0000] {spark_submit.py:579} INFO - 25/08/18 04:04:09 INFO TaskSchedulerImpl: Canceling stage 7
[2025-08-18T04:04:09.165+0000] {spark_submit.py:579} INFO - 25/08/18 04:04:09 INFO TaskSchedulerImpl: Killing all running tasks in stage 7: Stage finished
[2025-08-18T04:04:09.165+0000] {spark_submit.py:579} INFO - 25/08/18 04:04:09 INFO DAGScheduler: Job 7 finished: jdbc at NativeMethodAccessorImpl.java:0, took 243.643895 ms
[2025-08-18T04:04:09.205+0000] {spark_submit.py:579} INFO - table kue_bullet has been loaded
[2025-08-18T04:04:09.250+0000] {spark_submit.py:579} INFO - 25/08/18 04:04:09 INFO CodeGenerator: Code generated in 7.196066 ms
[2025-08-18T04:04:09.262+0000] {spark_submit.py:579} INFO - 25/08/18 04:04:09 INFO SparkContext: Starting job: jdbc at NativeMethodAccessorImpl.java:0
[2025-08-18T04:04:09.263+0000] {spark_submit.py:579} INFO - 25/08/18 04:04:09 INFO DAGScheduler: Got job 8 (jdbc at NativeMethodAccessorImpl.java:0) with 2 output partitions
[2025-08-18T04:04:09.263+0000] {spark_submit.py:579} INFO - 25/08/18 04:04:09 INFO DAGScheduler: Final stage: ResultStage 8 (jdbc at NativeMethodAccessorImpl.java:0)
[2025-08-18T04:04:09.264+0000] {spark_submit.py:579} INFO - 25/08/18 04:04:09 INFO DAGScheduler: Parents of final stage: List()
[2025-08-18T04:04:09.265+0000] {spark_submit.py:579} INFO - 25/08/18 04:04:09 INFO DAGScheduler: Missing parents: List()
[2025-08-18T04:04:09.265+0000] {spark_submit.py:579} INFO - 25/08/18 04:04:09 INFO DAGScheduler: Submitting ResultStage 8 (MapPartitionsRDD[90] at jdbc at NativeMethodAccessorImpl.java:0), which has no missing parents
[2025-08-18T04:04:09.266+0000] {spark_submit.py:579} INFO - 25/08/18 04:04:09 INFO MemoryStore: Block broadcast_8 stored as values in memory (estimated size 25.3 KiB, free 434.3 MiB)
[2025-08-18T04:04:09.267+0000] {spark_submit.py:579} INFO - 25/08/18 04:04:09 INFO MemoryStore: Block broadcast_8_piece0 stored as bytes in memory (estimated size 12.0 KiB, free 434.3 MiB)
[2025-08-18T04:04:09.268+0000] {spark_submit.py:579} INFO - 25/08/18 04:04:09 INFO SparkContext: Created broadcast 8 from broadcast at DAGScheduler.scala:1676
[2025-08-18T04:04:09.269+0000] {spark_submit.py:579} INFO - 25/08/18 04:04:09 INFO DAGScheduler: Submitting 2 missing tasks from ResultStage 8 (MapPartitionsRDD[90] at jdbc at NativeMethodAccessorImpl.java:0) (first 15 tasks are for partitions Vector(0, 1))
[2025-08-18T04:04:09.270+0000] {spark_submit.py:579} INFO - 25/08/18 04:04:09 INFO TaskSchedulerImpl: Adding task set 8.0 with 2 tasks resource profile 0
[2025-08-18T04:04:09.270+0000] {spark_submit.py:579} INFO - 25/08/18 04:04:09 INFO TaskSetManager: Starting task 0.0 in stage 8.0 (TID 16) (172.18.0.5,executor 0, partition 0, PROCESS_LOCAL, 9868 bytes)
[2025-08-18T04:04:09.271+0000] {spark_submit.py:579} INFO - 25/08/18 04:04:09 INFO TaskSetManager: Starting task 1.0 in stage 8.0 (TID 17) (172.18.0.5,executor 0, partition 1, PROCESS_LOCAL, 9946 bytes)
[2025-08-18T04:04:09.458+0000] {spark_submit.py:579} INFO - 25/08/18 04:04:09 INFO TaskSetManager: Finished task 0.0 in stage 8.0 (TID 16) in 187 ms on 172.18.0.5 (executor 0) (1/2)
[2025-08-18T04:04:09.485+0000] {spark_submit.py:579} INFO - 25/08/18 04:04:09 INFO TaskSetManager: Finished task 1.0 in stage 8.0 (TID 17) in 214 ms on 172.18.0.5 (executor 0) (2/2)
[2025-08-18T04:04:09.485+0000] {spark_submit.py:579} INFO - 25/08/18 04:04:09 INFO TaskSchedulerImpl: Removed TaskSet 8.0 whose tasks have all completed, from pool
[2025-08-18T04:04:09.486+0000] {spark_submit.py:579} INFO - 25/08/18 04:04:09 INFO DAGScheduler: ResultStage 8 (jdbc at NativeMethodAccessorImpl.java:0) finished in 221 ms
[2025-08-18T04:04:09.486+0000] {spark_submit.py:579} INFO - 25/08/18 04:04:09 INFO DAGScheduler: Job 8 is finished. Cancelling potential speculative or zombie tasks for this job
[2025-08-18T04:04:09.487+0000] {spark_submit.py:579} INFO - 25/08/18 04:04:09 INFO TaskSchedulerImpl: Canceling stage 8
[2025-08-18T04:04:09.487+0000] {spark_submit.py:579} INFO - 25/08/18 04:04:09 INFO TaskSchedulerImpl: Killing all running tasks in stage 8: Stage finished
[2025-08-18T04:04:09.487+0000] {spark_submit.py:579} INFO - 25/08/18 04:04:09 INFO DAGScheduler: Job 8 finished: jdbc at NativeMethodAccessorImpl.java:0, took 224.223436 ms
[2025-08-18T04:04:09.528+0000] {spark_submit.py:579} INFO - table kue_tactics has been loaded
[2025-08-18T04:04:09.581+0000] {spark_submit.py:579} INFO - 25/08/18 04:04:09 INFO CodeGenerator: Code generated in 8.206932 ms
[2025-08-18T04:04:09.596+0000] {spark_submit.py:579} INFO - 25/08/18 04:04:09 INFO SparkContext: Starting job: jdbc at NativeMethodAccessorImpl.java:0
[2025-08-18T04:04:09.597+0000] {spark_submit.py:579} INFO - 25/08/18 04:04:09 INFO DAGScheduler: Got job 9 (jdbc at NativeMethodAccessorImpl.java:0) with 2 output partitions
[2025-08-18T04:04:09.598+0000] {spark_submit.py:579} INFO - 25/08/18 04:04:09 INFO DAGScheduler: Final stage: ResultStage 9 (jdbc at NativeMethodAccessorImpl.java:0)
[2025-08-18T04:04:09.598+0000] {spark_submit.py:579} INFO - 25/08/18 04:04:09 INFO DAGScheduler: Parents of final stage: List()
[2025-08-18T04:04:09.599+0000] {spark_submit.py:579} INFO - 25/08/18 04:04:09 INFO DAGScheduler: Missing parents: List()
[2025-08-18T04:04:09.599+0000] {spark_submit.py:579} INFO - 25/08/18 04:04:09 INFO DAGScheduler: Submitting ResultStage 9 (MapPartitionsRDD[94] at jdbc at NativeMethodAccessorImpl.java:0), which has no missing parents
[2025-08-18T04:04:09.601+0000] {spark_submit.py:579} INFO - 25/08/18 04:04:09 INFO MemoryStore: Block broadcast_9 stored as values in memory (estimated size 23.6 KiB, free 434.3 MiB)
[2025-08-18T04:04:09.603+0000] {spark_submit.py:579} INFO - 25/08/18 04:04:09 INFO MemoryStore: Block broadcast_9_piece0 stored as bytes in memory (estimated size 11.4 KiB, free 434.3 MiB)
[2025-08-18T04:04:09.605+0000] {spark_submit.py:579} INFO - 25/08/18 04:04:09 INFO SparkContext: Created broadcast 9 from broadcast at DAGScheduler.scala:1676
[2025-08-18T04:04:09.605+0000] {spark_submit.py:579} INFO - 25/08/18 04:04:09 INFO DAGScheduler: Submitting 2 missing tasks from ResultStage 9 (MapPartitionsRDD[94] at jdbc at NativeMethodAccessorImpl.java:0) (first 15 tasks are for partitions Vector(0, 1))
[2025-08-18T04:04:09.606+0000] {spark_submit.py:579} INFO - 25/08/18 04:04:09 INFO TaskSchedulerImpl: Adding task set 9.0 with 2 tasks resource profile 0
[2025-08-18T04:04:09.607+0000] {spark_submit.py:579} INFO - 25/08/18 04:04:09 INFO TaskSetManager: Starting task 0.0 in stage 9.0 (TID 18) (172.18.0.5,executor 0, partition 0, PROCESS_LOCAL, 9868 bytes)
[2025-08-18T04:04:09.607+0000] {spark_submit.py:579} INFO - 25/08/18 04:04:09 INFO TaskSetManager: Starting task 1.0 in stage 9.0 (TID 19) (172.18.0.5,executor 0, partition 1, PROCESS_LOCAL, 9899 bytes)
[2025-08-18T04:04:09.792+0000] {spark_submit.py:579} INFO - 25/08/18 04:04:09 INFO TaskSetManager: Finished task 0.0 in stage 9.0 (TID 18) in 186 ms on 172.18.0.5 (executor 0) (1/2)
[2025-08-18T04:04:09.817+0000] {spark_submit.py:579} INFO - 25/08/18 04:04:09 INFO TaskSetManager: Finished task 1.0 in stage 9.0 (TID 19) in 210 ms on 172.18.0.5 (executor 0) (2/2)
[2025-08-18T04:04:09.817+0000] {spark_submit.py:579} INFO - 25/08/18 04:04:09 INFO TaskSchedulerImpl: Removed TaskSet 9.0 whose tasks have all completed, from pool
[2025-08-18T04:04:09.818+0000] {spark_submit.py:579} INFO - 25/08/18 04:04:09 INFO DAGScheduler: ResultStage 9 (jdbc at NativeMethodAccessorImpl.java:0) finished in 218 ms
[2025-08-18T04:04:09.818+0000] {spark_submit.py:579} INFO - 25/08/18 04:04:09 INFO DAGScheduler: Job 9 is finished. Cancelling potential speculative or zombie tasks for this job
[2025-08-18T04:04:09.819+0000] {spark_submit.py:579} INFO - 25/08/18 04:04:09 INFO TaskSchedulerImpl: Canceling stage 9
[2025-08-18T04:04:09.820+0000] {spark_submit.py:579} INFO - 25/08/18 04:04:09 INFO TaskSchedulerImpl: Killing all running tasks in stage 9: Stage finished
[2025-08-18T04:04:09.820+0000] {spark_submit.py:579} INFO - 25/08/18 04:04:09 INFO DAGScheduler: Job 9 finished: jdbc at NativeMethodAccessorImpl.java:0, took 221.874684 ms
[2025-08-18T04:04:09.863+0000] {spark_submit.py:579} INFO - table kue_puzzle_rush has been loaded
[2025-08-18T04:04:09.913+0000] {spark_submit.py:579} INFO - 25/08/18 04:04:09 INFO CodeGenerator: Code generated in 7.065658 ms
[2025-08-18T04:04:09.927+0000] {spark_submit.py:579} INFO - 25/08/18 04:04:09 INFO SparkContext: Starting job: jdbc at NativeMethodAccessorImpl.java:0
[2025-08-18T04:04:09.927+0000] {spark_submit.py:579} INFO - 25/08/18 04:04:09 INFO DAGScheduler: Got job 10 (jdbc at NativeMethodAccessorImpl.java:0) with 2 output partitions
[2025-08-18T04:04:09.928+0000] {spark_submit.py:579} INFO - 25/08/18 04:04:09 INFO DAGScheduler: Final stage: ResultStage 10 (jdbc at NativeMethodAccessorImpl.java:0)
[2025-08-18T04:04:09.928+0000] {spark_submit.py:579} INFO - 25/08/18 04:04:09 INFO DAGScheduler: Parents of final stage: List()
[2025-08-18T04:04:09.928+0000] {spark_submit.py:579} INFO - 25/08/18 04:04:09 INFO DAGScheduler: Missing parents: List()
[2025-08-18T04:04:09.928+0000] {spark_submit.py:579} INFO - 25/08/18 04:04:09 INFO DAGScheduler: Submitting ResultStage 10 (MapPartitionsRDD[98] at jdbc at NativeMethodAccessorImpl.java:0), which has no missing parents
[2025-08-18T04:04:09.930+0000] {spark_submit.py:579} INFO - 25/08/18 04:04:09 INFO MemoryStore: Block broadcast_10 stored as values in memory (estimated size 23.8 KiB, free 434.4 MiB)
[2025-08-18T04:04:09.934+0000] {spark_submit.py:579} INFO - 25/08/18 04:04:09 INFO MemoryStore: Block broadcast_10_piece0 stored as bytes in memory (estimated size 11.5 KiB, free 434.4 MiB)
[2025-08-18T04:04:09.935+0000] {spark_submit.py:579} INFO - 25/08/18 04:04:09 INFO SparkContext: Created broadcast 10 from broadcast at DAGScheduler.scala:1676
[2025-08-18T04:04:09.936+0000] {spark_submit.py:579} INFO - 25/08/18 04:04:09 INFO DAGScheduler: Submitting 2 missing tasks from ResultStage 10 (MapPartitionsRDD[98] at jdbc at NativeMethodAccessorImpl.java:0) (first 15 tasks are for partitions Vector(0, 1))
[2025-08-18T04:04:09.936+0000] {spark_submit.py:579} INFO - 25/08/18 04:04:09 INFO TaskSchedulerImpl: Adding task set 10.0 with 2 tasks resource profile 0
[2025-08-18T04:04:09.939+0000] {spark_submit.py:579} INFO - 25/08/18 04:04:09 INFO TaskSetManager: Starting task 0.0 in stage 10.0 (TID 20) (172.18.0.5,executor 0, partition 0, PROCESS_LOCAL, 12445 bytes)
[2025-08-18T04:04:09.939+0000] {spark_submit.py:579} INFO - 25/08/18 04:04:09 INFO TaskSetManager: Starting task 1.0 in stage 10.0 (TID 21) (172.18.0.5,executor 0, partition 1, PROCESS_LOCAL, 12657 bytes)
[2025-08-18T04:04:10.154+0000] {spark_submit.py:579} INFO - 25/08/18 04:04:10 INFO TaskSetManager: Finished task 1.0 in stage 10.0 (TID 21) in 216 ms on 172.18.0.5 (executor 0) (1/2)
[2025-08-18T04:04:10.158+0000] {spark_submit.py:579} INFO - 25/08/18 04:04:10 INFO TaskSetManager: Finished task 0.0 in stage 10.0 (TID 20) in 217 ms on 172.18.0.5 (executor 0) (2/2)
[2025-08-18T04:04:10.159+0000] {spark_submit.py:579} INFO - 25/08/18 04:04:10 INFO TaskSchedulerImpl: Removed TaskSet 10.0 whose tasks have all completed, from pool
[2025-08-18T04:04:10.159+0000] {spark_submit.py:579} INFO - 25/08/18 04:04:10 INFO DAGScheduler: ResultStage 10 (jdbc at NativeMethodAccessorImpl.java:0) finished in 226 ms
[2025-08-18T04:04:10.159+0000] {spark_submit.py:579} INFO - 25/08/18 04:04:10 INFO DAGScheduler: Job 10 is finished. Cancelling potential speculative or zombie tasks for this job
[2025-08-18T04:04:10.160+0000] {spark_submit.py:579} INFO - 25/08/18 04:04:10 INFO TaskSchedulerImpl: Canceling stage 10
[2025-08-18T04:04:10.160+0000] {spark_submit.py:579} INFO - 25/08/18 04:04:10 INFO TaskSchedulerImpl: Killing all running tasks in stage 10: Stage finished
[2025-08-18T04:04:10.160+0000] {spark_submit.py:579} INFO - 25/08/18 04:04:10 INFO DAGScheduler: Job 10 finished: jdbc at NativeMethodAccessorImpl.java:0, took 229.597984 ms
[2025-08-18T04:04:10.209+0000] {spark_submit.py:579} INFO - table country has been loaded
[2025-08-18T04:04:10.435+0000] {spark_submit.py:579} INFO - 25/08/18 04:04:10 INFO SparkContext: Invoking stop() from shutdown hook
[2025-08-18T04:04:10.437+0000] {spark_submit.py:579} INFO - 25/08/18 04:04:10 INFO SparkContext: SparkContext is stopping with exitCode 0 from run at Executors.java:539.
[2025-08-18T04:04:10.445+0000] {spark_submit.py:579} INFO - 25/08/18 04:04:10 INFO SparkUI: Stopped Spark web UI at http://81b7fe425a18:4040
[2025-08-18T04:04:10.448+0000] {spark_submit.py:579} INFO - 25/08/18 04:04:10 INFO StandaloneSchedulerBackend: Shutting down all executors
[2025-08-18T04:04:10.449+0000] {spark_submit.py:579} INFO - 25/08/18 04:04:10 INFO StandaloneSchedulerBackend$StandaloneDriverEndpoint: Asking each executor to shut down
[2025-08-18T04:04:10.464+0000] {spark_submit.py:579} INFO - 25/08/18 04:04:10 INFO MapOutputTrackerMasterEndpoint: MapOutputTrackerMasterEndpoint stopped!
[2025-08-18T04:04:10.489+0000] {spark_submit.py:579} INFO - 25/08/18 04:04:10 INFO MemoryStore: MemoryStore cleared
[2025-08-18T04:04:10.490+0000] {spark_submit.py:579} INFO - 25/08/18 04:04:10 INFO BlockManager: BlockManager stopped
[2025-08-18T04:04:10.492+0000] {spark_submit.py:579} INFO - 25/08/18 04:04:10 INFO BlockManagerMaster: BlockManagerMaster stopped
[2025-08-18T04:04:10.496+0000] {spark_submit.py:579} INFO - 25/08/18 04:04:10 INFO OutputCommitCoordinator$OutputCommitCoordinatorEndpoint: OutputCommitCoordinator stopped!
[2025-08-18T04:04:10.513+0000] {spark_submit.py:579} INFO - 25/08/18 04:04:10 INFO SparkContext: Successfully stopped SparkContext
[2025-08-18T04:04:10.513+0000] {spark_submit.py:579} INFO - 25/08/18 04:04:10 INFO ShutdownHookManager: Shutdown hook called
[2025-08-18T04:04:10.514+0000] {spark_submit.py:579} INFO - 25/08/18 04:04:10 INFO ShutdownHookManager: Deleting directory /opt/***/artifacts/spark-5fcb4a62-2a46-4124-b1a3-5c8e5d63b469
[2025-08-18T04:04:10.523+0000] {spark_submit.py:579} INFO - 25/08/18 04:04:10 INFO ShutdownHookManager: Deleting directory /tmp/spark-39557270-b9e5-44af-92e0-5480a8e324e3
[2025-08-18T04:04:10.533+0000] {spark_submit.py:579} INFO - 25/08/18 04:04:10 INFO ShutdownHookManager: Deleting directory /tmp/spark-a8017177-ec01-46e4-95bc-d453b65ca0fc
[2025-08-18T04:04:10.544+0000] {spark_submit.py:579} INFO - 25/08/18 04:04:10 INFO ShutdownHookManager: Deleting directory /tmp/spark-39557270-b9e5-44af-92e0-5480a8e324e3/pyspark-e1fd9722-c5b3-44d5-8fce-140dfa44dec0
[2025-08-18T04:04:10.611+0000] {taskinstance.py:1398} INFO - Marking task as SUCCESS. dag_id=sparking_flow, task_id=python_job, execution_date=20250818T040344, start_date=20250818T040347, end_date=20250818T040410
[2025-08-18T04:04:10.651+0000] {local_task_job_runner.py:228} INFO - Task exited with return code 0
[2025-08-18T04:04:10.765+0000] {taskinstance.py:2776} INFO - 1 downstream tasks scheduled from follow-on schedule check
