[2025-09-07T05:42:07.904+0000] {taskinstance.py:1157} INFO - Dependencies all met for dep_context=non-requeueable deps ti=<TaskInstance: sparking_flow.python_job manual__2025-09-07T05:42:02.736713+00:00 [queued]>
[2025-09-07T05:42:07.917+0000] {taskinstance.py:1157} INFO - Dependencies all met for dep_context=requeueable deps ti=<TaskInstance: sparking_flow.python_job manual__2025-09-07T05:42:02.736713+00:00 [queued]>
[2025-09-07T05:42:07.922+0000] {taskinstance.py:1359} INFO - Starting attempt 1 of 1
[2025-09-07T05:42:07.944+0000] {taskinstance.py:1380} INFO - Executing <Task(SparkSubmitOperator): python_job> on 2025-09-07 05:42:02.736713+00:00
[2025-09-07T05:42:07.955+0000] {standard_task_runner.py:57} INFO - Started process 12170 to run task
[2025-09-07T05:42:07.960+0000] {standard_task_runner.py:84} INFO - Running: ['***', 'tasks', 'run', 'sparking_flow', 'python_job', 'manual__2025-09-07T05:42:02.736713+00:00', '--job-id', '29', '--raw', '--subdir', 'DAGS_FOLDER/spark_***.py', '--cfg-path', '/tmp/tmpo6i24ifj']
[2025-09-07T05:42:07.972+0000] {standard_task_runner.py:85} INFO - Job 29: Subtask python_job
[2025-09-07T05:42:08.078+0000] {task_command.py:415} INFO - Running <TaskInstance: sparking_flow.python_job manual__2025-09-07T05:42:02.736713+00:00 [running]> on host ac03ab483d89
[2025-09-07T05:42:08.211+0000] {taskinstance.py:1660} INFO - Exporting env vars: AIRFLOW_CTX_DAG_OWNER='Kudzaishe Manyanya' AIRFLOW_CTX_DAG_ID='sparking_flow' AIRFLOW_CTX_TASK_ID='python_job' AIRFLOW_CTX_EXECUTION_DATE='2025-09-07T05:42:02.736713+00:00' AIRFLOW_CTX_TRY_NUMBER='1' AIRFLOW_CTX_DAG_RUN_ID='manual__2025-09-07T05:42:02.736713+00:00'
[2025-09-07T05:42:08.234+0000] {base.py:73} INFO - Using connection ID 'spark-conn' for task execution.
[2025-09-07T05:42:08.236+0000] {spark_submit.py:403} INFO - Spark-Submit cmd: spark-submit --master spark://spark-master:7077 --jars /opt/spark/external-jars/apache-spark-sql-connector.jar --name arrow-spark --deploy-mode client jobs/python/wordcountjob.py
[2025-09-07T05:42:09.391+0000] {spark_submit.py:579} INFO - WARNING: Using incubator modules: jdk.incubator.vector
[2025-09-07T05:42:12.151+0000] {spark_submit.py:579} INFO - 25/09/07 05:42:12 WARN NativeCodeLoader: Unable to load native-hadoop library for your platform... using builtin-java classes where applicable
[2025-09-07T05:42:15.337+0000] {spark_submit.py:579} INFO - Using Spark's default log4j profile: org/apache/spark/log4j2-defaults.properties
[2025-09-07T05:42:15.343+0000] {spark_submit.py:579} INFO - 25/09/07 05:42:15 INFO SparkContext: Running Spark version 4.0.0
[2025-09-07T05:42:15.345+0000] {spark_submit.py:579} INFO - 25/09/07 05:42:15 INFO SparkContext: OS info Linux, 6.6.87.2-microsoft-standard-WSL2, amd64
[2025-09-07T05:42:15.346+0000] {spark_submit.py:579} INFO - 25/09/07 05:42:15 INFO SparkContext: Java version 17.0.15
[2025-09-07T05:42:15.382+0000] {spark_submit.py:579} INFO - 25/09/07 05:42:15 INFO ResourceUtils: ==============================================================
[2025-09-07T05:42:15.383+0000] {spark_submit.py:579} INFO - 25/09/07 05:42:15 INFO ResourceUtils: No custom resources configured for spark.driver.
[2025-09-07T05:42:15.384+0000] {spark_submit.py:579} INFO - 25/09/07 05:42:15 INFO ResourceUtils: ==============================================================
[2025-09-07T05:42:15.385+0000] {spark_submit.py:579} INFO - 25/09/07 05:42:15 INFO SparkContext: Submitted application: PythonWordCount
[2025-09-07T05:42:15.428+0000] {spark_submit.py:579} INFO - 25/09/07 05:42:15 INFO ResourceProfile: Default ResourceProfile created, executor resources: Map(memory -> name: memory, amount: 1024, script: , vendor: , offHeap -> name: offHeap, amount: 0, script: , vendor: ), task resources: Map(cpus -> name: cpus, amount: 1.0)
[2025-09-07T05:42:15.436+0000] {spark_submit.py:579} INFO - 25/09/07 05:42:15 INFO ResourceProfile: Limiting resource is cpu
[2025-09-07T05:42:15.439+0000] {spark_submit.py:579} INFO - 25/09/07 05:42:15 INFO ResourceProfileManager: Added ResourceProfile id: 0
[2025-09-07T05:42:15.526+0000] {spark_submit.py:579} INFO - 25/09/07 05:42:15 INFO SecurityManager: Changing view acls to: ***
[2025-09-07T05:42:15.527+0000] {spark_submit.py:579} INFO - 25/09/07 05:42:15 INFO SecurityManager: Changing modify acls to: ***
[2025-09-07T05:42:15.527+0000] {spark_submit.py:579} INFO - 25/09/07 05:42:15 INFO SecurityManager: Changing view acls groups to: ***
[2025-09-07T05:42:15.527+0000] {spark_submit.py:579} INFO - 25/09/07 05:42:15 INFO SecurityManager: Changing modify acls groups to: ***
[2025-09-07T05:42:15.531+0000] {spark_submit.py:579} INFO - 25/09/07 05:42:15 INFO SecurityManager: SecurityManager: authentication disabled; ui acls disabled; users with view permissions: *** groups with view permissions: EMPTY; users with modify permissions: ***; groups with modify permissions: EMPTY; RPC SSL disabled
[2025-09-07T05:42:15.831+0000] {spark_submit.py:579} INFO - 25/09/07 05:42:15 INFO Utils: Successfully started service 'sparkDriver' on port 35723.
[2025-09-07T05:42:15.869+0000] {spark_submit.py:579} INFO - 25/09/07 05:42:15 INFO SparkEnv: Registering MapOutputTracker
[2025-09-07T05:42:15.881+0000] {spark_submit.py:579} INFO - 25/09/07 05:42:15 INFO SparkEnv: Registering BlockManagerMaster
[2025-09-07T05:42:15.902+0000] {spark_submit.py:579} INFO - 25/09/07 05:42:15 INFO BlockManagerMasterEndpoint: Using org.apache.spark.storage.DefaultTopologyMapper for getting topology information
[2025-09-07T05:42:15.902+0000] {spark_submit.py:579} INFO - 25/09/07 05:42:15 INFO BlockManagerMasterEndpoint: BlockManagerMasterEndpoint up
[2025-09-07T05:42:15.906+0000] {spark_submit.py:579} INFO - 25/09/07 05:42:15 INFO SparkEnv: Registering BlockManagerMasterHeartbeat
[2025-09-07T05:42:15.940+0000] {spark_submit.py:579} INFO - 25/09/07 05:42:15 INFO DiskBlockManager: Created local directory at /tmp/blockmgr-9dcbb709-dcc4-4768-8665-f3232ef2a6b0
[2025-09-07T05:42:15.971+0000] {spark_submit.py:579} INFO - 25/09/07 05:42:15 INFO SparkEnv: Registering OutputCommitCoordinator
[2025-09-07T05:42:16.162+0000] {spark_submit.py:579} INFO - 25/09/07 05:42:16 INFO JettyUtils: Start Jetty 0.0.0.0:4040 for SparkUI
[2025-09-07T05:42:16.247+0000] {spark_submit.py:579} INFO - 25/09/07 05:42:16 INFO Utils: Successfully started service 'SparkUI' on port 4040.
[2025-09-07T05:42:16.293+0000] {spark_submit.py:579} INFO - 25/09/07 05:42:16 INFO SparkContext: Added JAR file:///opt/spark/external-jars/apache-spark-sql-connector.jar at spark://ac03ab483d89:35723/jars/apache-spark-sql-connector.jar with timestamp 1757223735328
[2025-09-07T05:42:16.321+0000] {spark_submit.py:579} INFO - 25/09/07 05:42:16 INFO SecurityManager: Changing view acls to: ***
[2025-09-07T05:42:16.321+0000] {spark_submit.py:579} INFO - 25/09/07 05:42:16 INFO SecurityManager: Changing modify acls to: ***
[2025-09-07T05:42:16.322+0000] {spark_submit.py:579} INFO - 25/09/07 05:42:16 INFO SecurityManager: Changing view acls groups to: ***
[2025-09-07T05:42:16.322+0000] {spark_submit.py:579} INFO - 25/09/07 05:42:16 INFO SecurityManager: Changing modify acls groups to: ***
[2025-09-07T05:42:16.323+0000] {spark_submit.py:579} INFO - 25/09/07 05:42:16 INFO SecurityManager: SecurityManager: authentication disabled; ui acls disabled; users with view permissions: *** groups with view permissions: EMPTY; users with modify permissions: ***; groups with modify permissions: EMPTY; RPC SSL disabled
[2025-09-07T05:42:16.530+0000] {spark_submit.py:579} INFO - 25/09/07 05:42:16 INFO StandaloneAppClient$ClientEndpoint: Connecting to master spark://spark-master:7077...
[2025-09-07T05:42:16.618+0000] {spark_submit.py:579} INFO - 25/09/07 05:42:16 INFO TransportClientFactory: Successfully created connection to spark-master/172.18.0.2:7077 after 45 ms (0 ms spent in bootstraps)
[2025-09-07T05:42:17.686+0000] {spark_submit.py:579} INFO - 25/09/07 05:42:17 INFO StandaloneSchedulerBackend: Connected to Spark cluster with app ID app-20250907054217-0012
[2025-09-07T05:42:17.695+0000] {spark_submit.py:579} INFO - 25/09/07 05:42:17 INFO Utils: Successfully started service 'org.apache.spark.network.netty.NettyBlockTransferService' on port 40921.
[2025-09-07T05:42:17.702+0000] {spark_submit.py:579} INFO - 25/09/07 05:42:17 INFO NettyBlockTransferService: Server created on ac03ab483d89:40921
[2025-09-07T05:42:17.702+0000] {spark_submit.py:579} INFO - 25/09/07 05:42:17 INFO BlockManager: Using org.apache.spark.storage.RandomBlockReplicationPolicy for block replication policy
[2025-09-07T05:42:17.721+0000] {spark_submit.py:579} INFO - 25/09/07 05:42:17 INFO BlockManagerMaster: Registering BlockManager BlockManagerId(driver, ac03ab483d89, 40921, None)
[2025-09-07T05:42:17.729+0000] {spark_submit.py:579} INFO - 25/09/07 05:42:17 INFO BlockManagerMasterEndpoint: Registering block manager ac03ab483d89:40921 with 434.4 MiB RAM, BlockManagerId(driver, ac03ab483d89, 40921, None)
[2025-09-07T05:42:17.731+0000] {spark_submit.py:579} INFO - 25/09/07 05:42:17 INFO BlockManagerMaster: Registered BlockManager BlockManagerId(driver, ac03ab483d89, 40921, None)
[2025-09-07T05:42:17.733+0000] {spark_submit.py:579} INFO - 25/09/07 05:42:17 INFO BlockManager: Initialized BlockManager: BlockManagerId(driver, ac03ab483d89, 40921, None)
[2025-09-07T05:42:17.735+0000] {spark_submit.py:579} INFO - 25/09/07 05:42:17 INFO StandaloneAppClient$ClientEndpoint: Executor added: app-20250907054217-0012/0 on worker-20250906133811-172.18.0.4-34629 (172.18.0.4:34629) with 2 core(s)
[2025-09-07T05:42:17.736+0000] {spark_submit.py:579} INFO - 25/09/07 05:42:17 INFO StandaloneSchedulerBackend: Granted executor ID app-20250907054217-0012/0 on hostPort 172.18.0.4:34629 with 2 core(s), 1024.0 MiB RAM
[2025-09-07T05:42:17.911+0000] {spark_submit.py:579} INFO - 25/09/07 05:42:17 INFO StandaloneSchedulerBackend: SchedulerBackend is ready for scheduling beginning after reached minRegisteredResourcesRatio: 0.0
[2025-09-07T05:42:18.615+0000] {spark_submit.py:579} INFO - 25/09/07 05:42:18 INFO StandaloneAppClient$ClientEndpoint: Executor updated: app-20250907054217-0012/0 is now RUNNING
[2025-09-07T05:42:22.258+0000] {spark_submit.py:579} INFO - dict_keys(['daily', 'daily960', 'live_rapid', 'live_blitz', 'live_bullet', 'live_bughouse', 'live_blitz960', 'live_threecheck', 'live_crazyhouse', 'tactics', 'rush', 'battle'])
[2025-09-07T05:42:23.095+0000] {spark_submit.py:579} INFO - 25/09/07 05:42:23 INFO SharedState: Setting hive.metastore.warehouse.dir ('null') to the value of spark.sql.warehouse.dir.
[2025-09-07T05:42:23.099+0000] {spark_submit.py:579} INFO - 25/09/07 05:42:23 INFO SharedState: Warehouse path is 'file:/opt/***/spark-warehouse'.
[2025-09-07T05:42:23.164+0000] {spark_submit.py:579} INFO - 25/09/07 05:42:23 INFO StandaloneSchedulerBackend$StandaloneDriverEndpoint: Registered executor NettyRpcEndpointRef(spark-client://Executor) (172.18.0.4:33738) with ID 0, ResourceProfileId 0
[2025-09-07T05:42:23.331+0000] {spark_submit.py:579} INFO - 25/09/07 05:42:23 INFO BlockManagerMasterEndpoint: Registering block manager 172.18.0.4:43977 with 434.4 MiB RAM, BlockManagerId(0, 172.18.0.4, 43977, None)
[2025-09-07T05:42:26.509+0000] {spark_submit.py:579} INFO - 25/09/07 05:42:26 WARN SparkStringUtils: Truncated the string representation of a plan since it was too large. This behavior can be adjusted by setting 'spark.sql.debug.maxToStringFields'.
[2025-09-07T05:42:26.825+0000] {spark_submit.py:579} INFO - 25/09/07 05:42:26 INFO CodeGenerator: Code generated in 191.853227 ms
[2025-09-07T05:42:26.894+0000] {spark_submit.py:579} INFO - 25/09/07 05:42:26 INFO SparkContext: Starting job: jdbc at NativeMethodAccessorImpl.java:0
[2025-09-07T05:42:26.910+0000] {spark_submit.py:579} INFO - 25/09/07 05:42:26 INFO DAGScheduler: Got job 0 (jdbc at NativeMethodAccessorImpl.java:0) with 2 output partitions
[2025-09-07T05:42:26.913+0000] {spark_submit.py:579} INFO - 25/09/07 05:42:26 INFO DAGScheduler: Final stage: ResultStage 0 (jdbc at NativeMethodAccessorImpl.java:0)
[2025-09-07T05:42:26.914+0000] {spark_submit.py:579} INFO - 25/09/07 05:42:26 INFO DAGScheduler: Parents of final stage: List()
[2025-09-07T05:42:26.917+0000] {spark_submit.py:579} INFO - 25/09/07 05:42:26 INFO DAGScheduler: Missing parents: List()
[2025-09-07T05:42:26.920+0000] {spark_submit.py:579} INFO - 25/09/07 05:42:26 INFO DAGScheduler: Submitting ResultStage 0 (MapPartitionsRDD[53] at jdbc at NativeMethodAccessorImpl.java:0), which has no missing parents
[2025-09-07T05:42:26.996+0000] {spark_submit.py:579} INFO - 25/09/07 05:42:26 INFO MemoryStore: MemoryStore started with capacity 434.4 MiB
[2025-09-07T05:42:27.025+0000] {spark_submit.py:579} INFO - 25/09/07 05:42:27 INFO MemoryStore: Block broadcast_0 stored as values in memory (estimated size 33.8 KiB, free 434.4 MiB)
[2025-09-07T05:42:27.065+0000] {spark_submit.py:579} INFO - 25/09/07 05:42:27 INFO MemoryStore: Block broadcast_0_piece0 stored as bytes in memory (estimated size 14.5 KiB, free 434.4 MiB)
[2025-09-07T05:42:27.076+0000] {spark_submit.py:579} INFO - 25/09/07 05:42:27 INFO SparkContext: Created broadcast 0 from broadcast at DAGScheduler.scala:1676
[2025-09-07T05:42:27.092+0000] {spark_submit.py:579} INFO - 25/09/07 05:42:27 INFO DAGScheduler: Submitting 2 missing tasks from ResultStage 0 (MapPartitionsRDD[53] at jdbc at NativeMethodAccessorImpl.java:0) (first 15 tasks are for partitions Vector(0, 1))
[2025-09-07T05:42:27.101+0000] {spark_submit.py:579} INFO - 25/09/07 05:42:27 INFO TaskSchedulerImpl: Adding task set 0.0 with 2 tasks resource profile 0
[2025-09-07T05:42:27.130+0000] {spark_submit.py:579} INFO - 25/09/07 05:42:27 INFO TaskSetManager: Starting task 0.0 in stage 0.0 (TID 0) (172.18.0.4,executor 0, partition 0, PROCESS_LOCAL, 17782 bytes)
[2025-09-07T05:42:27.135+0000] {spark_submit.py:579} INFO - 25/09/07 05:42:27 INFO TaskSetManager: Starting task 1.0 in stage 0.0 (TID 1) (172.18.0.4,executor 0, partition 1, PROCESS_LOCAL, 17389 bytes)
[2025-09-07T05:42:32.031+0000] {spark_submit.py:579} INFO - 25/09/07 05:42:32 INFO TaskSetManager: Finished task 0.0 in stage 0.0 (TID 0) in 4910 ms on 172.18.0.4 (executor 0) (1/2)
[2025-09-07T05:42:32.033+0000] {spark_submit.py:579} INFO - 25/09/07 05:42:32 INFO TaskSetManager: Finished task 1.0 in stage 0.0 (TID 1) in 4898 ms on 172.18.0.4 (executor 0) (2/2)
[2025-09-07T05:42:32.035+0000] {spark_submit.py:579} INFO - 25/09/07 05:42:32 INFO TaskSchedulerImpl: Removed TaskSet 0.0 whose tasks have all completed, from pool
[2025-09-07T05:42:32.041+0000] {spark_submit.py:579} INFO - 25/09/07 05:42:32 INFO PythonAccumulatorV2: Connected to AccumulatorServer at host: 127.0.0.1 port: 54555
[2025-09-07T05:42:32.047+0000] {spark_submit.py:579} INFO - 25/09/07 05:42:32 INFO DAGScheduler: ResultStage 0 (jdbc at NativeMethodAccessorImpl.java:0) finished in 5109 ms
[2025-09-07T05:42:32.051+0000] {spark_submit.py:579} INFO - 25/09/07 05:42:32 INFO DAGScheduler: Job 0 is finished. Cancelling potential speculative or zombie tasks for this job
[2025-09-07T05:42:32.051+0000] {spark_submit.py:579} INFO - 25/09/07 05:42:32 INFO TaskSchedulerImpl: Canceling stage 0
[2025-09-07T05:42:32.052+0000] {spark_submit.py:579} INFO - 25/09/07 05:42:32 INFO TaskSchedulerImpl: Killing all running tasks in stage 0: Stage finished
[2025-09-07T05:42:32.055+0000] {spark_submit.py:579} INFO - 25/09/07 05:42:32 INFO DAGScheduler: Job 0 finished: jdbc at NativeMethodAccessorImpl.java:0, took 5160.726121 ms
[2025-09-07T05:42:32.701+0000] {spark_submit.py:579} INFO - table daily has been loaded
[2025-09-07T05:42:33.187+0000] {spark_submit.py:579} INFO - 25/09/07 05:42:33 INFO SparkContext: Starting job: jdbc at NativeMethodAccessorImpl.java:0
[2025-09-07T05:42:33.189+0000] {spark_submit.py:579} INFO - 25/09/07 05:42:33 INFO DAGScheduler: Got job 1 (jdbc at NativeMethodAccessorImpl.java:0) with 2 output partitions
[2025-09-07T05:42:33.189+0000] {spark_submit.py:579} INFO - 25/09/07 05:42:33 INFO DAGScheduler: Final stage: ResultStage 1 (jdbc at NativeMethodAccessorImpl.java:0)
[2025-09-07T05:42:33.190+0000] {spark_submit.py:579} INFO - 25/09/07 05:42:33 INFO DAGScheduler: Parents of final stage: List()
[2025-09-07T05:42:33.190+0000] {spark_submit.py:579} INFO - 25/09/07 05:42:33 INFO DAGScheduler: Missing parents: List()
[2025-09-07T05:42:33.191+0000] {spark_submit.py:579} INFO - 25/09/07 05:42:33 INFO DAGScheduler: Submitting ResultStage 1 (MapPartitionsRDD[57] at jdbc at NativeMethodAccessorImpl.java:0), which has no missing parents
[2025-09-07T05:42:33.196+0000] {spark_submit.py:579} INFO - 25/09/07 05:42:33 INFO MemoryStore: Block broadcast_1 stored as values in memory (estimated size 33.8 KiB, free 434.3 MiB)
[2025-09-07T05:42:33.207+0000] {spark_submit.py:579} INFO - 25/09/07 05:42:33 INFO MemoryStore: Block broadcast_1_piece0 stored as bytes in memory (estimated size 14.5 KiB, free 434.3 MiB)
[2025-09-07T05:42:33.208+0000] {spark_submit.py:579} INFO - 25/09/07 05:42:33 INFO SparkContext: Created broadcast 1 from broadcast at DAGScheduler.scala:1676
[2025-09-07T05:42:33.209+0000] {spark_submit.py:579} INFO - 25/09/07 05:42:33 INFO DAGScheduler: Submitting 2 missing tasks from ResultStage 1 (MapPartitionsRDD[57] at jdbc at NativeMethodAccessorImpl.java:0) (first 15 tasks are for partitions Vector(0, 1))
[2025-09-07T05:42:33.210+0000] {spark_submit.py:579} INFO - 25/09/07 05:42:33 INFO TaskSchedulerImpl: Adding task set 1.0 with 2 tasks resource profile 0
[2025-09-07T05:42:33.212+0000] {spark_submit.py:579} INFO - 25/09/07 05:42:33 INFO TaskSetManager: Starting task 0.0 in stage 1.0 (TID 2) (172.18.0.4,executor 0, partition 0, PROCESS_LOCAL, 18049 bytes)
[2025-09-07T05:42:33.212+0000] {spark_submit.py:579} INFO - 25/09/07 05:42:33 INFO TaskSetManager: Starting task 1.0 in stage 1.0 (TID 3) (172.18.0.4,executor 0, partition 1, PROCESS_LOCAL, 17858 bytes)
[2025-09-07T05:42:33.877+0000] {spark_submit.py:579} INFO - 25/09/07 05:42:33 INFO TaskSetManager: Finished task 0.0 in stage 1.0 (TID 2) in 665 ms on 172.18.0.4 (executor 0) (1/2)
[2025-09-07T05:42:33.877+0000] {spark_submit.py:579} INFO - 25/09/07 05:42:33 INFO TaskSetManager: Finished task 1.0 in stage 1.0 (TID 3) in 665 ms on 172.18.0.4 (executor 0) (2/2)
[2025-09-07T05:42:33.878+0000] {spark_submit.py:579} INFO - 25/09/07 05:42:33 INFO TaskSchedulerImpl: Removed TaskSet 1.0 whose tasks have all completed, from pool
[2025-09-07T05:42:33.879+0000] {spark_submit.py:579} INFO - 25/09/07 05:42:33 INFO DAGScheduler: ResultStage 1 (jdbc at NativeMethodAccessorImpl.java:0) finished in 686 ms
[2025-09-07T05:42:33.879+0000] {spark_submit.py:579} INFO - 25/09/07 05:42:33 INFO DAGScheduler: Job 1 is finished. Cancelling potential speculative or zombie tasks for this job
[2025-09-07T05:42:33.880+0000] {spark_submit.py:579} INFO - 25/09/07 05:42:33 INFO TaskSchedulerImpl: Canceling stage 1
[2025-09-07T05:42:33.880+0000] {spark_submit.py:579} INFO - 25/09/07 05:42:33 INFO TaskSchedulerImpl: Killing all running tasks in stage 1: Stage finished
[2025-09-07T05:42:33.881+0000] {spark_submit.py:579} INFO - 25/09/07 05:42:33 INFO DAGScheduler: Job 1 finished: jdbc at NativeMethodAccessorImpl.java:0, took 691.993949 ms
[2025-09-07T05:42:34.447+0000] {spark_submit.py:579} INFO - table live_rapid has been loaded
[2025-09-07T05:42:34.930+0000] {spark_submit.py:579} INFO - 25/09/07 05:42:34 INFO SparkContext: Starting job: jdbc at NativeMethodAccessorImpl.java:0
[2025-09-07T05:42:34.931+0000] {spark_submit.py:579} INFO - 25/09/07 05:42:34 INFO DAGScheduler: Got job 2 (jdbc at NativeMethodAccessorImpl.java:0) with 2 output partitions
[2025-09-07T05:42:34.932+0000] {spark_submit.py:579} INFO - 25/09/07 05:42:34 INFO DAGScheduler: Final stage: ResultStage 2 (jdbc at NativeMethodAccessorImpl.java:0)
[2025-09-07T05:42:34.932+0000] {spark_submit.py:579} INFO - 25/09/07 05:42:34 INFO DAGScheduler: Parents of final stage: List()
[2025-09-07T05:42:34.933+0000] {spark_submit.py:579} INFO - 25/09/07 05:42:34 INFO DAGScheduler: Missing parents: List()
[2025-09-07T05:42:34.933+0000] {spark_submit.py:579} INFO - 25/09/07 05:42:34 INFO DAGScheduler: Submitting ResultStage 2 (MapPartitionsRDD[61] at jdbc at NativeMethodAccessorImpl.java:0), which has no missing parents
[2025-09-07T05:42:34.937+0000] {spark_submit.py:579} INFO - 25/09/07 05:42:34 INFO MemoryStore: Block broadcast_2 stored as values in memory (estimated size 33.8 KiB, free 434.3 MiB)
[2025-09-07T05:42:34.939+0000] {spark_submit.py:579} INFO - 25/09/07 05:42:34 INFO MemoryStore: Block broadcast_2_piece0 stored as bytes in memory (estimated size 14.5 KiB, free 434.3 MiB)
[2025-09-07T05:42:34.941+0000] {spark_submit.py:579} INFO - 25/09/07 05:42:34 INFO SparkContext: Created broadcast 2 from broadcast at DAGScheduler.scala:1676
[2025-09-07T05:42:34.943+0000] {spark_submit.py:579} INFO - 25/09/07 05:42:34 INFO DAGScheduler: Submitting 2 missing tasks from ResultStage 2 (MapPartitionsRDD[61] at jdbc at NativeMethodAccessorImpl.java:0) (first 15 tasks are for partitions Vector(0, 1))
[2025-09-07T05:42:34.943+0000] {spark_submit.py:579} INFO - 25/09/07 05:42:34 INFO TaskSchedulerImpl: Adding task set 2.0 with 2 tasks resource profile 0
[2025-09-07T05:42:34.945+0000] {spark_submit.py:579} INFO - 25/09/07 05:42:34 INFO TaskSetManager: Starting task 0.0 in stage 2.0 (TID 4) (172.18.0.4,executor 0, partition 0, PROCESS_LOCAL, 18107 bytes)
[2025-09-07T05:42:34.946+0000] {spark_submit.py:579} INFO - 25/09/07 05:42:34 INFO TaskSetManager: Starting task 1.0 in stage 2.0 (TID 5) (172.18.0.4,executor 0, partition 1, PROCESS_LOCAL, 18060 bytes)
[2025-09-07T05:42:35.723+0000] {spark_submit.py:579} INFO - 25/09/07 05:42:35 INFO TaskSetManager: Finished task 0.0 in stage 2.0 (TID 4) in 779 ms on 172.18.0.4 (executor 0) (1/2)
[2025-09-07T05:42:35.724+0000] {spark_submit.py:579} INFO - 25/09/07 05:42:35 INFO TaskSetManager: Finished task 1.0 in stage 2.0 (TID 5) in 778 ms on 172.18.0.4 (executor 0) (2/2)
[2025-09-07T05:42:35.724+0000] {spark_submit.py:579} INFO - 25/09/07 05:42:35 INFO TaskSchedulerImpl: Removed TaskSet 2.0 whose tasks have all completed, from pool
[2025-09-07T05:42:35.725+0000] {spark_submit.py:579} INFO - 25/09/07 05:42:35 INFO DAGScheduler: ResultStage 2 (jdbc at NativeMethodAccessorImpl.java:0) finished in 792 ms
[2025-09-07T05:42:35.726+0000] {spark_submit.py:579} INFO - 25/09/07 05:42:35 INFO DAGScheduler: Job 2 is finished. Cancelling potential speculative or zombie tasks for this job
[2025-09-07T05:42:35.726+0000] {spark_submit.py:579} INFO - 25/09/07 05:42:35 INFO TaskSchedulerImpl: Canceling stage 2
[2025-09-07T05:42:35.726+0000] {spark_submit.py:579} INFO - 25/09/07 05:42:35 INFO TaskSchedulerImpl: Killing all running tasks in stage 2: Stage finished
[2025-09-07T05:42:35.727+0000] {spark_submit.py:579} INFO - 25/09/07 05:42:35 INFO DAGScheduler: Job 2 finished: jdbc at NativeMethodAccessorImpl.java:0, took 796.151447 ms
[2025-09-07T05:42:36.705+0000] {spark_submit.py:579} INFO - table live_blitz has been loaded
[2025-09-07T05:42:37.452+0000] {spark_submit.py:579} INFO - 25/09/07 05:42:37 INFO CodeGenerator: Code generated in 32.86325 ms
[2025-09-07T05:42:37.473+0000] {spark_submit.py:579} INFO - 25/09/07 05:42:37 INFO SparkContext: Starting job: jdbc at NativeMethodAccessorImpl.java:0
[2025-09-07T05:42:37.474+0000] {spark_submit.py:579} INFO - 25/09/07 05:42:37 INFO DAGScheduler: Got job 3 (jdbc at NativeMethodAccessorImpl.java:0) with 2 output partitions
[2025-09-07T05:42:37.475+0000] {spark_submit.py:579} INFO - 25/09/07 05:42:37 INFO DAGScheduler: Final stage: ResultStage 3 (jdbc at NativeMethodAccessorImpl.java:0)
[2025-09-07T05:42:37.476+0000] {spark_submit.py:579} INFO - 25/09/07 05:42:37 INFO DAGScheduler: Parents of final stage: List()
[2025-09-07T05:42:37.476+0000] {spark_submit.py:579} INFO - 25/09/07 05:42:37 INFO DAGScheduler: Missing parents: List()
[2025-09-07T05:42:37.476+0000] {spark_submit.py:579} INFO - 25/09/07 05:42:37 INFO DAGScheduler: Submitting ResultStage 3 (MapPartitionsRDD[65] at jdbc at NativeMethodAccessorImpl.java:0), which has no missing parents
[2025-09-07T05:42:37.481+0000] {spark_submit.py:579} INFO - 25/09/07 05:42:37 INFO MemoryStore: Block broadcast_3 stored as values in memory (estimated size 33.8 KiB, free 434.3 MiB)
[2025-09-07T05:42:37.489+0000] {spark_submit.py:579} INFO - 25/09/07 05:42:37 INFO MemoryStore: Block broadcast_3_piece0 stored as bytes in memory (estimated size 14.5 KiB, free 434.3 MiB)
[2025-09-07T05:42:37.491+0000] {spark_submit.py:579} INFO - 25/09/07 05:42:37 INFO SparkContext: Created broadcast 3 from broadcast at DAGScheduler.scala:1676
[2025-09-07T05:42:37.493+0000] {spark_submit.py:579} INFO - 25/09/07 05:42:37 INFO DAGScheduler: Submitting 2 missing tasks from ResultStage 3 (MapPartitionsRDD[65] at jdbc at NativeMethodAccessorImpl.java:0) (first 15 tasks are for partitions Vector(0, 1))
[2025-09-07T05:42:37.494+0000] {spark_submit.py:579} INFO - 25/09/07 05:42:37 INFO TaskSchedulerImpl: Adding task set 3.0 with 2 tasks resource profile 0
[2025-09-07T05:42:37.495+0000] {spark_submit.py:579} INFO - 25/09/07 05:42:37 INFO TaskSetManager: Starting task 0.0 in stage 3.0 (TID 6) (172.18.0.4,executor 0, partition 0, PROCESS_LOCAL, 18059 bytes)
[2025-09-07T05:42:37.496+0000] {spark_submit.py:579} INFO - 25/09/07 05:42:37 INFO TaskSetManager: Starting task 1.0 in stage 3.0 (TID 7) (172.18.0.4,executor 0, partition 1, PROCESS_LOCAL, 18067 bytes)
[2025-09-07T05:42:38.831+0000] {spark_submit.py:579} INFO - 25/09/07 05:42:38 INFO TaskSetManager: Finished task 1.0 in stage 3.0 (TID 7) in 1336 ms on 172.18.0.4 (executor 0) (1/2)
[2025-09-07T05:42:38.832+0000] {spark_submit.py:579} INFO - 25/09/07 05:42:38 INFO TaskSetManager: Finished task 0.0 in stage 3.0 (TID 6) in 1337 ms on 172.18.0.4 (executor 0) (2/2)
[2025-09-07T05:42:38.833+0000] {spark_submit.py:579} INFO - 25/09/07 05:42:38 INFO TaskSchedulerImpl: Removed TaskSet 3.0 whose tasks have all completed, from pool
[2025-09-07T05:42:38.834+0000] {spark_submit.py:579} INFO - 25/09/07 05:42:38 INFO DAGScheduler: ResultStage 3 (jdbc at NativeMethodAccessorImpl.java:0) finished in 1355 ms
[2025-09-07T05:42:38.834+0000] {spark_submit.py:579} INFO - 25/09/07 05:42:38 INFO DAGScheduler: Job 3 is finished. Cancelling potential speculative or zombie tasks for this job
[2025-09-07T05:42:38.834+0000] {spark_submit.py:579} INFO - 25/09/07 05:42:38 INFO TaskSchedulerImpl: Canceling stage 3
[2025-09-07T05:42:38.835+0000] {spark_submit.py:579} INFO - 25/09/07 05:42:38 INFO TaskSchedulerImpl: Killing all running tasks in stage 3: Stage finished
[2025-09-07T05:42:38.835+0000] {spark_submit.py:579} INFO - 25/09/07 05:42:38 INFO DAGScheduler: Job 3 finished: jdbc at NativeMethodAccessorImpl.java:0, took 1360.285951 ms
[2025-09-07T05:42:39.611+0000] {spark_submit.py:579} INFO - table live_bullet has been loaded
[2025-09-07T05:42:40.140+0000] {spark_submit.py:579} INFO - 25/09/07 05:42:40 INFO CodeGenerator: Code generated in 13.628601 ms
[2025-09-07T05:42:40.153+0000] {spark_submit.py:579} INFO - 25/09/07 05:42:40 INFO SparkContext: Starting job: jdbc at NativeMethodAccessorImpl.java:0
[2025-09-07T05:42:40.155+0000] {spark_submit.py:579} INFO - 25/09/07 05:42:40 INFO DAGScheduler: Got job 4 (jdbc at NativeMethodAccessorImpl.java:0) with 2 output partitions
[2025-09-07T05:42:40.156+0000] {spark_submit.py:579} INFO - 25/09/07 05:42:40 INFO DAGScheduler: Final stage: ResultStage 4 (jdbc at NativeMethodAccessorImpl.java:0)
[2025-09-07T05:42:40.157+0000] {spark_submit.py:579} INFO - 25/09/07 05:42:40 INFO DAGScheduler: Parents of final stage: List()
[2025-09-07T05:42:40.157+0000] {spark_submit.py:579} INFO - 25/09/07 05:42:40 INFO DAGScheduler: Missing parents: List()
[2025-09-07T05:42:40.158+0000] {spark_submit.py:579} INFO - 25/09/07 05:42:40 INFO DAGScheduler: Submitting ResultStage 4 (MapPartitionsRDD[69] at jdbc at NativeMethodAccessorImpl.java:0), which has no missing parents
[2025-09-07T05:42:40.158+0000] {spark_submit.py:579} INFO - 25/09/07 05:42:40 INFO MemoryStore: Block broadcast_4 stored as values in memory (estimated size 28.1 KiB, free 434.3 MiB)
[2025-09-07T05:42:40.160+0000] {spark_submit.py:579} INFO - 25/09/07 05:42:40 INFO MemoryStore: Block broadcast_4_piece0 stored as bytes in memory (estimated size 12.6 KiB, free 434.3 MiB)
[2025-09-07T05:42:40.163+0000] {spark_submit.py:579} INFO - 25/09/07 05:42:40 INFO SparkContext: Created broadcast 4 from broadcast at DAGScheduler.scala:1676
[2025-09-07T05:42:40.164+0000] {spark_submit.py:579} INFO - 25/09/07 05:42:40 INFO DAGScheduler: Submitting 2 missing tasks from ResultStage 4 (MapPartitionsRDD[69] at jdbc at NativeMethodAccessorImpl.java:0) (first 15 tasks are for partitions Vector(0, 1))
[2025-09-07T05:42:40.165+0000] {spark_submit.py:579} INFO - 25/09/07 05:42:40 INFO TaskSchedulerImpl: Adding task set 4.0 with 2 tasks resource profile 0
[2025-09-07T05:42:40.165+0000] {spark_submit.py:579} INFO - 25/09/07 05:42:40 INFO TaskSetManager: Starting task 0.0 in stage 4.0 (TID 8) (172.18.0.4,executor 0, partition 0, PROCESS_LOCAL, 9868 bytes)
[2025-09-07T05:42:40.166+0000] {spark_submit.py:579} INFO - 25/09/07 05:42:40 INFO TaskSetManager: Starting task 1.0 in stage 4.0 (TID 9) (172.18.0.4,executor 0, partition 1, PROCESS_LOCAL, 10002 bytes)
[2025-09-07T05:42:40.422+0000] {spark_submit.py:579} INFO - 25/09/07 05:42:40 INFO TaskSetManager: Finished task 0.0 in stage 4.0 (TID 8) in 257 ms on 172.18.0.4 (executor 0) (1/2)
[2025-09-07T05:42:40.847+0000] {spark_submit.py:579} INFO - 25/09/07 05:42:40 INFO TaskSetManager: Finished task 1.0 in stage 4.0 (TID 9) in 682 ms on 172.18.0.4 (executor 0) (2/2)
[2025-09-07T05:42:40.851+0000] {spark_submit.py:579} INFO - 25/09/07 05:42:40 INFO TaskSchedulerImpl: Removed TaskSet 4.0 whose tasks have all completed, from pool
[2025-09-07T05:42:40.852+0000] {spark_submit.py:579} INFO - 25/09/07 05:42:40 INFO DAGScheduler: ResultStage 4 (jdbc at NativeMethodAccessorImpl.java:0) finished in 693 ms
[2025-09-07T05:42:40.852+0000] {spark_submit.py:579} INFO - 25/09/07 05:42:40 INFO DAGScheduler: Job 4 is finished. Cancelling potential speculative or zombie tasks for this job
[2025-09-07T05:42:40.853+0000] {spark_submit.py:579} INFO - 25/09/07 05:42:40 INFO TaskSchedulerImpl: Canceling stage 4
[2025-09-07T05:42:40.854+0000] {spark_submit.py:579} INFO - 25/09/07 05:42:40 INFO TaskSchedulerImpl: Killing all running tasks in stage 4: Stage finished
[2025-09-07T05:42:40.855+0000] {spark_submit.py:579} INFO - 25/09/07 05:42:40 INFO DAGScheduler: Job 4 finished: jdbc at NativeMethodAccessorImpl.java:0, took 696.526951 ms
[2025-09-07T05:42:41.425+0000] {spark_submit.py:579} INFO - table kue_daily has been loaded
[2025-09-07T05:42:41.780+0000] {spark_submit.py:579} INFO - 25/09/07 05:42:41 INFO CodeGenerator: Code generated in 16.041524 ms
[2025-09-07T05:42:41.801+0000] {spark_submit.py:579} INFO - 25/09/07 05:42:41 INFO SparkContext: Starting job: jdbc at NativeMethodAccessorImpl.java:0
[2025-09-07T05:42:41.812+0000] {spark_submit.py:579} INFO - 25/09/07 05:42:41 INFO DAGScheduler: Got job 5 (jdbc at NativeMethodAccessorImpl.java:0) with 2 output partitions
[2025-09-07T05:42:41.813+0000] {spark_submit.py:579} INFO - 25/09/07 05:42:41 INFO DAGScheduler: Final stage: ResultStage 5 (jdbc at NativeMethodAccessorImpl.java:0)
[2025-09-07T05:42:41.814+0000] {spark_submit.py:579} INFO - 25/09/07 05:42:41 INFO DAGScheduler: Parents of final stage: List()
[2025-09-07T05:42:41.814+0000] {spark_submit.py:579} INFO - 25/09/07 05:42:41 INFO DAGScheduler: Missing parents: List()
[2025-09-07T05:42:41.814+0000] {spark_submit.py:579} INFO - 25/09/07 05:42:41 INFO DAGScheduler: Submitting ResultStage 5 (MapPartitionsRDD[73] at jdbc at NativeMethodAccessorImpl.java:0), which has no missing parents
[2025-09-07T05:42:41.816+0000] {spark_submit.py:579} INFO - 25/09/07 05:42:41 INFO MemoryStore: Block broadcast_5 stored as values in memory (estimated size 27.1 KiB, free 434.3 MiB)
[2025-09-07T05:42:41.825+0000] {spark_submit.py:579} INFO - 25/09/07 05:42:41 INFO MemoryStore: Block broadcast_5_piece0 stored as bytes in memory (estimated size 12.4 KiB, free 434.3 MiB)
[2025-09-07T05:42:41.839+0000] {spark_submit.py:579} INFO - 25/09/07 05:42:41 INFO SparkContext: Created broadcast 5 from broadcast at DAGScheduler.scala:1676
[2025-09-07T05:42:41.840+0000] {spark_submit.py:579} INFO - 25/09/07 05:42:41 INFO DAGScheduler: Submitting 2 missing tasks from ResultStage 5 (MapPartitionsRDD[73] at jdbc at NativeMethodAccessorImpl.java:0) (first 15 tasks are for partitions Vector(0, 1))
[2025-09-07T05:42:41.841+0000] {spark_submit.py:579} INFO - 25/09/07 05:42:41 INFO TaskSchedulerImpl: Adding task set 5.0 with 2 tasks resource profile 0
[2025-09-07T05:42:41.842+0000] {spark_submit.py:579} INFO - 25/09/07 05:42:41 INFO TaskSetManager: Starting task 0.0 in stage 5.0 (TID 10) (172.18.0.4,executor 0, partition 0, PROCESS_LOCAL, 9868 bytes)
[2025-09-07T05:42:41.843+0000] {spark_submit.py:579} INFO - 25/09/07 05:42:41 INFO TaskSetManager: Starting task 1.0 in stage 5.0 (TID 11) (172.18.0.4,executor 0, partition 1, PROCESS_LOCAL, 10001 bytes)
[2025-09-07T05:42:42.075+0000] {spark_submit.py:579} INFO - 25/09/07 05:42:42 INFO TaskSetManager: Finished task 0.0 in stage 5.0 (TID 10) in 233 ms on 172.18.0.4 (executor 0) (1/2)
[2025-09-07T05:42:42.524+0000] {spark_submit.py:579} INFO - 25/09/07 05:42:42 INFO TaskSetManager: Finished task 1.0 in stage 5.0 (TID 11) in 682 ms on 172.18.0.4 (executor 0) (2/2)
[2025-09-07T05:42:42.525+0000] {spark_submit.py:579} INFO - 25/09/07 05:42:42 INFO TaskSchedulerImpl: Removed TaskSet 5.0 whose tasks have all completed, from pool
[2025-09-07T05:42:42.526+0000] {spark_submit.py:579} INFO - 25/09/07 05:42:42 INFO DAGScheduler: ResultStage 5 (jdbc at NativeMethodAccessorImpl.java:0) finished in 711 ms
[2025-09-07T05:42:42.527+0000] {spark_submit.py:579} INFO - 25/09/07 05:42:42 INFO DAGScheduler: Job 5 is finished. Cancelling potential speculative or zombie tasks for this job
[2025-09-07T05:42:42.527+0000] {spark_submit.py:579} INFO - 25/09/07 05:42:42 INFO TaskSchedulerImpl: Canceling stage 5
[2025-09-07T05:42:42.528+0000] {spark_submit.py:579} INFO - 25/09/07 05:42:42 INFO TaskSchedulerImpl: Killing all running tasks in stage 5: Stage finished
[2025-09-07T05:42:42.528+0000] {spark_submit.py:579} INFO - 25/09/07 05:42:42 INFO DAGScheduler: Job 5 finished: jdbc at NativeMethodAccessorImpl.java:0, took 724.785414 ms
[2025-09-07T05:42:43.441+0000] {spark_submit.py:579} INFO - table kue_rapid has been loaded
[2025-09-07T05:42:43.840+0000] {spark_submit.py:579} INFO - 25/09/07 05:42:43 INFO SparkContext: Starting job: jdbc at NativeMethodAccessorImpl.java:0
[2025-09-07T05:42:43.842+0000] {spark_submit.py:579} INFO - 25/09/07 05:42:43 INFO DAGScheduler: Got job 6 (jdbc at NativeMethodAccessorImpl.java:0) with 2 output partitions
[2025-09-07T05:42:43.843+0000] {spark_submit.py:579} INFO - 25/09/07 05:42:43 INFO DAGScheduler: Final stage: ResultStage 6 (jdbc at NativeMethodAccessorImpl.java:0)
[2025-09-07T05:42:43.843+0000] {spark_submit.py:579} INFO - 25/09/07 05:42:43 INFO DAGScheduler: Parents of final stage: List()
[2025-09-07T05:42:43.843+0000] {spark_submit.py:579} INFO - 25/09/07 05:42:43 INFO DAGScheduler: Missing parents: List()
[2025-09-07T05:42:43.844+0000] {spark_submit.py:579} INFO - 25/09/07 05:42:43 INFO DAGScheduler: Submitting ResultStage 6 (MapPartitionsRDD[77] at jdbc at NativeMethodAccessorImpl.java:0), which has no missing parents
[2025-09-07T05:42:43.844+0000] {spark_submit.py:579} INFO - 25/09/07 05:42:43 INFO MemoryStore: Block broadcast_6 stored as values in memory (estimated size 27.1 KiB, free 434.3 MiB)
[2025-09-07T05:42:43.847+0000] {spark_submit.py:579} INFO - 25/09/07 05:42:43 INFO MemoryStore: Block broadcast_6_piece0 stored as bytes in memory (estimated size 12.4 KiB, free 434.3 MiB)
[2025-09-07T05:42:43.849+0000] {spark_submit.py:579} INFO - 25/09/07 05:42:43 INFO SparkContext: Created broadcast 6 from broadcast at DAGScheduler.scala:1676
[2025-09-07T05:42:43.849+0000] {spark_submit.py:579} INFO - 25/09/07 05:42:43 INFO DAGScheduler: Submitting 2 missing tasks from ResultStage 6 (MapPartitionsRDD[77] at jdbc at NativeMethodAccessorImpl.java:0) (first 15 tasks are for partitions Vector(0, 1))
[2025-09-07T05:42:43.850+0000] {spark_submit.py:579} INFO - 25/09/07 05:42:43 INFO TaskSchedulerImpl: Adding task set 6.0 with 2 tasks resource profile 0
[2025-09-07T05:42:43.850+0000] {spark_submit.py:579} INFO - 25/09/07 05:42:43 INFO TaskSetManager: Starting task 0.0 in stage 6.0 (TID 12) (172.18.0.4,executor 0, partition 0, PROCESS_LOCAL, 9868 bytes)
[2025-09-07T05:42:43.851+0000] {spark_submit.py:579} INFO - 25/09/07 05:42:43 INFO TaskSetManager: Starting task 1.0 in stage 6.0 (TID 13) (172.18.0.4,executor 0, partition 1, PROCESS_LOCAL, 10001 bytes)
[2025-09-07T05:42:44.024+0000] {spark_submit.py:579} INFO - 25/09/07 05:42:44 INFO TaskSetManager: Finished task 0.0 in stage 6.0 (TID 12) in 174 ms on 172.18.0.4 (executor 0) (1/2)
[2025-09-07T05:42:44.293+0000] {spark_submit.py:579} INFO - 25/09/07 05:42:44 INFO TaskSetManager: Finished task 1.0 in stage 6.0 (TID 13) in 442 ms on 172.18.0.4 (executor 0) (2/2)
[2025-09-07T05:42:44.294+0000] {spark_submit.py:579} INFO - 25/09/07 05:42:44 INFO TaskSchedulerImpl: Removed TaskSet 6.0 whose tasks have all completed, from pool
[2025-09-07T05:42:44.294+0000] {spark_submit.py:579} INFO - 25/09/07 05:42:44 INFO DAGScheduler: ResultStage 6 (jdbc at NativeMethodAccessorImpl.java:0) finished in 452 ms
[2025-09-07T05:42:44.295+0000] {spark_submit.py:579} INFO - 25/09/07 05:42:44 INFO DAGScheduler: Job 6 is finished. Cancelling potential speculative or zombie tasks for this job
[2025-09-07T05:42:44.295+0000] {spark_submit.py:579} INFO - 25/09/07 05:42:44 INFO TaskSchedulerImpl: Canceling stage 6
[2025-09-07T05:42:44.295+0000] {spark_submit.py:579} INFO - 25/09/07 05:42:44 INFO TaskSchedulerImpl: Killing all running tasks in stage 6: Stage finished
[2025-09-07T05:42:44.296+0000] {spark_submit.py:579} INFO - 25/09/07 05:42:44 INFO DAGScheduler: Job 6 finished: jdbc at NativeMethodAccessorImpl.java:0, took 455.022038 ms
[2025-09-07T05:42:44.660+0000] {spark_submit.py:579} INFO - table kue_blitz has been loaded
[2025-09-07T05:42:44.921+0000] {spark_submit.py:579} INFO - 25/09/07 05:42:44 INFO CodeGenerator: Code generated in 12.361058 ms
[2025-09-07T05:42:44.934+0000] {spark_submit.py:579} INFO - 25/09/07 05:42:44 INFO SparkContext: Starting job: jdbc at NativeMethodAccessorImpl.java:0
[2025-09-07T05:42:44.935+0000] {spark_submit.py:579} INFO - 25/09/07 05:42:44 INFO DAGScheduler: Got job 7 (jdbc at NativeMethodAccessorImpl.java:0) with 2 output partitions
[2025-09-07T05:42:44.936+0000] {spark_submit.py:579} INFO - 25/09/07 05:42:44 INFO DAGScheduler: Final stage: ResultStage 7 (jdbc at NativeMethodAccessorImpl.java:0)
[2025-09-07T05:42:44.936+0000] {spark_submit.py:579} INFO - 25/09/07 05:42:44 INFO DAGScheduler: Parents of final stage: List()
[2025-09-07T05:42:44.937+0000] {spark_submit.py:579} INFO - 25/09/07 05:42:44 INFO DAGScheduler: Missing parents: List()
[2025-09-07T05:42:44.937+0000] {spark_submit.py:579} INFO - 25/09/07 05:42:44 INFO DAGScheduler: Submitting ResultStage 7 (MapPartitionsRDD[81] at jdbc at NativeMethodAccessorImpl.java:0), which has no missing parents
[2025-09-07T05:42:44.939+0000] {spark_submit.py:579} INFO - 25/09/07 05:42:44 INFO MemoryStore: Block broadcast_7 stored as values in memory (estimated size 25.7 KiB, free 434.3 MiB)
[2025-09-07T05:42:44.947+0000] {spark_submit.py:579} INFO - 25/09/07 05:42:44 INFO MemoryStore: Block broadcast_7_piece0 stored as bytes in memory (estimated size 12.1 KiB, free 434.3 MiB)
[2025-09-07T05:42:44.950+0000] {spark_submit.py:579} INFO - 25/09/07 05:42:44 INFO SparkContext: Created broadcast 7 from broadcast at DAGScheduler.scala:1676
[2025-09-07T05:42:44.950+0000] {spark_submit.py:579} INFO - 25/09/07 05:42:44 INFO DAGScheduler: Submitting 2 missing tasks from ResultStage 7 (MapPartitionsRDD[81] at jdbc at NativeMethodAccessorImpl.java:0) (first 15 tasks are for partitions Vector(0, 1))
[2025-09-07T05:42:44.951+0000] {spark_submit.py:579} INFO - 25/09/07 05:42:44 INFO TaskSchedulerImpl: Adding task set 7.0 with 2 tasks resource profile 0
[2025-09-07T05:42:44.952+0000] {spark_submit.py:579} INFO - 25/09/07 05:42:44 INFO TaskSetManager: Starting task 0.0 in stage 7.0 (TID 14) (172.18.0.4,executor 0, partition 0, PROCESS_LOCAL, 9868 bytes)
[2025-09-07T05:42:44.953+0000] {spark_submit.py:579} INFO - 25/09/07 05:42:44 INFO TaskSetManager: Starting task 1.0 in stage 7.0 (TID 15) (172.18.0.4,executor 0, partition 1, PROCESS_LOCAL, 9927 bytes)
[2025-09-07T05:42:45.164+0000] {spark_submit.py:579} INFO - 25/09/07 05:42:45 INFO TaskSetManager: Finished task 0.0 in stage 7.0 (TID 14) in 211 ms on 172.18.0.4 (executor 0) (1/2)
[2025-09-07T05:42:45.432+0000] {spark_submit.py:579} INFO - 25/09/07 05:42:45 INFO TaskSetManager: Finished task 1.0 in stage 7.0 (TID 15) in 479 ms on 172.18.0.4 (executor 0) (2/2)
[2025-09-07T05:42:45.433+0000] {spark_submit.py:579} INFO - 25/09/07 05:42:45 INFO TaskSchedulerImpl: Removed TaskSet 7.0 whose tasks have all completed, from pool
[2025-09-07T05:42:45.433+0000] {spark_submit.py:579} INFO - 25/09/07 05:42:45 INFO DAGScheduler: ResultStage 7 (jdbc at NativeMethodAccessorImpl.java:0) finished in 496 ms
[2025-09-07T05:42:45.434+0000] {spark_submit.py:579} INFO - 25/09/07 05:42:45 INFO DAGScheduler: Job 7 is finished. Cancelling potential speculative or zombie tasks for this job
[2025-09-07T05:42:45.434+0000] {spark_submit.py:579} INFO - 25/09/07 05:42:45 INFO TaskSchedulerImpl: Canceling stage 7
[2025-09-07T05:42:45.434+0000] {spark_submit.py:579} INFO - 25/09/07 05:42:45 INFO TaskSchedulerImpl: Killing all running tasks in stage 7: Stage finished
[2025-09-07T05:42:45.435+0000] {spark_submit.py:579} INFO - 25/09/07 05:42:45 INFO DAGScheduler: Job 7 finished: jdbc at NativeMethodAccessorImpl.java:0, took 499.464043 ms
[2025-09-07T05:42:45.806+0000] {spark_submit.py:579} INFO - table kue_bullet has been loaded
[2025-09-07T05:42:46.059+0000] {spark_submit.py:579} INFO - 25/09/07 05:42:46 INFO CodeGenerator: Code generated in 7.291529 ms
[2025-09-07T05:42:46.073+0000] {spark_submit.py:579} INFO - 25/09/07 05:42:46 INFO SparkContext: Starting job: jdbc at NativeMethodAccessorImpl.java:0
[2025-09-07T05:42:46.075+0000] {spark_submit.py:579} INFO - 25/09/07 05:42:46 INFO DAGScheduler: Got job 8 (jdbc at NativeMethodAccessorImpl.java:0) with 2 output partitions
[2025-09-07T05:42:46.076+0000] {spark_submit.py:579} INFO - 25/09/07 05:42:46 INFO DAGScheduler: Final stage: ResultStage 8 (jdbc at NativeMethodAccessorImpl.java:0)
[2025-09-07T05:42:46.076+0000] {spark_submit.py:579} INFO - 25/09/07 05:42:46 INFO DAGScheduler: Parents of final stage: List()
[2025-09-07T05:42:46.076+0000] {spark_submit.py:579} INFO - 25/09/07 05:42:46 INFO DAGScheduler: Missing parents: List()
[2025-09-07T05:42:46.077+0000] {spark_submit.py:579} INFO - 25/09/07 05:42:46 INFO DAGScheduler: Submitting ResultStage 8 (MapPartitionsRDD[85] at jdbc at NativeMethodAccessorImpl.java:0), which has no missing parents
[2025-09-07T05:42:46.078+0000] {spark_submit.py:579} INFO - 25/09/07 05:42:46 INFO MemoryStore: Block broadcast_8 stored as values in memory (estimated size 25.3 KiB, free 434.3 MiB)
[2025-09-07T05:42:46.081+0000] {spark_submit.py:579} INFO - 25/09/07 05:42:46 INFO MemoryStore: Block broadcast_8_piece0 stored as bytes in memory (estimated size 12.0 KiB, free 434.3 MiB)
[2025-09-07T05:42:46.084+0000] {spark_submit.py:579} INFO - 25/09/07 05:42:46 INFO SparkContext: Created broadcast 8 from broadcast at DAGScheduler.scala:1676
[2025-09-07T05:42:46.085+0000] {spark_submit.py:579} INFO - 25/09/07 05:42:46 INFO DAGScheduler: Submitting 2 missing tasks from ResultStage 8 (MapPartitionsRDD[85] at jdbc at NativeMethodAccessorImpl.java:0) (first 15 tasks are for partitions Vector(0, 1))
[2025-09-07T05:42:46.086+0000] {spark_submit.py:579} INFO - 25/09/07 05:42:46 INFO TaskSchedulerImpl: Adding task set 8.0 with 2 tasks resource profile 0
[2025-09-07T05:42:46.088+0000] {spark_submit.py:579} INFO - 25/09/07 05:42:46 INFO TaskSetManager: Starting task 0.0 in stage 8.0 (TID 16) (172.18.0.4,executor 0, partition 0, PROCESS_LOCAL, 9868 bytes)
[2025-09-07T05:42:46.088+0000] {spark_submit.py:579} INFO - 25/09/07 05:42:46 INFO TaskSetManager: Starting task 1.0 in stage 8.0 (TID 17) (172.18.0.4,executor 0, partition 1, PROCESS_LOCAL, 9946 bytes)
[2025-09-07T05:42:46.290+0000] {spark_submit.py:579} INFO - 25/09/07 05:42:46 INFO TaskSetManager: Finished task 0.0 in stage 8.0 (TID 16) in 202 ms on 172.18.0.4 (executor 0) (1/2)
[2025-09-07T05:42:46.580+0000] {spark_submit.py:579} INFO - 25/09/07 05:42:46 INFO TaskSetManager: Finished task 1.0 in stage 8.0 (TID 17) in 491 ms on 172.18.0.4 (executor 0) (2/2)
[2025-09-07T05:42:46.580+0000] {spark_submit.py:579} INFO - 25/09/07 05:42:46 INFO TaskSchedulerImpl: Removed TaskSet 8.0 whose tasks have all completed, from pool
[2025-09-07T05:42:46.584+0000] {spark_submit.py:579} INFO - 25/09/07 05:42:46 INFO DAGScheduler: ResultStage 8 (jdbc at NativeMethodAccessorImpl.java:0) finished in 504 ms
[2025-09-07T05:42:46.585+0000] {spark_submit.py:579} INFO - 25/09/07 05:42:46 INFO DAGScheduler: Job 8 is finished. Cancelling potential speculative or zombie tasks for this job
[2025-09-07T05:42:46.587+0000] {spark_submit.py:579} INFO - 25/09/07 05:42:46 INFO TaskSchedulerImpl: Canceling stage 8
[2025-09-07T05:42:46.587+0000] {spark_submit.py:579} INFO - 25/09/07 05:42:46 INFO TaskSchedulerImpl: Killing all running tasks in stage 8: Stage finished
[2025-09-07T05:42:46.588+0000] {spark_submit.py:579} INFO - 25/09/07 05:42:46 INFO DAGScheduler: Job 8 finished: jdbc at NativeMethodAccessorImpl.java:0, took 507.501106 ms
[2025-09-07T05:42:47.365+0000] {spark_submit.py:579} INFO - table kue_tactics has been loaded
[2025-09-07T05:42:47.656+0000] {spark_submit.py:579} INFO - 25/09/07 05:42:47 INFO CodeGenerator: Code generated in 8.398579 ms
[2025-09-07T05:42:47.668+0000] {spark_submit.py:579} INFO - 25/09/07 05:42:47 INFO SparkContext: Starting job: jdbc at NativeMethodAccessorImpl.java:0
[2025-09-07T05:42:47.669+0000] {spark_submit.py:579} INFO - 25/09/07 05:42:47 INFO DAGScheduler: Got job 9 (jdbc at NativeMethodAccessorImpl.java:0) with 2 output partitions
[2025-09-07T05:42:47.669+0000] {spark_submit.py:579} INFO - 25/09/07 05:42:47 INFO DAGScheduler: Final stage: ResultStage 9 (jdbc at NativeMethodAccessorImpl.java:0)
[2025-09-07T05:42:47.670+0000] {spark_submit.py:579} INFO - 25/09/07 05:42:47 INFO DAGScheduler: Parents of final stage: List()
[2025-09-07T05:42:47.670+0000] {spark_submit.py:579} INFO - 25/09/07 05:42:47 INFO DAGScheduler: Missing parents: List()
[2025-09-07T05:42:47.670+0000] {spark_submit.py:579} INFO - 25/09/07 05:42:47 INFO DAGScheduler: Submitting ResultStage 9 (MapPartitionsRDD[89] at jdbc at NativeMethodAccessorImpl.java:0), which has no missing parents
[2025-09-07T05:42:47.672+0000] {spark_submit.py:579} INFO - 25/09/07 05:42:47 INFO MemoryStore: Block broadcast_9 stored as values in memory (estimated size 23.6 KiB, free 434.3 MiB)
[2025-09-07T05:42:47.680+0000] {spark_submit.py:579} INFO - 25/09/07 05:42:47 INFO MemoryStore: Block broadcast_9_piece0 stored as bytes in memory (estimated size 11.4 KiB, free 434.3 MiB)
[2025-09-07T05:42:47.683+0000] {spark_submit.py:579} INFO - 25/09/07 05:42:47 INFO SparkContext: Created broadcast 9 from broadcast at DAGScheduler.scala:1676
[2025-09-07T05:42:47.684+0000] {spark_submit.py:579} INFO - 25/09/07 05:42:47 INFO DAGScheduler: Submitting 2 missing tasks from ResultStage 9 (MapPartitionsRDD[89] at jdbc at NativeMethodAccessorImpl.java:0) (first 15 tasks are for partitions Vector(0, 1))
[2025-09-07T05:42:47.684+0000] {spark_submit.py:579} INFO - 25/09/07 05:42:47 INFO TaskSchedulerImpl: Adding task set 9.0 with 2 tasks resource profile 0
[2025-09-07T05:42:47.685+0000] {spark_submit.py:579} INFO - 25/09/07 05:42:47 INFO TaskSetManager: Starting task 0.0 in stage 9.0 (TID 18) (172.18.0.4,executor 0, partition 0, PROCESS_LOCAL, 9868 bytes)
[2025-09-07T05:42:47.686+0000] {spark_submit.py:579} INFO - 25/09/07 05:42:47 INFO TaskSetManager: Starting task 1.0 in stage 9.0 (TID 19) (172.18.0.4,executor 0, partition 1, PROCESS_LOCAL, 9899 bytes)
[2025-09-07T05:42:48.024+0000] {spark_submit.py:579} INFO - 25/09/07 05:42:48 INFO TaskSetManager: Finished task 0.0 in stage 9.0 (TID 18) in 339 ms on 172.18.0.4 (executor 0) (1/2)
[2025-09-07T05:42:48.304+0000] {spark_submit.py:579} INFO - 25/09/07 05:42:48 INFO TaskSetManager: Finished task 1.0 in stage 9.0 (TID 19) in 618 ms on 172.18.0.4 (executor 0) (2/2)
[2025-09-07T05:42:48.304+0000] {spark_submit.py:579} INFO - 25/09/07 05:42:48 INFO TaskSchedulerImpl: Removed TaskSet 9.0 whose tasks have all completed, from pool
[2025-09-07T05:42:48.304+0000] {spark_submit.py:579} INFO - 25/09/07 05:42:48 INFO DAGScheduler: ResultStage 9 (jdbc at NativeMethodAccessorImpl.java:0) finished in 633 ms
[2025-09-07T05:42:48.305+0000] {spark_submit.py:579} INFO - 25/09/07 05:42:48 INFO DAGScheduler: Job 9 is finished. Cancelling potential speculative or zombie tasks for this job
[2025-09-07T05:42:48.305+0000] {spark_submit.py:579} INFO - 25/09/07 05:42:48 INFO TaskSchedulerImpl: Canceling stage 9
[2025-09-07T05:42:48.305+0000] {spark_submit.py:579} INFO - 25/09/07 05:42:48 INFO TaskSchedulerImpl: Killing all running tasks in stage 9: Stage finished
[2025-09-07T05:42:48.306+0000] {spark_submit.py:579} INFO - 25/09/07 05:42:48 INFO DAGScheduler: Job 9 finished: jdbc at NativeMethodAccessorImpl.java:0, took 636.435226 ms
[2025-09-07T05:42:48.783+0000] {spark_submit.py:579} INFO - table kue_puzzle_rush has been loaded
[2025-09-07T05:42:49.303+0000] {spark_submit.py:579} INFO - 25/09/07 05:42:49 INFO SparkContext: Invoking stop() from shutdown hook
[2025-09-07T05:42:49.304+0000] {spark_submit.py:579} INFO - 25/09/07 05:42:49 INFO SparkContext: SparkContext is stopping with exitCode 0 from run at Executors.java:539.
[2025-09-07T05:42:49.326+0000] {spark_submit.py:579} INFO - 25/09/07 05:42:49 INFO SparkUI: Stopped Spark web UI at http://ac03ab483d89:4040
[2025-09-07T05:42:49.331+0000] {spark_submit.py:579} INFO - 25/09/07 05:42:49 INFO StandaloneSchedulerBackend: Shutting down all executors
[2025-09-07T05:42:49.331+0000] {spark_submit.py:579} INFO - 25/09/07 05:42:49 INFO StandaloneSchedulerBackend$StandaloneDriverEndpoint: Asking each executor to shut down
[2025-09-07T05:42:49.364+0000] {spark_submit.py:579} INFO - 25/09/07 05:42:49 INFO MapOutputTrackerMasterEndpoint: MapOutputTrackerMasterEndpoint stopped!
[2025-09-07T05:42:49.421+0000] {spark_submit.py:579} INFO - 25/09/07 05:42:49 INFO MemoryStore: MemoryStore cleared
[2025-09-07T05:42:49.422+0000] {spark_submit.py:579} INFO - 25/09/07 05:42:49 INFO BlockManager: BlockManager stopped
[2025-09-07T05:42:49.424+0000] {spark_submit.py:579} INFO - 25/09/07 05:42:49 INFO BlockManagerMaster: BlockManagerMaster stopped
[2025-09-07T05:42:49.429+0000] {spark_submit.py:579} INFO - 25/09/07 05:42:49 INFO OutputCommitCoordinator$OutputCommitCoordinatorEndpoint: OutputCommitCoordinator stopped!
[2025-09-07T05:42:49.471+0000] {spark_submit.py:579} INFO - 25/09/07 05:42:49 INFO SparkContext: Successfully stopped SparkContext
[2025-09-07T05:42:49.472+0000] {spark_submit.py:579} INFO - 25/09/07 05:42:49 INFO ShutdownHookManager: Shutdown hook called
[2025-09-07T05:42:49.473+0000] {spark_submit.py:579} INFO - 25/09/07 05:42:49 INFO ShutdownHookManager: Deleting directory /tmp/spark-712e8742-b2a4-4af9-94e0-4c2259f2c982
[2025-09-07T05:42:49.486+0000] {spark_submit.py:579} INFO - 25/09/07 05:42:49 INFO ShutdownHookManager: Deleting directory /opt/***/artifacts/spark-d395879c-0081-4db9-a324-ccd908cad2a1
[2025-09-07T05:42:49.505+0000] {spark_submit.py:579} INFO - 25/09/07 05:42:49 INFO ShutdownHookManager: Deleting directory /tmp/spark-712e8742-b2a4-4af9-94e0-4c2259f2c982/pyspark-b2ac2284-850b-4f41-a4c8-6ea7bca891e9
[2025-09-07T05:42:49.518+0000] {spark_submit.py:579} INFO - 25/09/07 05:42:49 INFO ShutdownHookManager: Deleting directory /tmp/spark-0d56f43b-cbb7-47f8-8ed8-eb04473f5250
[2025-09-07T05:42:49.749+0000] {taskinstance.py:1398} INFO - Marking task as SUCCESS. dag_id=sparking_flow, task_id=python_job, execution_date=20250907T054202, start_date=20250907T054207, end_date=20250907T054249
[2025-09-07T05:42:49.888+0000] {local_task_job_runner.py:228} INFO - Task exited with return code 0
[2025-09-07T05:42:49.982+0000] {taskinstance.py:2776} INFO - 1 downstream tasks scheduled from follow-on schedule check
