[2025-09-08T03:16:28.614+0000] {taskinstance.py:1157} INFO - Dependencies all met for dep_context=non-requeueable deps ti=<TaskInstance: sparking_flow.python_job manual__2025-09-08T03:16:20.573147+00:00 [queued]>
[2025-09-08T03:16:28.630+0000] {taskinstance.py:1157} INFO - Dependencies all met for dep_context=requeueable deps ti=<TaskInstance: sparking_flow.python_job manual__2025-09-08T03:16:20.573147+00:00 [queued]>
[2025-09-08T03:16:28.631+0000] {taskinstance.py:1359} INFO - Starting attempt 1 of 1
[2025-09-08T03:16:28.656+0000] {taskinstance.py:1380} INFO - Executing <Task(SparkSubmitOperator): python_job> on 2025-09-08 03:16:20.573147+00:00
[2025-09-08T03:16:28.693+0000] {standard_task_runner.py:57} INFO - Started process 26510 to run task
[2025-09-08T03:16:28.702+0000] {standard_task_runner.py:84} INFO - Running: ['***', 'tasks', 'run', 'sparking_flow', 'python_job', 'manual__2025-09-08T03:16:20.573147+00:00', '--job-id', '45', '--raw', '--subdir', 'DAGS_FOLDER/spark_***.py', '--cfg-path', '/tmp/tmpu5rr9n09']
[2025-09-08T03:16:28.713+0000] {standard_task_runner.py:85} INFO - Job 45: Subtask python_job
[2025-09-08T03:16:28.806+0000] {task_command.py:415} INFO - Running <TaskInstance: sparking_flow.python_job manual__2025-09-08T03:16:20.573147+00:00 [running]> on host ac03ab483d89
[2025-09-08T03:16:28.939+0000] {taskinstance.py:1660} INFO - Exporting env vars: AIRFLOW_CTX_DAG_OWNER='Kudzaishe Manyanya' AIRFLOW_CTX_DAG_ID='sparking_flow' AIRFLOW_CTX_TASK_ID='python_job' AIRFLOW_CTX_EXECUTION_DATE='2025-09-08T03:16:20.573147+00:00' AIRFLOW_CTX_TRY_NUMBER='1' AIRFLOW_CTX_DAG_RUN_ID='manual__2025-09-08T03:16:20.573147+00:00'
[2025-09-08T03:16:28.954+0000] {base.py:73} INFO - Using connection ID 'spark-conn' for task execution.
[2025-09-08T03:16:28.955+0000] {spark_submit.py:403} INFO - Spark-Submit cmd: spark-submit --master spark://spark-master:7077 --jars /opt/spark/external-jars/apache-spark-sql-connector.jar --name arrow-spark --deploy-mode client jobs/python/wordcountjob.py
[2025-09-08T03:16:31.108+0000] {spark_submit.py:579} INFO - WARNING: Using incubator modules: jdk.incubator.vector
[2025-09-08T03:16:33.871+0000] {spark_submit.py:579} INFO - 25/09/08 03:16:33 WARN NativeCodeLoader: Unable to load native-hadoop library for your platform... using builtin-java classes where applicable
[2025-09-08T03:16:38.405+0000] {spark_submit.py:579} INFO - Using Spark's default log4j profile: org/apache/spark/log4j2-defaults.properties
[2025-09-08T03:16:38.437+0000] {spark_submit.py:579} INFO - 25/09/08 03:16:38 INFO SparkContext: Running Spark version 4.0.0
[2025-09-08T03:16:38.438+0000] {spark_submit.py:579} INFO - 25/09/08 03:16:38 INFO SparkContext: OS info Linux, 6.6.87.2-microsoft-standard-WSL2, amd64
[2025-09-08T03:16:38.438+0000] {spark_submit.py:579} INFO - 25/09/08 03:16:38 INFO SparkContext: Java version 17.0.15
[2025-09-08T03:16:38.481+0000] {spark_submit.py:579} INFO - 25/09/08 03:16:38 INFO ResourceUtils: ==============================================================
[2025-09-08T03:16:38.482+0000] {spark_submit.py:579} INFO - 25/09/08 03:16:38 INFO ResourceUtils: No custom resources configured for spark.driver.
[2025-09-08T03:16:38.482+0000] {spark_submit.py:579} INFO - 25/09/08 03:16:38 INFO ResourceUtils: ==============================================================
[2025-09-08T03:16:38.483+0000] {spark_submit.py:579} INFO - 25/09/08 03:16:38 INFO SparkContext: Submitted application: PythonWordCount
[2025-09-08T03:16:38.525+0000] {spark_submit.py:579} INFO - 25/09/08 03:16:38 INFO ResourceProfile: Default ResourceProfile created, executor resources: Map(memory -> name: memory, amount: 1024, script: , vendor: , offHeap -> name: offHeap, amount: 0, script: , vendor: ), task resources: Map(cpus -> name: cpus, amount: 1.0)
[2025-09-08T03:16:38.531+0000] {spark_submit.py:579} INFO - 25/09/08 03:16:38 INFO ResourceProfile: Limiting resource is cpu
[2025-09-08T03:16:38.533+0000] {spark_submit.py:579} INFO - 25/09/08 03:16:38 INFO ResourceProfileManager: Added ResourceProfile id: 0
[2025-09-08T03:16:38.656+0000] {spark_submit.py:579} INFO - 25/09/08 03:16:38 INFO SecurityManager: Changing view acls to: ***
[2025-09-08T03:16:38.659+0000] {spark_submit.py:579} INFO - 25/09/08 03:16:38 INFO SecurityManager: Changing modify acls to: ***
[2025-09-08T03:16:38.659+0000] {spark_submit.py:579} INFO - 25/09/08 03:16:38 INFO SecurityManager: Changing view acls groups to: ***
[2025-09-08T03:16:38.660+0000] {spark_submit.py:579} INFO - 25/09/08 03:16:38 INFO SecurityManager: Changing modify acls groups to: ***
[2025-09-08T03:16:38.665+0000] {spark_submit.py:579} INFO - 25/09/08 03:16:38 INFO SecurityManager: SecurityManager: authentication disabled; ui acls disabled; users with view permissions: *** groups with view permissions: EMPTY; users with modify permissions: ***; groups with modify permissions: EMPTY; RPC SSL disabled
[2025-09-08T03:16:39.168+0000] {spark_submit.py:579} INFO - 25/09/08 03:16:39 INFO Utils: Successfully started service 'sparkDriver' on port 42005.
[2025-09-08T03:16:39.239+0000] {spark_submit.py:579} INFO - 25/09/08 03:16:39 INFO SparkEnv: Registering MapOutputTracker
[2025-09-08T03:16:39.260+0000] {spark_submit.py:579} INFO - 25/09/08 03:16:39 INFO SparkEnv: Registering BlockManagerMaster
[2025-09-08T03:16:39.293+0000] {spark_submit.py:579} INFO - 25/09/08 03:16:39 INFO BlockManagerMasterEndpoint: Using org.apache.spark.storage.DefaultTopologyMapper for getting topology information
[2025-09-08T03:16:39.295+0000] {spark_submit.py:579} INFO - 25/09/08 03:16:39 INFO BlockManagerMasterEndpoint: BlockManagerMasterEndpoint up
[2025-09-08T03:16:39.300+0000] {spark_submit.py:579} INFO - 25/09/08 03:16:39 INFO SparkEnv: Registering BlockManagerMasterHeartbeat
[2025-09-08T03:16:39.350+0000] {spark_submit.py:579} INFO - 25/09/08 03:16:39 INFO DiskBlockManager: Created local directory at /tmp/blockmgr-7b7f26d2-d650-46ab-ab51-93f2e1fcd532
[2025-09-08T03:16:39.390+0000] {spark_submit.py:579} INFO - 25/09/08 03:16:39 INFO SparkEnv: Registering OutputCommitCoordinator
[2025-09-08T03:16:39.656+0000] {spark_submit.py:579} INFO - 25/09/08 03:16:39 INFO JettyUtils: Start Jetty 0.0.0.0:4040 for SparkUI
[2025-09-08T03:16:39.831+0000] {spark_submit.py:579} INFO - 25/09/08 03:16:39 INFO Utils: Successfully started service 'SparkUI' on port 4040.
[2025-09-08T03:16:39.897+0000] {spark_submit.py:579} INFO - 25/09/08 03:16:39 INFO SparkContext: Added JAR file:///opt/spark/external-jars/apache-spark-sql-connector.jar at spark://ac03ab483d89:42005/jars/apache-spark-sql-connector.jar with timestamp 1757301398264
[2025-09-08T03:16:39.934+0000] {spark_submit.py:579} INFO - 25/09/08 03:16:39 INFO SecurityManager: Changing view acls to: ***
[2025-09-08T03:16:39.934+0000] {spark_submit.py:579} INFO - 25/09/08 03:16:39 INFO SecurityManager: Changing modify acls to: ***
[2025-09-08T03:16:39.935+0000] {spark_submit.py:579} INFO - 25/09/08 03:16:39 INFO SecurityManager: Changing view acls groups to: ***
[2025-09-08T03:16:39.935+0000] {spark_submit.py:579} INFO - 25/09/08 03:16:39 INFO SecurityManager: Changing modify acls groups to: ***
[2025-09-08T03:16:39.936+0000] {spark_submit.py:579} INFO - 25/09/08 03:16:39 INFO SecurityManager: SecurityManager: authentication disabled; ui acls disabled; users with view permissions: *** groups with view permissions: EMPTY; users with modify permissions: ***; groups with modify permissions: EMPTY; RPC SSL disabled
[2025-09-08T03:16:40.194+0000] {spark_submit.py:579} INFO - 25/09/08 03:16:40 INFO StandaloneAppClient$ClientEndpoint: Connecting to master spark://spark-master:7077...
[2025-09-08T03:16:40.259+0000] {spark_submit.py:579} INFO - 25/09/08 03:16:40 INFO TransportClientFactory: Successfully created connection to spark-master/172.18.0.2:7077 after 30 ms (0 ms spent in bootstraps)
[2025-09-08T03:16:41.314+0000] {spark_submit.py:579} INFO - 25/09/08 03:16:41 INFO StandaloneSchedulerBackend: Connected to Spark cluster with app ID app-20250908031640-0019
[2025-09-08T03:16:41.329+0000] {spark_submit.py:579} INFO - 25/09/08 03:16:41 INFO Utils: Successfully started service 'org.apache.spark.network.netty.NettyBlockTransferService' on port 32941.
[2025-09-08T03:16:41.330+0000] {spark_submit.py:579} INFO - 25/09/08 03:16:41 INFO NettyBlockTransferService: Server created on ac03ab483d89:32941
[2025-09-08T03:16:41.332+0000] {spark_submit.py:579} INFO - 25/09/08 03:16:41 INFO BlockManager: Using org.apache.spark.storage.RandomBlockReplicationPolicy for block replication policy
[2025-09-08T03:16:41.356+0000] {spark_submit.py:579} INFO - 25/09/08 03:16:41 INFO BlockManagerMaster: Registering BlockManager BlockManagerId(driver, ac03ab483d89, 32941, None)
[2025-09-08T03:16:41.364+0000] {spark_submit.py:579} INFO - 25/09/08 03:16:41 INFO BlockManagerMasterEndpoint: Registering block manager ac03ab483d89:32941 with 434.4 MiB RAM, BlockManagerId(driver, ac03ab483d89, 32941, None)
[2025-09-08T03:16:41.367+0000] {spark_submit.py:579} INFO - 25/09/08 03:16:41 INFO BlockManagerMaster: Registered BlockManager BlockManagerId(driver, ac03ab483d89, 32941, None)
[2025-09-08T03:16:41.369+0000] {spark_submit.py:579} INFO - 25/09/08 03:16:41 INFO BlockManager: Initialized BlockManager: BlockManagerId(driver, ac03ab483d89, 32941, None)
[2025-09-08T03:16:41.439+0000] {spark_submit.py:579} INFO - 25/09/08 03:16:41 INFO StandaloneAppClient$ClientEndpoint: Executor added: app-20250908031640-0019/0 on worker-20250906133811-172.18.0.4-34629 (172.18.0.4:34629) with 2 core(s)
[2025-09-08T03:16:41.441+0000] {spark_submit.py:579} INFO - 25/09/08 03:16:41 INFO StandaloneSchedulerBackend: Granted executor ID app-20250908031640-0019/0 on hostPort 172.18.0.4:34629 with 2 core(s), 1024.0 MiB RAM
[2025-09-08T03:16:41.574+0000] {spark_submit.py:579} INFO - 25/09/08 03:16:41 INFO StandaloneSchedulerBackend: SchedulerBackend is ready for scheduling beginning after reached minRegisteredResourcesRatio: 0.0
[2025-09-08T03:16:43.490+0000] {spark_submit.py:579} INFO - 25/09/08 03:16:43 INFO StandaloneAppClient$ClientEndpoint: Executor updated: app-20250908031640-0019/0 is now RUNNING
[2025-09-08T03:16:47.060+0000] {spark_submit.py:579} INFO - dict_keys(['daily', 'daily960', 'live_rapid', 'live_blitz', 'live_bullet', 'live_bughouse', 'live_blitz960', 'live_threecheck', 'live_crazyhouse', 'tactics', 'rush', 'battle'])
[2025-09-08T03:16:47.926+0000] {spark_submit.py:579} INFO - 25/09/08 03:16:47 INFO SharedState: Setting hive.metastore.warehouse.dir ('null') to the value of spark.sql.warehouse.dir.
[2025-09-08T03:16:47.934+0000] {spark_submit.py:579} INFO - 25/09/08 03:16:47 INFO SharedState: Warehouse path is 'file:/opt/***/spark-warehouse'.
[2025-09-08T03:16:48.028+0000] {spark_submit.py:579} INFO - 25/09/08 03:16:48 INFO StandaloneSchedulerBackend$StandaloneDriverEndpoint: Registered executor NettyRpcEndpointRef(spark-client://Executor) (172.18.0.4:40964) with ID 0, ResourceProfileId 0
[2025-09-08T03:16:48.338+0000] {spark_submit.py:579} INFO - 25/09/08 03:16:48 INFO BlockManagerMasterEndpoint: Registering block manager 172.18.0.4:39163 with 434.4 MiB RAM, BlockManagerId(0, 172.18.0.4, 39163, None)
[2025-09-08T03:17:08.092+0000] {spark_submit.py:579} INFO - Traceback (most recent call last):
[2025-09-08T03:17:08.102+0000] {spark_submit.py:579} INFO - File "/opt/***/jobs/python/wordcountjob.py", line 202, in <module>
[2025-09-08T03:17:08.105+0000] {spark_submit.py:579} INFO - write_data(daily,"daily")
[2025-09-08T03:17:08.106+0000] {spark_submit.py:579} INFO - File "/opt/***/jobs/python/wordcountjob.py", line 198, in write_data
[2025-09-08T03:17:08.106+0000] {spark_submit.py:579} INFO - df.write.mode("overwrite").jdbc(url=jdbc_url, table=f"cs.{table}", properties=properties)
[2025-09-08T03:17:08.106+0000] {spark_submit.py:579} INFO - File "/home/***/.local/lib/python3.10/site-packages/pyspark/python/lib/pyspark.zip/pyspark/sql/readwriter.py", line 2347, in jdbc
[2025-09-08T03:17:08.107+0000] {spark_submit.py:579} INFO - File "/home/***/.local/lib/python3.10/site-packages/pyspark/python/lib/py4j-0.10.9.9-src.zip/py4j/java_gateway.py", line 1362, in __call__
[2025-09-08T03:17:08.110+0000] {spark_submit.py:579} INFO - File "/home/***/.local/lib/python3.10/site-packages/pyspark/python/lib/pyspark.zip/pyspark/errors/exceptions/captured.py", line 282, in deco
[2025-09-08T03:17:08.112+0000] {spark_submit.py:579} INFO - File "/home/***/.local/lib/python3.10/site-packages/pyspark/python/lib/py4j-0.10.9.9-src.zip/py4j/protocol.py", line 327, in get_return_value
[2025-09-08T03:17:08.162+0000] {spark_submit.py:579} INFO - py4j.protocol.Py4JJavaError: An error occurred while calling o308.jdbc.
[2025-09-08T03:17:08.163+0000] {spark_submit.py:579} INFO - : com.microsoft.sqlserver.jdbc.SQLServerException: Database 'chess' on server 'kudzie.database.windows.net' is not currently available.  Please retry the connection later.  If the problem persists, contact customer support, and provide them the session tracing ID of '{4AFA13DB-A506-4DEB-989F-CCBA93432382}'. ClientConnectionId:8c4bcec2-8334-4111-82ed-a8b0d1c39c43
[2025-09-08T03:17:08.164+0000] {spark_submit.py:579} INFO - at com.microsoft.sqlserver.jdbc.SQLServerException.makeFromDatabaseError(SQLServerException.java:256)
[2025-09-08T03:17:08.165+0000] {spark_submit.py:579} INFO - at com.microsoft.sqlserver.jdbc.TDSTokenHandler.onEOF(tdsparser.java:258)
[2025-09-08T03:17:08.165+0000] {spark_submit.py:579} INFO - at com.microsoft.sqlserver.jdbc.TDSParser.parse(tdsparser.java:104)
[2025-09-08T03:17:08.165+0000] {spark_submit.py:579} INFO - at com.microsoft.sqlserver.jdbc.SQLServerConnection.sendLogon(SQLServerConnection.java:5028)
[2025-09-08T03:17:08.166+0000] {spark_submit.py:579} INFO - at com.microsoft.sqlserver.jdbc.SQLServerConnection.logon(SQLServerConnection.java:3660)
[2025-09-08T03:17:08.166+0000] {spark_submit.py:579} INFO - at com.microsoft.sqlserver.jdbc.SQLServerConnection.access$000(SQLServerConnection.java:94)
[2025-09-08T03:17:08.167+0000] {spark_submit.py:579} INFO - at com.microsoft.sqlserver.jdbc.SQLServerConnection$LogonCommand.doExecute(SQLServerConnection.java:3619)
[2025-09-08T03:17:08.167+0000] {spark_submit.py:579} INFO - at com.microsoft.sqlserver.jdbc.TDSCommand.execute(IOBuffer.java:7194)
[2025-09-08T03:17:08.167+0000] {spark_submit.py:579} INFO - at com.microsoft.sqlserver.jdbc.SQLServerConnection.executeCommand(SQLServerConnection.java:2930)
[2025-09-08T03:17:08.168+0000] {spark_submit.py:579} INFO - at com.microsoft.sqlserver.jdbc.SQLServerConnection.connectHelper(SQLServerConnection.java:2456)
[2025-09-08T03:17:08.168+0000] {spark_submit.py:579} INFO - at com.microsoft.sqlserver.jdbc.SQLServerConnection.login(SQLServerConnection.java:2103)
[2025-09-08T03:17:08.168+0000] {spark_submit.py:579} INFO - at com.microsoft.sqlserver.jdbc.SQLServerConnection.connectInternal(SQLServerConnection.java:1950)
[2025-09-08T03:17:08.168+0000] {spark_submit.py:579} INFO - at com.microsoft.sqlserver.jdbc.SQLServerConnection.connect(SQLServerConnection.java:1162)
[2025-09-08T03:17:08.169+0000] {spark_submit.py:579} INFO - at com.microsoft.sqlserver.jdbc.SQLServerDriver.connect(SQLServerDriver.java:735)
[2025-09-08T03:17:08.169+0000] {spark_submit.py:579} INFO - at org.apache.spark.sql.execution.datasources.jdbc.connection.BasicConnectionProvider.getConnection(BasicConnectionProvider.scala:50)
[2025-09-08T03:17:08.169+0000] {spark_submit.py:579} INFO - at org.apache.spark.sql.execution.datasources.jdbc.connection.ConnectionProviderBase.create(ConnectionProvider.scala:102)
[2025-09-08T03:17:08.169+0000] {spark_submit.py:579} INFO - at org.apache.spark.sql.jdbc.JdbcDialect.$anonfun$createConnectionFactory$1(JdbcDialects.scala:235)
[2025-09-08T03:17:08.170+0000] {spark_submit.py:579} INFO - at org.apache.spark.sql.jdbc.JdbcDialect.$anonfun$createConnectionFactory$1$adapted(JdbcDialects.scala:231)
[2025-09-08T03:17:08.170+0000] {spark_submit.py:579} INFO - at org.apache.spark.sql.execution.datasources.jdbc.JdbcRelationProvider.createRelation(JdbcRelationProvider.scala:51)
[2025-09-08T03:17:08.170+0000] {spark_submit.py:579} INFO - at org.apache.spark.sql.execution.datasources.SaveIntoDataSourceCommand.run(SaveIntoDataSourceCommand.scala:55)
[2025-09-08T03:17:08.170+0000] {spark_submit.py:579} INFO - at org.apache.spark.sql.execution.command.ExecutedCommandExec.sideEffectResult$lzycompute(commands.scala:79)
[2025-09-08T03:17:08.171+0000] {spark_submit.py:579} INFO - at org.apache.spark.sql.execution.command.ExecutedCommandExec.sideEffectResult(commands.scala:77)
[2025-09-08T03:17:08.171+0000] {spark_submit.py:579} INFO - at org.apache.spark.sql.execution.command.ExecutedCommandExec.executeCollect(commands.scala:88)
[2025-09-08T03:17:08.171+0000] {spark_submit.py:579} INFO - at org.apache.spark.sql.execution.QueryExecution.$anonfun$eagerlyExecuteCommands$2(QueryExecution.scala:155)
[2025-09-08T03:17:08.171+0000] {spark_submit.py:579} INFO - at org.apache.spark.sql.execution.SQLExecution$.$anonfun$withNewExecutionId0$8(SQLExecution.scala:162)
[2025-09-08T03:17:08.172+0000] {spark_submit.py:579} INFO - at org.apache.spark.sql.execution.SQLExecution$.withSessionTagsApplied(SQLExecution.scala:268)
[2025-09-08T03:17:08.172+0000] {spark_submit.py:579} INFO - at org.apache.spark.sql.execution.SQLExecution$.$anonfun$withNewExecutionId0$7(SQLExecution.scala:124)
[2025-09-08T03:17:08.172+0000] {spark_submit.py:579} INFO - at org.apache.spark.JobArtifactSet$.withActiveJobArtifactState(JobArtifactSet.scala:94)
[2025-09-08T03:17:08.172+0000] {spark_submit.py:579} INFO - at org.apache.spark.sql.artifact.ArtifactManager.$anonfun$withResources$1(ArtifactManager.scala:112)
[2025-09-08T03:17:08.173+0000] {spark_submit.py:579} INFO - at org.apache.spark.sql.artifact.ArtifactManager.withClassLoaderIfNeeded(ArtifactManager.scala:106)
[2025-09-08T03:17:08.173+0000] {spark_submit.py:579} INFO - at org.apache.spark.sql.artifact.ArtifactManager.withResources(ArtifactManager.scala:111)
[2025-09-08T03:17:08.174+0000] {spark_submit.py:579} INFO - at org.apache.spark.sql.execution.SQLExecution$.$anonfun$withNewExecutionId0$6(SQLExecution.scala:124)
[2025-09-08T03:17:08.175+0000] {spark_submit.py:579} INFO - at org.apache.spark.sql.execution.SQLExecution$.withSQLConfPropagated(SQLExecution.scala:291)
[2025-09-08T03:17:08.175+0000] {spark_submit.py:579} INFO - at org.apache.spark.sql.execution.SQLExecution$.$anonfun$withNewExecutionId0$1(SQLExecution.scala:123)
[2025-09-08T03:17:08.175+0000] {spark_submit.py:579} INFO - at org.apache.spark.sql.SparkSession.withActive(SparkSession.scala:804)
[2025-09-08T03:17:08.176+0000] {spark_submit.py:579} INFO - at org.apache.spark.sql.execution.SQLExecution$.withNewExecutionId0(SQLExecution.scala:77)
[2025-09-08T03:17:08.176+0000] {spark_submit.py:579} INFO - at org.apache.spark.sql.execution.SQLExecution$.withNewExecutionId(SQLExecution.scala:233)
[2025-09-08T03:17:08.176+0000] {spark_submit.py:579} INFO - at org.apache.spark.sql.execution.QueryExecution.$anonfun$eagerlyExecuteCommands$1(QueryExecution.scala:155)
[2025-09-08T03:17:08.177+0000] {spark_submit.py:579} INFO - at org.apache.spark.sql.execution.QueryExecution$.withInternalError(QueryExecution.scala:654)
[2025-09-08T03:17:08.177+0000] {spark_submit.py:579} INFO - at org.apache.spark.sql.execution.QueryExecution.org$apache$spark$sql$execution$QueryExecution$$eagerlyExecute$1(QueryExecution.scala:154)
[2025-09-08T03:17:08.178+0000] {spark_submit.py:579} INFO - at org.apache.spark.sql.execution.QueryExecution$$anonfun$eagerlyExecuteCommands$3.applyOrElse(QueryExecution.scala:169)
[2025-09-08T03:17:08.178+0000] {spark_submit.py:579} INFO - at org.apache.spark.sql.execution.QueryExecution$$anonfun$eagerlyExecuteCommands$3.applyOrElse(QueryExecution.scala:164)
[2025-09-08T03:17:08.179+0000] {spark_submit.py:579} INFO - at org.apache.spark.sql.catalyst.trees.TreeNode.$anonfun$transformDownWithPruning$1(TreeNode.scala:470)
[2025-09-08T03:17:08.179+0000] {spark_submit.py:579} INFO - at org.apache.spark.sql.catalyst.trees.CurrentOrigin$.withOrigin(origin.scala:86)
[2025-09-08T03:17:08.179+0000] {spark_submit.py:579} INFO - at org.apache.spark.sql.catalyst.trees.TreeNode.transformDownWithPruning(TreeNode.scala:470)
[2025-09-08T03:17:08.180+0000] {spark_submit.py:579} INFO - at org.apache.spark.sql.catalyst.plans.logical.LogicalPlan.org$apache$spark$sql$catalyst$plans$logical$AnalysisHelper$$super$transformDownWithPruning(LogicalPlan.scala:37)
[2025-09-08T03:17:08.180+0000] {spark_submit.py:579} INFO - at org.apache.spark.sql.catalyst.plans.logical.AnalysisHelper.transformDownWithPruning(AnalysisHelper.scala:360)
[2025-09-08T03:17:08.181+0000] {spark_submit.py:579} INFO - at org.apache.spark.sql.catalyst.plans.logical.AnalysisHelper.transformDownWithPruning$(AnalysisHelper.scala:356)
[2025-09-08T03:17:08.181+0000] {spark_submit.py:579} INFO - at org.apache.spark.sql.catalyst.plans.logical.LogicalPlan.transformDownWithPruning(LogicalPlan.scala:37)
[2025-09-08T03:17:08.181+0000] {spark_submit.py:579} INFO - at org.apache.spark.sql.catalyst.plans.logical.LogicalPlan.transformDownWithPruning(LogicalPlan.scala:37)
[2025-09-08T03:17:08.182+0000] {spark_submit.py:579} INFO - at org.apache.spark.sql.catalyst.trees.TreeNode.transformDown(TreeNode.scala:446)
[2025-09-08T03:17:08.182+0000] {spark_submit.py:579} INFO - at org.apache.spark.sql.execution.QueryExecution.eagerlyExecuteCommands(QueryExecution.scala:164)
[2025-09-08T03:17:08.182+0000] {spark_submit.py:579} INFO - at org.apache.spark.sql.execution.QueryExecution.$anonfun$lazyCommandExecuted$1(QueryExecution.scala:126)
[2025-09-08T03:17:08.182+0000] {spark_submit.py:579} INFO - at scala.util.Try$.apply(Try.scala:217)
[2025-09-08T03:17:08.183+0000] {spark_submit.py:579} INFO - at org.apache.spark.util.Utils$.doTryWithCallerStacktrace(Utils.scala:1378)
[2025-09-08T03:17:08.183+0000] {spark_submit.py:579} INFO - at org.apache.spark.util.Utils$.getTryWithCallerStacktrace(Utils.scala:1439)
[2025-09-08T03:17:08.183+0000] {spark_submit.py:579} INFO - at org.apache.spark.util.LazyTry.get(LazyTry.scala:58)
[2025-09-08T03:17:08.184+0000] {spark_submit.py:579} INFO - at org.apache.spark.sql.execution.QueryExecution.commandExecuted(QueryExecution.scala:131)
[2025-09-08T03:17:08.184+0000] {spark_submit.py:579} INFO - at org.apache.spark.sql.execution.QueryExecution.assertCommandExecuted(QueryExecution.scala:192)
[2025-09-08T03:17:08.184+0000] {spark_submit.py:579} INFO - at org.apache.spark.sql.classic.DataFrameWriter.runCommand(DataFrameWriter.scala:622)
[2025-09-08T03:17:08.184+0000] {spark_submit.py:579} INFO - at org.apache.spark.sql.classic.DataFrameWriter.saveToV1Source(DataFrameWriter.scala:273)
[2025-09-08T03:17:08.185+0000] {spark_submit.py:579} INFO - at org.apache.spark.sql.classic.DataFrameWriter.saveInternal(DataFrameWriter.scala:241)
[2025-09-08T03:17:08.185+0000] {spark_submit.py:579} INFO - at org.apache.spark.sql.classic.DataFrameWriter.save(DataFrameWriter.scala:126)
[2025-09-08T03:17:08.185+0000] {spark_submit.py:579} INFO - at org.apache.spark.sql.DataFrameWriter.jdbc(DataFrameWriter.scala:334)
[2025-09-08T03:17:08.185+0000] {spark_submit.py:579} INFO - at java.base/jdk.internal.reflect.NativeMethodAccessorImpl.invoke0(Native Method)
[2025-09-08T03:17:08.185+0000] {spark_submit.py:579} INFO - at java.base/jdk.internal.reflect.NativeMethodAccessorImpl.invoke(NativeMethodAccessorImpl.java:77)
[2025-09-08T03:17:08.186+0000] {spark_submit.py:579} INFO - at java.base/jdk.internal.reflect.DelegatingMethodAccessorImpl.invoke(DelegatingMethodAccessorImpl.java:43)
[2025-09-08T03:17:08.186+0000] {spark_submit.py:579} INFO - at java.base/java.lang.reflect.Method.invoke(Method.java:569)
[2025-09-08T03:17:08.186+0000] {spark_submit.py:579} INFO - at py4j.reflection.MethodInvoker.invoke(MethodInvoker.java:244)
[2025-09-08T03:17:08.186+0000] {spark_submit.py:579} INFO - at py4j.reflection.ReflectionEngine.invoke(ReflectionEngine.java:374)
[2025-09-08T03:17:08.186+0000] {spark_submit.py:579} INFO - at py4j.Gateway.invoke(Gateway.java:282)
[2025-09-08T03:17:08.187+0000] {spark_submit.py:579} INFO - at py4j.commands.AbstractCommand.invokeMethod(AbstractCommand.java:132)
[2025-09-08T03:17:08.187+0000] {spark_submit.py:579} INFO - at py4j.commands.CallCommand.execute(CallCommand.java:79)
[2025-09-08T03:17:08.188+0000] {spark_submit.py:579} INFO - at py4j.ClientServerConnection.waitForCommands(ClientServerConnection.java:184)
[2025-09-08T03:17:08.188+0000] {spark_submit.py:579} INFO - at py4j.ClientServerConnection.run(ClientServerConnection.java:108)
[2025-09-08T03:17:08.188+0000] {spark_submit.py:579} INFO - at java.base/java.lang.Thread.run(Thread.java:840)
[2025-09-08T03:17:08.188+0000] {spark_submit.py:579} INFO - Suppressed: org.apache.spark.util.Utils$OriginalTryStackTraceException: Full stacktrace of original doTryWithCallerStacktrace caller
[2025-09-08T03:17:08.188+0000] {spark_submit.py:579} INFO - at com.microsoft.sqlserver.jdbc.SQLServerException.makeFromDatabaseError(SQLServerException.java:256)
[2025-09-08T03:17:08.189+0000] {spark_submit.py:579} INFO - at com.microsoft.sqlserver.jdbc.TDSTokenHandler.onEOF(tdsparser.java:258)
[2025-09-08T03:17:08.189+0000] {spark_submit.py:579} INFO - at com.microsoft.sqlserver.jdbc.TDSParser.parse(tdsparser.java:104)
[2025-09-08T03:17:08.189+0000] {spark_submit.py:579} INFO - at com.microsoft.sqlserver.jdbc.SQLServerConnection.sendLogon(SQLServerConnection.java:5028)
[2025-09-08T03:17:08.189+0000] {spark_submit.py:579} INFO - at com.microsoft.sqlserver.jdbc.SQLServerConnection.logon(SQLServerConnection.java:3660)
[2025-09-08T03:17:08.189+0000] {spark_submit.py:579} INFO - at com.microsoft.sqlserver.jdbc.SQLServerConnection.access$000(SQLServerConnection.java:94)
[2025-09-08T03:17:08.190+0000] {spark_submit.py:579} INFO - at com.microsoft.sqlserver.jdbc.SQLServerConnection$LogonCommand.doExecute(SQLServerConnection.java:3619)
[2025-09-08T03:17:08.190+0000] {spark_submit.py:579} INFO - at com.microsoft.sqlserver.jdbc.TDSCommand.execute(IOBuffer.java:7194)
[2025-09-08T03:17:08.190+0000] {spark_submit.py:579} INFO - at com.microsoft.sqlserver.jdbc.SQLServerConnection.executeCommand(SQLServerConnection.java:2930)
[2025-09-08T03:17:08.190+0000] {spark_submit.py:579} INFO - at com.microsoft.sqlserver.jdbc.SQLServerConnection.connectHelper(SQLServerConnection.java:2456)
[2025-09-08T03:17:08.191+0000] {spark_submit.py:579} INFO - at com.microsoft.sqlserver.jdbc.SQLServerConnection.login(SQLServerConnection.java:2103)
[2025-09-08T03:17:08.191+0000] {spark_submit.py:579} INFO - at com.microsoft.sqlserver.jdbc.SQLServerConnection.connectInternal(SQLServerConnection.java:1950)
[2025-09-08T03:17:08.191+0000] {spark_submit.py:579} INFO - at com.microsoft.sqlserver.jdbc.SQLServerConnection.connect(SQLServerConnection.java:1162)
[2025-09-08T03:17:08.191+0000] {spark_submit.py:579} INFO - at com.microsoft.sqlserver.jdbc.SQLServerDriver.connect(SQLServerDriver.java:735)
[2025-09-08T03:17:08.191+0000] {spark_submit.py:579} INFO - at org.apache.spark.sql.execution.datasources.jdbc.connection.BasicConnectionProvider.getConnection(BasicConnectionProvider.scala:50)
[2025-09-08T03:17:08.192+0000] {spark_submit.py:579} INFO - at org.apache.spark.sql.execution.datasources.jdbc.connection.ConnectionProviderBase.create(ConnectionProvider.scala:102)
[2025-09-08T03:17:08.192+0000] {spark_submit.py:579} INFO - at org.apache.spark.sql.jdbc.JdbcDialect.$anonfun$createConnectionFactory$1(JdbcDialects.scala:235)
[2025-09-08T03:17:08.192+0000] {spark_submit.py:579} INFO - at org.apache.spark.sql.jdbc.JdbcDialect.$anonfun$createConnectionFactory$1$adapted(JdbcDialects.scala:231)
[2025-09-08T03:17:08.192+0000] {spark_submit.py:579} INFO - at org.apache.spark.sql.execution.datasources.jdbc.JdbcRelationProvider.createRelation(JdbcRelationProvider.scala:51)
[2025-09-08T03:17:08.192+0000] {spark_submit.py:579} INFO - at org.apache.spark.sql.execution.datasources.SaveIntoDataSourceCommand.run(SaveIntoDataSourceCommand.scala:55)
[2025-09-08T03:17:08.193+0000] {spark_submit.py:579} INFO - at org.apache.spark.sql.execution.command.ExecutedCommandExec.sideEffectResult$lzycompute(commands.scala:79)
[2025-09-08T03:17:08.193+0000] {spark_submit.py:579} INFO - at org.apache.spark.sql.execution.command.ExecutedCommandExec.sideEffectResult(commands.scala:77)
[2025-09-08T03:17:08.193+0000] {spark_submit.py:579} INFO - at org.apache.spark.sql.execution.command.ExecutedCommandExec.executeCollect(commands.scala:88)
[2025-09-08T03:17:08.193+0000] {spark_submit.py:579} INFO - at org.apache.spark.sql.execution.QueryExecution.$anonfun$eagerlyExecuteCommands$2(QueryExecution.scala:155)
[2025-09-08T03:17:08.194+0000] {spark_submit.py:579} INFO - at org.apache.spark.sql.execution.SQLExecution$.$anonfun$withNewExecutionId0$8(SQLExecution.scala:162)
[2025-09-08T03:17:08.194+0000] {spark_submit.py:579} INFO - at org.apache.spark.sql.execution.SQLExecution$.withSessionTagsApplied(SQLExecution.scala:268)
[2025-09-08T03:17:08.194+0000] {spark_submit.py:579} INFO - at org.apache.spark.sql.execution.SQLExecution$.$anonfun$withNewExecutionId0$7(SQLExecution.scala:124)
[2025-09-08T03:17:08.194+0000] {spark_submit.py:579} INFO - at org.apache.spark.JobArtifactSet$.withActiveJobArtifactState(JobArtifactSet.scala:94)
[2025-09-08T03:17:08.195+0000] {spark_submit.py:579} INFO - at org.apache.spark.sql.artifact.ArtifactManager.$anonfun$withResources$1(ArtifactManager.scala:112)
[2025-09-08T03:17:08.195+0000] {spark_submit.py:579} INFO - at org.apache.spark.sql.artifact.ArtifactManager.withClassLoaderIfNeeded(ArtifactManager.scala:106)
[2025-09-08T03:17:08.195+0000] {spark_submit.py:579} INFO - at org.apache.spark.sql.artifact.ArtifactManager.withResources(ArtifactManager.scala:111)
[2025-09-08T03:17:08.196+0000] {spark_submit.py:579} INFO - at org.apache.spark.sql.execution.SQLExecution$.$anonfun$withNewExecutionId0$6(SQLExecution.scala:124)
[2025-09-08T03:17:08.196+0000] {spark_submit.py:579} INFO - at org.apache.spark.sql.execution.SQLExecution$.withSQLConfPropagated(SQLExecution.scala:291)
[2025-09-08T03:17:08.196+0000] {spark_submit.py:579} INFO - at org.apache.spark.sql.execution.SQLExecution$.$anonfun$withNewExecutionId0$1(SQLExecution.scala:123)
[2025-09-08T03:17:08.197+0000] {spark_submit.py:579} INFO - at org.apache.spark.sql.SparkSession.withActive(SparkSession.scala:804)
[2025-09-08T03:17:08.197+0000] {spark_submit.py:579} INFO - at org.apache.spark.sql.execution.SQLExecution$.withNewExecutionId0(SQLExecution.scala:77)
[2025-09-08T03:17:08.197+0000] {spark_submit.py:579} INFO - at org.apache.spark.sql.execution.SQLExecution$.withNewExecutionId(SQLExecution.scala:233)
[2025-09-08T03:17:08.197+0000] {spark_submit.py:579} INFO - at org.apache.spark.sql.execution.QueryExecution.$anonfun$eagerlyExecuteCommands$1(QueryExecution.scala:155)
[2025-09-08T03:17:08.198+0000] {spark_submit.py:579} INFO - at org.apache.spark.sql.execution.QueryExecution$.withInternalError(QueryExecution.scala:654)
[2025-09-08T03:17:08.198+0000] {spark_submit.py:579} INFO - at org.apache.spark.sql.execution.QueryExecution.org$apache$spark$sql$execution$QueryExecution$$eagerlyExecute$1(QueryExecution.scala:154)
[2025-09-08T03:17:08.198+0000] {spark_submit.py:579} INFO - at org.apache.spark.sql.execution.QueryExecution$$anonfun$eagerlyExecuteCommands$3.applyOrElse(QueryExecution.scala:169)
[2025-09-08T03:17:08.198+0000] {spark_submit.py:579} INFO - at org.apache.spark.sql.execution.QueryExecution$$anonfun$eagerlyExecuteCommands$3.applyOrElse(QueryExecution.scala:164)
[2025-09-08T03:17:08.199+0000] {spark_submit.py:579} INFO - at org.apache.spark.sql.catalyst.trees.TreeNode.$anonfun$transformDownWithPruning$1(TreeNode.scala:470)
[2025-09-08T03:17:08.199+0000] {spark_submit.py:579} INFO - at org.apache.spark.sql.catalyst.trees.CurrentOrigin$.withOrigin(origin.scala:86)
[2025-09-08T03:17:08.199+0000] {spark_submit.py:579} INFO - at org.apache.spark.sql.catalyst.trees.TreeNode.transformDownWithPruning(TreeNode.scala:470)
[2025-09-08T03:17:08.199+0000] {spark_submit.py:579} INFO - at org.apache.spark.sql.catalyst.plans.logical.LogicalPlan.org$apache$spark$sql$catalyst$plans$logical$AnalysisHelper$$super$transformDownWithPruning(LogicalPlan.scala:37)
[2025-09-08T03:17:08.200+0000] {spark_submit.py:579} INFO - at org.apache.spark.sql.catalyst.plans.logical.AnalysisHelper.transformDownWithPruning(AnalysisHelper.scala:360)
[2025-09-08T03:17:08.200+0000] {spark_submit.py:579} INFO - at org.apache.spark.sql.catalyst.plans.logical.AnalysisHelper.transformDownWithPruning$(AnalysisHelper.scala:356)
[2025-09-08T03:17:08.200+0000] {spark_submit.py:579} INFO - at org.apache.spark.sql.catalyst.plans.logical.LogicalPlan.transformDownWithPruning(LogicalPlan.scala:37)
[2025-09-08T03:17:08.200+0000] {spark_submit.py:579} INFO - at org.apache.spark.sql.catalyst.plans.logical.LogicalPlan.transformDownWithPruning(LogicalPlan.scala:37)
[2025-09-08T03:17:08.200+0000] {spark_submit.py:579} INFO - at org.apache.spark.sql.catalyst.trees.TreeNode.transformDown(TreeNode.scala:446)
[2025-09-08T03:17:08.201+0000] {spark_submit.py:579} INFO - at org.apache.spark.sql.execution.QueryExecution.eagerlyExecuteCommands(QueryExecution.scala:164)
[2025-09-08T03:17:08.201+0000] {spark_submit.py:579} INFO - at org.apache.spark.sql.execution.QueryExecution.$anonfun$lazyCommandExecuted$1(QueryExecution.scala:126)
[2025-09-08T03:17:08.201+0000] {spark_submit.py:579} INFO - at scala.util.Try$.apply(Try.scala:217)
[2025-09-08T03:17:08.201+0000] {spark_submit.py:579} INFO - at org.apache.spark.util.Utils$.doTryWithCallerStacktrace(Utils.scala:1378)
[2025-09-08T03:17:08.201+0000] {spark_submit.py:579} INFO - at org.apache.spark.util.LazyTry.tryT$lzycompute(LazyTry.scala:46)
[2025-09-08T03:17:08.202+0000] {spark_submit.py:579} INFO - at org.apache.spark.util.LazyTry.tryT(LazyTry.scala:46)
[2025-09-08T03:17:08.202+0000] {spark_submit.py:579} INFO - ... 20 more
[2025-09-08T03:17:08.202+0000] {spark_submit.py:579} INFO - 
[2025-09-08T03:17:08.864+0000] {spark_submit.py:579} INFO - 25/09/08 03:17:08 INFO SparkContext: Invoking stop() from shutdown hook
[2025-09-08T03:17:08.869+0000] {spark_submit.py:579} INFO - 25/09/08 03:17:08 INFO SparkContext: SparkContext is stopping with exitCode 0 from run at Executors.java:539.
[2025-09-08T03:17:08.910+0000] {spark_submit.py:579} INFO - 25/09/08 03:17:08 INFO SparkUI: Stopped Spark web UI at http://ac03ab483d89:4040
[2025-09-08T03:17:08.928+0000] {spark_submit.py:579} INFO - 25/09/08 03:17:08 INFO StandaloneSchedulerBackend: Shutting down all executors
[2025-09-08T03:17:08.932+0000] {spark_submit.py:579} INFO - 25/09/08 03:17:08 INFO StandaloneSchedulerBackend$StandaloneDriverEndpoint: Asking each executor to shut down
[2025-09-08T03:17:08.996+0000] {spark_submit.py:579} INFO - 25/09/08 03:17:08 INFO MapOutputTrackerMasterEndpoint: MapOutputTrackerMasterEndpoint stopped!
[2025-09-08T03:17:09.074+0000] {spark_submit.py:579} INFO - 25/09/08 03:17:09 INFO MemoryStore: MemoryStore started with capacity 434.4 MiB
[2025-09-08T03:17:09.075+0000] {spark_submit.py:579} INFO - 25/09/08 03:17:09 INFO MemoryStore: MemoryStore cleared
[2025-09-08T03:17:09.076+0000] {spark_submit.py:579} INFO - 25/09/08 03:17:09 INFO BlockManager: BlockManager stopped
[2025-09-08T03:17:09.093+0000] {spark_submit.py:579} INFO - 25/09/08 03:17:09 INFO BlockManagerMaster: BlockManagerMaster stopped
[2025-09-08T03:17:09.101+0000] {spark_submit.py:579} INFO - 25/09/08 03:17:09 INFO OutputCommitCoordinator$OutputCommitCoordinatorEndpoint: OutputCommitCoordinator stopped!
[2025-09-08T03:17:09.140+0000] {spark_submit.py:579} INFO - 25/09/08 03:17:09 INFO SparkContext: Successfully stopped SparkContext
[2025-09-08T03:17:09.141+0000] {spark_submit.py:579} INFO - 25/09/08 03:17:09 INFO ShutdownHookManager: Shutdown hook called
[2025-09-08T03:17:09.142+0000] {spark_submit.py:579} INFO - 25/09/08 03:17:09 INFO ShutdownHookManager: Deleting directory /tmp/spark-ebd9b906-d6c9-4ca8-91cf-023ed89ad6fe
[2025-09-08T03:17:09.165+0000] {spark_submit.py:579} INFO - 25/09/08 03:17:09 INFO ShutdownHookManager: Deleting directory /tmp/spark-63ce59df-296f-4d59-bc05-5b61a935e85f
[2025-09-08T03:17:09.186+0000] {spark_submit.py:579} INFO - 25/09/08 03:17:09 INFO ShutdownHookManager: Deleting directory /tmp/spark-ebd9b906-d6c9-4ca8-91cf-023ed89ad6fe/pyspark-de7827fa-c2f0-400e-9b94-6a810e3b49cf
[2025-09-08T03:17:09.209+0000] {spark_submit.py:579} INFO - 25/09/08 03:17:09 INFO ShutdownHookManager: Deleting directory /opt/***/artifacts/spark-8f2f6019-5995-4149-b608-b76395c4e67e
[2025-09-08T03:17:09.666+0000] {taskinstance.py:1935} ERROR - Task failed with exception
Traceback (most recent call last):
  File "/home/airflow/.local/lib/python3.10/site-packages/airflow/providers/apache/spark/operators/spark_submit.py", line 174, in execute
    self._hook.submit(self.application)
  File "/home/airflow/.local/lib/python3.10/site-packages/airflow/providers/apache/spark/hooks/spark_submit.py", line 505, in submit
    raise AirflowException(
airflow.exceptions.AirflowException: Cannot execute: spark-submit --master spark://spark-master:7077 --jars /opt/spark/external-jars/apache-spark-sql-connector.jar --name arrow-spark --deploy-mode client jobs/python/wordcountjob.py. Error code is: 1.
[2025-09-08T03:17:09.721+0000] {taskinstance.py:1398} INFO - Marking task as FAILED. dag_id=sparking_flow, task_id=python_job, execution_date=20250908T031620, start_date=20250908T031628, end_date=20250908T031709
[2025-09-08T03:17:09.842+0000] {standard_task_runner.py:104} ERROR - Failed to execute job 45 for task python_job (Cannot execute: spark-submit --master spark://spark-master:7077 --jars /opt/spark/external-jars/apache-spark-sql-connector.jar --name arrow-spark --deploy-mode client jobs/python/wordcountjob.py. Error code is: 1.; 26510)
[2025-09-08T03:17:09.933+0000] {local_task_job_runner.py:228} INFO - Task exited with return code 1
[2025-09-08T03:17:10.119+0000] {taskinstance.py:2776} INFO - 0 downstream tasks scheduled from follow-on schedule check
