[2025-09-12T15:54:05.132+0000] {taskinstance.py:1157} INFO - Dependencies all met for dep_context=non-requeueable deps ti=<TaskInstance: sparking_flow.python_job manual__2025-09-12T15:53:59.038595+00:00 [queued]>
[2025-09-12T15:54:05.143+0000] {taskinstance.py:1157} INFO - Dependencies all met for dep_context=requeueable deps ti=<TaskInstance: sparking_flow.python_job manual__2025-09-12T15:53:59.038595+00:00 [queued]>
[2025-09-12T15:54:05.146+0000] {taskinstance.py:1359} INFO - Starting attempt 1 of 1
[2025-09-12T15:54:05.163+0000] {taskinstance.py:1380} INFO - Executing <Task(SparkSubmitOperator): python_job> on 2025-09-12 15:53:59.038595+00:00
[2025-09-12T15:54:05.171+0000] {standard_task_runner.py:57} INFO - Started process 246 to run task
[2025-09-12T15:54:05.177+0000] {standard_task_runner.py:84} INFO - Running: ['***', 'tasks', 'run', 'sparking_flow', 'python_job', 'manual__2025-09-12T15:53:59.038595+00:00', '--job-id', '9', '--raw', '--subdir', 'DAGS_FOLDER/spark_***.py', '--cfg-path', '/tmp/tmp4xptlaxm']
[2025-09-12T15:54:05.182+0000] {standard_task_runner.py:85} INFO - Job 9: Subtask python_job
[2025-09-12T15:54:05.288+0000] {task_command.py:415} INFO - Running <TaskInstance: sparking_flow.python_job manual__2025-09-12T15:53:59.038595+00:00 [running]> on host 54b9d34f669e
[2025-09-12T15:54:05.405+0000] {taskinstance.py:1660} INFO - Exporting env vars: AIRFLOW_CTX_DAG_OWNER='Kudzaishe Manyanya' AIRFLOW_CTX_DAG_ID='sparking_flow' AIRFLOW_CTX_TASK_ID='python_job' AIRFLOW_CTX_EXECUTION_DATE='2025-09-12T15:53:59.038595+00:00' AIRFLOW_CTX_TRY_NUMBER='1' AIRFLOW_CTX_DAG_RUN_ID='manual__2025-09-12T15:53:59.038595+00:00'
[2025-09-12T15:54:05.431+0000] {base.py:73} INFO - Using connection ID 'spark-conn' for task execution.
[2025-09-12T15:54:05.432+0000] {spark_submit.py:403} INFO - Spark-Submit cmd: spark-submit --master spark://spark-master:7077 --jars /opt/spark/external-jars/apache-spark-sql-connector.jar --name arrow-spark --deploy-mode client jobs/python/wordcountjob.py
[2025-09-12T15:54:06.872+0000] {spark_submit.py:579} INFO - WARNING: Using incubator modules: jdk.incubator.vector
[2025-09-12T15:54:12.961+0000] {spark_submit.py:579} INFO - 25/09/12 15:54:12 WARN NativeCodeLoader: Unable to load native-hadoop library for your platform... using builtin-java classes where applicable
[2025-09-12T15:54:18.625+0000] {spark_submit.py:579} INFO - Using Spark's default log4j profile: org/apache/spark/log4j2-defaults.properties
[2025-09-12T15:54:18.649+0000] {spark_submit.py:579} INFO - 25/09/12 15:54:18 INFO SparkContext: Running Spark version 4.0.0
[2025-09-12T15:54:18.660+0000] {spark_submit.py:579} INFO - 25/09/12 15:54:18 INFO SparkContext: OS info Linux, 6.6.87.2-microsoft-standard-WSL2, amd64
[2025-09-12T15:54:18.671+0000] {spark_submit.py:579} INFO - 25/09/12 15:54:18 INFO SparkContext: Java version 17.0.15
[2025-09-12T15:54:18.789+0000] {spark_submit.py:579} INFO - 25/09/12 15:54:18 INFO ResourceUtils: ==============================================================
[2025-09-12T15:54:18.791+0000] {spark_submit.py:579} INFO - 25/09/12 15:54:18 INFO ResourceUtils: No custom resources configured for spark.driver.
[2025-09-12T15:54:18.792+0000] {spark_submit.py:579} INFO - 25/09/12 15:54:18 INFO ResourceUtils: ==============================================================
[2025-09-12T15:54:18.794+0000] {spark_submit.py:579} INFO - 25/09/12 15:54:18 INFO SparkContext: Submitted application: PythonWordCount
[2025-09-12T15:54:18.862+0000] {spark_submit.py:579} INFO - 25/09/12 15:54:18 INFO ResourceProfile: Default ResourceProfile created, executor resources: Map(memory -> name: memory, amount: 1024, script: , vendor: , offHeap -> name: offHeap, amount: 0, script: , vendor: ), task resources: Map(cpus -> name: cpus, amount: 1.0)
[2025-09-12T15:54:18.875+0000] {spark_submit.py:579} INFO - 25/09/12 15:54:18 INFO ResourceProfile: Limiting resource is cpu
[2025-09-12T15:54:18.878+0000] {spark_submit.py:579} INFO - 25/09/12 15:54:18 INFO ResourceProfileManager: Added ResourceProfile id: 0
[2025-09-12T15:54:19.050+0000] {spark_submit.py:579} INFO - 25/09/12 15:54:19 INFO SecurityManager: Changing view acls to: ***
[2025-09-12T15:54:19.061+0000] {spark_submit.py:579} INFO - 25/09/12 15:54:19 INFO SecurityManager: Changing modify acls to: ***
[2025-09-12T15:54:19.061+0000] {spark_submit.py:579} INFO - 25/09/12 15:54:19 INFO SecurityManager: Changing view acls groups to: ***
[2025-09-12T15:54:19.063+0000] {spark_submit.py:579} INFO - 25/09/12 15:54:19 INFO SecurityManager: Changing modify acls groups to: ***
[2025-09-12T15:54:19.073+0000] {spark_submit.py:579} INFO - 25/09/12 15:54:19 INFO SecurityManager: SecurityManager: authentication disabled; ui acls disabled; users with view permissions: *** groups with view permissions: EMPTY; users with modify permissions: ***; groups with modify permissions: EMPTY; RPC SSL disabled
[2025-09-12T15:54:19.904+0000] {spark_submit.py:579} INFO - 25/09/12 15:54:19 INFO Utils: Successfully started service 'sparkDriver' on port 41513.
[2025-09-12T15:54:19.997+0000] {spark_submit.py:579} INFO - 25/09/12 15:54:19 INFO SparkEnv: Registering MapOutputTracker
[2025-09-12T15:54:20.031+0000] {spark_submit.py:579} INFO - 25/09/12 15:54:20 INFO SparkEnv: Registering BlockManagerMaster
[2025-09-12T15:54:20.079+0000] {spark_submit.py:579} INFO - 25/09/12 15:54:20 INFO BlockManagerMasterEndpoint: Using org.apache.spark.storage.DefaultTopologyMapper for getting topology information
[2025-09-12T15:54:20.082+0000] {spark_submit.py:579} INFO - 25/09/12 15:54:20 INFO BlockManagerMasterEndpoint: BlockManagerMasterEndpoint up
[2025-09-12T15:54:20.091+0000] {spark_submit.py:579} INFO - 25/09/12 15:54:20 INFO SparkEnv: Registering BlockManagerMasterHeartbeat
[2025-09-12T15:54:20.156+0000] {spark_submit.py:579} INFO - 25/09/12 15:54:20 INFO DiskBlockManager: Created local directory at /tmp/blockmgr-972dc32e-0bf8-4499-82e2-ea59def09f75
[2025-09-12T15:54:20.206+0000] {spark_submit.py:579} INFO - 25/09/12 15:54:20 INFO SparkEnv: Registering OutputCommitCoordinator
[2025-09-12T15:54:20.588+0000] {spark_submit.py:579} INFO - 25/09/12 15:54:20 INFO JettyUtils: Start Jetty 0.0.0.0:4040 for SparkUI
[2025-09-12T15:54:20.865+0000] {spark_submit.py:579} INFO - 25/09/12 15:54:20 INFO Utils: Successfully started service 'SparkUI' on port 4040.
[2025-09-12T15:54:21.000+0000] {spark_submit.py:579} INFO - 25/09/12 15:54:21 INFO SparkContext: Added JAR file:///opt/spark/external-jars/apache-spark-sql-connector.jar at spark://54b9d34f669e:41513/jars/apache-spark-sql-connector.jar with timestamp 1757692458599
[2025-09-12T15:54:21.072+0000] {spark_submit.py:579} INFO - 25/09/12 15:54:21 INFO SecurityManager: Changing view acls to: ***
[2025-09-12T15:54:21.078+0000] {spark_submit.py:579} INFO - 25/09/12 15:54:21 INFO SecurityManager: Changing modify acls to: ***
[2025-09-12T15:54:21.080+0000] {spark_submit.py:579} INFO - 25/09/12 15:54:21 INFO SecurityManager: Changing view acls groups to: ***
[2025-09-12T15:54:21.093+0000] {spark_submit.py:579} INFO - 25/09/12 15:54:21 INFO SecurityManager: Changing modify acls groups to: ***
[2025-09-12T15:54:21.093+0000] {spark_submit.py:579} INFO - 25/09/12 15:54:21 INFO SecurityManager: SecurityManager: authentication disabled; ui acls disabled; users with view permissions: *** groups with view permissions: EMPTY; users with modify permissions: ***; groups with modify permissions: EMPTY; RPC SSL disabled
[2025-09-12T15:54:21.796+0000] {spark_submit.py:579} INFO - 25/09/12 15:54:21 INFO StandaloneAppClient$ClientEndpoint: Connecting to master spark://spark-master:7077...
[2025-09-12T15:54:25.694+0000] {spark_submit.py:579} INFO - 25/09/12 15:54:25 WARN TransportClientFactory: DNS resolution failed for spark-master/<unresolved>:7077 took 3755 ms
[2025-09-12T15:54:25.761+0000] {spark_submit.py:579} INFO - 25/09/12 15:54:25 WARN StandaloneAppClient$ClientEndpoint: Failed to connect to master spark-master:7077
[2025-09-12T15:54:25.762+0000] {spark_submit.py:579} INFO - org.apache.spark.SparkException: Exception thrown in awaitResult:
[2025-09-12T15:54:25.762+0000] {spark_submit.py:579} INFO - at org.apache.spark.util.SparkThreadUtils$.awaitResult(SparkThreadUtils.scala:53)
[2025-09-12T15:54:25.763+0000] {spark_submit.py:579} INFO - at org.apache.spark.util.ThreadUtils$.awaitResult(ThreadUtils.scala:342)
[2025-09-12T15:54:25.763+0000] {spark_submit.py:579} INFO - at org.apache.spark.rpc.RpcTimeout.awaitResult(RpcTimeout.scala:75)
[2025-09-12T15:54:25.764+0000] {spark_submit.py:579} INFO - at org.apache.spark.rpc.RpcEnv.setupEndpointRefByURI(RpcEnv.scala:102)
[2025-09-12T15:54:25.765+0000] {spark_submit.py:579} INFO - at org.apache.spark.rpc.RpcEnv.setupEndpointRef(RpcEnv.scala:110)
[2025-09-12T15:54:25.765+0000] {spark_submit.py:579} INFO - at org.apache.spark.deploy.client.StandaloneAppClient$ClientEndpoint$$anon$1.run(StandaloneAppClient.scala:110)
[2025-09-12T15:54:25.766+0000] {spark_submit.py:579} INFO - at java.base/java.util.concurrent.Executors$RunnableAdapter.call(Executors.java:539)
[2025-09-12T15:54:25.766+0000] {spark_submit.py:579} INFO - at java.base/java.util.concurrent.FutureTask.run(FutureTask.java:264)
[2025-09-12T15:54:25.767+0000] {spark_submit.py:579} INFO - at java.base/java.util.concurrent.ThreadPoolExecutor.runWorker(ThreadPoolExecutor.java:1136)
[2025-09-12T15:54:25.767+0000] {spark_submit.py:579} INFO - at java.base/java.util.concurrent.ThreadPoolExecutor$Worker.run(ThreadPoolExecutor.java:635)
[2025-09-12T15:54:25.768+0000] {spark_submit.py:579} INFO - at java.base/java.lang.Thread.run(Thread.java:840)
[2025-09-12T15:54:25.768+0000] {spark_submit.py:579} INFO - Caused by: java.io.IOException: Failed to connect to spark-master/<unresolved>:7077
[2025-09-12T15:54:25.769+0000] {spark_submit.py:579} INFO - at org.apache.spark.network.client.TransportClientFactory.createClient(TransportClientFactory.java:305)
[2025-09-12T15:54:25.769+0000] {spark_submit.py:579} INFO - at org.apache.spark.network.client.TransportClientFactory.createClient(TransportClientFactory.java:225)
[2025-09-12T15:54:25.769+0000] {spark_submit.py:579} INFO - at org.apache.spark.network.client.TransportClientFactory.createClient(TransportClientFactory.java:237)
[2025-09-12T15:54:25.770+0000] {spark_submit.py:579} INFO - at org.apache.spark.rpc.netty.NettyRpcEnv.createClient(NettyRpcEnv.scala:207)
[2025-09-12T15:54:25.770+0000] {spark_submit.py:579} INFO - at org.apache.spark.rpc.netty.Outbox$$anon$1.call(Outbox.scala:202)
[2025-09-12T15:54:25.771+0000] {spark_submit.py:579} INFO - at org.apache.spark.rpc.netty.Outbox$$anon$1.call(Outbox.scala:198)
[2025-09-12T15:54:25.771+0000] {spark_submit.py:579} INFO - ... 4 more
[2025-09-12T15:54:25.772+0000] {spark_submit.py:579} INFO - Caused by: java.net.UnknownHostException: spark-master
[2025-09-12T15:54:25.772+0000] {spark_submit.py:579} INFO - at java.base/java.net.InetAddress$CachedAddresses.get(InetAddress.java:801)
[2025-09-12T15:54:25.773+0000] {spark_submit.py:579} INFO - at java.base/java.net.InetAddress.getAllByName0(InetAddress.java:1533)
[2025-09-12T15:54:25.773+0000] {spark_submit.py:579} INFO - at java.base/java.net.InetAddress.getAllByName(InetAddress.java:1385)
[2025-09-12T15:54:25.774+0000] {spark_submit.py:579} INFO - at java.base/java.net.InetAddress.getAllByName(InetAddress.java:1306)
[2025-09-12T15:54:25.774+0000] {spark_submit.py:579} INFO - at java.base/java.net.InetAddress.getByName(InetAddress.java:1256)
[2025-09-12T15:54:25.775+0000] {spark_submit.py:579} INFO - at io.netty.util.internal.SocketUtils$8.run(SocketUtils.java:156)
[2025-09-12T15:54:25.775+0000] {spark_submit.py:579} INFO - at io.netty.util.internal.SocketUtils$8.run(SocketUtils.java:153)
[2025-09-12T15:54:25.775+0000] {spark_submit.py:579} INFO - at java.base/java.security.AccessController.doPrivileged(AccessController.java:569)
[2025-09-12T15:54:25.776+0000] {spark_submit.py:579} INFO - at io.netty.util.internal.SocketUtils.addressByName(SocketUtils.java:153)
[2025-09-12T15:54:25.776+0000] {spark_submit.py:579} INFO - at io.netty.resolver.DefaultNameResolver.doResolve(DefaultNameResolver.java:41)
[2025-09-12T15:54:25.777+0000] {spark_submit.py:579} INFO - at io.netty.resolver.SimpleNameResolver.resolve(SimpleNameResolver.java:61)
[2025-09-12T15:54:25.777+0000] {spark_submit.py:579} INFO - at io.netty.resolver.SimpleNameResolver.resolve(SimpleNameResolver.java:53)
[2025-09-12T15:54:25.777+0000] {spark_submit.py:579} INFO - at io.netty.resolver.InetSocketAddressResolver.doResolve(InetSocketAddressResolver.java:55)
[2025-09-12T15:54:25.778+0000] {spark_submit.py:579} INFO - at io.netty.resolver.InetSocketAddressResolver.doResolve(InetSocketAddressResolver.java:31)
[2025-09-12T15:54:25.778+0000] {spark_submit.py:579} INFO - at io.netty.resolver.AbstractAddressResolver.resolve(AbstractAddressResolver.java:106)
[2025-09-12T15:54:25.778+0000] {spark_submit.py:579} INFO - at io.netty.bootstrap.Bootstrap.doResolveAndConnect0(Bootstrap.java:220)
[2025-09-12T15:54:25.779+0000] {spark_submit.py:579} INFO - at io.netty.bootstrap.Bootstrap.access$000(Bootstrap.java:47)
[2025-09-12T15:54:25.779+0000] {spark_submit.py:579} INFO - at io.netty.bootstrap.Bootstrap$1.operationComplete(Bootstrap.java:189)
[2025-09-12T15:54:25.779+0000] {spark_submit.py:579} INFO - at io.netty.bootstrap.Bootstrap$1.operationComplete(Bootstrap.java:175)
[2025-09-12T15:54:25.780+0000] {spark_submit.py:579} INFO - at io.netty.util.concurrent.DefaultPromise.notifyListener0(DefaultPromise.java:590)
[2025-09-12T15:54:25.780+0000] {spark_submit.py:579} INFO - at io.netty.util.concurrent.DefaultPromise.notifyListenersNow(DefaultPromise.java:557)
[2025-09-12T15:54:25.780+0000] {spark_submit.py:579} INFO - at io.netty.util.concurrent.DefaultPromise.notifyListeners(DefaultPromise.java:492)
[2025-09-12T15:54:25.780+0000] {spark_submit.py:579} INFO - at io.netty.util.concurrent.DefaultPromise.setValue0(DefaultPromise.java:636)
[2025-09-12T15:54:25.781+0000] {spark_submit.py:579} INFO - at io.netty.util.concurrent.DefaultPromise.setSuccess0(DefaultPromise.java:625)
[2025-09-12T15:54:25.781+0000] {spark_submit.py:579} INFO - at io.netty.util.concurrent.DefaultPromise.trySuccess(DefaultPromise.java:105)
[2025-09-12T15:54:25.781+0000] {spark_submit.py:579} INFO - at io.netty.channel.DefaultChannelPromise.trySuccess(DefaultChannelPromise.java:84)
[2025-09-12T15:54:25.782+0000] {spark_submit.py:579} INFO - at io.netty.channel.AbstractChannel$AbstractUnsafe.safeSetSuccess(AbstractChannel.java:988)
[2025-09-12T15:54:25.782+0000] {spark_submit.py:579} INFO - at io.netty.channel.AbstractChannel$AbstractUnsafe.register0(AbstractChannel.java:515)
[2025-09-12T15:54:25.782+0000] {spark_submit.py:579} INFO - at io.netty.channel.AbstractChannel$AbstractUnsafe.access$200(AbstractChannel.java:428)
[2025-09-12T15:54:25.783+0000] {spark_submit.py:579} INFO - at io.netty.channel.AbstractChannel$AbstractUnsafe$1.run(AbstractChannel.java:485)
[2025-09-12T15:54:25.783+0000] {spark_submit.py:579} INFO - at io.netty.util.concurrent.AbstractEventExecutor.runTask(AbstractEventExecutor.java:173)
[2025-09-12T15:54:25.783+0000] {spark_submit.py:579} INFO - at io.netty.util.concurrent.AbstractEventExecutor.safeExecute(AbstractEventExecutor.java:166)
[2025-09-12T15:54:25.783+0000] {spark_submit.py:579} INFO - at io.netty.util.concurrent.SingleThreadEventExecutor.runAllTasks(SingleThreadEventExecutor.java:472)
[2025-09-12T15:54:25.784+0000] {spark_submit.py:579} INFO - at io.netty.channel.nio.NioEventLoop.run(NioEventLoop.java:569)
[2025-09-12T15:54:25.784+0000] {spark_submit.py:579} INFO - at io.netty.util.concurrent.SingleThreadEventExecutor$4.run(SingleThreadEventExecutor.java:998)
[2025-09-12T15:54:25.784+0000] {spark_submit.py:579} INFO - at io.netty.util.internal.ThreadExecutorMap$2.run(ThreadExecutorMap.java:74)
[2025-09-12T15:54:25.784+0000] {spark_submit.py:579} INFO - at io.netty.util.concurrent.FastThreadLocalRunnable.run(FastThreadLocalRunnable.java:30)
[2025-09-12T15:54:25.784+0000] {spark_submit.py:579} INFO - ... 1 more
[2025-09-12T15:54:41.791+0000] {spark_submit.py:579} INFO - 25/09/12 15:54:41 INFO StandaloneAppClient$ClientEndpoint: Connecting to master spark://spark-master:7077...
[2025-09-12T15:54:45.522+0000] {spark_submit.py:579} INFO - 25/09/12 15:54:45 WARN TransportClientFactory: DNS resolution failed for spark-master/<unresolved>:7077 took 3727 ms
[2025-09-12T15:54:45.532+0000] {spark_submit.py:579} INFO - 25/09/12 15:54:45 WARN StandaloneAppClient$ClientEndpoint: Failed to connect to master spark-master:7077
[2025-09-12T15:54:45.533+0000] {spark_submit.py:579} INFO - org.apache.spark.SparkException: Exception thrown in awaitResult:
[2025-09-12T15:54:45.534+0000] {spark_submit.py:579} INFO - at org.apache.spark.util.SparkThreadUtils$.awaitResult(SparkThreadUtils.scala:53)
[2025-09-12T15:54:45.534+0000] {spark_submit.py:579} INFO - at org.apache.spark.util.ThreadUtils$.awaitResult(ThreadUtils.scala:342)
[2025-09-12T15:54:45.535+0000] {spark_submit.py:579} INFO - at org.apache.spark.rpc.RpcTimeout.awaitResult(RpcTimeout.scala:75)
[2025-09-12T15:54:45.536+0000] {spark_submit.py:579} INFO - at org.apache.spark.rpc.RpcEnv.setupEndpointRefByURI(RpcEnv.scala:102)
[2025-09-12T15:54:45.537+0000] {spark_submit.py:579} INFO - at org.apache.spark.rpc.RpcEnv.setupEndpointRef(RpcEnv.scala:110)
[2025-09-12T15:54:45.537+0000] {spark_submit.py:579} INFO - at org.apache.spark.deploy.client.StandaloneAppClient$ClientEndpoint$$anon$1.run(StandaloneAppClient.scala:110)
[2025-09-12T15:54:45.538+0000] {spark_submit.py:579} INFO - at java.base/java.util.concurrent.Executors$RunnableAdapter.call(Executors.java:539)
[2025-09-12T15:54:45.539+0000] {spark_submit.py:579} INFO - at java.base/java.util.concurrent.FutureTask.run(FutureTask.java:264)
[2025-09-12T15:54:45.539+0000] {spark_submit.py:579} INFO - at java.base/java.util.concurrent.ThreadPoolExecutor.runWorker(ThreadPoolExecutor.java:1136)
[2025-09-12T15:54:45.540+0000] {spark_submit.py:579} INFO - at java.base/java.util.concurrent.ThreadPoolExecutor$Worker.run(ThreadPoolExecutor.java:635)
[2025-09-12T15:54:45.541+0000] {spark_submit.py:579} INFO - at java.base/java.lang.Thread.run(Thread.java:840)
[2025-09-12T15:54:45.541+0000] {spark_submit.py:579} INFO - Caused by: java.io.IOException: Failed to connect to spark-master/<unresolved>:7077
[2025-09-12T15:54:45.541+0000] {spark_submit.py:579} INFO - at org.apache.spark.network.client.TransportClientFactory.createClient(TransportClientFactory.java:305)
[2025-09-12T15:54:45.542+0000] {spark_submit.py:579} INFO - at org.apache.spark.network.client.TransportClientFactory.createClient(TransportClientFactory.java:225)
[2025-09-12T15:54:45.542+0000] {spark_submit.py:579} INFO - at org.apache.spark.network.client.TransportClientFactory.createClient(TransportClientFactory.java:237)
[2025-09-12T15:54:45.543+0000] {spark_submit.py:579} INFO - at org.apache.spark.rpc.netty.NettyRpcEnv.createClient(NettyRpcEnv.scala:207)
[2025-09-12T15:54:45.543+0000] {spark_submit.py:579} INFO - at org.apache.spark.rpc.netty.Outbox$$anon$1.call(Outbox.scala:202)
[2025-09-12T15:54:45.543+0000] {spark_submit.py:579} INFO - at org.apache.spark.rpc.netty.Outbox$$anon$1.call(Outbox.scala:198)
[2025-09-12T15:54:45.546+0000] {spark_submit.py:579} INFO - ... 4 more
[2025-09-12T15:54:45.546+0000] {spark_submit.py:579} INFO - Caused by: java.net.UnknownHostException: spark-master
[2025-09-12T15:54:45.546+0000] {spark_submit.py:579} INFO - at java.base/java.net.InetAddress$CachedAddresses.get(InetAddress.java:801)
[2025-09-12T15:54:45.547+0000] {spark_submit.py:579} INFO - at java.base/java.net.InetAddress.getAllByName0(InetAddress.java:1533)
[2025-09-12T15:54:45.547+0000] {spark_submit.py:579} INFO - at java.base/java.net.InetAddress.getAllByName(InetAddress.java:1385)
[2025-09-12T15:54:45.548+0000] {spark_submit.py:579} INFO - at java.base/java.net.InetAddress.getAllByName(InetAddress.java:1306)
[2025-09-12T15:54:45.548+0000] {spark_submit.py:579} INFO - at java.base/java.net.InetAddress.getByName(InetAddress.java:1256)
[2025-09-12T15:54:45.548+0000] {spark_submit.py:579} INFO - at io.netty.util.internal.SocketUtils$8.run(SocketUtils.java:156)
[2025-09-12T15:54:45.548+0000] {spark_submit.py:579} INFO - at io.netty.util.internal.SocketUtils$8.run(SocketUtils.java:153)
[2025-09-12T15:54:45.549+0000] {spark_submit.py:579} INFO - at java.base/java.security.AccessController.doPrivileged(AccessController.java:569)
[2025-09-12T15:54:45.549+0000] {spark_submit.py:579} INFO - at io.netty.util.internal.SocketUtils.addressByName(SocketUtils.java:153)
[2025-09-12T15:54:45.550+0000] {spark_submit.py:579} INFO - at io.netty.resolver.DefaultNameResolver.doResolve(DefaultNameResolver.java:41)
[2025-09-12T15:54:45.550+0000] {spark_submit.py:579} INFO - at io.netty.resolver.SimpleNameResolver.resolve(SimpleNameResolver.java:61)
[2025-09-12T15:54:45.551+0000] {spark_submit.py:579} INFO - at io.netty.resolver.SimpleNameResolver.resolve(SimpleNameResolver.java:53)
[2025-09-12T15:54:45.551+0000] {spark_submit.py:579} INFO - at io.netty.resolver.InetSocketAddressResolver.doResolve(InetSocketAddressResolver.java:55)
[2025-09-12T15:54:45.551+0000] {spark_submit.py:579} INFO - at io.netty.resolver.InetSocketAddressResolver.doResolve(InetSocketAddressResolver.java:31)
[2025-09-12T15:54:45.552+0000] {spark_submit.py:579} INFO - at io.netty.resolver.AbstractAddressResolver.resolve(AbstractAddressResolver.java:106)
[2025-09-12T15:54:45.552+0000] {spark_submit.py:579} INFO - at io.netty.bootstrap.Bootstrap.doResolveAndConnect0(Bootstrap.java:220)
[2025-09-12T15:54:45.552+0000] {spark_submit.py:579} INFO - at io.netty.bootstrap.Bootstrap.access$000(Bootstrap.java:47)
[2025-09-12T15:54:45.553+0000] {spark_submit.py:579} INFO - at io.netty.bootstrap.Bootstrap$1.operationComplete(Bootstrap.java:189)
[2025-09-12T15:54:45.553+0000] {spark_submit.py:579} INFO - at io.netty.bootstrap.Bootstrap$1.operationComplete(Bootstrap.java:175)
[2025-09-12T15:54:45.553+0000] {spark_submit.py:579} INFO - at io.netty.util.concurrent.DefaultPromise.notifyListener0(DefaultPromise.java:590)
[2025-09-12T15:54:45.554+0000] {spark_submit.py:579} INFO - at io.netty.util.concurrent.DefaultPromise.notifyListenersNow(DefaultPromise.java:557)
[2025-09-12T15:54:45.554+0000] {spark_submit.py:579} INFO - at io.netty.util.concurrent.DefaultPromise.notifyListeners(DefaultPromise.java:492)
[2025-09-12T15:54:45.554+0000] {spark_submit.py:579} INFO - at io.netty.util.concurrent.DefaultPromise.setValue0(DefaultPromise.java:636)
[2025-09-12T15:54:45.555+0000] {spark_submit.py:579} INFO - at io.netty.util.concurrent.DefaultPromise.setSuccess0(DefaultPromise.java:625)
[2025-09-12T15:54:45.555+0000] {spark_submit.py:579} INFO - at io.netty.util.concurrent.DefaultPromise.trySuccess(DefaultPromise.java:105)
[2025-09-12T15:54:45.555+0000] {spark_submit.py:579} INFO - at io.netty.channel.DefaultChannelPromise.trySuccess(DefaultChannelPromise.java:84)
[2025-09-12T15:54:45.556+0000] {spark_submit.py:579} INFO - at io.netty.channel.AbstractChannel$AbstractUnsafe.safeSetSuccess(AbstractChannel.java:988)
[2025-09-12T15:54:45.556+0000] {spark_submit.py:579} INFO - at io.netty.channel.AbstractChannel$AbstractUnsafe.register0(AbstractChannel.java:515)
[2025-09-12T15:54:45.556+0000] {spark_submit.py:579} INFO - at io.netty.channel.AbstractChannel$AbstractUnsafe.access$200(AbstractChannel.java:428)
[2025-09-12T15:54:45.557+0000] {spark_submit.py:579} INFO - at io.netty.channel.AbstractChannel$AbstractUnsafe$1.run(AbstractChannel.java:485)
[2025-09-12T15:54:45.557+0000] {spark_submit.py:579} INFO - at io.netty.util.concurrent.AbstractEventExecutor.runTask(AbstractEventExecutor.java:173)
[2025-09-12T15:54:45.557+0000] {spark_submit.py:579} INFO - at io.netty.util.concurrent.AbstractEventExecutor.safeExecute(AbstractEventExecutor.java:166)
[2025-09-12T15:54:45.557+0000] {spark_submit.py:579} INFO - at io.netty.util.concurrent.SingleThreadEventExecutor.runAllTasks(SingleThreadEventExecutor.java:472)
[2025-09-12T15:54:45.558+0000] {spark_submit.py:579} INFO - at io.netty.channel.nio.NioEventLoop.run(NioEventLoop.java:569)
[2025-09-12T15:54:45.558+0000] {spark_submit.py:579} INFO - at io.netty.util.concurrent.SingleThreadEventExecutor$4.run(SingleThreadEventExecutor.java:998)
[2025-09-12T15:54:45.558+0000] {spark_submit.py:579} INFO - at io.netty.util.internal.ThreadExecutorMap$2.run(ThreadExecutorMap.java:74)
[2025-09-12T15:54:45.559+0000] {spark_submit.py:579} INFO - at io.netty.util.concurrent.FastThreadLocalRunnable.run(FastThreadLocalRunnable.java:30)
[2025-09-12T15:54:45.559+0000] {spark_submit.py:579} INFO - ... 1 more
[2025-09-12T15:55:01.790+0000] {spark_submit.py:579} INFO - 25/09/12 15:55:01 INFO StandaloneAppClient$ClientEndpoint: Connecting to master spark://spark-master:7077...
[2025-09-12T15:55:05.518+0000] {spark_submit.py:579} INFO - 25/09/12 15:55:05 WARN TransportClientFactory: DNS resolution failed for spark-master/<unresolved>:7077 took 3725 ms
[2025-09-12T15:55:05.521+0000] {spark_submit.py:579} INFO - 25/09/12 15:55:05 WARN StandaloneAppClient$ClientEndpoint: Failed to connect to master spark-master:7077
[2025-09-12T15:55:05.522+0000] {spark_submit.py:579} INFO - org.apache.spark.SparkException: Exception thrown in awaitResult:
[2025-09-12T15:55:05.522+0000] {spark_submit.py:579} INFO - at org.apache.spark.util.SparkThreadUtils$.awaitResult(SparkThreadUtils.scala:53)
[2025-09-12T15:55:05.523+0000] {spark_submit.py:579} INFO - at org.apache.spark.util.ThreadUtils$.awaitResult(ThreadUtils.scala:342)
[2025-09-12T15:55:05.523+0000] {spark_submit.py:579} INFO - at org.apache.spark.rpc.RpcTimeout.awaitResult(RpcTimeout.scala:75)
[2025-09-12T15:55:05.523+0000] {spark_submit.py:579} INFO - at org.apache.spark.rpc.RpcEnv.setupEndpointRefByURI(RpcEnv.scala:102)
[2025-09-12T15:55:05.524+0000] {spark_submit.py:579} INFO - at org.apache.spark.rpc.RpcEnv.setupEndpointRef(RpcEnv.scala:110)
[2025-09-12T15:55:05.524+0000] {spark_submit.py:579} INFO - at org.apache.spark.deploy.client.StandaloneAppClient$ClientEndpoint$$anon$1.run(StandaloneAppClient.scala:110)
[2025-09-12T15:55:05.525+0000] {spark_submit.py:579} INFO - at java.base/java.util.concurrent.Executors$RunnableAdapter.call(Executors.java:539)
[2025-09-12T15:55:05.525+0000] {spark_submit.py:579} INFO - at java.base/java.util.concurrent.FutureTask.run(FutureTask.java:264)
[2025-09-12T15:55:05.525+0000] {spark_submit.py:579} INFO - at java.base/java.util.concurrent.ThreadPoolExecutor.runWorker(ThreadPoolExecutor.java:1136)
[2025-09-12T15:55:05.525+0000] {spark_submit.py:579} INFO - at java.base/java.util.concurrent.ThreadPoolExecutor$Worker.run(ThreadPoolExecutor.java:635)
[2025-09-12T15:55:05.526+0000] {spark_submit.py:579} INFO - at java.base/java.lang.Thread.run(Thread.java:840)
[2025-09-12T15:55:05.526+0000] {spark_submit.py:579} INFO - Caused by: java.io.IOException: Failed to connect to spark-master/<unresolved>:7077
[2025-09-12T15:55:05.526+0000] {spark_submit.py:579} INFO - at org.apache.spark.network.client.TransportClientFactory.createClient(TransportClientFactory.java:305)
[2025-09-12T15:55:05.527+0000] {spark_submit.py:579} INFO - at org.apache.spark.network.client.TransportClientFactory.createClient(TransportClientFactory.java:225)
[2025-09-12T15:55:05.527+0000] {spark_submit.py:579} INFO - at org.apache.spark.network.client.TransportClientFactory.createClient(TransportClientFactory.java:237)
[2025-09-12T15:55:05.527+0000] {spark_submit.py:579} INFO - at org.apache.spark.rpc.netty.NettyRpcEnv.createClient(NettyRpcEnv.scala:207)
[2025-09-12T15:55:05.527+0000] {spark_submit.py:579} INFO - at org.apache.spark.rpc.netty.Outbox$$anon$1.call(Outbox.scala:202)
[2025-09-12T15:55:05.528+0000] {spark_submit.py:579} INFO - at org.apache.spark.rpc.netty.Outbox$$anon$1.call(Outbox.scala:198)
[2025-09-12T15:55:05.528+0000] {spark_submit.py:579} INFO - ... 4 more
[2025-09-12T15:55:05.528+0000] {spark_submit.py:579} INFO - Caused by: java.net.UnknownHostException: spark-master
[2025-09-12T15:55:05.528+0000] {spark_submit.py:579} INFO - at java.base/java.net.InetAddress$CachedAddresses.get(InetAddress.java:801)
[2025-09-12T15:55:05.529+0000] {spark_submit.py:579} INFO - at java.base/java.net.InetAddress.getAllByName0(InetAddress.java:1533)
[2025-09-12T15:55:05.529+0000] {spark_submit.py:579} INFO - at java.base/java.net.InetAddress.getAllByName(InetAddress.java:1385)
[2025-09-12T15:55:05.529+0000] {spark_submit.py:579} INFO - at java.base/java.net.InetAddress.getAllByName(InetAddress.java:1306)
[2025-09-12T15:55:05.529+0000] {spark_submit.py:579} INFO - at java.base/java.net.InetAddress.getByName(InetAddress.java:1256)
[2025-09-12T15:55:05.530+0000] {spark_submit.py:579} INFO - at io.netty.util.internal.SocketUtils$8.run(SocketUtils.java:156)
[2025-09-12T15:55:05.530+0000] {spark_submit.py:579} INFO - at io.netty.util.internal.SocketUtils$8.run(SocketUtils.java:153)
[2025-09-12T15:55:05.530+0000] {spark_submit.py:579} INFO - at java.base/java.security.AccessController.doPrivileged(AccessController.java:569)
[2025-09-12T15:55:05.530+0000] {spark_submit.py:579} INFO - at io.netty.util.internal.SocketUtils.addressByName(SocketUtils.java:153)
[2025-09-12T15:55:05.531+0000] {spark_submit.py:579} INFO - at io.netty.resolver.DefaultNameResolver.doResolve(DefaultNameResolver.java:41)
[2025-09-12T15:55:05.531+0000] {spark_submit.py:579} INFO - at io.netty.resolver.SimpleNameResolver.resolve(SimpleNameResolver.java:61)
[2025-09-12T15:55:05.531+0000] {spark_submit.py:579} INFO - at io.netty.resolver.SimpleNameResolver.resolve(SimpleNameResolver.java:53)
[2025-09-12T15:55:05.532+0000] {spark_submit.py:579} INFO - at io.netty.resolver.InetSocketAddressResolver.doResolve(InetSocketAddressResolver.java:55)
[2025-09-12T15:55:05.532+0000] {spark_submit.py:579} INFO - at io.netty.resolver.InetSocketAddressResolver.doResolve(InetSocketAddressResolver.java:31)
[2025-09-12T15:55:05.532+0000] {spark_submit.py:579} INFO - at io.netty.resolver.AbstractAddressResolver.resolve(AbstractAddressResolver.java:106)
[2025-09-12T15:55:05.533+0000] {spark_submit.py:579} INFO - at io.netty.bootstrap.Bootstrap.doResolveAndConnect0(Bootstrap.java:220)
[2025-09-12T15:55:05.533+0000] {spark_submit.py:579} INFO - at io.netty.bootstrap.Bootstrap.access$000(Bootstrap.java:47)
[2025-09-12T15:55:05.534+0000] {spark_submit.py:579} INFO - at io.netty.bootstrap.Bootstrap$1.operationComplete(Bootstrap.java:189)
[2025-09-12T15:55:05.534+0000] {spark_submit.py:579} INFO - at io.netty.bootstrap.Bootstrap$1.operationComplete(Bootstrap.java:175)
[2025-09-12T15:55:05.534+0000] {spark_submit.py:579} INFO - at io.netty.util.concurrent.DefaultPromise.notifyListener0(DefaultPromise.java:590)
[2025-09-12T15:55:05.535+0000] {spark_submit.py:579} INFO - at io.netty.util.concurrent.DefaultPromise.notifyListenersNow(DefaultPromise.java:557)
[2025-09-12T15:55:05.535+0000] {spark_submit.py:579} INFO - at io.netty.util.concurrent.DefaultPromise.notifyListeners(DefaultPromise.java:492)
[2025-09-12T15:55:05.536+0000] {spark_submit.py:579} INFO - at io.netty.util.concurrent.DefaultPromise.setValue0(DefaultPromise.java:636)
[2025-09-12T15:55:05.536+0000] {spark_submit.py:579} INFO - at io.netty.util.concurrent.DefaultPromise.setSuccess0(DefaultPromise.java:625)
[2025-09-12T15:55:05.536+0000] {spark_submit.py:579} INFO - at io.netty.util.concurrent.DefaultPromise.trySuccess(DefaultPromise.java:105)
[2025-09-12T15:55:05.536+0000] {spark_submit.py:579} INFO - at io.netty.channel.DefaultChannelPromise.trySuccess(DefaultChannelPromise.java:84)
[2025-09-12T15:55:05.537+0000] {spark_submit.py:579} INFO - at io.netty.channel.AbstractChannel$AbstractUnsafe.safeSetSuccess(AbstractChannel.java:988)
[2025-09-12T15:55:05.537+0000] {spark_submit.py:579} INFO - at io.netty.channel.AbstractChannel$AbstractUnsafe.register0(AbstractChannel.java:515)
[2025-09-12T15:55:05.537+0000] {spark_submit.py:579} INFO - at io.netty.channel.AbstractChannel$AbstractUnsafe.access$200(AbstractChannel.java:428)
[2025-09-12T15:55:05.538+0000] {spark_submit.py:579} INFO - at io.netty.channel.AbstractChannel$AbstractUnsafe$1.run(AbstractChannel.java:485)
[2025-09-12T15:55:05.538+0000] {spark_submit.py:579} INFO - at io.netty.util.concurrent.AbstractEventExecutor.runTask(AbstractEventExecutor.java:173)
[2025-09-12T15:55:05.538+0000] {spark_submit.py:579} INFO - at io.netty.util.concurrent.AbstractEventExecutor.safeExecute(AbstractEventExecutor.java:166)
[2025-09-12T15:55:05.538+0000] {spark_submit.py:579} INFO - at io.netty.util.concurrent.SingleThreadEventExecutor.runAllTasks(SingleThreadEventExecutor.java:472)
[2025-09-12T15:55:05.539+0000] {spark_submit.py:579} INFO - at io.netty.channel.nio.NioEventLoop.run(NioEventLoop.java:569)
[2025-09-12T15:55:05.539+0000] {spark_submit.py:579} INFO - at io.netty.util.concurrent.SingleThreadEventExecutor$4.run(SingleThreadEventExecutor.java:998)
[2025-09-12T15:55:05.539+0000] {spark_submit.py:579} INFO - at io.netty.util.internal.ThreadExecutorMap$2.run(ThreadExecutorMap.java:74)
[2025-09-12T15:55:05.540+0000] {spark_submit.py:579} INFO - at io.netty.util.concurrent.FastThreadLocalRunnable.run(FastThreadLocalRunnable.java:30)
[2025-09-12T15:55:05.540+0000] {spark_submit.py:579} INFO - ... 1 more
[2025-09-12T15:55:21.791+0000] {spark_submit.py:579} INFO - 25/09/12 15:55:21 WARN StandaloneSchedulerBackend: Application ID is not initialized yet.
[2025-09-12T15:55:21.795+0000] {spark_submit.py:579} INFO - 25/09/12 15:55:21 ERROR StandaloneSchedulerBackend: Application has been killed. Reason: All masters are unresponsive! Giving up.
[2025-09-12T15:55:21.805+0000] {spark_submit.py:579} INFO - 25/09/12 15:55:21 INFO Utils: Successfully started service 'org.apache.spark.network.netty.NettyBlockTransferService' on port 44831.
[2025-09-12T15:55:21.807+0000] {spark_submit.py:579} INFO - 25/09/12 15:55:21 INFO NettyBlockTransferService: Server created on 54b9d34f669e:44831
[2025-09-12T15:55:21.811+0000] {spark_submit.py:579} INFO - 25/09/12 15:55:21 INFO BlockManager: Using org.apache.spark.storage.RandomBlockReplicationPolicy for block replication policy
[2025-09-12T15:55:21.873+0000] {spark_submit.py:579} INFO - 25/09/12 15:55:21 INFO BlockManagerMaster: Registering BlockManager BlockManagerId(driver, 54b9d34f669e, 44831, None)
[2025-09-12T15:55:21.901+0000] {spark_submit.py:579} INFO - 25/09/12 15:55:21 INFO BlockManagerMasterEndpoint: Registering block manager 54b9d34f669e:44831 with 434.4 MiB RAM, BlockManagerId(driver, 54b9d34f669e, 44831, None)
[2025-09-12T15:55:21.908+0000] {spark_submit.py:579} INFO - 25/09/12 15:55:21 INFO BlockManagerMaster: Registered BlockManager BlockManagerId(driver, 54b9d34f669e, 44831, None)
[2025-09-12T15:55:21.910+0000] {spark_submit.py:579} INFO - 25/09/12 15:55:21 INFO BlockManager: Initialized BlockManager: BlockManagerId(driver, 54b9d34f669e, 44831, None)
[2025-09-12T15:55:22.398+0000] {spark_submit.py:579} INFO - 25/09/12 15:55:22 INFO StandaloneSchedulerBackend: SchedulerBackend is ready for scheduling beginning after reached minRegisteredResourcesRatio: 0.0
[2025-09-12T15:55:23.572+0000] {spark_submit.py:579} INFO - 25/09/12 15:55:23 INFO SparkContext: SparkContext is stopping with exitCode 0 from run at <unknown>:0.
[2025-09-12T15:55:23.666+0000] {spark_submit.py:579} INFO - 25/09/12 15:55:23 INFO SparkUI: Stopped Spark web UI at http://54b9d34f669e:4040
[2025-09-12T15:55:23.678+0000] {spark_submit.py:579} INFO - 25/09/12 15:55:23 INFO StandaloneSchedulerBackend: Shutting down all executors
[2025-09-12T15:55:23.689+0000] {spark_submit.py:579} INFO - 25/09/12 15:55:23 INFO StandaloneSchedulerBackend$StandaloneDriverEndpoint: Asking each executor to shut down
[2025-09-12T15:55:23.735+0000] {spark_submit.py:579} INFO - 25/09/12 15:55:23 WARN StandaloneAppClient$ClientEndpoint: Drop UnregisterApplication(null) because has not yet connected to master
[2025-09-12T15:55:23.764+0000] {spark_submit.py:579} INFO - 25/09/12 15:55:23 INFO MapOutputTrackerMasterEndpoint: MapOutputTrackerMasterEndpoint stopped!
[2025-09-12T15:55:23.926+0000] {spark_submit.py:579} INFO - 25/09/12 15:55:23 INFO MemoryStore: MemoryStore started with capacity 434.4 MiB
[2025-09-12T15:55:23.929+0000] {spark_submit.py:579} INFO - 25/09/12 15:55:23 INFO MemoryStore: MemoryStore cleared
[2025-09-12T15:55:23.930+0000] {spark_submit.py:579} INFO - 25/09/12 15:55:23 INFO BlockManager: BlockManager stopped
[2025-09-12T15:55:23.972+0000] {spark_submit.py:579} INFO - 25/09/12 15:55:23 INFO BlockManagerMaster: BlockManagerMaster stopped
[2025-09-12T15:55:23.980+0000] {spark_submit.py:579} INFO - 25/09/12 15:55:23 INFO OutputCommitCoordinator$OutputCommitCoordinatorEndpoint: OutputCommitCoordinator stopped!
[2025-09-12T15:55:24.047+0000] {spark_submit.py:579} INFO - 25/09/12 15:55:24 INFO SparkContext: Successfully stopped SparkContext
[2025-09-12T15:55:32.030+0000] {spark_submit.py:579} INFO - Traceback (most recent call last):
[2025-09-12T15:55:32.054+0000] {spark_submit.py:579} INFO - File "/opt/***/jobs/python/wordcountjob.py", line 11, in <module>
[2025-09-12T15:55:32.059+0000] {spark_submit.py:579} INFO - spark = SparkSession.builder.appName("PythonWordCount").getOrCreate()
[2025-09-12T15:55:32.059+0000] {spark_submit.py:579} INFO - File "/home/***/.local/lib/python3.10/site-packages/pyspark/python/lib/pyspark.zip/pyspark/sql/session.py", line 559, in getOrCreate
[2025-09-12T15:55:32.063+0000] {spark_submit.py:579} INFO - File "/home/***/.local/lib/python3.10/site-packages/pyspark/python/lib/pyspark.zip/pyspark/sql/session.py", line 641, in __init__
[2025-09-12T15:55:32.067+0000] {spark_submit.py:579} INFO - File "/home/***/.local/lib/python3.10/site-packages/pyspark/python/lib/py4j-0.10.9.9-src.zip/py4j/java_gateway.py", line 1627, in __call__
[2025-09-12T15:55:32.068+0000] {spark_submit.py:579} INFO - File "/home/***/.local/lib/python3.10/site-packages/pyspark/python/lib/py4j-0.10.9.9-src.zip/py4j/protocol.py", line 327, in get_return_value
[2025-09-12T15:55:32.086+0000] {spark_submit.py:579} INFO - py4j.protocol.Py4JJavaError: An error occurred while calling None.org.apache.spark.sql.classic.SparkSession.
[2025-09-12T15:55:32.087+0000] {spark_submit.py:579} INFO - : java.lang.IllegalStateException: Cannot call methods on a stopped SparkContext.
[2025-09-12T15:55:32.091+0000] {spark_submit.py:579} INFO - This stopped SparkContext was created at:
[2025-09-12T15:55:32.093+0000] {spark_submit.py:579} INFO - 
[2025-09-12T15:55:32.102+0000] {spark_submit.py:579} INFO - org.apache.spark.api.java.JavaSparkContext.<init>(JavaSparkContext.scala:59)
[2025-09-12T15:55:32.102+0000] {spark_submit.py:579} INFO - java.base/jdk.internal.reflect.NativeConstructorAccessorImpl.newInstance0(Native Method)
[2025-09-12T15:55:32.103+0000] {spark_submit.py:579} INFO - java.base/jdk.internal.reflect.NativeConstructorAccessorImpl.newInstance(NativeConstructorAccessorImpl.java:77)
[2025-09-12T15:55:32.106+0000] {spark_submit.py:579} INFO - java.base/jdk.internal.reflect.DelegatingConstructorAccessorImpl.newInstance(DelegatingConstructorAccessorImpl.java:45)
[2025-09-12T15:55:32.107+0000] {spark_submit.py:579} INFO - java.base/java.lang.reflect.Constructor.newInstanceWithCaller(Constructor.java:500)
[2025-09-12T15:55:32.107+0000] {spark_submit.py:579} INFO - java.base/java.lang.reflect.Constructor.newInstance(Constructor.java:481)
[2025-09-12T15:55:32.108+0000] {spark_submit.py:579} INFO - py4j.reflection.MethodInvoker.invoke(MethodInvoker.java:247)
[2025-09-12T15:55:32.108+0000] {spark_submit.py:579} INFO - py4j.reflection.ReflectionEngine.invoke(ReflectionEngine.java:374)
[2025-09-12T15:55:32.109+0000] {spark_submit.py:579} INFO - py4j.Gateway.invoke(Gateway.java:238)
[2025-09-12T15:55:32.110+0000] {spark_submit.py:579} INFO - py4j.commands.ConstructorCommand.invokeConstructor(ConstructorCommand.java:80)
[2025-09-12T15:55:32.111+0000] {spark_submit.py:579} INFO - py4j.commands.ConstructorCommand.execute(ConstructorCommand.java:69)
[2025-09-12T15:55:32.111+0000] {spark_submit.py:579} INFO - py4j.ClientServerConnection.waitForCommands(ClientServerConnection.java:184)
[2025-09-12T15:55:32.114+0000] {spark_submit.py:579} INFO - py4j.ClientServerConnection.run(ClientServerConnection.java:108)
[2025-09-12T15:55:32.116+0000] {spark_submit.py:579} INFO - java.base/java.lang.Thread.run(Thread.java:840)
[2025-09-12T15:55:32.117+0000] {spark_submit.py:579} INFO - 
[2025-09-12T15:55:32.118+0000] {spark_submit.py:579} INFO - And it was stopped at:
[2025-09-12T15:55:32.118+0000] {spark_submit.py:579} INFO - 
[2025-09-12T15:55:32.124+0000] {spark_submit.py:579} INFO - org.apache.spark.SparkContext$$anon$3.run(SparkContext.scala:2284)
[2025-09-12T15:55:32.125+0000] {spark_submit.py:579} INFO - 
[2025-09-12T15:55:32.126+0000] {spark_submit.py:579} INFO - The currently active SparkContext was created at:
[2025-09-12T15:55:32.127+0000] {spark_submit.py:579} INFO - 
[2025-09-12T15:55:32.128+0000] {spark_submit.py:579} INFO - (No active SparkContext.)
[2025-09-12T15:55:32.129+0000] {spark_submit.py:579} INFO - 
[2025-09-12T15:55:32.130+0000] {spark_submit.py:579} INFO - at org.apache.spark.SparkContext.assertNotStopped(SparkContext.scala:128)
[2025-09-12T15:55:32.131+0000] {spark_submit.py:579} INFO - at org.apache.spark.sql.classic.SparkSession.<init>(SparkSession.scala:124)
[2025-09-12T15:55:32.131+0000] {spark_submit.py:579} INFO - at org.apache.spark.sql.classic.SparkSession.<init>(SparkSession.scala:117)
[2025-09-12T15:55:32.132+0000] {spark_submit.py:579} INFO - at java.base/jdk.internal.reflect.NativeConstructorAccessorImpl.newInstance0(Native Method)
[2025-09-12T15:55:32.133+0000] {spark_submit.py:579} INFO - at java.base/jdk.internal.reflect.NativeConstructorAccessorImpl.newInstance(NativeConstructorAccessorImpl.java:77)
[2025-09-12T15:55:32.134+0000] {spark_submit.py:579} INFO - at java.base/jdk.internal.reflect.DelegatingConstructorAccessorImpl.newInstance(DelegatingConstructorAccessorImpl.java:45)
[2025-09-12T15:55:32.135+0000] {spark_submit.py:579} INFO - at java.base/java.lang.reflect.Constructor.newInstanceWithCaller(Constructor.java:500)
[2025-09-12T15:55:32.136+0000] {spark_submit.py:579} INFO - at java.base/java.lang.reflect.Constructor.newInstance(Constructor.java:481)
[2025-09-12T15:55:32.137+0000] {spark_submit.py:579} INFO - at py4j.reflection.MethodInvoker.invoke(MethodInvoker.java:247)
[2025-09-12T15:55:32.139+0000] {spark_submit.py:579} INFO - at py4j.reflection.ReflectionEngine.invoke(ReflectionEngine.java:374)
[2025-09-12T15:55:32.140+0000] {spark_submit.py:579} INFO - at py4j.Gateway.invoke(Gateway.java:238)
[2025-09-12T15:55:32.141+0000] {spark_submit.py:579} INFO - at py4j.commands.ConstructorCommand.invokeConstructor(ConstructorCommand.java:80)
[2025-09-12T15:55:32.142+0000] {spark_submit.py:579} INFO - at py4j.commands.ConstructorCommand.execute(ConstructorCommand.java:69)
[2025-09-12T15:55:32.143+0000] {spark_submit.py:579} INFO - at py4j.ClientServerConnection.waitForCommands(ClientServerConnection.java:184)
[2025-09-12T15:55:32.145+0000] {spark_submit.py:579} INFO - at py4j.ClientServerConnection.run(ClientServerConnection.java:108)
[2025-09-12T15:55:32.146+0000] {spark_submit.py:579} INFO - at java.base/java.lang.Thread.run(Thread.java:840)
[2025-09-12T15:55:32.147+0000] {spark_submit.py:579} INFO - 
[2025-09-12T15:55:34.316+0000] {spark_submit.py:579} INFO - 25/09/12 15:55:34 INFO ShutdownHookManager: Shutdown hook called
[2025-09-12T15:55:34.329+0000] {spark_submit.py:579} INFO - 25/09/12 15:55:34 INFO ShutdownHookManager: Deleting directory /tmp/spark-60c021d4-8092-4edb-b721-21890effd117
[2025-09-12T15:55:34.335+0000] {spark_submit.py:579} INFO - 25/09/12 15:55:34 INFO ShutdownHookManager: Deleting directory /tmp/spark-9e634286-6937-4b96-bfa9-6c431a44b376
[2025-09-12T15:55:34.349+0000] {spark_submit.py:579} INFO - 25/09/12 15:55:34 INFO ShutdownHookManager: Deleting directory /tmp/spark-9e634286-6937-4b96-bfa9-6c431a44b376/pyspark-cf5b9882-7397-4f98-ac7a-64e5d5fad739
[2025-09-12T15:55:34.783+0000] {taskinstance.py:1935} ERROR - Task failed with exception
Traceback (most recent call last):
  File "/home/airflow/.local/lib/python3.10/site-packages/airflow/providers/apache/spark/operators/spark_submit.py", line 174, in execute
    self._hook.submit(self.application)
  File "/home/airflow/.local/lib/python3.10/site-packages/airflow/providers/apache/spark/hooks/spark_submit.py", line 505, in submit
    raise AirflowException(
airflow.exceptions.AirflowException: Cannot execute: spark-submit --master spark://spark-master:7077 --jars /opt/spark/external-jars/apache-spark-sql-connector.jar --name arrow-spark --deploy-mode client jobs/python/wordcountjob.py. Error code is: 1.
[2025-09-12T15:55:34.839+0000] {taskinstance.py:1398} INFO - Marking task as FAILED. dag_id=sparking_flow, task_id=python_job, execution_date=20250912T155359, start_date=20250912T155405, end_date=20250912T155534
[2025-09-12T15:55:34.947+0000] {standard_task_runner.py:104} ERROR - Failed to execute job 9 for task python_job (Cannot execute: spark-submit --master spark://spark-master:7077 --jars /opt/spark/external-jars/apache-spark-sql-connector.jar --name arrow-spark --deploy-mode client jobs/python/wordcountjob.py. Error code is: 1.; 246)
[2025-09-12T15:55:35.039+0000] {local_task_job_runner.py:228} INFO - Task exited with return code 1
[2025-09-12T15:55:35.209+0000] {taskinstance.py:2776} INFO - 0 downstream tasks scheduled from follow-on schedule check
