[2025-08-31T13:01:46.368+0000] {taskinstance.py:1157} INFO - Dependencies all met for dep_context=non-requeueable deps ti=<TaskInstance: sparking_flow.start scheduled__2025-08-31T10:00:00+00:00 [queued]>
[2025-08-31T13:01:46.376+0000] {taskinstance.py:1157} INFO - Dependencies all met for dep_context=requeueable deps ti=<TaskInstance: sparking_flow.start scheduled__2025-08-31T10:00:00+00:00 [queued]>
[2025-08-31T13:01:46.377+0000] {taskinstance.py:1359} INFO - Starting attempt 1 of 1
[2025-08-31T13:01:46.392+0000] {taskinstance.py:1380} INFO - Executing <Task(PythonOperator): start> on 2025-08-31 10:00:00+00:00
[2025-08-31T13:01:46.400+0000] {standard_task_runner.py:57} INFO - Started process 1762 to run task
[2025-08-31T13:01:46.411+0000] {standard_task_runner.py:84} INFO - Running: ['***', 'tasks', 'run', 'sparking_flow', 'start', 'scheduled__2025-08-31T10:00:00+00:00', '--job-id', '34', '--raw', '--subdir', 'DAGS_FOLDER/spark_***.py', '--cfg-path', '/tmp/tmpoutp24ig']
[2025-08-31T13:01:46.419+0000] {standard_task_runner.py:85} INFO - Job 34: Subtask start
[2025-08-31T13:01:46.534+0000] {task_command.py:415} INFO - Running <TaskInstance: sparking_flow.start scheduled__2025-08-31T10:00:00+00:00 [running]> on host f7da00c682c4
[2025-08-31T13:01:46.641+0000] {taskinstance.py:1660} INFO - Exporting env vars: AIRFLOW_CTX_DAG_OWNER='Kudzaishe Manyanya' AIRFLOW_CTX_DAG_ID='sparking_flow' AIRFLOW_CTX_TASK_ID='start' AIRFLOW_CTX_EXECUTION_DATE='2025-08-31T10:00:00+00:00' AIRFLOW_CTX_TRY_NUMBER='1' AIRFLOW_CTX_DAG_RUN_ID='scheduled__2025-08-31T10:00:00+00:00'
[2025-08-31T13:01:46.642+0000] {logging_mixin.py:151} INFO - Jobs started
[2025-08-31T13:01:46.643+0000] {python.py:194} INFO - Done. Returned value was: None
[2025-08-31T13:01:46.654+0000] {taskinstance.py:1398} INFO - Marking task as SUCCESS. dag_id=sparking_flow, task_id=start, execution_date=20250831T100000, start_date=20250831T130146, end_date=20250831T130146
[2025-08-31T13:01:46.702+0000] {local_task_job_runner.py:228} INFO - Task exited with return code 0
[2025-08-31T13:01:46.737+0000] {taskinstance.py:2776} INFO - 1 downstream tasks scheduled from follow-on schedule check
[2025-09-01T18:54:15.869+0000] {taskinstance.py:1157} INFO - Dependencies all met for dep_context=non-requeueable deps ti=<TaskInstance: sparking_flow.start scheduled__2025-08-31T10:00:00+00:00 [queued]>
[2025-09-01T18:54:15.919+0000] {taskinstance.py:1157} INFO - Dependencies all met for dep_context=requeueable deps ti=<TaskInstance: sparking_flow.start scheduled__2025-08-31T10:00:00+00:00 [queued]>
[2025-09-01T18:54:15.929+0000] {taskinstance.py:1359} INFO - Starting attempt 1 of 1
[2025-09-01T18:54:16.475+0000] {taskinstance.py:1380} INFO - Executing <Task(PythonOperator): start> on 2025-08-31 10:00:00+00:00
[2025-09-01T18:54:16.944+0000] {standard_task_runner.py:57} INFO - Started process 227 to run task
[2025-09-01T18:54:16.991+0000] {standard_task_runner.py:84} INFO - Running: ['***', 'tasks', 'run', 'sparking_flow', 'start', 'scheduled__2025-08-31T10:00:00+00:00', '--job-id', '8', '--raw', '--subdir', 'DAGS_FOLDER/spark_***.py', '--cfg-path', '/tmp/tmpxgzc07h4']
[2025-09-01T18:54:17.035+0000] {standard_task_runner.py:85} INFO - Job 8: Subtask start
[2025-09-01T18:54:17.441+0000] {task_command.py:415} INFO - Running <TaskInstance: sparking_flow.start scheduled__2025-08-31T10:00:00+00:00 [running]> on host 7b2a3a75c36f
[2025-09-01T18:54:17.769+0000] {taskinstance.py:1660} INFO - Exporting env vars: AIRFLOW_CTX_DAG_OWNER='Kudzaishe Manyanya' AIRFLOW_CTX_DAG_ID='sparking_flow' AIRFLOW_CTX_TASK_ID='start' AIRFLOW_CTX_EXECUTION_DATE='2025-08-31T10:00:00+00:00' AIRFLOW_CTX_TRY_NUMBER='1' AIRFLOW_CTX_DAG_RUN_ID='scheduled__2025-08-31T10:00:00+00:00'
[2025-09-01T18:54:17.775+0000] {logging_mixin.py:151} INFO - Jobs started
[2025-09-01T18:54:17.775+0000] {python.py:194} INFO - Done. Returned value was: None
[2025-09-01T18:54:17.802+0000] {taskinstance.py:1398} INFO - Marking task as SUCCESS. dag_id=sparking_flow, task_id=start, execution_date=20250831T100000, start_date=20250901T185415, end_date=20250901T185417
[2025-09-01T18:54:17.891+0000] {local_task_job_runner.py:228} INFO - Task exited with return code 0
[2025-09-01T18:54:18.146+0000] {taskinstance.py:2776} INFO - 0 downstream tasks scheduled from follow-on schedule check
