[2025-09-03T03:40:29.895+0000] {taskinstance.py:1157} INFO - Dependencies all met for dep_context=non-requeueable deps ti=<TaskInstance: sparking_flow.python_job manual__2025-09-03T03:40:25.945223+00:00 [queued]>
[2025-09-03T03:40:29.902+0000] {taskinstance.py:1157} INFO - Dependencies all met for dep_context=requeueable deps ti=<TaskInstance: sparking_flow.python_job manual__2025-09-03T03:40:25.945223+00:00 [queued]>
[2025-09-03T03:40:29.903+0000] {taskinstance.py:1359} INFO - Starting attempt 1 of 1
[2025-09-03T03:40:29.915+0000] {taskinstance.py:1380} INFO - Executing <Task(SparkSubmitOperator): python_job> on 2025-09-03 03:40:25.945223+00:00
[2025-09-03T03:40:29.923+0000] {standard_task_runner.py:57} INFO - Started process 18135 to run task
[2025-09-03T03:40:29.926+0000] {standard_task_runner.py:84} INFO - Running: ['***', 'tasks', 'run', 'sparking_flow', 'python_job', 'manual__2025-09-03T03:40:25.945223+00:00', '--job-id', '76', '--raw', '--subdir', 'DAGS_FOLDER/spark_***.py', '--cfg-path', '/tmp/tmpnb84u8p1']
[2025-09-03T03:40:29.929+0000] {standard_task_runner.py:85} INFO - Job 76: Subtask python_job
[2025-09-03T03:40:29.992+0000] {task_command.py:415} INFO - Running <TaskInstance: sparking_flow.python_job manual__2025-09-03T03:40:25.945223+00:00 [running]> on host 7b2a3a75c36f
[2025-09-03T03:40:30.080+0000] {taskinstance.py:1660} INFO - Exporting env vars: AIRFLOW_CTX_DAG_OWNER='Kudzaishe Manyanya' AIRFLOW_CTX_DAG_ID='sparking_flow' AIRFLOW_CTX_TASK_ID='python_job' AIRFLOW_CTX_EXECUTION_DATE='2025-09-03T03:40:25.945223+00:00' AIRFLOW_CTX_TRY_NUMBER='1' AIRFLOW_CTX_DAG_RUN_ID='manual__2025-09-03T03:40:25.945223+00:00'
[2025-09-03T03:40:30.093+0000] {base.py:73} INFO - Using connection ID 'spark-conn' for task execution.
[2025-09-03T03:40:30.094+0000] {spark_submit.py:403} INFO - Spark-Submit cmd: spark-submit --master spark://spark-master:7077 --jars /opt/spark/external-jars/apache-spark-sql-connector.jar --name arrow-spark --deploy-mode client jobs/python/wordcountjob.py
[2025-09-03T03:40:30.892+0000] {spark_submit.py:579} INFO - WARNING: Using incubator modules: jdk.incubator.vector
[2025-09-03T03:40:32.566+0000] {spark_submit.py:579} INFO - 25/09/03 03:40:32 WARN NativeCodeLoader: Unable to load native-hadoop library for your platform... using builtin-java classes where applicable
[2025-09-03T03:40:35.601+0000] {spark_submit.py:579} INFO - Using Spark's default log4j profile: org/apache/spark/log4j2-defaults.properties
[2025-09-03T03:40:35.607+0000] {spark_submit.py:579} INFO - 25/09/03 03:40:35 INFO SparkContext: Running Spark version 4.0.0
[2025-09-03T03:40:35.608+0000] {spark_submit.py:579} INFO - 25/09/03 03:40:35 INFO SparkContext: OS info Linux, 6.6.87.2-microsoft-standard-WSL2, amd64
[2025-09-03T03:40:35.609+0000] {spark_submit.py:579} INFO - 25/09/03 03:40:35 INFO SparkContext: Java version 17.0.15
[2025-09-03T03:40:35.633+0000] {spark_submit.py:579} INFO - 25/09/03 03:40:35 INFO ResourceUtils: ==============================================================
[2025-09-03T03:40:35.634+0000] {spark_submit.py:579} INFO - 25/09/03 03:40:35 INFO ResourceUtils: No custom resources configured for spark.driver.
[2025-09-03T03:40:35.635+0000] {spark_submit.py:579} INFO - 25/09/03 03:40:35 INFO ResourceUtils: ==============================================================
[2025-09-03T03:40:35.635+0000] {spark_submit.py:579} INFO - 25/09/03 03:40:35 INFO SparkContext: Submitted application: PythonWordCount
[2025-09-03T03:40:35.663+0000] {spark_submit.py:579} INFO - 25/09/03 03:40:35 INFO ResourceProfile: Default ResourceProfile created, executor resources: Map(memory -> name: memory, amount: 1024, script: , vendor: , offHeap -> name: offHeap, amount: 0, script: , vendor: ), task resources: Map(cpus -> name: cpus, amount: 1.0)
[2025-09-03T03:40:35.665+0000] {spark_submit.py:579} INFO - 25/09/03 03:40:35 INFO ResourceProfile: Limiting resource is cpu
[2025-09-03T03:40:35.666+0000] {spark_submit.py:579} INFO - 25/09/03 03:40:35 INFO ResourceProfileManager: Added ResourceProfile id: 0
[2025-09-03T03:40:35.720+0000] {spark_submit.py:579} INFO - 25/09/03 03:40:35 INFO SecurityManager: Changing view acls to: ***
[2025-09-03T03:40:35.721+0000] {spark_submit.py:579} INFO - 25/09/03 03:40:35 INFO SecurityManager: Changing modify acls to: ***
[2025-09-03T03:40:35.721+0000] {spark_submit.py:579} INFO - 25/09/03 03:40:35 INFO SecurityManager: Changing view acls groups to: ***
[2025-09-03T03:40:35.722+0000] {spark_submit.py:579} INFO - 25/09/03 03:40:35 INFO SecurityManager: Changing modify acls groups to: ***
[2025-09-03T03:40:35.725+0000] {spark_submit.py:579} INFO - 25/09/03 03:40:35 INFO SecurityManager: SecurityManager: authentication disabled; ui acls disabled; users with view permissions: *** groups with view permissions: EMPTY; users with modify permissions: ***; groups with modify permissions: EMPTY; RPC SSL disabled
[2025-09-03T03:40:36.008+0000] {spark_submit.py:579} INFO - 25/09/03 03:40:36 INFO Utils: Successfully started service 'sparkDriver' on port 37545.
[2025-09-03T03:40:36.057+0000] {spark_submit.py:579} INFO - 25/09/03 03:40:36 INFO SparkEnv: Registering MapOutputTracker
[2025-09-03T03:40:36.076+0000] {spark_submit.py:579} INFO - 25/09/03 03:40:36 INFO SparkEnv: Registering BlockManagerMaster
[2025-09-03T03:40:36.106+0000] {spark_submit.py:579} INFO - 25/09/03 03:40:36 INFO BlockManagerMasterEndpoint: Using org.apache.spark.storage.DefaultTopologyMapper for getting topology information
[2025-09-03T03:40:36.107+0000] {spark_submit.py:579} INFO - 25/09/03 03:40:36 INFO BlockManagerMasterEndpoint: BlockManagerMasterEndpoint up
[2025-09-03T03:40:36.111+0000] {spark_submit.py:579} INFO - 25/09/03 03:40:36 INFO SparkEnv: Registering BlockManagerMasterHeartbeat
[2025-09-03T03:40:36.161+0000] {spark_submit.py:579} INFO - 25/09/03 03:40:36 INFO DiskBlockManager: Created local directory at /tmp/blockmgr-608f8e4a-a389-443f-b4f4-ac04aefbab90
[2025-09-03T03:40:36.193+0000] {spark_submit.py:579} INFO - 25/09/03 03:40:36 INFO SparkEnv: Registering OutputCommitCoordinator
[2025-09-03T03:40:36.424+0000] {spark_submit.py:579} INFO - 25/09/03 03:40:36 INFO JettyUtils: Start Jetty 0.0.0.0:4040 for SparkUI
[2025-09-03T03:40:36.516+0000] {spark_submit.py:579} INFO - 25/09/03 03:40:36 INFO Utils: Successfully started service 'SparkUI' on port 4040.
[2025-09-03T03:40:36.593+0000] {spark_submit.py:579} INFO - 25/09/03 03:40:36 INFO SparkContext: Added JAR file:///opt/spark/external-jars/apache-spark-sql-connector.jar at spark://7b2a3a75c36f:37545/jars/apache-spark-sql-connector.jar with timestamp 1756870835593
[2025-09-03T03:40:36.698+0000] {spark_submit.py:579} INFO - 25/09/03 03:40:36 INFO SecurityManager: Changing view acls to: ***
[2025-09-03T03:40:36.699+0000] {spark_submit.py:579} INFO - 25/09/03 03:40:36 INFO SecurityManager: Changing modify acls to: ***
[2025-09-03T03:40:36.699+0000] {spark_submit.py:579} INFO - 25/09/03 03:40:36 INFO SecurityManager: Changing view acls groups to: ***
[2025-09-03T03:40:36.700+0000] {spark_submit.py:579} INFO - 25/09/03 03:40:36 INFO SecurityManager: Changing modify acls groups to: ***
[2025-09-03T03:40:36.701+0000] {spark_submit.py:579} INFO - 25/09/03 03:40:36 INFO SecurityManager: SecurityManager: authentication disabled; ui acls disabled; users with view permissions: *** groups with view permissions: EMPTY; users with modify permissions: ***; groups with modify permissions: EMPTY; RPC SSL disabled
[2025-09-03T03:40:37.032+0000] {spark_submit.py:579} INFO - 25/09/03 03:40:37 INFO StandaloneAppClient$ClientEndpoint: Connecting to master spark://spark-master:7077...
[2025-09-03T03:40:37.106+0000] {spark_submit.py:579} INFO - 25/09/03 03:40:37 INFO TransportClientFactory: Successfully created connection to spark-master/172.18.0.3:7077 after 31 ms (0 ms spent in bootstraps)
[2025-09-03T03:40:37.498+0000] {spark_submit.py:579} INFO - 25/09/03 03:40:37 INFO StandaloneSchedulerBackend: Connected to Spark cluster with app ID app-20250903034037-0011
[2025-09-03T03:40:37.510+0000] {spark_submit.py:579} INFO - 25/09/03 03:40:37 INFO Utils: Successfully started service 'org.apache.spark.network.netty.NettyBlockTransferService' on port 38001.
[2025-09-03T03:40:37.510+0000] {spark_submit.py:579} INFO - 25/09/03 03:40:37 INFO NettyBlockTransferService: Server created on 7b2a3a75c36f:38001
[2025-09-03T03:40:37.512+0000] {spark_submit.py:579} INFO - 25/09/03 03:40:37 INFO BlockManager: Using org.apache.spark.storage.RandomBlockReplicationPolicy for block replication policy
[2025-09-03T03:40:37.530+0000] {spark_submit.py:579} INFO - 25/09/03 03:40:37 INFO BlockManagerMaster: Registering BlockManager BlockManagerId(driver, 7b2a3a75c36f, 38001, None)
[2025-09-03T03:40:37.536+0000] {spark_submit.py:579} INFO - 25/09/03 03:40:37 INFO BlockManagerMasterEndpoint: Registering block manager 7b2a3a75c36f:38001 with 434.4 MiB RAM, BlockManagerId(driver, 7b2a3a75c36f, 38001, None)
[2025-09-03T03:40:37.538+0000] {spark_submit.py:579} INFO - 25/09/03 03:40:37 INFO BlockManagerMaster: Registered BlockManager BlockManagerId(driver, 7b2a3a75c36f, 38001, None)
[2025-09-03T03:40:37.541+0000] {spark_submit.py:579} INFO - 25/09/03 03:40:37 INFO BlockManager: Initialized BlockManager: BlockManagerId(driver, 7b2a3a75c36f, 38001, None)
[2025-09-03T03:40:37.552+0000] {spark_submit.py:579} INFO - 25/09/03 03:40:37 INFO StandaloneAppClient$ClientEndpoint: Executor added: app-20250903034037-0011/0 on worker-20250902012700-172.18.0.5-42501 (172.18.0.5:42501) with 2 core(s)
[2025-09-03T03:40:37.554+0000] {spark_submit.py:579} INFO - 25/09/03 03:40:37 INFO StandaloneSchedulerBackend: Granted executor ID app-20250903034037-0011/0 on hostPort 172.18.0.5:42501 with 2 core(s), 1024.0 MiB RAM
[2025-09-03T03:40:37.690+0000] {spark_submit.py:579} INFO - 25/09/03 03:40:37 INFO StandaloneSchedulerBackend: SchedulerBackend is ready for scheduling beginning after reached minRegisteredResourcesRatio: 0.0
[2025-09-03T03:40:38.009+0000] {spark_submit.py:579} INFO - 25/09/03 03:40:38 INFO StandaloneAppClient$ClientEndpoint: Executor updated: app-20250903034037-0011/0 is now RUNNING
[2025-09-03T03:40:42.244+0000] {spark_submit.py:579} INFO - 25/09/03 03:40:42 INFO StandaloneSchedulerBackend$StandaloneDriverEndpoint: Registered executor NettyRpcEndpointRef(spark-client://Executor) (172.18.0.5:55684) with ID 0, ResourceProfileId 0
[2025-09-03T03:40:42.387+0000] {spark_submit.py:579} INFO - dict_keys(['daily', 'daily960', 'live_rapid', 'live_blitz', 'live_bullet', 'live_bughouse', 'live_blitz960', 'live_threecheck', 'live_crazyhouse', 'tactics', 'rush', 'battle'])
[2025-09-03T03:40:42.391+0000] {spark_submit.py:579} INFO - 25/09/03 03:40:42 INFO BlockManagerMasterEndpoint: Registering block manager 172.18.0.5:36967 with 434.4 MiB RAM, BlockManagerId(0, 172.18.0.5, 36967, None)
[2025-09-03T03:40:43.231+0000] {spark_submit.py:579} INFO - 25/09/03 03:40:43 INFO SharedState: Setting hive.metastore.warehouse.dir ('null') to the value of spark.sql.warehouse.dir.
[2025-09-03T03:40:43.234+0000] {spark_submit.py:579} INFO - 25/09/03 03:40:43 INFO SharedState: Warehouse path is 'file:/opt/***/spark-warehouse'.
[2025-09-03T03:40:46.395+0000] {spark_submit.py:579} INFO - 25/09/03 03:40:46 WARN SparkStringUtils: Truncated the string representation of a plan since it was too large. This behavior can be adjusted by setting 'spark.sql.debug.maxToStringFields'.
[2025-09-03T03:40:46.728+0000] {spark_submit.py:579} INFO - 25/09/03 03:40:46 INFO CodeGenerator: Code generated in 206.601525 ms
[2025-09-03T03:40:46.795+0000] {spark_submit.py:579} INFO - 25/09/03 03:40:46 INFO SparkContext: Starting job: jdbc at NativeMethodAccessorImpl.java:0
[2025-09-03T03:40:46.807+0000] {spark_submit.py:579} INFO - 25/09/03 03:40:46 INFO DAGScheduler: Got job 0 (jdbc at NativeMethodAccessorImpl.java:0) with 2 output partitions
[2025-09-03T03:40:46.812+0000] {spark_submit.py:579} INFO - 25/09/03 03:40:46 INFO DAGScheduler: Final stage: ResultStage 0 (jdbc at NativeMethodAccessorImpl.java:0)
[2025-09-03T03:40:46.813+0000] {spark_submit.py:579} INFO - 25/09/03 03:40:46 INFO DAGScheduler: Parents of final stage: List()
[2025-09-03T03:40:46.814+0000] {spark_submit.py:579} INFO - 25/09/03 03:40:46 INFO DAGScheduler: Missing parents: List()
[2025-09-03T03:40:46.814+0000] {spark_submit.py:579} INFO - 25/09/03 03:40:46 INFO DAGScheduler: Submitting ResultStage 0 (MapPartitionsRDD[53] at jdbc at NativeMethodAccessorImpl.java:0), which has no missing parents
[2025-09-03T03:40:46.870+0000] {spark_submit.py:579} INFO - 25/09/03 03:40:46 INFO MemoryStore: MemoryStore started with capacity 434.4 MiB
[2025-09-03T03:40:46.891+0000] {spark_submit.py:579} INFO - 25/09/03 03:40:46 INFO MemoryStore: Block broadcast_0 stored as values in memory (estimated size 33.8 KiB, free 434.4 MiB)
[2025-09-03T03:40:46.925+0000] {spark_submit.py:579} INFO - 25/09/03 03:40:46 INFO MemoryStore: Block broadcast_0_piece0 stored as bytes in memory (estimated size 14.5 KiB, free 434.4 MiB)
[2025-09-03T03:40:46.931+0000] {spark_submit.py:579} INFO - 25/09/03 03:40:46 INFO SparkContext: Created broadcast 0 from broadcast at DAGScheduler.scala:1676
[2025-09-03T03:40:46.944+0000] {spark_submit.py:579} INFO - 25/09/03 03:40:46 INFO DAGScheduler: Submitting 2 missing tasks from ResultStage 0 (MapPartitionsRDD[53] at jdbc at NativeMethodAccessorImpl.java:0) (first 15 tasks are for partitions Vector(0, 1))
[2025-09-03T03:40:46.953+0000] {spark_submit.py:579} INFO - 25/09/03 03:40:46 INFO TaskSchedulerImpl: Adding task set 0.0 with 2 tasks resource profile 0
[2025-09-03T03:40:46.975+0000] {spark_submit.py:579} INFO - 25/09/03 03:40:46 INFO TaskSetManager: Starting task 0.0 in stage 0.0 (TID 0) (172.18.0.5,executor 0, partition 0, PROCESS_LOCAL, 17687 bytes)
[2025-09-03T03:40:46.978+0000] {spark_submit.py:579} INFO - 25/09/03 03:40:46 INFO TaskSetManager: Starting task 1.0 in stage 0.0 (TID 1) (172.18.0.5,executor 0, partition 1, PROCESS_LOCAL, 17446 bytes)
[2025-09-03T03:40:50.960+0000] {spark_submit.py:579} INFO - 25/09/03 03:40:50 INFO TaskSetManager: Finished task 1.0 in stage 0.0 (TID 1) in 3982 ms on 172.18.0.5 (executor 0) (1/2)
[2025-09-03T03:40:50.961+0000] {spark_submit.py:579} INFO - 25/09/03 03:40:50 INFO TaskSetManager: Finished task 0.0 in stage 0.0 (TID 0) in 3996 ms on 172.18.0.5 (executor 0) (2/2)
[2025-09-03T03:40:50.962+0000] {spark_submit.py:579} INFO - 25/09/03 03:40:50 INFO TaskSchedulerImpl: Removed TaskSet 0.0 whose tasks have all completed, from pool
[2025-09-03T03:40:50.964+0000] {spark_submit.py:579} INFO - 25/09/03 03:40:50 INFO PythonAccumulatorV2: Connected to AccumulatorServer at host: 127.0.0.1 port: 37477
[2025-09-03T03:40:50.969+0000] {spark_submit.py:579} INFO - 25/09/03 03:40:50 INFO DAGScheduler: ResultStage 0 (jdbc at NativeMethodAccessorImpl.java:0) finished in 4145 ms
[2025-09-03T03:40:50.971+0000] {spark_submit.py:579} INFO - 25/09/03 03:40:50 INFO DAGScheduler: Job 0 is finished. Cancelling potential speculative or zombie tasks for this job
[2025-09-03T03:40:50.971+0000] {spark_submit.py:579} INFO - 25/09/03 03:40:50 INFO TaskSchedulerImpl: Canceling stage 0
[2025-09-03T03:40:50.972+0000] {spark_submit.py:579} INFO - 25/09/03 03:40:50 INFO TaskSchedulerImpl: Killing all running tasks in stage 0: Stage finished
[2025-09-03T03:40:50.974+0000] {spark_submit.py:579} INFO - 25/09/03 03:40:50 INFO DAGScheduler: Job 0 finished: jdbc at NativeMethodAccessorImpl.java:0, took 4179.05716 ms
[2025-09-03T03:40:51.543+0000] {spark_submit.py:579} INFO - table daily has been loaded
[2025-09-03T03:40:51.915+0000] {spark_submit.py:579} INFO - 25/09/03 03:40:51 INFO SparkContext: Starting job: jdbc at NativeMethodAccessorImpl.java:0
[2025-09-03T03:40:51.920+0000] {spark_submit.py:579} INFO - 25/09/03 03:40:51 INFO DAGScheduler: Got job 1 (jdbc at NativeMethodAccessorImpl.java:0) with 2 output partitions
[2025-09-03T03:40:51.920+0000] {spark_submit.py:579} INFO - 25/09/03 03:40:51 INFO DAGScheduler: Final stage: ResultStage 1 (jdbc at NativeMethodAccessorImpl.java:0)
[2025-09-03T03:40:51.921+0000] {spark_submit.py:579} INFO - 25/09/03 03:40:51 INFO DAGScheduler: Parents of final stage: List()
[2025-09-03T03:40:51.921+0000] {spark_submit.py:579} INFO - 25/09/03 03:40:51 INFO DAGScheduler: Missing parents: List()
[2025-09-03T03:40:51.922+0000] {spark_submit.py:579} INFO - 25/09/03 03:40:51 INFO DAGScheduler: Submitting ResultStage 1 (MapPartitionsRDD[57] at jdbc at NativeMethodAccessorImpl.java:0), which has no missing parents
[2025-09-03T03:40:51.922+0000] {spark_submit.py:579} INFO - 25/09/03 03:40:51 INFO MemoryStore: Block broadcast_1 stored as values in memory (estimated size 33.8 KiB, free 434.3 MiB)
[2025-09-03T03:40:51.928+0000] {spark_submit.py:579} INFO - 25/09/03 03:40:51 INFO MemoryStore: Block broadcast_1_piece0 stored as bytes in memory (estimated size 14.5 KiB, free 434.3 MiB)
[2025-09-03T03:40:51.929+0000] {spark_submit.py:579} INFO - 25/09/03 03:40:51 INFO SparkContext: Created broadcast 1 from broadcast at DAGScheduler.scala:1676
[2025-09-03T03:40:51.930+0000] {spark_submit.py:579} INFO - 25/09/03 03:40:51 INFO DAGScheduler: Submitting 2 missing tasks from ResultStage 1 (MapPartitionsRDD[57] at jdbc at NativeMethodAccessorImpl.java:0) (first 15 tasks are for partitions Vector(0, 1))
[2025-09-03T03:40:51.930+0000] {spark_submit.py:579} INFO - 25/09/03 03:40:51 INFO TaskSchedulerImpl: Adding task set 1.0 with 2 tasks resource profile 0
[2025-09-03T03:40:51.931+0000] {spark_submit.py:579} INFO - 25/09/03 03:40:51 INFO TaskSetManager: Starting task 0.0 in stage 1.0 (TID 2) (172.18.0.5,executor 0, partition 0, PROCESS_LOCAL, 18049 bytes)
[2025-09-03T03:40:51.932+0000] {spark_submit.py:579} INFO - 25/09/03 03:40:51 INFO TaskSetManager: Starting task 1.0 in stage 1.0 (TID 3) (172.18.0.5,executor 0, partition 1, PROCESS_LOCAL, 17870 bytes)
[2025-09-03T03:40:52.466+0000] {spark_submit.py:579} INFO - 25/09/03 03:40:52 INFO TaskSetManager: Finished task 0.0 in stage 1.0 (TID 2) in 535 ms on 172.18.0.5 (executor 0) (1/2)
[2025-09-03T03:40:52.526+0000] {spark_submit.py:579} INFO - 25/09/03 03:40:52 INFO TaskSetManager: Finished task 1.0 in stage 1.0 (TID 3) in 595 ms on 172.18.0.5 (executor 0) (2/2)
[2025-09-03T03:40:52.527+0000] {spark_submit.py:579} INFO - 25/09/03 03:40:52 INFO TaskSchedulerImpl: Removed TaskSet 1.0 whose tasks have all completed, from pool
[2025-09-03T03:40:52.527+0000] {spark_submit.py:579} INFO - 25/09/03 03:40:52 INFO DAGScheduler: ResultStage 1 (jdbc at NativeMethodAccessorImpl.java:0) finished in 609 ms
[2025-09-03T03:40:52.527+0000] {spark_submit.py:579} INFO - 25/09/03 03:40:52 INFO DAGScheduler: Job 1 is finished. Cancelling potential speculative or zombie tasks for this job
[2025-09-03T03:40:52.528+0000] {spark_submit.py:579} INFO - 25/09/03 03:40:52 INFO TaskSchedulerImpl: Canceling stage 1
[2025-09-03T03:40:52.528+0000] {spark_submit.py:579} INFO - 25/09/03 03:40:52 INFO TaskSchedulerImpl: Killing all running tasks in stage 1: Stage finished
[2025-09-03T03:40:52.528+0000] {spark_submit.py:579} INFO - 25/09/03 03:40:52 INFO DAGScheduler: Job 1 finished: jdbc at NativeMethodAccessorImpl.java:0, took 612.14721 ms
[2025-09-03T03:40:53.400+0000] {spark_submit.py:579} INFO - table live_rapid has been loaded
[2025-09-03T03:40:53.813+0000] {spark_submit.py:579} INFO - 25/09/03 03:40:53 INFO SparkContext: Starting job: jdbc at NativeMethodAccessorImpl.java:0
[2025-09-03T03:40:53.814+0000] {spark_submit.py:579} INFO - 25/09/03 03:40:53 INFO DAGScheduler: Got job 2 (jdbc at NativeMethodAccessorImpl.java:0) with 2 output partitions
[2025-09-03T03:40:53.814+0000] {spark_submit.py:579} INFO - 25/09/03 03:40:53 INFO DAGScheduler: Final stage: ResultStage 2 (jdbc at NativeMethodAccessorImpl.java:0)
[2025-09-03T03:40:53.815+0000] {spark_submit.py:579} INFO - 25/09/03 03:40:53 INFO DAGScheduler: Parents of final stage: List()
[2025-09-03T03:40:53.815+0000] {spark_submit.py:579} INFO - 25/09/03 03:40:53 INFO DAGScheduler: Missing parents: List()
[2025-09-03T03:40:53.815+0000] {spark_submit.py:579} INFO - 25/09/03 03:40:53 INFO DAGScheduler: Submitting ResultStage 2 (MapPartitionsRDD[61] at jdbc at NativeMethodAccessorImpl.java:0), which has no missing parents
[2025-09-03T03:40:53.818+0000] {spark_submit.py:579} INFO - 25/09/03 03:40:53 INFO MemoryStore: Block broadcast_2 stored as values in memory (estimated size 33.8 KiB, free 434.3 MiB)
[2025-09-03T03:40:53.826+0000] {spark_submit.py:579} INFO - 25/09/03 03:40:53 INFO MemoryStore: Block broadcast_2_piece0 stored as bytes in memory (estimated size 14.5 KiB, free 434.3 MiB)
[2025-09-03T03:40:53.829+0000] {spark_submit.py:579} INFO - 25/09/03 03:40:53 INFO SparkContext: Created broadcast 2 from broadcast at DAGScheduler.scala:1676
[2025-09-03T03:40:53.830+0000] {spark_submit.py:579} INFO - 25/09/03 03:40:53 INFO DAGScheduler: Submitting 2 missing tasks from ResultStage 2 (MapPartitionsRDD[61] at jdbc at NativeMethodAccessorImpl.java:0) (first 15 tasks are for partitions Vector(0, 1))
[2025-09-03T03:40:53.830+0000] {spark_submit.py:579} INFO - 25/09/03 03:40:53 INFO TaskSchedulerImpl: Adding task set 2.0 with 2 tasks resource profile 0
[2025-09-03T03:40:53.833+0000] {spark_submit.py:579} INFO - 25/09/03 03:40:53 INFO TaskSetManager: Starting task 0.0 in stage 2.0 (TID 4) (172.18.0.5,executor 0, partition 0, PROCESS_LOCAL, 18124 bytes)
[2025-09-03T03:40:53.836+0000] {spark_submit.py:579} INFO - 25/09/03 03:40:53 INFO TaskSetManager: Starting task 1.0 in stage 2.0 (TID 5) (172.18.0.5,executor 0, partition 1, PROCESS_LOCAL, 18133 bytes)
[2025-09-03T03:40:54.465+0000] {spark_submit.py:579} INFO - 25/09/03 03:40:54 INFO TaskSetManager: Finished task 1.0 in stage 2.0 (TID 5) in 632 ms on 172.18.0.5 (executor 0) (1/2)
[2025-09-03T03:40:54.470+0000] {spark_submit.py:579} INFO - 25/09/03 03:40:54 INFO TaskSetManager: Finished task 0.0 in stage 2.0 (TID 4) in 634 ms on 172.18.0.5 (executor 0) (2/2)
[2025-09-03T03:40:54.476+0000] {spark_submit.py:579} INFO - 25/09/03 03:40:54 INFO TaskSchedulerImpl: Removed TaskSet 2.0 whose tasks have all completed, from pool
[2025-09-03T03:40:54.479+0000] {spark_submit.py:579} INFO - 25/09/03 03:40:54 INFO DAGScheduler: ResultStage 2 (jdbc at NativeMethodAccessorImpl.java:0) finished in 652 ms
[2025-09-03T03:40:54.486+0000] {spark_submit.py:579} INFO - 25/09/03 03:40:54 INFO DAGScheduler: Job 2 is finished. Cancelling potential speculative or zombie tasks for this job
[2025-09-03T03:40:54.490+0000] {spark_submit.py:579} INFO - 25/09/03 03:40:54 INFO TaskSchedulerImpl: Canceling stage 2
[2025-09-03T03:40:54.494+0000] {spark_submit.py:579} INFO - 25/09/03 03:40:54 INFO TaskSchedulerImpl: Killing all running tasks in stage 2: Stage finished
[2025-09-03T03:40:54.495+0000] {spark_submit.py:579} INFO - 25/09/03 03:40:54 INFO DAGScheduler: Job 2 finished: jdbc at NativeMethodAccessorImpl.java:0, took 655.5008 ms
[2025-09-03T03:40:55.021+0000] {spark_submit.py:579} INFO - table live_blitz has been loaded
[2025-09-03T03:40:55.404+0000] {spark_submit.py:579} INFO - 25/09/03 03:40:55 INFO CodeGenerator: Code generated in 24.507781 ms
[2025-09-03T03:40:55.419+0000] {spark_submit.py:579} INFO - 25/09/03 03:40:55 INFO SparkContext: Starting job: jdbc at NativeMethodAccessorImpl.java:0
[2025-09-03T03:40:55.420+0000] {spark_submit.py:579} INFO - 25/09/03 03:40:55 INFO DAGScheduler: Got job 3 (jdbc at NativeMethodAccessorImpl.java:0) with 2 output partitions
[2025-09-03T03:40:55.420+0000] {spark_submit.py:579} INFO - 25/09/03 03:40:55 INFO DAGScheduler: Final stage: ResultStage 3 (jdbc at NativeMethodAccessorImpl.java:0)
[2025-09-03T03:40:55.421+0000] {spark_submit.py:579} INFO - 25/09/03 03:40:55 INFO DAGScheduler: Parents of final stage: List()
[2025-09-03T03:40:55.422+0000] {spark_submit.py:579} INFO - 25/09/03 03:40:55 INFO DAGScheduler: Missing parents: List()
[2025-09-03T03:40:55.423+0000] {spark_submit.py:579} INFO - 25/09/03 03:40:55 INFO DAGScheduler: Submitting ResultStage 3 (MapPartitionsRDD[65] at jdbc at NativeMethodAccessorImpl.java:0), which has no missing parents
[2025-09-03T03:40:55.425+0000] {spark_submit.py:579} INFO - 25/09/03 03:40:55 INFO MemoryStore: Block broadcast_3 stored as values in memory (estimated size 33.8 KiB, free 434.3 MiB)
[2025-09-03T03:40:55.429+0000] {spark_submit.py:579} INFO - 25/09/03 03:40:55 INFO MemoryStore: Block broadcast_3_piece0 stored as bytes in memory (estimated size 14.5 KiB, free 434.3 MiB)
[2025-09-03T03:40:55.430+0000] {spark_submit.py:579} INFO - 25/09/03 03:40:55 INFO SparkContext: Created broadcast 3 from broadcast at DAGScheduler.scala:1676
[2025-09-03T03:40:55.431+0000] {spark_submit.py:579} INFO - 25/09/03 03:40:55 INFO DAGScheduler: Submitting 2 missing tasks from ResultStage 3 (MapPartitionsRDD[65] at jdbc at NativeMethodAccessorImpl.java:0) (first 15 tasks are for partitions Vector(0, 1))
[2025-09-03T03:40:55.432+0000] {spark_submit.py:579} INFO - 25/09/03 03:40:55 INFO TaskSchedulerImpl: Adding task set 3.0 with 2 tasks resource profile 0
[2025-09-03T03:40:55.434+0000] {spark_submit.py:579} INFO - 25/09/03 03:40:55 INFO TaskSetManager: Starting task 0.0 in stage 3.0 (TID 6) (172.18.0.5,executor 0, partition 0, PROCESS_LOCAL, 18116 bytes)
[2025-09-03T03:40:55.435+0000] {spark_submit.py:579} INFO - 25/09/03 03:40:55 INFO TaskSetManager: Starting task 1.0 in stage 3.0 (TID 7) (172.18.0.5,executor 0, partition 1, PROCESS_LOCAL, 18022 bytes)
[2025-09-03T03:40:56.052+0000] {spark_submit.py:579} INFO - 25/09/03 03:40:56 INFO TaskSetManager: Finished task 1.0 in stage 3.0 (TID 7) in 617 ms on 172.18.0.5 (executor 0) (1/2)
[2025-09-03T03:40:56.052+0000] {spark_submit.py:579} INFO - 25/09/03 03:40:56 INFO TaskSetManager: Finished task 0.0 in stage 3.0 (TID 6) in 619 ms on 172.18.0.5 (executor 0) (2/2)
[2025-09-03T03:40:56.053+0000] {spark_submit.py:579} INFO - 25/09/03 03:40:56 INFO TaskSchedulerImpl: Removed TaskSet 3.0 whose tasks have all completed, from pool
[2025-09-03T03:40:56.054+0000] {spark_submit.py:579} INFO - 25/09/03 03:40:56 INFO DAGScheduler: ResultStage 3 (jdbc at NativeMethodAccessorImpl.java:0) finished in 631 ms
[2025-09-03T03:40:56.055+0000] {spark_submit.py:579} INFO - 25/09/03 03:40:56 INFO DAGScheduler: Job 3 is finished. Cancelling potential speculative or zombie tasks for this job
[2025-09-03T03:40:56.055+0000] {spark_submit.py:579} INFO - 25/09/03 03:40:56 INFO TaskSchedulerImpl: Canceling stage 3
[2025-09-03T03:40:56.056+0000] {spark_submit.py:579} INFO - 25/09/03 03:40:56 INFO TaskSchedulerImpl: Killing all running tasks in stage 3: Stage finished
[2025-09-03T03:40:56.056+0000] {spark_submit.py:579} INFO - 25/09/03 03:40:56 INFO DAGScheduler: Job 3 finished: jdbc at NativeMethodAccessorImpl.java:0, took 634.914608 ms
[2025-09-03T03:40:56.532+0000] {spark_submit.py:579} INFO - table live_bullet has been loaded
[2025-09-03T03:40:57.001+0000] {spark_submit.py:579} INFO - 25/09/03 03:40:57 INFO CodeGenerator: Code generated in 13.004727 ms
[2025-09-03T03:40:57.012+0000] {spark_submit.py:579} INFO - 25/09/03 03:40:57 INFO SparkContext: Starting job: jdbc at NativeMethodAccessorImpl.java:0
[2025-09-03T03:40:57.013+0000] {spark_submit.py:579} INFO - 25/09/03 03:40:57 INFO DAGScheduler: Got job 4 (jdbc at NativeMethodAccessorImpl.java:0) with 2 output partitions
[2025-09-03T03:40:57.014+0000] {spark_submit.py:579} INFO - 25/09/03 03:40:57 INFO DAGScheduler: Final stage: ResultStage 4 (jdbc at NativeMethodAccessorImpl.java:0)
[2025-09-03T03:40:57.015+0000] {spark_submit.py:579} INFO - 25/09/03 03:40:57 INFO DAGScheduler: Parents of final stage: List()
[2025-09-03T03:40:57.016+0000] {spark_submit.py:579} INFO - 25/09/03 03:40:57 INFO DAGScheduler: Missing parents: List()
[2025-09-03T03:40:57.017+0000] {spark_submit.py:579} INFO - 25/09/03 03:40:57 INFO DAGScheduler: Submitting ResultStage 4 (MapPartitionsRDD[69] at jdbc at NativeMethodAccessorImpl.java:0), which has no missing parents
[2025-09-03T03:40:57.017+0000] {spark_submit.py:579} INFO - 25/09/03 03:40:57 INFO MemoryStore: Block broadcast_4 stored as values in memory (estimated size 28.1 KiB, free 434.3 MiB)
[2025-09-03T03:40:57.020+0000] {spark_submit.py:579} INFO - 25/09/03 03:40:57 INFO MemoryStore: Block broadcast_4_piece0 stored as bytes in memory (estimated size 12.6 KiB, free 434.3 MiB)
[2025-09-03T03:40:57.022+0000] {spark_submit.py:579} INFO - 25/09/03 03:40:57 INFO SparkContext: Created broadcast 4 from broadcast at DAGScheduler.scala:1676
[2025-09-03T03:40:57.023+0000] {spark_submit.py:579} INFO - 25/09/03 03:40:57 INFO DAGScheduler: Submitting 2 missing tasks from ResultStage 4 (MapPartitionsRDD[69] at jdbc at NativeMethodAccessorImpl.java:0) (first 15 tasks are for partitions Vector(0, 1))
[2025-09-03T03:40:57.023+0000] {spark_submit.py:579} INFO - 25/09/03 03:40:57 INFO TaskSchedulerImpl: Adding task set 4.0 with 2 tasks resource profile 0
[2025-09-03T03:40:57.024+0000] {spark_submit.py:579} INFO - 25/09/03 03:40:57 INFO TaskSetManager: Starting task 0.0 in stage 4.0 (TID 8) (172.18.0.5,executor 0, partition 0, PROCESS_LOCAL, 9868 bytes)
[2025-09-03T03:40:57.027+0000] {spark_submit.py:579} INFO - 25/09/03 03:40:57 INFO TaskSetManager: Starting task 1.0 in stage 4.0 (TID 9) (172.18.0.5,executor 0, partition 1, PROCESS_LOCAL, 10002 bytes)
[2025-09-03T03:40:57.203+0000] {spark_submit.py:579} INFO - 25/09/03 03:40:57 INFO TaskSetManager: Finished task 0.0 in stage 4.0 (TID 8) in 178 ms on 172.18.0.5 (executor 0) (1/2)
[2025-09-03T03:40:57.496+0000] {spark_submit.py:579} INFO - 25/09/03 03:40:57 INFO TaskSetManager: Finished task 1.0 in stage 4.0 (TID 9) in 472 ms on 172.18.0.5 (executor 0) (2/2)
[2025-09-03T03:40:57.497+0000] {spark_submit.py:579} INFO - 25/09/03 03:40:57 INFO TaskSchedulerImpl: Removed TaskSet 4.0 whose tasks have all completed, from pool
[2025-09-03T03:40:57.498+0000] {spark_submit.py:579} INFO - 25/09/03 03:40:57 INFO DAGScheduler: ResultStage 4 (jdbc at NativeMethodAccessorImpl.java:0) finished in 482 ms
[2025-09-03T03:40:57.498+0000] {spark_submit.py:579} INFO - 25/09/03 03:40:57 INFO DAGScheduler: Job 4 is finished. Cancelling potential speculative or zombie tasks for this job
[2025-09-03T03:40:57.498+0000] {spark_submit.py:579} INFO - 25/09/03 03:40:57 INFO TaskSchedulerImpl: Canceling stage 4
[2025-09-03T03:40:57.499+0000] {spark_submit.py:579} INFO - 25/09/03 03:40:57 INFO TaskSchedulerImpl: Killing all running tasks in stage 4: Stage finished
[2025-09-03T03:40:57.500+0000] {spark_submit.py:579} INFO - 25/09/03 03:40:57 INFO DAGScheduler: Job 4 finished: jdbc at NativeMethodAccessorImpl.java:0, took 485.536606 ms
[2025-09-03T03:40:57.949+0000] {spark_submit.py:579} INFO - table kue_daily has been loaded
[2025-09-03T03:40:58.299+0000] {spark_submit.py:579} INFO - 25/09/03 03:40:58 INFO CodeGenerator: Code generated in 10.767819 ms
[2025-09-03T03:40:58.310+0000] {spark_submit.py:579} INFO - 25/09/03 03:40:58 INFO SparkContext: Starting job: jdbc at NativeMethodAccessorImpl.java:0
[2025-09-03T03:40:58.310+0000] {spark_submit.py:579} INFO - 25/09/03 03:40:58 INFO DAGScheduler: Got job 5 (jdbc at NativeMethodAccessorImpl.java:0) with 2 output partitions
[2025-09-03T03:40:58.311+0000] {spark_submit.py:579} INFO - 25/09/03 03:40:58 INFO DAGScheduler: Final stage: ResultStage 5 (jdbc at NativeMethodAccessorImpl.java:0)
[2025-09-03T03:40:58.311+0000] {spark_submit.py:579} INFO - 25/09/03 03:40:58 INFO DAGScheduler: Parents of final stage: List()
[2025-09-03T03:40:58.312+0000] {spark_submit.py:579} INFO - 25/09/03 03:40:58 INFO DAGScheduler: Missing parents: List()
[2025-09-03T03:40:58.312+0000] {spark_submit.py:579} INFO - 25/09/03 03:40:58 INFO DAGScheduler: Submitting ResultStage 5 (MapPartitionsRDD[73] at jdbc at NativeMethodAccessorImpl.java:0), which has no missing parents
[2025-09-03T03:40:58.313+0000] {spark_submit.py:579} INFO - 25/09/03 03:40:58 INFO MemoryStore: Block broadcast_5 stored as values in memory (estimated size 27.1 KiB, free 434.2 MiB)
[2025-09-03T03:40:58.321+0000] {spark_submit.py:579} INFO - 25/09/03 03:40:58 INFO MemoryStore: Block broadcast_5_piece0 stored as bytes in memory (estimated size 12.4 KiB, free 434.2 MiB)
[2025-09-03T03:40:58.323+0000] {spark_submit.py:579} INFO - 25/09/03 03:40:58 INFO SparkContext: Created broadcast 5 from broadcast at DAGScheduler.scala:1676
[2025-09-03T03:40:58.325+0000] {spark_submit.py:579} INFO - 25/09/03 03:40:58 INFO DAGScheduler: Submitting 2 missing tasks from ResultStage 5 (MapPartitionsRDD[73] at jdbc at NativeMethodAccessorImpl.java:0) (first 15 tasks are for partitions Vector(0, 1))
[2025-09-03T03:40:58.325+0000] {spark_submit.py:579} INFO - 25/09/03 03:40:58 INFO TaskSchedulerImpl: Adding task set 5.0 with 2 tasks resource profile 0
[2025-09-03T03:40:58.326+0000] {spark_submit.py:579} INFO - 25/09/03 03:40:58 INFO TaskSetManager: Starting task 0.0 in stage 5.0 (TID 10) (172.18.0.5,executor 0, partition 0, PROCESS_LOCAL, 9868 bytes)
[2025-09-03T03:40:58.327+0000] {spark_submit.py:579} INFO - 25/09/03 03:40:58 INFO TaskSetManager: Starting task 1.0 in stage 5.0 (TID 11) (172.18.0.5,executor 0, partition 1, PROCESS_LOCAL, 10001 bytes)
[2025-09-03T03:40:58.507+0000] {spark_submit.py:579} INFO - 25/09/03 03:40:58 INFO TaskSetManager: Finished task 0.0 in stage 5.0 (TID 10) in 181 ms on 172.18.0.5 (executor 0) (1/2)
[2025-09-03T03:40:58.848+0000] {spark_submit.py:579} INFO - 25/09/03 03:40:58 INFO TaskSetManager: Finished task 1.0 in stage 5.0 (TID 11) in 522 ms on 172.18.0.5 (executor 0) (2/2)
[2025-09-03T03:40:58.849+0000] {spark_submit.py:579} INFO - 25/09/03 03:40:58 INFO TaskSchedulerImpl: Removed TaskSet 5.0 whose tasks have all completed, from pool
[2025-09-03T03:40:58.849+0000] {spark_submit.py:579} INFO - 25/09/03 03:40:58 INFO DAGScheduler: ResultStage 5 (jdbc at NativeMethodAccessorImpl.java:0) finished in 537 ms
[2025-09-03T03:40:58.850+0000] {spark_submit.py:579} INFO - 25/09/03 03:40:58 INFO DAGScheduler: Job 5 is finished. Cancelling potential speculative or zombie tasks for this job
[2025-09-03T03:40:58.850+0000] {spark_submit.py:579} INFO - 25/09/03 03:40:58 INFO TaskSchedulerImpl: Canceling stage 5
[2025-09-03T03:40:58.850+0000] {spark_submit.py:579} INFO - 25/09/03 03:40:58 INFO TaskSchedulerImpl: Killing all running tasks in stage 5: Stage finished
[2025-09-03T03:40:58.851+0000] {spark_submit.py:579} INFO - 25/09/03 03:40:58 INFO DAGScheduler: Job 5 finished: jdbc at NativeMethodAccessorImpl.java:0, took 539.710818 ms
[2025-09-03T03:40:59.348+0000] {spark_submit.py:579} INFO - table kue_rapid has been loaded
[2025-09-03T03:40:59.768+0000] {spark_submit.py:579} INFO - 25/09/03 03:40:59 INFO SparkContext: Starting job: jdbc at NativeMethodAccessorImpl.java:0
[2025-09-03T03:40:59.769+0000] {spark_submit.py:579} INFO - 25/09/03 03:40:59 INFO DAGScheduler: Got job 6 (jdbc at NativeMethodAccessorImpl.java:0) with 2 output partitions
[2025-09-03T03:40:59.770+0000] {spark_submit.py:579} INFO - 25/09/03 03:40:59 INFO DAGScheduler: Final stage: ResultStage 6 (jdbc at NativeMethodAccessorImpl.java:0)
[2025-09-03T03:40:59.770+0000] {spark_submit.py:579} INFO - 25/09/03 03:40:59 INFO DAGScheduler: Parents of final stage: List()
[2025-09-03T03:40:59.771+0000] {spark_submit.py:579} INFO - 25/09/03 03:40:59 INFO DAGScheduler: Missing parents: List()
[2025-09-03T03:40:59.771+0000] {spark_submit.py:579} INFO - 25/09/03 03:40:59 INFO DAGScheduler: Submitting ResultStage 6 (MapPartitionsRDD[77] at jdbc at NativeMethodAccessorImpl.java:0), which has no missing parents
[2025-09-03T03:40:59.772+0000] {spark_submit.py:579} INFO - 25/09/03 03:40:59 INFO MemoryStore: Block broadcast_6 stored as values in memory (estimated size 27.1 KiB, free 434.4 MiB)
[2025-09-03T03:40:59.777+0000] {spark_submit.py:579} INFO - 25/09/03 03:40:59 INFO MemoryStore: Block broadcast_6_piece0 stored as bytes in memory (estimated size 12.4 KiB, free 434.4 MiB)
[2025-09-03T03:40:59.780+0000] {spark_submit.py:579} INFO - 25/09/03 03:40:59 INFO SparkContext: Created broadcast 6 from broadcast at DAGScheduler.scala:1676
[2025-09-03T03:40:59.785+0000] {spark_submit.py:579} INFO - 25/09/03 03:40:59 INFO DAGScheduler: Submitting 2 missing tasks from ResultStage 6 (MapPartitionsRDD[77] at jdbc at NativeMethodAccessorImpl.java:0) (first 15 tasks are for partitions Vector(0, 1))
[2025-09-03T03:40:59.786+0000] {spark_submit.py:579} INFO - 25/09/03 03:40:59 INFO TaskSchedulerImpl: Adding task set 6.0 with 2 tasks resource profile 0
[2025-09-03T03:40:59.787+0000] {spark_submit.py:579} INFO - 25/09/03 03:40:59 INFO TaskSetManager: Starting task 0.0 in stage 6.0 (TID 12) (172.18.0.5,executor 0, partition 0, PROCESS_LOCAL, 9868 bytes)
[2025-09-03T03:40:59.787+0000] {spark_submit.py:579} INFO - 25/09/03 03:40:59 INFO TaskSetManager: Starting task 1.0 in stage 6.0 (TID 13) (172.18.0.5,executor 0, partition 1, PROCESS_LOCAL, 10001 bytes)
[2025-09-03T03:40:59.934+0000] {spark_submit.py:579} INFO - 25/09/03 03:40:59 INFO TaskSetManager: Finished task 0.0 in stage 6.0 (TID 12) in 152 ms on 172.18.0.5 (executor 0) (1/2)
[2025-09-03T03:41:00.285+0000] {spark_submit.py:579} INFO - 25/09/03 03:41:00 INFO TaskSetManager: Finished task 1.0 in stage 6.0 (TID 13) in 503 ms on 172.18.0.5 (executor 0) (2/2)
[2025-09-03T03:41:00.286+0000] {spark_submit.py:579} INFO - 25/09/03 03:41:00 INFO TaskSchedulerImpl: Removed TaskSet 6.0 whose tasks have all completed, from pool
[2025-09-03T03:41:00.286+0000] {spark_submit.py:579} INFO - 25/09/03 03:41:00 INFO DAGScheduler: ResultStage 6 (jdbc at NativeMethodAccessorImpl.java:0) finished in 516 ms
[2025-09-03T03:41:00.286+0000] {spark_submit.py:579} INFO - 25/09/03 03:41:00 INFO DAGScheduler: Job 6 is finished. Cancelling potential speculative or zombie tasks for this job
[2025-09-03T03:41:00.286+0000] {spark_submit.py:579} INFO - 25/09/03 03:41:00 INFO TaskSchedulerImpl: Canceling stage 6
[2025-09-03T03:41:00.287+0000] {spark_submit.py:579} INFO - 25/09/03 03:41:00 INFO TaskSchedulerImpl: Killing all running tasks in stage 6: Stage finished
[2025-09-03T03:41:00.287+0000] {spark_submit.py:579} INFO - 25/09/03 03:41:00 INFO DAGScheduler: Job 6 finished: jdbc at NativeMethodAccessorImpl.java:0, took 518.550743 ms
[2025-09-03T03:41:00.697+0000] {spark_submit.py:579} INFO - table kue_blitz has been loaded
[2025-09-03T03:41:01.013+0000] {spark_submit.py:579} INFO - 25/09/03 03:41:01 INFO CodeGenerator: Code generated in 7.727751 ms
[2025-09-03T03:41:01.024+0000] {spark_submit.py:579} INFO - 25/09/03 03:41:01 INFO SparkContext: Starting job: jdbc at NativeMethodAccessorImpl.java:0
[2025-09-03T03:41:01.027+0000] {spark_submit.py:579} INFO - 25/09/03 03:41:01 INFO DAGScheduler: Got job 7 (jdbc at NativeMethodAccessorImpl.java:0) with 2 output partitions
[2025-09-03T03:41:01.028+0000] {spark_submit.py:579} INFO - 25/09/03 03:41:01 INFO DAGScheduler: Final stage: ResultStage 7 (jdbc at NativeMethodAccessorImpl.java:0)
[2025-09-03T03:41:01.028+0000] {spark_submit.py:579} INFO - 25/09/03 03:41:01 INFO DAGScheduler: Parents of final stage: List()
[2025-09-03T03:41:01.029+0000] {spark_submit.py:579} INFO - 25/09/03 03:41:01 INFO DAGScheduler: Missing parents: List()
[2025-09-03T03:41:01.029+0000] {spark_submit.py:579} INFO - 25/09/03 03:41:01 INFO DAGScheduler: Submitting ResultStage 7 (MapPartitionsRDD[81] at jdbc at NativeMethodAccessorImpl.java:0), which has no missing parents
[2025-09-03T03:41:01.030+0000] {spark_submit.py:579} INFO - 25/09/03 03:41:01 INFO MemoryStore: Block broadcast_7 stored as values in memory (estimated size 25.7 KiB, free 434.3 MiB)
[2025-09-03T03:41:01.030+0000] {spark_submit.py:579} INFO - 25/09/03 03:41:01 INFO MemoryStore: Block broadcast_7_piece0 stored as bytes in memory (estimated size 12.1 KiB, free 434.3 MiB)
[2025-09-03T03:41:01.032+0000] {spark_submit.py:579} INFO - 25/09/03 03:41:01 INFO SparkContext: Created broadcast 7 from broadcast at DAGScheduler.scala:1676
[2025-09-03T03:41:01.033+0000] {spark_submit.py:579} INFO - 25/09/03 03:41:01 INFO DAGScheduler: Submitting 2 missing tasks from ResultStage 7 (MapPartitionsRDD[81] at jdbc at NativeMethodAccessorImpl.java:0) (first 15 tasks are for partitions Vector(0, 1))
[2025-09-03T03:41:01.033+0000] {spark_submit.py:579} INFO - 25/09/03 03:41:01 INFO TaskSchedulerImpl: Adding task set 7.0 with 2 tasks resource profile 0
[2025-09-03T03:41:01.034+0000] {spark_submit.py:579} INFO - 25/09/03 03:41:01 INFO TaskSetManager: Starting task 0.0 in stage 7.0 (TID 14) (172.18.0.5,executor 0, partition 0, PROCESS_LOCAL, 9868 bytes)
[2025-09-03T03:41:01.035+0000] {spark_submit.py:579} INFO - 25/09/03 03:41:01 INFO TaskSetManager: Starting task 1.0 in stage 7.0 (TID 15) (172.18.0.5,executor 0, partition 1, PROCESS_LOCAL, 9927 bytes)
[2025-09-03T03:41:01.193+0000] {spark_submit.py:579} INFO - 25/09/03 03:41:01 INFO TaskSetManager: Finished task 0.0 in stage 7.0 (TID 14) in 160 ms on 172.18.0.5 (executor 0) (1/2)
[2025-09-03T03:41:01.620+0000] {spark_submit.py:579} INFO - 25/09/03 03:41:01 INFO TaskSetManager: Finished task 1.0 in stage 7.0 (TID 15) in 585 ms on 172.18.0.5 (executor 0) (2/2)
[2025-09-03T03:41:01.620+0000] {spark_submit.py:579} INFO - 25/09/03 03:41:01 INFO TaskSchedulerImpl: Removed TaskSet 7.0 whose tasks have all completed, from pool
[2025-09-03T03:41:01.621+0000] {spark_submit.py:579} INFO - 25/09/03 03:41:01 INFO DAGScheduler: ResultStage 7 (jdbc at NativeMethodAccessorImpl.java:0) finished in 594 ms
[2025-09-03T03:41:01.621+0000] {spark_submit.py:579} INFO - 25/09/03 03:41:01 INFO DAGScheduler: Job 7 is finished. Cancelling potential speculative or zombie tasks for this job
[2025-09-03T03:41:01.622+0000] {spark_submit.py:579} INFO - 25/09/03 03:41:01 INFO TaskSchedulerImpl: Canceling stage 7
[2025-09-03T03:41:01.622+0000] {spark_submit.py:579} INFO - 25/09/03 03:41:01 INFO TaskSchedulerImpl: Killing all running tasks in stage 7: Stage finished
[2025-09-03T03:41:01.623+0000] {spark_submit.py:579} INFO - 25/09/03 03:41:01 INFO DAGScheduler: Job 7 finished: jdbc at NativeMethodAccessorImpl.java:0, took 597.396423 ms
[2025-09-03T03:41:02.085+0000] {spark_submit.py:579} INFO - table kue_bullet has been loaded
[2025-09-03T03:41:02.402+0000] {spark_submit.py:579} INFO - 25/09/03 03:41:02 INFO CodeGenerator: Code generated in 6.812509 ms
[2025-09-03T03:41:02.413+0000] {spark_submit.py:579} INFO - 25/09/03 03:41:02 INFO SparkContext: Starting job: jdbc at NativeMethodAccessorImpl.java:0
[2025-09-03T03:41:02.413+0000] {spark_submit.py:579} INFO - 25/09/03 03:41:02 INFO DAGScheduler: Got job 8 (jdbc at NativeMethodAccessorImpl.java:0) with 2 output partitions
[2025-09-03T03:41:02.414+0000] {spark_submit.py:579} INFO - 25/09/03 03:41:02 INFO DAGScheduler: Final stage: ResultStage 8 (jdbc at NativeMethodAccessorImpl.java:0)
[2025-09-03T03:41:02.414+0000] {spark_submit.py:579} INFO - 25/09/03 03:41:02 INFO DAGScheduler: Parents of final stage: List()
[2025-09-03T03:41:02.414+0000] {spark_submit.py:579} INFO - 25/09/03 03:41:02 INFO DAGScheduler: Missing parents: List()
[2025-09-03T03:41:02.415+0000] {spark_submit.py:579} INFO - 25/09/03 03:41:02 INFO DAGScheduler: Submitting ResultStage 8 (MapPartitionsRDD[85] at jdbc at NativeMethodAccessorImpl.java:0), which has no missing parents
[2025-09-03T03:41:02.416+0000] {spark_submit.py:579} INFO - 25/09/03 03:41:02 INFO MemoryStore: Block broadcast_8 stored as values in memory (estimated size 25.3 KiB, free 434.3 MiB)
[2025-09-03T03:41:02.418+0000] {spark_submit.py:579} INFO - 25/09/03 03:41:02 INFO MemoryStore: Block broadcast_8_piece0 stored as bytes in memory (estimated size 12.0 KiB, free 434.3 MiB)
[2025-09-03T03:41:02.421+0000] {spark_submit.py:579} INFO - 25/09/03 03:41:02 INFO SparkContext: Created broadcast 8 from broadcast at DAGScheduler.scala:1676
[2025-09-03T03:41:02.422+0000] {spark_submit.py:579} INFO - 25/09/03 03:41:02 INFO DAGScheduler: Submitting 2 missing tasks from ResultStage 8 (MapPartitionsRDD[85] at jdbc at NativeMethodAccessorImpl.java:0) (first 15 tasks are for partitions Vector(0, 1))
[2025-09-03T03:41:02.422+0000] {spark_submit.py:579} INFO - 25/09/03 03:41:02 INFO TaskSchedulerImpl: Adding task set 8.0 with 2 tasks resource profile 0
[2025-09-03T03:41:02.423+0000] {spark_submit.py:579} INFO - 25/09/03 03:41:02 INFO TaskSetManager: Starting task 0.0 in stage 8.0 (TID 16) (172.18.0.5,executor 0, partition 0, PROCESS_LOCAL, 9868 bytes)
[2025-09-03T03:41:02.423+0000] {spark_submit.py:579} INFO - 25/09/03 03:41:02 INFO TaskSetManager: Starting task 1.0 in stage 8.0 (TID 17) (172.18.0.5,executor 0, partition 1, PROCESS_LOCAL, 9946 bytes)
[2025-09-03T03:41:02.605+0000] {spark_submit.py:579} INFO - 25/09/03 03:41:02 INFO TaskSetManager: Finished task 0.0 in stage 8.0 (TID 16) in 183 ms on 172.18.0.5 (executor 0) (1/2)
[2025-09-03T03:41:02.963+0000] {spark_submit.py:579} INFO - 25/09/03 03:41:02 INFO TaskSetManager: Finished task 1.0 in stage 8.0 (TID 17) in 539 ms on 172.18.0.5 (executor 0) (2/2)
[2025-09-03T03:41:02.963+0000] {spark_submit.py:579} INFO - 25/09/03 03:41:02 INFO TaskSchedulerImpl: Removed TaskSet 8.0 whose tasks have all completed, from pool
[2025-09-03T03:41:02.964+0000] {spark_submit.py:579} INFO - 25/09/03 03:41:02 INFO DAGScheduler: ResultStage 8 (jdbc at NativeMethodAccessorImpl.java:0) finished in 549 ms
[2025-09-03T03:41:02.964+0000] {spark_submit.py:579} INFO - 25/09/03 03:41:02 INFO DAGScheduler: Job 8 is finished. Cancelling potential speculative or zombie tasks for this job
[2025-09-03T03:41:02.964+0000] {spark_submit.py:579} INFO - 25/09/03 03:41:02 INFO TaskSchedulerImpl: Canceling stage 8
[2025-09-03T03:41:02.965+0000] {spark_submit.py:579} INFO - 25/09/03 03:41:02 INFO TaskSchedulerImpl: Killing all running tasks in stage 8: Stage finished
[2025-09-03T03:41:02.965+0000] {spark_submit.py:579} INFO - 25/09/03 03:41:02 INFO DAGScheduler: Job 8 finished: jdbc at NativeMethodAccessorImpl.java:0, took 551.193126 ms
[2025-09-03T03:41:03.413+0000] {spark_submit.py:579} INFO - table kue_tactics has been loaded
[2025-09-03T03:41:03.751+0000] {spark_submit.py:579} INFO - 25/09/03 03:41:03 INFO CodeGenerator: Code generated in 6.6069 ms
[2025-09-03T03:41:03.761+0000] {spark_submit.py:579} INFO - 25/09/03 03:41:03 INFO SparkContext: Starting job: jdbc at NativeMethodAccessorImpl.java:0
[2025-09-03T03:41:03.762+0000] {spark_submit.py:579} INFO - 25/09/03 03:41:03 INFO DAGScheduler: Got job 9 (jdbc at NativeMethodAccessorImpl.java:0) with 2 output partitions
[2025-09-03T03:41:03.763+0000] {spark_submit.py:579} INFO - 25/09/03 03:41:03 INFO DAGScheduler: Final stage: ResultStage 9 (jdbc at NativeMethodAccessorImpl.java:0)
[2025-09-03T03:41:03.763+0000] {spark_submit.py:579} INFO - 25/09/03 03:41:03 INFO DAGScheduler: Parents of final stage: List()
[2025-09-03T03:41:03.764+0000] {spark_submit.py:579} INFO - 25/09/03 03:41:03 INFO DAGScheduler: Missing parents: List()
[2025-09-03T03:41:03.764+0000] {spark_submit.py:579} INFO - 25/09/03 03:41:03 INFO DAGScheduler: Submitting ResultStage 9 (MapPartitionsRDD[89] at jdbc at NativeMethodAccessorImpl.java:0), which has no missing parents
[2025-09-03T03:41:03.766+0000] {spark_submit.py:579} INFO - 25/09/03 03:41:03 INFO MemoryStore: Block broadcast_9 stored as values in memory (estimated size 23.6 KiB, free 434.3 MiB)
[2025-09-03T03:41:03.768+0000] {spark_submit.py:579} INFO - 25/09/03 03:41:03 INFO MemoryStore: Block broadcast_9_piece0 stored as bytes in memory (estimated size 11.4 KiB, free 434.3 MiB)
[2025-09-03T03:41:03.771+0000] {spark_submit.py:579} INFO - 25/09/03 03:41:03 INFO SparkContext: Created broadcast 9 from broadcast at DAGScheduler.scala:1676
[2025-09-03T03:41:03.771+0000] {spark_submit.py:579} INFO - 25/09/03 03:41:03 INFO DAGScheduler: Submitting 2 missing tasks from ResultStage 9 (MapPartitionsRDD[89] at jdbc at NativeMethodAccessorImpl.java:0) (first 15 tasks are for partitions Vector(0, 1))
[2025-09-03T03:41:03.772+0000] {spark_submit.py:579} INFO - 25/09/03 03:41:03 INFO TaskSchedulerImpl: Adding task set 9.0 with 2 tasks resource profile 0
[2025-09-03T03:41:03.772+0000] {spark_submit.py:579} INFO - 25/09/03 03:41:03 INFO TaskSetManager: Starting task 0.0 in stage 9.0 (TID 18) (172.18.0.5,executor 0, partition 0, PROCESS_LOCAL, 9868 bytes)
[2025-09-03T03:41:03.773+0000] {spark_submit.py:579} INFO - 25/09/03 03:41:03 INFO TaskSetManager: Starting task 1.0 in stage 9.0 (TID 19) (172.18.0.5,executor 0, partition 1, PROCESS_LOCAL, 9899 bytes)
[2025-09-03T03:41:03.941+0000] {spark_submit.py:579} INFO - 25/09/03 03:41:03 INFO TaskSetManager: Finished task 0.0 in stage 9.0 (TID 18) in 168 ms on 172.18.0.5 (executor 0) (1/2)
[2025-09-03T03:41:04.238+0000] {spark_submit.py:579} INFO - 25/09/03 03:41:04 INFO TaskSetManager: Finished task 1.0 in stage 9.0 (TID 19) in 464 ms on 172.18.0.5 (executor 0) (2/2)
[2025-09-03T03:41:04.238+0000] {spark_submit.py:579} INFO - 25/09/03 03:41:04 INFO TaskSchedulerImpl: Removed TaskSet 9.0 whose tasks have all completed, from pool
[2025-09-03T03:41:04.239+0000] {spark_submit.py:579} INFO - 25/09/03 03:41:04 INFO DAGScheduler: ResultStage 9 (jdbc at NativeMethodAccessorImpl.java:0) finished in 474 ms
[2025-09-03T03:41:04.239+0000] {spark_submit.py:579} INFO - 25/09/03 03:41:04 INFO DAGScheduler: Job 9 is finished. Cancelling potential speculative or zombie tasks for this job
[2025-09-03T03:41:04.240+0000] {spark_submit.py:579} INFO - 25/09/03 03:41:04 INFO TaskSchedulerImpl: Canceling stage 9
[2025-09-03T03:41:04.240+0000] {spark_submit.py:579} INFO - 25/09/03 03:41:04 INFO TaskSchedulerImpl: Killing all running tasks in stage 9: Stage finished
[2025-09-03T03:41:04.240+0000] {spark_submit.py:579} INFO - 25/09/03 03:41:04 INFO DAGScheduler: Job 9 finished: jdbc at NativeMethodAccessorImpl.java:0, took 477.904698 ms
[2025-09-03T03:41:04.694+0000] {spark_submit.py:579} INFO - table kue_puzzle_rush has been loaded
[2025-09-03T03:41:05.173+0000] {spark_submit.py:579} INFO - 25/09/03 03:41:05 INFO SparkContext: Invoking stop() from shutdown hook
[2025-09-03T03:41:05.174+0000] {spark_submit.py:579} INFO - 25/09/03 03:41:05 INFO SparkContext: SparkContext is stopping with exitCode 0 from run at Executors.java:539.
[2025-09-03T03:41:05.186+0000] {spark_submit.py:579} INFO - 25/09/03 03:41:05 INFO SparkUI: Stopped Spark web UI at http://7b2a3a75c36f:4040
[2025-09-03T03:41:05.189+0000] {spark_submit.py:579} INFO - 25/09/03 03:41:05 INFO StandaloneSchedulerBackend: Shutting down all executors
[2025-09-03T03:41:05.190+0000] {spark_submit.py:579} INFO - 25/09/03 03:41:05 INFO StandaloneSchedulerBackend$StandaloneDriverEndpoint: Asking each executor to shut down
[2025-09-03T03:41:05.205+0000] {spark_submit.py:579} INFO - 25/09/03 03:41:05 INFO MapOutputTrackerMasterEndpoint: MapOutputTrackerMasterEndpoint stopped!
[2025-09-03T03:41:05.255+0000] {spark_submit.py:579} INFO - 25/09/03 03:41:05 INFO MemoryStore: MemoryStore cleared
[2025-09-03T03:41:05.255+0000] {spark_submit.py:579} INFO - 25/09/03 03:41:05 INFO BlockManager: BlockManager stopped
[2025-09-03T03:41:05.257+0000] {spark_submit.py:579} INFO - 25/09/03 03:41:05 INFO BlockManagerMaster: BlockManagerMaster stopped
[2025-09-03T03:41:05.260+0000] {spark_submit.py:579} INFO - 25/09/03 03:41:05 INFO OutputCommitCoordinator$OutputCommitCoordinatorEndpoint: OutputCommitCoordinator stopped!
[2025-09-03T03:41:05.289+0000] {spark_submit.py:579} INFO - 25/09/03 03:41:05 INFO SparkContext: Successfully stopped SparkContext
[2025-09-03T03:41:05.290+0000] {spark_submit.py:579} INFO - 25/09/03 03:41:05 INFO ShutdownHookManager: Shutdown hook called
[2025-09-03T03:41:05.292+0000] {spark_submit.py:579} INFO - 25/09/03 03:41:05 INFO ShutdownHookManager: Deleting directory /opt/***/artifacts/spark-3eec6717-388f-465a-975a-317645aeada5
[2025-09-03T03:41:05.311+0000] {spark_submit.py:579} INFO - 25/09/03 03:41:05 INFO ShutdownHookManager: Deleting directory /tmp/spark-2e74704b-7421-4a9b-ad14-38f3ab0ccefe/pyspark-40ec6020-878c-48e0-a57d-2cb78d3e4dea
[2025-09-03T03:41:05.327+0000] {spark_submit.py:579} INFO - 25/09/03 03:41:05 INFO ShutdownHookManager: Deleting directory /tmp/spark-a69ddf2a-3ee7-4218-a879-4dbde6f11698
[2025-09-03T03:41:05.343+0000] {spark_submit.py:579} INFO - 25/09/03 03:41:05 INFO ShutdownHookManager: Deleting directory /tmp/spark-2e74704b-7421-4a9b-ad14-38f3ab0ccefe
[2025-09-03T03:41:05.846+0000] {taskinstance.py:1398} INFO - Marking task as SUCCESS. dag_id=sparking_flow, task_id=python_job, execution_date=20250903T034025, start_date=20250903T034029, end_date=20250903T034105
[2025-09-03T03:41:06.088+0000] {local_task_job_runner.py:228} INFO - Task exited with return code 0
[2025-09-03T03:41:06.394+0000] {taskinstance.py:2776} INFO - 1 downstream tasks scheduled from follow-on schedule check
