[2025-08-31T18:00:02.413+0000] {taskinstance.py:1157} INFO - Dependencies all met for dep_context=non-requeueable deps ti=<TaskInstance: sparking_flow.start scheduled__2025-08-31T16:00:00+00:00 [queued]>
[2025-08-31T18:00:02.421+0000] {taskinstance.py:1157} INFO - Dependencies all met for dep_context=requeueable deps ti=<TaskInstance: sparking_flow.start scheduled__2025-08-31T16:00:00+00:00 [queued]>
[2025-08-31T18:00:02.421+0000] {taskinstance.py:1359} INFO - Starting attempt 1 of 1
[2025-08-31T18:00:02.434+0000] {taskinstance.py:1380} INFO - Executing <Task(PythonOperator): start> on 2025-08-31 16:00:00+00:00
[2025-08-31T18:00:02.439+0000] {standard_task_runner.py:57} INFO - Started process 5672 to run task
[2025-08-31T18:00:02.443+0000] {standard_task_runner.py:84} INFO - Running: ['***', 'tasks', 'run', 'sparking_flow', 'start', 'scheduled__2025-08-31T16:00:00+00:00', '--job-id', '44', '--raw', '--subdir', 'DAGS_FOLDER/spark_***.py', '--cfg-path', '/tmp/tmp66cg8yzc']
[2025-08-31T18:00:02.448+0000] {standard_task_runner.py:85} INFO - Job 44: Subtask start
[2025-08-31T18:00:02.520+0000] {task_command.py:415} INFO - Running <TaskInstance: sparking_flow.start scheduled__2025-08-31T16:00:00+00:00 [running]> on host f7da00c682c4
[2025-08-31T18:00:02.604+0000] {taskinstance.py:1660} INFO - Exporting env vars: AIRFLOW_CTX_DAG_OWNER='Kudzaishe Manyanya' AIRFLOW_CTX_DAG_ID='sparking_flow' AIRFLOW_CTX_TASK_ID='start' AIRFLOW_CTX_EXECUTION_DATE='2025-08-31T16:00:00+00:00' AIRFLOW_CTX_TRY_NUMBER='1' AIRFLOW_CTX_DAG_RUN_ID='scheduled__2025-08-31T16:00:00+00:00'
[2025-08-31T18:00:02.606+0000] {logging_mixin.py:151} INFO - Jobs started
[2025-08-31T18:00:02.606+0000] {python.py:194} INFO - Done. Returned value was: None
[2025-08-31T18:00:02.619+0000] {taskinstance.py:1398} INFO - Marking task as SUCCESS. dag_id=sparking_flow, task_id=start, execution_date=20250831T160000, start_date=20250831T180002, end_date=20250831T180002
[2025-08-31T18:00:02.656+0000] {local_task_job_runner.py:228} INFO - Task exited with return code 0
[2025-08-31T18:00:02.679+0000] {taskinstance.py:2776} INFO - 1 downstream tasks scheduled from follow-on schedule check
[2025-09-01T18:54:15.625+0000] {taskinstance.py:1157} INFO - Dependencies all met for dep_context=non-requeueable deps ti=<TaskInstance: sparking_flow.start scheduled__2025-08-31T16:00:00+00:00 [queued]>
[2025-09-01T18:54:15.785+0000] {taskinstance.py:1157} INFO - Dependencies all met for dep_context=requeueable deps ti=<TaskInstance: sparking_flow.start scheduled__2025-08-31T16:00:00+00:00 [queued]>
[2025-09-01T18:54:15.797+0000] {taskinstance.py:1359} INFO - Starting attempt 1 of 1
[2025-09-01T18:54:15.890+0000] {taskinstance.py:1380} INFO - Executing <Task(PythonOperator): start> on 2025-08-31 16:00:00+00:00
[2025-09-01T18:54:15.998+0000] {standard_task_runner.py:57} INFO - Started process 220 to run task
[2025-09-01T18:54:16.088+0000] {standard_task_runner.py:84} INFO - Running: ['***', 'tasks', 'run', 'sparking_flow', 'start', 'scheduled__2025-08-31T16:00:00+00:00', '--job-id', '7', '--raw', '--subdir', 'DAGS_FOLDER/spark_***.py', '--cfg-path', '/tmp/tmpelhwuzaw']
[2025-09-01T18:54:16.133+0000] {standard_task_runner.py:85} INFO - Job 7: Subtask start
[2025-09-01T18:54:17.011+0000] {task_command.py:415} INFO - Running <TaskInstance: sparking_flow.start scheduled__2025-08-31T16:00:00+00:00 [running]> on host 7b2a3a75c36f
[2025-09-01T18:54:17.454+0000] {taskinstance.py:1660} INFO - Exporting env vars: AIRFLOW_CTX_DAG_OWNER='Kudzaishe Manyanya' AIRFLOW_CTX_DAG_ID='sparking_flow' AIRFLOW_CTX_TASK_ID='start' AIRFLOW_CTX_EXECUTION_DATE='2025-08-31T16:00:00+00:00' AIRFLOW_CTX_TRY_NUMBER='1' AIRFLOW_CTX_DAG_RUN_ID='scheduled__2025-08-31T16:00:00+00:00'
[2025-09-01T18:54:17.468+0000] {logging_mixin.py:151} INFO - Jobs started
[2025-09-01T18:54:17.470+0000] {python.py:194} INFO - Done. Returned value was: None
[2025-09-01T18:54:17.512+0000] {taskinstance.py:1398} INFO - Marking task as SUCCESS. dag_id=sparking_flow, task_id=start, execution_date=20250831T160000, start_date=20250901T185415, end_date=20250901T185417
[2025-09-01T18:54:17.654+0000] {local_task_job_runner.py:228} INFO - Task exited with return code 0
[2025-09-01T18:54:17.794+0000] {taskinstance.py:2776} INFO - 1 downstream tasks scheduled from follow-on schedule check
