[2025-08-10T12:07:01.599+0000] {taskinstance.py:1157} INFO - Dependencies all met for dep_context=non-requeueable deps ti=<TaskInstance: sparking_flow.python_job manual__2025-08-10T12:06:58.861205+00:00 [queued]>
[2025-08-10T12:07:01.606+0000] {taskinstance.py:1157} INFO - Dependencies all met for dep_context=requeueable deps ti=<TaskInstance: sparking_flow.python_job manual__2025-08-10T12:06:58.861205+00:00 [queued]>
[2025-08-10T12:07:01.606+0000] {taskinstance.py:1359} INFO - Starting attempt 1 of 1
[2025-08-10T12:07:01.618+0000] {taskinstance.py:1380} INFO - Executing <Task(SparkSubmitOperator): python_job> on 2025-08-10 12:06:58.861205+00:00
[2025-08-10T12:07:01.623+0000] {standard_task_runner.py:57} INFO - Started process 2854 to run task
[2025-08-10T12:07:01.626+0000] {standard_task_runner.py:84} INFO - Running: ['***', 'tasks', 'run', 'sparking_flow', 'python_job', 'manual__2025-08-10T12:06:58.861205+00:00', '--job-id', '21', '--raw', '--subdir', 'DAGS_FOLDER/spark_***.py', '--cfg-path', '/tmp/tmpf8555fo_']
[2025-08-10T12:07:01.629+0000] {standard_task_runner.py:85} INFO - Job 21: Subtask python_job
[2025-08-10T12:07:01.694+0000] {task_command.py:415} INFO - Running <TaskInstance: sparking_flow.python_job manual__2025-08-10T12:06:58.861205+00:00 [running]> on host 08d0cfb138c0
[2025-08-10T12:07:01.781+0000] {taskinstance.py:1660} INFO - Exporting env vars: AIRFLOW_CTX_DAG_OWNER='Yusuf Ganiyu' AIRFLOW_CTX_DAG_ID='sparking_flow' AIRFLOW_CTX_TASK_ID='python_job' AIRFLOW_CTX_EXECUTION_DATE='2025-08-10T12:06:58.861205+00:00' AIRFLOW_CTX_TRY_NUMBER='1' AIRFLOW_CTX_DAG_RUN_ID='manual__2025-08-10T12:06:58.861205+00:00'
[2025-08-10T12:07:01.794+0000] {base.py:73} INFO - Using connection ID 'spark-conn' for task execution.
[2025-08-10T12:07:01.795+0000] {spark_submit.py:403} INFO - Spark-Submit cmd: spark-submit --master spark://spark-master:7077 --name arrow-spark --deploy-mode client jobs/python/wordcountjob.py
[2025-08-10T12:07:02.176+0000] {spark_submit.py:579} INFO - WARNING: Using incubator modules: jdk.incubator.vector
[2025-08-10T12:07:06.608+0000] {spark_submit.py:579} INFO - Using Spark's default log4j profile: org/apache/spark/log4j2-defaults.properties
[2025-08-10T12:07:06.619+0000] {spark_submit.py:579} INFO - 25/08/10 12:07:06 INFO SparkContext: Running Spark version 4.0.0
[2025-08-10T12:07:06.624+0000] {spark_submit.py:579} INFO - 25/08/10 12:07:06 INFO SparkContext: OS info Linux, 6.6.87.2-microsoft-standard-WSL2, amd64
[2025-08-10T12:07:06.625+0000] {spark_submit.py:579} INFO - 25/08/10 12:07:06 INFO SparkContext: Java version 17.0.15
[2025-08-10T12:07:06.741+0000] {spark_submit.py:579} INFO - 25/08/10 12:07:06 WARN NativeCodeLoader: Unable to load native-hadoop library for your platform... using builtin-java classes where applicable
[2025-08-10T12:07:06.809+0000] {spark_submit.py:579} INFO - 25/08/10 12:07:06 INFO ResourceUtils: ==============================================================
[2025-08-10T12:07:06.809+0000] {spark_submit.py:579} INFO - 25/08/10 12:07:06 INFO ResourceUtils: No custom resources configured for spark.driver.
[2025-08-10T12:07:06.811+0000] {spark_submit.py:579} INFO - 25/08/10 12:07:06 INFO ResourceUtils: ==============================================================
[2025-08-10T12:07:06.812+0000] {spark_submit.py:579} INFO - 25/08/10 12:07:06 INFO SparkContext: Submitted application: PythonWordCount
[2025-08-10T12:07:06.838+0000] {spark_submit.py:579} INFO - 25/08/10 12:07:06 INFO ResourceProfile: Default ResourceProfile created, executor resources: Map(memory -> name: memory, amount: 1024, script: , vendor: , offHeap -> name: offHeap, amount: 0, script: , vendor: ), task resources: Map(cpus -> name: cpus, amount: 1.0)
[2025-08-10T12:07:06.840+0000] {spark_submit.py:579} INFO - 25/08/10 12:07:06 INFO ResourceProfile: Limiting resource is cpu
[2025-08-10T12:07:06.842+0000] {spark_submit.py:579} INFO - 25/08/10 12:07:06 INFO ResourceProfileManager: Added ResourceProfile id: 0
[2025-08-10T12:07:06.895+0000] {spark_submit.py:579} INFO - 25/08/10 12:07:06 INFO SecurityManager: Changing view acls to: ***
[2025-08-10T12:07:06.896+0000] {spark_submit.py:579} INFO - 25/08/10 12:07:06 INFO SecurityManager: Changing modify acls to: ***
[2025-08-10T12:07:06.896+0000] {spark_submit.py:579} INFO - 25/08/10 12:07:06 INFO SecurityManager: Changing view acls groups to: ***
[2025-08-10T12:07:06.897+0000] {spark_submit.py:579} INFO - 25/08/10 12:07:06 INFO SecurityManager: Changing modify acls groups to: ***
[2025-08-10T12:07:06.899+0000] {spark_submit.py:579} INFO - 25/08/10 12:07:06 INFO SecurityManager: SecurityManager: authentication disabled; ui acls disabled; users with view permissions: *** groups with view permissions: EMPTY; users with modify permissions: ***; groups with modify permissions: EMPTY; RPC SSL disabled
[2025-08-10T12:07:07.157+0000] {spark_submit.py:579} INFO - 25/08/10 12:07:07 INFO Utils: Successfully started service 'sparkDriver' on port 36417.
[2025-08-10T12:07:07.190+0000] {spark_submit.py:579} INFO - 25/08/10 12:07:07 INFO SparkEnv: Registering MapOutputTracker
[2025-08-10T12:07:07.201+0000] {spark_submit.py:579} INFO - 25/08/10 12:07:07 INFO SparkEnv: Registering BlockManagerMaster
[2025-08-10T12:07:07.222+0000] {spark_submit.py:579} INFO - 25/08/10 12:07:07 INFO BlockManagerMasterEndpoint: Using org.apache.spark.storage.DefaultTopologyMapper for getting topology information
[2025-08-10T12:07:07.222+0000] {spark_submit.py:579} INFO - 25/08/10 12:07:07 INFO BlockManagerMasterEndpoint: BlockManagerMasterEndpoint up
[2025-08-10T12:07:07.226+0000] {spark_submit.py:579} INFO - 25/08/10 12:07:07 INFO SparkEnv: Registering BlockManagerMasterHeartbeat
[2025-08-10T12:07:07.252+0000] {spark_submit.py:579} INFO - 25/08/10 12:07:07 INFO DiskBlockManager: Created local directory at /tmp/blockmgr-58817799-1204-44a1-9cc8-78c6e0d0c138
[2025-08-10T12:07:07.272+0000] {spark_submit.py:579} INFO - 25/08/10 12:07:07 INFO SparkEnv: Registering OutputCommitCoordinator
[2025-08-10T12:07:07.408+0000] {spark_submit.py:579} INFO - 25/08/10 12:07:07 INFO JettyUtils: Start Jetty 0.0.0.0:4040 for SparkUI
[2025-08-10T12:07:07.481+0000] {spark_submit.py:579} INFO - 25/08/10 12:07:07 INFO Utils: Successfully started service 'SparkUI' on port 4040.
[2025-08-10T12:07:07.537+0000] {spark_submit.py:579} INFO - 25/08/10 12:07:07 INFO SecurityManager: Changing view acls to: ***
[2025-08-10T12:07:07.537+0000] {spark_submit.py:579} INFO - 25/08/10 12:07:07 INFO SecurityManager: Changing modify acls to: ***
[2025-08-10T12:07:07.538+0000] {spark_submit.py:579} INFO - 25/08/10 12:07:07 INFO SecurityManager: Changing view acls groups to: ***
[2025-08-10T12:07:07.538+0000] {spark_submit.py:579} INFO - 25/08/10 12:07:07 INFO SecurityManager: Changing modify acls groups to: ***
[2025-08-10T12:07:07.538+0000] {spark_submit.py:579} INFO - 25/08/10 12:07:07 INFO SecurityManager: SecurityManager: authentication disabled; ui acls disabled; users with view permissions: *** groups with view permissions: EMPTY; users with modify permissions: ***; groups with modify permissions: EMPTY; RPC SSL disabled
[2025-08-10T12:07:07.695+0000] {spark_submit.py:579} INFO - 25/08/10 12:07:07 INFO StandaloneAppClient$ClientEndpoint: Connecting to master spark://spark-master:7077...
[2025-08-10T12:07:07.742+0000] {spark_submit.py:579} INFO - 25/08/10 12:07:07 INFO TransportClientFactory: Successfully created connection to spark-master/172.18.0.2:7077 after 24 ms (0 ms spent in bootstraps)
[2025-08-10T12:07:08.277+0000] {spark_submit.py:579} INFO - 25/08/10 12:07:08 INFO StandaloneSchedulerBackend: Connected to Spark cluster with app ID app-20250810120708-0003
[2025-08-10T12:07:08.289+0000] {spark_submit.py:579} INFO - 25/08/10 12:07:08 INFO Utils: Successfully started service 'org.apache.spark.network.netty.NettyBlockTransferService' on port 44823.
[2025-08-10T12:07:08.289+0000] {spark_submit.py:579} INFO - 25/08/10 12:07:08 INFO NettyBlockTransferService: Server created on 08d0cfb138c0:44823
[2025-08-10T12:07:08.291+0000] {spark_submit.py:579} INFO - 25/08/10 12:07:08 INFO BlockManager: Using org.apache.spark.storage.RandomBlockReplicationPolicy for block replication policy
[2025-08-10T12:07:08.313+0000] {spark_submit.py:579} INFO - 25/08/10 12:07:08 INFO BlockManagerMaster: Registering BlockManager BlockManagerId(driver, 08d0cfb138c0, 44823, None)
[2025-08-10T12:07:08.321+0000] {spark_submit.py:579} INFO - 25/08/10 12:07:08 INFO BlockManagerMasterEndpoint: Registering block manager 08d0cfb138c0:44823 with 434.4 MiB RAM, BlockManagerId(driver, 08d0cfb138c0, 44823, None)
[2025-08-10T12:07:08.324+0000] {spark_submit.py:579} INFO - 25/08/10 12:07:08 INFO BlockManagerMaster: Registered BlockManager BlockManagerId(driver, 08d0cfb138c0, 44823, None)
[2025-08-10T12:07:08.329+0000] {spark_submit.py:579} INFO - 25/08/10 12:07:08 INFO BlockManager: Initialized BlockManager: BlockManagerId(driver, 08d0cfb138c0, 44823, None)
[2025-08-10T12:07:08.348+0000] {spark_submit.py:579} INFO - 25/08/10 12:07:08 INFO StandaloneAppClient$ClientEndpoint: Executor added: app-20250810120708-0003/0 on worker-20250810094251-172.18.0.4-38287 (172.18.0.4:38287) with 2 core(s)
[2025-08-10T12:07:08.350+0000] {spark_submit.py:579} INFO - 25/08/10 12:07:08 INFO StandaloneSchedulerBackend: Granted executor ID app-20250810120708-0003/0 on hostPort 172.18.0.4:38287 with 2 core(s), 1024.0 MiB RAM
[2025-08-10T12:07:08.510+0000] {spark_submit.py:579} INFO - 25/08/10 12:07:08 INFO StandaloneSchedulerBackend: SchedulerBackend is ready for scheduling beginning after reached minRegisteredResourcesRatio: 0.0
[2025-08-10T12:07:09.453+0000] {spark_submit.py:579} INFO - 25/08/10 12:07:09 INFO StandaloneAppClient$ClientEndpoint: Executor updated: app-20250810120708-0003/0 is now RUNNING
[2025-08-10T12:07:13.321+0000] {spark_submit.py:579} INFO - dict_keys(['daily', 'daily960', 'live_rapid', 'live_blitz', 'live_bullet', 'live_bughouse', 'live_blitz960', 'live_threecheck', 'live_crazyhouse', 'live_kingofthehill', 'tactics', 'rush', 'battle'])
[2025-08-10T12:07:13.419+0000] {spark_submit.py:579} INFO - 25/08/10 12:07:13 INFO SharedState: Setting hive.metastore.warehouse.dir ('null') to the value of spark.sql.warehouse.dir.
[2025-08-10T12:07:13.428+0000] {spark_submit.py:579} INFO - 25/08/10 12:07:13 INFO SharedState: Warehouse path is 'file:/opt/***/spark-warehouse'.
[2025-08-10T12:07:14.215+0000] {spark_submit.py:579} INFO - 25/08/10 12:07:14 INFO StandaloneSchedulerBackend$StandaloneDriverEndpoint: Registered executor NettyRpcEndpointRef(spark-client://Executor) (172.18.0.4:45224) with ID 0, ResourceProfileId 0
[2025-08-10T12:07:14.432+0000] {spark_submit.py:579} INFO - 25/08/10 12:07:14 INFO BlockManagerMasterEndpoint: Registering block manager 172.18.0.4:43577 with 434.4 MiB RAM, BlockManagerId(0, 172.18.0.4, 43577, None)
[2025-08-10T12:07:15.377+0000] {spark_submit.py:579} INFO - 25/08/10 12:07:15 INFO SparkContext: Invoking stop() from shutdown hook
[2025-08-10T12:07:15.378+0000] {spark_submit.py:579} INFO - 25/08/10 12:07:15 INFO SparkContext: SparkContext is stopping with exitCode 0 from run at Executors.java:539.
[2025-08-10T12:07:15.394+0000] {spark_submit.py:579} INFO - 25/08/10 12:07:15 INFO SparkUI: Stopped Spark web UI at http://08d0cfb138c0:4040
[2025-08-10T12:07:15.400+0000] {spark_submit.py:579} INFO - 25/08/10 12:07:15 INFO StandaloneSchedulerBackend: Shutting down all executors
[2025-08-10T12:07:15.401+0000] {spark_submit.py:579} INFO - 25/08/10 12:07:15 INFO StandaloneSchedulerBackend$StandaloneDriverEndpoint: Asking each executor to shut down
[2025-08-10T12:07:15.419+0000] {spark_submit.py:579} INFO - 25/08/10 12:07:15 INFO MapOutputTrackerMasterEndpoint: MapOutputTrackerMasterEndpoint stopped!
[2025-08-10T12:07:15.499+0000] {spark_submit.py:579} INFO - 25/08/10 12:07:15 INFO MemoryStore: MemoryStore started with capacity 434.4 MiB
[2025-08-10T12:07:15.501+0000] {spark_submit.py:579} INFO - 25/08/10 12:07:15 INFO MemoryStore: MemoryStore cleared
[2025-08-10T12:07:15.501+0000] {spark_submit.py:579} INFO - 25/08/10 12:07:15 INFO BlockManager: BlockManager stopped
[2025-08-10T12:07:15.509+0000] {spark_submit.py:579} INFO - 25/08/10 12:07:15 INFO BlockManagerMaster: BlockManagerMaster stopped
[2025-08-10T12:07:15.512+0000] {spark_submit.py:579} INFO - 25/08/10 12:07:15 INFO OutputCommitCoordinator$OutputCommitCoordinatorEndpoint: OutputCommitCoordinator stopped!
[2025-08-10T12:07:15.564+0000] {spark_submit.py:579} INFO - 25/08/10 12:07:15 INFO SparkContext: Successfully stopped SparkContext
[2025-08-10T12:07:15.565+0000] {spark_submit.py:579} INFO - 25/08/10 12:07:15 INFO ShutdownHookManager: Shutdown hook called
[2025-08-10T12:07:15.566+0000] {spark_submit.py:579} INFO - 25/08/10 12:07:15 INFO ShutdownHookManager: Deleting directory /tmp/spark-17037256-3d24-4661-97f0-3e9ef22e6588/pyspark-b46eded6-11c2-486b-9ee1-b11fc804f4f0
[2025-08-10T12:07:15.615+0000] {spark_submit.py:579} INFO - 25/08/10 12:07:15 INFO ShutdownHookManager: Deleting directory /tmp/spark-17037256-3d24-4661-97f0-3e9ef22e6588
[2025-08-10T12:07:15.659+0000] {spark_submit.py:579} INFO - 25/08/10 12:07:15 INFO ShutdownHookManager: Deleting directory /tmp/spark-9c656bf7-e0be-4200-a0b3-7036e55ee9e1
[2025-08-10T12:07:15.969+0000] {taskinstance.py:1398} INFO - Marking task as SUCCESS. dag_id=sparking_flow, task_id=python_job, execution_date=20250810T120658, start_date=20250810T120701, end_date=20250810T120715
[2025-08-10T12:07:16.099+0000] {local_task_job_runner.py:228} INFO - Task exited with return code 0
[2025-08-10T12:07:16.252+0000] {taskinstance.py:2776} INFO - 1 downstream tasks scheduled from follow-on schedule check
