[2025-08-31T05:22:03.219+0000] {taskinstance.py:1157} INFO - Dependencies all met for dep_context=non-requeueable deps ti=<TaskInstance: sparking_flow.python_job manual__2025-08-31T05:21:59.664459+00:00 [queued]>
[2025-08-31T05:22:03.228+0000] {taskinstance.py:1157} INFO - Dependencies all met for dep_context=requeueable deps ti=<TaskInstance: sparking_flow.python_job manual__2025-08-31T05:21:59.664459+00:00 [queued]>
[2025-08-31T05:22:03.228+0000] {taskinstance.py:1359} INFO - Starting attempt 1 of 1
[2025-08-31T05:22:03.240+0000] {taskinstance.py:1380} INFO - Executing <Task(SparkSubmitOperator): python_job> on 2025-08-31 05:21:59.664459+00:00
[2025-08-31T05:22:03.245+0000] {standard_task_runner.py:57} INFO - Started process 1579 to run task
[2025-08-31T05:22:03.248+0000] {standard_task_runner.py:84} INFO - Running: ['***', 'tasks', 'run', 'sparking_flow', 'python_job', 'manual__2025-08-31T05:21:59.664459+00:00', '--job-id', '37', '--raw', '--subdir', 'DAGS_FOLDER/spark_***.py', '--cfg-path', '/tmp/tmpq3y1btlb']
[2025-08-31T05:22:03.250+0000] {standard_task_runner.py:85} INFO - Job 37: Subtask python_job
[2025-08-31T05:22:03.314+0000] {task_command.py:415} INFO - Running <TaskInstance: sparking_flow.python_job manual__2025-08-31T05:21:59.664459+00:00 [running]> on host 80647ef95998
[2025-08-31T05:22:03.400+0000] {taskinstance.py:1660} INFO - Exporting env vars: AIRFLOW_CTX_DAG_OWNER='Kudzaishe Manyanya' AIRFLOW_CTX_DAG_ID='sparking_flow' AIRFLOW_CTX_TASK_ID='python_job' AIRFLOW_CTX_EXECUTION_DATE='2025-08-31T05:21:59.664459+00:00' AIRFLOW_CTX_TRY_NUMBER='1' AIRFLOW_CTX_DAG_RUN_ID='manual__2025-08-31T05:21:59.664459+00:00'
[2025-08-31T05:22:03.413+0000] {base.py:73} INFO - Using connection ID 'spark-conn' for task execution.
[2025-08-31T05:22:03.415+0000] {spark_submit.py:403} INFO - Spark-Submit cmd: spark-submit --master spark://spark-master:7077 --jars /opt/spark/external-jars/apache-spark-sql-connector.jar --name arrow-spark --deploy-mode client jobs/python/wordcountjob.py
[2025-08-31T05:22:03.976+0000] {spark_submit.py:579} INFO - WARNING: Using incubator modules: jdk.incubator.vector
[2025-08-31T05:22:05.642+0000] {spark_submit.py:579} INFO - 25/08/31 05:22:05 WARN NativeCodeLoader: Unable to load native-hadoop library for your platform... using builtin-java classes where applicable
[2025-08-31T05:22:07.527+0000] {spark_submit.py:579} INFO - Using Spark's default log4j profile: org/apache/spark/log4j2-defaults.properties
[2025-08-31T05:22:07.531+0000] {spark_submit.py:579} INFO - 25/08/31 05:22:07 INFO SparkContext: Running Spark version 4.0.0
[2025-08-31T05:22:07.532+0000] {spark_submit.py:579} INFO - 25/08/31 05:22:07 INFO SparkContext: OS info Linux, 6.6.87.2-microsoft-standard-WSL2, amd64
[2025-08-31T05:22:07.533+0000] {spark_submit.py:579} INFO - 25/08/31 05:22:07 INFO SparkContext: Java version 17.0.15
[2025-08-31T05:22:07.553+0000] {spark_submit.py:579} INFO - 25/08/31 05:22:07 INFO ResourceUtils: ==============================================================
[2025-08-31T05:22:07.553+0000] {spark_submit.py:579} INFO - 25/08/31 05:22:07 INFO ResourceUtils: No custom resources configured for spark.driver.
[2025-08-31T05:22:07.554+0000] {spark_submit.py:579} INFO - 25/08/31 05:22:07 INFO ResourceUtils: ==============================================================
[2025-08-31T05:22:07.554+0000] {spark_submit.py:579} INFO - 25/08/31 05:22:07 INFO SparkContext: Submitted application: PythonWordCount
[2025-08-31T05:22:07.575+0000] {spark_submit.py:579} INFO - 25/08/31 05:22:07 INFO ResourceProfile: Default ResourceProfile created, executor resources: Map(memory -> name: memory, amount: 1024, script: , vendor: , offHeap -> name: offHeap, amount: 0, script: , vendor: ), task resources: Map(cpus -> name: cpus, amount: 1.0)
[2025-08-31T05:22:07.577+0000] {spark_submit.py:579} INFO - 25/08/31 05:22:07 INFO ResourceProfile: Limiting resource is cpu
[2025-08-31T05:22:07.578+0000] {spark_submit.py:579} INFO - 25/08/31 05:22:07 INFO ResourceProfileManager: Added ResourceProfile id: 0
[2025-08-31T05:22:07.614+0000] {spark_submit.py:579} INFO - 25/08/31 05:22:07 INFO SecurityManager: Changing view acls to: ***
[2025-08-31T05:22:07.614+0000] {spark_submit.py:579} INFO - 25/08/31 05:22:07 INFO SecurityManager: Changing modify acls to: ***
[2025-08-31T05:22:07.615+0000] {spark_submit.py:579} INFO - 25/08/31 05:22:07 INFO SecurityManager: Changing view acls groups to: ***
[2025-08-31T05:22:07.615+0000] {spark_submit.py:579} INFO - 25/08/31 05:22:07 INFO SecurityManager: Changing modify acls groups to: ***
[2025-08-31T05:22:07.616+0000] {spark_submit.py:579} INFO - 25/08/31 05:22:07 INFO SecurityManager: SecurityManager: authentication disabled; ui acls disabled; users with view permissions: *** groups with view permissions: EMPTY; users with modify permissions: ***; groups with modify permissions: EMPTY; RPC SSL disabled
[2025-08-31T05:22:07.820+0000] {spark_submit.py:579} INFO - 25/08/31 05:22:07 INFO Utils: Successfully started service 'sparkDriver' on port 35741.
[2025-08-31T05:22:07.844+0000] {spark_submit.py:579} INFO - 25/08/31 05:22:07 INFO SparkEnv: Registering MapOutputTracker
[2025-08-31T05:22:07.853+0000] {spark_submit.py:579} INFO - 25/08/31 05:22:07 INFO SparkEnv: Registering BlockManagerMaster
[2025-08-31T05:22:07.870+0000] {spark_submit.py:579} INFO - 25/08/31 05:22:07 INFO BlockManagerMasterEndpoint: Using org.apache.spark.storage.DefaultTopologyMapper for getting topology information
[2025-08-31T05:22:07.871+0000] {spark_submit.py:579} INFO - 25/08/31 05:22:07 INFO BlockManagerMasterEndpoint: BlockManagerMasterEndpoint up
[2025-08-31T05:22:07.874+0000] {spark_submit.py:579} INFO - 25/08/31 05:22:07 INFO SparkEnv: Registering BlockManagerMasterHeartbeat
[2025-08-31T05:22:07.894+0000] {spark_submit.py:579} INFO - 25/08/31 05:22:07 INFO DiskBlockManager: Created local directory at /tmp/blockmgr-a1eb8eee-5f62-43a9-90b9-605cc8e88e79
[2025-08-31T05:22:07.913+0000] {spark_submit.py:579} INFO - 25/08/31 05:22:07 INFO SparkEnv: Registering OutputCommitCoordinator
[2025-08-31T05:22:08.040+0000] {spark_submit.py:579} INFO - 25/08/31 05:22:08 INFO JettyUtils: Start Jetty 0.0.0.0:4040 for SparkUI
[2025-08-31T05:22:08.092+0000] {spark_submit.py:579} INFO - 25/08/31 05:22:08 INFO Utils: Successfully started service 'SparkUI' on port 4040.
[2025-08-31T05:22:08.123+0000] {spark_submit.py:579} INFO - 25/08/31 05:22:08 INFO SparkContext: Added JAR file:///opt/spark/external-jars/apache-spark-sql-connector.jar at spark://80647ef95998:35741/jars/apache-spark-sql-connector.jar with timestamp 1756617727519
[2025-08-31T05:22:08.138+0000] {spark_submit.py:579} INFO - 25/08/31 05:22:08 INFO SecurityManager: Changing view acls to: ***
[2025-08-31T05:22:08.139+0000] {spark_submit.py:579} INFO - 25/08/31 05:22:08 INFO SecurityManager: Changing modify acls to: ***
[2025-08-31T05:22:08.140+0000] {spark_submit.py:579} INFO - 25/08/31 05:22:08 INFO SecurityManager: Changing view acls groups to: ***
[2025-08-31T05:22:08.140+0000] {spark_submit.py:579} INFO - 25/08/31 05:22:08 INFO SecurityManager: Changing modify acls groups to: ***
[2025-08-31T05:22:08.141+0000] {spark_submit.py:579} INFO - 25/08/31 05:22:08 INFO SecurityManager: SecurityManager: authentication disabled; ui acls disabled; users with view permissions: *** groups with view permissions: EMPTY; users with modify permissions: ***; groups with modify permissions: EMPTY; RPC SSL disabled
[2025-08-31T05:22:08.252+0000] {spark_submit.py:579} INFO - 25/08/31 05:22:08 INFO StandaloneAppClient$ClientEndpoint: Connecting to master spark://spark-master:7077...
[2025-08-31T05:22:08.294+0000] {spark_submit.py:579} INFO - 25/08/31 05:22:08 INFO TransportClientFactory: Successfully created connection to spark-master/172.18.0.3:7077 after 21 ms (0 ms spent in bootstraps)
[2025-08-31T05:22:08.577+0000] {spark_submit.py:579} INFO - 25/08/31 05:22:08 INFO StandaloneSchedulerBackend: Connected to Spark cluster with app ID app-20250831052208-0002
[2025-08-31T05:22:08.591+0000] {spark_submit.py:579} INFO - 25/08/31 05:22:08 INFO Utils: Successfully started service 'org.apache.spark.network.netty.NettyBlockTransferService' on port 46175.
[2025-08-31T05:22:08.591+0000] {spark_submit.py:579} INFO - 25/08/31 05:22:08 INFO NettyBlockTransferService: Server created on 80647ef95998:46175
[2025-08-31T05:22:08.595+0000] {spark_submit.py:579} INFO - 25/08/31 05:22:08 INFO BlockManager: Using org.apache.spark.storage.RandomBlockReplicationPolicy for block replication policy
[2025-08-31T05:22:08.615+0000] {spark_submit.py:579} INFO - 25/08/31 05:22:08 INFO BlockManagerMaster: Registering BlockManager BlockManagerId(driver, 80647ef95998, 46175, None)
[2025-08-31T05:22:08.616+0000] {spark_submit.py:579} INFO - 25/08/31 05:22:08 INFO StandaloneAppClient$ClientEndpoint: Executor added: app-20250831052208-0002/0 on worker-20250831045946-172.18.0.5-39657 (172.18.0.5:39657) with 2 core(s)
[2025-08-31T05:22:08.623+0000] {spark_submit.py:579} INFO - 25/08/31 05:22:08 INFO StandaloneSchedulerBackend: Granted executor ID app-20250831052208-0002/0 on hostPort 172.18.0.5:39657 with 2 core(s), 1024.0 MiB RAM
[2025-08-31T05:22:08.624+0000] {spark_submit.py:579} INFO - 25/08/31 05:22:08 INFO BlockManagerMasterEndpoint: Registering block manager 80647ef95998:46175 with 434.4 MiB RAM, BlockManagerId(driver, 80647ef95998, 46175, None)
[2025-08-31T05:22:08.626+0000] {spark_submit.py:579} INFO - 25/08/31 05:22:08 INFO BlockManagerMaster: Registered BlockManager BlockManagerId(driver, 80647ef95998, 46175, None)
[2025-08-31T05:22:08.628+0000] {spark_submit.py:579} INFO - 25/08/31 05:22:08 INFO BlockManager: Initialized BlockManager: BlockManagerId(driver, 80647ef95998, 46175, None)
[2025-08-31T05:22:08.841+0000] {spark_submit.py:579} INFO - 25/08/31 05:22:08 INFO StandaloneSchedulerBackend: SchedulerBackend is ready for scheduling beginning after reached minRegisteredResourcesRatio: 0.0
[2025-08-31T05:22:10.389+0000] {spark_submit.py:579} INFO - 25/08/31 05:22:10 INFO StandaloneAppClient$ClientEndpoint: Executor updated: app-20250831052208-0002/0 is now RUNNING
[2025-08-31T05:22:13.518+0000] {spark_submit.py:579} INFO - 25/08/31 05:22:13 INFO StandaloneSchedulerBackend$StandaloneDriverEndpoint: Registered executor NettyRpcEndpointRef(spark-client://Executor) (172.18.0.5:58712) with ID 0, ResourceProfileId 0
[2025-08-31T05:22:13.651+0000] {spark_submit.py:579} INFO - 25/08/31 05:22:13 INFO BlockManagerMasterEndpoint: Registering block manager 172.18.0.5:38209 with 434.4 MiB RAM, BlockManagerId(0, 172.18.0.5, 38209, None)
[2025-08-31T05:22:14.129+0000] {spark_submit.py:579} INFO - dict_keys(['daily', 'daily960', 'live_rapid', 'live_blitz', 'live_bullet', 'live_bughouse', 'live_blitz960', 'live_threecheck', 'live_crazyhouse', 'tactics', 'rush', 'battle'])
[2025-08-31T05:22:14.482+0000] {spark_submit.py:579} INFO - 25/08/31 05:22:14 INFO SharedState: Setting hive.metastore.warehouse.dir ('null') to the value of spark.sql.warehouse.dir.
[2025-08-31T05:22:14.484+0000] {spark_submit.py:579} INFO - 25/08/31 05:22:14 INFO SharedState: Warehouse path is 'file:/opt/***/spark-warehouse'.
[2025-08-31T05:22:31.009+0000] {spark_submit.py:579} INFO - Traceback (most recent call last):
[2025-08-31T05:22:31.009+0000] {spark_submit.py:579} INFO - File "/opt/***/jobs/python/wordcountjob.py", line 202, in <module>
[2025-08-31T05:22:31.016+0000] {spark_submit.py:579} INFO - write_data(daily,"daily")
[2025-08-31T05:22:31.016+0000] {spark_submit.py:579} INFO - File "/opt/***/jobs/python/wordcountjob.py", line 198, in write_data
[2025-08-31T05:22:31.019+0000] {spark_submit.py:579} INFO - df.write.mode("overwrite").jdbc(url=jdbc_url, table=f"cs.{table}", properties=properties)
[2025-08-31T05:22:31.019+0000] {spark_submit.py:579} INFO - File "/home/***/.local/lib/python3.10/site-packages/pyspark/python/lib/pyspark.zip/pyspark/sql/readwriter.py", line 2347, in jdbc
[2025-08-31T05:22:31.021+0000] {spark_submit.py:579} INFO - File "/home/***/.local/lib/python3.10/site-packages/pyspark/python/lib/py4j-0.10.9.9-src.zip/py4j/java_gateway.py", line 1362, in __call__
[2025-08-31T05:22:31.021+0000] {spark_submit.py:579} INFO - File "/home/***/.local/lib/python3.10/site-packages/pyspark/python/lib/pyspark.zip/pyspark/errors/exceptions/captured.py", line 282, in deco
[2025-08-31T05:22:31.022+0000] {spark_submit.py:579} INFO - File "/home/***/.local/lib/python3.10/site-packages/pyspark/python/lib/py4j-0.10.9.9-src.zip/py4j/protocol.py", line 327, in get_return_value
[2025-08-31T05:22:31.067+0000] {spark_submit.py:579} INFO - py4j.protocol.Py4JJavaError: An error occurred while calling o308.jdbc.
[2025-08-31T05:22:31.068+0000] {spark_submit.py:579} INFO - : com.microsoft.sqlserver.jdbc.SQLServerException: The TCP/IP connection to the host host.docker.internal, port 1433 has failed. Error: "Connection refused. Verify the connection properties. Make sure that an instance of SQL Server is running on the host and accepting TCP/IP connections at the port. Make sure that TCP connections to the port are not blocked by a firewall.".
[2025-08-31T05:22:31.068+0000] {spark_submit.py:579} INFO - at com.microsoft.sqlserver.jdbc.SQLServerException.makeFromDriverError(SQLServerException.java:228)
[2025-08-31T05:22:31.069+0000] {spark_submit.py:579} INFO - at com.microsoft.sqlserver.jdbc.SQLServerException.ConvertConnectExceptionToSQLServerException(SQLServerException.java:279)
[2025-08-31T05:22:31.069+0000] {spark_submit.py:579} INFO - at com.microsoft.sqlserver.jdbc.SocketFinder.findSocket(IOBuffer.java:2431)
[2025-08-31T05:22:31.069+0000] {spark_submit.py:579} INFO - at com.microsoft.sqlserver.jdbc.TDSChannel.open(IOBuffer.java:656)
[2025-08-31T05:22:31.070+0000] {spark_submit.py:579} INFO - at com.microsoft.sqlserver.jdbc.SQLServerConnection.connectHelper(SQLServerConnection.java:2440)
[2025-08-31T05:22:31.070+0000] {spark_submit.py:579} INFO - at com.microsoft.sqlserver.jdbc.SQLServerConnection.login(SQLServerConnection.java:2103)
[2025-08-31T05:22:31.070+0000] {spark_submit.py:579} INFO - at com.microsoft.sqlserver.jdbc.SQLServerConnection.connectInternal(SQLServerConnection.java:1950)
[2025-08-31T05:22:31.071+0000] {spark_submit.py:579} INFO - at com.microsoft.sqlserver.jdbc.SQLServerConnection.connect(SQLServerConnection.java:1162)
[2025-08-31T05:22:31.071+0000] {spark_submit.py:579} INFO - at com.microsoft.sqlserver.jdbc.SQLServerDriver.connect(SQLServerDriver.java:735)
[2025-08-31T05:22:31.071+0000] {spark_submit.py:579} INFO - at org.apache.spark.sql.execution.datasources.jdbc.connection.BasicConnectionProvider.getConnection(BasicConnectionProvider.scala:50)
[2025-08-31T05:22:31.072+0000] {spark_submit.py:579} INFO - at org.apache.spark.sql.execution.datasources.jdbc.connection.ConnectionProviderBase.create(ConnectionProvider.scala:102)
[2025-08-31T05:22:31.072+0000] {spark_submit.py:579} INFO - at org.apache.spark.sql.jdbc.JdbcDialect.$anonfun$createConnectionFactory$1(JdbcDialects.scala:235)
[2025-08-31T05:22:31.072+0000] {spark_submit.py:579} INFO - at org.apache.spark.sql.jdbc.JdbcDialect.$anonfun$createConnectionFactory$1$adapted(JdbcDialects.scala:231)
[2025-08-31T05:22:31.073+0000] {spark_submit.py:579} INFO - at org.apache.spark.sql.execution.datasources.jdbc.JdbcRelationProvider.createRelation(JdbcRelationProvider.scala:51)
[2025-08-31T05:22:31.073+0000] {spark_submit.py:579} INFO - at org.apache.spark.sql.execution.datasources.SaveIntoDataSourceCommand.run(SaveIntoDataSourceCommand.scala:55)
[2025-08-31T05:22:31.073+0000] {spark_submit.py:579} INFO - at org.apache.spark.sql.execution.command.ExecutedCommandExec.sideEffectResult$lzycompute(commands.scala:79)
[2025-08-31T05:22:31.073+0000] {spark_submit.py:579} INFO - at org.apache.spark.sql.execution.command.ExecutedCommandExec.sideEffectResult(commands.scala:77)
[2025-08-31T05:22:31.074+0000] {spark_submit.py:579} INFO - at org.apache.spark.sql.execution.command.ExecutedCommandExec.executeCollect(commands.scala:88)
[2025-08-31T05:22:31.074+0000] {spark_submit.py:579} INFO - at org.apache.spark.sql.execution.QueryExecution.$anonfun$eagerlyExecuteCommands$2(QueryExecution.scala:155)
[2025-08-31T05:22:31.074+0000] {spark_submit.py:579} INFO - at org.apache.spark.sql.execution.SQLExecution$.$anonfun$withNewExecutionId0$8(SQLExecution.scala:162)
[2025-08-31T05:22:31.074+0000] {spark_submit.py:579} INFO - at org.apache.spark.sql.execution.SQLExecution$.withSessionTagsApplied(SQLExecution.scala:268)
[2025-08-31T05:22:31.075+0000] {spark_submit.py:579} INFO - at org.apache.spark.sql.execution.SQLExecution$.$anonfun$withNewExecutionId0$7(SQLExecution.scala:124)
[2025-08-31T05:22:31.075+0000] {spark_submit.py:579} INFO - at org.apache.spark.JobArtifactSet$.withActiveJobArtifactState(JobArtifactSet.scala:94)
[2025-08-31T05:22:31.075+0000] {spark_submit.py:579} INFO - at org.apache.spark.sql.artifact.ArtifactManager.$anonfun$withResources$1(ArtifactManager.scala:112)
[2025-08-31T05:22:31.075+0000] {spark_submit.py:579} INFO - at org.apache.spark.sql.artifact.ArtifactManager.withClassLoaderIfNeeded(ArtifactManager.scala:106)
[2025-08-31T05:22:31.076+0000] {spark_submit.py:579} INFO - at org.apache.spark.sql.artifact.ArtifactManager.withResources(ArtifactManager.scala:111)
[2025-08-31T05:22:31.076+0000] {spark_submit.py:579} INFO - at org.apache.spark.sql.execution.SQLExecution$.$anonfun$withNewExecutionId0$6(SQLExecution.scala:124)
[2025-08-31T05:22:31.076+0000] {spark_submit.py:579} INFO - at org.apache.spark.sql.execution.SQLExecution$.withSQLConfPropagated(SQLExecution.scala:291)
[2025-08-31T05:22:31.076+0000] {spark_submit.py:579} INFO - at org.apache.spark.sql.execution.SQLExecution$.$anonfun$withNewExecutionId0$1(SQLExecution.scala:123)
[2025-08-31T05:22:31.077+0000] {spark_submit.py:579} INFO - at org.apache.spark.sql.SparkSession.withActive(SparkSession.scala:804)
[2025-08-31T05:22:31.077+0000] {spark_submit.py:579} INFO - at org.apache.spark.sql.execution.SQLExecution$.withNewExecutionId0(SQLExecution.scala:77)
[2025-08-31T05:22:31.077+0000] {spark_submit.py:579} INFO - at org.apache.spark.sql.execution.SQLExecution$.withNewExecutionId(SQLExecution.scala:233)
[2025-08-31T05:22:31.077+0000] {spark_submit.py:579} INFO - at org.apache.spark.sql.execution.QueryExecution.$anonfun$eagerlyExecuteCommands$1(QueryExecution.scala:155)
[2025-08-31T05:22:31.077+0000] {spark_submit.py:579} INFO - at org.apache.spark.sql.execution.QueryExecution$.withInternalError(QueryExecution.scala:654)
[2025-08-31T05:22:31.078+0000] {spark_submit.py:579} INFO - at org.apache.spark.sql.execution.QueryExecution.org$apache$spark$sql$execution$QueryExecution$$eagerlyExecute$1(QueryExecution.scala:154)
[2025-08-31T05:22:31.078+0000] {spark_submit.py:579} INFO - at org.apache.spark.sql.execution.QueryExecution$$anonfun$eagerlyExecuteCommands$3.applyOrElse(QueryExecution.scala:169)
[2025-08-31T05:22:31.078+0000] {spark_submit.py:579} INFO - at org.apache.spark.sql.execution.QueryExecution$$anonfun$eagerlyExecuteCommands$3.applyOrElse(QueryExecution.scala:164)
[2025-08-31T05:22:31.078+0000] {spark_submit.py:579} INFO - at org.apache.spark.sql.catalyst.trees.TreeNode.$anonfun$transformDownWithPruning$1(TreeNode.scala:470)
[2025-08-31T05:22:31.078+0000] {spark_submit.py:579} INFO - at org.apache.spark.sql.catalyst.trees.CurrentOrigin$.withOrigin(origin.scala:86)
[2025-08-31T05:22:31.079+0000] {spark_submit.py:579} INFO - at org.apache.spark.sql.catalyst.trees.TreeNode.transformDownWithPruning(TreeNode.scala:470)
[2025-08-31T05:22:31.079+0000] {spark_submit.py:579} INFO - at org.apache.spark.sql.catalyst.plans.logical.LogicalPlan.org$apache$spark$sql$catalyst$plans$logical$AnalysisHelper$$super$transformDownWithPruning(LogicalPlan.scala:37)
[2025-08-31T05:22:31.079+0000] {spark_submit.py:579} INFO - at org.apache.spark.sql.catalyst.plans.logical.AnalysisHelper.transformDownWithPruning(AnalysisHelper.scala:360)
[2025-08-31T05:22:31.080+0000] {spark_submit.py:579} INFO - at org.apache.spark.sql.catalyst.plans.logical.AnalysisHelper.transformDownWithPruning$(AnalysisHelper.scala:356)
[2025-08-31T05:22:31.080+0000] {spark_submit.py:579} INFO - at org.apache.spark.sql.catalyst.plans.logical.LogicalPlan.transformDownWithPruning(LogicalPlan.scala:37)
[2025-08-31T05:22:31.080+0000] {spark_submit.py:579} INFO - at org.apache.spark.sql.catalyst.plans.logical.LogicalPlan.transformDownWithPruning(LogicalPlan.scala:37)
[2025-08-31T05:22:31.081+0000] {spark_submit.py:579} INFO - at org.apache.spark.sql.catalyst.trees.TreeNode.transformDown(TreeNode.scala:446)
[2025-08-31T05:22:31.081+0000] {spark_submit.py:579} INFO - at org.apache.spark.sql.execution.QueryExecution.eagerlyExecuteCommands(QueryExecution.scala:164)
[2025-08-31T05:22:31.081+0000] {spark_submit.py:579} INFO - at org.apache.spark.sql.execution.QueryExecution.$anonfun$lazyCommandExecuted$1(QueryExecution.scala:126)
[2025-08-31T05:22:31.081+0000] {spark_submit.py:579} INFO - at scala.util.Try$.apply(Try.scala:217)
[2025-08-31T05:22:31.082+0000] {spark_submit.py:579} INFO - at org.apache.spark.util.Utils$.doTryWithCallerStacktrace(Utils.scala:1378)
[2025-08-31T05:22:31.082+0000] {spark_submit.py:579} INFO - at org.apache.spark.util.Utils$.getTryWithCallerStacktrace(Utils.scala:1439)
[2025-08-31T05:22:31.082+0000] {spark_submit.py:579} INFO - at org.apache.spark.util.LazyTry.get(LazyTry.scala:58)
[2025-08-31T05:22:31.082+0000] {spark_submit.py:579} INFO - at org.apache.spark.sql.execution.QueryExecution.commandExecuted(QueryExecution.scala:131)
[2025-08-31T05:22:31.082+0000] {spark_submit.py:579} INFO - at org.apache.spark.sql.execution.QueryExecution.assertCommandExecuted(QueryExecution.scala:192)
[2025-08-31T05:22:31.083+0000] {spark_submit.py:579} INFO - at org.apache.spark.sql.classic.DataFrameWriter.runCommand(DataFrameWriter.scala:622)
[2025-08-31T05:22:31.083+0000] {spark_submit.py:579} INFO - at org.apache.spark.sql.classic.DataFrameWriter.saveToV1Source(DataFrameWriter.scala:273)
[2025-08-31T05:22:31.083+0000] {spark_submit.py:579} INFO - at org.apache.spark.sql.classic.DataFrameWriter.saveInternal(DataFrameWriter.scala:241)
[2025-08-31T05:22:31.083+0000] {spark_submit.py:579} INFO - at org.apache.spark.sql.classic.DataFrameWriter.save(DataFrameWriter.scala:126)
[2025-08-31T05:22:31.084+0000] {spark_submit.py:579} INFO - at org.apache.spark.sql.DataFrameWriter.jdbc(DataFrameWriter.scala:334)
[2025-08-31T05:22:31.084+0000] {spark_submit.py:579} INFO - at java.base/jdk.internal.reflect.NativeMethodAccessorImpl.invoke0(Native Method)
[2025-08-31T05:22:31.084+0000] {spark_submit.py:579} INFO - at java.base/jdk.internal.reflect.NativeMethodAccessorImpl.invoke(NativeMethodAccessorImpl.java:77)
[2025-08-31T05:22:31.084+0000] {spark_submit.py:579} INFO - at java.base/jdk.internal.reflect.DelegatingMethodAccessorImpl.invoke(DelegatingMethodAccessorImpl.java:43)
[2025-08-31T05:22:31.084+0000] {spark_submit.py:579} INFO - at java.base/java.lang.reflect.Method.invoke(Method.java:569)
[2025-08-31T05:22:31.085+0000] {spark_submit.py:579} INFO - at py4j.reflection.MethodInvoker.invoke(MethodInvoker.java:244)
[2025-08-31T05:22:31.085+0000] {spark_submit.py:579} INFO - at py4j.reflection.ReflectionEngine.invoke(ReflectionEngine.java:374)
[2025-08-31T05:22:31.085+0000] {spark_submit.py:579} INFO - at py4j.Gateway.invoke(Gateway.java:282)
[2025-08-31T05:22:31.085+0000] {spark_submit.py:579} INFO - at py4j.commands.AbstractCommand.invokeMethod(AbstractCommand.java:132)
[2025-08-31T05:22:31.085+0000] {spark_submit.py:579} INFO - at py4j.commands.CallCommand.execute(CallCommand.java:79)
[2025-08-31T05:22:31.086+0000] {spark_submit.py:579} INFO - at py4j.ClientServerConnection.waitForCommands(ClientServerConnection.java:184)
[2025-08-31T05:22:31.086+0000] {spark_submit.py:579} INFO - at py4j.ClientServerConnection.run(ClientServerConnection.java:108)
[2025-08-31T05:22:31.086+0000] {spark_submit.py:579} INFO - at java.base/java.lang.Thread.run(Thread.java:840)
[2025-08-31T05:22:31.087+0000] {spark_submit.py:579} INFO - Suppressed: org.apache.spark.util.Utils$OriginalTryStackTraceException: Full stacktrace of original doTryWithCallerStacktrace caller
[2025-08-31T05:22:31.087+0000] {spark_submit.py:579} INFO - at com.microsoft.sqlserver.jdbc.SQLServerException.makeFromDriverError(SQLServerException.java:228)
[2025-08-31T05:22:31.087+0000] {spark_submit.py:579} INFO - at com.microsoft.sqlserver.jdbc.SQLServerException.ConvertConnectExceptionToSQLServerException(SQLServerException.java:279)
[2025-08-31T05:22:31.088+0000] {spark_submit.py:579} INFO - at com.microsoft.sqlserver.jdbc.SocketFinder.findSocket(IOBuffer.java:2431)
[2025-08-31T05:22:31.088+0000] {spark_submit.py:579} INFO - at com.microsoft.sqlserver.jdbc.TDSChannel.open(IOBuffer.java:656)
[2025-08-31T05:22:31.088+0000] {spark_submit.py:579} INFO - at com.microsoft.sqlserver.jdbc.SQLServerConnection.connectHelper(SQLServerConnection.java:2440)
[2025-08-31T05:22:31.089+0000] {spark_submit.py:579} INFO - at com.microsoft.sqlserver.jdbc.SQLServerConnection.login(SQLServerConnection.java:2103)
[2025-08-31T05:22:31.089+0000] {spark_submit.py:579} INFO - at com.microsoft.sqlserver.jdbc.SQLServerConnection.connectInternal(SQLServerConnection.java:1950)
[2025-08-31T05:22:31.089+0000] {spark_submit.py:579} INFO - at com.microsoft.sqlserver.jdbc.SQLServerConnection.connect(SQLServerConnection.java:1162)
[2025-08-31T05:22:31.090+0000] {spark_submit.py:579} INFO - at com.microsoft.sqlserver.jdbc.SQLServerDriver.connect(SQLServerDriver.java:735)
[2025-08-31T05:22:31.090+0000] {spark_submit.py:579} INFO - at org.apache.spark.sql.execution.datasources.jdbc.connection.BasicConnectionProvider.getConnection(BasicConnectionProvider.scala:50)
[2025-08-31T05:22:31.090+0000] {spark_submit.py:579} INFO - at org.apache.spark.sql.execution.datasources.jdbc.connection.ConnectionProviderBase.create(ConnectionProvider.scala:102)
[2025-08-31T05:22:31.091+0000] {spark_submit.py:579} INFO - at org.apache.spark.sql.jdbc.JdbcDialect.$anonfun$createConnectionFactory$1(JdbcDialects.scala:235)
[2025-08-31T05:22:31.091+0000] {spark_submit.py:579} INFO - at org.apache.spark.sql.jdbc.JdbcDialect.$anonfun$createConnectionFactory$1$adapted(JdbcDialects.scala:231)
[2025-08-31T05:22:31.091+0000] {spark_submit.py:579} INFO - at org.apache.spark.sql.execution.datasources.jdbc.JdbcRelationProvider.createRelation(JdbcRelationProvider.scala:51)
[2025-08-31T05:22:31.091+0000] {spark_submit.py:579} INFO - at org.apache.spark.sql.execution.datasources.SaveIntoDataSourceCommand.run(SaveIntoDataSourceCommand.scala:55)
[2025-08-31T05:22:31.092+0000] {spark_submit.py:579} INFO - at org.apache.spark.sql.execution.command.ExecutedCommandExec.sideEffectResult$lzycompute(commands.scala:79)
[2025-08-31T05:22:31.092+0000] {spark_submit.py:579} INFO - at org.apache.spark.sql.execution.command.ExecutedCommandExec.sideEffectResult(commands.scala:77)
[2025-08-31T05:22:31.092+0000] {spark_submit.py:579} INFO - at org.apache.spark.sql.execution.command.ExecutedCommandExec.executeCollect(commands.scala:88)
[2025-08-31T05:22:31.093+0000] {spark_submit.py:579} INFO - at org.apache.spark.sql.execution.QueryExecution.$anonfun$eagerlyExecuteCommands$2(QueryExecution.scala:155)
[2025-08-31T05:22:31.093+0000] {spark_submit.py:579} INFO - at org.apache.spark.sql.execution.SQLExecution$.$anonfun$withNewExecutionId0$8(SQLExecution.scala:162)
[2025-08-31T05:22:31.093+0000] {spark_submit.py:579} INFO - at org.apache.spark.sql.execution.SQLExecution$.withSessionTagsApplied(SQLExecution.scala:268)
[2025-08-31T05:22:31.094+0000] {spark_submit.py:579} INFO - at org.apache.spark.sql.execution.SQLExecution$.$anonfun$withNewExecutionId0$7(SQLExecution.scala:124)
[2025-08-31T05:22:31.094+0000] {spark_submit.py:579} INFO - at org.apache.spark.JobArtifactSet$.withActiveJobArtifactState(JobArtifactSet.scala:94)
[2025-08-31T05:22:31.094+0000] {spark_submit.py:579} INFO - at org.apache.spark.sql.artifact.ArtifactManager.$anonfun$withResources$1(ArtifactManager.scala:112)
[2025-08-31T05:22:31.094+0000] {spark_submit.py:579} INFO - at org.apache.spark.sql.artifact.ArtifactManager.withClassLoaderIfNeeded(ArtifactManager.scala:106)
[2025-08-31T05:22:31.094+0000] {spark_submit.py:579} INFO - at org.apache.spark.sql.artifact.ArtifactManager.withResources(ArtifactManager.scala:111)
[2025-08-31T05:22:31.095+0000] {spark_submit.py:579} INFO - at org.apache.spark.sql.execution.SQLExecution$.$anonfun$withNewExecutionId0$6(SQLExecution.scala:124)
[2025-08-31T05:22:31.095+0000] {spark_submit.py:579} INFO - at org.apache.spark.sql.execution.SQLExecution$.withSQLConfPropagated(SQLExecution.scala:291)
[2025-08-31T05:22:31.095+0000] {spark_submit.py:579} INFO - at org.apache.spark.sql.execution.SQLExecution$.$anonfun$withNewExecutionId0$1(SQLExecution.scala:123)
[2025-08-31T05:22:31.095+0000] {spark_submit.py:579} INFO - at org.apache.spark.sql.SparkSession.withActive(SparkSession.scala:804)
[2025-08-31T05:22:31.095+0000] {spark_submit.py:579} INFO - at org.apache.spark.sql.execution.SQLExecution$.withNewExecutionId0(SQLExecution.scala:77)
[2025-08-31T05:22:31.096+0000] {spark_submit.py:579} INFO - at org.apache.spark.sql.execution.SQLExecution$.withNewExecutionId(SQLExecution.scala:233)
[2025-08-31T05:22:31.096+0000] {spark_submit.py:579} INFO - at org.apache.spark.sql.execution.QueryExecution.$anonfun$eagerlyExecuteCommands$1(QueryExecution.scala:155)
[2025-08-31T05:22:31.096+0000] {spark_submit.py:579} INFO - at org.apache.spark.sql.execution.QueryExecution$.withInternalError(QueryExecution.scala:654)
[2025-08-31T05:22:31.096+0000] {spark_submit.py:579} INFO - at org.apache.spark.sql.execution.QueryExecution.org$apache$spark$sql$execution$QueryExecution$$eagerlyExecute$1(QueryExecution.scala:154)
[2025-08-31T05:22:31.096+0000] {spark_submit.py:579} INFO - at org.apache.spark.sql.execution.QueryExecution$$anonfun$eagerlyExecuteCommands$3.applyOrElse(QueryExecution.scala:169)
[2025-08-31T05:22:31.097+0000] {spark_submit.py:579} INFO - at org.apache.spark.sql.execution.QueryExecution$$anonfun$eagerlyExecuteCommands$3.applyOrElse(QueryExecution.scala:164)
[2025-08-31T05:22:31.097+0000] {spark_submit.py:579} INFO - at org.apache.spark.sql.catalyst.trees.TreeNode.$anonfun$transformDownWithPruning$1(TreeNode.scala:470)
[2025-08-31T05:22:31.097+0000] {spark_submit.py:579} INFO - at org.apache.spark.sql.catalyst.trees.CurrentOrigin$.withOrigin(origin.scala:86)
[2025-08-31T05:22:31.097+0000] {spark_submit.py:579} INFO - at org.apache.spark.sql.catalyst.trees.TreeNode.transformDownWithPruning(TreeNode.scala:470)
[2025-08-31T05:22:31.098+0000] {spark_submit.py:579} INFO - at org.apache.spark.sql.catalyst.plans.logical.LogicalPlan.org$apache$spark$sql$catalyst$plans$logical$AnalysisHelper$$super$transformDownWithPruning(LogicalPlan.scala:37)
[2025-08-31T05:22:31.098+0000] {spark_submit.py:579} INFO - at org.apache.spark.sql.catalyst.plans.logical.AnalysisHelper.transformDownWithPruning(AnalysisHelper.scala:360)
[2025-08-31T05:22:31.098+0000] {spark_submit.py:579} INFO - at org.apache.spark.sql.catalyst.plans.logical.AnalysisHelper.transformDownWithPruning$(AnalysisHelper.scala:356)
[2025-08-31T05:22:31.098+0000] {spark_submit.py:579} INFO - at org.apache.spark.sql.catalyst.plans.logical.LogicalPlan.transformDownWithPruning(LogicalPlan.scala:37)
[2025-08-31T05:22:31.099+0000] {spark_submit.py:579} INFO - at org.apache.spark.sql.catalyst.plans.logical.LogicalPlan.transformDownWithPruning(LogicalPlan.scala:37)
[2025-08-31T05:22:31.099+0000] {spark_submit.py:579} INFO - at org.apache.spark.sql.catalyst.trees.TreeNode.transformDown(TreeNode.scala:446)
[2025-08-31T05:22:31.099+0000] {spark_submit.py:579} INFO - at org.apache.spark.sql.execution.QueryExecution.eagerlyExecuteCommands(QueryExecution.scala:164)
[2025-08-31T05:22:31.099+0000] {spark_submit.py:579} INFO - at org.apache.spark.sql.execution.QueryExecution.$anonfun$lazyCommandExecuted$1(QueryExecution.scala:126)
[2025-08-31T05:22:31.099+0000] {spark_submit.py:579} INFO - at scala.util.Try$.apply(Try.scala:217)
[2025-08-31T05:22:31.100+0000] {spark_submit.py:579} INFO - at org.apache.spark.util.Utils$.doTryWithCallerStacktrace(Utils.scala:1378)
[2025-08-31T05:22:31.100+0000] {spark_submit.py:579} INFO - at org.apache.spark.util.LazyTry.tryT$lzycompute(LazyTry.scala:46)
[2025-08-31T05:22:31.100+0000] {spark_submit.py:579} INFO - at org.apache.spark.util.LazyTry.tryT(LazyTry.scala:46)
[2025-08-31T05:22:31.101+0000] {spark_submit.py:579} INFO - ... 20 more
[2025-08-31T05:22:31.101+0000] {spark_submit.py:579} INFO - 
[2025-08-31T05:22:31.199+0000] {spark_submit.py:579} INFO - 25/08/31 05:22:31 INFO SparkContext: Invoking stop() from shutdown hook
[2025-08-31T05:22:31.201+0000] {spark_submit.py:579} INFO - 25/08/31 05:22:31 INFO SparkContext: SparkContext is stopping with exitCode 0 from run at Executors.java:539.
[2025-08-31T05:22:31.211+0000] {spark_submit.py:579} INFO - 25/08/31 05:22:31 INFO SparkUI: Stopped Spark web UI at http://80647ef95998:4040
[2025-08-31T05:22:31.214+0000] {spark_submit.py:579} INFO - 25/08/31 05:22:31 INFO StandaloneSchedulerBackend: Shutting down all executors
[2025-08-31T05:22:31.214+0000] {spark_submit.py:579} INFO - 25/08/31 05:22:31 INFO StandaloneSchedulerBackend$StandaloneDriverEndpoint: Asking each executor to shut down
[2025-08-31T05:22:31.231+0000] {spark_submit.py:579} INFO - 25/08/31 05:22:31 INFO MapOutputTrackerMasterEndpoint: MapOutputTrackerMasterEndpoint stopped!
[2025-08-31T05:22:31.261+0000] {spark_submit.py:579} INFO - 25/08/31 05:22:31 INFO MemoryStore: MemoryStore started with capacity 434.4 MiB
[2025-08-31T05:22:31.262+0000] {spark_submit.py:579} INFO - 25/08/31 05:22:31 INFO MemoryStore: MemoryStore cleared
[2025-08-31T05:22:31.262+0000] {spark_submit.py:579} INFO - 25/08/31 05:22:31 INFO BlockManager: BlockManager stopped
[2025-08-31T05:22:31.268+0000] {spark_submit.py:579} INFO - 25/08/31 05:22:31 INFO BlockManagerMaster: BlockManagerMaster stopped
[2025-08-31T05:22:31.272+0000] {spark_submit.py:579} INFO - 25/08/31 05:22:31 INFO OutputCommitCoordinator$OutputCommitCoordinatorEndpoint: OutputCommitCoordinator stopped!
[2025-08-31T05:22:31.299+0000] {spark_submit.py:579} INFO - 25/08/31 05:22:31 INFO SparkContext: Successfully stopped SparkContext
[2025-08-31T05:22:31.299+0000] {spark_submit.py:579} INFO - 25/08/31 05:22:31 INFO ShutdownHookManager: Shutdown hook called
[2025-08-31T05:22:31.300+0000] {spark_submit.py:579} INFO - 25/08/31 05:22:31 INFO ShutdownHookManager: Deleting directory /tmp/spark-d659d975-a7de-4cb4-8716-8da22ecb33ad/pyspark-49ee12ff-3fb0-41ca-b4fc-f30ea8c4cec7
[2025-08-31T05:22:31.311+0000] {spark_submit.py:579} INFO - 25/08/31 05:22:31 INFO ShutdownHookManager: Deleting directory /tmp/spark-d659d975-a7de-4cb4-8716-8da22ecb33ad
[2025-08-31T05:22:31.325+0000] {spark_submit.py:579} INFO - 25/08/31 05:22:31 INFO ShutdownHookManager: Deleting directory /tmp/spark-4a6251aa-f935-44de-a641-fc2d2226032b
[2025-08-31T05:22:31.341+0000] {spark_submit.py:579} INFO - 25/08/31 05:22:31 INFO ShutdownHookManager: Deleting directory /opt/***/artifacts/spark-6c54b663-cf5e-4d1d-a821-334578cd0ddc
[2025-08-31T05:22:31.417+0000] {taskinstance.py:1935} ERROR - Task failed with exception
Traceback (most recent call last):
  File "/home/airflow/.local/lib/python3.10/site-packages/airflow/providers/apache/spark/operators/spark_submit.py", line 174, in execute
    self._hook.submit(self.application)
  File "/home/airflow/.local/lib/python3.10/site-packages/airflow/providers/apache/spark/hooks/spark_submit.py", line 505, in submit
    raise AirflowException(
airflow.exceptions.AirflowException: Cannot execute: spark-submit --master spark://spark-master:7077 --jars /opt/spark/external-jars/apache-spark-sql-connector.jar --name arrow-spark --deploy-mode client jobs/python/wordcountjob.py. Error code is: 1.
[2025-08-31T05:22:31.428+0000] {taskinstance.py:1398} INFO - Marking task as FAILED. dag_id=sparking_flow, task_id=python_job, execution_date=20250831T052159, start_date=20250831T052203, end_date=20250831T052231
[2025-08-31T05:22:31.449+0000] {standard_task_runner.py:104} ERROR - Failed to execute job 37 for task python_job (Cannot execute: spark-submit --master spark://spark-master:7077 --jars /opt/spark/external-jars/apache-spark-sql-connector.jar --name arrow-spark --deploy-mode client jobs/python/wordcountjob.py. Error code is: 1.; 1579)
[2025-08-31T05:22:31.459+0000] {local_task_job_runner.py:228} INFO - Task exited with return code 1
[2025-08-31T05:22:31.488+0000] {taskinstance.py:2776} INFO - 0 downstream tasks scheduled from follow-on schedule check
