[2025-09-12T15:56:44.280+0000] {taskinstance.py:1157} INFO - Dependencies all met for dep_context=non-requeueable deps ti=<TaskInstance: sparking_flow.python_job manual__2025-09-12T15:56:39.825212+00:00 [queued]>
[2025-09-12T15:56:44.288+0000] {taskinstance.py:1157} INFO - Dependencies all met for dep_context=requeueable deps ti=<TaskInstance: sparking_flow.python_job manual__2025-09-12T15:56:39.825212+00:00 [queued]>
[2025-09-12T15:56:44.289+0000] {taskinstance.py:1359} INFO - Starting attempt 1 of 1
[2025-09-12T15:56:44.301+0000] {taskinstance.py:1380} INFO - Executing <Task(SparkSubmitOperator): python_job> on 2025-09-12 15:56:39.825212+00:00
[2025-09-12T15:56:44.305+0000] {standard_task_runner.py:57} INFO - Started process 1539 to run task
[2025-09-12T15:56:44.308+0000] {standard_task_runner.py:84} INFO - Running: ['***', 'tasks', 'run', 'sparking_flow', 'python_job', 'manual__2025-09-12T15:56:39.825212+00:00', '--job-id', '17', '--raw', '--subdir', 'DAGS_FOLDER/spark_***.py', '--cfg-path', '/tmp/tmp5fbv45tv']
[2025-09-12T15:56:44.311+0000] {standard_task_runner.py:85} INFO - Job 17: Subtask python_job
[2025-09-12T15:56:44.373+0000] {task_command.py:415} INFO - Running <TaskInstance: sparking_flow.python_job manual__2025-09-12T15:56:39.825212+00:00 [running]> on host 54b9d34f669e
[2025-09-12T15:56:44.452+0000] {taskinstance.py:1660} INFO - Exporting env vars: AIRFLOW_CTX_DAG_OWNER='Kudzaishe Manyanya' AIRFLOW_CTX_DAG_ID='sparking_flow' AIRFLOW_CTX_TASK_ID='python_job' AIRFLOW_CTX_EXECUTION_DATE='2025-09-12T15:56:39.825212+00:00' AIRFLOW_CTX_TRY_NUMBER='1' AIRFLOW_CTX_DAG_RUN_ID='manual__2025-09-12T15:56:39.825212+00:00'
[2025-09-12T15:56:44.463+0000] {base.py:73} INFO - Using connection ID 'spark-conn' for task execution.
[2025-09-12T15:56:44.464+0000] {spark_submit.py:403} INFO - Spark-Submit cmd: spark-submit --master spark://spark-master:7077 --jars /opt/spark/external-jars/apache-spark-sql-connector.jar --name arrow-spark --deploy-mode client jobs/python/wordcountjob.py
[2025-09-12T15:56:45.148+0000] {spark_submit.py:579} INFO - WARNING: Using incubator modules: jdk.incubator.vector
[2025-09-12T15:56:46.741+0000] {spark_submit.py:579} INFO - 25/09/12 15:56:46 WARN NativeCodeLoader: Unable to load native-hadoop library for your platform... using builtin-java classes where applicable
[2025-09-12T15:56:48.867+0000] {spark_submit.py:579} INFO - Using Spark's default log4j profile: org/apache/spark/log4j2-defaults.properties
[2025-09-12T15:56:48.872+0000] {spark_submit.py:579} INFO - 25/09/12 15:56:48 INFO SparkContext: Running Spark version 4.0.0
[2025-09-12T15:56:48.873+0000] {spark_submit.py:579} INFO - 25/09/12 15:56:48 INFO SparkContext: OS info Linux, 6.6.87.2-microsoft-standard-WSL2, amd64
[2025-09-12T15:56:48.874+0000] {spark_submit.py:579} INFO - 25/09/12 15:56:48 INFO SparkContext: Java version 17.0.15
[2025-09-12T15:56:48.893+0000] {spark_submit.py:579} INFO - 25/09/12 15:56:48 INFO ResourceUtils: ==============================================================
[2025-09-12T15:56:48.894+0000] {spark_submit.py:579} INFO - 25/09/12 15:56:48 INFO ResourceUtils: No custom resources configured for spark.driver.
[2025-09-12T15:56:48.894+0000] {spark_submit.py:579} INFO - 25/09/12 15:56:48 INFO ResourceUtils: ==============================================================
[2025-09-12T15:56:48.895+0000] {spark_submit.py:579} INFO - 25/09/12 15:56:48 INFO SparkContext: Submitted application: PythonWordCount
[2025-09-12T15:56:48.917+0000] {spark_submit.py:579} INFO - 25/09/12 15:56:48 INFO ResourceProfile: Default ResourceProfile created, executor resources: Map(memory -> name: memory, amount: 1024, script: , vendor: , offHeap -> name: offHeap, amount: 0, script: , vendor: ), task resources: Map(cpus -> name: cpus, amount: 1.0)
[2025-09-12T15:56:48.920+0000] {spark_submit.py:579} INFO - 25/09/12 15:56:48 INFO ResourceProfile: Limiting resource is cpu
[2025-09-12T15:56:48.921+0000] {spark_submit.py:579} INFO - 25/09/12 15:56:48 INFO ResourceProfileManager: Added ResourceProfile id: 0
[2025-09-12T15:56:48.959+0000] {spark_submit.py:579} INFO - 25/09/12 15:56:48 INFO SecurityManager: Changing view acls to: ***
[2025-09-12T15:56:48.959+0000] {spark_submit.py:579} INFO - 25/09/12 15:56:48 INFO SecurityManager: Changing modify acls to: ***
[2025-09-12T15:56:48.960+0000] {spark_submit.py:579} INFO - 25/09/12 15:56:48 INFO SecurityManager: Changing view acls groups to: ***
[2025-09-12T15:56:48.960+0000] {spark_submit.py:579} INFO - 25/09/12 15:56:48 INFO SecurityManager: Changing modify acls groups to: ***
[2025-09-12T15:56:48.962+0000] {spark_submit.py:579} INFO - 25/09/12 15:56:48 INFO SecurityManager: SecurityManager: authentication disabled; ui acls disabled; users with view permissions: *** groups with view permissions: EMPTY; users with modify permissions: ***; groups with modify permissions: EMPTY; RPC SSL disabled
[2025-09-12T15:56:49.166+0000] {spark_submit.py:579} INFO - 25/09/12 15:56:49 INFO Utils: Successfully started service 'sparkDriver' on port 35895.
[2025-09-12T15:56:49.191+0000] {spark_submit.py:579} INFO - 25/09/12 15:56:49 INFO SparkEnv: Registering MapOutputTracker
[2025-09-12T15:56:49.201+0000] {spark_submit.py:579} INFO - 25/09/12 15:56:49 INFO SparkEnv: Registering BlockManagerMaster
[2025-09-12T15:56:49.217+0000] {spark_submit.py:579} INFO - 25/09/12 15:56:49 INFO BlockManagerMasterEndpoint: Using org.apache.spark.storage.DefaultTopologyMapper for getting topology information
[2025-09-12T15:56:49.217+0000] {spark_submit.py:579} INFO - 25/09/12 15:56:49 INFO BlockManagerMasterEndpoint: BlockManagerMasterEndpoint up
[2025-09-12T15:56:49.220+0000] {spark_submit.py:579} INFO - 25/09/12 15:56:49 INFO SparkEnv: Registering BlockManagerMasterHeartbeat
[2025-09-12T15:56:49.242+0000] {spark_submit.py:579} INFO - 25/09/12 15:56:49 INFO DiskBlockManager: Created local directory at /tmp/blockmgr-179c7501-904d-46fb-b071-43024f3987df
[2025-09-12T15:56:49.263+0000] {spark_submit.py:579} INFO - 25/09/12 15:56:49 INFO SparkEnv: Registering OutputCommitCoordinator
[2025-09-12T15:56:49.378+0000] {spark_submit.py:579} INFO - 25/09/12 15:56:49 INFO JettyUtils: Start Jetty 0.0.0.0:4040 for SparkUI
[2025-09-12T15:56:49.433+0000] {spark_submit.py:579} INFO - 25/09/12 15:56:49 INFO Utils: Successfully started service 'SparkUI' on port 4040.
[2025-09-12T15:56:49.466+0000] {spark_submit.py:579} INFO - 25/09/12 15:56:49 INFO SparkContext: Added JAR file:///opt/spark/external-jars/apache-spark-sql-connector.jar at spark://54b9d34f669e:35895/jars/apache-spark-sql-connector.jar with timestamp 1757692608860
[2025-09-12T15:56:49.482+0000] {spark_submit.py:579} INFO - 25/09/12 15:56:49 INFO SecurityManager: Changing view acls to: ***
[2025-09-12T15:56:49.482+0000] {spark_submit.py:579} INFO - 25/09/12 15:56:49 INFO SecurityManager: Changing modify acls to: ***
[2025-09-12T15:56:49.483+0000] {spark_submit.py:579} INFO - 25/09/12 15:56:49 INFO SecurityManager: Changing view acls groups to: ***
[2025-09-12T15:56:49.484+0000] {spark_submit.py:579} INFO - 25/09/12 15:56:49 INFO SecurityManager: Changing modify acls groups to: ***
[2025-09-12T15:56:49.484+0000] {spark_submit.py:579} INFO - 25/09/12 15:56:49 INFO SecurityManager: SecurityManager: authentication disabled; ui acls disabled; users with view permissions: *** groups with view permissions: EMPTY; users with modify permissions: ***; groups with modify permissions: EMPTY; RPC SSL disabled
[2025-09-12T15:56:49.601+0000] {spark_submit.py:579} INFO - 25/09/12 15:56:49 INFO StandaloneAppClient$ClientEndpoint: Connecting to master spark://spark-master:7077...
[2025-09-12T15:56:53.367+0000] {spark_submit.py:579} INFO - 25/09/12 15:56:53 WARN TransportClientFactory: DNS resolution failed for spark-master/<unresolved>:7077 took 3746 ms
[2025-09-12T15:56:53.388+0000] {spark_submit.py:579} INFO - 25/09/12 15:56:53 WARN StandaloneAppClient$ClientEndpoint: Failed to connect to master spark-master:7077
[2025-09-12T15:56:53.389+0000] {spark_submit.py:579} INFO - org.apache.spark.SparkException: Exception thrown in awaitResult:
[2025-09-12T15:56:53.389+0000] {spark_submit.py:579} INFO - at org.apache.spark.util.SparkThreadUtils$.awaitResult(SparkThreadUtils.scala:53)
[2025-09-12T15:56:53.390+0000] {spark_submit.py:579} INFO - at org.apache.spark.util.ThreadUtils$.awaitResult(ThreadUtils.scala:342)
[2025-09-12T15:56:53.390+0000] {spark_submit.py:579} INFO - at org.apache.spark.rpc.RpcTimeout.awaitResult(RpcTimeout.scala:75)
[2025-09-12T15:56:53.391+0000] {spark_submit.py:579} INFO - at org.apache.spark.rpc.RpcEnv.setupEndpointRefByURI(RpcEnv.scala:102)
[2025-09-12T15:56:53.391+0000] {spark_submit.py:579} INFO - at org.apache.spark.rpc.RpcEnv.setupEndpointRef(RpcEnv.scala:110)
[2025-09-12T15:56:53.391+0000] {spark_submit.py:579} INFO - at org.apache.spark.deploy.client.StandaloneAppClient$ClientEndpoint$$anon$1.run(StandaloneAppClient.scala:110)
[2025-09-12T15:56:53.392+0000] {spark_submit.py:579} INFO - at java.base/java.util.concurrent.Executors$RunnableAdapter.call(Executors.java:539)
[2025-09-12T15:56:53.392+0000] {spark_submit.py:579} INFO - at java.base/java.util.concurrent.FutureTask.run(FutureTask.java:264)
[2025-09-12T15:56:53.392+0000] {spark_submit.py:579} INFO - at java.base/java.util.concurrent.ThreadPoolExecutor.runWorker(ThreadPoolExecutor.java:1136)
[2025-09-12T15:56:53.393+0000] {spark_submit.py:579} INFO - at java.base/java.util.concurrent.ThreadPoolExecutor$Worker.run(ThreadPoolExecutor.java:635)
[2025-09-12T15:56:53.393+0000] {spark_submit.py:579} INFO - at java.base/java.lang.Thread.run(Thread.java:840)
[2025-09-12T15:56:53.394+0000] {spark_submit.py:579} INFO - Caused by: java.io.IOException: Failed to connect to spark-master/<unresolved>:7077
[2025-09-12T15:56:53.394+0000] {spark_submit.py:579} INFO - at org.apache.spark.network.client.TransportClientFactory.createClient(TransportClientFactory.java:305)
[2025-09-12T15:56:53.394+0000] {spark_submit.py:579} INFO - at org.apache.spark.network.client.TransportClientFactory.createClient(TransportClientFactory.java:225)
[2025-09-12T15:56:53.395+0000] {spark_submit.py:579} INFO - at org.apache.spark.network.client.TransportClientFactory.createClient(TransportClientFactory.java:237)
[2025-09-12T15:56:53.395+0000] {spark_submit.py:579} INFO - at org.apache.spark.rpc.netty.NettyRpcEnv.createClient(NettyRpcEnv.scala:207)
[2025-09-12T15:56:53.395+0000] {spark_submit.py:579} INFO - at org.apache.spark.rpc.netty.Outbox$$anon$1.call(Outbox.scala:202)
[2025-09-12T15:56:53.395+0000] {spark_submit.py:579} INFO - at org.apache.spark.rpc.netty.Outbox$$anon$1.call(Outbox.scala:198)
[2025-09-12T15:56:53.396+0000] {spark_submit.py:579} INFO - ... 4 more
[2025-09-12T15:56:53.396+0000] {spark_submit.py:579} INFO - Caused by: java.net.UnknownHostException: spark-master
[2025-09-12T15:56:53.396+0000] {spark_submit.py:579} INFO - at java.base/java.net.InetAddress$CachedAddresses.get(InetAddress.java:801)
[2025-09-12T15:56:53.397+0000] {spark_submit.py:579} INFO - at java.base/java.net.InetAddress.getAllByName0(InetAddress.java:1533)
[2025-09-12T15:56:53.397+0000] {spark_submit.py:579} INFO - at java.base/java.net.InetAddress.getAllByName(InetAddress.java:1385)
[2025-09-12T15:56:53.397+0000] {spark_submit.py:579} INFO - at java.base/java.net.InetAddress.getAllByName(InetAddress.java:1306)
[2025-09-12T15:56:53.398+0000] {spark_submit.py:579} INFO - at java.base/java.net.InetAddress.getByName(InetAddress.java:1256)
[2025-09-12T15:56:53.398+0000] {spark_submit.py:579} INFO - at io.netty.util.internal.SocketUtils$8.run(SocketUtils.java:156)
[2025-09-12T15:56:53.398+0000] {spark_submit.py:579} INFO - at io.netty.util.internal.SocketUtils$8.run(SocketUtils.java:153)
[2025-09-12T15:56:53.398+0000] {spark_submit.py:579} INFO - at java.base/java.security.AccessController.doPrivileged(AccessController.java:569)
[2025-09-12T15:56:53.399+0000] {spark_submit.py:579} INFO - at io.netty.util.internal.SocketUtils.addressByName(SocketUtils.java:153)
[2025-09-12T15:56:53.399+0000] {spark_submit.py:579} INFO - at io.netty.resolver.DefaultNameResolver.doResolve(DefaultNameResolver.java:41)
[2025-09-12T15:56:53.399+0000] {spark_submit.py:579} INFO - at io.netty.resolver.SimpleNameResolver.resolve(SimpleNameResolver.java:61)
[2025-09-12T15:56:53.400+0000] {spark_submit.py:579} INFO - at io.netty.resolver.SimpleNameResolver.resolve(SimpleNameResolver.java:53)
[2025-09-12T15:56:53.400+0000] {spark_submit.py:579} INFO - at io.netty.resolver.InetSocketAddressResolver.doResolve(InetSocketAddressResolver.java:55)
[2025-09-12T15:56:53.400+0000] {spark_submit.py:579} INFO - at io.netty.resolver.InetSocketAddressResolver.doResolve(InetSocketAddressResolver.java:31)
[2025-09-12T15:56:53.401+0000] {spark_submit.py:579} INFO - at io.netty.resolver.AbstractAddressResolver.resolve(AbstractAddressResolver.java:106)
[2025-09-12T15:56:53.401+0000] {spark_submit.py:579} INFO - at io.netty.bootstrap.Bootstrap.doResolveAndConnect0(Bootstrap.java:220)
[2025-09-12T15:56:53.401+0000] {spark_submit.py:579} INFO - at io.netty.bootstrap.Bootstrap.access$000(Bootstrap.java:47)
[2025-09-12T15:56:53.402+0000] {spark_submit.py:579} INFO - at io.netty.bootstrap.Bootstrap$1.operationComplete(Bootstrap.java:189)
[2025-09-12T15:56:53.402+0000] {spark_submit.py:579} INFO - at io.netty.bootstrap.Bootstrap$1.operationComplete(Bootstrap.java:175)
[2025-09-12T15:56:53.402+0000] {spark_submit.py:579} INFO - at io.netty.util.concurrent.DefaultPromise.notifyListener0(DefaultPromise.java:590)
[2025-09-12T15:56:53.402+0000] {spark_submit.py:579} INFO - at io.netty.util.concurrent.DefaultPromise.notifyListenersNow(DefaultPromise.java:557)
[2025-09-12T15:56:53.403+0000] {spark_submit.py:579} INFO - at io.netty.util.concurrent.DefaultPromise.notifyListeners(DefaultPromise.java:492)
[2025-09-12T15:56:53.403+0000] {spark_submit.py:579} INFO - at io.netty.util.concurrent.DefaultPromise.setValue0(DefaultPromise.java:636)
[2025-09-12T15:56:53.403+0000] {spark_submit.py:579} INFO - at io.netty.util.concurrent.DefaultPromise.setSuccess0(DefaultPromise.java:625)
[2025-09-12T15:56:53.403+0000] {spark_submit.py:579} INFO - at io.netty.util.concurrent.DefaultPromise.trySuccess(DefaultPromise.java:105)
[2025-09-12T15:56:53.404+0000] {spark_submit.py:579} INFO - at io.netty.channel.DefaultChannelPromise.trySuccess(DefaultChannelPromise.java:84)
[2025-09-12T15:56:53.404+0000] {spark_submit.py:579} INFO - at io.netty.channel.AbstractChannel$AbstractUnsafe.safeSetSuccess(AbstractChannel.java:988)
[2025-09-12T15:56:53.404+0000] {spark_submit.py:579} INFO - at io.netty.channel.AbstractChannel$AbstractUnsafe.register0(AbstractChannel.java:515)
[2025-09-12T15:56:53.404+0000] {spark_submit.py:579} INFO - at io.netty.channel.AbstractChannel$AbstractUnsafe.access$200(AbstractChannel.java:428)
[2025-09-12T15:56:53.405+0000] {spark_submit.py:579} INFO - at io.netty.channel.AbstractChannel$AbstractUnsafe$1.run(AbstractChannel.java:485)
[2025-09-12T15:56:53.405+0000] {spark_submit.py:579} INFO - at io.netty.util.concurrent.AbstractEventExecutor.runTask(AbstractEventExecutor.java:173)
[2025-09-12T15:56:53.405+0000] {spark_submit.py:579} INFO - at io.netty.util.concurrent.AbstractEventExecutor.safeExecute(AbstractEventExecutor.java:166)
[2025-09-12T15:56:53.405+0000] {spark_submit.py:579} INFO - at io.netty.util.concurrent.SingleThreadEventExecutor.runAllTasks(SingleThreadEventExecutor.java:472)
[2025-09-12T15:56:53.405+0000] {spark_submit.py:579} INFO - at io.netty.channel.nio.NioEventLoop.run(NioEventLoop.java:569)
[2025-09-12T15:56:53.406+0000] {spark_submit.py:579} INFO - at io.netty.util.concurrent.SingleThreadEventExecutor$4.run(SingleThreadEventExecutor.java:998)
[2025-09-12T15:56:53.406+0000] {spark_submit.py:579} INFO - at io.netty.util.internal.ThreadExecutorMap$2.run(ThreadExecutorMap.java:74)
[2025-09-12T15:56:53.406+0000] {spark_submit.py:579} INFO - at io.netty.util.concurrent.FastThreadLocalRunnable.run(FastThreadLocalRunnable.java:30)
[2025-09-12T15:56:53.406+0000] {spark_submit.py:579} INFO - ... 1 more
[2025-09-12T15:57:09.600+0000] {spark_submit.py:579} INFO - 25/09/12 15:57:09 INFO StandaloneAppClient$ClientEndpoint: Connecting to master spark://spark-master:7077...
[2025-09-12T15:57:13.304+0000] {spark_submit.py:579} INFO - 25/09/12 15:57:13 WARN TransportClientFactory: DNS resolution failed for spark-master/<unresolved>:7077 took 3702 ms
[2025-09-12T15:57:13.306+0000] {spark_submit.py:579} INFO - 25/09/12 15:57:13 WARN StandaloneAppClient$ClientEndpoint: Failed to connect to master spark-master:7077
[2025-09-12T15:57:13.307+0000] {spark_submit.py:579} INFO - org.apache.spark.SparkException: Exception thrown in awaitResult:
[2025-09-12T15:57:13.307+0000] {spark_submit.py:579} INFO - at org.apache.spark.util.SparkThreadUtils$.awaitResult(SparkThreadUtils.scala:53)
[2025-09-12T15:57:13.307+0000] {spark_submit.py:579} INFO - at org.apache.spark.util.ThreadUtils$.awaitResult(ThreadUtils.scala:342)
[2025-09-12T15:57:13.308+0000] {spark_submit.py:579} INFO - at org.apache.spark.rpc.RpcTimeout.awaitResult(RpcTimeout.scala:75)
[2025-09-12T15:57:13.308+0000] {spark_submit.py:579} INFO - at org.apache.spark.rpc.RpcEnv.setupEndpointRefByURI(RpcEnv.scala:102)
[2025-09-12T15:57:13.309+0000] {spark_submit.py:579} INFO - at org.apache.spark.rpc.RpcEnv.setupEndpointRef(RpcEnv.scala:110)
[2025-09-12T15:57:13.309+0000] {spark_submit.py:579} INFO - at org.apache.spark.deploy.client.StandaloneAppClient$ClientEndpoint$$anon$1.run(StandaloneAppClient.scala:110)
[2025-09-12T15:57:13.309+0000] {spark_submit.py:579} INFO - at java.base/java.util.concurrent.Executors$RunnableAdapter.call(Executors.java:539)
[2025-09-12T15:57:13.309+0000] {spark_submit.py:579} INFO - at java.base/java.util.concurrent.FutureTask.run(FutureTask.java:264)
[2025-09-12T15:57:13.310+0000] {spark_submit.py:579} INFO - at java.base/java.util.concurrent.ThreadPoolExecutor.runWorker(ThreadPoolExecutor.java:1136)
[2025-09-12T15:57:13.310+0000] {spark_submit.py:579} INFO - at java.base/java.util.concurrent.ThreadPoolExecutor$Worker.run(ThreadPoolExecutor.java:635)
[2025-09-12T15:57:13.311+0000] {spark_submit.py:579} INFO - at java.base/java.lang.Thread.run(Thread.java:840)
[2025-09-12T15:57:13.311+0000] {spark_submit.py:579} INFO - Caused by: java.io.IOException: Failed to connect to spark-master/<unresolved>:7077
[2025-09-12T15:57:13.311+0000] {spark_submit.py:579} INFO - at org.apache.spark.network.client.TransportClientFactory.createClient(TransportClientFactory.java:305)
[2025-09-12T15:57:13.312+0000] {spark_submit.py:579} INFO - at org.apache.spark.network.client.TransportClientFactory.createClient(TransportClientFactory.java:225)
[2025-09-12T15:57:13.312+0000] {spark_submit.py:579} INFO - at org.apache.spark.network.client.TransportClientFactory.createClient(TransportClientFactory.java:237)
[2025-09-12T15:57:13.313+0000] {spark_submit.py:579} INFO - at org.apache.spark.rpc.netty.NettyRpcEnv.createClient(NettyRpcEnv.scala:207)
[2025-09-12T15:57:13.313+0000] {spark_submit.py:579} INFO - at org.apache.spark.rpc.netty.Outbox$$anon$1.call(Outbox.scala:202)
[2025-09-12T15:57:13.313+0000] {spark_submit.py:579} INFO - at org.apache.spark.rpc.netty.Outbox$$anon$1.call(Outbox.scala:198)
[2025-09-12T15:57:13.313+0000] {spark_submit.py:579} INFO - ... 4 more
[2025-09-12T15:57:13.314+0000] {spark_submit.py:579} INFO - Caused by: java.net.UnknownHostException: spark-master
[2025-09-12T15:57:13.314+0000] {spark_submit.py:579} INFO - at java.base/java.net.InetAddress$CachedAddresses.get(InetAddress.java:801)
[2025-09-12T15:57:13.314+0000] {spark_submit.py:579} INFO - at java.base/java.net.InetAddress.getAllByName0(InetAddress.java:1533)
[2025-09-12T15:57:13.315+0000] {spark_submit.py:579} INFO - at java.base/java.net.InetAddress.getAllByName(InetAddress.java:1385)
[2025-09-12T15:57:13.315+0000] {spark_submit.py:579} INFO - at java.base/java.net.InetAddress.getAllByName(InetAddress.java:1306)
[2025-09-12T15:57:13.315+0000] {spark_submit.py:579} INFO - at java.base/java.net.InetAddress.getByName(InetAddress.java:1256)
[2025-09-12T15:57:13.315+0000] {spark_submit.py:579} INFO - at io.netty.util.internal.SocketUtils$8.run(SocketUtils.java:156)
[2025-09-12T15:57:13.316+0000] {spark_submit.py:579} INFO - at io.netty.util.internal.SocketUtils$8.run(SocketUtils.java:153)
[2025-09-12T15:57:13.316+0000] {spark_submit.py:579} INFO - at java.base/java.security.AccessController.doPrivileged(AccessController.java:569)
[2025-09-12T15:57:13.316+0000] {spark_submit.py:579} INFO - at io.netty.util.internal.SocketUtils.addressByName(SocketUtils.java:153)
[2025-09-12T15:57:13.317+0000] {spark_submit.py:579} INFO - at io.netty.resolver.DefaultNameResolver.doResolve(DefaultNameResolver.java:41)
[2025-09-12T15:57:13.317+0000] {spark_submit.py:579} INFO - at io.netty.resolver.SimpleNameResolver.resolve(SimpleNameResolver.java:61)
[2025-09-12T15:57:13.317+0000] {spark_submit.py:579} INFO - at io.netty.resolver.SimpleNameResolver.resolve(SimpleNameResolver.java:53)
[2025-09-12T15:57:13.317+0000] {spark_submit.py:579} INFO - at io.netty.resolver.InetSocketAddressResolver.doResolve(InetSocketAddressResolver.java:55)
[2025-09-12T15:57:13.317+0000] {spark_submit.py:579} INFO - at io.netty.resolver.InetSocketAddressResolver.doResolve(InetSocketAddressResolver.java:31)
[2025-09-12T15:57:13.318+0000] {spark_submit.py:579} INFO - at io.netty.resolver.AbstractAddressResolver.resolve(AbstractAddressResolver.java:106)
[2025-09-12T15:57:13.318+0000] {spark_submit.py:579} INFO - at io.netty.bootstrap.Bootstrap.doResolveAndConnect0(Bootstrap.java:220)
[2025-09-12T15:57:13.318+0000] {spark_submit.py:579} INFO - at io.netty.bootstrap.Bootstrap.access$000(Bootstrap.java:47)
[2025-09-12T15:57:13.318+0000] {spark_submit.py:579} INFO - at io.netty.bootstrap.Bootstrap$1.operationComplete(Bootstrap.java:189)
[2025-09-12T15:57:13.319+0000] {spark_submit.py:579} INFO - at io.netty.bootstrap.Bootstrap$1.operationComplete(Bootstrap.java:175)
[2025-09-12T15:57:13.319+0000] {spark_submit.py:579} INFO - at io.netty.util.concurrent.DefaultPromise.notifyListener0(DefaultPromise.java:590)
[2025-09-12T15:57:13.319+0000] {spark_submit.py:579} INFO - at io.netty.util.concurrent.DefaultPromise.notifyListenersNow(DefaultPromise.java:557)
[2025-09-12T15:57:13.319+0000] {spark_submit.py:579} INFO - at io.netty.util.concurrent.DefaultPromise.notifyListeners(DefaultPromise.java:492)
[2025-09-12T15:57:13.319+0000] {spark_submit.py:579} INFO - at io.netty.util.concurrent.DefaultPromise.setValue0(DefaultPromise.java:636)
[2025-09-12T15:57:13.320+0000] {spark_submit.py:579} INFO - at io.netty.util.concurrent.DefaultPromise.setSuccess0(DefaultPromise.java:625)
[2025-09-12T15:57:13.320+0000] {spark_submit.py:579} INFO - at io.netty.util.concurrent.DefaultPromise.trySuccess(DefaultPromise.java:105)
[2025-09-12T15:57:13.320+0000] {spark_submit.py:579} INFO - at io.netty.channel.DefaultChannelPromise.trySuccess(DefaultChannelPromise.java:84)
[2025-09-12T15:57:13.320+0000] {spark_submit.py:579} INFO - at io.netty.channel.AbstractChannel$AbstractUnsafe.safeSetSuccess(AbstractChannel.java:988)
[2025-09-12T15:57:13.321+0000] {spark_submit.py:579} INFO - at io.netty.channel.AbstractChannel$AbstractUnsafe.register0(AbstractChannel.java:515)
[2025-09-12T15:57:13.321+0000] {spark_submit.py:579} INFO - at io.netty.channel.AbstractChannel$AbstractUnsafe.access$200(AbstractChannel.java:428)
[2025-09-12T15:57:13.321+0000] {spark_submit.py:579} INFO - at io.netty.channel.AbstractChannel$AbstractUnsafe$1.run(AbstractChannel.java:485)
[2025-09-12T15:57:13.321+0000] {spark_submit.py:579} INFO - at io.netty.util.concurrent.AbstractEventExecutor.runTask(AbstractEventExecutor.java:173)
[2025-09-12T15:57:13.321+0000] {spark_submit.py:579} INFO - at io.netty.util.concurrent.AbstractEventExecutor.safeExecute(AbstractEventExecutor.java:166)
[2025-09-12T15:57:13.322+0000] {spark_submit.py:579} INFO - at io.netty.util.concurrent.SingleThreadEventExecutor.runAllTasks(SingleThreadEventExecutor.java:472)
[2025-09-12T15:57:13.322+0000] {spark_submit.py:579} INFO - at io.netty.channel.nio.NioEventLoop.run(NioEventLoop.java:569)
[2025-09-12T15:57:13.322+0000] {spark_submit.py:579} INFO - at io.netty.util.concurrent.SingleThreadEventExecutor$4.run(SingleThreadEventExecutor.java:998)
[2025-09-12T15:57:13.322+0000] {spark_submit.py:579} INFO - at io.netty.util.internal.ThreadExecutorMap$2.run(ThreadExecutorMap.java:74)
[2025-09-12T15:57:13.322+0000] {spark_submit.py:579} INFO - at io.netty.util.concurrent.FastThreadLocalRunnable.run(FastThreadLocalRunnable.java:30)
[2025-09-12T15:57:13.322+0000] {spark_submit.py:579} INFO - ... 1 more
[2025-09-12T15:57:29.599+0000] {spark_submit.py:579} INFO - 25/09/12 15:57:29 INFO StandaloneAppClient$ClientEndpoint: Connecting to master spark://spark-master:7077...
[2025-09-12T15:57:33.379+0000] {spark_submit.py:579} INFO - 25/09/12 15:57:33 WARN TransportClientFactory: DNS resolution failed for spark-master/<unresolved>:7077 took 3775 ms
[2025-09-12T15:57:33.381+0000] {spark_submit.py:579} INFO - 25/09/12 15:57:33 WARN StandaloneAppClient$ClientEndpoint: Failed to connect to master spark-master:7077
[2025-09-12T15:57:33.382+0000] {spark_submit.py:579} INFO - org.apache.spark.SparkException: Exception thrown in awaitResult:
[2025-09-12T15:57:33.382+0000] {spark_submit.py:579} INFO - at org.apache.spark.util.SparkThreadUtils$.awaitResult(SparkThreadUtils.scala:53)
[2025-09-12T15:57:33.382+0000] {spark_submit.py:579} INFO - at org.apache.spark.util.ThreadUtils$.awaitResult(ThreadUtils.scala:342)
[2025-09-12T15:57:33.382+0000] {spark_submit.py:579} INFO - at org.apache.spark.rpc.RpcTimeout.awaitResult(RpcTimeout.scala:75)
[2025-09-12T15:57:33.383+0000] {spark_submit.py:579} INFO - at org.apache.spark.rpc.RpcEnv.setupEndpointRefByURI(RpcEnv.scala:102)
[2025-09-12T15:57:33.383+0000] {spark_submit.py:579} INFO - at org.apache.spark.rpc.RpcEnv.setupEndpointRef(RpcEnv.scala:110)
[2025-09-12T15:57:33.383+0000] {spark_submit.py:579} INFO - at org.apache.spark.deploy.client.StandaloneAppClient$ClientEndpoint$$anon$1.run(StandaloneAppClient.scala:110)
[2025-09-12T15:57:33.383+0000] {spark_submit.py:579} INFO - at java.base/java.util.concurrent.Executors$RunnableAdapter.call(Executors.java:539)
[2025-09-12T15:57:33.384+0000] {spark_submit.py:579} INFO - at java.base/java.util.concurrent.FutureTask.run(FutureTask.java:264)
[2025-09-12T15:57:33.384+0000] {spark_submit.py:579} INFO - at java.base/java.util.concurrent.ThreadPoolExecutor.runWorker(ThreadPoolExecutor.java:1136)
[2025-09-12T15:57:33.384+0000] {spark_submit.py:579} INFO - at java.base/java.util.concurrent.ThreadPoolExecutor$Worker.run(ThreadPoolExecutor.java:635)
[2025-09-12T15:57:33.384+0000] {spark_submit.py:579} INFO - at java.base/java.lang.Thread.run(Thread.java:840)
[2025-09-12T15:57:33.384+0000] {spark_submit.py:579} INFO - Caused by: java.io.IOException: Failed to connect to spark-master/<unresolved>:7077
[2025-09-12T15:57:33.385+0000] {spark_submit.py:579} INFO - at org.apache.spark.network.client.TransportClientFactory.createClient(TransportClientFactory.java:305)
[2025-09-12T15:57:33.385+0000] {spark_submit.py:579} INFO - at org.apache.spark.network.client.TransportClientFactory.createClient(TransportClientFactory.java:225)
[2025-09-12T15:57:33.385+0000] {spark_submit.py:579} INFO - at org.apache.spark.network.client.TransportClientFactory.createClient(TransportClientFactory.java:237)
[2025-09-12T15:57:33.385+0000] {spark_submit.py:579} INFO - at org.apache.spark.rpc.netty.NettyRpcEnv.createClient(NettyRpcEnv.scala:207)
[2025-09-12T15:57:33.386+0000] {spark_submit.py:579} INFO - at org.apache.spark.rpc.netty.Outbox$$anon$1.call(Outbox.scala:202)
[2025-09-12T15:57:33.386+0000] {spark_submit.py:579} INFO - at org.apache.spark.rpc.netty.Outbox$$anon$1.call(Outbox.scala:198)
[2025-09-12T15:57:33.386+0000] {spark_submit.py:579} INFO - ... 4 more
[2025-09-12T15:57:33.386+0000] {spark_submit.py:579} INFO - Caused by: java.net.UnknownHostException: spark-master
[2025-09-12T15:57:33.386+0000] {spark_submit.py:579} INFO - at java.base/java.net.InetAddress$CachedAddresses.get(InetAddress.java:801)
[2025-09-12T15:57:33.386+0000] {spark_submit.py:579} INFO - at java.base/java.net.InetAddress.getAllByName0(InetAddress.java:1533)
[2025-09-12T15:57:33.387+0000] {spark_submit.py:579} INFO - at java.base/java.net.InetAddress.getAllByName(InetAddress.java:1385)
[2025-09-12T15:57:33.387+0000] {spark_submit.py:579} INFO - at java.base/java.net.InetAddress.getAllByName(InetAddress.java:1306)
[2025-09-12T15:57:33.387+0000] {spark_submit.py:579} INFO - at java.base/java.net.InetAddress.getByName(InetAddress.java:1256)
[2025-09-12T15:57:33.387+0000] {spark_submit.py:579} INFO - at io.netty.util.internal.SocketUtils$8.run(SocketUtils.java:156)
[2025-09-12T15:57:33.387+0000] {spark_submit.py:579} INFO - at io.netty.util.internal.SocketUtils$8.run(SocketUtils.java:153)
[2025-09-12T15:57:33.388+0000] {spark_submit.py:579} INFO - at java.base/java.security.AccessController.doPrivileged(AccessController.java:569)
[2025-09-12T15:57:33.388+0000] {spark_submit.py:579} INFO - at io.netty.util.internal.SocketUtils.addressByName(SocketUtils.java:153)
[2025-09-12T15:57:33.388+0000] {spark_submit.py:579} INFO - at io.netty.resolver.DefaultNameResolver.doResolve(DefaultNameResolver.java:41)
[2025-09-12T15:57:33.388+0000] {spark_submit.py:579} INFO - at io.netty.resolver.SimpleNameResolver.resolve(SimpleNameResolver.java:61)
[2025-09-12T15:57:33.388+0000] {spark_submit.py:579} INFO - at io.netty.resolver.SimpleNameResolver.resolve(SimpleNameResolver.java:53)
[2025-09-12T15:57:33.388+0000] {spark_submit.py:579} INFO - at io.netty.resolver.InetSocketAddressResolver.doResolve(InetSocketAddressResolver.java:55)
[2025-09-12T15:57:33.389+0000] {spark_submit.py:579} INFO - at io.netty.resolver.InetSocketAddressResolver.doResolve(InetSocketAddressResolver.java:31)
[2025-09-12T15:57:33.389+0000] {spark_submit.py:579} INFO - at io.netty.resolver.AbstractAddressResolver.resolve(AbstractAddressResolver.java:106)
[2025-09-12T15:57:33.389+0000] {spark_submit.py:579} INFO - at io.netty.bootstrap.Bootstrap.doResolveAndConnect0(Bootstrap.java:220)
[2025-09-12T15:57:33.389+0000] {spark_submit.py:579} INFO - at io.netty.bootstrap.Bootstrap.access$000(Bootstrap.java:47)
[2025-09-12T15:57:33.390+0000] {spark_submit.py:579} INFO - at io.netty.bootstrap.Bootstrap$1.operationComplete(Bootstrap.java:189)
[2025-09-12T15:57:33.390+0000] {spark_submit.py:579} INFO - at io.netty.bootstrap.Bootstrap$1.operationComplete(Bootstrap.java:175)
[2025-09-12T15:57:33.390+0000] {spark_submit.py:579} INFO - at io.netty.util.concurrent.DefaultPromise.notifyListener0(DefaultPromise.java:590)
[2025-09-12T15:57:33.390+0000] {spark_submit.py:579} INFO - at io.netty.util.concurrent.DefaultPromise.notifyListenersNow(DefaultPromise.java:557)
[2025-09-12T15:57:33.390+0000] {spark_submit.py:579} INFO - at io.netty.util.concurrent.DefaultPromise.notifyListeners(DefaultPromise.java:492)
[2025-09-12T15:57:33.391+0000] {spark_submit.py:579} INFO - at io.netty.util.concurrent.DefaultPromise.setValue0(DefaultPromise.java:636)
[2025-09-12T15:57:33.391+0000] {spark_submit.py:579} INFO - at io.netty.util.concurrent.DefaultPromise.setSuccess0(DefaultPromise.java:625)
[2025-09-12T15:57:33.391+0000] {spark_submit.py:579} INFO - at io.netty.util.concurrent.DefaultPromise.trySuccess(DefaultPromise.java:105)
[2025-09-12T15:57:33.391+0000] {spark_submit.py:579} INFO - at io.netty.channel.DefaultChannelPromise.trySuccess(DefaultChannelPromise.java:84)
[2025-09-12T15:57:33.391+0000] {spark_submit.py:579} INFO - at io.netty.channel.AbstractChannel$AbstractUnsafe.safeSetSuccess(AbstractChannel.java:988)
[2025-09-12T15:57:33.392+0000] {spark_submit.py:579} INFO - at io.netty.channel.AbstractChannel$AbstractUnsafe.register0(AbstractChannel.java:515)
[2025-09-12T15:57:33.392+0000] {spark_submit.py:579} INFO - at io.netty.channel.AbstractChannel$AbstractUnsafe.access$200(AbstractChannel.java:428)
[2025-09-12T15:57:33.392+0000] {spark_submit.py:579} INFO - at io.netty.channel.AbstractChannel$AbstractUnsafe$1.run(AbstractChannel.java:485)
[2025-09-12T15:57:33.392+0000] {spark_submit.py:579} INFO - at io.netty.util.concurrent.AbstractEventExecutor.runTask(AbstractEventExecutor.java:173)
[2025-09-12T15:57:33.392+0000] {spark_submit.py:579} INFO - at io.netty.util.concurrent.AbstractEventExecutor.safeExecute(AbstractEventExecutor.java:166)
[2025-09-12T15:57:33.393+0000] {spark_submit.py:579} INFO - at io.netty.util.concurrent.SingleThreadEventExecutor.runAllTasks(SingleThreadEventExecutor.java:472)
[2025-09-12T15:57:33.393+0000] {spark_submit.py:579} INFO - at io.netty.channel.nio.NioEventLoop.run(NioEventLoop.java:569)
[2025-09-12T15:57:33.393+0000] {spark_submit.py:579} INFO - at io.netty.util.concurrent.SingleThreadEventExecutor$4.run(SingleThreadEventExecutor.java:998)
[2025-09-12T15:57:33.393+0000] {spark_submit.py:579} INFO - at io.netty.util.internal.ThreadExecutorMap$2.run(ThreadExecutorMap.java:74)
[2025-09-12T15:57:33.394+0000] {spark_submit.py:579} INFO - at io.netty.util.concurrent.FastThreadLocalRunnable.run(FastThreadLocalRunnable.java:30)
[2025-09-12T15:57:33.394+0000] {spark_submit.py:579} INFO - ... 1 more
[2025-09-12T15:57:49.599+0000] {spark_submit.py:579} INFO - 25/09/12 15:57:49 WARN StandaloneSchedulerBackend: Application ID is not initialized yet.
[2025-09-12T15:57:49.600+0000] {spark_submit.py:579} INFO - 25/09/12 15:57:49 ERROR StandaloneSchedulerBackend: Application has been killed. Reason: All masters are unresponsive! Giving up.
[2025-09-12T15:57:49.606+0000] {spark_submit.py:579} INFO - 25/09/12 15:57:49 INFO Utils: Successfully started service 'org.apache.spark.network.netty.NettyBlockTransferService' on port 36109.
[2025-09-12T15:57:49.606+0000] {spark_submit.py:579} INFO - 25/09/12 15:57:49 INFO NettyBlockTransferService: Server created on 54b9d34f669e:36109
[2025-09-12T15:57:49.607+0000] {spark_submit.py:579} INFO - 25/09/12 15:57:49 INFO BlockManager: Using org.apache.spark.storage.RandomBlockReplicationPolicy for block replication policy
[2025-09-12T15:57:49.618+0000] {spark_submit.py:579} INFO - 25/09/12 15:57:49 INFO BlockManagerMaster: Registering BlockManager BlockManagerId(driver, 54b9d34f669e, 36109, None)
[2025-09-12T15:57:49.623+0000] {spark_submit.py:579} INFO - 25/09/12 15:57:49 INFO BlockManagerMasterEndpoint: Registering block manager 54b9d34f669e:36109 with 434.4 MiB RAM, BlockManagerId(driver, 54b9d34f669e, 36109, None)
[2025-09-12T15:57:49.624+0000] {spark_submit.py:579} INFO - 25/09/12 15:57:49 INFO BlockManagerMaster: Registered BlockManager BlockManagerId(driver, 54b9d34f669e, 36109, None)
[2025-09-12T15:57:49.625+0000] {spark_submit.py:579} INFO - 25/09/12 15:57:49 INFO BlockManager: Initialized BlockManager: BlockManagerId(driver, 54b9d34f669e, 36109, None)
[2025-09-12T15:57:49.715+0000] {spark_submit.py:579} INFO - 25/09/12 15:57:49 INFO StandaloneSchedulerBackend: SchedulerBackend is ready for scheduling beginning after reached minRegisteredResourcesRatio: 0.0
[2025-09-12T15:57:49.918+0000] {spark_submit.py:579} INFO - 25/09/12 15:57:49 INFO SparkContext: SparkContext is stopping with exitCode 0 from run at <unknown>:0.
[2025-09-12T15:57:49.929+0000] {spark_submit.py:579} INFO - 25/09/12 15:57:49 INFO SparkUI: Stopped Spark web UI at http://54b9d34f669e:4040
[2025-09-12T15:57:49.934+0000] {spark_submit.py:579} INFO - 25/09/12 15:57:49 INFO StandaloneSchedulerBackend: Shutting down all executors
[2025-09-12T15:57:49.938+0000] {spark_submit.py:579} INFO - 25/09/12 15:57:49 INFO StandaloneSchedulerBackend$StandaloneDriverEndpoint: Asking each executor to shut down
[2025-09-12T15:57:49.942+0000] {spark_submit.py:579} INFO - 25/09/12 15:57:49 WARN StandaloneAppClient$ClientEndpoint: Drop UnregisterApplication(null) because has not yet connected to master
[2025-09-12T15:57:49.949+0000] {spark_submit.py:579} INFO - 25/09/12 15:57:49 INFO MapOutputTrackerMasterEndpoint: MapOutputTrackerMasterEndpoint stopped!
[2025-09-12T15:57:49.969+0000] {spark_submit.py:579} INFO - 25/09/12 15:57:49 INFO MemoryStore: MemoryStore started with capacity 434.4 MiB
[2025-09-12T15:57:49.970+0000] {spark_submit.py:579} INFO - 25/09/12 15:57:49 INFO MemoryStore: MemoryStore cleared
[2025-09-12T15:57:49.970+0000] {spark_submit.py:579} INFO - 25/09/12 15:57:49 INFO BlockManager: BlockManager stopped
[2025-09-12T15:57:49.976+0000] {spark_submit.py:579} INFO - 25/09/12 15:57:49 INFO BlockManagerMaster: BlockManagerMaster stopped
[2025-09-12T15:57:49.978+0000] {spark_submit.py:579} INFO - 25/09/12 15:57:49 INFO OutputCommitCoordinator$OutputCommitCoordinatorEndpoint: OutputCommitCoordinator stopped!
[2025-09-12T15:57:49.993+0000] {spark_submit.py:579} INFO - 25/09/12 15:57:49 INFO SparkContext: Successfully stopped SparkContext
[2025-09-12T15:57:51.281+0000] {spark_submit.py:579} INFO - Traceback (most recent call last):
[2025-09-12T15:57:51.282+0000] {spark_submit.py:579} INFO - File "/opt/***/jobs/python/wordcountjob.py", line 11, in <module>
[2025-09-12T15:57:51.286+0000] {spark_submit.py:579} INFO - spark = SparkSession.builder.appName("PythonWordCount").getOrCreate()
[2025-09-12T15:57:51.286+0000] {spark_submit.py:579} INFO - File "/home/***/.local/lib/python3.10/site-packages/pyspark/python/lib/pyspark.zip/pyspark/sql/session.py", line 559, in getOrCreate
[2025-09-12T15:57:51.286+0000] {spark_submit.py:579} INFO - File "/home/***/.local/lib/python3.10/site-packages/pyspark/python/lib/pyspark.zip/pyspark/sql/session.py", line 641, in __init__
[2025-09-12T15:57:51.287+0000] {spark_submit.py:579} INFO - File "/home/***/.local/lib/python3.10/site-packages/pyspark/python/lib/py4j-0.10.9.9-src.zip/py4j/java_gateway.py", line 1627, in __call__
[2025-09-12T15:57:51.288+0000] {spark_submit.py:579} INFO - File "/home/***/.local/lib/python3.10/site-packages/pyspark/python/lib/py4j-0.10.9.9-src.zip/py4j/protocol.py", line 327, in get_return_value
[2025-09-12T15:57:51.289+0000] {spark_submit.py:579} INFO - py4j.protocol.Py4JJavaError: An error occurred while calling None.org.apache.spark.sql.classic.SparkSession.
[2025-09-12T15:57:51.290+0000] {spark_submit.py:579} INFO - : java.lang.IllegalStateException: Cannot call methods on a stopped SparkContext.
[2025-09-12T15:57:51.291+0000] {spark_submit.py:579} INFO - This stopped SparkContext was created at:
[2025-09-12T15:57:51.291+0000] {spark_submit.py:579} INFO - 
[2025-09-12T15:57:51.291+0000] {spark_submit.py:579} INFO - org.apache.spark.api.java.JavaSparkContext.<init>(JavaSparkContext.scala:59)
[2025-09-12T15:57:51.291+0000] {spark_submit.py:579} INFO - java.base/jdk.internal.reflect.NativeConstructorAccessorImpl.newInstance0(Native Method)
[2025-09-12T15:57:51.292+0000] {spark_submit.py:579} INFO - java.base/jdk.internal.reflect.NativeConstructorAccessorImpl.newInstance(NativeConstructorAccessorImpl.java:77)
[2025-09-12T15:57:51.292+0000] {spark_submit.py:579} INFO - java.base/jdk.internal.reflect.DelegatingConstructorAccessorImpl.newInstance(DelegatingConstructorAccessorImpl.java:45)
[2025-09-12T15:57:51.292+0000] {spark_submit.py:579} INFO - java.base/java.lang.reflect.Constructor.newInstanceWithCaller(Constructor.java:500)
[2025-09-12T15:57:51.292+0000] {spark_submit.py:579} INFO - java.base/java.lang.reflect.Constructor.newInstance(Constructor.java:481)
[2025-09-12T15:57:51.292+0000] {spark_submit.py:579} INFO - py4j.reflection.MethodInvoker.invoke(MethodInvoker.java:247)
[2025-09-12T15:57:51.293+0000] {spark_submit.py:579} INFO - py4j.reflection.ReflectionEngine.invoke(ReflectionEngine.java:374)
[2025-09-12T15:57:51.293+0000] {spark_submit.py:579} INFO - py4j.Gateway.invoke(Gateway.java:238)
[2025-09-12T15:57:51.293+0000] {spark_submit.py:579} INFO - py4j.commands.ConstructorCommand.invokeConstructor(ConstructorCommand.java:80)
[2025-09-12T15:57:51.293+0000] {spark_submit.py:579} INFO - py4j.commands.ConstructorCommand.execute(ConstructorCommand.java:69)
[2025-09-12T15:57:51.293+0000] {spark_submit.py:579} INFO - py4j.ClientServerConnection.waitForCommands(ClientServerConnection.java:184)
[2025-09-12T15:57:51.294+0000] {spark_submit.py:579} INFO - py4j.ClientServerConnection.run(ClientServerConnection.java:108)
[2025-09-12T15:57:51.294+0000] {spark_submit.py:579} INFO - java.base/java.lang.Thread.run(Thread.java:840)
[2025-09-12T15:57:51.294+0000] {spark_submit.py:579} INFO - 
[2025-09-12T15:57:51.294+0000] {spark_submit.py:579} INFO - And it was stopped at:
[2025-09-12T15:57:51.294+0000] {spark_submit.py:579} INFO - 
[2025-09-12T15:57:51.294+0000] {spark_submit.py:579} INFO - org.apache.spark.SparkContext$$anon$3.run(SparkContext.scala:2284)
[2025-09-12T15:57:51.295+0000] {spark_submit.py:579} INFO - 
[2025-09-12T15:57:51.295+0000] {spark_submit.py:579} INFO - The currently active SparkContext was created at:
[2025-09-12T15:57:51.295+0000] {spark_submit.py:579} INFO - 
[2025-09-12T15:57:51.295+0000] {spark_submit.py:579} INFO - (No active SparkContext.)
[2025-09-12T15:57:51.295+0000] {spark_submit.py:579} INFO - 
[2025-09-12T15:57:51.296+0000] {spark_submit.py:579} INFO - at org.apache.spark.SparkContext.assertNotStopped(SparkContext.scala:128)
[2025-09-12T15:57:51.296+0000] {spark_submit.py:579} INFO - at org.apache.spark.sql.classic.SparkSession.<init>(SparkSession.scala:124)
[2025-09-12T15:57:51.296+0000] {spark_submit.py:579} INFO - at org.apache.spark.sql.classic.SparkSession.<init>(SparkSession.scala:117)
[2025-09-12T15:57:51.296+0000] {spark_submit.py:579} INFO - at java.base/jdk.internal.reflect.NativeConstructorAccessorImpl.newInstance0(Native Method)
[2025-09-12T15:57:51.296+0000] {spark_submit.py:579} INFO - at java.base/jdk.internal.reflect.NativeConstructorAccessorImpl.newInstance(NativeConstructorAccessorImpl.java:77)
[2025-09-12T15:57:51.296+0000] {spark_submit.py:579} INFO - at java.base/jdk.internal.reflect.DelegatingConstructorAccessorImpl.newInstance(DelegatingConstructorAccessorImpl.java:45)
[2025-09-12T15:57:51.297+0000] {spark_submit.py:579} INFO - at java.base/java.lang.reflect.Constructor.newInstanceWithCaller(Constructor.java:500)
[2025-09-12T15:57:51.297+0000] {spark_submit.py:579} INFO - at java.base/java.lang.reflect.Constructor.newInstance(Constructor.java:481)
[2025-09-12T15:57:51.297+0000] {spark_submit.py:579} INFO - at py4j.reflection.MethodInvoker.invoke(MethodInvoker.java:247)
[2025-09-12T15:57:51.297+0000] {spark_submit.py:579} INFO - at py4j.reflection.ReflectionEngine.invoke(ReflectionEngine.java:374)
[2025-09-12T15:57:51.297+0000] {spark_submit.py:579} INFO - at py4j.Gateway.invoke(Gateway.java:238)
[2025-09-12T15:57:51.298+0000] {spark_submit.py:579} INFO - at py4j.commands.ConstructorCommand.invokeConstructor(ConstructorCommand.java:80)
[2025-09-12T15:57:51.298+0000] {spark_submit.py:579} INFO - at py4j.commands.ConstructorCommand.execute(ConstructorCommand.java:69)
[2025-09-12T15:57:51.298+0000] {spark_submit.py:579} INFO - at py4j.ClientServerConnection.waitForCommands(ClientServerConnection.java:184)
[2025-09-12T15:57:51.299+0000] {spark_submit.py:579} INFO - at py4j.ClientServerConnection.run(ClientServerConnection.java:108)
[2025-09-12T15:57:51.300+0000] {spark_submit.py:579} INFO - at java.base/java.lang.Thread.run(Thread.java:840)
[2025-09-12T15:57:51.300+0000] {spark_submit.py:579} INFO - 
[2025-09-12T15:57:51.378+0000] {spark_submit.py:579} INFO - 25/09/12 15:57:51 INFO ShutdownHookManager: Shutdown hook called
[2025-09-12T15:57:51.378+0000] {spark_submit.py:579} INFO - 25/09/12 15:57:51 INFO ShutdownHookManager: Deleting directory /tmp/spark-b39fb5db-f5c6-42ff-88b2-3736c208798c
[2025-09-12T15:57:51.385+0000] {spark_submit.py:579} INFO - 25/09/12 15:57:51 INFO ShutdownHookManager: Deleting directory /tmp/spark-082c05c8-9f4b-4e06-916a-eda0a70ef0e1
[2025-09-12T15:57:51.391+0000] {spark_submit.py:579} INFO - 25/09/12 15:57:51 INFO ShutdownHookManager: Deleting directory /tmp/spark-b39fb5db-f5c6-42ff-88b2-3736c208798c/pyspark-7c820517-de56-47ac-915e-8a3ff31f67ea
[2025-09-12T15:57:51.435+0000] {taskinstance.py:1935} ERROR - Task failed with exception
Traceback (most recent call last):
  File "/home/airflow/.local/lib/python3.10/site-packages/airflow/providers/apache/spark/operators/spark_submit.py", line 174, in execute
    self._hook.submit(self.application)
  File "/home/airflow/.local/lib/python3.10/site-packages/airflow/providers/apache/spark/hooks/spark_submit.py", line 505, in submit
    raise AirflowException(
airflow.exceptions.AirflowException: Cannot execute: spark-submit --master spark://spark-master:7077 --jars /opt/spark/external-jars/apache-spark-sql-connector.jar --name arrow-spark --deploy-mode client jobs/python/wordcountjob.py. Error code is: 1.
[2025-09-12T15:57:51.438+0000] {taskinstance.py:1398} INFO - Marking task as FAILED. dag_id=sparking_flow, task_id=python_job, execution_date=20250912T155639, start_date=20250912T155644, end_date=20250912T155751
[2025-09-12T15:57:51.450+0000] {standard_task_runner.py:104} ERROR - Failed to execute job 17 for task python_job (Cannot execute: spark-submit --master spark://spark-master:7077 --jars /opt/spark/external-jars/apache-spark-sql-connector.jar --name arrow-spark --deploy-mode client jobs/python/wordcountjob.py. Error code is: 1.; 1539)
[2025-09-12T15:57:51.461+0000] {local_task_job_runner.py:228} INFO - Task exited with return code 1
[2025-09-12T15:57:51.480+0000] {taskinstance.py:2776} INFO - 0 downstream tasks scheduled from follow-on schedule check
