[2025-08-31T04:30:16.950+0000] {taskinstance.py:1157} INFO - Dependencies all met for dep_context=non-requeueable deps ti=<TaskInstance: sparking_flow.start scheduled__2025-08-30T00:00:00+00:00 [queued]>
[2025-08-31T04:30:16.980+0000] {taskinstance.py:1157} INFO - Dependencies all met for dep_context=requeueable deps ti=<TaskInstance: sparking_flow.start scheduled__2025-08-30T00:00:00+00:00 [queued]>
[2025-08-31T04:30:16.984+0000] {taskinstance.py:1359} INFO - Starting attempt 1 of 1
[2025-08-31T04:30:17.141+0000] {taskinstance.py:1380} INFO - Executing <Task(PythonOperator): start> on 2025-08-30 00:00:00+00:00
[2025-08-31T04:30:17.187+0000] {standard_task_runner.py:57} INFO - Started process 193 to run task
[2025-08-31T04:30:17.213+0000] {standard_task_runner.py:84} INFO - Running: ['***', 'tasks', 'run', 'sparking_flow', 'start', 'scheduled__2025-08-30T00:00:00+00:00', '--job-id', '64', '--raw', '--subdir', 'DAGS_FOLDER/spark_***.py', '--cfg-path', '/tmp/tmpphl0r54l']
[2025-08-31T04:30:17.317+0000] {standard_task_runner.py:85} INFO - Job 64: Subtask start
[2025-08-31T04:30:17.808+0000] {task_command.py:415} INFO - Running <TaskInstance: sparking_flow.start scheduled__2025-08-30T00:00:00+00:00 [running]> on host 81b7fe425a18
[2025-08-31T04:30:18.334+0000] {taskinstance.py:1660} INFO - Exporting env vars: AIRFLOW_CTX_DAG_OWNER='Kudzaishe Manyanya' AIRFLOW_CTX_DAG_ID='sparking_flow' AIRFLOW_CTX_TASK_ID='start' AIRFLOW_CTX_EXECUTION_DATE='2025-08-30T00:00:00+00:00' AIRFLOW_CTX_TRY_NUMBER='1' AIRFLOW_CTX_DAG_RUN_ID='scheduled__2025-08-30T00:00:00+00:00'
[2025-08-31T04:30:18.350+0000] {logging_mixin.py:151} INFO - Jobs started
[2025-08-31T04:30:18.351+0000] {python.py:194} INFO - Done. Returned value was: None
[2025-08-31T04:30:18.378+0000] {taskinstance.py:1398} INFO - Marking task as SUCCESS. dag_id=sparking_flow, task_id=start, execution_date=20250830T000000, start_date=20250831T043016, end_date=20250831T043018
[2025-08-31T04:30:18.468+0000] {local_task_job_runner.py:228} INFO - Task exited with return code 0
[2025-08-31T04:30:18.928+0000] {taskinstance.py:2776} INFO - 0 downstream tasks scheduled from follow-on schedule check
[2025-08-31T05:06:36.399+0000] {taskinstance.py:1157} INFO - Dependencies all met for dep_context=non-requeueable deps ti=<TaskInstance: sparking_flow.start scheduled__2025-08-30T00:00:00+00:00 [queued]>
[2025-08-31T05:06:36.419+0000] {taskinstance.py:1157} INFO - Dependencies all met for dep_context=requeueable deps ti=<TaskInstance: sparking_flow.start scheduled__2025-08-30T00:00:00+00:00 [queued]>
[2025-08-31T05:06:36.424+0000] {taskinstance.py:1359} INFO - Starting attempt 1 of 1
[2025-08-31T05:06:36.463+0000] {taskinstance.py:1380} INFO - Executing <Task(PythonOperator): start> on 2025-08-30 00:00:00+00:00
[2025-08-31T05:06:36.498+0000] {standard_task_runner.py:57} INFO - Started process 264 to run task
[2025-08-31T05:06:36.502+0000] {standard_task_runner.py:84} INFO - Running: ['***', 'tasks', 'run', 'sparking_flow', 'start', 'scheduled__2025-08-30T00:00:00+00:00', '--job-id', '3', '--raw', '--subdir', 'DAGS_FOLDER/spark_***.py', '--cfg-path', '/tmp/tmpzpmyd5vg']
[2025-08-31T05:06:36.520+0000] {standard_task_runner.py:85} INFO - Job 3: Subtask start
[2025-08-31T05:06:36.948+0000] {task_command.py:415} INFO - Running <TaskInstance: sparking_flow.start scheduled__2025-08-30T00:00:00+00:00 [running]> on host 80647ef95998
[2025-08-31T05:06:37.508+0000] {taskinstance.py:1660} INFO - Exporting env vars: AIRFLOW_CTX_DAG_OWNER='Kudzaishe Manyanya' AIRFLOW_CTX_DAG_ID='sparking_flow' AIRFLOW_CTX_TASK_ID='start' AIRFLOW_CTX_EXECUTION_DATE='2025-08-30T00:00:00+00:00' AIRFLOW_CTX_TRY_NUMBER='1' AIRFLOW_CTX_DAG_RUN_ID='scheduled__2025-08-30T00:00:00+00:00'
[2025-08-31T05:06:37.545+0000] {logging_mixin.py:151} INFO - Jobs started
[2025-08-31T05:06:37.547+0000] {python.py:194} INFO - Done. Returned value was: None
[2025-08-31T05:06:37.624+0000] {taskinstance.py:1398} INFO - Marking task as SUCCESS. dag_id=sparking_flow, task_id=start, execution_date=20250830T000000, start_date=20250831T050636, end_date=20250831T050637
[2025-08-31T05:06:37.722+0000] {local_task_job_runner.py:228} INFO - Task exited with return code 0
[2025-08-31T05:06:37.896+0000] {taskinstance.py:2776} INFO - 1 downstream tasks scheduled from follow-on schedule check
[2025-08-31T12:53:17.075+0000] {taskinstance.py:1157} INFO - Dependencies all met for dep_context=non-requeueable deps ti=<TaskInstance: sparking_flow.start scheduled__2025-08-30T00:00:00+00:00 [queued]>
[2025-08-31T12:53:17.161+0000] {taskinstance.py:1157} INFO - Dependencies all met for dep_context=requeueable deps ti=<TaskInstance: sparking_flow.start scheduled__2025-08-30T00:00:00+00:00 [queued]>
[2025-08-31T12:53:17.163+0000] {taskinstance.py:1359} INFO - Starting attempt 1 of 1
[2025-08-31T12:53:17.276+0000] {taskinstance.py:1380} INFO - Executing <Task(PythonOperator): start> on 2025-08-30 00:00:00+00:00
[2025-08-31T12:53:17.371+0000] {standard_task_runner.py:57} INFO - Started process 365 to run task
[2025-08-31T12:53:17.417+0000] {standard_task_runner.py:84} INFO - Running: ['***', 'tasks', 'run', 'sparking_flow', 'start', 'scheduled__2025-08-30T00:00:00+00:00', '--job-id', '4', '--raw', '--subdir', 'DAGS_FOLDER/spark_***.py', '--cfg-path', '/tmp/tmpajyyn5dz']
[2025-08-31T12:53:17.430+0000] {standard_task_runner.py:85} INFO - Job 4: Subtask start
[2025-08-31T12:53:17.956+0000] {task_command.py:415} INFO - Running <TaskInstance: sparking_flow.start scheduled__2025-08-30T00:00:00+00:00 [running]> on host f7da00c682c4
[2025-08-31T12:53:18.418+0000] {taskinstance.py:1660} INFO - Exporting env vars: AIRFLOW_CTX_DAG_OWNER='Kudzaishe Manyanya' AIRFLOW_CTX_DAG_ID='sparking_flow' AIRFLOW_CTX_TASK_ID='start' AIRFLOW_CTX_EXECUTION_DATE='2025-08-30T00:00:00+00:00' AIRFLOW_CTX_TRY_NUMBER='1' AIRFLOW_CTX_DAG_RUN_ID='scheduled__2025-08-30T00:00:00+00:00'
[2025-08-31T12:53:18.461+0000] {logging_mixin.py:151} INFO - Jobs started
[2025-08-31T12:53:18.464+0000] {python.py:194} INFO - Done. Returned value was: None
[2025-08-31T12:53:18.530+0000] {taskinstance.py:1398} INFO - Marking task as SUCCESS. dag_id=sparking_flow, task_id=start, execution_date=20250830T000000, start_date=20250831T125317, end_date=20250831T125318
[2025-08-31T12:53:18.641+0000] {local_task_job_runner.py:228} INFO - Task exited with return code 0
[2025-08-31T12:53:18.779+0000] {taskinstance.py:2776} INFO - 1 downstream tasks scheduled from follow-on schedule check
