[2025-08-31T04:30:17.768+0000] {taskinstance.py:1157} INFO - Dependencies all met for dep_context=non-requeueable deps ti=<TaskInstance: sparking_flow.start scheduled__2025-08-30T02:00:00+00:00 [queued]>
[2025-08-31T04:30:17.796+0000] {taskinstance.py:1157} INFO - Dependencies all met for dep_context=requeueable deps ti=<TaskInstance: sparking_flow.start scheduled__2025-08-30T02:00:00+00:00 [queued]>
[2025-08-31T04:30:17.797+0000] {taskinstance.py:1359} INFO - Starting attempt 1 of 1
[2025-08-31T04:30:17.868+0000] {taskinstance.py:1380} INFO - Executing <Task(PythonOperator): start> on 2025-08-30 02:00:00+00:00
[2025-08-31T04:30:17.963+0000] {standard_task_runner.py:57} INFO - Started process 195 to run task
[2025-08-31T04:30:18.027+0000] {standard_task_runner.py:84} INFO - Running: ['***', 'tasks', 'run', 'sparking_flow', 'start', 'scheduled__2025-08-30T02:00:00+00:00', '--job-id', '65', '--raw', '--subdir', 'DAGS_FOLDER/spark_***.py', '--cfg-path', '/tmp/tmpuf7ag3ky']
[2025-08-31T04:30:18.057+0000] {standard_task_runner.py:85} INFO - Job 65: Subtask start
[2025-08-31T04:30:18.344+0000] {task_command.py:415} INFO - Running <TaskInstance: sparking_flow.start scheduled__2025-08-30T02:00:00+00:00 [running]> on host 81b7fe425a18
[2025-08-31T04:30:18.765+0000] {taskinstance.py:1660} INFO - Exporting env vars: AIRFLOW_CTX_DAG_OWNER='Kudzaishe Manyanya' AIRFLOW_CTX_DAG_ID='sparking_flow' AIRFLOW_CTX_TASK_ID='start' AIRFLOW_CTX_EXECUTION_DATE='2025-08-30T02:00:00+00:00' AIRFLOW_CTX_TRY_NUMBER='1' AIRFLOW_CTX_DAG_RUN_ID='scheduled__2025-08-30T02:00:00+00:00'
[2025-08-31T04:30:18.787+0000] {logging_mixin.py:151} INFO - Jobs started
[2025-08-31T04:30:18.790+0000] {python.py:194} INFO - Done. Returned value was: None
[2025-08-31T04:30:18.829+0000] {taskinstance.py:1398} INFO - Marking task as SUCCESS. dag_id=sparking_flow, task_id=start, execution_date=20250830T020000, start_date=20250831T043017, end_date=20250831T043018
[2025-08-31T04:30:18.928+0000] {local_task_job_runner.py:228} INFO - Task exited with return code 0
[2025-08-31T04:30:19.253+0000] {taskinstance.py:2776} INFO - 0 downstream tasks scheduled from follow-on schedule check
[2025-08-31T05:06:37.062+0000] {taskinstance.py:1157} INFO - Dependencies all met for dep_context=non-requeueable deps ti=<TaskInstance: sparking_flow.start scheduled__2025-08-30T02:00:00+00:00 [queued]>
[2025-08-31T05:06:37.091+0000] {taskinstance.py:1157} INFO - Dependencies all met for dep_context=requeueable deps ti=<TaskInstance: sparking_flow.start scheduled__2025-08-30T02:00:00+00:00 [queued]>
[2025-08-31T05:06:37.101+0000] {taskinstance.py:1359} INFO - Starting attempt 1 of 1
[2025-08-31T05:06:37.270+0000] {taskinstance.py:1380} INFO - Executing <Task(PythonOperator): start> on 2025-08-30 02:00:00+00:00
[2025-08-31T05:06:37.317+0000] {standard_task_runner.py:57} INFO - Started process 267 to run task
[2025-08-31T05:06:37.339+0000] {standard_task_runner.py:84} INFO - Running: ['***', 'tasks', 'run', 'sparking_flow', 'start', 'scheduled__2025-08-30T02:00:00+00:00', '--job-id', '4', '--raw', '--subdir', 'DAGS_FOLDER/spark_***.py', '--cfg-path', '/tmp/tmpctp51c34']
[2025-08-31T05:06:37.357+0000] {standard_task_runner.py:85} INFO - Job 4: Subtask start
[2025-08-31T05:06:37.805+0000] {task_command.py:415} INFO - Running <TaskInstance: sparking_flow.start scheduled__2025-08-30T02:00:00+00:00 [running]> on host 80647ef95998
[2025-08-31T05:06:38.197+0000] {taskinstance.py:1660} INFO - Exporting env vars: AIRFLOW_CTX_DAG_OWNER='Kudzaishe Manyanya' AIRFLOW_CTX_DAG_ID='sparking_flow' AIRFLOW_CTX_TASK_ID='start' AIRFLOW_CTX_EXECUTION_DATE='2025-08-30T02:00:00+00:00' AIRFLOW_CTX_TRY_NUMBER='1' AIRFLOW_CTX_DAG_RUN_ID='scheduled__2025-08-30T02:00:00+00:00'
[2025-08-31T05:06:38.204+0000] {logging_mixin.py:151} INFO - Jobs started
[2025-08-31T05:06:38.209+0000] {python.py:194} INFO - Done. Returned value was: None
[2025-08-31T05:06:38.262+0000] {taskinstance.py:1398} INFO - Marking task as SUCCESS. dag_id=sparking_flow, task_id=start, execution_date=20250830T020000, start_date=20250831T050637, end_date=20250831T050638
[2025-08-31T05:06:38.348+0000] {local_task_job_runner.py:228} INFO - Task exited with return code 0
[2025-08-31T05:06:38.623+0000] {taskinstance.py:2776} INFO - 0 downstream tasks scheduled from follow-on schedule check
[2025-08-31T12:53:17.024+0000] {taskinstance.py:1157} INFO - Dependencies all met for dep_context=non-requeueable deps ti=<TaskInstance: sparking_flow.start scheduled__2025-08-30T02:00:00+00:00 [queued]>
[2025-08-31T12:53:17.060+0000] {taskinstance.py:1157} INFO - Dependencies all met for dep_context=requeueable deps ti=<TaskInstance: sparking_flow.start scheduled__2025-08-30T02:00:00+00:00 [queued]>
[2025-08-31T12:53:17.065+0000] {taskinstance.py:1359} INFO - Starting attempt 1 of 1
[2025-08-31T12:53:17.152+0000] {taskinstance.py:1380} INFO - Executing <Task(PythonOperator): start> on 2025-08-30 02:00:00+00:00
[2025-08-31T12:53:17.321+0000] {standard_task_runner.py:57} INFO - Started process 364 to run task
[2025-08-31T12:53:17.372+0000] {standard_task_runner.py:84} INFO - Running: ['***', 'tasks', 'run', 'sparking_flow', 'start', 'scheduled__2025-08-30T02:00:00+00:00', '--job-id', '3', '--raw', '--subdir', 'DAGS_FOLDER/spark_***.py', '--cfg-path', '/tmp/tmp6lba055g']
[2025-08-31T12:53:17.428+0000] {standard_task_runner.py:85} INFO - Job 3: Subtask start
[2025-08-31T12:53:17.810+0000] {task_command.py:415} INFO - Running <TaskInstance: sparking_flow.start scheduled__2025-08-30T02:00:00+00:00 [running]> on host f7da00c682c4
[2025-08-31T12:53:18.438+0000] {taskinstance.py:1660} INFO - Exporting env vars: AIRFLOW_CTX_DAG_OWNER='Kudzaishe Manyanya' AIRFLOW_CTX_DAG_ID='sparking_flow' AIRFLOW_CTX_TASK_ID='start' AIRFLOW_CTX_EXECUTION_DATE='2025-08-30T02:00:00+00:00' AIRFLOW_CTX_TRY_NUMBER='1' AIRFLOW_CTX_DAG_RUN_ID='scheduled__2025-08-30T02:00:00+00:00'
[2025-08-31T12:53:18.459+0000] {logging_mixin.py:151} INFO - Jobs started
[2025-08-31T12:53:18.461+0000] {python.py:194} INFO - Done. Returned value was: None
[2025-08-31T12:53:18.524+0000] {taskinstance.py:1398} INFO - Marking task as SUCCESS. dag_id=sparking_flow, task_id=start, execution_date=20250830T020000, start_date=20250831T125317, end_date=20250831T125318
[2025-08-31T12:53:18.641+0000] {local_task_job_runner.py:228} INFO - Task exited with return code 0
[2025-08-31T12:53:18.781+0000] {taskinstance.py:2776} INFO - 1 downstream tasks scheduled from follow-on schedule check
