[2025-08-31T04:30:43.502+0000] {taskinstance.py:1157} INFO - Dependencies all met for dep_context=non-requeueable deps ti=<TaskInstance: sparking_flow.start scheduled__2025-08-31T00:00:00+00:00 [queued]>
[2025-08-31T04:30:43.547+0000] {taskinstance.py:1157} INFO - Dependencies all met for dep_context=requeueable deps ti=<TaskInstance: sparking_flow.start scheduled__2025-08-31T00:00:00+00:00 [queued]>
[2025-08-31T04:30:43.553+0000] {taskinstance.py:1359} INFO - Starting attempt 1 of 1
[2025-08-31T04:30:43.936+0000] {taskinstance.py:1380} INFO - Executing <Task(PythonOperator): start> on 2025-08-31 00:00:00+00:00
[2025-08-31T04:30:44.229+0000] {standard_task_runner.py:57} INFO - Started process 234 to run task
[2025-08-31T04:30:44.544+0000] {standard_task_runner.py:84} INFO - Running: ['***', 'tasks', 'run', 'sparking_flow', 'start', 'scheduled__2025-08-31T00:00:00+00:00', '--job-id', '81', '--raw', '--subdir', 'DAGS_FOLDER/spark_***.py', '--cfg-path', '/tmp/tmpx83x51ma']
[2025-08-31T04:30:44.624+0000] {standard_task_runner.py:85} INFO - Job 81: Subtask start
[2025-08-31T04:30:45.631+0000] {task_command.py:415} INFO - Running <TaskInstance: sparking_flow.start scheduled__2025-08-31T00:00:00+00:00 [running]> on host 81b7fe425a18
[2025-08-31T04:30:46.391+0000] {taskinstance.py:1660} INFO - Exporting env vars: AIRFLOW_CTX_DAG_OWNER='Kudzaishe Manyanya' AIRFLOW_CTX_DAG_ID='sparking_flow' AIRFLOW_CTX_TASK_ID='start' AIRFLOW_CTX_EXECUTION_DATE='2025-08-31T00:00:00+00:00' AIRFLOW_CTX_TRY_NUMBER='1' AIRFLOW_CTX_DAG_RUN_ID='scheduled__2025-08-31T00:00:00+00:00'
[2025-08-31T04:30:46.417+0000] {logging_mixin.py:151} INFO - Jobs started
[2025-08-31T04:30:46.418+0000] {python.py:194} INFO - Done. Returned value was: None
[2025-08-31T04:30:46.563+0000] {taskinstance.py:1398} INFO - Marking task as SUCCESS. dag_id=sparking_flow, task_id=start, execution_date=20250831T000000, start_date=20250831T043043, end_date=20250831T043046
[2025-08-31T04:30:46.862+0000] {local_task_job_runner.py:228} INFO - Task exited with return code 0
[2025-08-31T04:30:48.111+0000] {taskinstance.py:2776} INFO - 0 downstream tasks scheduled from follow-on schedule check
[2025-08-31T05:06:39.435+0000] {taskinstance.py:1157} INFO - Dependencies all met for dep_context=non-requeueable deps ti=<TaskInstance: sparking_flow.start scheduled__2025-08-31T00:00:00+00:00 [queued]>
[2025-08-31T05:06:39.450+0000] {taskinstance.py:1157} INFO - Dependencies all met for dep_context=requeueable deps ti=<TaskInstance: sparking_flow.start scheduled__2025-08-31T00:00:00+00:00 [queued]>
[2025-08-31T05:06:39.451+0000] {taskinstance.py:1359} INFO - Starting attempt 1 of 1
[2025-08-31T05:06:39.468+0000] {taskinstance.py:1380} INFO - Executing <Task(PythonOperator): start> on 2025-08-31 00:00:00+00:00
[2025-08-31T05:06:39.476+0000] {standard_task_runner.py:57} INFO - Started process 284 to run task
[2025-08-31T05:06:39.483+0000] {standard_task_runner.py:84} INFO - Running: ['***', 'tasks', 'run', 'sparking_flow', 'start', 'scheduled__2025-08-31T00:00:00+00:00', '--job-id', '15', '--raw', '--subdir', 'DAGS_FOLDER/spark_***.py', '--cfg-path', '/tmp/tmpdfq8fjh1']
[2025-08-31T05:06:39.487+0000] {standard_task_runner.py:85} INFO - Job 15: Subtask start
[2025-08-31T05:06:39.645+0000] {task_command.py:415} INFO - Running <TaskInstance: sparking_flow.start scheduled__2025-08-31T00:00:00+00:00 [running]> on host 80647ef95998
[2025-08-31T05:06:39.982+0000] {taskinstance.py:1660} INFO - Exporting env vars: AIRFLOW_CTX_DAG_OWNER='Kudzaishe Manyanya' AIRFLOW_CTX_DAG_ID='sparking_flow' AIRFLOW_CTX_TASK_ID='start' AIRFLOW_CTX_EXECUTION_DATE='2025-08-31T00:00:00+00:00' AIRFLOW_CTX_TRY_NUMBER='1' AIRFLOW_CTX_DAG_RUN_ID='scheduled__2025-08-31T00:00:00+00:00'
[2025-08-31T05:06:39.987+0000] {logging_mixin.py:151} INFO - Jobs started
[2025-08-31T05:06:39.989+0000] {python.py:194} INFO - Done. Returned value was: None
[2025-08-31T05:06:40.024+0000] {taskinstance.py:1398} INFO - Marking task as SUCCESS. dag_id=sparking_flow, task_id=start, execution_date=20250831T000000, start_date=20250831T050639, end_date=20250831T050640
[2025-08-31T05:06:40.395+0000] {local_task_job_runner.py:228} INFO - Task exited with return code 0
[2025-08-31T05:06:40.723+0000] {taskinstance.py:2776} INFO - 0 downstream tasks scheduled from follow-on schedule check
[2025-08-31T12:53:18.118+0000] {taskinstance.py:1157} INFO - Dependencies all met for dep_context=non-requeueable deps ti=<TaskInstance: sparking_flow.start scheduled__2025-08-31T00:00:00+00:00 [queued]>
[2025-08-31T12:53:18.145+0000] {taskinstance.py:1157} INFO - Dependencies all met for dep_context=requeueable deps ti=<TaskInstance: sparking_flow.start scheduled__2025-08-31T00:00:00+00:00 [queued]>
[2025-08-31T12:53:18.148+0000] {taskinstance.py:1359} INFO - Starting attempt 1 of 1
[2025-08-31T12:53:18.216+0000] {taskinstance.py:1380} INFO - Executing <Task(PythonOperator): start> on 2025-08-31 00:00:00+00:00
[2025-08-31T12:53:18.290+0000] {standard_task_runner.py:57} INFO - Started process 369 to run task
[2025-08-31T12:53:18.298+0000] {standard_task_runner.py:84} INFO - Running: ['***', 'tasks', 'run', 'sparking_flow', 'start', 'scheduled__2025-08-31T00:00:00+00:00', '--job-id', '9', '--raw', '--subdir', 'DAGS_FOLDER/spark_***.py', '--cfg-path', '/tmp/tmps2l02pxj']
[2025-08-31T12:53:18.347+0000] {standard_task_runner.py:85} INFO - Job 9: Subtask start
[2025-08-31T12:53:18.591+0000] {task_command.py:415} INFO - Running <TaskInstance: sparking_flow.start scheduled__2025-08-31T00:00:00+00:00 [running]> on host f7da00c682c4
[2025-08-31T12:53:18.910+0000] {taskinstance.py:1660} INFO - Exporting env vars: AIRFLOW_CTX_DAG_OWNER='Kudzaishe Manyanya' AIRFLOW_CTX_DAG_ID='sparking_flow' AIRFLOW_CTX_TASK_ID='start' AIRFLOW_CTX_EXECUTION_DATE='2025-08-31T00:00:00+00:00' AIRFLOW_CTX_TRY_NUMBER='1' AIRFLOW_CTX_DAG_RUN_ID='scheduled__2025-08-31T00:00:00+00:00'
[2025-08-31T12:53:18.914+0000] {logging_mixin.py:151} INFO - Jobs started
[2025-08-31T12:53:18.919+0000] {python.py:194} INFO - Done. Returned value was: None
[2025-08-31T12:53:18.950+0000] {taskinstance.py:1398} INFO - Marking task as SUCCESS. dag_id=sparking_flow, task_id=start, execution_date=20250831T000000, start_date=20250831T125318, end_date=20250831T125318
[2025-08-31T12:53:19.040+0000] {local_task_job_runner.py:228} INFO - Task exited with return code 0
[2025-08-31T12:53:19.110+0000] {taskinstance.py:2776} INFO - 1 downstream tasks scheduled from follow-on schedule check
[2025-09-01T18:54:11.334+0000] {taskinstance.py:1157} INFO - Dependencies all met for dep_context=non-requeueable deps ti=<TaskInstance: sparking_flow.start scheduled__2025-08-31T00:00:00+00:00 [queued]>
[2025-09-01T18:54:11.414+0000] {taskinstance.py:1157} INFO - Dependencies all met for dep_context=requeueable deps ti=<TaskInstance: sparking_flow.start scheduled__2025-08-31T00:00:00+00:00 [queued]>
[2025-09-01T18:54:11.426+0000] {taskinstance.py:1359} INFO - Starting attempt 1 of 1
[2025-09-01T18:54:11.770+0000] {taskinstance.py:1380} INFO - Executing <Task(PythonOperator): start> on 2025-08-31 00:00:00+00:00
[2025-09-01T18:54:11.941+0000] {standard_task_runner.py:57} INFO - Started process 210 to run task
[2025-09-01T18:54:11.988+0000] {standard_task_runner.py:84} INFO - Running: ['***', 'tasks', 'run', 'sparking_flow', 'start', 'scheduled__2025-08-31T00:00:00+00:00', '--job-id', '3', '--raw', '--subdir', 'DAGS_FOLDER/spark_***.py', '--cfg-path', '/tmp/tmpa94997qt']
[2025-09-01T18:54:12.103+0000] {standard_task_runner.py:85} INFO - Job 3: Subtask start
[2025-09-01T18:54:12.921+0000] {task_command.py:415} INFO - Running <TaskInstance: sparking_flow.start scheduled__2025-08-31T00:00:00+00:00 [running]> on host 7b2a3a75c36f
[2025-09-01T18:54:13.641+0000] {taskinstance.py:1660} INFO - Exporting env vars: AIRFLOW_CTX_DAG_OWNER='Kudzaishe Manyanya' AIRFLOW_CTX_DAG_ID='sparking_flow' AIRFLOW_CTX_TASK_ID='start' AIRFLOW_CTX_EXECUTION_DATE='2025-08-31T00:00:00+00:00' AIRFLOW_CTX_TRY_NUMBER='1' AIRFLOW_CTX_DAG_RUN_ID='scheduled__2025-08-31T00:00:00+00:00'
[2025-09-01T18:54:13.750+0000] {logging_mixin.py:151} INFO - Jobs started
[2025-09-01T18:54:13.751+0000] {python.py:194} INFO - Done. Returned value was: None
[2025-09-01T18:54:13.839+0000] {taskinstance.py:1398} INFO - Marking task as SUCCESS. dag_id=sparking_flow, task_id=start, execution_date=20250831T000000, start_date=20250901T185411, end_date=20250901T185413
[2025-09-01T18:54:14.083+0000] {local_task_job_runner.py:228} INFO - Task exited with return code 0
[2025-09-01T18:54:15.023+0000] {taskinstance.py:2776} INFO - 0 downstream tasks scheduled from follow-on schedule check
