[2025-09-12T16:11:02.014+0000] {taskinstance.py:1157} INFO - Dependencies all met for dep_context=non-requeueable deps ti=<TaskInstance: sparking_flow.python_job manual__2025-09-12T16:11:00.291937+00:00 [queued]>
[2025-09-12T16:11:02.022+0000] {taskinstance.py:1157} INFO - Dependencies all met for dep_context=requeueable deps ti=<TaskInstance: sparking_flow.python_job manual__2025-09-12T16:11:00.291937+00:00 [queued]>
[2025-09-12T16:11:02.023+0000] {taskinstance.py:1359} INFO - Starting attempt 1 of 1
[2025-09-12T16:11:02.036+0000] {taskinstance.py:1380} INFO - Executing <Task(SparkSubmitOperator): python_job> on 2025-09-12 16:11:00.291937+00:00
[2025-09-12T16:11:02.041+0000] {standard_task_runner.py:57} INFO - Started process 1430 to run task
[2025-09-12T16:11:02.044+0000] {standard_task_runner.py:84} INFO - Running: ['***', 'tasks', 'run', 'sparking_flow', 'python_job', 'manual__2025-09-12T16:11:00.291937+00:00', '--job-id', '33', '--raw', '--subdir', 'DAGS_FOLDER/spark_***.py', '--cfg-path', '/tmp/tmpuht1jelz']
[2025-09-12T16:11:02.046+0000] {standard_task_runner.py:85} INFO - Job 33: Subtask python_job
[2025-09-12T16:11:02.106+0000] {task_command.py:415} INFO - Running <TaskInstance: sparking_flow.python_job manual__2025-09-12T16:11:00.291937+00:00 [running]> on host 54b9d34f669e
[2025-09-12T16:11:02.189+0000] {taskinstance.py:1660} INFO - Exporting env vars: AIRFLOW_CTX_DAG_OWNER='Kudzaishe Manyanya' AIRFLOW_CTX_DAG_ID='sparking_flow' AIRFLOW_CTX_TASK_ID='python_job' AIRFLOW_CTX_EXECUTION_DATE='2025-09-12T16:11:00.291937+00:00' AIRFLOW_CTX_TRY_NUMBER='1' AIRFLOW_CTX_DAG_RUN_ID='manual__2025-09-12T16:11:00.291937+00:00'
[2025-09-12T16:11:02.201+0000] {base.py:73} INFO - Using connection ID 'spark-conn' for task execution.
[2025-09-12T16:11:02.203+0000] {spark_submit.py:403} INFO - Spark-Submit cmd: spark-submit --master spark://spark-master:7077 --jars /opt/spark/external-jars/apache-spark-sql-connector.jar --name arrow-spark --deploy-mode client jobs/python/wordcountjob.py
[2025-09-12T16:11:02.718+0000] {spark_submit.py:579} INFO - WARNING: Using incubator modules: jdk.incubator.vector
[2025-09-12T16:11:03.968+0000] {spark_submit.py:579} INFO - 25/09/12 16:11:03 WARN NativeCodeLoader: Unable to load native-hadoop library for your platform... using builtin-java classes where applicable
[2025-09-12T16:11:06.017+0000] {spark_submit.py:579} INFO - Using Spark's default log4j profile: org/apache/spark/log4j2-defaults.properties
[2025-09-12T16:11:06.024+0000] {spark_submit.py:579} INFO - 25/09/12 16:11:06 INFO SparkContext: Running Spark version 4.0.0
[2025-09-12T16:11:06.026+0000] {spark_submit.py:579} INFO - 25/09/12 16:11:06 INFO SparkContext: OS info Linux, 6.6.87.2-microsoft-standard-WSL2, amd64
[2025-09-12T16:11:06.027+0000] {spark_submit.py:579} INFO - 25/09/12 16:11:06 INFO SparkContext: Java version 17.0.15
[2025-09-12T16:11:06.050+0000] {spark_submit.py:579} INFO - 25/09/12 16:11:06 INFO ResourceUtils: ==============================================================
[2025-09-12T16:11:06.051+0000] {spark_submit.py:579} INFO - 25/09/12 16:11:06 INFO ResourceUtils: No custom resources configured for spark.driver.
[2025-09-12T16:11:06.051+0000] {spark_submit.py:579} INFO - 25/09/12 16:11:06 INFO ResourceUtils: ==============================================================
[2025-09-12T16:11:06.051+0000] {spark_submit.py:579} INFO - 25/09/12 16:11:06 INFO SparkContext: Submitted application: PythonWordCount
[2025-09-12T16:11:06.071+0000] {spark_submit.py:579} INFO - 25/09/12 16:11:06 INFO ResourceProfile: Default ResourceProfile created, executor resources: Map(memory -> name: memory, amount: 1024, script: , vendor: , offHeap -> name: offHeap, amount: 0, script: , vendor: ), task resources: Map(cpus -> name: cpus, amount: 1.0)
[2025-09-12T16:11:06.073+0000] {spark_submit.py:579} INFO - 25/09/12 16:11:06 INFO ResourceProfile: Limiting resource is cpu
[2025-09-12T16:11:06.074+0000] {spark_submit.py:579} INFO - 25/09/12 16:11:06 INFO ResourceProfileManager: Added ResourceProfile id: 0
[2025-09-12T16:11:06.110+0000] {spark_submit.py:579} INFO - 25/09/12 16:11:06 INFO SecurityManager: Changing view acls to: ***
[2025-09-12T16:11:06.110+0000] {spark_submit.py:579} INFO - 25/09/12 16:11:06 INFO SecurityManager: Changing modify acls to: ***
[2025-09-12T16:11:06.111+0000] {spark_submit.py:579} INFO - 25/09/12 16:11:06 INFO SecurityManager: Changing view acls groups to: ***
[2025-09-12T16:11:06.111+0000] {spark_submit.py:579} INFO - 25/09/12 16:11:06 INFO SecurityManager: Changing modify acls groups to: ***
[2025-09-12T16:11:06.112+0000] {spark_submit.py:579} INFO - 25/09/12 16:11:06 INFO SecurityManager: SecurityManager: authentication disabled; ui acls disabled; users with view permissions: *** groups with view permissions: EMPTY; users with modify permissions: ***; groups with modify permissions: EMPTY; RPC SSL disabled
[2025-09-12T16:11:06.302+0000] {spark_submit.py:579} INFO - 25/09/12 16:11:06 INFO Utils: Successfully started service 'sparkDriver' on port 41681.
[2025-09-12T16:11:06.327+0000] {spark_submit.py:579} INFO - 25/09/12 16:11:06 INFO SparkEnv: Registering MapOutputTracker
[2025-09-12T16:11:06.340+0000] {spark_submit.py:579} INFO - 25/09/12 16:11:06 INFO SparkEnv: Registering BlockManagerMaster
[2025-09-12T16:11:06.358+0000] {spark_submit.py:579} INFO - 25/09/12 16:11:06 INFO BlockManagerMasterEndpoint: Using org.apache.spark.storage.DefaultTopologyMapper for getting topology information
[2025-09-12T16:11:06.359+0000] {spark_submit.py:579} INFO - 25/09/12 16:11:06 INFO BlockManagerMasterEndpoint: BlockManagerMasterEndpoint up
[2025-09-12T16:11:06.361+0000] {spark_submit.py:579} INFO - 25/09/12 16:11:06 INFO SparkEnv: Registering BlockManagerMasterHeartbeat
[2025-09-12T16:11:06.382+0000] {spark_submit.py:579} INFO - 25/09/12 16:11:06 INFO DiskBlockManager: Created local directory at /tmp/blockmgr-fa40c7b4-7bfa-437d-8492-6117d15a7034
[2025-09-12T16:11:06.403+0000] {spark_submit.py:579} INFO - 25/09/12 16:11:06 INFO SparkEnv: Registering OutputCommitCoordinator
[2025-09-12T16:11:06.514+0000] {spark_submit.py:579} INFO - 25/09/12 16:11:06 INFO JettyUtils: Start Jetty 0.0.0.0:4040 for SparkUI
[2025-09-12T16:11:06.571+0000] {spark_submit.py:579} INFO - 25/09/12 16:11:06 INFO Utils: Successfully started service 'SparkUI' on port 4040.
[2025-09-12T16:11:06.602+0000] {spark_submit.py:579} INFO - 25/09/12 16:11:06 INFO SparkContext: Added JAR file:///opt/spark/external-jars/apache-spark-sql-connector.jar at spark://54b9d34f669e:41681/jars/apache-spark-sql-connector.jar with timestamp 1757693466010
[2025-09-12T16:11:06.617+0000] {spark_submit.py:579} INFO - 25/09/12 16:11:06 INFO SecurityManager: Changing view acls to: ***
[2025-09-12T16:11:06.617+0000] {spark_submit.py:579} INFO - 25/09/12 16:11:06 INFO SecurityManager: Changing modify acls to: ***
[2025-09-12T16:11:06.618+0000] {spark_submit.py:579} INFO - 25/09/12 16:11:06 INFO SecurityManager: Changing view acls groups to: ***
[2025-09-12T16:11:06.618+0000] {spark_submit.py:579} INFO - 25/09/12 16:11:06 INFO SecurityManager: Changing modify acls groups to: ***
[2025-09-12T16:11:06.619+0000] {spark_submit.py:579} INFO - 25/09/12 16:11:06 INFO SecurityManager: SecurityManager: authentication disabled; ui acls disabled; users with view permissions: *** groups with view permissions: EMPTY; users with modify permissions: ***; groups with modify permissions: EMPTY; RPC SSL disabled
[2025-09-12T16:11:06.730+0000] {spark_submit.py:579} INFO - 25/09/12 16:11:06 INFO StandaloneAppClient$ClientEndpoint: Connecting to master spark://spark-master:7077...
[2025-09-12T16:11:06.782+0000] {spark_submit.py:579} INFO - 25/09/12 16:11:06 INFO TransportClientFactory: Successfully created connection to spark-master/172.18.0.6:7077 after 30 ms (0 ms spent in bootstraps)
[2025-09-12T16:11:06.877+0000] {spark_submit.py:579} INFO - 25/09/12 16:11:06 INFO StandaloneSchedulerBackend: Connected to Spark cluster with app ID app-20250912161106-0005
[2025-09-12T16:11:06.884+0000] {spark_submit.py:579} INFO - 25/09/12 16:11:06 INFO StandaloneAppClient$ClientEndpoint: Executor added: app-20250912161106-0005/0 on worker-20250912155841-172.18.0.3-36735 (172.18.0.3:36735) with 2 core(s)
[2025-09-12T16:11:06.888+0000] {spark_submit.py:579} INFO - 25/09/12 16:11:06 INFO Utils: Successfully started service 'org.apache.spark.network.netty.NettyBlockTransferService' on port 46329.
[2025-09-12T16:11:06.889+0000] {spark_submit.py:579} INFO - 25/09/12 16:11:06 INFO StandaloneSchedulerBackend: Granted executor ID app-20250912161106-0005/0 on hostPort 172.18.0.3:36735 with 2 core(s), 1024.0 MiB RAM
[2025-09-12T16:11:06.890+0000] {spark_submit.py:579} INFO - 25/09/12 16:11:06 INFO NettyBlockTransferService: Server created on 54b9d34f669e:46329
[2025-09-12T16:11:06.896+0000] {spark_submit.py:579} INFO - 25/09/12 16:11:06 INFO BlockManager: Using org.apache.spark.storage.RandomBlockReplicationPolicy for block replication policy
[2025-09-12T16:11:06.913+0000] {spark_submit.py:579} INFO - 25/09/12 16:11:06 INFO BlockManagerMaster: Registering BlockManager BlockManagerId(driver, 54b9d34f669e, 46329, None)
[2025-09-12T16:11:06.918+0000] {spark_submit.py:579} INFO - 25/09/12 16:11:06 INFO BlockManagerMasterEndpoint: Registering block manager 54b9d34f669e:46329 with 434.4 MiB RAM, BlockManagerId(driver, 54b9d34f669e, 46329, None)
[2025-09-12T16:11:06.921+0000] {spark_submit.py:579} INFO - 25/09/12 16:11:06 INFO BlockManagerMaster: Registered BlockManager BlockManagerId(driver, 54b9d34f669e, 46329, None)
[2025-09-12T16:11:06.924+0000] {spark_submit.py:579} INFO - 25/09/12 16:11:06 INFO BlockManager: Initialized BlockManager: BlockManagerId(driver, 54b9d34f669e, 46329, None)
[2025-09-12T16:11:06.941+0000] {spark_submit.py:579} INFO - 25/09/12 16:11:06 INFO StandaloneAppClient$ClientEndpoint: Executor updated: app-20250912161106-0005/0 is now RUNNING
[2025-09-12T16:11:07.066+0000] {spark_submit.py:579} INFO - 25/09/12 16:11:07 INFO StandaloneSchedulerBackend: SchedulerBackend is ready for scheduling beginning after reached minRegisteredResourcesRatio: 0.0
[2025-09-12T16:11:09.078+0000] {spark_submit.py:579} INFO - 25/09/12 16:11:09 INFO StandaloneSchedulerBackend$StandaloneDriverEndpoint: Registered executor NettyRpcEndpointRef(spark-client://Executor) (172.18.0.3:50478) with ID 0, ResourceProfileId 0
[2025-09-12T16:11:09.208+0000] {spark_submit.py:579} INFO - 25/09/12 16:11:09 INFO BlockManagerMasterEndpoint: Registering block manager 172.18.0.3:35081 with 434.4 MiB RAM, BlockManagerId(0, 172.18.0.3, 35081, None)
[2025-09-12T16:11:11.144+0000] {spark_submit.py:579} INFO - dict_keys(['daily', 'daily960', 'live_rapid', 'live_blitz', 'live_bullet', 'live_bughouse', 'live_blitz960', 'live_threecheck', 'live_crazyhouse', 'tactics', 'rush', 'battle'])
[2025-09-12T16:11:11.525+0000] {spark_submit.py:579} INFO - 25/09/12 16:11:11 INFO SharedState: Setting hive.metastore.warehouse.dir ('null') to the value of spark.sql.warehouse.dir.
[2025-09-12T16:11:11.526+0000] {spark_submit.py:579} INFO - 25/09/12 16:11:11 INFO SharedState: Warehouse path is 'file:/opt/***/spark-warehouse'.
[2025-09-12T16:11:13.873+0000] {spark_submit.py:579} INFO - 25/09/12 16:11:13 WARN SparkStringUtils: Truncated the string representation of a plan since it was too large. This behavior can be adjusted by setting 'spark.sql.debug.maxToStringFields'.
[2025-09-12T16:11:14.168+0000] {spark_submit.py:579} INFO - 25/09/12 16:11:14 INFO CodeGenerator: Code generated in 179.20337 ms
[2025-09-12T16:11:14.247+0000] {spark_submit.py:579} INFO - 25/09/12 16:11:14 INFO SparkContext: Starting job: jdbc at NativeMethodAccessorImpl.java:0
[2025-09-12T16:11:14.259+0000] {spark_submit.py:579} INFO - 25/09/12 16:11:14 INFO DAGScheduler: Got job 0 (jdbc at NativeMethodAccessorImpl.java:0) with 2 output partitions
[2025-09-12T16:11:14.260+0000] {spark_submit.py:579} INFO - 25/09/12 16:11:14 INFO DAGScheduler: Final stage: ResultStage 0 (jdbc at NativeMethodAccessorImpl.java:0)
[2025-09-12T16:11:14.260+0000] {spark_submit.py:579} INFO - 25/09/12 16:11:14 INFO DAGScheduler: Parents of final stage: List()
[2025-09-12T16:11:14.262+0000] {spark_submit.py:579} INFO - 25/09/12 16:11:14 INFO DAGScheduler: Missing parents: List()
[2025-09-12T16:11:14.264+0000] {spark_submit.py:579} INFO - 25/09/12 16:11:14 INFO DAGScheduler: Submitting ResultStage 0 (MapPartitionsRDD[53] at jdbc at NativeMethodAccessorImpl.java:0), which has no missing parents
[2025-09-12T16:11:14.319+0000] {spark_submit.py:579} INFO - 25/09/12 16:11:14 INFO MemoryStore: MemoryStore started with capacity 434.4 MiB
[2025-09-12T16:11:14.337+0000] {spark_submit.py:579} INFO - 25/09/12 16:11:14 INFO MemoryStore: Block broadcast_0 stored as values in memory (estimated size 33.9 KiB, free 434.4 MiB)
[2025-09-12T16:11:14.359+0000] {spark_submit.py:579} INFO - 25/09/12 16:11:14 INFO MemoryStore: Block broadcast_0_piece0 stored as bytes in memory (estimated size 14.5 KiB, free 434.4 MiB)
[2025-09-12T16:11:14.364+0000] {spark_submit.py:579} INFO - 25/09/12 16:11:14 INFO SparkContext: Created broadcast 0 from broadcast at DAGScheduler.scala:1676
[2025-09-12T16:11:14.379+0000] {spark_submit.py:579} INFO - 25/09/12 16:11:14 INFO DAGScheduler: Submitting 2 missing tasks from ResultStage 0 (MapPartitionsRDD[53] at jdbc at NativeMethodAccessorImpl.java:0) (first 15 tasks are for partitions Vector(0, 1))
[2025-09-12T16:11:14.388+0000] {spark_submit.py:579} INFO - 25/09/12 16:11:14 INFO TaskSchedulerImpl: Adding task set 0.0 with 2 tasks resource profile 0
[2025-09-12T16:11:14.411+0000] {spark_submit.py:579} INFO - 25/09/12 16:11:14 INFO TaskSetManager: Starting task 0.0 in stage 0.0 (TID 0) (172.18.0.3,executor 0, partition 0, PROCESS_LOCAL, 17752 bytes)
[2025-09-12T16:11:14.415+0000] {spark_submit.py:579} INFO - 25/09/12 16:11:14 INFO TaskSetManager: Starting task 1.0 in stage 0.0 (TID 1) (172.18.0.3,executor 0, partition 1, PROCESS_LOCAL, 17393 bytes)
[2025-09-12T16:11:17.707+0000] {spark_submit.py:579} INFO - 25/09/12 16:11:17 INFO TaskSetManager: Finished task 0.0 in stage 0.0 (TID 0) in 3304 ms on 172.18.0.3 (executor 0) (1/2)
[2025-09-12T16:11:17.708+0000] {spark_submit.py:579} INFO - 25/09/12 16:11:17 INFO TaskSetManager: Finished task 1.0 in stage 0.0 (TID 1) in 3293 ms on 172.18.0.3 (executor 0) (2/2)
[2025-09-12T16:11:17.708+0000] {spark_submit.py:579} INFO - 25/09/12 16:11:17 INFO TaskSchedulerImpl: Removed TaskSet 0.0 whose tasks have all completed, from pool
[2025-09-12T16:11:17.710+0000] {spark_submit.py:579} INFO - 25/09/12 16:11:17 INFO PythonAccumulatorV2: Connected to AccumulatorServer at host: 127.0.0.1 port: 33163
[2025-09-12T16:11:17.714+0000] {spark_submit.py:579} INFO - 25/09/12 16:11:17 INFO DAGScheduler: ResultStage 0 (jdbc at NativeMethodAccessorImpl.java:0) finished in 3439 ms
[2025-09-12T16:11:17.716+0000] {spark_submit.py:579} INFO - 25/09/12 16:11:17 INFO DAGScheduler: Job 0 is finished. Cancelling potential speculative or zombie tasks for this job
[2025-09-12T16:11:17.716+0000] {spark_submit.py:579} INFO - 25/09/12 16:11:17 INFO TaskSchedulerImpl: Canceling stage 0
[2025-09-12T16:11:17.717+0000] {spark_submit.py:579} INFO - 25/09/12 16:11:17 INFO TaskSchedulerImpl: Killing all running tasks in stage 0: Stage finished
[2025-09-12T16:11:17.719+0000] {spark_submit.py:579} INFO - 25/09/12 16:11:17 INFO DAGScheduler: Job 0 finished: jdbc at NativeMethodAccessorImpl.java:0, took 3471.781984 ms
[2025-09-12T16:11:18.439+0000] {spark_submit.py:579} INFO - table daily has been loaded
[2025-09-12T16:11:18.782+0000] {spark_submit.py:579} INFO - 25/09/12 16:11:18 INFO SparkContext: Starting job: jdbc at NativeMethodAccessorImpl.java:0
[2025-09-12T16:11:18.783+0000] {spark_submit.py:579} INFO - 25/09/12 16:11:18 INFO DAGScheduler: Got job 1 (jdbc at NativeMethodAccessorImpl.java:0) with 2 output partitions
[2025-09-12T16:11:18.783+0000] {spark_submit.py:579} INFO - 25/09/12 16:11:18 INFO DAGScheduler: Final stage: ResultStage 1 (jdbc at NativeMethodAccessorImpl.java:0)
[2025-09-12T16:11:18.784+0000] {spark_submit.py:579} INFO - 25/09/12 16:11:18 INFO DAGScheduler: Parents of final stage: List()
[2025-09-12T16:11:18.784+0000] {spark_submit.py:579} INFO - 25/09/12 16:11:18 INFO DAGScheduler: Missing parents: List()
[2025-09-12T16:11:18.785+0000] {spark_submit.py:579} INFO - 25/09/12 16:11:18 INFO DAGScheduler: Submitting ResultStage 1 (MapPartitionsRDD[57] at jdbc at NativeMethodAccessorImpl.java:0), which has no missing parents
[2025-09-12T16:11:18.788+0000] {spark_submit.py:579} INFO - 25/09/12 16:11:18 INFO MemoryStore: Block broadcast_1 stored as values in memory (estimated size 33.9 KiB, free 434.4 MiB)
[2025-09-12T16:11:18.796+0000] {spark_submit.py:579} INFO - 25/09/12 16:11:18 INFO MemoryStore: Block broadcast_1_piece0 stored as bytes in memory (estimated size 14.6 KiB, free 434.4 MiB)
[2025-09-12T16:11:18.797+0000] {spark_submit.py:579} INFO - 25/09/12 16:11:18 INFO SparkContext: Created broadcast 1 from broadcast at DAGScheduler.scala:1676
[2025-09-12T16:11:18.801+0000] {spark_submit.py:579} INFO - 25/09/12 16:11:18 INFO DAGScheduler: Submitting 2 missing tasks from ResultStage 1 (MapPartitionsRDD[57] at jdbc at NativeMethodAccessorImpl.java:0) (first 15 tasks are for partitions Vector(0, 1))
[2025-09-12T16:11:18.802+0000] {spark_submit.py:579} INFO - 25/09/12 16:11:18 INFO TaskSchedulerImpl: Adding task set 1.0 with 2 tasks resource profile 0
[2025-09-12T16:11:18.807+0000] {spark_submit.py:579} INFO - 25/09/12 16:11:18 INFO TaskSetManager: Starting task 0.0 in stage 1.0 (TID 2) (172.18.0.3,executor 0, partition 0, PROCESS_LOCAL, 18049 bytes)
[2025-09-12T16:11:18.808+0000] {spark_submit.py:579} INFO - 25/09/12 16:11:18 INFO TaskSetManager: Starting task 1.0 in stage 1.0 (TID 3) (172.18.0.3,executor 0, partition 1, PROCESS_LOCAL, 17814 bytes)
[2025-09-12T16:11:19.293+0000] {spark_submit.py:579} INFO - 25/09/12 16:11:19 INFO TaskSetManager: Finished task 1.0 in stage 1.0 (TID 3) in 493 ms on 172.18.0.3 (executor 0) (1/2)
[2025-09-12T16:11:19.321+0000] {spark_submit.py:579} INFO - 25/09/12 16:11:19 INFO TaskSetManager: Finished task 0.0 in stage 1.0 (TID 2) in 522 ms on 172.18.0.3 (executor 0) (2/2)
[2025-09-12T16:11:19.322+0000] {spark_submit.py:579} INFO - 25/09/12 16:11:19 INFO TaskSchedulerImpl: Removed TaskSet 1.0 whose tasks have all completed, from pool
[2025-09-12T16:11:19.323+0000] {spark_submit.py:579} INFO - 25/09/12 16:11:19 INFO DAGScheduler: ResultStage 1 (jdbc at NativeMethodAccessorImpl.java:0) finished in 537 ms
[2025-09-12T16:11:19.323+0000] {spark_submit.py:579} INFO - 25/09/12 16:11:19 INFO DAGScheduler: Job 1 is finished. Cancelling potential speculative or zombie tasks for this job
[2025-09-12T16:11:19.323+0000] {spark_submit.py:579} INFO - 25/09/12 16:11:19 INFO TaskSchedulerImpl: Canceling stage 1
[2025-09-12T16:11:19.324+0000] {spark_submit.py:579} INFO - 25/09/12 16:11:19 INFO TaskSchedulerImpl: Killing all running tasks in stage 1: Stage finished
[2025-09-12T16:11:19.324+0000] {spark_submit.py:579} INFO - 25/09/12 16:11:19 INFO DAGScheduler: Job 1 finished: jdbc at NativeMethodAccessorImpl.java:0, took 541.491241 ms
[2025-09-12T16:11:19.984+0000] {spark_submit.py:579} INFO - table live_rapid has been loaded
[2025-09-12T16:11:20.388+0000] {spark_submit.py:579} INFO - 25/09/12 16:11:20 INFO SparkContext: Starting job: jdbc at NativeMethodAccessorImpl.java:0
[2025-09-12T16:11:20.390+0000] {spark_submit.py:579} INFO - 25/09/12 16:11:20 INFO DAGScheduler: Got job 2 (jdbc at NativeMethodAccessorImpl.java:0) with 2 output partitions
[2025-09-12T16:11:20.390+0000] {spark_submit.py:579} INFO - 25/09/12 16:11:20 INFO DAGScheduler: Final stage: ResultStage 2 (jdbc at NativeMethodAccessorImpl.java:0)
[2025-09-12T16:11:20.391+0000] {spark_submit.py:579} INFO - 25/09/12 16:11:20 INFO DAGScheduler: Parents of final stage: List()
[2025-09-12T16:11:20.391+0000] {spark_submit.py:579} INFO - 25/09/12 16:11:20 INFO DAGScheduler: Missing parents: List()
[2025-09-12T16:11:20.391+0000] {spark_submit.py:579} INFO - 25/09/12 16:11:20 INFO DAGScheduler: Submitting ResultStage 2 (MapPartitionsRDD[61] at jdbc at NativeMethodAccessorImpl.java:0), which has no missing parents
[2025-09-12T16:11:20.394+0000] {spark_submit.py:579} INFO - 25/09/12 16:11:20 INFO MemoryStore: Block broadcast_2 stored as values in memory (estimated size 33.9 KiB, free 434.3 MiB)
[2025-09-12T16:11:20.402+0000] {spark_submit.py:579} INFO - 25/09/12 16:11:20 INFO MemoryStore: Block broadcast_2_piece0 stored as bytes in memory (estimated size 14.6 KiB, free 434.3 MiB)
[2025-09-12T16:11:20.405+0000] {spark_submit.py:579} INFO - 25/09/12 16:11:20 INFO SparkContext: Created broadcast 2 from broadcast at DAGScheduler.scala:1676
[2025-09-12T16:11:20.406+0000] {spark_submit.py:579} INFO - 25/09/12 16:11:20 INFO DAGScheduler: Submitting 2 missing tasks from ResultStage 2 (MapPartitionsRDD[61] at jdbc at NativeMethodAccessorImpl.java:0) (first 15 tasks are for partitions Vector(0, 1))
[2025-09-12T16:11:20.413+0000] {spark_submit.py:579} INFO - 25/09/12 16:11:20 INFO TaskSchedulerImpl: Adding task set 2.0 with 2 tasks resource profile 0
[2025-09-12T16:11:20.413+0000] {spark_submit.py:579} INFO - 25/09/12 16:11:20 INFO TaskSetManager: Starting task 0.0 in stage 2.0 (TID 4) (172.18.0.3,executor 0, partition 0, PROCESS_LOCAL, 18072 bytes)
[2025-09-12T16:11:20.414+0000] {spark_submit.py:579} INFO - 25/09/12 16:11:20 INFO TaskSetManager: Starting task 1.0 in stage 2.0 (TID 5) (172.18.0.3,executor 0, partition 1, PROCESS_LOCAL, 18125 bytes)
[2025-09-12T16:11:20.899+0000] {spark_submit.py:579} INFO - 25/09/12 16:11:20 INFO TaskSetManager: Finished task 0.0 in stage 2.0 (TID 4) in 492 ms on 172.18.0.3 (executor 0) (1/2)
[2025-09-12T16:11:20.900+0000] {spark_submit.py:579} INFO - 25/09/12 16:11:20 INFO TaskSetManager: Finished task 1.0 in stage 2.0 (TID 5) in 491 ms on 172.18.0.3 (executor 0) (2/2)
[2025-09-12T16:11:20.900+0000] {spark_submit.py:579} INFO - 25/09/12 16:11:20 INFO TaskSchedulerImpl: Removed TaskSet 2.0 whose tasks have all completed, from pool
[2025-09-12T16:11:20.901+0000] {spark_submit.py:579} INFO - 25/09/12 16:11:20 INFO DAGScheduler: ResultStage 2 (jdbc at NativeMethodAccessorImpl.java:0) finished in 508 ms
[2025-09-12T16:11:20.901+0000] {spark_submit.py:579} INFO - 25/09/12 16:11:20 INFO DAGScheduler: Job 2 is finished. Cancelling potential speculative or zombie tasks for this job
[2025-09-12T16:11:20.901+0000] {spark_submit.py:579} INFO - 25/09/12 16:11:20 INFO TaskSchedulerImpl: Canceling stage 2
[2025-09-12T16:11:20.901+0000] {spark_submit.py:579} INFO - 25/09/12 16:11:20 INFO TaskSchedulerImpl: Killing all running tasks in stage 2: Stage finished
[2025-09-12T16:11:20.902+0000] {spark_submit.py:579} INFO - 25/09/12 16:11:20 INFO DAGScheduler: Job 2 finished: jdbc at NativeMethodAccessorImpl.java:0, took 512.843219 ms
[2025-09-12T16:11:21.924+0000] {spark_submit.py:579} INFO - table live_blitz has been loaded
[2025-09-12T16:11:22.470+0000] {spark_submit.py:579} INFO - 25/09/12 16:11:22 INFO CodeGenerator: Code generated in 22.406844 ms
[2025-09-12T16:11:22.486+0000] {spark_submit.py:579} INFO - 25/09/12 16:11:22 INFO SparkContext: Starting job: jdbc at NativeMethodAccessorImpl.java:0
[2025-09-12T16:11:22.488+0000] {spark_submit.py:579} INFO - 25/09/12 16:11:22 INFO DAGScheduler: Got job 3 (jdbc at NativeMethodAccessorImpl.java:0) with 2 output partitions
[2025-09-12T16:11:22.489+0000] {spark_submit.py:579} INFO - 25/09/12 16:11:22 INFO DAGScheduler: Final stage: ResultStage 3 (jdbc at NativeMethodAccessorImpl.java:0)
[2025-09-12T16:11:22.490+0000] {spark_submit.py:579} INFO - 25/09/12 16:11:22 INFO DAGScheduler: Parents of final stage: List()
[2025-09-12T16:11:22.491+0000] {spark_submit.py:579} INFO - 25/09/12 16:11:22 INFO DAGScheduler: Missing parents: List()
[2025-09-12T16:11:22.492+0000] {spark_submit.py:579} INFO - 25/09/12 16:11:22 INFO DAGScheduler: Submitting ResultStage 3 (MapPartitionsRDD[65] at jdbc at NativeMethodAccessorImpl.java:0), which has no missing parents
[2025-09-12T16:11:22.494+0000] {spark_submit.py:579} INFO - 25/09/12 16:11:22 INFO MemoryStore: Block broadcast_3 stored as values in memory (estimated size 33.9 KiB, free 434.3 MiB)
[2025-09-12T16:11:22.503+0000] {spark_submit.py:579} INFO - 25/09/12 16:11:22 INFO MemoryStore: Block broadcast_3_piece0 stored as bytes in memory (estimated size 14.6 KiB, free 434.3 MiB)
[2025-09-12T16:11:22.508+0000] {spark_submit.py:579} INFO - 25/09/12 16:11:22 INFO SparkContext: Created broadcast 3 from broadcast at DAGScheduler.scala:1676
[2025-09-12T16:11:22.509+0000] {spark_submit.py:579} INFO - 25/09/12 16:11:22 INFO DAGScheduler: Submitting 2 missing tasks from ResultStage 3 (MapPartitionsRDD[65] at jdbc at NativeMethodAccessorImpl.java:0) (first 15 tasks are for partitions Vector(0, 1))
[2025-09-12T16:11:22.513+0000] {spark_submit.py:579} INFO - 25/09/12 16:11:22 INFO TaskSchedulerImpl: Adding task set 3.0 with 2 tasks resource profile 0
[2025-09-12T16:11:22.515+0000] {spark_submit.py:579} INFO - 25/09/12 16:11:22 INFO TaskSetManager: Starting task 0.0 in stage 3.0 (TID 6) (172.18.0.3,executor 0, partition 0, PROCESS_LOCAL, 18067 bytes)
[2025-09-12T16:11:22.515+0000] {spark_submit.py:579} INFO - 25/09/12 16:11:22 INFO TaskSetManager: Starting task 1.0 in stage 3.0 (TID 7) (172.18.0.3,executor 0, partition 1, PROCESS_LOCAL, 17979 bytes)
[2025-09-12T16:11:23.050+0000] {spark_submit.py:579} INFO - 25/09/12 16:11:23 INFO TaskSetManager: Finished task 1.0 in stage 3.0 (TID 7) in 538 ms on 172.18.0.3 (executor 0) (1/2)
[2025-09-12T16:11:23.050+0000] {spark_submit.py:579} INFO - 25/09/12 16:11:23 INFO TaskSetManager: Finished task 0.0 in stage 3.0 (TID 6) in 540 ms on 172.18.0.3 (executor 0) (2/2)
[2025-09-12T16:11:23.051+0000] {spark_submit.py:579} INFO - 25/09/12 16:11:23 INFO TaskSchedulerImpl: Removed TaskSet 3.0 whose tasks have all completed, from pool
[2025-09-12T16:11:23.051+0000] {spark_submit.py:579} INFO - 25/09/12 16:11:23 INFO DAGScheduler: ResultStage 3 (jdbc at NativeMethodAccessorImpl.java:0) finished in 561 ms
[2025-09-12T16:11:23.051+0000] {spark_submit.py:579} INFO - 25/09/12 16:11:23 INFO DAGScheduler: Job 3 is finished. Cancelling potential speculative or zombie tasks for this job
[2025-09-12T16:11:23.052+0000] {spark_submit.py:579} INFO - 25/09/12 16:11:23 INFO TaskSchedulerImpl: Canceling stage 3
[2025-09-12T16:11:23.052+0000] {spark_submit.py:579} INFO - 25/09/12 16:11:23 INFO TaskSchedulerImpl: Killing all running tasks in stage 3: Stage finished
[2025-09-12T16:11:23.052+0000] {spark_submit.py:579} INFO - 25/09/12 16:11:23 INFO DAGScheduler: Job 3 finished: jdbc at NativeMethodAccessorImpl.java:0, took 565.710536 ms
[2025-09-12T16:11:23.497+0000] {spark_submit.py:579} INFO - table live_bullet has been loaded
[2025-09-12T16:11:23.777+0000] {spark_submit.py:579} INFO - 25/09/12 16:11:23 INFO CodeGenerator: Code generated in 12.693865 ms
[2025-09-12T16:11:23.787+0000] {spark_submit.py:579} INFO - 25/09/12 16:11:23 INFO SparkContext: Starting job: jdbc at NativeMethodAccessorImpl.java:0
[2025-09-12T16:11:23.788+0000] {spark_submit.py:579} INFO - 25/09/12 16:11:23 INFO DAGScheduler: Got job 4 (jdbc at NativeMethodAccessorImpl.java:0) with 2 output partitions
[2025-09-12T16:11:23.789+0000] {spark_submit.py:579} INFO - 25/09/12 16:11:23 INFO DAGScheduler: Final stage: ResultStage 4 (jdbc at NativeMethodAccessorImpl.java:0)
[2025-09-12T16:11:23.789+0000] {spark_submit.py:579} INFO - 25/09/12 16:11:23 INFO DAGScheduler: Parents of final stage: List()
[2025-09-12T16:11:23.790+0000] {spark_submit.py:579} INFO - 25/09/12 16:11:23 INFO DAGScheduler: Missing parents: List()
[2025-09-12T16:11:23.790+0000] {spark_submit.py:579} INFO - 25/09/12 16:11:23 INFO DAGScheduler: Submitting ResultStage 4 (MapPartitionsRDD[69] at jdbc at NativeMethodAccessorImpl.java:0), which has no missing parents
[2025-09-12T16:11:23.791+0000] {spark_submit.py:579} INFO - 25/09/12 16:11:23 INFO MemoryStore: Block broadcast_4 stored as values in memory (estimated size 28.2 KiB, free 434.3 MiB)
[2025-09-12T16:11:23.799+0000] {spark_submit.py:579} INFO - 25/09/12 16:11:23 INFO MemoryStore: Block broadcast_4_piece0 stored as bytes in memory (estimated size 12.6 KiB, free 434.3 MiB)
[2025-09-12T16:11:23.801+0000] {spark_submit.py:579} INFO - 25/09/12 16:11:23 INFO SparkContext: Created broadcast 4 from broadcast at DAGScheduler.scala:1676
[2025-09-12T16:11:23.802+0000] {spark_submit.py:579} INFO - 25/09/12 16:11:23 INFO DAGScheduler: Submitting 2 missing tasks from ResultStage 4 (MapPartitionsRDD[69] at jdbc at NativeMethodAccessorImpl.java:0) (first 15 tasks are for partitions Vector(0, 1))
[2025-09-12T16:11:23.805+0000] {spark_submit.py:579} INFO - 25/09/12 16:11:23 INFO TaskSchedulerImpl: Adding task set 4.0 with 2 tasks resource profile 0
[2025-09-12T16:11:23.806+0000] {spark_submit.py:579} INFO - 25/09/12 16:11:23 INFO TaskSetManager: Starting task 0.0 in stage 4.0 (TID 8) (172.18.0.3,executor 0, partition 0, PROCESS_LOCAL, 9868 bytes)
[2025-09-12T16:11:23.807+0000] {spark_submit.py:579} INFO - 25/09/12 16:11:23 INFO TaskSetManager: Starting task 1.0 in stage 4.0 (TID 9) (172.18.0.3,executor 0, partition 1, PROCESS_LOCAL, 10002 bytes)
[2025-09-12T16:11:24.021+0000] {spark_submit.py:579} INFO - 25/09/12 16:11:24 INFO TaskSetManager: Finished task 0.0 in stage 4.0 (TID 8) in 217 ms on 172.18.0.3 (executor 0) (1/2)
[2025-09-12T16:11:24.498+0000] {spark_submit.py:579} INFO - 25/09/12 16:11:24 INFO TaskSetManager: Finished task 1.0 in stage 4.0 (TID 9) in 694 ms on 172.18.0.3 (executor 0) (2/2)
[2025-09-12T16:11:24.498+0000] {spark_submit.py:579} INFO - 25/09/12 16:11:24 INFO TaskSchedulerImpl: Removed TaskSet 4.0 whose tasks have all completed, from pool
[2025-09-12T16:11:24.499+0000] {spark_submit.py:579} INFO - 25/09/12 16:11:24 INFO DAGScheduler: ResultStage 4 (jdbc at NativeMethodAccessorImpl.java:0) finished in 708 ms
[2025-09-12T16:11:24.499+0000] {spark_submit.py:579} INFO - 25/09/12 16:11:24 INFO DAGScheduler: Job 4 is finished. Cancelling potential speculative or zombie tasks for this job
[2025-09-12T16:11:24.500+0000] {spark_submit.py:579} INFO - 25/09/12 16:11:24 INFO TaskSchedulerImpl: Canceling stage 4
[2025-09-12T16:11:24.500+0000] {spark_submit.py:579} INFO - 25/09/12 16:11:24 INFO TaskSchedulerImpl: Killing all running tasks in stage 4: Stage finished
[2025-09-12T16:11:24.500+0000] {spark_submit.py:579} INFO - 25/09/12 16:11:24 INFO DAGScheduler: Job 4 finished: jdbc at NativeMethodAccessorImpl.java:0, took 712.280942 ms
[2025-09-12T16:11:25.222+0000] {spark_submit.py:579} INFO - table kue_daily has been loaded
[2025-09-12T16:11:25.490+0000] {spark_submit.py:579} INFO - 25/09/12 16:11:25 INFO CodeGenerator: Code generated in 11.194522 ms
[2025-09-12T16:11:25.502+0000] {spark_submit.py:579} INFO - 25/09/12 16:11:25 INFO SparkContext: Starting job: jdbc at NativeMethodAccessorImpl.java:0
[2025-09-12T16:11:25.503+0000] {spark_submit.py:579} INFO - 25/09/12 16:11:25 INFO DAGScheduler: Got job 5 (jdbc at NativeMethodAccessorImpl.java:0) with 2 output partitions
[2025-09-12T16:11:25.503+0000] {spark_submit.py:579} INFO - 25/09/12 16:11:25 INFO DAGScheduler: Final stage: ResultStage 5 (jdbc at NativeMethodAccessorImpl.java:0)
[2025-09-12T16:11:25.504+0000] {spark_submit.py:579} INFO - 25/09/12 16:11:25 INFO DAGScheduler: Parents of final stage: List()
[2025-09-12T16:11:25.504+0000] {spark_submit.py:579} INFO - 25/09/12 16:11:25 INFO DAGScheduler: Missing parents: List()
[2025-09-12T16:11:25.504+0000] {spark_submit.py:579} INFO - 25/09/12 16:11:25 INFO DAGScheduler: Submitting ResultStage 5 (MapPartitionsRDD[73] at jdbc at NativeMethodAccessorImpl.java:0), which has no missing parents
[2025-09-12T16:11:25.506+0000] {spark_submit.py:579} INFO - 25/09/12 16:11:25 INFO MemoryStore: Block broadcast_5 stored as values in memory (estimated size 27.2 KiB, free 434.3 MiB)
[2025-09-12T16:11:25.512+0000] {spark_submit.py:579} INFO - 25/09/12 16:11:25 INFO MemoryStore: Block broadcast_5_piece0 stored as bytes in memory (estimated size 12.4 KiB, free 434.3 MiB)
[2025-09-12T16:11:25.514+0000] {spark_submit.py:579} INFO - 25/09/12 16:11:25 INFO SparkContext: Created broadcast 5 from broadcast at DAGScheduler.scala:1676
[2025-09-12T16:11:25.515+0000] {spark_submit.py:579} INFO - 25/09/12 16:11:25 INFO DAGScheduler: Submitting 2 missing tasks from ResultStage 5 (MapPartitionsRDD[73] at jdbc at NativeMethodAccessorImpl.java:0) (first 15 tasks are for partitions Vector(0, 1))
[2025-09-12T16:11:25.516+0000] {spark_submit.py:579} INFO - 25/09/12 16:11:25 INFO TaskSchedulerImpl: Adding task set 5.0 with 2 tasks resource profile 0
[2025-09-12T16:11:25.518+0000] {spark_submit.py:579} INFO - 25/09/12 16:11:25 INFO TaskSetManager: Starting task 0.0 in stage 5.0 (TID 10) (172.18.0.3,executor 0, partition 0, PROCESS_LOCAL, 9868 bytes)
[2025-09-12T16:11:25.519+0000] {spark_submit.py:579} INFO - 25/09/12 16:11:25 INFO TaskSetManager: Starting task 1.0 in stage 5.0 (TID 11) (172.18.0.3,executor 0, partition 1, PROCESS_LOCAL, 10001 bytes)
[2025-09-12T16:11:25.699+0000] {spark_submit.py:579} INFO - 25/09/12 16:11:25 INFO TaskSetManager: Finished task 0.0 in stage 5.0 (TID 10) in 182 ms on 172.18.0.3 (executor 0) (1/2)
[2025-09-12T16:11:26.287+0000] {spark_submit.py:579} INFO - 25/09/12 16:11:26 INFO TaskSetManager: Finished task 1.0 in stage 5.0 (TID 11) in 769 ms on 172.18.0.3 (executor 0) (2/2)
[2025-09-12T16:11:26.288+0000] {spark_submit.py:579} INFO - 25/09/12 16:11:26 INFO TaskSchedulerImpl: Removed TaskSet 5.0 whose tasks have all completed, from pool
[2025-09-12T16:11:26.288+0000] {spark_submit.py:579} INFO - 25/09/12 16:11:26 INFO DAGScheduler: ResultStage 5 (jdbc at NativeMethodAccessorImpl.java:0) finished in 784 ms
[2025-09-12T16:11:26.288+0000] {spark_submit.py:579} INFO - 25/09/12 16:11:26 INFO DAGScheduler: Job 5 is finished. Cancelling potential speculative or zombie tasks for this job
[2025-09-12T16:11:26.289+0000] {spark_submit.py:579} INFO - 25/09/12 16:11:26 INFO TaskSchedulerImpl: Canceling stage 5
[2025-09-12T16:11:26.289+0000] {spark_submit.py:579} INFO - 25/09/12 16:11:26 INFO TaskSchedulerImpl: Killing all running tasks in stage 5: Stage finished
[2025-09-12T16:11:26.290+0000] {spark_submit.py:579} INFO - 25/09/12 16:11:26 INFO DAGScheduler: Job 5 finished: jdbc at NativeMethodAccessorImpl.java:0, took 786.668878 ms
[2025-09-12T16:11:27.594+0000] {spark_submit.py:579} INFO - table kue_rapid has been loaded
[2025-09-12T16:11:27.878+0000] {spark_submit.py:579} INFO - 25/09/12 16:11:27 INFO SparkContext: Starting job: jdbc at NativeMethodAccessorImpl.java:0
[2025-09-12T16:11:27.881+0000] {spark_submit.py:579} INFO - 25/09/12 16:11:27 INFO DAGScheduler: Got job 6 (jdbc at NativeMethodAccessorImpl.java:0) with 2 output partitions
[2025-09-12T16:11:27.882+0000] {spark_submit.py:579} INFO - 25/09/12 16:11:27 INFO DAGScheduler: Final stage: ResultStage 6 (jdbc at NativeMethodAccessorImpl.java:0)
[2025-09-12T16:11:27.882+0000] {spark_submit.py:579} INFO - 25/09/12 16:11:27 INFO DAGScheduler: Parents of final stage: List()
[2025-09-12T16:11:27.882+0000] {spark_submit.py:579} INFO - 25/09/12 16:11:27 INFO DAGScheduler: Missing parents: List()
[2025-09-12T16:11:27.883+0000] {spark_submit.py:579} INFO - 25/09/12 16:11:27 INFO DAGScheduler: Submitting ResultStage 6 (MapPartitionsRDD[77] at jdbc at NativeMethodAccessorImpl.java:0), which has no missing parents
[2025-09-12T16:11:27.883+0000] {spark_submit.py:579} INFO - 25/09/12 16:11:27 INFO MemoryStore: Block broadcast_6 stored as values in memory (estimated size 27.2 KiB, free 434.3 MiB)
[2025-09-12T16:11:27.888+0000] {spark_submit.py:579} INFO - 25/09/12 16:11:27 INFO MemoryStore: Block broadcast_6_piece0 stored as bytes in memory (estimated size 12.4 KiB, free 434.3 MiB)
[2025-09-12T16:11:27.891+0000] {spark_submit.py:579} INFO - 25/09/12 16:11:27 INFO SparkContext: Created broadcast 6 from broadcast at DAGScheduler.scala:1676
[2025-09-12T16:11:27.894+0000] {spark_submit.py:579} INFO - 25/09/12 16:11:27 INFO DAGScheduler: Submitting 2 missing tasks from ResultStage 6 (MapPartitionsRDD[77] at jdbc at NativeMethodAccessorImpl.java:0) (first 15 tasks are for partitions Vector(0, 1))
[2025-09-12T16:11:27.894+0000] {spark_submit.py:579} INFO - 25/09/12 16:11:27 INFO TaskSchedulerImpl: Adding task set 6.0 with 2 tasks resource profile 0
[2025-09-12T16:11:27.894+0000] {spark_submit.py:579} INFO - 25/09/12 16:11:27 INFO TaskSetManager: Starting task 0.0 in stage 6.0 (TID 12) (172.18.0.3,executor 0, partition 0, PROCESS_LOCAL, 9868 bytes)
[2025-09-12T16:11:27.895+0000] {spark_submit.py:579} INFO - 25/09/12 16:11:27 INFO TaskSetManager: Starting task 1.0 in stage 6.0 (TID 13) (172.18.0.3,executor 0, partition 1, PROCESS_LOCAL, 10001 bytes)
[2025-09-12T16:11:28.031+0000] {spark_submit.py:579} INFO - 25/09/12 16:11:28 INFO TaskSetManager: Finished task 0.0 in stage 6.0 (TID 12) in 139 ms on 172.18.0.3 (executor 0) (1/2)
[2025-09-12T16:11:28.534+0000] {spark_submit.py:579} INFO - 25/09/12 16:11:28 INFO TaskSetManager: Finished task 1.0 in stage 6.0 (TID 13) in 642 ms on 172.18.0.3 (executor 0) (2/2)
[2025-09-12T16:11:28.536+0000] {spark_submit.py:579} INFO - 25/09/12 16:11:28 INFO TaskSchedulerImpl: Removed TaskSet 6.0 whose tasks have all completed, from pool
[2025-09-12T16:11:28.536+0000] {spark_submit.py:579} INFO - 25/09/12 16:11:28 INFO DAGScheduler: ResultStage 6 (jdbc at NativeMethodAccessorImpl.java:0) finished in 655 ms
[2025-09-12T16:11:28.537+0000] {spark_submit.py:579} INFO - 25/09/12 16:11:28 INFO DAGScheduler: Job 6 is finished. Cancelling potential speculative or zombie tasks for this job
[2025-09-12T16:11:28.537+0000] {spark_submit.py:579} INFO - 25/09/12 16:11:28 INFO TaskSchedulerImpl: Canceling stage 6
[2025-09-12T16:11:28.537+0000] {spark_submit.py:579} INFO - 25/09/12 16:11:28 INFO TaskSchedulerImpl: Killing all running tasks in stage 6: Stage finished
[2025-09-12T16:11:28.537+0000] {spark_submit.py:579} INFO - 25/09/12 16:11:28 INFO DAGScheduler: Job 6 finished: jdbc at NativeMethodAccessorImpl.java:0, took 657.661365 ms
[2025-09-12T16:11:28.883+0000] {spark_submit.py:579} INFO - table kue_blitz has been loaded
[2025-09-12T16:11:29.141+0000] {spark_submit.py:579} INFO - 25/09/12 16:11:29 INFO CodeGenerator: Code generated in 7.013728 ms
[2025-09-12T16:11:29.151+0000] {spark_submit.py:579} INFO - 25/09/12 16:11:29 INFO SparkContext: Starting job: jdbc at NativeMethodAccessorImpl.java:0
[2025-09-12T16:11:29.152+0000] {spark_submit.py:579} INFO - 25/09/12 16:11:29 INFO DAGScheduler: Got job 7 (jdbc at NativeMethodAccessorImpl.java:0) with 2 output partitions
[2025-09-12T16:11:29.153+0000] {spark_submit.py:579} INFO - 25/09/12 16:11:29 INFO DAGScheduler: Final stage: ResultStage 7 (jdbc at NativeMethodAccessorImpl.java:0)
[2025-09-12T16:11:29.153+0000] {spark_submit.py:579} INFO - 25/09/12 16:11:29 INFO DAGScheduler: Parents of final stage: List()
[2025-09-12T16:11:29.154+0000] {spark_submit.py:579} INFO - 25/09/12 16:11:29 INFO DAGScheduler: Missing parents: List()
[2025-09-12T16:11:29.154+0000] {spark_submit.py:579} INFO - 25/09/12 16:11:29 INFO DAGScheduler: Submitting ResultStage 7 (MapPartitionsRDD[81] at jdbc at NativeMethodAccessorImpl.java:0), which has no missing parents
[2025-09-12T16:11:29.155+0000] {spark_submit.py:579} INFO - 25/09/12 16:11:29 INFO MemoryStore: Block broadcast_7 stored as values in memory (estimated size 25.8 KiB, free 434.3 MiB)
[2025-09-12T16:11:29.161+0000] {spark_submit.py:579} INFO - 25/09/12 16:11:29 INFO MemoryStore: Block broadcast_7_piece0 stored as bytes in memory (estimated size 12.1 KiB, free 434.3 MiB)
[2025-09-12T16:11:29.163+0000] {spark_submit.py:579} INFO - 25/09/12 16:11:29 INFO SparkContext: Created broadcast 7 from broadcast at DAGScheduler.scala:1676
[2025-09-12T16:11:29.165+0000] {spark_submit.py:579} INFO - 25/09/12 16:11:29 INFO DAGScheduler: Submitting 2 missing tasks from ResultStage 7 (MapPartitionsRDD[81] at jdbc at NativeMethodAccessorImpl.java:0) (first 15 tasks are for partitions Vector(0, 1))
[2025-09-12T16:11:29.166+0000] {spark_submit.py:579} INFO - 25/09/12 16:11:29 INFO TaskSchedulerImpl: Adding task set 7.0 with 2 tasks resource profile 0
[2025-09-12T16:11:29.166+0000] {spark_submit.py:579} INFO - 25/09/12 16:11:29 INFO TaskSetManager: Starting task 0.0 in stage 7.0 (TID 14) (172.18.0.3,executor 0, partition 0, PROCESS_LOCAL, 9868 bytes)
[2025-09-12T16:11:29.167+0000] {spark_submit.py:579} INFO - 25/09/12 16:11:29 INFO TaskSetManager: Starting task 1.0 in stage 7.0 (TID 15) (172.18.0.3,executor 0, partition 1, PROCESS_LOCAL, 9927 bytes)
[2025-09-12T16:11:29.348+0000] {spark_submit.py:579} INFO - 25/09/12 16:11:29 INFO TaskSetManager: Finished task 0.0 in stage 7.0 (TID 14) in 183 ms on 172.18.0.3 (executor 0) (1/2)
[2025-09-12T16:11:29.922+0000] {spark_submit.py:579} INFO - 25/09/12 16:11:29 INFO TaskSetManager: Finished task 1.0 in stage 7.0 (TID 15) in 757 ms on 172.18.0.3 (executor 0) (2/2)
[2025-09-12T16:11:29.923+0000] {spark_submit.py:579} INFO - 25/09/12 16:11:29 INFO TaskSchedulerImpl: Removed TaskSet 7.0 whose tasks have all completed, from pool
[2025-09-12T16:11:29.923+0000] {spark_submit.py:579} INFO - 25/09/12 16:11:29 INFO DAGScheduler: ResultStage 7 (jdbc at NativeMethodAccessorImpl.java:0) finished in 769 ms
[2025-09-12T16:11:29.923+0000] {spark_submit.py:579} INFO - 25/09/12 16:11:29 INFO DAGScheduler: Job 7 is finished. Cancelling potential speculative or zombie tasks for this job
[2025-09-12T16:11:29.924+0000] {spark_submit.py:579} INFO - 25/09/12 16:11:29 INFO TaskSchedulerImpl: Canceling stage 7
[2025-09-12T16:11:29.924+0000] {spark_submit.py:579} INFO - 25/09/12 16:11:29 INFO TaskSchedulerImpl: Killing all running tasks in stage 7: Stage finished
[2025-09-12T16:11:29.924+0000] {spark_submit.py:579} INFO - 25/09/12 16:11:29 INFO DAGScheduler: Job 7 finished: jdbc at NativeMethodAccessorImpl.java:0, took 772.778279 ms
[2025-09-12T16:11:30.248+0000] {spark_submit.py:579} INFO - table kue_bullet has been loaded
[2025-09-12T16:11:30.628+0000] {spark_submit.py:579} INFO - 25/09/12 16:11:30 INFO CodeGenerator: Code generated in 6.994327 ms
[2025-09-12T16:11:30.640+0000] {spark_submit.py:579} INFO - 25/09/12 16:11:30 INFO SparkContext: Starting job: jdbc at NativeMethodAccessorImpl.java:0
[2025-09-12T16:11:30.641+0000] {spark_submit.py:579} INFO - 25/09/12 16:11:30 INFO DAGScheduler: Got job 8 (jdbc at NativeMethodAccessorImpl.java:0) with 2 output partitions
[2025-09-12T16:11:30.642+0000] {spark_submit.py:579} INFO - 25/09/12 16:11:30 INFO DAGScheduler: Final stage: ResultStage 8 (jdbc at NativeMethodAccessorImpl.java:0)
[2025-09-12T16:11:30.642+0000] {spark_submit.py:579} INFO - 25/09/12 16:11:30 INFO DAGScheduler: Parents of final stage: List()
[2025-09-12T16:11:30.643+0000] {spark_submit.py:579} INFO - 25/09/12 16:11:30 INFO DAGScheduler: Missing parents: List()
[2025-09-12T16:11:30.643+0000] {spark_submit.py:579} INFO - 25/09/12 16:11:30 INFO DAGScheduler: Submitting ResultStage 8 (MapPartitionsRDD[85] at jdbc at NativeMethodAccessorImpl.java:0), which has no missing parents
[2025-09-12T16:11:30.644+0000] {spark_submit.py:579} INFO - 25/09/12 16:11:30 INFO MemoryStore: Block broadcast_8 stored as values in memory (estimated size 25.4 KiB, free 434.3 MiB)
[2025-09-12T16:11:30.651+0000] {spark_submit.py:579} INFO - 25/09/12 16:11:30 INFO MemoryStore: Block broadcast_8_piece0 stored as bytes in memory (estimated size 12.1 KiB, free 434.3 MiB)
[2025-09-12T16:11:30.654+0000] {spark_submit.py:579} INFO - 25/09/12 16:11:30 INFO SparkContext: Created broadcast 8 from broadcast at DAGScheduler.scala:1676
[2025-09-12T16:11:30.655+0000] {spark_submit.py:579} INFO - 25/09/12 16:11:30 INFO DAGScheduler: Submitting 2 missing tasks from ResultStage 8 (MapPartitionsRDD[85] at jdbc at NativeMethodAccessorImpl.java:0) (first 15 tasks are for partitions Vector(0, 1))
[2025-09-12T16:11:30.655+0000] {spark_submit.py:579} INFO - 25/09/12 16:11:30 INFO TaskSchedulerImpl: Adding task set 8.0 with 2 tasks resource profile 0
[2025-09-12T16:11:30.656+0000] {spark_submit.py:579} INFO - 25/09/12 16:11:30 INFO TaskSetManager: Starting task 0.0 in stage 8.0 (TID 16) (172.18.0.3,executor 0, partition 0, PROCESS_LOCAL, 9868 bytes)
[2025-09-12T16:11:30.657+0000] {spark_submit.py:579} INFO - 25/09/12 16:11:30 INFO TaskSetManager: Starting task 1.0 in stage 8.0 (TID 17) (172.18.0.3,executor 0, partition 1, PROCESS_LOCAL, 9946 bytes)
[2025-09-12T16:11:30.828+0000] {spark_submit.py:579} INFO - 25/09/12 16:11:30 INFO TaskSetManager: Finished task 0.0 in stage 8.0 (TID 16) in 171 ms on 172.18.0.3 (executor 0) (1/2)
[2025-09-12T16:11:31.046+0000] {spark_submit.py:579} INFO - 25/09/12 16:11:31 INFO TaskSetManager: Finished task 1.0 in stage 8.0 (TID 17) in 389 ms on 172.18.0.3 (executor 0) (2/2)
[2025-09-12T16:11:31.046+0000] {spark_submit.py:579} INFO - 25/09/12 16:11:31 INFO TaskSchedulerImpl: Removed TaskSet 8.0 whose tasks have all completed, from pool
[2025-09-12T16:11:31.047+0000] {spark_submit.py:579} INFO - 25/09/12 16:11:31 INFO DAGScheduler: ResultStage 8 (jdbc at NativeMethodAccessorImpl.java:0) finished in 403 ms
[2025-09-12T16:11:31.047+0000] {spark_submit.py:579} INFO - 25/09/12 16:11:31 INFO DAGScheduler: Job 8 is finished. Cancelling potential speculative or zombie tasks for this job
[2025-09-12T16:11:31.047+0000] {spark_submit.py:579} INFO - 25/09/12 16:11:31 INFO TaskSchedulerImpl: Canceling stage 8
[2025-09-12T16:11:31.048+0000] {spark_submit.py:579} INFO - 25/09/12 16:11:31 INFO TaskSchedulerImpl: Killing all running tasks in stage 8: Stage finished
[2025-09-12T16:11:31.048+0000] {spark_submit.py:579} INFO - 25/09/12 16:11:31 INFO DAGScheduler: Job 8 finished: jdbc at NativeMethodAccessorImpl.java:0, took 406.690377 ms
[2025-09-12T16:11:32.028+0000] {spark_submit.py:579} INFO - table kue_tactics has been loaded
[2025-09-12T16:11:32.255+0000] {spark_submit.py:579} INFO - 25/09/12 16:11:32 INFO CodeGenerator: Code generated in 5.688746 ms
[2025-09-12T16:11:32.264+0000] {spark_submit.py:579} INFO - 25/09/12 16:11:32 INFO SparkContext: Starting job: jdbc at NativeMethodAccessorImpl.java:0
[2025-09-12T16:11:32.265+0000] {spark_submit.py:579} INFO - 25/09/12 16:11:32 INFO DAGScheduler: Got job 9 (jdbc at NativeMethodAccessorImpl.java:0) with 2 output partitions
[2025-09-12T16:11:32.266+0000] {spark_submit.py:579} INFO - 25/09/12 16:11:32 INFO DAGScheduler: Final stage: ResultStage 9 (jdbc at NativeMethodAccessorImpl.java:0)
[2025-09-12T16:11:32.266+0000] {spark_submit.py:579} INFO - 25/09/12 16:11:32 INFO DAGScheduler: Parents of final stage: List()
[2025-09-12T16:11:32.267+0000] {spark_submit.py:579} INFO - 25/09/12 16:11:32 INFO DAGScheduler: Missing parents: List()
[2025-09-12T16:11:32.267+0000] {spark_submit.py:579} INFO - 25/09/12 16:11:32 INFO DAGScheduler: Submitting ResultStage 9 (MapPartitionsRDD[89] at jdbc at NativeMethodAccessorImpl.java:0), which has no missing parents
[2025-09-12T16:11:32.269+0000] {spark_submit.py:579} INFO - 25/09/12 16:11:32 INFO MemoryStore: Block broadcast_9 stored as values in memory (estimated size 23.7 KiB, free 434.3 MiB)
[2025-09-12T16:11:32.275+0000] {spark_submit.py:579} INFO - 25/09/12 16:11:32 INFO MemoryStore: Block broadcast_9_piece0 stored as bytes in memory (estimated size 11.5 KiB, free 434.3 MiB)
[2025-09-12T16:11:32.277+0000] {spark_submit.py:579} INFO - 25/09/12 16:11:32 INFO SparkContext: Created broadcast 9 from broadcast at DAGScheduler.scala:1676
[2025-09-12T16:11:32.278+0000] {spark_submit.py:579} INFO - 25/09/12 16:11:32 INFO DAGScheduler: Submitting 2 missing tasks from ResultStage 9 (MapPartitionsRDD[89] at jdbc at NativeMethodAccessorImpl.java:0) (first 15 tasks are for partitions Vector(0, 1))
[2025-09-12T16:11:32.278+0000] {spark_submit.py:579} INFO - 25/09/12 16:11:32 INFO TaskSchedulerImpl: Adding task set 9.0 with 2 tasks resource profile 0
[2025-09-12T16:11:32.279+0000] {spark_submit.py:579} INFO - 25/09/12 16:11:32 INFO TaskSetManager: Starting task 0.0 in stage 9.0 (TID 18) (172.18.0.3,executor 0, partition 0, PROCESS_LOCAL, 9868 bytes)
[2025-09-12T16:11:32.280+0000] {spark_submit.py:579} INFO - 25/09/12 16:11:32 INFO TaskSetManager: Starting task 1.0 in stage 9.0 (TID 19) (172.18.0.3,executor 0, partition 1, PROCESS_LOCAL, 9899 bytes)
[2025-09-12T16:11:32.434+0000] {spark_submit.py:579} INFO - 25/09/12 16:11:32 INFO TaskSetManager: Finished task 0.0 in stage 9.0 (TID 18) in 155 ms on 172.18.0.3 (executor 0) (1/2)
[2025-09-12T16:11:32.655+0000] {spark_submit.py:579} INFO - 25/09/12 16:11:32 INFO TaskSetManager: Finished task 1.0 in stage 9.0 (TID 19) in 375 ms on 172.18.0.3 (executor 0) (2/2)
[2025-09-12T16:11:32.655+0000] {spark_submit.py:579} INFO - 25/09/12 16:11:32 INFO TaskSchedulerImpl: Removed TaskSet 9.0 whose tasks have all completed, from pool
[2025-09-12T16:11:32.655+0000] {spark_submit.py:579} INFO - 25/09/12 16:11:32 INFO DAGScheduler: ResultStage 9 (jdbc at NativeMethodAccessorImpl.java:0) finished in 388 ms
[2025-09-12T16:11:32.656+0000] {spark_submit.py:579} INFO - 25/09/12 16:11:32 INFO DAGScheduler: Job 9 is finished. Cancelling potential speculative or zombie tasks for this job
[2025-09-12T16:11:32.656+0000] {spark_submit.py:579} INFO - 25/09/12 16:11:32 INFO TaskSchedulerImpl: Canceling stage 9
[2025-09-12T16:11:32.656+0000] {spark_submit.py:579} INFO - 25/09/12 16:11:32 INFO TaskSchedulerImpl: Killing all running tasks in stage 9: Stage finished
[2025-09-12T16:11:32.657+0000] {spark_submit.py:579} INFO - 25/09/12 16:11:32 INFO DAGScheduler: Job 9 finished: jdbc at NativeMethodAccessorImpl.java:0, took 391.419946 ms
[2025-09-12T16:11:32.997+0000] {spark_submit.py:579} INFO - table kue_puzzle_rush has been loaded
[2025-09-12T16:11:36.880+0000] {spark_submit.py:579} INFO - 25/09/12 16:11:36 INFO SparkContext: Invoking stop() from shutdown hook
[2025-09-12T16:11:36.884+0000] {spark_submit.py:579} INFO - 25/09/12 16:11:36 INFO SparkContext: SparkContext is stopping with exitCode 0 from run at Executors.java:539.
[2025-09-12T16:11:36.890+0000] {spark_submit.py:579} INFO - 25/09/12 16:11:36 INFO SparkUI: Stopped Spark web UI at http://54b9d34f669e:4040
[2025-09-12T16:11:36.893+0000] {spark_submit.py:579} INFO - 25/09/12 16:11:36 INFO StandaloneSchedulerBackend: Shutting down all executors
[2025-09-12T16:11:36.894+0000] {spark_submit.py:579} INFO - 25/09/12 16:11:36 INFO StandaloneSchedulerBackend$StandaloneDriverEndpoint: Asking each executor to shut down
[2025-09-12T16:11:36.910+0000] {spark_submit.py:579} INFO - 25/09/12 16:11:36 INFO MapOutputTrackerMasterEndpoint: MapOutputTrackerMasterEndpoint stopped!
[2025-09-12T16:11:36.930+0000] {spark_submit.py:579} INFO - 25/09/12 16:11:36 INFO MemoryStore: MemoryStore cleared
[2025-09-12T16:11:36.931+0000] {spark_submit.py:579} INFO - 25/09/12 16:11:36 INFO BlockManager: BlockManager stopped
[2025-09-12T16:11:36.933+0000] {spark_submit.py:579} INFO - 25/09/12 16:11:36 INFO BlockManagerMaster: BlockManagerMaster stopped
[2025-09-12T16:11:36.936+0000] {spark_submit.py:579} INFO - 25/09/12 16:11:36 INFO OutputCommitCoordinator$OutputCommitCoordinatorEndpoint: OutputCommitCoordinator stopped!
[2025-09-12T16:11:36.951+0000] {spark_submit.py:579} INFO - 25/09/12 16:11:36 INFO SparkContext: Successfully stopped SparkContext
[2025-09-12T16:11:36.951+0000] {spark_submit.py:579} INFO - 25/09/12 16:11:36 INFO ShutdownHookManager: Shutdown hook called
[2025-09-12T16:11:36.952+0000] {spark_submit.py:579} INFO - 25/09/12 16:11:36 INFO ShutdownHookManager: Deleting directory /tmp/spark-6ad19519-e97c-41a4-bfa1-24fa4dd7b8b2/pyspark-203735f0-41c9-41ec-8511-aaac3864aae6
[2025-09-12T16:11:36.957+0000] {spark_submit.py:579} INFO - 25/09/12 16:11:36 INFO ShutdownHookManager: Deleting directory /tmp/spark-e9622b80-96fa-4924-a5f7-d40fa0bba933
[2025-09-12T16:11:36.962+0000] {spark_submit.py:579} INFO - 25/09/12 16:11:36 INFO ShutdownHookManager: Deleting directory /opt/***/artifacts/spark-5a9edeb2-7075-4ec0-89d8-643e3ef6d3dd
[2025-09-12T16:11:36.966+0000] {spark_submit.py:579} INFO - 25/09/12 16:11:36 INFO ShutdownHookManager: Deleting directory /tmp/spark-6ad19519-e97c-41a4-bfa1-24fa4dd7b8b2
[2025-09-12T16:11:37.023+0000] {taskinstance.py:1398} INFO - Marking task as SUCCESS. dag_id=sparking_flow, task_id=python_job, execution_date=20250912T161100, start_date=20250912T161102, end_date=20250912T161137
[2025-09-12T16:11:37.045+0000] {local_task_job_runner.py:228} INFO - Task exited with return code 0
[2025-09-12T16:11:37.064+0000] {taskinstance.py:2776} INFO - 1 downstream tasks scheduled from follow-on schedule check
