[2025-08-10T14:46:33.853+0000] {taskinstance.py:1157} INFO - Dependencies all met for dep_context=non-requeueable deps ti=<TaskInstance: sparking_flow.python_job manual__2025-08-10T14:46:31.585632+00:00 [queued]>
[2025-08-10T14:46:33.860+0000] {taskinstance.py:1157} INFO - Dependencies all met for dep_context=requeueable deps ti=<TaskInstance: sparking_flow.python_job manual__2025-08-10T14:46:31.585632+00:00 [queued]>
[2025-08-10T14:46:33.860+0000] {taskinstance.py:1359} INFO - Starting attempt 1 of 1
[2025-08-10T14:46:33.871+0000] {taskinstance.py:1380} INFO - Executing <Task(SparkSubmitOperator): python_job> on 2025-08-10 14:46:31.585632+00:00
[2025-08-10T14:46:33.876+0000] {standard_task_runner.py:57} INFO - Started process 336 to run task
[2025-08-10T14:46:33.880+0000] {standard_task_runner.py:84} INFO - Running: ['***', 'tasks', 'run', 'sparking_flow', 'python_job', 'manual__2025-08-10T14:46:31.585632+00:00', '--job-id', '7', '--raw', '--subdir', 'DAGS_FOLDER/spark_***.py', '--cfg-path', '/tmp/tmpri3stl9t']
[2025-08-10T14:46:33.884+0000] {standard_task_runner.py:85} INFO - Job 7: Subtask python_job
[2025-08-10T14:46:33.956+0000] {task_command.py:415} INFO - Running <TaskInstance: sparking_flow.python_job manual__2025-08-10T14:46:31.585632+00:00 [running]> on host 0941e0e18279
[2025-08-10T14:46:34.052+0000] {taskinstance.py:1660} INFO - Exporting env vars: AIRFLOW_CTX_DAG_OWNER='Yusuf Ganiyu' AIRFLOW_CTX_DAG_ID='sparking_flow' AIRFLOW_CTX_TASK_ID='python_job' AIRFLOW_CTX_EXECUTION_DATE='2025-08-10T14:46:31.585632+00:00' AIRFLOW_CTX_TRY_NUMBER='1' AIRFLOW_CTX_DAG_RUN_ID='manual__2025-08-10T14:46:31.585632+00:00'
[2025-08-10T14:46:34.065+0000] {base.py:73} INFO - Using connection ID 'spark-conn' for task execution.
[2025-08-10T14:46:34.066+0000] {spark_submit.py:403} INFO - Spark-Submit cmd: spark-submit --master spark://spark-master:7077 --jars /opt/spark/external-jars/spark-mssql-connector_2.11-1.1.0.jar --name arrow-spark --deploy-mode client jobs/python/wordcountjob.py
[2025-08-10T14:46:34.451+0000] {spark_submit.py:579} INFO - WARNING: Using incubator modules: jdk.incubator.vector
[2025-08-10T14:46:35.775+0000] {spark_submit.py:579} INFO - 25/08/10 14:46:35 WARN NativeCodeLoader: Unable to load native-hadoop library for your platform... using builtin-java classes where applicable
[2025-08-10T14:46:35.910+0000] {spark_submit.py:579} INFO - Using Spark's default log4j profile: org/apache/spark/log4j2-defaults.properties
[2025-08-10T14:46:35.913+0000] {spark_submit.py:579} INFO - 25/08/10 14:46:35 WARN DependencyUtils: Local jar /opt/spark/external-jars/spark-mssql-connector_2.11-1.1.0.jar does not exist, skipping.
[2025-08-10T14:46:38.501+0000] {spark_submit.py:579} INFO - 25/08/10 14:46:38 INFO SparkContext: Running Spark version 4.0.0
[2025-08-10T14:46:38.503+0000] {spark_submit.py:579} INFO - 25/08/10 14:46:38 INFO SparkContext: OS info Linux, 6.6.87.2-microsoft-standard-WSL2, amd64
[2025-08-10T14:46:38.508+0000] {spark_submit.py:579} INFO - 25/08/10 14:46:38 INFO SparkContext: Java version 17.0.15
[2025-08-10T14:46:38.529+0000] {spark_submit.py:579} INFO - 25/08/10 14:46:38 INFO ResourceUtils: ==============================================================
[2025-08-10T14:46:38.530+0000] {spark_submit.py:579} INFO - 25/08/10 14:46:38 INFO ResourceUtils: No custom resources configured for spark.driver.
[2025-08-10T14:46:38.530+0000] {spark_submit.py:579} INFO - 25/08/10 14:46:38 INFO ResourceUtils: ==============================================================
[2025-08-10T14:46:38.531+0000] {spark_submit.py:579} INFO - 25/08/10 14:46:38 INFO SparkContext: Submitted application: PythonWordCount
[2025-08-10T14:46:38.560+0000] {spark_submit.py:579} INFO - 25/08/10 14:46:38 INFO ResourceProfile: Default ResourceProfile created, executor resources: Map(memory -> name: memory, amount: 1024, script: , vendor: , offHeap -> name: offHeap, amount: 0, script: , vendor: ), task resources: Map(cpus -> name: cpus, amount: 1.0)
[2025-08-10T14:46:38.563+0000] {spark_submit.py:579} INFO - 25/08/10 14:46:38 INFO ResourceProfile: Limiting resource is cpu
[2025-08-10T14:46:38.564+0000] {spark_submit.py:579} INFO - 25/08/10 14:46:38 INFO ResourceProfileManager: Added ResourceProfile id: 0
[2025-08-10T14:46:38.618+0000] {spark_submit.py:579} INFO - 25/08/10 14:46:38 INFO SecurityManager: Changing view acls to: ***
[2025-08-10T14:46:38.619+0000] {spark_submit.py:579} INFO - 25/08/10 14:46:38 INFO SecurityManager: Changing modify acls to: ***
[2025-08-10T14:46:38.620+0000] {spark_submit.py:579} INFO - 25/08/10 14:46:38 INFO SecurityManager: Changing view acls groups to: ***
[2025-08-10T14:46:38.620+0000] {spark_submit.py:579} INFO - 25/08/10 14:46:38 INFO SecurityManager: Changing modify acls groups to: ***
[2025-08-10T14:46:38.622+0000] {spark_submit.py:579} INFO - 25/08/10 14:46:38 INFO SecurityManager: SecurityManager: authentication disabled; ui acls disabled; users with view permissions: *** groups with view permissions: EMPTY; users with modify permissions: ***; groups with modify permissions: EMPTY; RPC SSL disabled
[2025-08-10T14:46:38.862+0000] {spark_submit.py:579} INFO - 25/08/10 14:46:38 INFO Utils: Successfully started service 'sparkDriver' on port 41915.
[2025-08-10T14:46:38.900+0000] {spark_submit.py:579} INFO - 25/08/10 14:46:38 INFO SparkEnv: Registering MapOutputTracker
[2025-08-10T14:46:38.913+0000] {spark_submit.py:579} INFO - 25/08/10 14:46:38 INFO SparkEnv: Registering BlockManagerMaster
[2025-08-10T14:46:38.938+0000] {spark_submit.py:579} INFO - 25/08/10 14:46:38 INFO BlockManagerMasterEndpoint: Using org.apache.spark.storage.DefaultTopologyMapper for getting topology information
[2025-08-10T14:46:38.939+0000] {spark_submit.py:579} INFO - 25/08/10 14:46:38 INFO BlockManagerMasterEndpoint: BlockManagerMasterEndpoint up
[2025-08-10T14:46:38.945+0000] {spark_submit.py:579} INFO - 25/08/10 14:46:38 INFO SparkEnv: Registering BlockManagerMasterHeartbeat
[2025-08-10T14:46:38.982+0000] {spark_submit.py:579} INFO - 25/08/10 14:46:38 INFO DiskBlockManager: Created local directory at /tmp/blockmgr-300076b5-240c-48c7-bbdd-40c3c9bf1537
[2025-08-10T14:46:39.006+0000] {spark_submit.py:579} INFO - 25/08/10 14:46:39 INFO SparkEnv: Registering OutputCommitCoordinator
[2025-08-10T14:46:39.156+0000] {spark_submit.py:579} INFO - 25/08/10 14:46:39 INFO JettyUtils: Start Jetty 0.0.0.0:4040 for SparkUI
[2025-08-10T14:46:39.221+0000] {spark_submit.py:579} INFO - 25/08/10 14:46:39 INFO Utils: Successfully started service 'SparkUI' on port 4040.
[2025-08-10T14:46:39.251+0000] {spark_submit.py:579} INFO - 25/08/10 14:46:39 ERROR SparkContext: Failed to add file:/opt/spark/external-jars/spark-mssql-connector_2.11-1.1.0.jar to Spark environment
[2025-08-10T14:46:39.252+0000] {spark_submit.py:579} INFO - java.io.FileNotFoundException: Jar /opt/spark/external-jars/spark-mssql-connector_2.11-1.1.0.jar not found
[2025-08-10T14:46:39.252+0000] {spark_submit.py:579} INFO - at org.apache.spark.SparkContext.addLocalJarFile$1(SparkContext.scala:2174)
[2025-08-10T14:46:39.253+0000] {spark_submit.py:579} INFO - at org.apache.spark.SparkContext.addJar(SparkContext.scala:2230)
[2025-08-10T14:46:39.253+0000] {spark_submit.py:579} INFO - at org.apache.spark.SparkContext.$anonfun$new$15(SparkContext.scala:538)
[2025-08-10T14:46:39.253+0000] {spark_submit.py:579} INFO - at org.apache.spark.SparkContext.$anonfun$new$15$adapted(SparkContext.scala:538)
[2025-08-10T14:46:39.254+0000] {spark_submit.py:579} INFO - at scala.collection.IterableOnceOps.foreach(IterableOnce.scala:619)
[2025-08-10T14:46:39.254+0000] {spark_submit.py:579} INFO - at scala.collection.IterableOnceOps.foreach$(IterableOnce.scala:617)
[2025-08-10T14:46:39.255+0000] {spark_submit.py:579} INFO - at scala.collection.AbstractIterable.foreach(Iterable.scala:935)
[2025-08-10T14:46:39.255+0000] {spark_submit.py:579} INFO - at org.apache.spark.SparkContext.<init>(SparkContext.scala:538)
[2025-08-10T14:46:39.255+0000] {spark_submit.py:579} INFO - at org.apache.spark.api.java.JavaSparkContext.<init>(JavaSparkContext.scala:59)
[2025-08-10T14:46:39.256+0000] {spark_submit.py:579} INFO - at java.base/jdk.internal.reflect.NativeConstructorAccessorImpl.newInstance0(Native Method)
[2025-08-10T14:46:39.256+0000] {spark_submit.py:579} INFO - at java.base/jdk.internal.reflect.NativeConstructorAccessorImpl.newInstance(NativeConstructorAccessorImpl.java:77)
[2025-08-10T14:46:39.257+0000] {spark_submit.py:579} INFO - at java.base/jdk.internal.reflect.DelegatingConstructorAccessorImpl.newInstance(DelegatingConstructorAccessorImpl.java:45)
[2025-08-10T14:46:39.257+0000] {spark_submit.py:579} INFO - at java.base/java.lang.reflect.Constructor.newInstanceWithCaller(Constructor.java:500)
[2025-08-10T14:46:39.257+0000] {spark_submit.py:579} INFO - at java.base/java.lang.reflect.Constructor.newInstance(Constructor.java:481)
[2025-08-10T14:46:39.258+0000] {spark_submit.py:579} INFO - at py4j.reflection.MethodInvoker.invoke(MethodInvoker.java:247)
[2025-08-10T14:46:39.258+0000] {spark_submit.py:579} INFO - at py4j.reflection.ReflectionEngine.invoke(ReflectionEngine.java:374)
[2025-08-10T14:46:39.259+0000] {spark_submit.py:579} INFO - at py4j.Gateway.invoke(Gateway.java:238)
[2025-08-10T14:46:39.259+0000] {spark_submit.py:579} INFO - at py4j.commands.ConstructorCommand.invokeConstructor(ConstructorCommand.java:80)
[2025-08-10T14:46:39.260+0000] {spark_submit.py:579} INFO - at py4j.commands.ConstructorCommand.execute(ConstructorCommand.java:69)
[2025-08-10T14:46:39.260+0000] {spark_submit.py:579} INFO - at py4j.ClientServerConnection.waitForCommands(ClientServerConnection.java:184)
[2025-08-10T14:46:39.260+0000] {spark_submit.py:579} INFO - at py4j.ClientServerConnection.run(ClientServerConnection.java:108)
[2025-08-10T14:46:39.261+0000] {spark_submit.py:579} INFO - at java.base/java.lang.Thread.run(Thread.java:840)
[2025-08-10T14:46:39.272+0000] {spark_submit.py:579} INFO - 25/08/10 14:46:39 INFO SecurityManager: Changing view acls to: ***
[2025-08-10T14:46:39.273+0000] {spark_submit.py:579} INFO - 25/08/10 14:46:39 INFO SecurityManager: Changing modify acls to: ***
[2025-08-10T14:46:39.273+0000] {spark_submit.py:579} INFO - 25/08/10 14:46:39 INFO SecurityManager: Changing view acls groups to: ***
[2025-08-10T14:46:39.274+0000] {spark_submit.py:579} INFO - 25/08/10 14:46:39 INFO SecurityManager: Changing modify acls groups to: ***
[2025-08-10T14:46:39.274+0000] {spark_submit.py:579} INFO - 25/08/10 14:46:39 INFO SecurityManager: SecurityManager: authentication disabled; ui acls disabled; users with view permissions: *** groups with view permissions: EMPTY; users with modify permissions: ***; groups with modify permissions: EMPTY; RPC SSL disabled
[2025-08-10T14:46:39.439+0000] {spark_submit.py:579} INFO - 25/08/10 14:46:39 INFO StandaloneAppClient$ClientEndpoint: Connecting to master spark://spark-master:7077...
[2025-08-10T14:46:39.498+0000] {spark_submit.py:579} INFO - 25/08/10 14:46:39 INFO TransportClientFactory: Successfully created connection to spark-master/172.18.0.2:7077 after 30 ms (0 ms spent in bootstraps)
[2025-08-10T14:46:39.859+0000] {spark_submit.py:579} INFO - 25/08/10 14:46:39 INFO StandaloneSchedulerBackend: Connected to Spark cluster with app ID app-20250810144639-0000
[2025-08-10T14:46:39.868+0000] {spark_submit.py:579} INFO - 25/08/10 14:46:39 INFO Utils: Successfully started service 'org.apache.spark.network.netty.NettyBlockTransferService' on port 46389.
[2025-08-10T14:46:39.868+0000] {spark_submit.py:579} INFO - 25/08/10 14:46:39 INFO NettyBlockTransferService: Server created on 0941e0e18279:46389
[2025-08-10T14:46:39.869+0000] {spark_submit.py:579} INFO - 25/08/10 14:46:39 INFO BlockManager: Using org.apache.spark.storage.RandomBlockReplicationPolicy for block replication policy
[2025-08-10T14:46:39.886+0000] {spark_submit.py:579} INFO - 25/08/10 14:46:39 INFO BlockManagerMaster: Registering BlockManager BlockManagerId(driver, 0941e0e18279, 46389, None)
[2025-08-10T14:46:39.893+0000] {spark_submit.py:579} INFO - 25/08/10 14:46:39 INFO BlockManagerMasterEndpoint: Registering block manager 0941e0e18279:46389 with 434.4 MiB RAM, BlockManagerId(driver, 0941e0e18279, 46389, None)
[2025-08-10T14:46:39.896+0000] {spark_submit.py:579} INFO - 25/08/10 14:46:39 INFO BlockManagerMaster: Registered BlockManager BlockManagerId(driver, 0941e0e18279, 46389, None)
[2025-08-10T14:46:39.897+0000] {spark_submit.py:579} INFO - 25/08/10 14:46:39 INFO BlockManager: Initialized BlockManager: BlockManagerId(driver, 0941e0e18279, 46389, None)
[2025-08-10T14:46:40.043+0000] {spark_submit.py:579} INFO - 25/08/10 14:46:40 INFO StandaloneAppClient$ClientEndpoint: Executor added: app-20250810144639-0000/0 on worker-20250810144210-172.18.0.4-46633 (172.18.0.4:46633) with 2 core(s)
[2025-08-10T14:46:40.045+0000] {spark_submit.py:579} INFO - 25/08/10 14:46:40 INFO StandaloneSchedulerBackend: Granted executor ID app-20250810144639-0000/0 on hostPort 172.18.0.4:46633 with 2 core(s), 1024.0 MiB RAM
[2025-08-10T14:46:40.063+0000] {spark_submit.py:579} INFO - 25/08/10 14:46:40 INFO StandaloneSchedulerBackend: SchedulerBackend is ready for scheduling beginning after reached minRegisteredResourcesRatio: 0.0
[2025-08-10T14:46:41.430+0000] {spark_submit.py:579} INFO - 25/08/10 14:46:41 INFO StandaloneAppClient$ClientEndpoint: Executor updated: app-20250810144639-0000/0 is now RUNNING
[2025-08-10T14:46:44.608+0000] {spark_submit.py:579} INFO - 25/08/10 14:46:44 INFO StandaloneSchedulerBackend$StandaloneDriverEndpoint: Registered executor NettyRpcEndpointRef(spark-client://Executor) (172.18.0.4:55496) with ID 0, ResourceProfileId 0
[2025-08-10T14:46:44.698+0000] {spark_submit.py:579} INFO - dict_keys(['daily', 'daily960', 'live_rapid', 'live_blitz', 'live_bullet', 'live_bughouse', 'live_blitz960', 'live_threecheck', 'live_crazyhouse', 'live_kingofthehill', 'tactics', 'rush', 'battle'])
[2025-08-10T14:46:44.716+0000] {spark_submit.py:579} INFO - 25/08/10 14:46:44 INFO SharedState: Setting hive.metastore.warehouse.dir ('null') to the value of spark.sql.warehouse.dir.
[2025-08-10T14:46:44.720+0000] {spark_submit.py:579} INFO - 25/08/10 14:46:44 INFO SharedState: Warehouse path is 'file:/opt/***/spark-warehouse'.
[2025-08-10T14:46:44.749+0000] {spark_submit.py:579} INFO - 25/08/10 14:46:44 INFO BlockManagerMasterEndpoint: Registering block manager 172.18.0.4:42263 with 434.4 MiB RAM, BlockManagerId(0, 172.18.0.4, 42263, None)
[2025-08-10T14:46:46.464+0000] {spark_submit.py:579} INFO - Traceback (most recent call last):
[2025-08-10T14:46:46.466+0000] {spark_submit.py:579} INFO - File "/opt/***/jobs/python/wordcountjob.py", line 84, in <module>
[2025-08-10T14:46:46.479+0000] {spark_submit.py:579} INFO - write_data(daily,"daily")
[2025-08-10T14:46:46.481+0000] {spark_submit.py:579} INFO - File "/opt/***/jobs/python/wordcountjob.py", line 80, in write_data
[2025-08-10T14:46:46.495+0000] {spark_submit.py:579} INFO - df.write.mode("overwrite").jdbc(url=jdbc_url, table=f"dbo.{table}", properties=properties)
[2025-08-10T14:46:46.497+0000] {spark_submit.py:579} INFO - File "/home/***/.local/lib/python3.10/site-packages/pyspark/python/lib/pyspark.zip/pyspark/sql/readwriter.py", line 2347, in jdbc
[2025-08-10T14:46:46.501+0000] {spark_submit.py:579} INFO - File "/home/***/.local/lib/python3.10/site-packages/pyspark/python/lib/py4j-0.10.9.9-src.zip/py4j/java_gateway.py", line 1362, in __call__
[2025-08-10T14:46:46.506+0000] {spark_submit.py:579} INFO - File "/home/***/.local/lib/python3.10/site-packages/pyspark/python/lib/pyspark.zip/pyspark/errors/exceptions/captured.py", line 282, in deco
[2025-08-10T14:46:46.513+0000] {spark_submit.py:579} INFO - File "/home/***/.local/lib/python3.10/site-packages/pyspark/python/lib/py4j-0.10.9.9-src.zip/py4j/protocol.py", line 327, in get_return_value
[2025-08-10T14:46:46.524+0000] {spark_submit.py:579} INFO - py4j.protocol.Py4JJavaError: An error occurred while calling o138.jdbc.
[2025-08-10T14:46:46.526+0000] {spark_submit.py:579} INFO - : java.lang.ClassNotFoundException: com.microsoft.sqlserver.jdbc.SQLServerDriver
[2025-08-10T14:46:46.527+0000] {spark_submit.py:579} INFO - at java.base/java.net.URLClassLoader.findClass(URLClassLoader.java:445)
[2025-08-10T14:46:46.529+0000] {spark_submit.py:579} INFO - at java.base/java.lang.ClassLoader.loadClass(ClassLoader.java:592)
[2025-08-10T14:46:46.531+0000] {spark_submit.py:579} INFO - at java.base/java.lang.ClassLoader.loadClass(ClassLoader.java:525)
[2025-08-10T14:46:46.532+0000] {spark_submit.py:579} INFO - at org.apache.spark.sql.execution.datasources.jdbc.DriverRegistry$.register(DriverRegistry.scala:47)
[2025-08-10T14:46:46.534+0000] {spark_submit.py:579} INFO - at org.apache.spark.sql.execution.datasources.jdbc.JDBCOptions.$anonfun$driverClass$1(JDBCOptions.scala:112)
[2025-08-10T14:46:46.536+0000] {spark_submit.py:579} INFO - at org.apache.spark.sql.execution.datasources.jdbc.JDBCOptions.$anonfun$driverClass$1$adapted(JDBCOptions.scala:112)
[2025-08-10T14:46:46.537+0000] {spark_submit.py:579} INFO - at scala.Option.foreach(Option.scala:437)
[2025-08-10T14:46:46.538+0000] {spark_submit.py:579} INFO - at org.apache.spark.sql.execution.datasources.jdbc.JDBCOptions.<init>(JDBCOptions.scala:112)
[2025-08-10T14:46:46.540+0000] {spark_submit.py:579} INFO - at org.apache.spark.sql.execution.datasources.jdbc.JdbcOptionsInWrite.<init>(JDBCOptions.scala:272)
[2025-08-10T14:46:46.541+0000] {spark_submit.py:579} INFO - at org.apache.spark.sql.execution.datasources.jdbc.JdbcOptionsInWrite.<init>(JDBCOptions.scala:276)
[2025-08-10T14:46:46.542+0000] {spark_submit.py:579} INFO - at org.apache.spark.sql.execution.datasources.jdbc.JdbcRelationProvider.createRelation(JdbcRelationProvider.scala:48)
[2025-08-10T14:46:46.544+0000] {spark_submit.py:579} INFO - at org.apache.spark.sql.execution.datasources.SaveIntoDataSourceCommand.run(SaveIntoDataSourceCommand.scala:55)
[2025-08-10T14:46:46.545+0000] {spark_submit.py:579} INFO - at org.apache.spark.sql.execution.command.ExecutedCommandExec.sideEffectResult$lzycompute(commands.scala:79)
[2025-08-10T14:46:46.546+0000] {spark_submit.py:579} INFO - at org.apache.spark.sql.execution.command.ExecutedCommandExec.sideEffectResult(commands.scala:77)
[2025-08-10T14:46:46.547+0000] {spark_submit.py:579} INFO - at org.apache.spark.sql.execution.command.ExecutedCommandExec.executeCollect(commands.scala:88)
[2025-08-10T14:46:46.548+0000] {spark_submit.py:579} INFO - at org.apache.spark.sql.execution.QueryExecution.$anonfun$eagerlyExecuteCommands$2(QueryExecution.scala:155)
[2025-08-10T14:46:46.549+0000] {spark_submit.py:579} INFO - at org.apache.spark.sql.execution.SQLExecution$.$anonfun$withNewExecutionId0$8(SQLExecution.scala:162)
[2025-08-10T14:46:46.550+0000] {spark_submit.py:579} INFO - at org.apache.spark.sql.execution.SQLExecution$.withSessionTagsApplied(SQLExecution.scala:268)
[2025-08-10T14:46:46.551+0000] {spark_submit.py:579} INFO - at org.apache.spark.sql.execution.SQLExecution$.$anonfun$withNewExecutionId0$7(SQLExecution.scala:124)
[2025-08-10T14:46:46.551+0000] {spark_submit.py:579} INFO - at org.apache.spark.JobArtifactSet$.withActiveJobArtifactState(JobArtifactSet.scala:94)
[2025-08-10T14:46:46.551+0000] {spark_submit.py:579} INFO - at org.apache.spark.sql.artifact.ArtifactManager.$anonfun$withResources$1(ArtifactManager.scala:112)
[2025-08-10T14:46:46.552+0000] {spark_submit.py:579} INFO - at org.apache.spark.sql.artifact.ArtifactManager.withClassLoaderIfNeeded(ArtifactManager.scala:106)
[2025-08-10T14:46:46.552+0000] {spark_submit.py:579} INFO - at org.apache.spark.sql.artifact.ArtifactManager.withResources(ArtifactManager.scala:111)
[2025-08-10T14:46:46.552+0000] {spark_submit.py:579} INFO - at org.apache.spark.sql.execution.SQLExecution$.$anonfun$withNewExecutionId0$6(SQLExecution.scala:124)
[2025-08-10T14:46:46.553+0000] {spark_submit.py:579} INFO - at org.apache.spark.sql.execution.SQLExecution$.withSQLConfPropagated(SQLExecution.scala:291)
[2025-08-10T14:46:46.553+0000] {spark_submit.py:579} INFO - at org.apache.spark.sql.execution.SQLExecution$.$anonfun$withNewExecutionId0$1(SQLExecution.scala:123)
[2025-08-10T14:46:46.553+0000] {spark_submit.py:579} INFO - at org.apache.spark.sql.SparkSession.withActive(SparkSession.scala:804)
[2025-08-10T14:46:46.553+0000] {spark_submit.py:579} INFO - at org.apache.spark.sql.execution.SQLExecution$.withNewExecutionId0(SQLExecution.scala:77)
[2025-08-10T14:46:46.554+0000] {spark_submit.py:579} INFO - at org.apache.spark.sql.execution.SQLExecution$.withNewExecutionId(SQLExecution.scala:233)
[2025-08-10T14:46:46.554+0000] {spark_submit.py:579} INFO - at org.apache.spark.sql.execution.QueryExecution.$anonfun$eagerlyExecuteCommands$1(QueryExecution.scala:155)
[2025-08-10T14:46:46.554+0000] {spark_submit.py:579} INFO - at org.apache.spark.sql.execution.QueryExecution$.withInternalError(QueryExecution.scala:654)
[2025-08-10T14:46:46.554+0000] {spark_submit.py:579} INFO - at org.apache.spark.sql.execution.QueryExecution.org$apache$spark$sql$execution$QueryExecution$$eagerlyExecute$1(QueryExecution.scala:154)
[2025-08-10T14:46:46.555+0000] {spark_submit.py:579} INFO - at org.apache.spark.sql.execution.QueryExecution$$anonfun$eagerlyExecuteCommands$3.applyOrElse(QueryExecution.scala:169)
[2025-08-10T14:46:46.555+0000] {spark_submit.py:579} INFO - at org.apache.spark.sql.execution.QueryExecution$$anonfun$eagerlyExecuteCommands$3.applyOrElse(QueryExecution.scala:164)
[2025-08-10T14:46:46.555+0000] {spark_submit.py:579} INFO - at org.apache.spark.sql.catalyst.trees.TreeNode.$anonfun$transformDownWithPruning$1(TreeNode.scala:470)
[2025-08-10T14:46:46.555+0000] {spark_submit.py:579} INFO - at org.apache.spark.sql.catalyst.trees.CurrentOrigin$.withOrigin(origin.scala:86)
[2025-08-10T14:46:46.556+0000] {spark_submit.py:579} INFO - at org.apache.spark.sql.catalyst.trees.TreeNode.transformDownWithPruning(TreeNode.scala:470)
[2025-08-10T14:46:46.556+0000] {spark_submit.py:579} INFO - at org.apache.spark.sql.catalyst.plans.logical.LogicalPlan.org$apache$spark$sql$catalyst$plans$logical$AnalysisHelper$$super$transformDownWithPruning(LogicalPlan.scala:37)
[2025-08-10T14:46:46.556+0000] {spark_submit.py:579} INFO - at org.apache.spark.sql.catalyst.plans.logical.AnalysisHelper.transformDownWithPruning(AnalysisHelper.scala:360)
[2025-08-10T14:46:46.556+0000] {spark_submit.py:579} INFO - at org.apache.spark.sql.catalyst.plans.logical.AnalysisHelper.transformDownWithPruning$(AnalysisHelper.scala:356)
[2025-08-10T14:46:46.556+0000] {spark_submit.py:579} INFO - at org.apache.spark.sql.catalyst.plans.logical.LogicalPlan.transformDownWithPruning(LogicalPlan.scala:37)
[2025-08-10T14:46:46.557+0000] {spark_submit.py:579} INFO - at org.apache.spark.sql.catalyst.plans.logical.LogicalPlan.transformDownWithPruning(LogicalPlan.scala:37)
[2025-08-10T14:46:46.557+0000] {spark_submit.py:579} INFO - at org.apache.spark.sql.catalyst.trees.TreeNode.transformDown(TreeNode.scala:446)
[2025-08-10T14:46:46.557+0000] {spark_submit.py:579} INFO - at org.apache.spark.sql.execution.QueryExecution.eagerlyExecuteCommands(QueryExecution.scala:164)
[2025-08-10T14:46:46.558+0000] {spark_submit.py:579} INFO - at org.apache.spark.sql.execution.QueryExecution.$anonfun$lazyCommandExecuted$1(QueryExecution.scala:126)
[2025-08-10T14:46:46.558+0000] {spark_submit.py:579} INFO - at scala.util.Try$.apply(Try.scala:217)
[2025-08-10T14:46:46.558+0000] {spark_submit.py:579} INFO - at org.apache.spark.util.Utils$.doTryWithCallerStacktrace(Utils.scala:1378)
[2025-08-10T14:46:46.558+0000] {spark_submit.py:579} INFO - at org.apache.spark.util.Utils$.getTryWithCallerStacktrace(Utils.scala:1439)
[2025-08-10T14:46:46.559+0000] {spark_submit.py:579} INFO - at org.apache.spark.util.LazyTry.get(LazyTry.scala:58)
[2025-08-10T14:46:46.559+0000] {spark_submit.py:579} INFO - at org.apache.spark.sql.execution.QueryExecution.commandExecuted(QueryExecution.scala:131)
[2025-08-10T14:46:46.559+0000] {spark_submit.py:579} INFO - at org.apache.spark.sql.execution.QueryExecution.assertCommandExecuted(QueryExecution.scala:192)
[2025-08-10T14:46:46.559+0000] {spark_submit.py:579} INFO - at org.apache.spark.sql.classic.DataFrameWriter.runCommand(DataFrameWriter.scala:622)
[2025-08-10T14:46:46.560+0000] {spark_submit.py:579} INFO - at org.apache.spark.sql.classic.DataFrameWriter.saveToV1Source(DataFrameWriter.scala:273)
[2025-08-10T14:46:46.560+0000] {spark_submit.py:579} INFO - at org.apache.spark.sql.classic.DataFrameWriter.saveInternal(DataFrameWriter.scala:241)
[2025-08-10T14:46:46.561+0000] {spark_submit.py:579} INFO - at org.apache.spark.sql.classic.DataFrameWriter.save(DataFrameWriter.scala:126)
[2025-08-10T14:46:46.561+0000] {spark_submit.py:579} INFO - at org.apache.spark.sql.DataFrameWriter.jdbc(DataFrameWriter.scala:334)
[2025-08-10T14:46:46.561+0000] {spark_submit.py:579} INFO - at java.base/jdk.internal.reflect.NativeMethodAccessorImpl.invoke0(Native Method)
[2025-08-10T14:46:46.561+0000] {spark_submit.py:579} INFO - at java.base/jdk.internal.reflect.NativeMethodAccessorImpl.invoke(NativeMethodAccessorImpl.java:77)
[2025-08-10T14:46:46.562+0000] {spark_submit.py:579} INFO - at java.base/jdk.internal.reflect.DelegatingMethodAccessorImpl.invoke(DelegatingMethodAccessorImpl.java:43)
[2025-08-10T14:46:46.562+0000] {spark_submit.py:579} INFO - at java.base/java.lang.reflect.Method.invoke(Method.java:569)
[2025-08-10T14:46:46.562+0000] {spark_submit.py:579} INFO - at py4j.reflection.MethodInvoker.invoke(MethodInvoker.java:244)
[2025-08-10T14:46:46.563+0000] {spark_submit.py:579} INFO - at py4j.reflection.ReflectionEngine.invoke(ReflectionEngine.java:374)
[2025-08-10T14:46:46.563+0000] {spark_submit.py:579} INFO - at py4j.Gateway.invoke(Gateway.java:282)
[2025-08-10T14:46:46.563+0000] {spark_submit.py:579} INFO - at py4j.commands.AbstractCommand.invokeMethod(AbstractCommand.java:132)
[2025-08-10T14:46:46.564+0000] {spark_submit.py:579} INFO - at py4j.commands.CallCommand.execute(CallCommand.java:79)
[2025-08-10T14:46:46.564+0000] {spark_submit.py:579} INFO - at py4j.ClientServerConnection.waitForCommands(ClientServerConnection.java:184)
[2025-08-10T14:46:46.564+0000] {spark_submit.py:579} INFO - at py4j.ClientServerConnection.run(ClientServerConnection.java:108)
[2025-08-10T14:46:46.564+0000] {spark_submit.py:579} INFO - at java.base/java.lang.Thread.run(Thread.java:840)
[2025-08-10T14:46:46.565+0000] {spark_submit.py:579} INFO - Suppressed: org.apache.spark.util.Utils$OriginalTryStackTraceException: Full stacktrace of original doTryWithCallerStacktrace caller
[2025-08-10T14:46:46.565+0000] {spark_submit.py:579} INFO - at java.base/java.net.URLClassLoader.findClass(URLClassLoader.java:445)
[2025-08-10T14:46:46.565+0000] {spark_submit.py:579} INFO - at java.base/java.lang.ClassLoader.loadClass(ClassLoader.java:592)
[2025-08-10T14:46:46.565+0000] {spark_submit.py:579} INFO - at java.base/java.lang.ClassLoader.loadClass(ClassLoader.java:525)
[2025-08-10T14:46:46.566+0000] {spark_submit.py:579} INFO - at org.apache.spark.sql.execution.datasources.jdbc.DriverRegistry$.register(DriverRegistry.scala:47)
[2025-08-10T14:46:46.566+0000] {spark_submit.py:579} INFO - at org.apache.spark.sql.execution.datasources.jdbc.JDBCOptions.$anonfun$driverClass$1(JDBCOptions.scala:112)
[2025-08-10T14:46:46.566+0000] {spark_submit.py:579} INFO - at org.apache.spark.sql.execution.datasources.jdbc.JDBCOptions.$anonfun$driverClass$1$adapted(JDBCOptions.scala:112)
[2025-08-10T14:46:46.566+0000] {spark_submit.py:579} INFO - at scala.Option.foreach(Option.scala:437)
[2025-08-10T14:46:46.567+0000] {spark_submit.py:579} INFO - at org.apache.spark.sql.execution.datasources.jdbc.JDBCOptions.<init>(JDBCOptions.scala:112)
[2025-08-10T14:46:46.567+0000] {spark_submit.py:579} INFO - at org.apache.spark.sql.execution.datasources.jdbc.JdbcOptionsInWrite.<init>(JDBCOptions.scala:272)
[2025-08-10T14:46:46.567+0000] {spark_submit.py:579} INFO - at org.apache.spark.sql.execution.datasources.jdbc.JdbcOptionsInWrite.<init>(JDBCOptions.scala:276)
[2025-08-10T14:46:46.567+0000] {spark_submit.py:579} INFO - at org.apache.spark.sql.execution.datasources.jdbc.JdbcRelationProvider.createRelation(JdbcRelationProvider.scala:48)
[2025-08-10T14:46:46.568+0000] {spark_submit.py:579} INFO - at org.apache.spark.sql.execution.datasources.SaveIntoDataSourceCommand.run(SaveIntoDataSourceCommand.scala:55)
[2025-08-10T14:46:46.568+0000] {spark_submit.py:579} INFO - at org.apache.spark.sql.execution.command.ExecutedCommandExec.sideEffectResult$lzycompute(commands.scala:79)
[2025-08-10T14:46:46.568+0000] {spark_submit.py:579} INFO - at org.apache.spark.sql.execution.command.ExecutedCommandExec.sideEffectResult(commands.scala:77)
[2025-08-10T14:46:46.568+0000] {spark_submit.py:579} INFO - at org.apache.spark.sql.execution.command.ExecutedCommandExec.executeCollect(commands.scala:88)
[2025-08-10T14:46:46.569+0000] {spark_submit.py:579} INFO - at org.apache.spark.sql.execution.QueryExecution.$anonfun$eagerlyExecuteCommands$2(QueryExecution.scala:155)
[2025-08-10T14:46:46.569+0000] {spark_submit.py:579} INFO - at org.apache.spark.sql.execution.SQLExecution$.$anonfun$withNewExecutionId0$8(SQLExecution.scala:162)
[2025-08-10T14:46:46.569+0000] {spark_submit.py:579} INFO - at org.apache.spark.sql.execution.SQLExecution$.withSessionTagsApplied(SQLExecution.scala:268)
[2025-08-10T14:46:46.569+0000] {spark_submit.py:579} INFO - at org.apache.spark.sql.execution.SQLExecution$.$anonfun$withNewExecutionId0$7(SQLExecution.scala:124)
[2025-08-10T14:46:46.569+0000] {spark_submit.py:579} INFO - at org.apache.spark.JobArtifactSet$.withActiveJobArtifactState(JobArtifactSet.scala:94)
[2025-08-10T14:46:46.570+0000] {spark_submit.py:579} INFO - at org.apache.spark.sql.artifact.ArtifactManager.$anonfun$withResources$1(ArtifactManager.scala:112)
[2025-08-10T14:46:46.570+0000] {spark_submit.py:579} INFO - at org.apache.spark.sql.artifact.ArtifactManager.withClassLoaderIfNeeded(ArtifactManager.scala:106)
[2025-08-10T14:46:46.570+0000] {spark_submit.py:579} INFO - at org.apache.spark.sql.artifact.ArtifactManager.withResources(ArtifactManager.scala:111)
[2025-08-10T14:46:46.570+0000] {spark_submit.py:579} INFO - at org.apache.spark.sql.execution.SQLExecution$.$anonfun$withNewExecutionId0$6(SQLExecution.scala:124)
[2025-08-10T14:46:46.571+0000] {spark_submit.py:579} INFO - at org.apache.spark.sql.execution.SQLExecution$.withSQLConfPropagated(SQLExecution.scala:291)
[2025-08-10T14:46:46.571+0000] {spark_submit.py:579} INFO - at org.apache.spark.sql.execution.SQLExecution$.$anonfun$withNewExecutionId0$1(SQLExecution.scala:123)
[2025-08-10T14:46:46.571+0000] {spark_submit.py:579} INFO - at org.apache.spark.sql.SparkSession.withActive(SparkSession.scala:804)
[2025-08-10T14:46:46.571+0000] {spark_submit.py:579} INFO - at org.apache.spark.sql.execution.SQLExecution$.withNewExecutionId0(SQLExecution.scala:77)
[2025-08-10T14:46:46.571+0000] {spark_submit.py:579} INFO - at org.apache.spark.sql.execution.SQLExecution$.withNewExecutionId(SQLExecution.scala:233)
[2025-08-10T14:46:46.572+0000] {spark_submit.py:579} INFO - at org.apache.spark.sql.execution.QueryExecution.$anonfun$eagerlyExecuteCommands$1(QueryExecution.scala:155)
[2025-08-10T14:46:46.572+0000] {spark_submit.py:579} INFO - at org.apache.spark.sql.execution.QueryExecution$.withInternalError(QueryExecution.scala:654)
[2025-08-10T14:46:46.572+0000] {spark_submit.py:579} INFO - at org.apache.spark.sql.execution.QueryExecution.org$apache$spark$sql$execution$QueryExecution$$eagerlyExecute$1(QueryExecution.scala:154)
[2025-08-10T14:46:46.572+0000] {spark_submit.py:579} INFO - at org.apache.spark.sql.execution.QueryExecution$$anonfun$eagerlyExecuteCommands$3.applyOrElse(QueryExecution.scala:169)
[2025-08-10T14:46:46.573+0000] {spark_submit.py:579} INFO - at org.apache.spark.sql.execution.QueryExecution$$anonfun$eagerlyExecuteCommands$3.applyOrElse(QueryExecution.scala:164)
[2025-08-10T14:46:46.573+0000] {spark_submit.py:579} INFO - at org.apache.spark.sql.catalyst.trees.TreeNode.$anonfun$transformDownWithPruning$1(TreeNode.scala:470)
[2025-08-10T14:46:46.573+0000] {spark_submit.py:579} INFO - at org.apache.spark.sql.catalyst.trees.CurrentOrigin$.withOrigin(origin.scala:86)
[2025-08-10T14:46:46.573+0000] {spark_submit.py:579} INFO - at org.apache.spark.sql.catalyst.trees.TreeNode.transformDownWithPruning(TreeNode.scala:470)
[2025-08-10T14:46:46.573+0000] {spark_submit.py:579} INFO - at org.apache.spark.sql.catalyst.plans.logical.LogicalPlan.org$apache$spark$sql$catalyst$plans$logical$AnalysisHelper$$super$transformDownWithPruning(LogicalPlan.scala:37)
[2025-08-10T14:46:46.574+0000] {spark_submit.py:579} INFO - at org.apache.spark.sql.catalyst.plans.logical.AnalysisHelper.transformDownWithPruning(AnalysisHelper.scala:360)
[2025-08-10T14:46:46.574+0000] {spark_submit.py:579} INFO - at org.apache.spark.sql.catalyst.plans.logical.AnalysisHelper.transformDownWithPruning$(AnalysisHelper.scala:356)
[2025-08-10T14:46:46.574+0000] {spark_submit.py:579} INFO - at org.apache.spark.sql.catalyst.plans.logical.LogicalPlan.transformDownWithPruning(LogicalPlan.scala:37)
[2025-08-10T14:46:46.575+0000] {spark_submit.py:579} INFO - at org.apache.spark.sql.catalyst.plans.logical.LogicalPlan.transformDownWithPruning(LogicalPlan.scala:37)
[2025-08-10T14:46:46.575+0000] {spark_submit.py:579} INFO - at org.apache.spark.sql.catalyst.trees.TreeNode.transformDown(TreeNode.scala:446)
[2025-08-10T14:46:46.575+0000] {spark_submit.py:579} INFO - at org.apache.spark.sql.execution.QueryExecution.eagerlyExecuteCommands(QueryExecution.scala:164)
[2025-08-10T14:46:46.575+0000] {spark_submit.py:579} INFO - at org.apache.spark.sql.execution.QueryExecution.$anonfun$lazyCommandExecuted$1(QueryExecution.scala:126)
[2025-08-10T14:46:46.576+0000] {spark_submit.py:579} INFO - at scala.util.Try$.apply(Try.scala:217)
[2025-08-10T14:46:46.576+0000] {spark_submit.py:579} INFO - at org.apache.spark.util.Utils$.doTryWithCallerStacktrace(Utils.scala:1378)
[2025-08-10T14:46:46.576+0000] {spark_submit.py:579} INFO - at org.apache.spark.util.LazyTry.tryT$lzycompute(LazyTry.scala:46)
[2025-08-10T14:46:46.576+0000] {spark_submit.py:579} INFO - at org.apache.spark.util.LazyTry.tryT(LazyTry.scala:46)
[2025-08-10T14:46:46.576+0000] {spark_submit.py:579} INFO - ... 20 more
[2025-08-10T14:46:46.577+0000] {spark_submit.py:579} INFO - 
[2025-08-10T14:46:46.676+0000] {spark_submit.py:579} INFO - 25/08/10 14:46:46 INFO SparkContext: Invoking stop() from shutdown hook
[2025-08-10T14:46:46.679+0000] {spark_submit.py:579} INFO - 25/08/10 14:46:46 INFO SparkContext: SparkContext is stopping with exitCode 0 from run at Executors.java:539.
[2025-08-10T14:46:46.686+0000] {spark_submit.py:579} INFO - 25/08/10 14:46:46 INFO SparkUI: Stopped Spark web UI at http://0941e0e18279:4040
[2025-08-10T14:46:46.688+0000] {spark_submit.py:579} INFO - 25/08/10 14:46:46 INFO StandaloneSchedulerBackend: Shutting down all executors
[2025-08-10T14:46:46.689+0000] {spark_submit.py:579} INFO - 25/08/10 14:46:46 INFO StandaloneSchedulerBackend$StandaloneDriverEndpoint: Asking each executor to shut down
[2025-08-10T14:46:46.708+0000] {spark_submit.py:579} INFO - 25/08/10 14:46:46 INFO MapOutputTrackerMasterEndpoint: MapOutputTrackerMasterEndpoint stopped!
[2025-08-10T14:46:46.750+0000] {spark_submit.py:579} INFO - 25/08/10 14:46:46 INFO MemoryStore: MemoryStore started with capacity 434.4 MiB
[2025-08-10T14:46:46.751+0000] {spark_submit.py:579} INFO - 25/08/10 14:46:46 INFO MemoryStore: MemoryStore cleared
[2025-08-10T14:46:46.752+0000] {spark_submit.py:579} INFO - 25/08/10 14:46:46 INFO BlockManager: BlockManager stopped
[2025-08-10T14:46:46.762+0000] {spark_submit.py:579} INFO - 25/08/10 14:46:46 INFO BlockManagerMaster: BlockManagerMaster stopped
[2025-08-10T14:46:46.764+0000] {spark_submit.py:579} INFO - 25/08/10 14:46:46 INFO OutputCommitCoordinator$OutputCommitCoordinatorEndpoint: OutputCommitCoordinator stopped!
[2025-08-10T14:46:46.781+0000] {spark_submit.py:579} INFO - 25/08/10 14:46:46 INFO SparkContext: Successfully stopped SparkContext
[2025-08-10T14:46:46.782+0000] {spark_submit.py:579} INFO - 25/08/10 14:46:46 INFO ShutdownHookManager: Shutdown hook called
[2025-08-10T14:46:46.783+0000] {spark_submit.py:579} INFO - 25/08/10 14:46:46 INFO ShutdownHookManager: Deleting directory /tmp/spark-25332abe-55d1-4bee-b8ee-ea11b8fc6ed4/pyspark-e82306fe-04ed-45b1-a316-b795a87b57e9
[2025-08-10T14:46:46.798+0000] {spark_submit.py:579} INFO - 25/08/10 14:46:46 INFO ShutdownHookManager: Deleting directory /opt/***/artifacts/spark-4dfbb642-d5de-4fc0-9cc8-7c3eedba8e43
[2025-08-10T14:46:46.812+0000] {spark_submit.py:579} INFO - 25/08/10 14:46:46 INFO ShutdownHookManager: Deleting directory /tmp/spark-566748e5-2588-4b1d-b03d-03aa1f9ccaa6
[2025-08-10T14:46:46.827+0000] {spark_submit.py:579} INFO - 25/08/10 14:46:46 INFO ShutdownHookManager: Deleting directory /tmp/spark-25332abe-55d1-4bee-b8ee-ea11b8fc6ed4
[2025-08-10T14:46:46.881+0000] {taskinstance.py:1935} ERROR - Task failed with exception
Traceback (most recent call last):
  File "/home/airflow/.local/lib/python3.10/site-packages/airflow/providers/apache/spark/operators/spark_submit.py", line 174, in execute
    self._hook.submit(self.application)
  File "/home/airflow/.local/lib/python3.10/site-packages/airflow/providers/apache/spark/hooks/spark_submit.py", line 505, in submit
    raise AirflowException(
airflow.exceptions.AirflowException: Cannot execute: spark-submit --master spark://spark-master:7077 --jars /opt/spark/external-jars/spark-mssql-connector_2.11-1.1.0.jar --name arrow-spark --deploy-mode client jobs/python/wordcountjob.py. Error code is: 1.
[2025-08-10T14:46:46.884+0000] {taskinstance.py:1398} INFO - Marking task as FAILED. dag_id=sparking_flow, task_id=python_job, execution_date=20250810T144631, start_date=20250810T144633, end_date=20250810T144646
[2025-08-10T14:46:46.897+0000] {standard_task_runner.py:104} ERROR - Failed to execute job 7 for task python_job (Cannot execute: spark-submit --master spark://spark-master:7077 --jars /opt/spark/external-jars/spark-mssql-connector_2.11-1.1.0.jar --name arrow-spark --deploy-mode client jobs/python/wordcountjob.py. Error code is: 1.; 336)
[2025-08-10T14:46:46.908+0000] {local_task_job_runner.py:228} INFO - Task exited with return code 1
[2025-08-10T14:46:46.928+0000] {taskinstance.py:2776} INFO - 0 downstream tasks scheduled from follow-on schedule check
