[2025-08-14T00:00:06.335+0000] {taskinstance.py:1157} INFO - Dependencies all met for dep_context=non-requeueable deps ti=<TaskInstance: sparking_flow.python_job scheduled__2025-08-13T00:00:00+00:00 [queued]>
[2025-08-14T00:00:06.344+0000] {taskinstance.py:1157} INFO - Dependencies all met for dep_context=requeueable deps ti=<TaskInstance: sparking_flow.python_job scheduled__2025-08-13T00:00:00+00:00 [queued]>
[2025-08-14T00:00:06.344+0000] {taskinstance.py:1359} INFO - Starting attempt 1 of 1
[2025-08-14T00:00:06.357+0000] {taskinstance.py:1380} INFO - Executing <Task(SparkSubmitOperator): python_job> on 2025-08-13 00:00:00+00:00
[2025-08-14T00:00:06.367+0000] {standard_task_runner.py:57} INFO - Started process 27073 to run task
[2025-08-14T00:00:06.372+0000] {standard_task_runner.py:84} INFO - Running: ['***', 'tasks', 'run', 'sparking_flow', 'python_job', 'scheduled__2025-08-13T00:00:00+00:00', '--job-id', '17', '--raw', '--subdir', 'DAGS_FOLDER/spark_***.py', '--cfg-path', '/tmp/tmpl8e6ii27']
[2025-08-14T00:00:06.379+0000] {standard_task_runner.py:85} INFO - Job 17: Subtask python_job
[2025-08-14T00:00:06.459+0000] {task_command.py:415} INFO - Running <TaskInstance: sparking_flow.python_job scheduled__2025-08-13T00:00:00+00:00 [running]> on host cd1679119d2d
[2025-08-14T00:00:06.558+0000] {taskinstance.py:1660} INFO - Exporting env vars: AIRFLOW_CTX_DAG_OWNER='Yusuf Ganiyu' AIRFLOW_CTX_DAG_ID='sparking_flow' AIRFLOW_CTX_TASK_ID='python_job' AIRFLOW_CTX_EXECUTION_DATE='2025-08-13T00:00:00+00:00' AIRFLOW_CTX_TRY_NUMBER='1' AIRFLOW_CTX_DAG_RUN_ID='scheduled__2025-08-13T00:00:00+00:00'
[2025-08-14T00:00:06.576+0000] {base.py:73} INFO - Using connection ID 'spark-conn' for task execution.
[2025-08-14T00:00:06.577+0000] {spark_submit.py:403} INFO - Spark-Submit cmd: spark-submit --master spark://spark-master:7077 --jars /opt/spark/external-jars/apache-spark-sql-connector.jar --name arrow-spark --deploy-mode client jobs/python/wordcountjob.py
[2025-08-14T00:00:08.096+0000] {spark_submit.py:579} INFO - WARNING: Using incubator modules: jdk.incubator.vector
[2025-08-14T00:00:10.062+0000] {spark_submit.py:579} INFO - 25/08/14 00:00:10 WARN NativeCodeLoader: Unable to load native-hadoop library for your platform... using builtin-java classes where applicable
[2025-08-14T00:00:13.180+0000] {spark_submit.py:579} INFO - Using Spark's default log4j profile: org/apache/spark/log4j2-defaults.properties
[2025-08-14T00:00:13.186+0000] {spark_submit.py:579} INFO - 25/08/14 00:00:13 INFO SparkContext: Running Spark version 4.0.0
[2025-08-14T00:00:13.188+0000] {spark_submit.py:579} INFO - 25/08/14 00:00:13 INFO SparkContext: OS info Linux, 6.6.87.2-microsoft-standard-WSL2, amd64
[2025-08-14T00:00:13.188+0000] {spark_submit.py:579} INFO - 25/08/14 00:00:13 INFO SparkContext: Java version 17.0.15
[2025-08-14T00:00:13.212+0000] {spark_submit.py:579} INFO - 25/08/14 00:00:13 INFO ResourceUtils: ==============================================================
[2025-08-14T00:00:13.213+0000] {spark_submit.py:579} INFO - 25/08/14 00:00:13 INFO ResourceUtils: No custom resources configured for spark.driver.
[2025-08-14T00:00:13.214+0000] {spark_submit.py:579} INFO - 25/08/14 00:00:13 INFO ResourceUtils: ==============================================================
[2025-08-14T00:00:13.214+0000] {spark_submit.py:579} INFO - 25/08/14 00:00:13 INFO SparkContext: Submitted application: PythonWordCount
[2025-08-14T00:00:13.239+0000] {spark_submit.py:579} INFO - 25/08/14 00:00:13 INFO ResourceProfile: Default ResourceProfile created, executor resources: Map(memory -> name: memory, amount: 1024, script: , vendor: , offHeap -> name: offHeap, amount: 0, script: , vendor: ), task resources: Map(cpus -> name: cpus, amount: 1.0)
[2025-08-14T00:00:13.241+0000] {spark_submit.py:579} INFO - 25/08/14 00:00:13 INFO ResourceProfile: Limiting resource is cpu
[2025-08-14T00:00:13.242+0000] {spark_submit.py:579} INFO - 25/08/14 00:00:13 INFO ResourceProfileManager: Added ResourceProfile id: 0
[2025-08-14T00:00:13.295+0000] {spark_submit.py:579} INFO - 25/08/14 00:00:13 INFO SecurityManager: Changing view acls to: ***
[2025-08-14T00:00:13.300+0000] {spark_submit.py:579} INFO - 25/08/14 00:00:13 INFO SecurityManager: Changing modify acls to: ***
[2025-08-14T00:00:13.301+0000] {spark_submit.py:579} INFO - 25/08/14 00:00:13 INFO SecurityManager: Changing view acls groups to: ***
[2025-08-14T00:00:13.302+0000] {spark_submit.py:579} INFO - 25/08/14 00:00:13 INFO SecurityManager: Changing modify acls groups to: ***
[2025-08-14T00:00:13.302+0000] {spark_submit.py:579} INFO - 25/08/14 00:00:13 INFO SecurityManager: SecurityManager: authentication disabled; ui acls disabled; users with view permissions: *** groups with view permissions: EMPTY; users with modify permissions: ***; groups with modify permissions: EMPTY; RPC SSL disabled
[2025-08-14T00:00:13.896+0000] {spark_submit.py:579} INFO - 25/08/14 00:00:13 INFO Utils: Successfully started service 'sparkDriver' on port 41191.
[2025-08-14T00:00:13.939+0000] {spark_submit.py:579} INFO - 25/08/14 00:00:13 INFO SparkEnv: Registering MapOutputTracker
[2025-08-14T00:00:13.951+0000] {spark_submit.py:579} INFO - 25/08/14 00:00:13 INFO SparkEnv: Registering BlockManagerMaster
[2025-08-14T00:00:13.973+0000] {spark_submit.py:579} INFO - 25/08/14 00:00:13 INFO BlockManagerMasterEndpoint: Using org.apache.spark.storage.DefaultTopologyMapper for getting topology information
[2025-08-14T00:00:13.974+0000] {spark_submit.py:579} INFO - 25/08/14 00:00:13 INFO BlockManagerMasterEndpoint: BlockManagerMasterEndpoint up
[2025-08-14T00:00:13.979+0000] {spark_submit.py:579} INFO - 25/08/14 00:00:13 INFO SparkEnv: Registering BlockManagerMasterHeartbeat
[2025-08-14T00:00:14.014+0000] {spark_submit.py:579} INFO - 25/08/14 00:00:14 INFO DiskBlockManager: Created local directory at /tmp/blockmgr-7159fb2c-03d7-479f-9d19-ab37867647d4
[2025-08-14T00:00:14.040+0000] {spark_submit.py:579} INFO - 25/08/14 00:00:14 INFO SparkEnv: Registering OutputCommitCoordinator
[2025-08-14T00:00:14.189+0000] {spark_submit.py:579} INFO - 25/08/14 00:00:14 INFO JettyUtils: Start Jetty 0.0.0.0:4040 for SparkUI
[2025-08-14T00:00:14.260+0000] {spark_submit.py:579} INFO - 25/08/14 00:00:14 INFO Utils: Successfully started service 'SparkUI' on port 4040.
[2025-08-14T00:00:14.296+0000] {spark_submit.py:579} INFO - 25/08/14 00:00:14 INFO SparkContext: Added JAR file:///opt/spark/external-jars/apache-spark-sql-connector.jar at spark://cd1679119d2d:41191/jars/apache-spark-sql-connector.jar with timestamp 1755129613174
[2025-08-14T00:00:14.318+0000] {spark_submit.py:579} INFO - 25/08/14 00:00:14 INFO SecurityManager: Changing view acls to: ***
[2025-08-14T00:00:14.319+0000] {spark_submit.py:579} INFO - 25/08/14 00:00:14 INFO SecurityManager: Changing modify acls to: ***
[2025-08-14T00:00:14.320+0000] {spark_submit.py:579} INFO - 25/08/14 00:00:14 INFO SecurityManager: Changing view acls groups to: ***
[2025-08-14T00:00:14.320+0000] {spark_submit.py:579} INFO - 25/08/14 00:00:14 INFO SecurityManager: Changing modify acls groups to: ***
[2025-08-14T00:00:14.321+0000] {spark_submit.py:579} INFO - 25/08/14 00:00:14 INFO SecurityManager: SecurityManager: authentication disabled; ui acls disabled; users with view permissions: *** groups with view permissions: EMPTY; users with modify permissions: ***; groups with modify permissions: EMPTY; RPC SSL disabled
[2025-08-14T00:00:14.495+0000] {spark_submit.py:579} INFO - 25/08/14 00:00:14 INFO StandaloneAppClient$ClientEndpoint: Connecting to master spark://spark-master:7077...
[2025-08-14T00:00:14.554+0000] {spark_submit.py:579} INFO - 25/08/14 00:00:14 INFO TransportClientFactory: Successfully created connection to spark-master/172.18.0.3:7077 after 28 ms (0 ms spent in bootstraps)
[2025-08-14T00:00:15.544+0000] {spark_submit.py:579} INFO - 25/08/14 00:00:15 INFO StandaloneSchedulerBackend: Connected to Spark cluster with app ID app-20250814000015-0006
[2025-08-14T00:00:15.553+0000] {spark_submit.py:579} INFO - 25/08/14 00:00:15 INFO Utils: Successfully started service 'org.apache.spark.network.netty.NettyBlockTransferService' on port 46295.
[2025-08-14T00:00:15.554+0000] {spark_submit.py:579} INFO - 25/08/14 00:00:15 INFO NettyBlockTransferService: Server created on cd1679119d2d:46295
[2025-08-14T00:00:15.555+0000] {spark_submit.py:579} INFO - 25/08/14 00:00:15 INFO BlockManager: Using org.apache.spark.storage.RandomBlockReplicationPolicy for block replication policy
[2025-08-14T00:00:15.571+0000] {spark_submit.py:579} INFO - 25/08/14 00:00:15 INFO BlockManagerMaster: Registering BlockManager BlockManagerId(driver, cd1679119d2d, 46295, None)
[2025-08-14T00:00:15.576+0000] {spark_submit.py:579} INFO - 25/08/14 00:00:15 INFO BlockManagerMasterEndpoint: Registering block manager cd1679119d2d:46295 with 434.4 MiB RAM, BlockManagerId(driver, cd1679119d2d, 46295, None)
[2025-08-14T00:00:15.578+0000] {spark_submit.py:579} INFO - 25/08/14 00:00:15 INFO BlockManagerMaster: Registered BlockManager BlockManagerId(driver, cd1679119d2d, 46295, None)
[2025-08-14T00:00:15.579+0000] {spark_submit.py:579} INFO - 25/08/14 00:00:15 INFO BlockManager: Initialized BlockManager: BlockManagerId(driver, cd1679119d2d, 46295, None)
[2025-08-14T00:00:15.728+0000] {spark_submit.py:579} INFO - 25/08/14 00:00:15 INFO StandaloneSchedulerBackend: SchedulerBackend is ready for scheduling beginning after reached minRegisteredResourcesRatio: 0.0
[2025-08-14T00:00:15.747+0000] {spark_submit.py:579} INFO - 25/08/14 00:00:15 INFO StandaloneAppClient$ClientEndpoint: Executor added: app-20250814000015-0006/0 on worker-20250812044909-172.18.0.5-44209 (172.18.0.5:44209) with 2 core(s)
[2025-08-14T00:00:15.749+0000] {spark_submit.py:579} INFO - 25/08/14 00:00:15 INFO StandaloneSchedulerBackend: Granted executor ID app-20250814000015-0006/0 on hostPort 172.18.0.5:44209 with 2 core(s), 1024.0 MiB RAM
[2025-08-14T00:00:17.964+0000] {spark_submit.py:579} INFO - 25/08/14 00:00:17 INFO StandaloneAppClient$ClientEndpoint: Executor updated: app-20250814000015-0006/0 is now RUNNING
[2025-08-14T00:00:19.622+0000] {spark_submit.py:579} INFO - dict_keys(['daily', 'daily960', 'live_rapid', 'live_blitz', 'live_bullet', 'live_bughouse', 'live_blitz960', 'live_threecheck', 'live_crazyhouse', 'live_kingofthehill', 'tactics', 'rush', 'battle'])
[2025-08-14T00:00:19.696+0000] {spark_submit.py:579} INFO - 25/08/14 00:00:19 INFO SharedState: Setting hive.metastore.warehouse.dir ('null') to the value of spark.sql.warehouse.dir.
[2025-08-14T00:00:19.699+0000] {spark_submit.py:579} INFO - 25/08/14 00:00:19 INFO SharedState: Warehouse path is 'file:/opt/***/spark-warehouse'.
[2025-08-14T00:00:22.326+0000] {spark_submit.py:579} INFO - 25/08/14 00:00:22 INFO StandaloneSchedulerBackend$StandaloneDriverEndpoint: Registered executor NettyRpcEndpointRef(spark-client://Executor) (172.18.0.5:59884) with ID 0, ResourceProfileId 0
[2025-08-14T00:00:22.503+0000] {spark_submit.py:579} INFO - 25/08/14 00:00:22 INFO BlockManagerMasterEndpoint: Registering block manager 172.18.0.5:42473 with 434.4 MiB RAM, BlockManagerId(0, 172.18.0.5, 42473, None)
[2025-08-14T00:00:22.571+0000] {spark_submit.py:579} INFO - 25/08/14 00:00:22 WARN SparkStringUtils: Truncated the string representation of a plan since it was too large. This behavior can be adjusted by setting 'spark.sql.debug.maxToStringFields'.
[2025-08-14T00:00:23.027+0000] {spark_submit.py:579} INFO - 25/08/14 00:00:23 INFO CodeGenerator: Code generated in 307.360615 ms
[2025-08-14T00:00:23.100+0000] {spark_submit.py:579} INFO - 25/08/14 00:00:23 INFO SparkContext: Starting job: jdbc at NativeMethodAccessorImpl.java:0
[2025-08-14T00:00:23.122+0000] {spark_submit.py:579} INFO - 25/08/14 00:00:23 INFO DAGScheduler: Got job 0 (jdbc at NativeMethodAccessorImpl.java:0) with 2 output partitions
[2025-08-14T00:00:23.126+0000] {spark_submit.py:579} INFO - 25/08/14 00:00:23 INFO DAGScheduler: Final stage: ResultStage 0 (jdbc at NativeMethodAccessorImpl.java:0)
[2025-08-14T00:00:23.127+0000] {spark_submit.py:579} INFO - 25/08/14 00:00:23 INFO DAGScheduler: Parents of final stage: List()
[2025-08-14T00:00:23.130+0000] {spark_submit.py:579} INFO - 25/08/14 00:00:23 INFO DAGScheduler: Missing parents: List()
[2025-08-14T00:00:23.134+0000] {spark_submit.py:579} INFO - 25/08/14 00:00:23 INFO DAGScheduler: Submitting ResultStage 0 (MapPartitionsRDD[23] at jdbc at NativeMethodAccessorImpl.java:0), which has no missing parents
[2025-08-14T00:00:23.203+0000] {spark_submit.py:579} INFO - 25/08/14 00:00:23 INFO MemoryStore: MemoryStore started with capacity 434.4 MiB
[2025-08-14T00:00:23.235+0000] {spark_submit.py:579} INFO - 25/08/14 00:00:23 INFO MemoryStore: Block broadcast_0 stored as values in memory (estimated size 32.4 KiB, free 434.4 MiB)
[2025-08-14T00:00:23.276+0000] {spark_submit.py:579} INFO - 25/08/14 00:00:23 INFO MemoryStore: Block broadcast_0_piece0 stored as bytes in memory (estimated size 13.7 KiB, free 434.4 MiB)
[2025-08-14T00:00:23.286+0000] {spark_submit.py:579} INFO - 25/08/14 00:00:23 INFO SparkContext: Created broadcast 0 from broadcast at DAGScheduler.scala:1676
[2025-08-14T00:00:23.302+0000] {spark_submit.py:579} INFO - 25/08/14 00:00:23 INFO DAGScheduler: Submitting 2 missing tasks from ResultStage 0 (MapPartitionsRDD[23] at jdbc at NativeMethodAccessorImpl.java:0) (first 15 tasks are for partitions Vector(0, 1))
[2025-08-14T00:00:23.313+0000] {spark_submit.py:579} INFO - 25/08/14 00:00:23 INFO TaskSchedulerImpl: Adding task set 0.0 with 2 tasks resource profile 0
[2025-08-14T00:00:23.351+0000] {spark_submit.py:579} INFO - 25/08/14 00:00:23 INFO TaskSetManager: Starting task 0.0 in stage 0.0 (TID 0) (172.18.0.5,executor 0, partition 0, PROCESS_LOCAL, 17627 bytes)
[2025-08-14T00:00:23.355+0000] {spark_submit.py:579} INFO - 25/08/14 00:00:23 INFO TaskSetManager: Starting task 1.0 in stage 0.0 (TID 1) (172.18.0.5,executor 0, partition 1, PROCESS_LOCAL, 17429 bytes)
[2025-08-14T00:00:27.216+0000] {spark_submit.py:579} INFO - 25/08/14 00:00:27 INFO TaskSetManager: Finished task 0.0 in stage 0.0 (TID 0) in 3881 ms on 172.18.0.5 (executor 0) (1/2)
[2025-08-14T00:00:27.217+0000] {spark_submit.py:579} INFO - 25/08/14 00:00:27 INFO TaskSetManager: Finished task 1.0 in stage 0.0 (TID 1) in 3862 ms on 172.18.0.5 (executor 0) (2/2)
[2025-08-14T00:00:27.218+0000] {spark_submit.py:579} INFO - 25/08/14 00:00:27 INFO TaskSchedulerImpl: Removed TaskSet 0.0 whose tasks have all completed, from pool
[2025-08-14T00:00:27.223+0000] {spark_submit.py:579} INFO - 25/08/14 00:00:27 INFO PythonAccumulatorV2: Connected to AccumulatorServer at host: 127.0.0.1 port: 40483
[2025-08-14T00:00:27.239+0000] {spark_submit.py:579} INFO - 25/08/14 00:00:27 INFO DAGScheduler: ResultStage 0 (jdbc at NativeMethodAccessorImpl.java:0) finished in 4088 ms
[2025-08-14T00:00:27.243+0000] {spark_submit.py:579} INFO - 25/08/14 00:00:27 INFO DAGScheduler: Job 0 is finished. Cancelling potential speculative or zombie tasks for this job
[2025-08-14T00:00:27.244+0000] {spark_submit.py:579} INFO - 25/08/14 00:00:27 INFO TaskSchedulerImpl: Canceling stage 0
[2025-08-14T00:00:27.245+0000] {spark_submit.py:579} INFO - 25/08/14 00:00:27 INFO TaskSchedulerImpl: Killing all running tasks in stage 0: Stage finished
[2025-08-14T00:00:27.247+0000] {spark_submit.py:579} INFO - 25/08/14 00:00:27 INFO DAGScheduler: Job 0 finished: jdbc at NativeMethodAccessorImpl.java:0, took 4146.999485 ms
[2025-08-14T00:00:27.375+0000] {spark_submit.py:579} INFO - table daily has been loaded
[2025-08-14T00:00:27.521+0000] {spark_submit.py:579} INFO - 25/08/14 00:00:27 INFO SparkContext: Starting job: jdbc at NativeMethodAccessorImpl.java:0
[2025-08-14T00:00:27.524+0000] {spark_submit.py:579} INFO - 25/08/14 00:00:27 INFO DAGScheduler: Got job 1 (jdbc at NativeMethodAccessorImpl.java:0) with 2 output partitions
[2025-08-14T00:00:27.524+0000] {spark_submit.py:579} INFO - 25/08/14 00:00:27 INFO DAGScheduler: Final stage: ResultStage 1 (jdbc at NativeMethodAccessorImpl.java:0)
[2025-08-14T00:00:27.525+0000] {spark_submit.py:579} INFO - 25/08/14 00:00:27 INFO DAGScheduler: Parents of final stage: List()
[2025-08-14T00:00:27.525+0000] {spark_submit.py:579} INFO - 25/08/14 00:00:27 INFO DAGScheduler: Missing parents: List()
[2025-08-14T00:00:27.525+0000] {spark_submit.py:579} INFO - 25/08/14 00:00:27 INFO DAGScheduler: Submitting ResultStage 1 (MapPartitionsRDD[27] at jdbc at NativeMethodAccessorImpl.java:0), which has no missing parents
[2025-08-14T00:00:27.530+0000] {spark_submit.py:579} INFO - 25/08/14 00:00:27 INFO MemoryStore: Block broadcast_1 stored as values in memory (estimated size 32.5 KiB, free 434.3 MiB)
[2025-08-14T00:00:27.547+0000] {spark_submit.py:579} INFO - 25/08/14 00:00:27 INFO MemoryStore: Block broadcast_1_piece0 stored as bytes in memory (estimated size 13.7 KiB, free 434.3 MiB)
[2025-08-14T00:00:27.548+0000] {spark_submit.py:579} INFO - 25/08/14 00:00:27 INFO SparkContext: Created broadcast 1 from broadcast at DAGScheduler.scala:1676
[2025-08-14T00:00:27.549+0000] {spark_submit.py:579} INFO - 25/08/14 00:00:27 INFO DAGScheduler: Submitting 2 missing tasks from ResultStage 1 (MapPartitionsRDD[27] at jdbc at NativeMethodAccessorImpl.java:0) (first 15 tasks are for partitions Vector(0, 1))
[2025-08-14T00:00:27.550+0000] {spark_submit.py:579} INFO - 25/08/14 00:00:27 INFO TaskSchedulerImpl: Adding task set 1.0 with 2 tasks resource profile 0
[2025-08-14T00:00:27.553+0000] {spark_submit.py:579} INFO - 25/08/14 00:00:27 INFO TaskSetManager: Starting task 0.0 in stage 1.0 (TID 2) (172.18.0.5,executor 0, partition 0, PROCESS_LOCAL, 17948 bytes)
[2025-08-14T00:00:27.555+0000] {spark_submit.py:579} INFO - 25/08/14 00:00:27 INFO TaskSetManager: Starting task 1.0 in stage 1.0 (TID 3) (172.18.0.5,executor 0, partition 1, PROCESS_LOCAL, 17934 bytes)
[2025-08-14T00:00:27.868+0000] {spark_submit.py:579} INFO - 25/08/14 00:00:27 INFO TaskSetManager: Finished task 0.0 in stage 1.0 (TID 2) in 315 ms on 172.18.0.5 (executor 0) (1/2)
[2025-08-14T00:00:27.878+0000] {spark_submit.py:579} INFO - 25/08/14 00:00:27 INFO TaskSetManager: Finished task 1.0 in stage 1.0 (TID 3) in 324 ms on 172.18.0.5 (executor 0) (2/2)
[2025-08-14T00:00:27.878+0000] {spark_submit.py:579} INFO - 25/08/14 00:00:27 INFO TaskSchedulerImpl: Removed TaskSet 1.0 whose tasks have all completed, from pool
[2025-08-14T00:00:27.879+0000] {spark_submit.py:579} INFO - 25/08/14 00:00:27 INFO DAGScheduler: ResultStage 1 (jdbc at NativeMethodAccessorImpl.java:0) finished in 353 ms
[2025-08-14T00:00:27.880+0000] {spark_submit.py:579} INFO - 25/08/14 00:00:27 INFO DAGScheduler: Job 1 is finished. Cancelling potential speculative or zombie tasks for this job
[2025-08-14T00:00:27.881+0000] {spark_submit.py:579} INFO - 25/08/14 00:00:27 INFO TaskSchedulerImpl: Canceling stage 1
[2025-08-14T00:00:27.881+0000] {spark_submit.py:579} INFO - 25/08/14 00:00:27 INFO TaskSchedulerImpl: Killing all running tasks in stage 1: Stage finished
[2025-08-14T00:00:27.882+0000] {spark_submit.py:579} INFO - 25/08/14 00:00:27 INFO DAGScheduler: Job 1 finished: jdbc at NativeMethodAccessorImpl.java:0, took 358.931032 ms
[2025-08-14T00:00:27.959+0000] {spark_submit.py:579} INFO - table live_rapid has been loaded
[2025-08-14T00:00:28.190+0000] {spark_submit.py:579} INFO - 25/08/14 00:00:28 INFO SparkContext: Starting job: jdbc at NativeMethodAccessorImpl.java:0
[2025-08-14T00:00:28.192+0000] {spark_submit.py:579} INFO - 25/08/14 00:00:28 INFO DAGScheduler: Got job 2 (jdbc at NativeMethodAccessorImpl.java:0) with 2 output partitions
[2025-08-14T00:00:28.194+0000] {spark_submit.py:579} INFO - 25/08/14 00:00:28 INFO DAGScheduler: Final stage: ResultStage 2 (jdbc at NativeMethodAccessorImpl.java:0)
[2025-08-14T00:00:28.195+0000] {spark_submit.py:579} INFO - 25/08/14 00:00:28 INFO DAGScheduler: Parents of final stage: List()
[2025-08-14T00:00:28.197+0000] {spark_submit.py:579} INFO - 25/08/14 00:00:28 INFO DAGScheduler: Missing parents: List()
[2025-08-14T00:00:28.198+0000] {spark_submit.py:579} INFO - 25/08/14 00:00:28 INFO DAGScheduler: Submitting ResultStage 2 (MapPartitionsRDD[31] at jdbc at NativeMethodAccessorImpl.java:0), which has no missing parents
[2025-08-14T00:00:28.202+0000] {spark_submit.py:579} INFO - 25/08/14 00:00:28 INFO MemoryStore: Block broadcast_2 stored as values in memory (estimated size 32.5 KiB, free 434.4 MiB)
[2025-08-14T00:00:28.210+0000] {spark_submit.py:579} INFO - 25/08/14 00:00:28 INFO MemoryStore: Block broadcast_2_piece0 stored as bytes in memory (estimated size 13.7 KiB, free 434.4 MiB)
[2025-08-14T00:00:28.214+0000] {spark_submit.py:579} INFO - 25/08/14 00:00:28 INFO SparkContext: Created broadcast 2 from broadcast at DAGScheduler.scala:1676
[2025-08-14T00:00:28.215+0000] {spark_submit.py:579} INFO - 25/08/14 00:00:28 INFO DAGScheduler: Submitting 2 missing tasks from ResultStage 2 (MapPartitionsRDD[31] at jdbc at NativeMethodAccessorImpl.java:0) (first 15 tasks are for partitions Vector(0, 1))
[2025-08-14T00:00:28.216+0000] {spark_submit.py:579} INFO - 25/08/14 00:00:28 INFO TaskSchedulerImpl: Adding task set 2.0 with 2 tasks resource profile 0
[2025-08-14T00:00:28.219+0000] {spark_submit.py:579} INFO - 25/08/14 00:00:28 INFO TaskSetManager: Starting task 0.0 in stage 2.0 (TID 4) (172.18.0.5,executor 0, partition 0, PROCESS_LOCAL, 18051 bytes)
[2025-08-14T00:00:28.221+0000] {spark_submit.py:579} INFO - 25/08/14 00:00:28 INFO TaskSetManager: Starting task 1.0 in stage 2.0 (TID 5) (172.18.0.5,executor 0, partition 1, PROCESS_LOCAL, 18223 bytes)
[2025-08-14T00:00:28.514+0000] {spark_submit.py:579} INFO - 25/08/14 00:00:28 INFO TaskSetManager: Finished task 1.0 in stage 2.0 (TID 5) in 294 ms on 172.18.0.5 (executor 0) (1/2)
[2025-08-14T00:00:28.515+0000] {spark_submit.py:579} INFO - 25/08/14 00:00:28 INFO TaskSetManager: Finished task 0.0 in stage 2.0 (TID 4) in 297 ms on 172.18.0.5 (executor 0) (2/2)
[2025-08-14T00:00:28.518+0000] {spark_submit.py:579} INFO - 25/08/14 00:00:28 INFO TaskSchedulerImpl: Removed TaskSet 2.0 whose tasks have all completed, from pool
[2025-08-14T00:00:28.519+0000] {spark_submit.py:579} INFO - 25/08/14 00:00:28 INFO DAGScheduler: ResultStage 2 (jdbc at NativeMethodAccessorImpl.java:0) finished in 323 ms
[2025-08-14T00:00:28.520+0000] {spark_submit.py:579} INFO - 25/08/14 00:00:28 INFO DAGScheduler: Job 2 is finished. Cancelling potential speculative or zombie tasks for this job
[2025-08-14T00:00:28.520+0000] {spark_submit.py:579} INFO - 25/08/14 00:00:28 INFO TaskSchedulerImpl: Canceling stage 2
[2025-08-14T00:00:28.521+0000] {spark_submit.py:579} INFO - 25/08/14 00:00:28 INFO TaskSchedulerImpl: Killing all running tasks in stage 2: Stage finished
[2025-08-14T00:00:28.522+0000] {spark_submit.py:579} INFO - 25/08/14 00:00:28 INFO DAGScheduler: Job 2 finished: jdbc at NativeMethodAccessorImpl.java:0, took 330.364848 ms
[2025-08-14T00:00:28.607+0000] {spark_submit.py:579} INFO - table live_blitz has been loaded
[2025-08-14T00:00:28.776+0000] {spark_submit.py:579} INFO - 25/08/14 00:00:28 INFO SparkContext: Starting job: jdbc at NativeMethodAccessorImpl.java:0
[2025-08-14T00:00:28.778+0000] {spark_submit.py:579} INFO - 25/08/14 00:00:28 INFO DAGScheduler: Got job 3 (jdbc at NativeMethodAccessorImpl.java:0) with 2 output partitions
[2025-08-14T00:00:28.778+0000] {spark_submit.py:579} INFO - 25/08/14 00:00:28 INFO DAGScheduler: Final stage: ResultStage 3 (jdbc at NativeMethodAccessorImpl.java:0)
[2025-08-14T00:00:28.779+0000] {spark_submit.py:579} INFO - 25/08/14 00:00:28 INFO DAGScheduler: Parents of final stage: List()
[2025-08-14T00:00:28.779+0000] {spark_submit.py:579} INFO - 25/08/14 00:00:28 INFO DAGScheduler: Missing parents: List()
[2025-08-14T00:00:28.780+0000] {spark_submit.py:579} INFO - 25/08/14 00:00:28 INFO DAGScheduler: Submitting ResultStage 3 (MapPartitionsRDD[35] at jdbc at NativeMethodAccessorImpl.java:0), which has no missing parents
[2025-08-14T00:00:28.786+0000] {spark_submit.py:579} INFO - 25/08/14 00:00:28 INFO MemoryStore: Block broadcast_3 stored as values in memory (estimated size 32.5 KiB, free 434.3 MiB)
[2025-08-14T00:00:28.802+0000] {spark_submit.py:579} INFO - 25/08/14 00:00:28 INFO MemoryStore: Block broadcast_3_piece0 stored as bytes in memory (estimated size 13.7 KiB, free 434.3 MiB)
[2025-08-14T00:00:28.804+0000] {spark_submit.py:579} INFO - 25/08/14 00:00:28 INFO SparkContext: Created broadcast 3 from broadcast at DAGScheduler.scala:1676
[2025-08-14T00:00:28.807+0000] {spark_submit.py:579} INFO - 25/08/14 00:00:28 INFO DAGScheduler: Submitting 2 missing tasks from ResultStage 3 (MapPartitionsRDD[35] at jdbc at NativeMethodAccessorImpl.java:0) (first 15 tasks are for partitions Vector(0, 1))
[2025-08-14T00:00:28.808+0000] {spark_submit.py:579} INFO - 25/08/14 00:00:28 INFO TaskSchedulerImpl: Adding task set 3.0 with 2 tasks resource profile 0
[2025-08-14T00:00:28.809+0000] {spark_submit.py:579} INFO - 25/08/14 00:00:28 INFO TaskSetManager: Starting task 0.0 in stage 3.0 (TID 6) (172.18.0.5,executor 0, partition 0, PROCESS_LOCAL, 18114 bytes)
[2025-08-14T00:00:28.810+0000] {spark_submit.py:579} INFO - 25/08/14 00:00:28 INFO TaskSetManager: Starting task 1.0 in stage 3.0 (TID 7) (172.18.0.5,executor 0, partition 1, PROCESS_LOCAL, 18075 bytes)
[2025-08-14T00:00:29.084+0000] {spark_submit.py:579} INFO - 25/08/14 00:00:29 INFO TaskSetManager: Finished task 0.0 in stage 3.0 (TID 6) in 276 ms on 172.18.0.5 (executor 0) (1/2)
[2025-08-14T00:00:29.100+0000] {spark_submit.py:579} INFO - 25/08/14 00:00:29 INFO TaskSetManager: Finished task 1.0 in stage 3.0 (TID 7) in 291 ms on 172.18.0.5 (executor 0) (2/2)
[2025-08-14T00:00:29.100+0000] {spark_submit.py:579} INFO - 25/08/14 00:00:29 INFO TaskSchedulerImpl: Removed TaskSet 3.0 whose tasks have all completed, from pool
[2025-08-14T00:00:29.101+0000] {spark_submit.py:579} INFO - 25/08/14 00:00:29 INFO DAGScheduler: ResultStage 3 (jdbc at NativeMethodAccessorImpl.java:0) finished in 320 ms
[2025-08-14T00:00:29.102+0000] {spark_submit.py:579} INFO - 25/08/14 00:00:29 INFO DAGScheduler: Job 3 is finished. Cancelling potential speculative or zombie tasks for this job
[2025-08-14T00:00:29.103+0000] {spark_submit.py:579} INFO - 25/08/14 00:00:29 INFO TaskSchedulerImpl: Canceling stage 3
[2025-08-14T00:00:29.103+0000] {spark_submit.py:579} INFO - 25/08/14 00:00:29 INFO TaskSchedulerImpl: Killing all running tasks in stage 3: Stage finished
[2025-08-14T00:00:29.104+0000] {spark_submit.py:579} INFO - 25/08/14 00:00:29 INFO DAGScheduler: Job 3 finished: jdbc at NativeMethodAccessorImpl.java:0, took 325.992552 ms
[2025-08-14T00:00:29.165+0000] {spark_submit.py:579} INFO - table live_bullet has been loaded
[2025-08-14T00:00:29.962+0000] {spark_submit.py:579} INFO - 25/08/14 00:00:29 INFO SparkContext: Invoking stop() from shutdown hook
[2025-08-14T00:00:29.964+0000] {spark_submit.py:579} INFO - 25/08/14 00:00:29 INFO SparkContext: SparkContext is stopping with exitCode 0 from run at Executors.java:539.
[2025-08-14T00:00:29.998+0000] {spark_submit.py:579} INFO - 25/08/14 00:00:29 INFO SparkUI: Stopped Spark web UI at http://cd1679119d2d:4040
[2025-08-14T00:00:30.003+0000] {spark_submit.py:579} INFO - 25/08/14 00:00:30 INFO StandaloneSchedulerBackend: Shutting down all executors
[2025-08-14T00:00:30.004+0000] {spark_submit.py:579} INFO - 25/08/14 00:00:30 INFO StandaloneSchedulerBackend$StandaloneDriverEndpoint: Asking each executor to shut down
[2025-08-14T00:00:30.074+0000] {spark_submit.py:579} INFO - 25/08/14 00:00:30 INFO MapOutputTrackerMasterEndpoint: MapOutputTrackerMasterEndpoint stopped!
[2025-08-14T00:00:30.166+0000] {spark_submit.py:579} INFO - 25/08/14 00:00:30 INFO MemoryStore: MemoryStore cleared
[2025-08-14T00:00:30.167+0000] {spark_submit.py:579} INFO - 25/08/14 00:00:30 INFO BlockManager: BlockManager stopped
[2025-08-14T00:00:30.170+0000] {spark_submit.py:579} INFO - 25/08/14 00:00:30 INFO BlockManagerMaster: BlockManagerMaster stopped
[2025-08-14T00:00:30.172+0000] {spark_submit.py:579} INFO - 25/08/14 00:00:30 INFO OutputCommitCoordinator$OutputCommitCoordinatorEndpoint: OutputCommitCoordinator stopped!
[2025-08-14T00:00:30.215+0000] {spark_submit.py:579} INFO - 25/08/14 00:00:30 INFO SparkContext: Successfully stopped SparkContext
[2025-08-14T00:00:30.216+0000] {spark_submit.py:579} INFO - 25/08/14 00:00:30 INFO ShutdownHookManager: Shutdown hook called
[2025-08-14T00:00:30.216+0000] {spark_submit.py:579} INFO - 25/08/14 00:00:30 INFO ShutdownHookManager: Deleting directory /tmp/spark-c8925afb-84a0-449f-a4f6-e54c7e9c5843
[2025-08-14T00:00:30.255+0000] {spark_submit.py:579} INFO - 25/08/14 00:00:30 INFO ShutdownHookManager: Deleting directory /tmp/spark-a6ef465d-4676-4059-9ac2-62854e8d1962/pyspark-6172d2f4-2e04-4f1c-86a0-d922555b9b3e
[2025-08-14T00:00:30.281+0000] {spark_submit.py:579} INFO - 25/08/14 00:00:30 INFO ShutdownHookManager: Deleting directory /opt/***/artifacts/spark-c0b6b25b-61ce-426c-a24e-b32c82f97d1a
[2025-08-14T00:00:30.307+0000] {spark_submit.py:579} INFO - 25/08/14 00:00:30 INFO ShutdownHookManager: Deleting directory /tmp/spark-a6ef465d-4676-4059-9ac2-62854e8d1962
[2025-08-14T00:00:31.058+0000] {taskinstance.py:1398} INFO - Marking task as SUCCESS. dag_id=sparking_flow, task_id=python_job, execution_date=20250813T000000, start_date=20250814T000006, end_date=20250814T000031
[2025-08-14T00:00:31.359+0000] {local_task_job_runner.py:228} INFO - Task exited with return code 0
[2025-08-14T00:00:31.596+0000] {taskinstance.py:2776} INFO - 1 downstream tasks scheduled from follow-on schedule check
