[2025-08-12T05:01:38.915+0000] {taskinstance.py:1157} INFO - Dependencies all met for dep_context=non-requeueable deps ti=<TaskInstance: sparking_flow.python_job manual__2025-08-12T05:01:34.722268+00:00 [queued]>
[2025-08-12T05:01:38.923+0000] {taskinstance.py:1157} INFO - Dependencies all met for dep_context=requeueable deps ti=<TaskInstance: sparking_flow.python_job manual__2025-08-12T05:01:34.722268+00:00 [queued]>
[2025-08-12T05:01:38.923+0000] {taskinstance.py:1359} INFO - Starting attempt 1 of 1
[2025-08-12T05:01:38.963+0000] {taskinstance.py:1380} INFO - Executing <Task(SparkSubmitOperator): python_job> on 2025-08-12 05:01:34.722268+00:00
[2025-08-12T05:01:38.969+0000] {standard_task_runner.py:57} INFO - Started process 663 to run task
[2025-08-12T05:01:38.972+0000] {standard_task_runner.py:84} INFO - Running: ['***', 'tasks', 'run', 'sparking_flow', 'python_job', 'manual__2025-08-12T05:01:34.722268+00:00', '--job-id', '7', '--raw', '--subdir', 'DAGS_FOLDER/spark_***.py', '--cfg-path', '/tmp/tmp8quswwho']
[2025-08-12T05:01:38.975+0000] {standard_task_runner.py:85} INFO - Job 7: Subtask python_job
[2025-08-12T05:01:39.060+0000] {task_command.py:415} INFO - Running <TaskInstance: sparking_flow.python_job manual__2025-08-12T05:01:34.722268+00:00 [running]> on host cd1679119d2d
[2025-08-12T05:01:39.177+0000] {taskinstance.py:1660} INFO - Exporting env vars: AIRFLOW_CTX_DAG_OWNER='Yusuf Ganiyu' AIRFLOW_CTX_DAG_ID='sparking_flow' AIRFLOW_CTX_TASK_ID='python_job' AIRFLOW_CTX_EXECUTION_DATE='2025-08-12T05:01:34.722268+00:00' AIRFLOW_CTX_TRY_NUMBER='1' AIRFLOW_CTX_DAG_RUN_ID='manual__2025-08-12T05:01:34.722268+00:00'
[2025-08-12T05:01:39.190+0000] {base.py:73} INFO - Using connection ID 'spark-conn' for task execution.
[2025-08-12T05:01:39.191+0000] {spark_submit.py:403} INFO - Spark-Submit cmd: spark-submit --master spark://spark-master:7077 --name arrow-spark --deploy-mode client jobs/python/wordcountjob.py
[2025-08-12T05:01:39.903+0000] {spark_submit.py:579} INFO - WARNING: Using incubator modules: jdk.incubator.vector
[2025-08-12T05:01:43.315+0000] {spark_submit.py:579} INFO - Using Spark's default log4j profile: org/apache/spark/log4j2-defaults.properties
[2025-08-12T05:01:43.326+0000] {spark_submit.py:579} INFO - 25/08/12 05:01:43 INFO SparkContext: Running Spark version 4.0.0
[2025-08-12T05:01:43.329+0000] {spark_submit.py:579} INFO - 25/08/12 05:01:43 INFO SparkContext: OS info Linux, 6.6.87.2-microsoft-standard-WSL2, amd64
[2025-08-12T05:01:43.330+0000] {spark_submit.py:579} INFO - 25/08/12 05:01:43 INFO SparkContext: Java version 17.0.15
[2025-08-12T05:01:43.398+0000] {spark_submit.py:579} INFO - 25/08/12 05:01:43 WARN NativeCodeLoader: Unable to load native-hadoop library for your platform... using builtin-java classes where applicable
[2025-08-12T05:01:43.454+0000] {spark_submit.py:579} INFO - 25/08/12 05:01:43 INFO ResourceUtils: ==============================================================
[2025-08-12T05:01:43.455+0000] {spark_submit.py:579} INFO - 25/08/12 05:01:43 INFO ResourceUtils: No custom resources configured for spark.driver.
[2025-08-12T05:01:43.455+0000] {spark_submit.py:579} INFO - 25/08/12 05:01:43 INFO ResourceUtils: ==============================================================
[2025-08-12T05:01:43.456+0000] {spark_submit.py:579} INFO - 25/08/12 05:01:43 INFO SparkContext: Submitted application: PythonWordCount
[2025-08-12T05:01:43.480+0000] {spark_submit.py:579} INFO - 25/08/12 05:01:43 INFO ResourceProfile: Default ResourceProfile created, executor resources: Map(memory -> name: memory, amount: 1024, script: , vendor: , offHeap -> name: offHeap, amount: 0, script: , vendor: ), task resources: Map(cpus -> name: cpus, amount: 1.0)
[2025-08-12T05:01:43.483+0000] {spark_submit.py:579} INFO - 25/08/12 05:01:43 INFO ResourceProfile: Limiting resource is cpu
[2025-08-12T05:01:43.485+0000] {spark_submit.py:579} INFO - 25/08/12 05:01:43 INFO ResourceProfileManager: Added ResourceProfile id: 0
[2025-08-12T05:01:43.544+0000] {spark_submit.py:579} INFO - 25/08/12 05:01:43 INFO SecurityManager: Changing view acls to: ***
[2025-08-12T05:01:43.545+0000] {spark_submit.py:579} INFO - 25/08/12 05:01:43 INFO SecurityManager: Changing modify acls to: ***
[2025-08-12T05:01:43.546+0000] {spark_submit.py:579} INFO - 25/08/12 05:01:43 INFO SecurityManager: Changing view acls groups to: ***
[2025-08-12T05:01:43.546+0000] {spark_submit.py:579} INFO - 25/08/12 05:01:43 INFO SecurityManager: Changing modify acls groups to: ***
[2025-08-12T05:01:43.548+0000] {spark_submit.py:579} INFO - 25/08/12 05:01:43 INFO SecurityManager: SecurityManager: authentication disabled; ui acls disabled; users with view permissions: *** groups with view permissions: EMPTY; users with modify permissions: ***; groups with modify permissions: EMPTY; RPC SSL disabled
[2025-08-12T05:01:43.771+0000] {spark_submit.py:579} INFO - 25/08/12 05:01:43 INFO Utils: Successfully started service 'sparkDriver' on port 36933.
[2025-08-12T05:01:43.801+0000] {spark_submit.py:579} INFO - 25/08/12 05:01:43 INFO SparkEnv: Registering MapOutputTracker
[2025-08-12T05:01:43.812+0000] {spark_submit.py:579} INFO - 25/08/12 05:01:43 INFO SparkEnv: Registering BlockManagerMaster
[2025-08-12T05:01:43.833+0000] {spark_submit.py:579} INFO - 25/08/12 05:01:43 INFO BlockManagerMasterEndpoint: Using org.apache.spark.storage.DefaultTopologyMapper for getting topology information
[2025-08-12T05:01:43.834+0000] {spark_submit.py:579} INFO - 25/08/12 05:01:43 INFO BlockManagerMasterEndpoint: BlockManagerMasterEndpoint up
[2025-08-12T05:01:43.838+0000] {spark_submit.py:579} INFO - 25/08/12 05:01:43 INFO SparkEnv: Registering BlockManagerMasterHeartbeat
[2025-08-12T05:01:43.858+0000] {spark_submit.py:579} INFO - 25/08/12 05:01:43 INFO DiskBlockManager: Created local directory at /tmp/blockmgr-ec0d8043-9196-4385-aeda-327f7db510a6
[2025-08-12T05:01:43.879+0000] {spark_submit.py:579} INFO - 25/08/12 05:01:43 INFO SparkEnv: Registering OutputCommitCoordinator
[2025-08-12T05:01:44.004+0000] {spark_submit.py:579} INFO - 25/08/12 05:01:44 INFO JettyUtils: Start Jetty 0.0.0.0:4040 for SparkUI
[2025-08-12T05:01:44.073+0000] {spark_submit.py:579} INFO - 25/08/12 05:01:44 INFO Utils: Successfully started service 'SparkUI' on port 4040.
[2025-08-12T05:01:44.125+0000] {spark_submit.py:579} INFO - 25/08/12 05:01:44 INFO SecurityManager: Changing view acls to: ***
[2025-08-12T05:01:44.126+0000] {spark_submit.py:579} INFO - 25/08/12 05:01:44 INFO SecurityManager: Changing modify acls to: ***
[2025-08-12T05:01:44.126+0000] {spark_submit.py:579} INFO - 25/08/12 05:01:44 INFO SecurityManager: Changing view acls groups to: ***
[2025-08-12T05:01:44.127+0000] {spark_submit.py:579} INFO - 25/08/12 05:01:44 INFO SecurityManager: Changing modify acls groups to: ***
[2025-08-12T05:01:44.127+0000] {spark_submit.py:579} INFO - 25/08/12 05:01:44 INFO SecurityManager: SecurityManager: authentication disabled; ui acls disabled; users with view permissions: *** groups with view permissions: EMPTY; users with modify permissions: ***; groups with modify permissions: EMPTY; RPC SSL disabled
[2025-08-12T05:01:44.250+0000] {spark_submit.py:579} INFO - 25/08/12 05:01:44 INFO StandaloneAppClient$ClientEndpoint: Connecting to master spark://spark-master:7077...
[2025-08-12T05:01:44.294+0000] {spark_submit.py:579} INFO - 25/08/12 05:01:44 INFO TransportClientFactory: Successfully created connection to spark-master/172.18.0.3:7077 after 23 ms (0 ms spent in bootstraps)
[2025-08-12T05:01:44.368+0000] {spark_submit.py:579} INFO - 25/08/12 05:01:44 INFO StandaloneSchedulerBackend: Connected to Spark cluster with app ID app-20250812050144-0002
[2025-08-12T05:01:44.373+0000] {spark_submit.py:579} INFO - 25/08/12 05:01:44 INFO StandaloneAppClient$ClientEndpoint: Executor added: app-20250812050144-0002/0 on worker-20250812044909-172.18.0.5-44209 (172.18.0.5:44209) with 2 core(s)
[2025-08-12T05:01:44.376+0000] {spark_submit.py:579} INFO - 25/08/12 05:01:44 INFO StandaloneSchedulerBackend: Granted executor ID app-20250812050144-0002/0 on hostPort 172.18.0.5:44209 with 2 core(s), 1024.0 MiB RAM
[2025-08-12T05:01:44.378+0000] {spark_submit.py:579} INFO - 25/08/12 05:01:44 INFO Utils: Successfully started service 'org.apache.spark.network.netty.NettyBlockTransferService' on port 40771.
[2025-08-12T05:01:44.379+0000] {spark_submit.py:579} INFO - 25/08/12 05:01:44 INFO NettyBlockTransferService: Server created on cd1679119d2d:40771
[2025-08-12T05:01:44.381+0000] {spark_submit.py:579} INFO - 25/08/12 05:01:44 INFO BlockManager: Using org.apache.spark.storage.RandomBlockReplicationPolicy for block replication policy
[2025-08-12T05:01:44.407+0000] {spark_submit.py:579} INFO - 25/08/12 05:01:44 INFO BlockManagerMaster: Registering BlockManager BlockManagerId(driver, cd1679119d2d, 40771, None)
[2025-08-12T05:01:44.412+0000] {spark_submit.py:579} INFO - 25/08/12 05:01:44 INFO BlockManagerMasterEndpoint: Registering block manager cd1679119d2d:40771 with 434.4 MiB RAM, BlockManagerId(driver, cd1679119d2d, 40771, None)
[2025-08-12T05:01:44.414+0000] {spark_submit.py:579} INFO - 25/08/12 05:01:44 INFO BlockManagerMaster: Registered BlockManager BlockManagerId(driver, cd1679119d2d, 40771, None)
[2025-08-12T05:01:44.416+0000] {spark_submit.py:579} INFO - 25/08/12 05:01:44 INFO BlockManager: Initialized BlockManager: BlockManagerId(driver, cd1679119d2d, 40771, None)
[2025-08-12T05:01:44.509+0000] {spark_submit.py:579} INFO - 25/08/12 05:01:44 INFO StandaloneAppClient$ClientEndpoint: Executor updated: app-20250812050144-0002/0 is now RUNNING
[2025-08-12T05:01:44.570+0000] {spark_submit.py:579} INFO - 25/08/12 05:01:44 INFO StandaloneSchedulerBackend: SchedulerBackend is ready for scheduling beginning after reached minRegisteredResourcesRatio: 0.0
[2025-08-12T05:01:47.865+0000] {spark_submit.py:579} INFO - 25/08/12 05:01:47 INFO StandaloneSchedulerBackend$StandaloneDriverEndpoint: Registered executor NettyRpcEndpointRef(spark-client://Executor) (172.18.0.5:36460) with ID 0, ResourceProfileId 0
[2025-08-12T05:01:47.994+0000] {spark_submit.py:579} INFO - 25/08/12 05:01:47 INFO BlockManagerMasterEndpoint: Registering block manager 172.18.0.5:44113 with 434.4 MiB RAM, BlockManagerId(0, 172.18.0.5, 44113, None)
[2025-08-12T05:01:48.749+0000] {spark_submit.py:579} INFO - dict_keys(['daily', 'daily960', 'live_rapid', 'live_blitz', 'live_bullet', 'live_bughouse', 'live_blitz960', 'live_threecheck', 'live_crazyhouse', 'live_kingofthehill', 'tactics', 'rush', 'battle'])
[2025-08-12T05:01:48.805+0000] {spark_submit.py:579} INFO - 25/08/12 05:01:48 INFO SharedState: Setting hive.metastore.warehouse.dir ('null') to the value of spark.sql.warehouse.dir.
[2025-08-12T05:01:48.810+0000] {spark_submit.py:579} INFO - 25/08/12 05:01:48 INFO SharedState: Warehouse path is 'file:/opt/***/spark-warehouse'.
[2025-08-12T05:01:50.241+0000] {spark_submit.py:579} INFO - Traceback (most recent call last):
[2025-08-12T05:01:50.241+0000] {spark_submit.py:579} INFO - File "/opt/***/jobs/python/wordcountjob.py", line 84, in <module>
[2025-08-12T05:01:50.245+0000] {spark_submit.py:579} INFO - write_data(daily,"daily")
[2025-08-12T05:01:50.245+0000] {spark_submit.py:579} INFO - File "/opt/***/jobs/python/wordcountjob.py", line 80, in write_data
[2025-08-12T05:01:50.247+0000] {spark_submit.py:579} INFO - df.write.mode("overwrite").jdbc(url=jdbc_url, table=f"dbo.{table}", properties=properties)
[2025-08-12T05:01:50.247+0000] {spark_submit.py:579} INFO - File "/home/***/.local/lib/python3.10/site-packages/pyspark/python/lib/pyspark.zip/pyspark/sql/readwriter.py", line 2347, in jdbc
[2025-08-12T05:01:50.248+0000] {spark_submit.py:579} INFO - File "/home/***/.local/lib/python3.10/site-packages/pyspark/python/lib/py4j-0.10.9.9-src.zip/py4j/java_gateway.py", line 1362, in __call__
[2025-08-12T05:01:50.248+0000] {spark_submit.py:579} INFO - File "/home/***/.local/lib/python3.10/site-packages/pyspark/python/lib/pyspark.zip/pyspark/errors/exceptions/captured.py", line 282, in deco
[2025-08-12T05:01:50.249+0000] {spark_submit.py:579} INFO - File "/home/***/.local/lib/python3.10/site-packages/pyspark/python/lib/py4j-0.10.9.9-src.zip/py4j/protocol.py", line 327, in get_return_value
[2025-08-12T05:01:50.292+0000] {spark_submit.py:579} INFO - py4j.protocol.Py4JJavaError: An error occurred while calling o136.jdbc.
[2025-08-12T05:01:50.293+0000] {spark_submit.py:579} INFO - : java.lang.ClassNotFoundException: com.microsoft.sqlserver.jdbc.SQLServerDriver
[2025-08-12T05:01:50.293+0000] {spark_submit.py:579} INFO - at java.base/java.net.URLClassLoader.findClass(URLClassLoader.java:445)
[2025-08-12T05:01:50.293+0000] {spark_submit.py:579} INFO - at java.base/java.lang.ClassLoader.loadClass(ClassLoader.java:592)
[2025-08-12T05:01:50.294+0000] {spark_submit.py:579} INFO - at java.base/java.lang.ClassLoader.loadClass(ClassLoader.java:525)
[2025-08-12T05:01:50.294+0000] {spark_submit.py:579} INFO - at org.apache.spark.sql.execution.datasources.jdbc.DriverRegistry$.register(DriverRegistry.scala:47)
[2025-08-12T05:01:50.294+0000] {spark_submit.py:579} INFO - at org.apache.spark.sql.execution.datasources.jdbc.JDBCOptions.$anonfun$driverClass$1(JDBCOptions.scala:112)
[2025-08-12T05:01:50.294+0000] {spark_submit.py:579} INFO - at org.apache.spark.sql.execution.datasources.jdbc.JDBCOptions.$anonfun$driverClass$1$adapted(JDBCOptions.scala:112)
[2025-08-12T05:01:50.295+0000] {spark_submit.py:579} INFO - at scala.Option.foreach(Option.scala:437)
[2025-08-12T05:01:50.295+0000] {spark_submit.py:579} INFO - at org.apache.spark.sql.execution.datasources.jdbc.JDBCOptions.<init>(JDBCOptions.scala:112)
[2025-08-12T05:01:50.295+0000] {spark_submit.py:579} INFO - at org.apache.spark.sql.execution.datasources.jdbc.JdbcOptionsInWrite.<init>(JDBCOptions.scala:272)
[2025-08-12T05:01:50.295+0000] {spark_submit.py:579} INFO - at org.apache.spark.sql.execution.datasources.jdbc.JdbcOptionsInWrite.<init>(JDBCOptions.scala:276)
[2025-08-12T05:01:50.296+0000] {spark_submit.py:579} INFO - at org.apache.spark.sql.execution.datasources.jdbc.JdbcRelationProvider.createRelation(JdbcRelationProvider.scala:48)
[2025-08-12T05:01:50.296+0000] {spark_submit.py:579} INFO - at org.apache.spark.sql.execution.datasources.SaveIntoDataSourceCommand.run(SaveIntoDataSourceCommand.scala:55)
[2025-08-12T05:01:50.296+0000] {spark_submit.py:579} INFO - at org.apache.spark.sql.execution.command.ExecutedCommandExec.sideEffectResult$lzycompute(commands.scala:79)
[2025-08-12T05:01:50.296+0000] {spark_submit.py:579} INFO - at org.apache.spark.sql.execution.command.ExecutedCommandExec.sideEffectResult(commands.scala:77)
[2025-08-12T05:01:50.297+0000] {spark_submit.py:579} INFO - at org.apache.spark.sql.execution.command.ExecutedCommandExec.executeCollect(commands.scala:88)
[2025-08-12T05:01:50.297+0000] {spark_submit.py:579} INFO - at org.apache.spark.sql.execution.QueryExecution.$anonfun$eagerlyExecuteCommands$2(QueryExecution.scala:155)
[2025-08-12T05:01:50.297+0000] {spark_submit.py:579} INFO - at org.apache.spark.sql.execution.SQLExecution$.$anonfun$withNewExecutionId0$8(SQLExecution.scala:162)
[2025-08-12T05:01:50.297+0000] {spark_submit.py:579} INFO - at org.apache.spark.sql.execution.SQLExecution$.withSessionTagsApplied(SQLExecution.scala:268)
[2025-08-12T05:01:50.297+0000] {spark_submit.py:579} INFO - at org.apache.spark.sql.execution.SQLExecution$.$anonfun$withNewExecutionId0$7(SQLExecution.scala:124)
[2025-08-12T05:01:50.298+0000] {spark_submit.py:579} INFO - at org.apache.spark.JobArtifactSet$.withActiveJobArtifactState(JobArtifactSet.scala:94)
[2025-08-12T05:01:50.298+0000] {spark_submit.py:579} INFO - at org.apache.spark.sql.artifact.ArtifactManager.$anonfun$withResources$1(ArtifactManager.scala:112)
[2025-08-12T05:01:50.298+0000] {spark_submit.py:579} INFO - at org.apache.spark.sql.artifact.ArtifactManager.withClassLoaderIfNeeded(ArtifactManager.scala:106)
[2025-08-12T05:01:50.298+0000] {spark_submit.py:579} INFO - at org.apache.spark.sql.artifact.ArtifactManager.withResources(ArtifactManager.scala:111)
[2025-08-12T05:01:50.298+0000] {spark_submit.py:579} INFO - at org.apache.spark.sql.execution.SQLExecution$.$anonfun$withNewExecutionId0$6(SQLExecution.scala:124)
[2025-08-12T05:01:50.299+0000] {spark_submit.py:579} INFO - at org.apache.spark.sql.execution.SQLExecution$.withSQLConfPropagated(SQLExecution.scala:291)
[2025-08-12T05:01:50.299+0000] {spark_submit.py:579} INFO - at org.apache.spark.sql.execution.SQLExecution$.$anonfun$withNewExecutionId0$1(SQLExecution.scala:123)
[2025-08-12T05:01:50.299+0000] {spark_submit.py:579} INFO - at org.apache.spark.sql.SparkSession.withActive(SparkSession.scala:804)
[2025-08-12T05:01:50.299+0000] {spark_submit.py:579} INFO - at org.apache.spark.sql.execution.SQLExecution$.withNewExecutionId0(SQLExecution.scala:77)
[2025-08-12T05:01:50.299+0000] {spark_submit.py:579} INFO - at org.apache.spark.sql.execution.SQLExecution$.withNewExecutionId(SQLExecution.scala:233)
[2025-08-12T05:01:50.300+0000] {spark_submit.py:579} INFO - at org.apache.spark.sql.execution.QueryExecution.$anonfun$eagerlyExecuteCommands$1(QueryExecution.scala:155)
[2025-08-12T05:01:50.300+0000] {spark_submit.py:579} INFO - at org.apache.spark.sql.execution.QueryExecution$.withInternalError(QueryExecution.scala:654)
[2025-08-12T05:01:50.302+0000] {spark_submit.py:579} INFO - at org.apache.spark.sql.execution.QueryExecution.org$apache$spark$sql$execution$QueryExecution$$eagerlyExecute$1(QueryExecution.scala:154)
[2025-08-12T05:01:50.303+0000] {spark_submit.py:579} INFO - at org.apache.spark.sql.execution.QueryExecution$$anonfun$eagerlyExecuteCommands$3.applyOrElse(QueryExecution.scala:169)
[2025-08-12T05:01:50.303+0000] {spark_submit.py:579} INFO - at org.apache.spark.sql.execution.QueryExecution$$anonfun$eagerlyExecuteCommands$3.applyOrElse(QueryExecution.scala:164)
[2025-08-12T05:01:50.304+0000] {spark_submit.py:579} INFO - at org.apache.spark.sql.catalyst.trees.TreeNode.$anonfun$transformDownWithPruning$1(TreeNode.scala:470)
[2025-08-12T05:01:50.304+0000] {spark_submit.py:579} INFO - at org.apache.spark.sql.catalyst.trees.CurrentOrigin$.withOrigin(origin.scala:86)
[2025-08-12T05:01:50.304+0000] {spark_submit.py:579} INFO - at org.apache.spark.sql.catalyst.trees.TreeNode.transformDownWithPruning(TreeNode.scala:470)
[2025-08-12T05:01:50.304+0000] {spark_submit.py:579} INFO - at org.apache.spark.sql.catalyst.plans.logical.LogicalPlan.org$apache$spark$sql$catalyst$plans$logical$AnalysisHelper$$super$transformDownWithPruning(LogicalPlan.scala:37)
[2025-08-12T05:01:50.305+0000] {spark_submit.py:579} INFO - at org.apache.spark.sql.catalyst.plans.logical.AnalysisHelper.transformDownWithPruning(AnalysisHelper.scala:360)
[2025-08-12T05:01:50.305+0000] {spark_submit.py:579} INFO - at org.apache.spark.sql.catalyst.plans.logical.AnalysisHelper.transformDownWithPruning$(AnalysisHelper.scala:356)
[2025-08-12T05:01:50.305+0000] {spark_submit.py:579} INFO - at org.apache.spark.sql.catalyst.plans.logical.LogicalPlan.transformDownWithPruning(LogicalPlan.scala:37)
[2025-08-12T05:01:50.306+0000] {spark_submit.py:579} INFO - at org.apache.spark.sql.catalyst.plans.logical.LogicalPlan.transformDownWithPruning(LogicalPlan.scala:37)
[2025-08-12T05:01:50.306+0000] {spark_submit.py:579} INFO - at org.apache.spark.sql.catalyst.trees.TreeNode.transformDown(TreeNode.scala:446)
[2025-08-12T05:01:50.306+0000] {spark_submit.py:579} INFO - at org.apache.spark.sql.execution.QueryExecution.eagerlyExecuteCommands(QueryExecution.scala:164)
[2025-08-12T05:01:50.306+0000] {spark_submit.py:579} INFO - at org.apache.spark.sql.execution.QueryExecution.$anonfun$lazyCommandExecuted$1(QueryExecution.scala:126)
[2025-08-12T05:01:50.307+0000] {spark_submit.py:579} INFO - at scala.util.Try$.apply(Try.scala:217)
[2025-08-12T05:01:50.307+0000] {spark_submit.py:579} INFO - at org.apache.spark.util.Utils$.doTryWithCallerStacktrace(Utils.scala:1378)
[2025-08-12T05:01:50.307+0000] {spark_submit.py:579} INFO - at org.apache.spark.util.Utils$.getTryWithCallerStacktrace(Utils.scala:1439)
[2025-08-12T05:01:50.308+0000] {spark_submit.py:579} INFO - at org.apache.spark.util.LazyTry.get(LazyTry.scala:58)
[2025-08-12T05:01:50.308+0000] {spark_submit.py:579} INFO - at org.apache.spark.sql.execution.QueryExecution.commandExecuted(QueryExecution.scala:131)
[2025-08-12T05:01:50.308+0000] {spark_submit.py:579} INFO - at org.apache.spark.sql.execution.QueryExecution.assertCommandExecuted(QueryExecution.scala:192)
[2025-08-12T05:01:50.308+0000] {spark_submit.py:579} INFO - at org.apache.spark.sql.classic.DataFrameWriter.runCommand(DataFrameWriter.scala:622)
[2025-08-12T05:01:50.309+0000] {spark_submit.py:579} INFO - at org.apache.spark.sql.classic.DataFrameWriter.saveToV1Source(DataFrameWriter.scala:273)
[2025-08-12T05:01:50.309+0000] {spark_submit.py:579} INFO - at org.apache.spark.sql.classic.DataFrameWriter.saveInternal(DataFrameWriter.scala:241)
[2025-08-12T05:01:50.309+0000] {spark_submit.py:579} INFO - at org.apache.spark.sql.classic.DataFrameWriter.save(DataFrameWriter.scala:126)
[2025-08-12T05:01:50.309+0000] {spark_submit.py:579} INFO - at org.apache.spark.sql.DataFrameWriter.jdbc(DataFrameWriter.scala:334)
[2025-08-12T05:01:50.310+0000] {spark_submit.py:579} INFO - at java.base/jdk.internal.reflect.NativeMethodAccessorImpl.invoke0(Native Method)
[2025-08-12T05:01:50.310+0000] {spark_submit.py:579} INFO - at java.base/jdk.internal.reflect.NativeMethodAccessorImpl.invoke(NativeMethodAccessorImpl.java:77)
[2025-08-12T05:01:50.310+0000] {spark_submit.py:579} INFO - at java.base/jdk.internal.reflect.DelegatingMethodAccessorImpl.invoke(DelegatingMethodAccessorImpl.java:43)
[2025-08-12T05:01:50.310+0000] {spark_submit.py:579} INFO - at java.base/java.lang.reflect.Method.invoke(Method.java:569)
[2025-08-12T05:01:50.311+0000] {spark_submit.py:579} INFO - at py4j.reflection.MethodInvoker.invoke(MethodInvoker.java:244)
[2025-08-12T05:01:50.311+0000] {spark_submit.py:579} INFO - at py4j.reflection.ReflectionEngine.invoke(ReflectionEngine.java:374)
[2025-08-12T05:01:50.311+0000] {spark_submit.py:579} INFO - at py4j.Gateway.invoke(Gateway.java:282)
[2025-08-12T05:01:50.311+0000] {spark_submit.py:579} INFO - at py4j.commands.AbstractCommand.invokeMethod(AbstractCommand.java:132)
[2025-08-12T05:01:50.312+0000] {spark_submit.py:579} INFO - at py4j.commands.CallCommand.execute(CallCommand.java:79)
[2025-08-12T05:01:50.312+0000] {spark_submit.py:579} INFO - at py4j.ClientServerConnection.waitForCommands(ClientServerConnection.java:184)
[2025-08-12T05:01:50.312+0000] {spark_submit.py:579} INFO - at py4j.ClientServerConnection.run(ClientServerConnection.java:108)
[2025-08-12T05:01:50.312+0000] {spark_submit.py:579} INFO - at java.base/java.lang.Thread.run(Thread.java:840)
[2025-08-12T05:01:50.313+0000] {spark_submit.py:579} INFO - Suppressed: org.apache.spark.util.Utils$OriginalTryStackTraceException: Full stacktrace of original doTryWithCallerStacktrace caller
[2025-08-12T05:01:50.313+0000] {spark_submit.py:579} INFO - at java.base/java.net.URLClassLoader.findClass(URLClassLoader.java:445)
[2025-08-12T05:01:50.313+0000] {spark_submit.py:579} INFO - at java.base/java.lang.ClassLoader.loadClass(ClassLoader.java:592)
[2025-08-12T05:01:50.313+0000] {spark_submit.py:579} INFO - at java.base/java.lang.ClassLoader.loadClass(ClassLoader.java:525)
[2025-08-12T05:01:50.314+0000] {spark_submit.py:579} INFO - at org.apache.spark.sql.execution.datasources.jdbc.DriverRegistry$.register(DriverRegistry.scala:47)
[2025-08-12T05:01:50.314+0000] {spark_submit.py:579} INFO - at org.apache.spark.sql.execution.datasources.jdbc.JDBCOptions.$anonfun$driverClass$1(JDBCOptions.scala:112)
[2025-08-12T05:01:50.314+0000] {spark_submit.py:579} INFO - at org.apache.spark.sql.execution.datasources.jdbc.JDBCOptions.$anonfun$driverClass$1$adapted(JDBCOptions.scala:112)
[2025-08-12T05:01:50.315+0000] {spark_submit.py:579} INFO - at scala.Option.foreach(Option.scala:437)
[2025-08-12T05:01:50.315+0000] {spark_submit.py:579} INFO - at org.apache.spark.sql.execution.datasources.jdbc.JDBCOptions.<init>(JDBCOptions.scala:112)
[2025-08-12T05:01:50.315+0000] {spark_submit.py:579} INFO - at org.apache.spark.sql.execution.datasources.jdbc.JdbcOptionsInWrite.<init>(JDBCOptions.scala:272)
[2025-08-12T05:01:50.316+0000] {spark_submit.py:579} INFO - at org.apache.spark.sql.execution.datasources.jdbc.JdbcOptionsInWrite.<init>(JDBCOptions.scala:276)
[2025-08-12T05:01:50.316+0000] {spark_submit.py:579} INFO - at org.apache.spark.sql.execution.datasources.jdbc.JdbcRelationProvider.createRelation(JdbcRelationProvider.scala:48)
[2025-08-12T05:01:50.316+0000] {spark_submit.py:579} INFO - at org.apache.spark.sql.execution.datasources.SaveIntoDataSourceCommand.run(SaveIntoDataSourceCommand.scala:55)
[2025-08-12T05:01:50.317+0000] {spark_submit.py:579} INFO - at org.apache.spark.sql.execution.command.ExecutedCommandExec.sideEffectResult$lzycompute(commands.scala:79)
[2025-08-12T05:01:50.317+0000] {spark_submit.py:579} INFO - at org.apache.spark.sql.execution.command.ExecutedCommandExec.sideEffectResult(commands.scala:77)
[2025-08-12T05:01:50.317+0000] {spark_submit.py:579} INFO - at org.apache.spark.sql.execution.command.ExecutedCommandExec.executeCollect(commands.scala:88)
[2025-08-12T05:01:50.317+0000] {spark_submit.py:579} INFO - at org.apache.spark.sql.execution.QueryExecution.$anonfun$eagerlyExecuteCommands$2(QueryExecution.scala:155)
[2025-08-12T05:01:50.318+0000] {spark_submit.py:579} INFO - at org.apache.spark.sql.execution.SQLExecution$.$anonfun$withNewExecutionId0$8(SQLExecution.scala:162)
[2025-08-12T05:01:50.318+0000] {spark_submit.py:579} INFO - at org.apache.spark.sql.execution.SQLExecution$.withSessionTagsApplied(SQLExecution.scala:268)
[2025-08-12T05:01:50.318+0000] {spark_submit.py:579} INFO - at org.apache.spark.sql.execution.SQLExecution$.$anonfun$withNewExecutionId0$7(SQLExecution.scala:124)
[2025-08-12T05:01:50.319+0000] {spark_submit.py:579} INFO - at org.apache.spark.JobArtifactSet$.withActiveJobArtifactState(JobArtifactSet.scala:94)
[2025-08-12T05:01:50.319+0000] {spark_submit.py:579} INFO - at org.apache.spark.sql.artifact.ArtifactManager.$anonfun$withResources$1(ArtifactManager.scala:112)
[2025-08-12T05:01:50.319+0000] {spark_submit.py:579} INFO - at org.apache.spark.sql.artifact.ArtifactManager.withClassLoaderIfNeeded(ArtifactManager.scala:106)
[2025-08-12T05:01:50.319+0000] {spark_submit.py:579} INFO - at org.apache.spark.sql.artifact.ArtifactManager.withResources(ArtifactManager.scala:111)
[2025-08-12T05:01:50.320+0000] {spark_submit.py:579} INFO - at org.apache.spark.sql.execution.SQLExecution$.$anonfun$withNewExecutionId0$6(SQLExecution.scala:124)
[2025-08-12T05:01:50.320+0000] {spark_submit.py:579} INFO - at org.apache.spark.sql.execution.SQLExecution$.withSQLConfPropagated(SQLExecution.scala:291)
[2025-08-12T05:01:50.320+0000] {spark_submit.py:579} INFO - at org.apache.spark.sql.execution.SQLExecution$.$anonfun$withNewExecutionId0$1(SQLExecution.scala:123)
[2025-08-12T05:01:50.320+0000] {spark_submit.py:579} INFO - at org.apache.spark.sql.SparkSession.withActive(SparkSession.scala:804)
[2025-08-12T05:01:50.321+0000] {spark_submit.py:579} INFO - at org.apache.spark.sql.execution.SQLExecution$.withNewExecutionId0(SQLExecution.scala:77)
[2025-08-12T05:01:50.321+0000] {spark_submit.py:579} INFO - at org.apache.spark.sql.execution.SQLExecution$.withNewExecutionId(SQLExecution.scala:233)
[2025-08-12T05:01:50.321+0000] {spark_submit.py:579} INFO - at org.apache.spark.sql.execution.QueryExecution.$anonfun$eagerlyExecuteCommands$1(QueryExecution.scala:155)
[2025-08-12T05:01:50.321+0000] {spark_submit.py:579} INFO - at org.apache.spark.sql.execution.QueryExecution$.withInternalError(QueryExecution.scala:654)
[2025-08-12T05:01:50.321+0000] {spark_submit.py:579} INFO - at org.apache.spark.sql.execution.QueryExecution.org$apache$spark$sql$execution$QueryExecution$$eagerlyExecute$1(QueryExecution.scala:154)
[2025-08-12T05:01:50.322+0000] {spark_submit.py:579} INFO - at org.apache.spark.sql.execution.QueryExecution$$anonfun$eagerlyExecuteCommands$3.applyOrElse(QueryExecution.scala:169)
[2025-08-12T05:01:50.322+0000] {spark_submit.py:579} INFO - at org.apache.spark.sql.execution.QueryExecution$$anonfun$eagerlyExecuteCommands$3.applyOrElse(QueryExecution.scala:164)
[2025-08-12T05:01:50.322+0000] {spark_submit.py:579} INFO - at org.apache.spark.sql.catalyst.trees.TreeNode.$anonfun$transformDownWithPruning$1(TreeNode.scala:470)
[2025-08-12T05:01:50.322+0000] {spark_submit.py:579} INFO - at org.apache.spark.sql.catalyst.trees.CurrentOrigin$.withOrigin(origin.scala:86)
[2025-08-12T05:01:50.323+0000] {spark_submit.py:579} INFO - at org.apache.spark.sql.catalyst.trees.TreeNode.transformDownWithPruning(TreeNode.scala:470)
[2025-08-12T05:01:50.323+0000] {spark_submit.py:579} INFO - at org.apache.spark.sql.catalyst.plans.logical.LogicalPlan.org$apache$spark$sql$catalyst$plans$logical$AnalysisHelper$$super$transformDownWithPruning(LogicalPlan.scala:37)
[2025-08-12T05:01:50.323+0000] {spark_submit.py:579} INFO - at org.apache.spark.sql.catalyst.plans.logical.AnalysisHelper.transformDownWithPruning(AnalysisHelper.scala:360)
[2025-08-12T05:01:50.323+0000] {spark_submit.py:579} INFO - at org.apache.spark.sql.catalyst.plans.logical.AnalysisHelper.transformDownWithPruning$(AnalysisHelper.scala:356)
[2025-08-12T05:01:50.323+0000] {spark_submit.py:579} INFO - at org.apache.spark.sql.catalyst.plans.logical.LogicalPlan.transformDownWithPruning(LogicalPlan.scala:37)
[2025-08-12T05:01:50.324+0000] {spark_submit.py:579} INFO - at org.apache.spark.sql.catalyst.plans.logical.LogicalPlan.transformDownWithPruning(LogicalPlan.scala:37)
[2025-08-12T05:01:50.324+0000] {spark_submit.py:579} INFO - at org.apache.spark.sql.catalyst.trees.TreeNode.transformDown(TreeNode.scala:446)
[2025-08-12T05:01:50.324+0000] {spark_submit.py:579} INFO - at org.apache.spark.sql.execution.QueryExecution.eagerlyExecuteCommands(QueryExecution.scala:164)
[2025-08-12T05:01:50.324+0000] {spark_submit.py:579} INFO - at org.apache.spark.sql.execution.QueryExecution.$anonfun$lazyCommandExecuted$1(QueryExecution.scala:126)
[2025-08-12T05:01:50.325+0000] {spark_submit.py:579} INFO - at scala.util.Try$.apply(Try.scala:217)
[2025-08-12T05:01:50.325+0000] {spark_submit.py:579} INFO - at org.apache.spark.util.Utils$.doTryWithCallerStacktrace(Utils.scala:1378)
[2025-08-12T05:01:50.325+0000] {spark_submit.py:579} INFO - at org.apache.spark.util.LazyTry.tryT$lzycompute(LazyTry.scala:46)
[2025-08-12T05:01:50.325+0000] {spark_submit.py:579} INFO - at org.apache.spark.util.LazyTry.tryT(LazyTry.scala:46)
[2025-08-12T05:01:50.326+0000] {spark_submit.py:579} INFO - ... 20 more
[2025-08-12T05:01:50.326+0000] {spark_submit.py:579} INFO - 
[2025-08-12T05:01:50.414+0000] {spark_submit.py:579} INFO - 25/08/12 05:01:50 INFO SparkContext: Invoking stop() from shutdown hook
[2025-08-12T05:01:50.415+0000] {spark_submit.py:579} INFO - 25/08/12 05:01:50 INFO SparkContext: SparkContext is stopping with exitCode 0 from run at Executors.java:539.
[2025-08-12T05:01:50.425+0000] {spark_submit.py:579} INFO - 25/08/12 05:01:50 INFO SparkUI: Stopped Spark web UI at http://cd1679119d2d:4040
[2025-08-12T05:01:50.428+0000] {spark_submit.py:579} INFO - 25/08/12 05:01:50 INFO StandaloneSchedulerBackend: Shutting down all executors
[2025-08-12T05:01:50.429+0000] {spark_submit.py:579} INFO - 25/08/12 05:01:50 INFO StandaloneSchedulerBackend$StandaloneDriverEndpoint: Asking each executor to shut down
[2025-08-12T05:01:50.445+0000] {spark_submit.py:579} INFO - 25/08/12 05:01:50 INFO MapOutputTrackerMasterEndpoint: MapOutputTrackerMasterEndpoint stopped!
[2025-08-12T05:01:50.474+0000] {spark_submit.py:579} INFO - 25/08/12 05:01:50 INFO MemoryStore: MemoryStore started with capacity 434.4 MiB
[2025-08-12T05:01:50.474+0000] {spark_submit.py:579} INFO - 25/08/12 05:01:50 INFO MemoryStore: MemoryStore cleared
[2025-08-12T05:01:50.475+0000] {spark_submit.py:579} INFO - 25/08/12 05:01:50 INFO BlockManager: BlockManager stopped
[2025-08-12T05:01:50.478+0000] {spark_submit.py:579} INFO - 25/08/12 05:01:50 INFO BlockManagerMaster: BlockManagerMaster stopped
[2025-08-12T05:01:50.480+0000] {spark_submit.py:579} INFO - 25/08/12 05:01:50 INFO OutputCommitCoordinator$OutputCommitCoordinatorEndpoint: OutputCommitCoordinator stopped!
[2025-08-12T05:01:50.496+0000] {spark_submit.py:579} INFO - 25/08/12 05:01:50 INFO SparkContext: Successfully stopped SparkContext
[2025-08-12T05:01:50.497+0000] {spark_submit.py:579} INFO - 25/08/12 05:01:50 INFO ShutdownHookManager: Shutdown hook called
[2025-08-12T05:01:50.497+0000] {spark_submit.py:579} INFO - 25/08/12 05:01:50 INFO ShutdownHookManager: Deleting directory /tmp/spark-67cd8fb6-825e-4e93-a3cc-f79423e86d19/pyspark-1ff2b007-036d-4e9c-ae07-7ee8259003a0
[2025-08-12T05:01:50.508+0000] {spark_submit.py:579} INFO - 25/08/12 05:01:50 INFO ShutdownHookManager: Deleting directory /tmp/spark-313ec741-1e52-4efa-ba1f-544a5fbee266
[2025-08-12T05:01:50.520+0000] {spark_submit.py:579} INFO - 25/08/12 05:01:50 INFO ShutdownHookManager: Deleting directory /opt/***/artifacts/spark-df57cc39-4cef-4e79-acd1-7b7893b038c1
[2025-08-12T05:01:50.527+0000] {spark_submit.py:579} INFO - 25/08/12 05:01:50 INFO ShutdownHookManager: Deleting directory /tmp/spark-67cd8fb6-825e-4e93-a3cc-f79423e86d19
[2025-08-12T05:01:50.581+0000] {taskinstance.py:1935} ERROR - Task failed with exception
Traceback (most recent call last):
  File "/home/airflow/.local/lib/python3.10/site-packages/airflow/providers/apache/spark/operators/spark_submit.py", line 174, in execute
    self._hook.submit(self.application)
  File "/home/airflow/.local/lib/python3.10/site-packages/airflow/providers/apache/spark/hooks/spark_submit.py", line 505, in submit
    raise AirflowException(
airflow.exceptions.AirflowException: Cannot execute: spark-submit --master spark://spark-master:7077 --name arrow-spark --deploy-mode client jobs/python/wordcountjob.py. Error code is: 1.
[2025-08-12T05:01:50.585+0000] {taskinstance.py:1398} INFO - Marking task as FAILED. dag_id=sparking_flow, task_id=python_job, execution_date=20250812T050134, start_date=20250812T050138, end_date=20250812T050150
[2025-08-12T05:01:50.599+0000] {standard_task_runner.py:104} ERROR - Failed to execute job 7 for task python_job (Cannot execute: spark-submit --master spark://spark-master:7077 --name arrow-spark --deploy-mode client jobs/python/wordcountjob.py. Error code is: 1.; 663)
[2025-08-12T05:01:50.610+0000] {local_task_job_runner.py:228} INFO - Task exited with return code 1
[2025-08-12T05:01:50.632+0000] {taskinstance.py:2776} INFO - 0 downstream tasks scheduled from follow-on schedule check
