[2025-08-31T04:30:28.264+0000] {taskinstance.py:1157} INFO - Dependencies all met for dep_context=non-requeueable deps ti=<TaskInstance: sparking_flow.start scheduled__2025-08-30T14:00:00+00:00 [queued]>
[2025-08-31T04:30:28.389+0000] {taskinstance.py:1157} INFO - Dependencies all met for dep_context=requeueable deps ti=<TaskInstance: sparking_flow.start scheduled__2025-08-30T14:00:00+00:00 [queued]>
[2025-08-31T04:30:28.399+0000] {taskinstance.py:1359} INFO - Starting attempt 1 of 1
[2025-08-31T04:30:28.506+0000] {taskinstance.py:1380} INFO - Executing <Task(PythonOperator): start> on 2025-08-30 14:00:00+00:00
[2025-08-31T04:30:28.968+0000] {standard_task_runner.py:57} INFO - Started process 214 to run task
[2025-08-31T04:30:29.126+0000] {standard_task_runner.py:84} INFO - Running: ['***', 'tasks', 'run', 'sparking_flow', 'start', 'scheduled__2025-08-30T14:00:00+00:00', '--job-id', '72', '--raw', '--subdir', 'DAGS_FOLDER/spark_***.py', '--cfg-path', '/tmp/tmpzchmmaev']
[2025-08-31T04:30:29.293+0000] {standard_task_runner.py:85} INFO - Job 72: Subtask start
[2025-08-31T04:30:36.178+0000] {task_command.py:415} INFO - Running <TaskInstance: sparking_flow.start scheduled__2025-08-30T14:00:00+00:00 [running]> on host 81b7fe425a18
[2025-08-31T04:30:41.985+0000] {taskinstance.py:1660} INFO - Exporting env vars: AIRFLOW_CTX_DAG_OWNER='Kudzaishe Manyanya' AIRFLOW_CTX_DAG_ID='sparking_flow' AIRFLOW_CTX_TASK_ID='start' AIRFLOW_CTX_EXECUTION_DATE='2025-08-30T14:00:00+00:00' AIRFLOW_CTX_TRY_NUMBER='1' AIRFLOW_CTX_DAG_RUN_ID='scheduled__2025-08-30T14:00:00+00:00'
[2025-08-31T04:30:42.273+0000] {logging_mixin.py:151} INFO - Jobs started
[2025-08-31T04:30:42.302+0000] {python.py:194} INFO - Done. Returned value was: None
[2025-08-31T04:30:42.392+0000] {taskinstance.py:1398} INFO - Marking task as SUCCESS. dag_id=sparking_flow, task_id=start, execution_date=20250830T140000, start_date=20250831T043028, end_date=20250831T043042
[2025-08-31T04:30:42.752+0000] {local_task_job_runner.py:228} INFO - Task exited with return code 0
[2025-08-31T04:30:43.003+0000] {taskinstance.py:2776} INFO - 1 downstream tasks scheduled from follow-on schedule check
[2025-08-31T05:06:37.750+0000] {taskinstance.py:1157} INFO - Dependencies all met for dep_context=non-requeueable deps ti=<TaskInstance: sparking_flow.start scheduled__2025-08-30T14:00:00+00:00 [queued]>
[2025-08-31T05:06:37.765+0000] {taskinstance.py:1157} INFO - Dependencies all met for dep_context=requeueable deps ti=<TaskInstance: sparking_flow.start scheduled__2025-08-30T14:00:00+00:00 [queued]>
[2025-08-31T05:06:37.770+0000] {taskinstance.py:1359} INFO - Starting attempt 1 of 1
[2025-08-31T05:06:37.834+0000] {taskinstance.py:1380} INFO - Executing <Task(PythonOperator): start> on 2025-08-30 14:00:00+00:00
[2025-08-31T05:06:37.873+0000] {standard_task_runner.py:57} INFO - Started process 269 to run task
[2025-08-31T05:06:37.899+0000] {standard_task_runner.py:84} INFO - Running: ['***', 'tasks', 'run', 'sparking_flow', 'start', 'scheduled__2025-08-30T14:00:00+00:00', '--job-id', '7', '--raw', '--subdir', 'DAGS_FOLDER/spark_***.py', '--cfg-path', '/tmp/tmpkpne7ycx']
[2025-08-31T05:06:37.915+0000] {standard_task_runner.py:85} INFO - Job 7: Subtask start
[2025-08-31T05:06:38.224+0000] {task_command.py:415} INFO - Running <TaskInstance: sparking_flow.start scheduled__2025-08-30T14:00:00+00:00 [running]> on host 80647ef95998
[2025-08-31T05:06:38.859+0000] {taskinstance.py:1660} INFO - Exporting env vars: AIRFLOW_CTX_DAG_OWNER='Kudzaishe Manyanya' AIRFLOW_CTX_DAG_ID='sparking_flow' AIRFLOW_CTX_TASK_ID='start' AIRFLOW_CTX_EXECUTION_DATE='2025-08-30T14:00:00+00:00' AIRFLOW_CTX_TRY_NUMBER='1' AIRFLOW_CTX_DAG_RUN_ID='scheduled__2025-08-30T14:00:00+00:00'
[2025-08-31T05:06:38.865+0000] {logging_mixin.py:151} INFO - Jobs started
[2025-08-31T05:06:38.866+0000] {python.py:194} INFO - Done. Returned value was: None
[2025-08-31T05:06:38.910+0000] {taskinstance.py:1398} INFO - Marking task as SUCCESS. dag_id=sparking_flow, task_id=start, execution_date=20250830T140000, start_date=20250831T050637, end_date=20250831T050638
[2025-08-31T05:06:38.982+0000] {local_task_job_runner.py:228} INFO - Task exited with return code 0
[2025-08-31T05:06:39.093+0000] {taskinstance.py:2776} INFO - 1 downstream tasks scheduled from follow-on schedule check
[2025-08-31T12:53:18.500+0000] {taskinstance.py:1157} INFO - Dependencies all met for dep_context=non-requeueable deps ti=<TaskInstance: sparking_flow.start scheduled__2025-08-30T14:00:00+00:00 [queued]>
[2025-08-31T12:53:18.524+0000] {taskinstance.py:1157} INFO - Dependencies all met for dep_context=requeueable deps ti=<TaskInstance: sparking_flow.start scheduled__2025-08-30T14:00:00+00:00 [queued]>
[2025-08-31T12:53:18.526+0000] {taskinstance.py:1359} INFO - Starting attempt 1 of 1
[2025-08-31T12:53:18.601+0000] {taskinstance.py:1380} INFO - Executing <Task(PythonOperator): start> on 2025-08-30 14:00:00+00:00
[2025-08-31T12:53:18.630+0000] {standard_task_runner.py:57} INFO - Started process 372 to run task
[2025-08-31T12:53:18.659+0000] {standard_task_runner.py:84} INFO - Running: ['***', 'tasks', 'run', 'sparking_flow', 'start', 'scheduled__2025-08-30T14:00:00+00:00', '--job-id', '12', '--raw', '--subdir', 'DAGS_FOLDER/spark_***.py', '--cfg-path', '/tmp/tmp9gf9d9dw']
[2025-08-31T12:53:18.673+0000] {standard_task_runner.py:85} INFO - Job 12: Subtask start
[2025-08-31T12:53:18.874+0000] {task_command.py:415} INFO - Running <TaskInstance: sparking_flow.start scheduled__2025-08-30T14:00:00+00:00 [running]> on host f7da00c682c4
[2025-08-31T12:53:19.124+0000] {taskinstance.py:1660} INFO - Exporting env vars: AIRFLOW_CTX_DAG_OWNER='Kudzaishe Manyanya' AIRFLOW_CTX_DAG_ID='sparking_flow' AIRFLOW_CTX_TASK_ID='start' AIRFLOW_CTX_EXECUTION_DATE='2025-08-30T14:00:00+00:00' AIRFLOW_CTX_TRY_NUMBER='1' AIRFLOW_CTX_DAG_RUN_ID='scheduled__2025-08-30T14:00:00+00:00'
[2025-08-31T12:53:19.133+0000] {logging_mixin.py:151} INFO - Jobs started
[2025-08-31T12:53:19.134+0000] {python.py:194} INFO - Done. Returned value was: None
[2025-08-31T12:53:19.172+0000] {taskinstance.py:1398} INFO - Marking task as SUCCESS. dag_id=sparking_flow, task_id=start, execution_date=20250830T140000, start_date=20250831T125318, end_date=20250831T125319
[2025-08-31T12:53:19.246+0000] {local_task_job_runner.py:228} INFO - Task exited with return code 0
[2025-08-31T12:53:19.295+0000] {taskinstance.py:2776} INFO - 1 downstream tasks scheduled from follow-on schedule check
