[2025-08-10T09:59:14.895+0000] {taskinstance.py:1157} INFO - Dependencies all met for dep_context=non-requeueable deps ti=<TaskInstance: sparking_flow.python_job manual__2025-08-10T09:59:11.529715+00:00 [queued]>
[2025-08-10T09:59:14.902+0000] {taskinstance.py:1157} INFO - Dependencies all met for dep_context=requeueable deps ti=<TaskInstance: sparking_flow.python_job manual__2025-08-10T09:59:11.529715+00:00 [queued]>
[2025-08-10T09:59:14.902+0000] {taskinstance.py:1359} INFO - Starting attempt 1 of 1
[2025-08-10T09:59:14.913+0000] {taskinstance.py:1380} INFO - Executing <Task(SparkSubmitOperator): python_job> on 2025-08-10 09:59:11.529715+00:00
[2025-08-10T09:59:14.918+0000] {standard_task_runner.py:57} INFO - Started process 624 to run task
[2025-08-10T09:59:14.920+0000] {standard_task_runner.py:84} INFO - Running: ['***', 'tasks', 'run', 'sparking_flow', 'python_job', 'manual__2025-08-10T09:59:11.529715+00:00', '--job-id', '7', '--raw', '--subdir', 'DAGS_FOLDER/spark_***.py', '--cfg-path', '/tmp/tmp8t18bke_']
[2025-08-10T09:59:14.923+0000] {standard_task_runner.py:85} INFO - Job 7: Subtask python_job
[2025-08-10T09:59:14.983+0000] {task_command.py:415} INFO - Running <TaskInstance: sparking_flow.python_job manual__2025-08-10T09:59:11.529715+00:00 [running]> on host 08d0cfb138c0
[2025-08-10T09:59:15.059+0000] {taskinstance.py:1660} INFO - Exporting env vars: AIRFLOW_CTX_DAG_OWNER='Yusuf Ganiyu' AIRFLOW_CTX_DAG_ID='sparking_flow' AIRFLOW_CTX_TASK_ID='python_job' AIRFLOW_CTX_EXECUTION_DATE='2025-08-10T09:59:11.529715+00:00' AIRFLOW_CTX_TRY_NUMBER='1' AIRFLOW_CTX_DAG_RUN_ID='manual__2025-08-10T09:59:11.529715+00:00'
[2025-08-10T09:59:15.070+0000] {base.py:73} INFO - Using connection ID 'spark-conn' for task execution.
[2025-08-10T09:59:15.071+0000] {spark_submit.py:403} INFO - Spark-Submit cmd: spark-submit --master spark://spark-master-1:7077 --name arrow-spark --deploy-mode client jobs/python/wordcountjob.py
[2025-08-10T09:59:15.433+0000] {spark_submit.py:579} INFO - WARNING: Using incubator modules: jdk.incubator.vector
[2025-08-10T09:59:17.861+0000] {spark_submit.py:579} INFO - Using Spark's default log4j profile: org/apache/spark/log4j2-defaults.properties
[2025-08-10T09:59:17.870+0000] {spark_submit.py:579} INFO - 25/08/10 09:59:17 INFO SparkContext: Running Spark version 4.0.0
[2025-08-10T09:59:17.873+0000] {spark_submit.py:579} INFO - 25/08/10 09:59:17 INFO SparkContext: OS info Linux, 6.6.87.2-microsoft-standard-WSL2, amd64
[2025-08-10T09:59:17.874+0000] {spark_submit.py:579} INFO - 25/08/10 09:59:17 INFO SparkContext: Java version 17.0.15
[2025-08-10T09:59:17.935+0000] {spark_submit.py:579} INFO - 25/08/10 09:59:17 WARN NativeCodeLoader: Unable to load native-hadoop library for your platform... using builtin-java classes where applicable
[2025-08-10T09:59:17.973+0000] {spark_submit.py:579} INFO - 25/08/10 09:59:17 INFO ResourceUtils: ==============================================================
[2025-08-10T09:59:17.973+0000] {spark_submit.py:579} INFO - 25/08/10 09:59:17 INFO ResourceUtils: No custom resources configured for spark.driver.
[2025-08-10T09:59:17.974+0000] {spark_submit.py:579} INFO - 25/08/10 09:59:17 INFO ResourceUtils: ==============================================================
[2025-08-10T09:59:17.974+0000] {spark_submit.py:579} INFO - 25/08/10 09:59:17 INFO SparkContext: Submitted application: PythonWordCount
[2025-08-10T09:59:17.993+0000] {spark_submit.py:579} INFO - 25/08/10 09:59:17 INFO ResourceProfile: Default ResourceProfile created, executor resources: Map(memory -> name: memory, amount: 1024, script: , vendor: , offHeap -> name: offHeap, amount: 0, script: , vendor: ), task resources: Map(cpus -> name: cpus, amount: 1.0)
[2025-08-10T09:59:17.995+0000] {spark_submit.py:579} INFO - 25/08/10 09:59:17 INFO ResourceProfile: Limiting resource is cpu
[2025-08-10T09:59:17.996+0000] {spark_submit.py:579} INFO - 25/08/10 09:59:17 INFO ResourceProfileManager: Added ResourceProfile id: 0
[2025-08-10T09:59:18.031+0000] {spark_submit.py:579} INFO - 25/08/10 09:59:18 INFO SecurityManager: Changing view acls to: ***
[2025-08-10T09:59:18.032+0000] {spark_submit.py:579} INFO - 25/08/10 09:59:18 INFO SecurityManager: Changing modify acls to: ***
[2025-08-10T09:59:18.033+0000] {spark_submit.py:579} INFO - 25/08/10 09:59:18 INFO SecurityManager: Changing view acls groups to: ***
[2025-08-10T09:59:18.033+0000] {spark_submit.py:579} INFO - 25/08/10 09:59:18 INFO SecurityManager: Changing modify acls groups to: ***
[2025-08-10T09:59:18.034+0000] {spark_submit.py:579} INFO - 25/08/10 09:59:18 INFO SecurityManager: SecurityManager: authentication disabled; ui acls disabled; users with view permissions: *** groups with view permissions: EMPTY; users with modify permissions: ***; groups with modify permissions: EMPTY; RPC SSL disabled
[2025-08-10T09:59:18.240+0000] {spark_submit.py:579} INFO - 25/08/10 09:59:18 INFO Utils: Successfully started service 'sparkDriver' on port 41701.
[2025-08-10T09:59:18.264+0000] {spark_submit.py:579} INFO - 25/08/10 09:59:18 INFO SparkEnv: Registering MapOutputTracker
[2025-08-10T09:59:18.273+0000] {spark_submit.py:579} INFO - 25/08/10 09:59:18 INFO SparkEnv: Registering BlockManagerMaster
[2025-08-10T09:59:18.290+0000] {spark_submit.py:579} INFO - 25/08/10 09:59:18 INFO BlockManagerMasterEndpoint: Using org.apache.spark.storage.DefaultTopologyMapper for getting topology information
[2025-08-10T09:59:18.291+0000] {spark_submit.py:579} INFO - 25/08/10 09:59:18 INFO BlockManagerMasterEndpoint: BlockManagerMasterEndpoint up
[2025-08-10T09:59:18.294+0000] {spark_submit.py:579} INFO - 25/08/10 09:59:18 INFO SparkEnv: Registering BlockManagerMasterHeartbeat
[2025-08-10T09:59:18.315+0000] {spark_submit.py:579} INFO - 25/08/10 09:59:18 INFO DiskBlockManager: Created local directory at /tmp/blockmgr-4cd4efe1-9802-46a7-8893-2d7d6bbf75d6
[2025-08-10T09:59:18.335+0000] {spark_submit.py:579} INFO - 25/08/10 09:59:18 INFO SparkEnv: Registering OutputCommitCoordinator
[2025-08-10T09:59:18.444+0000] {spark_submit.py:579} INFO - 25/08/10 09:59:18 INFO JettyUtils: Start Jetty 0.0.0.0:4040 for SparkUI
[2025-08-10T09:59:18.513+0000] {spark_submit.py:579} INFO - 25/08/10 09:59:18 INFO Utils: Successfully started service 'SparkUI' on port 4040.
[2025-08-10T09:59:18.556+0000] {spark_submit.py:579} INFO - 25/08/10 09:59:18 INFO SecurityManager: Changing view acls to: ***
[2025-08-10T09:59:18.559+0000] {spark_submit.py:579} INFO - 25/08/10 09:59:18 INFO SecurityManager: Changing modify acls to: ***
[2025-08-10T09:59:18.559+0000] {spark_submit.py:579} INFO - 25/08/10 09:59:18 INFO SecurityManager: Changing view acls groups to: ***
[2025-08-10T09:59:18.560+0000] {spark_submit.py:579} INFO - 25/08/10 09:59:18 INFO SecurityManager: Changing modify acls groups to: ***
[2025-08-10T09:59:18.560+0000] {spark_submit.py:579} INFO - 25/08/10 09:59:18 INFO SecurityManager: SecurityManager: authentication disabled; ui acls disabled; users with view permissions: *** groups with view permissions: EMPTY; users with modify permissions: ***; groups with modify permissions: EMPTY; RPC SSL disabled
[2025-08-10T09:59:18.710+0000] {spark_submit.py:579} INFO - 25/08/10 09:59:18 INFO StandaloneAppClient$ClientEndpoint: Connecting to master spark://spark-master-1:7077...
[2025-08-10T09:59:22.518+0000] {spark_submit.py:579} INFO - 25/08/10 09:59:22 WARN TransportClientFactory: DNS resolution failed for spark-master-1/<unresolved>:7077 took 3790 ms
[2025-08-10T09:59:22.542+0000] {spark_submit.py:579} INFO - 25/08/10 09:59:22 WARN StandaloneAppClient$ClientEndpoint: Failed to connect to master spark-master-1:7077
[2025-08-10T09:59:22.543+0000] {spark_submit.py:579} INFO - org.apache.spark.SparkException: Exception thrown in awaitResult:
[2025-08-10T09:59:22.543+0000] {spark_submit.py:579} INFO - at org.apache.spark.util.SparkThreadUtils$.awaitResult(SparkThreadUtils.scala:53)
[2025-08-10T09:59:22.543+0000] {spark_submit.py:579} INFO - at org.apache.spark.util.ThreadUtils$.awaitResult(ThreadUtils.scala:342)
[2025-08-10T09:59:22.544+0000] {spark_submit.py:579} INFO - at org.apache.spark.rpc.RpcTimeout.awaitResult(RpcTimeout.scala:75)
[2025-08-10T09:59:22.544+0000] {spark_submit.py:579} INFO - at org.apache.spark.rpc.RpcEnv.setupEndpointRefByURI(RpcEnv.scala:102)
[2025-08-10T09:59:22.544+0000] {spark_submit.py:579} INFO - at org.apache.spark.rpc.RpcEnv.setupEndpointRef(RpcEnv.scala:110)
[2025-08-10T09:59:22.545+0000] {spark_submit.py:579} INFO - at org.apache.spark.deploy.client.StandaloneAppClient$ClientEndpoint$$anon$1.run(StandaloneAppClient.scala:110)
[2025-08-10T09:59:22.545+0000] {spark_submit.py:579} INFO - at java.base/java.util.concurrent.Executors$RunnableAdapter.call(Executors.java:539)
[2025-08-10T09:59:22.545+0000] {spark_submit.py:579} INFO - at java.base/java.util.concurrent.FutureTask.run(FutureTask.java:264)
[2025-08-10T09:59:22.545+0000] {spark_submit.py:579} INFO - at java.base/java.util.concurrent.ThreadPoolExecutor.runWorker(ThreadPoolExecutor.java:1136)
[2025-08-10T09:59:22.546+0000] {spark_submit.py:579} INFO - at java.base/java.util.concurrent.ThreadPoolExecutor$Worker.run(ThreadPoolExecutor.java:635)
[2025-08-10T09:59:22.546+0000] {spark_submit.py:579} INFO - at java.base/java.lang.Thread.run(Thread.java:840)
[2025-08-10T09:59:22.546+0000] {spark_submit.py:579} INFO - Caused by: java.io.IOException: Failed to connect to spark-master-1/<unresolved>:7077
[2025-08-10T09:59:22.547+0000] {spark_submit.py:579} INFO - at org.apache.spark.network.client.TransportClientFactory.createClient(TransportClientFactory.java:305)
[2025-08-10T09:59:22.547+0000] {spark_submit.py:579} INFO - at org.apache.spark.network.client.TransportClientFactory.createClient(TransportClientFactory.java:225)
[2025-08-10T09:59:22.547+0000] {spark_submit.py:579} INFO - at org.apache.spark.network.client.TransportClientFactory.createClient(TransportClientFactory.java:237)
[2025-08-10T09:59:22.547+0000] {spark_submit.py:579} INFO - at org.apache.spark.rpc.netty.NettyRpcEnv.createClient(NettyRpcEnv.scala:207)
[2025-08-10T09:59:22.548+0000] {spark_submit.py:579} INFO - at org.apache.spark.rpc.netty.Outbox$$anon$1.call(Outbox.scala:202)
[2025-08-10T09:59:22.548+0000] {spark_submit.py:579} INFO - at org.apache.spark.rpc.netty.Outbox$$anon$1.call(Outbox.scala:198)
[2025-08-10T09:59:22.548+0000] {spark_submit.py:579} INFO - ... 4 more
[2025-08-10T09:59:22.548+0000] {spark_submit.py:579} INFO - Caused by: java.net.UnknownHostException: spark-master-1
[2025-08-10T09:59:22.549+0000] {spark_submit.py:579} INFO - at java.base/java.net.InetAddress$CachedAddresses.get(InetAddress.java:801)
[2025-08-10T09:59:22.549+0000] {spark_submit.py:579} INFO - at java.base/java.net.InetAddress.getAllByName0(InetAddress.java:1533)
[2025-08-10T09:59:22.549+0000] {spark_submit.py:579} INFO - at java.base/java.net.InetAddress.getAllByName(InetAddress.java:1385)
[2025-08-10T09:59:22.549+0000] {spark_submit.py:579} INFO - at java.base/java.net.InetAddress.getAllByName(InetAddress.java:1306)
[2025-08-10T09:59:22.550+0000] {spark_submit.py:579} INFO - at java.base/java.net.InetAddress.getByName(InetAddress.java:1256)
[2025-08-10T09:59:22.550+0000] {spark_submit.py:579} INFO - at io.netty.util.internal.SocketUtils$8.run(SocketUtils.java:156)
[2025-08-10T09:59:22.550+0000] {spark_submit.py:579} INFO - at io.netty.util.internal.SocketUtils$8.run(SocketUtils.java:153)
[2025-08-10T09:59:22.550+0000] {spark_submit.py:579} INFO - at java.base/java.security.AccessController.doPrivileged(AccessController.java:569)
[2025-08-10T09:59:22.551+0000] {spark_submit.py:579} INFO - at io.netty.util.internal.SocketUtils.addressByName(SocketUtils.java:153)
[2025-08-10T09:59:22.551+0000] {spark_submit.py:579} INFO - at io.netty.resolver.DefaultNameResolver.doResolve(DefaultNameResolver.java:41)
[2025-08-10T09:59:22.551+0000] {spark_submit.py:579} INFO - at io.netty.resolver.SimpleNameResolver.resolve(SimpleNameResolver.java:61)
[2025-08-10T09:59:22.551+0000] {spark_submit.py:579} INFO - at io.netty.resolver.SimpleNameResolver.resolve(SimpleNameResolver.java:53)
[2025-08-10T09:59:22.551+0000] {spark_submit.py:579} INFO - at io.netty.resolver.InetSocketAddressResolver.doResolve(InetSocketAddressResolver.java:55)
[2025-08-10T09:59:22.552+0000] {spark_submit.py:579} INFO - at io.netty.resolver.InetSocketAddressResolver.doResolve(InetSocketAddressResolver.java:31)
[2025-08-10T09:59:22.552+0000] {spark_submit.py:579} INFO - at io.netty.resolver.AbstractAddressResolver.resolve(AbstractAddressResolver.java:106)
[2025-08-10T09:59:22.552+0000] {spark_submit.py:579} INFO - at io.netty.bootstrap.Bootstrap.doResolveAndConnect0(Bootstrap.java:220)
[2025-08-10T09:59:22.552+0000] {spark_submit.py:579} INFO - at io.netty.bootstrap.Bootstrap.access$000(Bootstrap.java:47)
[2025-08-10T09:59:22.552+0000] {spark_submit.py:579} INFO - at io.netty.bootstrap.Bootstrap$1.operationComplete(Bootstrap.java:189)
[2025-08-10T09:59:22.553+0000] {spark_submit.py:579} INFO - at io.netty.bootstrap.Bootstrap$1.operationComplete(Bootstrap.java:175)
[2025-08-10T09:59:22.553+0000] {spark_submit.py:579} INFO - at io.netty.util.concurrent.DefaultPromise.notifyListener0(DefaultPromise.java:590)
[2025-08-10T09:59:22.553+0000] {spark_submit.py:579} INFO - at io.netty.util.concurrent.DefaultPromise.notifyListenersNow(DefaultPromise.java:557)
[2025-08-10T09:59:22.553+0000] {spark_submit.py:579} INFO - at io.netty.util.concurrent.DefaultPromise.notifyListeners(DefaultPromise.java:492)
[2025-08-10T09:59:22.553+0000] {spark_submit.py:579} INFO - at io.netty.util.concurrent.DefaultPromise.setValue0(DefaultPromise.java:636)
[2025-08-10T09:59:22.554+0000] {spark_submit.py:579} INFO - at io.netty.util.concurrent.DefaultPromise.setSuccess0(DefaultPromise.java:625)
[2025-08-10T09:59:22.554+0000] {spark_submit.py:579} INFO - at io.netty.util.concurrent.DefaultPromise.trySuccess(DefaultPromise.java:105)
[2025-08-10T09:59:22.554+0000] {spark_submit.py:579} INFO - at io.netty.channel.DefaultChannelPromise.trySuccess(DefaultChannelPromise.java:84)
[2025-08-10T09:59:22.554+0000] {spark_submit.py:579} INFO - at io.netty.channel.AbstractChannel$AbstractUnsafe.safeSetSuccess(AbstractChannel.java:988)
[2025-08-10T09:59:22.555+0000] {spark_submit.py:579} INFO - at io.netty.channel.AbstractChannel$AbstractUnsafe.register0(AbstractChannel.java:515)
[2025-08-10T09:59:22.555+0000] {spark_submit.py:579} INFO - at io.netty.channel.AbstractChannel$AbstractUnsafe.access$200(AbstractChannel.java:428)
[2025-08-10T09:59:22.555+0000] {spark_submit.py:579} INFO - at io.netty.channel.AbstractChannel$AbstractUnsafe$1.run(AbstractChannel.java:485)
[2025-08-10T09:59:22.555+0000] {spark_submit.py:579} INFO - at io.netty.util.concurrent.AbstractEventExecutor.runTask(AbstractEventExecutor.java:173)
[2025-08-10T09:59:22.555+0000] {spark_submit.py:579} INFO - at io.netty.util.concurrent.AbstractEventExecutor.safeExecute(AbstractEventExecutor.java:166)
[2025-08-10T09:59:22.556+0000] {spark_submit.py:579} INFO - at io.netty.util.concurrent.SingleThreadEventExecutor.runAllTasks(SingleThreadEventExecutor.java:472)
[2025-08-10T09:59:22.556+0000] {spark_submit.py:579} INFO - at io.netty.channel.nio.NioEventLoop.run(NioEventLoop.java:569)
[2025-08-10T09:59:22.556+0000] {spark_submit.py:579} INFO - at io.netty.util.concurrent.SingleThreadEventExecutor$4.run(SingleThreadEventExecutor.java:998)
[2025-08-10T09:59:22.556+0000] {spark_submit.py:579} INFO - at io.netty.util.internal.ThreadExecutorMap$2.run(ThreadExecutorMap.java:74)
[2025-08-10T09:59:22.557+0000] {spark_submit.py:579} INFO - at io.netty.util.concurrent.FastThreadLocalRunnable.run(FastThreadLocalRunnable.java:30)
[2025-08-10T09:59:22.557+0000] {spark_submit.py:579} INFO - ... 1 more
[2025-08-10T09:59:38.704+0000] {spark_submit.py:579} INFO - 25/08/10 09:59:38 INFO StandaloneAppClient$ClientEndpoint: Connecting to master spark://spark-master-1:7077...
[2025-08-10T09:59:42.459+0000] {spark_submit.py:579} INFO - 25/08/10 09:59:42 WARN TransportClientFactory: DNS resolution failed for spark-master-1/<unresolved>:7077 took 3753 ms
[2025-08-10T09:59:42.462+0000] {spark_submit.py:579} INFO - 25/08/10 09:59:42 WARN StandaloneAppClient$ClientEndpoint: Failed to connect to master spark-master-1:7077
[2025-08-10T09:59:42.462+0000] {spark_submit.py:579} INFO - org.apache.spark.SparkException: Exception thrown in awaitResult:
[2025-08-10T09:59:42.463+0000] {spark_submit.py:579} INFO - at org.apache.spark.util.SparkThreadUtils$.awaitResult(SparkThreadUtils.scala:53)
[2025-08-10T09:59:42.463+0000] {spark_submit.py:579} INFO - at org.apache.spark.util.ThreadUtils$.awaitResult(ThreadUtils.scala:342)
[2025-08-10T09:59:42.464+0000] {spark_submit.py:579} INFO - at org.apache.spark.rpc.RpcTimeout.awaitResult(RpcTimeout.scala:75)
[2025-08-10T09:59:42.464+0000] {spark_submit.py:579} INFO - at org.apache.spark.rpc.RpcEnv.setupEndpointRefByURI(RpcEnv.scala:102)
[2025-08-10T09:59:42.464+0000] {spark_submit.py:579} INFO - at org.apache.spark.rpc.RpcEnv.setupEndpointRef(RpcEnv.scala:110)
[2025-08-10T09:59:42.465+0000] {spark_submit.py:579} INFO - at org.apache.spark.deploy.client.StandaloneAppClient$ClientEndpoint$$anon$1.run(StandaloneAppClient.scala:110)
[2025-08-10T09:59:42.465+0000] {spark_submit.py:579} INFO - at java.base/java.util.concurrent.Executors$RunnableAdapter.call(Executors.java:539)
[2025-08-10T09:59:42.465+0000] {spark_submit.py:579} INFO - at java.base/java.util.concurrent.FutureTask.run(FutureTask.java:264)
[2025-08-10T09:59:42.466+0000] {spark_submit.py:579} INFO - at java.base/java.util.concurrent.ThreadPoolExecutor.runWorker(ThreadPoolExecutor.java:1136)
[2025-08-10T09:59:42.466+0000] {spark_submit.py:579} INFO - at java.base/java.util.concurrent.ThreadPoolExecutor$Worker.run(ThreadPoolExecutor.java:635)
[2025-08-10T09:59:42.466+0000] {spark_submit.py:579} INFO - at java.base/java.lang.Thread.run(Thread.java:840)
[2025-08-10T09:59:42.466+0000] {spark_submit.py:579} INFO - Caused by: java.io.IOException: Failed to connect to spark-master-1/<unresolved>:7077
[2025-08-10T09:59:42.467+0000] {spark_submit.py:579} INFO - at org.apache.spark.network.client.TransportClientFactory.createClient(TransportClientFactory.java:305)
[2025-08-10T09:59:42.467+0000] {spark_submit.py:579} INFO - at org.apache.spark.network.client.TransportClientFactory.createClient(TransportClientFactory.java:225)
[2025-08-10T09:59:42.467+0000] {spark_submit.py:579} INFO - at org.apache.spark.network.client.TransportClientFactory.createClient(TransportClientFactory.java:237)
[2025-08-10T09:59:42.468+0000] {spark_submit.py:579} INFO - at org.apache.spark.rpc.netty.NettyRpcEnv.createClient(NettyRpcEnv.scala:207)
[2025-08-10T09:59:42.468+0000] {spark_submit.py:579} INFO - at org.apache.spark.rpc.netty.Outbox$$anon$1.call(Outbox.scala:202)
[2025-08-10T09:59:42.468+0000] {spark_submit.py:579} INFO - at org.apache.spark.rpc.netty.Outbox$$anon$1.call(Outbox.scala:198)
[2025-08-10T09:59:42.468+0000] {spark_submit.py:579} INFO - ... 4 more
[2025-08-10T09:59:42.469+0000] {spark_submit.py:579} INFO - Caused by: java.net.UnknownHostException: spark-master-1
[2025-08-10T09:59:42.469+0000] {spark_submit.py:579} INFO - at java.base/java.net.InetAddress$CachedAddresses.get(InetAddress.java:801)
[2025-08-10T09:59:42.469+0000] {spark_submit.py:579} INFO - at java.base/java.net.InetAddress.getAllByName0(InetAddress.java:1533)
[2025-08-10T09:59:42.469+0000] {spark_submit.py:579} INFO - at java.base/java.net.InetAddress.getAllByName(InetAddress.java:1385)
[2025-08-10T09:59:42.469+0000] {spark_submit.py:579} INFO - at java.base/java.net.InetAddress.getAllByName(InetAddress.java:1306)
[2025-08-10T09:59:42.470+0000] {spark_submit.py:579} INFO - at java.base/java.net.InetAddress.getByName(InetAddress.java:1256)
[2025-08-10T09:59:42.470+0000] {spark_submit.py:579} INFO - at io.netty.util.internal.SocketUtils$8.run(SocketUtils.java:156)
[2025-08-10T09:59:42.470+0000] {spark_submit.py:579} INFO - at io.netty.util.internal.SocketUtils$8.run(SocketUtils.java:153)
[2025-08-10T09:59:42.470+0000] {spark_submit.py:579} INFO - at java.base/java.security.AccessController.doPrivileged(AccessController.java:569)
[2025-08-10T09:59:42.470+0000] {spark_submit.py:579} INFO - at io.netty.util.internal.SocketUtils.addressByName(SocketUtils.java:153)
[2025-08-10T09:59:42.471+0000] {spark_submit.py:579} INFO - at io.netty.resolver.DefaultNameResolver.doResolve(DefaultNameResolver.java:41)
[2025-08-10T09:59:42.471+0000] {spark_submit.py:579} INFO - at io.netty.resolver.SimpleNameResolver.resolve(SimpleNameResolver.java:61)
[2025-08-10T09:59:42.471+0000] {spark_submit.py:579} INFO - at io.netty.resolver.SimpleNameResolver.resolve(SimpleNameResolver.java:53)
[2025-08-10T09:59:42.471+0000] {spark_submit.py:579} INFO - at io.netty.resolver.InetSocketAddressResolver.doResolve(InetSocketAddressResolver.java:55)
[2025-08-10T09:59:42.471+0000] {spark_submit.py:579} INFO - at io.netty.resolver.InetSocketAddressResolver.doResolve(InetSocketAddressResolver.java:31)
[2025-08-10T09:59:42.471+0000] {spark_submit.py:579} INFO - at io.netty.resolver.AbstractAddressResolver.resolve(AbstractAddressResolver.java:106)
[2025-08-10T09:59:42.472+0000] {spark_submit.py:579} INFO - at io.netty.bootstrap.Bootstrap.doResolveAndConnect0(Bootstrap.java:220)
[2025-08-10T09:59:42.472+0000] {spark_submit.py:579} INFO - at io.netty.bootstrap.Bootstrap.access$000(Bootstrap.java:47)
[2025-08-10T09:59:42.472+0000] {spark_submit.py:579} INFO - at io.netty.bootstrap.Bootstrap$1.operationComplete(Bootstrap.java:189)
[2025-08-10T09:59:42.472+0000] {spark_submit.py:579} INFO - at io.netty.bootstrap.Bootstrap$1.operationComplete(Bootstrap.java:175)
[2025-08-10T09:59:42.472+0000] {spark_submit.py:579} INFO - at io.netty.util.concurrent.DefaultPromise.notifyListener0(DefaultPromise.java:590)
[2025-08-10T09:59:42.473+0000] {spark_submit.py:579} INFO - at io.netty.util.concurrent.DefaultPromise.notifyListenersNow(DefaultPromise.java:557)
[2025-08-10T09:59:42.473+0000] {spark_submit.py:579} INFO - at io.netty.util.concurrent.DefaultPromise.notifyListeners(DefaultPromise.java:492)
[2025-08-10T09:59:42.473+0000] {spark_submit.py:579} INFO - at io.netty.util.concurrent.DefaultPromise.setValue0(DefaultPromise.java:636)
[2025-08-10T09:59:42.473+0000] {spark_submit.py:579} INFO - at io.netty.util.concurrent.DefaultPromise.setSuccess0(DefaultPromise.java:625)
[2025-08-10T09:59:42.474+0000] {spark_submit.py:579} INFO - at io.netty.util.concurrent.DefaultPromise.trySuccess(DefaultPromise.java:105)
[2025-08-10T09:59:42.474+0000] {spark_submit.py:579} INFO - at io.netty.channel.DefaultChannelPromise.trySuccess(DefaultChannelPromise.java:84)
[2025-08-10T09:59:42.474+0000] {spark_submit.py:579} INFO - at io.netty.channel.AbstractChannel$AbstractUnsafe.safeSetSuccess(AbstractChannel.java:988)
[2025-08-10T09:59:42.474+0000] {spark_submit.py:579} INFO - at io.netty.channel.AbstractChannel$AbstractUnsafe.register0(AbstractChannel.java:515)
[2025-08-10T09:59:42.475+0000] {spark_submit.py:579} INFO - at io.netty.channel.AbstractChannel$AbstractUnsafe.access$200(AbstractChannel.java:428)
[2025-08-10T09:59:42.475+0000] {spark_submit.py:579} INFO - at io.netty.channel.AbstractChannel$AbstractUnsafe$1.run(AbstractChannel.java:485)
[2025-08-10T09:59:42.475+0000] {spark_submit.py:579} INFO - at io.netty.util.concurrent.AbstractEventExecutor.runTask(AbstractEventExecutor.java:173)
[2025-08-10T09:59:42.475+0000] {spark_submit.py:579} INFO - at io.netty.util.concurrent.AbstractEventExecutor.safeExecute(AbstractEventExecutor.java:166)
[2025-08-10T09:59:42.476+0000] {spark_submit.py:579} INFO - at io.netty.util.concurrent.SingleThreadEventExecutor.runAllTasks(SingleThreadEventExecutor.java:472)
[2025-08-10T09:59:42.476+0000] {spark_submit.py:579} INFO - at io.netty.channel.nio.NioEventLoop.run(NioEventLoop.java:569)
[2025-08-10T09:59:42.476+0000] {spark_submit.py:579} INFO - at io.netty.util.concurrent.SingleThreadEventExecutor$4.run(SingleThreadEventExecutor.java:998)
[2025-08-10T09:59:42.476+0000] {spark_submit.py:579} INFO - at io.netty.util.internal.ThreadExecutorMap$2.run(ThreadExecutorMap.java:74)
[2025-08-10T09:59:42.476+0000] {spark_submit.py:579} INFO - at io.netty.util.concurrent.FastThreadLocalRunnable.run(FastThreadLocalRunnable.java:30)
[2025-08-10T09:59:42.477+0000] {spark_submit.py:579} INFO - ... 1 more
[2025-08-10T09:59:58.701+0000] {spark_submit.py:579} INFO - 25/08/10 09:59:58 INFO StandaloneAppClient$ClientEndpoint: Connecting to master spark://spark-master-1:7077...
[2025-08-10T10:00:02.472+0000] {spark_submit.py:579} INFO - 25/08/10 10:00:02 WARN TransportClientFactory: DNS resolution failed for spark-master-1/<unresolved>:7077 took 3770 ms
[2025-08-10T10:00:02.477+0000] {spark_submit.py:579} INFO - 25/08/10 10:00:02 WARN StandaloneAppClient$ClientEndpoint: Failed to connect to master spark-master-1:7077
[2025-08-10T10:00:02.477+0000] {spark_submit.py:579} INFO - org.apache.spark.SparkException: Exception thrown in awaitResult:
[2025-08-10T10:00:02.478+0000] {spark_submit.py:579} INFO - at org.apache.spark.util.SparkThreadUtils$.awaitResult(SparkThreadUtils.scala:53)
[2025-08-10T10:00:02.478+0000] {spark_submit.py:579} INFO - at org.apache.spark.util.ThreadUtils$.awaitResult(ThreadUtils.scala:342)
[2025-08-10T10:00:02.478+0000] {spark_submit.py:579} INFO - at org.apache.spark.rpc.RpcTimeout.awaitResult(RpcTimeout.scala:75)
[2025-08-10T10:00:02.479+0000] {spark_submit.py:579} INFO - at org.apache.spark.rpc.RpcEnv.setupEndpointRefByURI(RpcEnv.scala:102)
[2025-08-10T10:00:02.479+0000] {spark_submit.py:579} INFO - at org.apache.spark.rpc.RpcEnv.setupEndpointRef(RpcEnv.scala:110)
[2025-08-10T10:00:02.479+0000] {spark_submit.py:579} INFO - at org.apache.spark.deploy.client.StandaloneAppClient$ClientEndpoint$$anon$1.run(StandaloneAppClient.scala:110)
[2025-08-10T10:00:02.479+0000] {spark_submit.py:579} INFO - at java.base/java.util.concurrent.Executors$RunnableAdapter.call(Executors.java:539)
[2025-08-10T10:00:02.480+0000] {spark_submit.py:579} INFO - at java.base/java.util.concurrent.FutureTask.run(FutureTask.java:264)
[2025-08-10T10:00:02.480+0000] {spark_submit.py:579} INFO - at java.base/java.util.concurrent.ThreadPoolExecutor.runWorker(ThreadPoolExecutor.java:1136)
[2025-08-10T10:00:02.480+0000] {spark_submit.py:579} INFO - at java.base/java.util.concurrent.ThreadPoolExecutor$Worker.run(ThreadPoolExecutor.java:635)
[2025-08-10T10:00:02.481+0000] {spark_submit.py:579} INFO - at java.base/java.lang.Thread.run(Thread.java:840)
[2025-08-10T10:00:02.481+0000] {spark_submit.py:579} INFO - Caused by: java.io.IOException: Failed to connect to spark-master-1/<unresolved>:7077
[2025-08-10T10:00:02.481+0000] {spark_submit.py:579} INFO - at org.apache.spark.network.client.TransportClientFactory.createClient(TransportClientFactory.java:305)
[2025-08-10T10:00:02.481+0000] {spark_submit.py:579} INFO - at org.apache.spark.network.client.TransportClientFactory.createClient(TransportClientFactory.java:225)
[2025-08-10T10:00:02.482+0000] {spark_submit.py:579} INFO - at org.apache.spark.network.client.TransportClientFactory.createClient(TransportClientFactory.java:237)
[2025-08-10T10:00:02.482+0000] {spark_submit.py:579} INFO - at org.apache.spark.rpc.netty.NettyRpcEnv.createClient(NettyRpcEnv.scala:207)
[2025-08-10T10:00:02.482+0000] {spark_submit.py:579} INFO - at org.apache.spark.rpc.netty.Outbox$$anon$1.call(Outbox.scala:202)
[2025-08-10T10:00:02.482+0000] {spark_submit.py:579} INFO - at org.apache.spark.rpc.netty.Outbox$$anon$1.call(Outbox.scala:198)
[2025-08-10T10:00:02.483+0000] {spark_submit.py:579} INFO - ... 4 more
[2025-08-10T10:00:02.483+0000] {spark_submit.py:579} INFO - Caused by: java.net.UnknownHostException: spark-master-1
[2025-08-10T10:00:02.483+0000] {spark_submit.py:579} INFO - at java.base/java.net.InetAddress$CachedAddresses.get(InetAddress.java:801)
[2025-08-10T10:00:02.483+0000] {spark_submit.py:579} INFO - at java.base/java.net.InetAddress.getAllByName0(InetAddress.java:1533)
[2025-08-10T10:00:02.484+0000] {spark_submit.py:579} INFO - at java.base/java.net.InetAddress.getAllByName(InetAddress.java:1385)
[2025-08-10T10:00:02.484+0000] {spark_submit.py:579} INFO - at java.base/java.net.InetAddress.getAllByName(InetAddress.java:1306)
[2025-08-10T10:00:02.484+0000] {spark_submit.py:579} INFO - at java.base/java.net.InetAddress.getByName(InetAddress.java:1256)
[2025-08-10T10:00:02.484+0000] {spark_submit.py:579} INFO - at io.netty.util.internal.SocketUtils$8.run(SocketUtils.java:156)
[2025-08-10T10:00:02.484+0000] {spark_submit.py:579} INFO - at io.netty.util.internal.SocketUtils$8.run(SocketUtils.java:153)
[2025-08-10T10:00:02.485+0000] {spark_submit.py:579} INFO - at java.base/java.security.AccessController.doPrivileged(AccessController.java:569)
[2025-08-10T10:00:02.485+0000] {spark_submit.py:579} INFO - at io.netty.util.internal.SocketUtils.addressByName(SocketUtils.java:153)
[2025-08-10T10:00:02.485+0000] {spark_submit.py:579} INFO - at io.netty.resolver.DefaultNameResolver.doResolve(DefaultNameResolver.java:41)
[2025-08-10T10:00:02.485+0000] {spark_submit.py:579} INFO - at io.netty.resolver.SimpleNameResolver.resolve(SimpleNameResolver.java:61)
[2025-08-10T10:00:02.485+0000] {spark_submit.py:579} INFO - at io.netty.resolver.SimpleNameResolver.resolve(SimpleNameResolver.java:53)
[2025-08-10T10:00:02.486+0000] {spark_submit.py:579} INFO - at io.netty.resolver.InetSocketAddressResolver.doResolve(InetSocketAddressResolver.java:55)
[2025-08-10T10:00:02.486+0000] {spark_submit.py:579} INFO - at io.netty.resolver.InetSocketAddressResolver.doResolve(InetSocketAddressResolver.java:31)
[2025-08-10T10:00:02.486+0000] {spark_submit.py:579} INFO - at io.netty.resolver.AbstractAddressResolver.resolve(AbstractAddressResolver.java:106)
[2025-08-10T10:00:02.486+0000] {spark_submit.py:579} INFO - at io.netty.bootstrap.Bootstrap.doResolveAndConnect0(Bootstrap.java:220)
[2025-08-10T10:00:02.486+0000] {spark_submit.py:579} INFO - at io.netty.bootstrap.Bootstrap.access$000(Bootstrap.java:47)
[2025-08-10T10:00:02.486+0000] {spark_submit.py:579} INFO - at io.netty.bootstrap.Bootstrap$1.operationComplete(Bootstrap.java:189)
[2025-08-10T10:00:02.487+0000] {spark_submit.py:579} INFO - at io.netty.bootstrap.Bootstrap$1.operationComplete(Bootstrap.java:175)
[2025-08-10T10:00:02.487+0000] {spark_submit.py:579} INFO - at io.netty.util.concurrent.DefaultPromise.notifyListener0(DefaultPromise.java:590)
[2025-08-10T10:00:02.487+0000] {spark_submit.py:579} INFO - at io.netty.util.concurrent.DefaultPromise.notifyListenersNow(DefaultPromise.java:557)
[2025-08-10T10:00:02.487+0000] {spark_submit.py:579} INFO - at io.netty.util.concurrent.DefaultPromise.notifyListeners(DefaultPromise.java:492)
[2025-08-10T10:00:02.487+0000] {spark_submit.py:579} INFO - at io.netty.util.concurrent.DefaultPromise.setValue0(DefaultPromise.java:636)
[2025-08-10T10:00:02.488+0000] {spark_submit.py:579} INFO - at io.netty.util.concurrent.DefaultPromise.setSuccess0(DefaultPromise.java:625)
[2025-08-10T10:00:02.488+0000] {spark_submit.py:579} INFO - at io.netty.util.concurrent.DefaultPromise.trySuccess(DefaultPromise.java:105)
[2025-08-10T10:00:02.488+0000] {spark_submit.py:579} INFO - at io.netty.channel.DefaultChannelPromise.trySuccess(DefaultChannelPromise.java:84)
[2025-08-10T10:00:02.488+0000] {spark_submit.py:579} INFO - at io.netty.channel.AbstractChannel$AbstractUnsafe.safeSetSuccess(AbstractChannel.java:988)
[2025-08-10T10:00:02.488+0000] {spark_submit.py:579} INFO - at io.netty.channel.AbstractChannel$AbstractUnsafe.register0(AbstractChannel.java:515)
[2025-08-10T10:00:02.488+0000] {spark_submit.py:579} INFO - at io.netty.channel.AbstractChannel$AbstractUnsafe.access$200(AbstractChannel.java:428)
[2025-08-10T10:00:02.489+0000] {spark_submit.py:579} INFO - at io.netty.channel.AbstractChannel$AbstractUnsafe$1.run(AbstractChannel.java:485)
[2025-08-10T10:00:02.489+0000] {spark_submit.py:579} INFO - at io.netty.util.concurrent.AbstractEventExecutor.runTask(AbstractEventExecutor.java:173)
[2025-08-10T10:00:02.489+0000] {spark_submit.py:579} INFO - at io.netty.util.concurrent.AbstractEventExecutor.safeExecute(AbstractEventExecutor.java:166)
[2025-08-10T10:00:02.489+0000] {spark_submit.py:579} INFO - at io.netty.util.concurrent.SingleThreadEventExecutor.runAllTasks(SingleThreadEventExecutor.java:472)
[2025-08-10T10:00:02.489+0000] {spark_submit.py:579} INFO - at io.netty.channel.nio.NioEventLoop.run(NioEventLoop.java:569)
[2025-08-10T10:00:02.490+0000] {spark_submit.py:579} INFO - at io.netty.util.concurrent.SingleThreadEventExecutor$4.run(SingleThreadEventExecutor.java:998)
[2025-08-10T10:00:02.490+0000] {spark_submit.py:579} INFO - at io.netty.util.internal.ThreadExecutorMap$2.run(ThreadExecutorMap.java:74)
[2025-08-10T10:00:02.490+0000] {spark_submit.py:579} INFO - at io.netty.util.concurrent.FastThreadLocalRunnable.run(FastThreadLocalRunnable.java:30)
[2025-08-10T10:00:02.490+0000] {spark_submit.py:579} INFO - ... 1 more
[2025-08-10T10:00:18.702+0000] {spark_submit.py:579} INFO - 25/08/10 10:00:18 WARN StandaloneSchedulerBackend: Application ID is not initialized yet.
[2025-08-10T10:00:18.703+0000] {spark_submit.py:579} INFO - 25/08/10 10:00:18 ERROR StandaloneSchedulerBackend: Application has been killed. Reason: All masters are unresponsive! Giving up.
[2025-08-10T10:00:18.710+0000] {spark_submit.py:579} INFO - 25/08/10 10:00:18 INFO Utils: Successfully started service 'org.apache.spark.network.netty.NettyBlockTransferService' on port 36281.
[2025-08-10T10:00:18.711+0000] {spark_submit.py:579} INFO - 25/08/10 10:00:18 INFO NettyBlockTransferService: Server created on 08d0cfb138c0:36281
[2025-08-10T10:00:18.712+0000] {spark_submit.py:579} INFO - 25/08/10 10:00:18 INFO BlockManager: Using org.apache.spark.storage.RandomBlockReplicationPolicy for block replication policy
[2025-08-10T10:00:18.724+0000] {spark_submit.py:579} INFO - 25/08/10 10:00:18 INFO BlockManagerMaster: Registering BlockManager BlockManagerId(driver, 08d0cfb138c0, 36281, None)
[2025-08-10T10:00:18.729+0000] {spark_submit.py:579} INFO - 25/08/10 10:00:18 INFO BlockManagerMasterEndpoint: Registering block manager 08d0cfb138c0:36281 with 434.4 MiB RAM, BlockManagerId(driver, 08d0cfb138c0, 36281, None)
[2025-08-10T10:00:18.732+0000] {spark_submit.py:579} INFO - 25/08/10 10:00:18 INFO BlockManagerMaster: Registered BlockManager BlockManagerId(driver, 08d0cfb138c0, 36281, None)
[2025-08-10T10:00:18.733+0000] {spark_submit.py:579} INFO - 25/08/10 10:00:18 INFO BlockManager: Initialized BlockManager: BlockManagerId(driver, 08d0cfb138c0, 36281, None)
[2025-08-10T10:00:18.820+0000] {spark_submit.py:579} INFO - 25/08/10 10:00:18 INFO StandaloneSchedulerBackend: SchedulerBackend is ready for scheduling beginning after reached minRegisteredResourcesRatio: 0.0
[2025-08-10T10:00:19.020+0000] {spark_submit.py:579} INFO - 25/08/10 10:00:19 INFO SparkContext: SparkContext is stopping with exitCode 0 from run at <unknown>:0.
[2025-08-10T10:00:19.029+0000] {spark_submit.py:579} INFO - 25/08/10 10:00:19 INFO SparkUI: Stopped Spark web UI at http://08d0cfb138c0:4040
[2025-08-10T10:00:19.032+0000] {spark_submit.py:579} INFO - 25/08/10 10:00:19 INFO StandaloneSchedulerBackend: Shutting down all executors
[2025-08-10T10:00:19.035+0000] {spark_submit.py:579} INFO - 25/08/10 10:00:19 INFO StandaloneSchedulerBackend$StandaloneDriverEndpoint: Asking each executor to shut down
[2025-08-10T10:00:19.040+0000] {spark_submit.py:579} INFO - 25/08/10 10:00:19 WARN StandaloneAppClient$ClientEndpoint: Drop UnregisterApplication(null) because has not yet connected to master
[2025-08-10T10:00:19.046+0000] {spark_submit.py:579} INFO - 25/08/10 10:00:19 INFO MapOutputTrackerMasterEndpoint: MapOutputTrackerMasterEndpoint stopped!
[2025-08-10T10:00:19.065+0000] {spark_submit.py:579} INFO - 25/08/10 10:00:19 INFO MemoryStore: MemoryStore started with capacity 434.4 MiB
[2025-08-10T10:00:19.065+0000] {spark_submit.py:579} INFO - 25/08/10 10:00:19 INFO MemoryStore: MemoryStore cleared
[2025-08-10T10:00:19.066+0000] {spark_submit.py:579} INFO - 25/08/10 10:00:19 INFO BlockManager: BlockManager stopped
[2025-08-10T10:00:19.070+0000] {spark_submit.py:579} INFO - 25/08/10 10:00:19 INFO BlockManagerMaster: BlockManagerMaster stopped
[2025-08-10T10:00:19.071+0000] {spark_submit.py:579} INFO - 25/08/10 10:00:19 INFO OutputCommitCoordinator$OutputCommitCoordinatorEndpoint: OutputCommitCoordinator stopped!
[2025-08-10T10:00:19.085+0000] {spark_submit.py:579} INFO - 25/08/10 10:00:19 INFO SparkContext: Successfully stopped SparkContext
[2025-08-10T10:00:20.473+0000] {spark_submit.py:579} INFO - Traceback (most recent call last):
[2025-08-10T10:00:20.474+0000] {spark_submit.py:579} INFO - File "/opt/***/jobs/python/wordcountjob.py", line 3, in <module>
[2025-08-10T10:00:20.477+0000] {spark_submit.py:579} INFO - spark = SparkSession.builder.appName("PythonWordCount").getOrCreate()
[2025-08-10T10:00:20.478+0000] {spark_submit.py:579} INFO - File "/home/***/.local/lib/python3.10/site-packages/pyspark/python/lib/pyspark.zip/pyspark/sql/session.py", line 559, in getOrCreate
[2025-08-10T10:00:20.478+0000] {spark_submit.py:579} INFO - File "/home/***/.local/lib/python3.10/site-packages/pyspark/python/lib/pyspark.zip/pyspark/sql/session.py", line 641, in __init__
[2025-08-10T10:00:20.479+0000] {spark_submit.py:579} INFO - File "/home/***/.local/lib/python3.10/site-packages/pyspark/python/lib/py4j-0.10.9.9-src.zip/py4j/java_gateway.py", line 1627, in __call__
[2025-08-10T10:00:20.480+0000] {spark_submit.py:579} INFO - File "/home/***/.local/lib/python3.10/site-packages/pyspark/python/lib/py4j-0.10.9.9-src.zip/py4j/protocol.py", line 327, in get_return_value
[2025-08-10T10:00:20.481+0000] {spark_submit.py:579} INFO - py4j.protocol.Py4JJavaError: An error occurred while calling None.org.apache.spark.sql.classic.SparkSession.
[2025-08-10T10:00:20.482+0000] {spark_submit.py:579} INFO - : java.lang.IllegalStateException: Cannot call methods on a stopped SparkContext.
[2025-08-10T10:00:20.482+0000] {spark_submit.py:579} INFO - This stopped SparkContext was created at:
[2025-08-10T10:00:20.482+0000] {spark_submit.py:579} INFO - 
[2025-08-10T10:00:20.483+0000] {spark_submit.py:579} INFO - org.apache.spark.api.java.JavaSparkContext.<init>(JavaSparkContext.scala:59)
[2025-08-10T10:00:20.483+0000] {spark_submit.py:579} INFO - java.base/jdk.internal.reflect.NativeConstructorAccessorImpl.newInstance0(Native Method)
[2025-08-10T10:00:20.483+0000] {spark_submit.py:579} INFO - java.base/jdk.internal.reflect.NativeConstructorAccessorImpl.newInstance(NativeConstructorAccessorImpl.java:77)
[2025-08-10T10:00:20.483+0000] {spark_submit.py:579} INFO - java.base/jdk.internal.reflect.DelegatingConstructorAccessorImpl.newInstance(DelegatingConstructorAccessorImpl.java:45)
[2025-08-10T10:00:20.484+0000] {spark_submit.py:579} INFO - java.base/java.lang.reflect.Constructor.newInstanceWithCaller(Constructor.java:500)
[2025-08-10T10:00:20.484+0000] {spark_submit.py:579} INFO - java.base/java.lang.reflect.Constructor.newInstance(Constructor.java:481)
[2025-08-10T10:00:20.484+0000] {spark_submit.py:579} INFO - py4j.reflection.MethodInvoker.invoke(MethodInvoker.java:247)
[2025-08-10T10:00:20.484+0000] {spark_submit.py:579} INFO - py4j.reflection.ReflectionEngine.invoke(ReflectionEngine.java:374)
[2025-08-10T10:00:20.484+0000] {spark_submit.py:579} INFO - py4j.Gateway.invoke(Gateway.java:238)
[2025-08-10T10:00:20.485+0000] {spark_submit.py:579} INFO - py4j.commands.ConstructorCommand.invokeConstructor(ConstructorCommand.java:80)
[2025-08-10T10:00:20.485+0000] {spark_submit.py:579} INFO - py4j.commands.ConstructorCommand.execute(ConstructorCommand.java:69)
[2025-08-10T10:00:20.485+0000] {spark_submit.py:579} INFO - py4j.ClientServerConnection.waitForCommands(ClientServerConnection.java:184)
[2025-08-10T10:00:20.485+0000] {spark_submit.py:579} INFO - py4j.ClientServerConnection.run(ClientServerConnection.java:108)
[2025-08-10T10:00:20.485+0000] {spark_submit.py:579} INFO - java.base/java.lang.Thread.run(Thread.java:840)
[2025-08-10T10:00:20.486+0000] {spark_submit.py:579} INFO - 
[2025-08-10T10:00:20.486+0000] {spark_submit.py:579} INFO - And it was stopped at:
[2025-08-10T10:00:20.486+0000] {spark_submit.py:579} INFO - 
[2025-08-10T10:00:20.486+0000] {spark_submit.py:579} INFO - org.apache.spark.SparkContext$$anon$3.run(SparkContext.scala:2284)
[2025-08-10T10:00:20.487+0000] {spark_submit.py:579} INFO - 
[2025-08-10T10:00:20.487+0000] {spark_submit.py:579} INFO - The currently active SparkContext was created at:
[2025-08-10T10:00:20.487+0000] {spark_submit.py:579} INFO - 
[2025-08-10T10:00:20.487+0000] {spark_submit.py:579} INFO - (No active SparkContext.)
[2025-08-10T10:00:20.487+0000] {spark_submit.py:579} INFO - 
[2025-08-10T10:00:20.488+0000] {spark_submit.py:579} INFO - at org.apache.spark.SparkContext.assertNotStopped(SparkContext.scala:128)
[2025-08-10T10:00:20.488+0000] {spark_submit.py:579} INFO - at org.apache.spark.sql.classic.SparkSession.<init>(SparkSession.scala:124)
[2025-08-10T10:00:20.488+0000] {spark_submit.py:579} INFO - at org.apache.spark.sql.classic.SparkSession.<init>(SparkSession.scala:117)
[2025-08-10T10:00:20.488+0000] {spark_submit.py:579} INFO - at java.base/jdk.internal.reflect.NativeConstructorAccessorImpl.newInstance0(Native Method)
[2025-08-10T10:00:20.488+0000] {spark_submit.py:579} INFO - at java.base/jdk.internal.reflect.NativeConstructorAccessorImpl.newInstance(NativeConstructorAccessorImpl.java:77)
[2025-08-10T10:00:20.489+0000] {spark_submit.py:579} INFO - at java.base/jdk.internal.reflect.DelegatingConstructorAccessorImpl.newInstance(DelegatingConstructorAccessorImpl.java:45)
[2025-08-10T10:00:20.489+0000] {spark_submit.py:579} INFO - at java.base/java.lang.reflect.Constructor.newInstanceWithCaller(Constructor.java:500)
[2025-08-10T10:00:20.489+0000] {spark_submit.py:579} INFO - at java.base/java.lang.reflect.Constructor.newInstance(Constructor.java:481)
[2025-08-10T10:00:20.489+0000] {spark_submit.py:579} INFO - at py4j.reflection.MethodInvoker.invoke(MethodInvoker.java:247)
[2025-08-10T10:00:20.489+0000] {spark_submit.py:579} INFO - at py4j.reflection.ReflectionEngine.invoke(ReflectionEngine.java:374)
[2025-08-10T10:00:20.489+0000] {spark_submit.py:579} INFO - at py4j.Gateway.invoke(Gateway.java:238)
[2025-08-10T10:00:20.490+0000] {spark_submit.py:579} INFO - at py4j.commands.ConstructorCommand.invokeConstructor(ConstructorCommand.java:80)
[2025-08-10T10:00:20.490+0000] {spark_submit.py:579} INFO - at py4j.commands.ConstructorCommand.execute(ConstructorCommand.java:69)
[2025-08-10T10:00:20.490+0000] {spark_submit.py:579} INFO - at py4j.ClientServerConnection.waitForCommands(ClientServerConnection.java:184)
[2025-08-10T10:00:20.490+0000] {spark_submit.py:579} INFO - at py4j.ClientServerConnection.run(ClientServerConnection.java:108)
[2025-08-10T10:00:20.490+0000] {spark_submit.py:579} INFO - at java.base/java.lang.Thread.run(Thread.java:840)
[2025-08-10T10:00:20.491+0000] {spark_submit.py:579} INFO - 
[2025-08-10T10:00:20.569+0000] {spark_submit.py:579} INFO - 25/08/10 10:00:20 INFO ShutdownHookManager: Shutdown hook called
[2025-08-10T10:00:20.571+0000] {spark_submit.py:579} INFO - 25/08/10 10:00:20 INFO ShutdownHookManager: Deleting directory /tmp/spark-f5064022-aa17-45f2-ad63-a5d4237625fa
[2025-08-10T10:00:20.579+0000] {spark_submit.py:579} INFO - 25/08/10 10:00:20 INFO ShutdownHookManager: Deleting directory /tmp/spark-577337c1-9d54-45ef-87c4-93f9514111b6
[2025-08-10T10:00:20.591+0000] {spark_submit.py:579} INFO - 25/08/10 10:00:20 INFO ShutdownHookManager: Deleting directory /tmp/spark-577337c1-9d54-45ef-87c4-93f9514111b6/pyspark-470b51c0-bb18-437b-9ac0-2b1d6248d26a
[2025-08-10T10:00:20.643+0000] {taskinstance.py:1935} ERROR - Task failed with exception
Traceback (most recent call last):
  File "/home/airflow/.local/lib/python3.10/site-packages/airflow/providers/apache/spark/operators/spark_submit.py", line 174, in execute
    self._hook.submit(self.application)
  File "/home/airflow/.local/lib/python3.10/site-packages/airflow/providers/apache/spark/hooks/spark_submit.py", line 505, in submit
    raise AirflowException(
airflow.exceptions.AirflowException: Cannot execute: spark-submit --master spark://spark-master-1:7077 --name arrow-spark --deploy-mode client jobs/python/wordcountjob.py. Error code is: 1.
[2025-08-10T10:00:20.646+0000] {taskinstance.py:1398} INFO - Marking task as FAILED. dag_id=sparking_flow, task_id=python_job, execution_date=20250810T095911, start_date=20250810T095914, end_date=20250810T100020
[2025-08-10T10:00:20.657+0000] {standard_task_runner.py:104} ERROR - Failed to execute job 7 for task python_job (Cannot execute: spark-submit --master spark://spark-master-1:7077 --name arrow-spark --deploy-mode client jobs/python/wordcountjob.py. Error code is: 1.; 624)
[2025-08-10T10:00:20.691+0000] {local_task_job_runner.py:228} INFO - Task exited with return code 1
[2025-08-10T10:00:20.718+0000] {taskinstance.py:2776} INFO - 0 downstream tasks scheduled from follow-on schedule check
