[2025-08-17T22:25:09.982+0000] {taskinstance.py:1157} INFO - Dependencies all met for dep_context=non-requeueable deps ti=<TaskInstance: sparking_flow.python_job scheduled__2025-08-16T00:00:00+00:00 [queued]>
[2025-08-17T22:25:09.989+0000] {taskinstance.py:1157} INFO - Dependencies all met for dep_context=requeueable deps ti=<TaskInstance: sparking_flow.python_job scheduled__2025-08-16T00:00:00+00:00 [queued]>
[2025-08-17T22:25:09.990+0000] {taskinstance.py:1359} INFO - Starting attempt 1 of 1
[2025-08-17T22:25:10.002+0000] {taskinstance.py:1380} INFO - Executing <Task(SparkSubmitOperator): python_job> on 2025-08-16 00:00:00+00:00
[2025-08-17T22:25:10.008+0000] {standard_task_runner.py:57} INFO - Started process 189 to run task
[2025-08-17T22:25:10.011+0000] {standard_task_runner.py:84} INFO - Running: ['***', 'tasks', 'run', 'sparking_flow', 'python_job', 'scheduled__2025-08-16T00:00:00+00:00', '--job-id', '24', '--raw', '--subdir', 'DAGS_FOLDER/spark_***.py', '--cfg-path', '/tmp/tmpyfatjul0']
[2025-08-17T22:25:10.014+0000] {standard_task_runner.py:85} INFO - Job 24: Subtask python_job
[2025-08-17T22:25:10.081+0000] {task_command.py:415} INFO - Running <TaskInstance: sparking_flow.python_job scheduled__2025-08-16T00:00:00+00:00 [running]> on host 81b7fe425a18
[2025-08-17T22:25:10.169+0000] {taskinstance.py:1660} INFO - Exporting env vars: AIRFLOW_CTX_DAG_OWNER='Yusuf Ganiyu' AIRFLOW_CTX_DAG_ID='sparking_flow' AIRFLOW_CTX_TASK_ID='python_job' AIRFLOW_CTX_EXECUTION_DATE='2025-08-16T00:00:00+00:00' AIRFLOW_CTX_TRY_NUMBER='1' AIRFLOW_CTX_DAG_RUN_ID='scheduled__2025-08-16T00:00:00+00:00'
[2025-08-17T22:25:10.180+0000] {base.py:73} INFO - Using connection ID 'spark-conn' for task execution.
[2025-08-17T22:25:10.182+0000] {spark_submit.py:403} INFO - Spark-Submit cmd: spark-submit --master spark://spark-master:7077 --jars /opt/spark/external-jars/apache-spark-sql-connector.jar --name arrow-spark --deploy-mode client jobs/python/wordcountjob.py
[2025-08-17T22:25:10.772+0000] {spark_submit.py:579} INFO - WARNING: Using incubator modules: jdk.incubator.vector
[2025-08-17T22:25:12.376+0000] {spark_submit.py:579} INFO - 25/08/17 22:25:12 WARN NativeCodeLoader: Unable to load native-hadoop library for your platform... using builtin-java classes where applicable
[2025-08-17T22:25:15.156+0000] {spark_submit.py:579} INFO - Using Spark's default log4j profile: org/apache/spark/log4j2-defaults.properties
[2025-08-17T22:25:15.162+0000] {spark_submit.py:579} INFO - 25/08/17 22:25:15 INFO SparkContext: Running Spark version 4.0.0
[2025-08-17T22:25:15.164+0000] {spark_submit.py:579} INFO - 25/08/17 22:25:15 INFO SparkContext: OS info Linux, 6.6.87.2-microsoft-standard-WSL2, amd64
[2025-08-17T22:25:15.164+0000] {spark_submit.py:579} INFO - 25/08/17 22:25:15 INFO SparkContext: Java version 17.0.15
[2025-08-17T22:25:15.189+0000] {spark_submit.py:579} INFO - 25/08/17 22:25:15 INFO ResourceUtils: ==============================================================
[2025-08-17T22:25:15.190+0000] {spark_submit.py:579} INFO - 25/08/17 22:25:15 INFO ResourceUtils: No custom resources configured for spark.driver.
[2025-08-17T22:25:15.190+0000] {spark_submit.py:579} INFO - 25/08/17 22:25:15 INFO ResourceUtils: ==============================================================
[2025-08-17T22:25:15.191+0000] {spark_submit.py:579} INFO - 25/08/17 22:25:15 INFO SparkContext: Submitted application: PythonWordCount
[2025-08-17T22:25:15.214+0000] {spark_submit.py:579} INFO - 25/08/17 22:25:15 INFO ResourceProfile: Default ResourceProfile created, executor resources: Map(memory -> name: memory, amount: 1024, script: , vendor: , offHeap -> name: offHeap, amount: 0, script: , vendor: ), task resources: Map(cpus -> name: cpus, amount: 1.0)
[2025-08-17T22:25:15.217+0000] {spark_submit.py:579} INFO - 25/08/17 22:25:15 INFO ResourceProfile: Limiting resource is cpu
[2025-08-17T22:25:15.218+0000] {spark_submit.py:579} INFO - 25/08/17 22:25:15 INFO ResourceProfileManager: Added ResourceProfile id: 0
[2025-08-17T22:25:15.276+0000] {spark_submit.py:579} INFO - 25/08/17 22:25:15 INFO SecurityManager: Changing view acls to: ***
[2025-08-17T22:25:15.277+0000] {spark_submit.py:579} INFO - 25/08/17 22:25:15 INFO SecurityManager: Changing modify acls to: ***
[2025-08-17T22:25:15.278+0000] {spark_submit.py:579} INFO - 25/08/17 22:25:15 INFO SecurityManager: Changing view acls groups to: ***
[2025-08-17T22:25:15.278+0000] {spark_submit.py:579} INFO - 25/08/17 22:25:15 INFO SecurityManager: Changing modify acls groups to: ***
[2025-08-17T22:25:15.281+0000] {spark_submit.py:579} INFO - 25/08/17 22:25:15 INFO SecurityManager: SecurityManager: authentication disabled; ui acls disabled; users with view permissions: *** groups with view permissions: EMPTY; users with modify permissions: ***; groups with modify permissions: EMPTY; RPC SSL disabled
[2025-08-17T22:25:15.602+0000] {spark_submit.py:579} INFO - 25/08/17 22:25:15 INFO Utils: Successfully started service 'sparkDriver' on port 38551.
[2025-08-17T22:25:15.638+0000] {spark_submit.py:579} INFO - 25/08/17 22:25:15 INFO SparkEnv: Registering MapOutputTracker
[2025-08-17T22:25:15.650+0000] {spark_submit.py:579} INFO - 25/08/17 22:25:15 INFO SparkEnv: Registering BlockManagerMaster
[2025-08-17T22:25:15.673+0000] {spark_submit.py:579} INFO - 25/08/17 22:25:15 INFO BlockManagerMasterEndpoint: Using org.apache.spark.storage.DefaultTopologyMapper for getting topology information
[2025-08-17T22:25:15.674+0000] {spark_submit.py:579} INFO - 25/08/17 22:25:15 INFO BlockManagerMasterEndpoint: BlockManagerMasterEndpoint up
[2025-08-17T22:25:15.678+0000] {spark_submit.py:579} INFO - 25/08/17 22:25:15 INFO SparkEnv: Registering BlockManagerMasterHeartbeat
[2025-08-17T22:25:15.711+0000] {spark_submit.py:579} INFO - 25/08/17 22:25:15 INFO DiskBlockManager: Created local directory at /tmp/blockmgr-af044b72-1d31-4d59-957f-356cd012f6ea
[2025-08-17T22:25:15.736+0000] {spark_submit.py:579} INFO - 25/08/17 22:25:15 INFO SparkEnv: Registering OutputCommitCoordinator
[2025-08-17T22:25:15.891+0000] {spark_submit.py:579} INFO - 25/08/17 22:25:15 INFO JettyUtils: Start Jetty 0.0.0.0:4040 for SparkUI
[2025-08-17T22:25:15.952+0000] {spark_submit.py:579} INFO - 25/08/17 22:25:15 INFO Utils: Successfully started service 'SparkUI' on port 4040.
[2025-08-17T22:25:15.985+0000] {spark_submit.py:579} INFO - 25/08/17 22:25:15 INFO SparkContext: Added JAR file:///opt/spark/external-jars/apache-spark-sql-connector.jar at spark://81b7fe425a18:38551/jars/apache-spark-sql-connector.jar with timestamp 1755469515149
[2025-08-17T22:25:16.002+0000] {spark_submit.py:579} INFO - 25/08/17 22:25:16 INFO SecurityManager: Changing view acls to: ***
[2025-08-17T22:25:16.003+0000] {spark_submit.py:579} INFO - 25/08/17 22:25:16 INFO SecurityManager: Changing modify acls to: ***
[2025-08-17T22:25:16.003+0000] {spark_submit.py:579} INFO - 25/08/17 22:25:16 INFO SecurityManager: Changing view acls groups to: ***
[2025-08-17T22:25:16.004+0000] {spark_submit.py:579} INFO - 25/08/17 22:25:16 INFO SecurityManager: Changing modify acls groups to: ***
[2025-08-17T22:25:16.004+0000] {spark_submit.py:579} INFO - 25/08/17 22:25:16 INFO SecurityManager: SecurityManager: authentication disabled; ui acls disabled; users with view permissions: *** groups with view permissions: EMPTY; users with modify permissions: ***; groups with modify permissions: EMPTY; RPC SSL disabled
[2025-08-17T22:25:16.146+0000] {spark_submit.py:579} INFO - 25/08/17 22:25:16 INFO StandaloneAppClient$ClientEndpoint: Connecting to master spark://spark-master:7077...
[2025-08-17T22:25:16.187+0000] {spark_submit.py:579} INFO - 25/08/17 22:25:16 INFO TransportClientFactory: Successfully created connection to spark-master/172.18.0.3:7077 after 21 ms (0 ms spent in bootstraps)
[2025-08-17T22:25:16.276+0000] {spark_submit.py:579} INFO - 25/08/17 22:25:16 INFO StandaloneSchedulerBackend: Connected to Spark cluster with app ID app-20250817222516-0000
[2025-08-17T22:25:16.284+0000] {spark_submit.py:579} INFO - 25/08/17 22:25:16 INFO Utils: Successfully started service 'org.apache.spark.network.netty.NettyBlockTransferService' on port 33219.
[2025-08-17T22:25:16.285+0000] {spark_submit.py:579} INFO - 25/08/17 22:25:16 INFO NettyBlockTransferService: Server created on 81b7fe425a18:33219
[2025-08-17T22:25:16.286+0000] {spark_submit.py:579} INFO - 25/08/17 22:25:16 INFO BlockManager: Using org.apache.spark.storage.RandomBlockReplicationPolicy for block replication policy
[2025-08-17T22:25:16.304+0000] {spark_submit.py:579} INFO - 25/08/17 22:25:16 INFO BlockManagerMaster: Registering BlockManager BlockManagerId(driver, 81b7fe425a18, 33219, None)
[2025-08-17T22:25:16.312+0000] {spark_submit.py:579} INFO - 25/08/17 22:25:16 INFO BlockManagerMasterEndpoint: Registering block manager 81b7fe425a18:33219 with 434.4 MiB RAM, BlockManagerId(driver, 81b7fe425a18, 33219, None)
[2025-08-17T22:25:16.315+0000] {spark_submit.py:579} INFO - 25/08/17 22:25:16 INFO BlockManagerMaster: Registered BlockManager BlockManagerId(driver, 81b7fe425a18, 33219, None)
[2025-08-17T22:25:16.315+0000] {spark_submit.py:579} INFO - 25/08/17 22:25:16 INFO StandaloneAppClient$ClientEndpoint: Executor added: app-20250817222516-0000/0 on worker-20250817222455-172.18.0.5-41259 (172.18.0.5:41259) with 2 core(s)
[2025-08-17T22:25:16.316+0000] {spark_submit.py:579} INFO - 25/08/17 22:25:16 INFO BlockManager: Initialized BlockManager: BlockManagerId(driver, 81b7fe425a18, 33219, None)
[2025-08-17T22:25:16.317+0000] {spark_submit.py:579} INFO - 25/08/17 22:25:16 INFO StandaloneSchedulerBackend: Granted executor ID app-20250817222516-0000/0 on hostPort 172.18.0.5:41259 with 2 core(s), 1024.0 MiB RAM
[2025-08-17T22:25:16.456+0000] {spark_submit.py:579} INFO - 25/08/17 22:25:16 INFO StandaloneAppClient$ClientEndpoint: Executor updated: app-20250817222516-0000/0 is now RUNNING
[2025-08-17T22:25:16.462+0000] {spark_submit.py:579} INFO - 25/08/17 22:25:16 INFO StandaloneSchedulerBackend: SchedulerBackend is ready for scheduling beginning after reached minRegisteredResourcesRatio: 0.0
[2025-08-17T22:25:18.425+0000] {spark_submit.py:579} INFO - 25/08/17 22:25:18 INFO StandaloneSchedulerBackend$StandaloneDriverEndpoint: Registered executor NettyRpcEndpointRef(spark-client://Executor) (172.18.0.5:47678) with ID 0, ResourceProfileId 0
[2025-08-17T22:25:18.565+0000] {spark_submit.py:579} INFO - 25/08/17 22:25:18 INFO BlockManagerMasterEndpoint: Registering block manager 172.18.0.5:41769 with 434.4 MiB RAM, BlockManagerId(0, 172.18.0.5, 41769, None)
[2025-08-17T22:25:21.178+0000] {spark_submit.py:579} INFO - dict_keys(['daily', 'daily960', 'live_rapid', 'live_blitz', 'live_bullet', 'live_bughouse', 'live_blitz960', 'live_threecheck', 'live_crazyhouse', 'live_kingofthehill', 'tactics', 'rush', 'battle'])
[2025-08-17T22:25:21.805+0000] {spark_submit.py:579} INFO - 25/08/17 22:25:21 INFO SharedState: Setting hive.metastore.warehouse.dir ('null') to the value of spark.sql.warehouse.dir.
[2025-08-17T22:25:21.807+0000] {spark_submit.py:579} INFO - 25/08/17 22:25:21 INFO SharedState: Warehouse path is 'file:/opt/***/spark-warehouse'.
[2025-08-17T22:25:38.267+0000] {spark_submit.py:579} INFO - Traceback (most recent call last):
[2025-08-17T22:25:38.267+0000] {spark_submit.py:579} INFO - File "/opt/***/jobs/python/wordcountjob.py", line 199, in <module>
[2025-08-17T22:25:38.270+0000] {spark_submit.py:579} INFO - write_data(daily,"daily")
[2025-08-17T22:25:38.270+0000] {spark_submit.py:579} INFO - File "/opt/***/jobs/python/wordcountjob.py", line 195, in write_data
[2025-08-17T22:25:38.272+0000] {spark_submit.py:579} INFO - df.write.mode("overwrite").jdbc(url=jdbc_url, table=f"dbo.{table}", properties=properties)
[2025-08-17T22:25:38.273+0000] {spark_submit.py:579} INFO - File "/home/***/.local/lib/python3.10/site-packages/pyspark/python/lib/pyspark.zip/pyspark/sql/readwriter.py", line 2347, in jdbc
[2025-08-17T22:25:38.273+0000] {spark_submit.py:579} INFO - File "/home/***/.local/lib/python3.10/site-packages/pyspark/python/lib/py4j-0.10.9.9-src.zip/py4j/java_gateway.py", line 1362, in __call__
[2025-08-17T22:25:38.274+0000] {spark_submit.py:579} INFO - File "/home/***/.local/lib/python3.10/site-packages/pyspark/python/lib/pyspark.zip/pyspark/errors/exceptions/captured.py", line 282, in deco
[2025-08-17T22:25:38.275+0000] {spark_submit.py:579} INFO - File "/home/***/.local/lib/python3.10/site-packages/pyspark/python/lib/py4j-0.10.9.9-src.zip/py4j/protocol.py", line 327, in get_return_value
[2025-08-17T22:25:38.318+0000] {spark_submit.py:579} INFO - py4j.protocol.Py4JJavaError: An error occurred while calling o322.jdbc.
[2025-08-17T22:25:38.319+0000] {spark_submit.py:579} INFO - : com.microsoft.sqlserver.jdbc.SQLServerException: The TCP/IP connection to the host host.docker.internal, port 1433 has failed. Error: "Connection refused. Verify the connection properties. Make sure that an instance of SQL Server is running on the host and accepting TCP/IP connections at the port. Make sure that TCP connections to the port are not blocked by a firewall.".
[2025-08-17T22:25:38.319+0000] {spark_submit.py:579} INFO - at com.microsoft.sqlserver.jdbc.SQLServerException.makeFromDriverError(SQLServerException.java:228)
[2025-08-17T22:25:38.320+0000] {spark_submit.py:579} INFO - at com.microsoft.sqlserver.jdbc.SQLServerException.ConvertConnectExceptionToSQLServerException(SQLServerException.java:279)
[2025-08-17T22:25:38.320+0000] {spark_submit.py:579} INFO - at com.microsoft.sqlserver.jdbc.SocketFinder.findSocket(IOBuffer.java:2431)
[2025-08-17T22:25:38.320+0000] {spark_submit.py:579} INFO - at com.microsoft.sqlserver.jdbc.TDSChannel.open(IOBuffer.java:656)
[2025-08-17T22:25:38.321+0000] {spark_submit.py:579} INFO - at com.microsoft.sqlserver.jdbc.SQLServerConnection.connectHelper(SQLServerConnection.java:2440)
[2025-08-17T22:25:38.321+0000] {spark_submit.py:579} INFO - at com.microsoft.sqlserver.jdbc.SQLServerConnection.login(SQLServerConnection.java:2103)
[2025-08-17T22:25:38.322+0000] {spark_submit.py:579} INFO - at com.microsoft.sqlserver.jdbc.SQLServerConnection.connectInternal(SQLServerConnection.java:1950)
[2025-08-17T22:25:38.322+0000] {spark_submit.py:579} INFO - at com.microsoft.sqlserver.jdbc.SQLServerConnection.connect(SQLServerConnection.java:1162)
[2025-08-17T22:25:38.322+0000] {spark_submit.py:579} INFO - at com.microsoft.sqlserver.jdbc.SQLServerDriver.connect(SQLServerDriver.java:735)
[2025-08-17T22:25:38.323+0000] {spark_submit.py:579} INFO - at org.apache.spark.sql.execution.datasources.jdbc.connection.BasicConnectionProvider.getConnection(BasicConnectionProvider.scala:50)
[2025-08-17T22:25:38.323+0000] {spark_submit.py:579} INFO - at org.apache.spark.sql.execution.datasources.jdbc.connection.ConnectionProviderBase.create(ConnectionProvider.scala:102)
[2025-08-17T22:25:38.323+0000] {spark_submit.py:579} INFO - at org.apache.spark.sql.jdbc.JdbcDialect.$anonfun$createConnectionFactory$1(JdbcDialects.scala:235)
[2025-08-17T22:25:38.324+0000] {spark_submit.py:579} INFO - at org.apache.spark.sql.jdbc.JdbcDialect.$anonfun$createConnectionFactory$1$adapted(JdbcDialects.scala:231)
[2025-08-17T22:25:38.324+0000] {spark_submit.py:579} INFO - at org.apache.spark.sql.execution.datasources.jdbc.JdbcRelationProvider.createRelation(JdbcRelationProvider.scala:51)
[2025-08-17T22:25:38.324+0000] {spark_submit.py:579} INFO - at org.apache.spark.sql.execution.datasources.SaveIntoDataSourceCommand.run(SaveIntoDataSourceCommand.scala:55)
[2025-08-17T22:25:38.325+0000] {spark_submit.py:579} INFO - at org.apache.spark.sql.execution.command.ExecutedCommandExec.sideEffectResult$lzycompute(commands.scala:79)
[2025-08-17T22:25:38.325+0000] {spark_submit.py:579} INFO - at org.apache.spark.sql.execution.command.ExecutedCommandExec.sideEffectResult(commands.scala:77)
[2025-08-17T22:25:38.325+0000] {spark_submit.py:579} INFO - at org.apache.spark.sql.execution.command.ExecutedCommandExec.executeCollect(commands.scala:88)
[2025-08-17T22:25:38.325+0000] {spark_submit.py:579} INFO - at org.apache.spark.sql.execution.QueryExecution.$anonfun$eagerlyExecuteCommands$2(QueryExecution.scala:155)
[2025-08-17T22:25:38.326+0000] {spark_submit.py:579} INFO - at org.apache.spark.sql.execution.SQLExecution$.$anonfun$withNewExecutionId0$8(SQLExecution.scala:162)
[2025-08-17T22:25:38.326+0000] {spark_submit.py:579} INFO - at org.apache.spark.sql.execution.SQLExecution$.withSessionTagsApplied(SQLExecution.scala:268)
[2025-08-17T22:25:38.326+0000] {spark_submit.py:579} INFO - at org.apache.spark.sql.execution.SQLExecution$.$anonfun$withNewExecutionId0$7(SQLExecution.scala:124)
[2025-08-17T22:25:38.327+0000] {spark_submit.py:579} INFO - at org.apache.spark.JobArtifactSet$.withActiveJobArtifactState(JobArtifactSet.scala:94)
[2025-08-17T22:25:38.327+0000] {spark_submit.py:579} INFO - at org.apache.spark.sql.artifact.ArtifactManager.$anonfun$withResources$1(ArtifactManager.scala:112)
[2025-08-17T22:25:38.327+0000] {spark_submit.py:579} INFO - at org.apache.spark.sql.artifact.ArtifactManager.withClassLoaderIfNeeded(ArtifactManager.scala:106)
[2025-08-17T22:25:38.328+0000] {spark_submit.py:579} INFO - at org.apache.spark.sql.artifact.ArtifactManager.withResources(ArtifactManager.scala:111)
[2025-08-17T22:25:38.328+0000] {spark_submit.py:579} INFO - at org.apache.spark.sql.execution.SQLExecution$.$anonfun$withNewExecutionId0$6(SQLExecution.scala:124)
[2025-08-17T22:25:38.328+0000] {spark_submit.py:579} INFO - at org.apache.spark.sql.execution.SQLExecution$.withSQLConfPropagated(SQLExecution.scala:291)
[2025-08-17T22:25:38.329+0000] {spark_submit.py:579} INFO - at org.apache.spark.sql.execution.SQLExecution$.$anonfun$withNewExecutionId0$1(SQLExecution.scala:123)
[2025-08-17T22:25:38.329+0000] {spark_submit.py:579} INFO - at org.apache.spark.sql.SparkSession.withActive(SparkSession.scala:804)
[2025-08-17T22:25:38.329+0000] {spark_submit.py:579} INFO - at org.apache.spark.sql.execution.SQLExecution$.withNewExecutionId0(SQLExecution.scala:77)
[2025-08-17T22:25:38.329+0000] {spark_submit.py:579} INFO - at org.apache.spark.sql.execution.SQLExecution$.withNewExecutionId(SQLExecution.scala:233)
[2025-08-17T22:25:38.330+0000] {spark_submit.py:579} INFO - at org.apache.spark.sql.execution.QueryExecution.$anonfun$eagerlyExecuteCommands$1(QueryExecution.scala:155)
[2025-08-17T22:25:38.330+0000] {spark_submit.py:579} INFO - at org.apache.spark.sql.execution.QueryExecution$.withInternalError(QueryExecution.scala:654)
[2025-08-17T22:25:38.330+0000] {spark_submit.py:579} INFO - at org.apache.spark.sql.execution.QueryExecution.org$apache$spark$sql$execution$QueryExecution$$eagerlyExecute$1(QueryExecution.scala:154)
[2025-08-17T22:25:38.330+0000] {spark_submit.py:579} INFO - at org.apache.spark.sql.execution.QueryExecution$$anonfun$eagerlyExecuteCommands$3.applyOrElse(QueryExecution.scala:169)
[2025-08-17T22:25:38.331+0000] {spark_submit.py:579} INFO - at org.apache.spark.sql.execution.QueryExecution$$anonfun$eagerlyExecuteCommands$3.applyOrElse(QueryExecution.scala:164)
[2025-08-17T22:25:38.331+0000] {spark_submit.py:579} INFO - at org.apache.spark.sql.catalyst.trees.TreeNode.$anonfun$transformDownWithPruning$1(TreeNode.scala:470)
[2025-08-17T22:25:38.331+0000] {spark_submit.py:579} INFO - at org.apache.spark.sql.catalyst.trees.CurrentOrigin$.withOrigin(origin.scala:86)
[2025-08-17T22:25:38.331+0000] {spark_submit.py:579} INFO - at org.apache.spark.sql.catalyst.trees.TreeNode.transformDownWithPruning(TreeNode.scala:470)
[2025-08-17T22:25:38.331+0000] {spark_submit.py:579} INFO - at org.apache.spark.sql.catalyst.plans.logical.LogicalPlan.org$apache$spark$sql$catalyst$plans$logical$AnalysisHelper$$super$transformDownWithPruning(LogicalPlan.scala:37)
[2025-08-17T22:25:38.331+0000] {spark_submit.py:579} INFO - at org.apache.spark.sql.catalyst.plans.logical.AnalysisHelper.transformDownWithPruning(AnalysisHelper.scala:360)
[2025-08-17T22:25:38.332+0000] {spark_submit.py:579} INFO - at org.apache.spark.sql.catalyst.plans.logical.AnalysisHelper.transformDownWithPruning$(AnalysisHelper.scala:356)
[2025-08-17T22:25:38.332+0000] {spark_submit.py:579} INFO - at org.apache.spark.sql.catalyst.plans.logical.LogicalPlan.transformDownWithPruning(LogicalPlan.scala:37)
[2025-08-17T22:25:38.332+0000] {spark_submit.py:579} INFO - at org.apache.spark.sql.catalyst.plans.logical.LogicalPlan.transformDownWithPruning(LogicalPlan.scala:37)
[2025-08-17T22:25:38.332+0000] {spark_submit.py:579} INFO - at org.apache.spark.sql.catalyst.trees.TreeNode.transformDown(TreeNode.scala:446)
[2025-08-17T22:25:38.333+0000] {spark_submit.py:579} INFO - at org.apache.spark.sql.execution.QueryExecution.eagerlyExecuteCommands(QueryExecution.scala:164)
[2025-08-17T22:25:38.333+0000] {spark_submit.py:579} INFO - at org.apache.spark.sql.execution.QueryExecution.$anonfun$lazyCommandExecuted$1(QueryExecution.scala:126)
[2025-08-17T22:25:38.333+0000] {spark_submit.py:579} INFO - at scala.util.Try$.apply(Try.scala:217)
[2025-08-17T22:25:38.333+0000] {spark_submit.py:579} INFO - at org.apache.spark.util.Utils$.doTryWithCallerStacktrace(Utils.scala:1378)
[2025-08-17T22:25:38.333+0000] {spark_submit.py:579} INFO - at org.apache.spark.util.Utils$.getTryWithCallerStacktrace(Utils.scala:1439)
[2025-08-17T22:25:38.333+0000] {spark_submit.py:579} INFO - at org.apache.spark.util.LazyTry.get(LazyTry.scala:58)
[2025-08-17T22:25:38.334+0000] {spark_submit.py:579} INFO - at org.apache.spark.sql.execution.QueryExecution.commandExecuted(QueryExecution.scala:131)
[2025-08-17T22:25:38.334+0000] {spark_submit.py:579} INFO - at org.apache.spark.sql.execution.QueryExecution.assertCommandExecuted(QueryExecution.scala:192)
[2025-08-17T22:25:38.334+0000] {spark_submit.py:579} INFO - at org.apache.spark.sql.classic.DataFrameWriter.runCommand(DataFrameWriter.scala:622)
[2025-08-17T22:25:38.335+0000] {spark_submit.py:579} INFO - at org.apache.spark.sql.classic.DataFrameWriter.saveToV1Source(DataFrameWriter.scala:273)
[2025-08-17T22:25:38.335+0000] {spark_submit.py:579} INFO - at org.apache.spark.sql.classic.DataFrameWriter.saveInternal(DataFrameWriter.scala:241)
[2025-08-17T22:25:38.335+0000] {spark_submit.py:579} INFO - at org.apache.spark.sql.classic.DataFrameWriter.save(DataFrameWriter.scala:126)
[2025-08-17T22:25:38.335+0000] {spark_submit.py:579} INFO - at org.apache.spark.sql.DataFrameWriter.jdbc(DataFrameWriter.scala:334)
[2025-08-17T22:25:38.336+0000] {spark_submit.py:579} INFO - at java.base/jdk.internal.reflect.NativeMethodAccessorImpl.invoke0(Native Method)
[2025-08-17T22:25:38.336+0000] {spark_submit.py:579} INFO - at java.base/jdk.internal.reflect.NativeMethodAccessorImpl.invoke(NativeMethodAccessorImpl.java:77)
[2025-08-17T22:25:38.336+0000] {spark_submit.py:579} INFO - at java.base/jdk.internal.reflect.DelegatingMethodAccessorImpl.invoke(DelegatingMethodAccessorImpl.java:43)
[2025-08-17T22:25:38.336+0000] {spark_submit.py:579} INFO - at java.base/java.lang.reflect.Method.invoke(Method.java:569)
[2025-08-17T22:25:38.337+0000] {spark_submit.py:579} INFO - at py4j.reflection.MethodInvoker.invoke(MethodInvoker.java:244)
[2025-08-17T22:25:38.337+0000] {spark_submit.py:579} INFO - at py4j.reflection.ReflectionEngine.invoke(ReflectionEngine.java:374)
[2025-08-17T22:25:38.337+0000] {spark_submit.py:579} INFO - at py4j.Gateway.invoke(Gateway.java:282)
[2025-08-17T22:25:38.337+0000] {spark_submit.py:579} INFO - at py4j.commands.AbstractCommand.invokeMethod(AbstractCommand.java:132)
[2025-08-17T22:25:38.338+0000] {spark_submit.py:579} INFO - at py4j.commands.CallCommand.execute(CallCommand.java:79)
[2025-08-17T22:25:38.338+0000] {spark_submit.py:579} INFO - at py4j.ClientServerConnection.waitForCommands(ClientServerConnection.java:184)
[2025-08-17T22:25:38.338+0000] {spark_submit.py:579} INFO - at py4j.ClientServerConnection.run(ClientServerConnection.java:108)
[2025-08-17T22:25:38.338+0000] {spark_submit.py:579} INFO - at java.base/java.lang.Thread.run(Thread.java:840)
[2025-08-17T22:25:38.338+0000] {spark_submit.py:579} INFO - Suppressed: org.apache.spark.util.Utils$OriginalTryStackTraceException: Full stacktrace of original doTryWithCallerStacktrace caller
[2025-08-17T22:25:38.339+0000] {spark_submit.py:579} INFO - at com.microsoft.sqlserver.jdbc.SQLServerException.makeFromDriverError(SQLServerException.java:228)
[2025-08-17T22:25:38.339+0000] {spark_submit.py:579} INFO - at com.microsoft.sqlserver.jdbc.SQLServerException.ConvertConnectExceptionToSQLServerException(SQLServerException.java:279)
[2025-08-17T22:25:38.339+0000] {spark_submit.py:579} INFO - at com.microsoft.sqlserver.jdbc.SocketFinder.findSocket(IOBuffer.java:2431)
[2025-08-17T22:25:38.339+0000] {spark_submit.py:579} INFO - at com.microsoft.sqlserver.jdbc.TDSChannel.open(IOBuffer.java:656)
[2025-08-17T22:25:38.340+0000] {spark_submit.py:579} INFO - at com.microsoft.sqlserver.jdbc.SQLServerConnection.connectHelper(SQLServerConnection.java:2440)
[2025-08-17T22:25:38.340+0000] {spark_submit.py:579} INFO - at com.microsoft.sqlserver.jdbc.SQLServerConnection.login(SQLServerConnection.java:2103)
[2025-08-17T22:25:38.340+0000] {spark_submit.py:579} INFO - at com.microsoft.sqlserver.jdbc.SQLServerConnection.connectInternal(SQLServerConnection.java:1950)
[2025-08-17T22:25:38.340+0000] {spark_submit.py:579} INFO - at com.microsoft.sqlserver.jdbc.SQLServerConnection.connect(SQLServerConnection.java:1162)
[2025-08-17T22:25:38.340+0000] {spark_submit.py:579} INFO - at com.microsoft.sqlserver.jdbc.SQLServerDriver.connect(SQLServerDriver.java:735)
[2025-08-17T22:25:38.341+0000] {spark_submit.py:579} INFO - at org.apache.spark.sql.execution.datasources.jdbc.connection.BasicConnectionProvider.getConnection(BasicConnectionProvider.scala:50)
[2025-08-17T22:25:38.341+0000] {spark_submit.py:579} INFO - at org.apache.spark.sql.execution.datasources.jdbc.connection.ConnectionProviderBase.create(ConnectionProvider.scala:102)
[2025-08-17T22:25:38.341+0000] {spark_submit.py:579} INFO - at org.apache.spark.sql.jdbc.JdbcDialect.$anonfun$createConnectionFactory$1(JdbcDialects.scala:235)
[2025-08-17T22:25:38.341+0000] {spark_submit.py:579} INFO - at org.apache.spark.sql.jdbc.JdbcDialect.$anonfun$createConnectionFactory$1$adapted(JdbcDialects.scala:231)
[2025-08-17T22:25:38.341+0000] {spark_submit.py:579} INFO - at org.apache.spark.sql.execution.datasources.jdbc.JdbcRelationProvider.createRelation(JdbcRelationProvider.scala:51)
[2025-08-17T22:25:38.342+0000] {spark_submit.py:579} INFO - at org.apache.spark.sql.execution.datasources.SaveIntoDataSourceCommand.run(SaveIntoDataSourceCommand.scala:55)
[2025-08-17T22:25:38.342+0000] {spark_submit.py:579} INFO - at org.apache.spark.sql.execution.command.ExecutedCommandExec.sideEffectResult$lzycompute(commands.scala:79)
[2025-08-17T22:25:38.342+0000] {spark_submit.py:579} INFO - at org.apache.spark.sql.execution.command.ExecutedCommandExec.sideEffectResult(commands.scala:77)
[2025-08-17T22:25:38.342+0000] {spark_submit.py:579} INFO - at org.apache.spark.sql.execution.command.ExecutedCommandExec.executeCollect(commands.scala:88)
[2025-08-17T22:25:38.342+0000] {spark_submit.py:579} INFO - at org.apache.spark.sql.execution.QueryExecution.$anonfun$eagerlyExecuteCommands$2(QueryExecution.scala:155)
[2025-08-17T22:25:38.343+0000] {spark_submit.py:579} INFO - at org.apache.spark.sql.execution.SQLExecution$.$anonfun$withNewExecutionId0$8(SQLExecution.scala:162)
[2025-08-17T22:25:38.343+0000] {spark_submit.py:579} INFO - at org.apache.spark.sql.execution.SQLExecution$.withSessionTagsApplied(SQLExecution.scala:268)
[2025-08-17T22:25:38.343+0000] {spark_submit.py:579} INFO - at org.apache.spark.sql.execution.SQLExecution$.$anonfun$withNewExecutionId0$7(SQLExecution.scala:124)
[2025-08-17T22:25:38.343+0000] {spark_submit.py:579} INFO - at org.apache.spark.JobArtifactSet$.withActiveJobArtifactState(JobArtifactSet.scala:94)
[2025-08-17T22:25:38.343+0000] {spark_submit.py:579} INFO - at org.apache.spark.sql.artifact.ArtifactManager.$anonfun$withResources$1(ArtifactManager.scala:112)
[2025-08-17T22:25:38.344+0000] {spark_submit.py:579} INFO - at org.apache.spark.sql.artifact.ArtifactManager.withClassLoaderIfNeeded(ArtifactManager.scala:106)
[2025-08-17T22:25:38.344+0000] {spark_submit.py:579} INFO - at org.apache.spark.sql.artifact.ArtifactManager.withResources(ArtifactManager.scala:111)
[2025-08-17T22:25:38.344+0000] {spark_submit.py:579} INFO - at org.apache.spark.sql.execution.SQLExecution$.$anonfun$withNewExecutionId0$6(SQLExecution.scala:124)
[2025-08-17T22:25:38.344+0000] {spark_submit.py:579} INFO - at org.apache.spark.sql.execution.SQLExecution$.withSQLConfPropagated(SQLExecution.scala:291)
[2025-08-17T22:25:38.345+0000] {spark_submit.py:579} INFO - at org.apache.spark.sql.execution.SQLExecution$.$anonfun$withNewExecutionId0$1(SQLExecution.scala:123)
[2025-08-17T22:25:38.345+0000] {spark_submit.py:579} INFO - at org.apache.spark.sql.SparkSession.withActive(SparkSession.scala:804)
[2025-08-17T22:25:38.345+0000] {spark_submit.py:579} INFO - at org.apache.spark.sql.execution.SQLExecution$.withNewExecutionId0(SQLExecution.scala:77)
[2025-08-17T22:25:38.345+0000] {spark_submit.py:579} INFO - at org.apache.spark.sql.execution.SQLExecution$.withNewExecutionId(SQLExecution.scala:233)
[2025-08-17T22:25:38.345+0000] {spark_submit.py:579} INFO - at org.apache.spark.sql.execution.QueryExecution.$anonfun$eagerlyExecuteCommands$1(QueryExecution.scala:155)
[2025-08-17T22:25:38.346+0000] {spark_submit.py:579} INFO - at org.apache.spark.sql.execution.QueryExecution$.withInternalError(QueryExecution.scala:654)
[2025-08-17T22:25:38.346+0000] {spark_submit.py:579} INFO - at org.apache.spark.sql.execution.QueryExecution.org$apache$spark$sql$execution$QueryExecution$$eagerlyExecute$1(QueryExecution.scala:154)
[2025-08-17T22:25:38.346+0000] {spark_submit.py:579} INFO - at org.apache.spark.sql.execution.QueryExecution$$anonfun$eagerlyExecuteCommands$3.applyOrElse(QueryExecution.scala:169)
[2025-08-17T22:25:38.346+0000] {spark_submit.py:579} INFO - at org.apache.spark.sql.execution.QueryExecution$$anonfun$eagerlyExecuteCommands$3.applyOrElse(QueryExecution.scala:164)
[2025-08-17T22:25:38.347+0000] {spark_submit.py:579} INFO - at org.apache.spark.sql.catalyst.trees.TreeNode.$anonfun$transformDownWithPruning$1(TreeNode.scala:470)
[2025-08-17T22:25:38.347+0000] {spark_submit.py:579} INFO - at org.apache.spark.sql.catalyst.trees.CurrentOrigin$.withOrigin(origin.scala:86)
[2025-08-17T22:25:38.347+0000] {spark_submit.py:579} INFO - at org.apache.spark.sql.catalyst.trees.TreeNode.transformDownWithPruning(TreeNode.scala:470)
[2025-08-17T22:25:38.347+0000] {spark_submit.py:579} INFO - at org.apache.spark.sql.catalyst.plans.logical.LogicalPlan.org$apache$spark$sql$catalyst$plans$logical$AnalysisHelper$$super$transformDownWithPruning(LogicalPlan.scala:37)
[2025-08-17T22:25:38.347+0000] {spark_submit.py:579} INFO - at org.apache.spark.sql.catalyst.plans.logical.AnalysisHelper.transformDownWithPruning(AnalysisHelper.scala:360)
[2025-08-17T22:25:38.348+0000] {spark_submit.py:579} INFO - at org.apache.spark.sql.catalyst.plans.logical.AnalysisHelper.transformDownWithPruning$(AnalysisHelper.scala:356)
[2025-08-17T22:25:38.348+0000] {spark_submit.py:579} INFO - at org.apache.spark.sql.catalyst.plans.logical.LogicalPlan.transformDownWithPruning(LogicalPlan.scala:37)
[2025-08-17T22:25:38.348+0000] {spark_submit.py:579} INFO - at org.apache.spark.sql.catalyst.plans.logical.LogicalPlan.transformDownWithPruning(LogicalPlan.scala:37)
[2025-08-17T22:25:38.348+0000] {spark_submit.py:579} INFO - at org.apache.spark.sql.catalyst.trees.TreeNode.transformDown(TreeNode.scala:446)
[2025-08-17T22:25:38.348+0000] {spark_submit.py:579} INFO - at org.apache.spark.sql.execution.QueryExecution.eagerlyExecuteCommands(QueryExecution.scala:164)
[2025-08-17T22:25:38.349+0000] {spark_submit.py:579} INFO - at org.apache.spark.sql.execution.QueryExecution.$anonfun$lazyCommandExecuted$1(QueryExecution.scala:126)
[2025-08-17T22:25:38.349+0000] {spark_submit.py:579} INFO - at scala.util.Try$.apply(Try.scala:217)
[2025-08-17T22:25:38.349+0000] {spark_submit.py:579} INFO - at org.apache.spark.util.Utils$.doTryWithCallerStacktrace(Utils.scala:1378)
[2025-08-17T22:25:38.349+0000] {spark_submit.py:579} INFO - at org.apache.spark.util.LazyTry.tryT$lzycompute(LazyTry.scala:46)
[2025-08-17T22:25:38.349+0000] {spark_submit.py:579} INFO - at org.apache.spark.util.LazyTry.tryT(LazyTry.scala:46)
[2025-08-17T22:25:38.349+0000] {spark_submit.py:579} INFO - ... 20 more
[2025-08-17T22:25:38.350+0000] {spark_submit.py:579} INFO - 
[2025-08-17T22:25:38.455+0000] {spark_submit.py:579} INFO - 25/08/17 22:25:38 INFO SparkContext: Invoking stop() from shutdown hook
[2025-08-17T22:25:38.456+0000] {spark_submit.py:579} INFO - 25/08/17 22:25:38 INFO SparkContext: SparkContext is stopping with exitCode 0 from run at Executors.java:539.
[2025-08-17T22:25:38.465+0000] {spark_submit.py:579} INFO - 25/08/17 22:25:38 INFO SparkUI: Stopped Spark web UI at http://81b7fe425a18:4040
[2025-08-17T22:25:38.468+0000] {spark_submit.py:579} INFO - 25/08/17 22:25:38 INFO StandaloneSchedulerBackend: Shutting down all executors
[2025-08-17T22:25:38.468+0000] {spark_submit.py:579} INFO - 25/08/17 22:25:38 INFO StandaloneSchedulerBackend$StandaloneDriverEndpoint: Asking each executor to shut down
[2025-08-17T22:25:38.485+0000] {spark_submit.py:579} INFO - 25/08/17 22:25:38 INFO MapOutputTrackerMasterEndpoint: MapOutputTrackerMasterEndpoint stopped!
[2025-08-17T22:25:38.509+0000] {spark_submit.py:579} INFO - 25/08/17 22:25:38 INFO MemoryStore: MemoryStore started with capacity 434.4 MiB
[2025-08-17T22:25:38.510+0000] {spark_submit.py:579} INFO - 25/08/17 22:25:38 INFO MemoryStore: MemoryStore cleared
[2025-08-17T22:25:38.510+0000] {spark_submit.py:579} INFO - 25/08/17 22:25:38 INFO BlockManager: BlockManager stopped
[2025-08-17T22:25:38.515+0000] {spark_submit.py:579} INFO - 25/08/17 22:25:38 INFO BlockManagerMaster: BlockManagerMaster stopped
[2025-08-17T22:25:38.517+0000] {spark_submit.py:579} INFO - 25/08/17 22:25:38 INFO OutputCommitCoordinator$OutputCommitCoordinatorEndpoint: OutputCommitCoordinator stopped!
[2025-08-17T22:25:38.534+0000] {spark_submit.py:579} INFO - 25/08/17 22:25:38 INFO SparkContext: Successfully stopped SparkContext
[2025-08-17T22:25:38.535+0000] {spark_submit.py:579} INFO - 25/08/17 22:25:38 INFO ShutdownHookManager: Shutdown hook called
[2025-08-17T22:25:38.535+0000] {spark_submit.py:579} INFO - 25/08/17 22:25:38 INFO ShutdownHookManager: Deleting directory /opt/***/artifacts/spark-b9476b17-960d-496a-9370-4734a010d80c
[2025-08-17T22:25:38.541+0000] {spark_submit.py:579} INFO - 25/08/17 22:25:38 INFO ShutdownHookManager: Deleting directory /tmp/spark-2d9bbb75-d052-4ae1-af05-17a5908e8517
[2025-08-17T22:25:38.544+0000] {spark_submit.py:579} INFO - 25/08/17 22:25:38 INFO ShutdownHookManager: Deleting directory /tmp/spark-7b556716-c019-4250-9441-c58001bc271e
[2025-08-17T22:25:38.548+0000] {spark_submit.py:579} INFO - 25/08/17 22:25:38 INFO ShutdownHookManager: Deleting directory /tmp/spark-7b556716-c019-4250-9441-c58001bc271e/pyspark-cb20da67-5615-45d0-8b85-2409041efc0e
[2025-08-17T22:25:38.594+0000] {taskinstance.py:1935} ERROR - Task failed with exception
Traceback (most recent call last):
  File "/home/airflow/.local/lib/python3.10/site-packages/airflow/providers/apache/spark/operators/spark_submit.py", line 174, in execute
    self._hook.submit(self.application)
  File "/home/airflow/.local/lib/python3.10/site-packages/airflow/providers/apache/spark/hooks/spark_submit.py", line 505, in submit
    raise AirflowException(
airflow.exceptions.AirflowException: Cannot execute: spark-submit --master spark://spark-master:7077 --jars /opt/spark/external-jars/apache-spark-sql-connector.jar --name arrow-spark --deploy-mode client jobs/python/wordcountjob.py. Error code is: 1.
[2025-08-17T22:25:38.599+0000] {taskinstance.py:1398} INFO - Marking task as FAILED. dag_id=sparking_flow, task_id=python_job, execution_date=20250816T000000, start_date=20250817T222509, end_date=20250817T222538
[2025-08-17T22:25:38.612+0000] {standard_task_runner.py:104} ERROR - Failed to execute job 24 for task python_job (Cannot execute: spark-submit --master spark://spark-master:7077 --jars /opt/spark/external-jars/apache-spark-sql-connector.jar --name arrow-spark --deploy-mode client jobs/python/wordcountjob.py. Error code is: 1.; 189)
[2025-08-17T22:25:38.618+0000] {local_task_job_runner.py:228} INFO - Task exited with return code 1
[2025-08-17T22:25:38.638+0000] {taskinstance.py:2776} INFO - 0 downstream tasks scheduled from follow-on schedule check
