[2025-09-02T01:32:59.783+0000] {taskinstance.py:1157} INFO - Dependencies all met for dep_context=non-requeueable deps ti=<TaskInstance: sparking_flow.python_job manual__2025-09-02T01:32:57.541387+00:00 [queued]>
[2025-09-02T01:32:59.789+0000] {taskinstance.py:1157} INFO - Dependencies all met for dep_context=requeueable deps ti=<TaskInstance: sparking_flow.python_job manual__2025-09-02T01:32:57.541387+00:00 [queued]>
[2025-09-02T01:32:59.790+0000] {taskinstance.py:1359} INFO - Starting attempt 1 of 1
[2025-09-02T01:32:59.800+0000] {taskinstance.py:1380} INFO - Executing <Task(SparkSubmitOperator): python_job> on 2025-09-02 01:32:57.541387+00:00
[2025-09-02T01:32:59.805+0000] {standard_task_runner.py:57} INFO - Started process 813 to run task
[2025-09-02T01:32:59.809+0000] {standard_task_runner.py:84} INFO - Running: ['***', 'tasks', 'run', 'sparking_flow', 'python_job', 'manual__2025-09-02T01:32:57.541387+00:00', '--job-id', '57', '--raw', '--subdir', 'DAGS_FOLDER/spark_***.py', '--cfg-path', '/tmp/tmpu55zgaqp']
[2025-09-02T01:32:59.812+0000] {standard_task_runner.py:85} INFO - Job 57: Subtask python_job
[2025-09-02T01:32:59.880+0000] {task_command.py:415} INFO - Running <TaskInstance: sparking_flow.python_job manual__2025-09-02T01:32:57.541387+00:00 [running]> on host 7b2a3a75c36f
[2025-09-02T01:32:59.963+0000] {taskinstance.py:1660} INFO - Exporting env vars: AIRFLOW_CTX_DAG_OWNER='Kudzaishe Manyanya' AIRFLOW_CTX_DAG_ID='sparking_flow' AIRFLOW_CTX_TASK_ID='python_job' AIRFLOW_CTX_EXECUTION_DATE='2025-09-02T01:32:57.541387+00:00' AIRFLOW_CTX_TRY_NUMBER='1' AIRFLOW_CTX_DAG_RUN_ID='manual__2025-09-02T01:32:57.541387+00:00'
[2025-09-02T01:32:59.978+0000] {base.py:73} INFO - Using connection ID 'spark-conn' for task execution.
[2025-09-02T01:32:59.979+0000] {spark_submit.py:403} INFO - Spark-Submit cmd: spark-submit --master spark://spark-master:7077 --jars /opt/spark/external-jars/apache-spark-sql-connector.jar --name arrow-spark --deploy-mode client jobs/python/wordcountjob.py
[2025-09-02T01:33:00.448+0000] {spark_submit.py:579} INFO - WARNING: Using incubator modules: jdk.incubator.vector
[2025-09-02T01:33:01.681+0000] {spark_submit.py:579} INFO - 25/09/02 01:33:01 WARN NativeCodeLoader: Unable to load native-hadoop library for your platform... using builtin-java classes where applicable
[2025-09-02T01:33:03.396+0000] {spark_submit.py:579} INFO - Using Spark's default log4j profile: org/apache/spark/log4j2-defaults.properties
[2025-09-02T01:33:03.402+0000] {spark_submit.py:579} INFO - 25/09/02 01:33:03 INFO SparkContext: Running Spark version 4.0.0
[2025-09-02T01:33:03.404+0000] {spark_submit.py:579} INFO - 25/09/02 01:33:03 INFO SparkContext: OS info Linux, 6.6.87.2-microsoft-standard-WSL2, amd64
[2025-09-02T01:33:03.404+0000] {spark_submit.py:579} INFO - 25/09/02 01:33:03 INFO SparkContext: Java version 17.0.15
[2025-09-02T01:33:03.423+0000] {spark_submit.py:579} INFO - 25/09/02 01:33:03 INFO ResourceUtils: ==============================================================
[2025-09-02T01:33:03.424+0000] {spark_submit.py:579} INFO - 25/09/02 01:33:03 INFO ResourceUtils: No custom resources configured for spark.driver.
[2025-09-02T01:33:03.424+0000] {spark_submit.py:579} INFO - 25/09/02 01:33:03 INFO ResourceUtils: ==============================================================
[2025-09-02T01:33:03.425+0000] {spark_submit.py:579} INFO - 25/09/02 01:33:03 INFO SparkContext: Submitted application: PythonWordCount
[2025-09-02T01:33:03.446+0000] {spark_submit.py:579} INFO - 25/09/02 01:33:03 INFO ResourceProfile: Default ResourceProfile created, executor resources: Map(memory -> name: memory, amount: 1024, script: , vendor: , offHeap -> name: offHeap, amount: 0, script: , vendor: ), task resources: Map(cpus -> name: cpus, amount: 1.0)
[2025-09-02T01:33:03.448+0000] {spark_submit.py:579} INFO - 25/09/02 01:33:03 INFO ResourceProfile: Limiting resource is cpu
[2025-09-02T01:33:03.450+0000] {spark_submit.py:579} INFO - 25/09/02 01:33:03 INFO ResourceProfileManager: Added ResourceProfile id: 0
[2025-09-02T01:33:03.490+0000] {spark_submit.py:579} INFO - 25/09/02 01:33:03 INFO SecurityManager: Changing view acls to: ***
[2025-09-02T01:33:03.492+0000] {spark_submit.py:579} INFO - 25/09/02 01:33:03 INFO SecurityManager: Changing modify acls to: ***
[2025-09-02T01:33:03.492+0000] {spark_submit.py:579} INFO - 25/09/02 01:33:03 INFO SecurityManager: Changing view acls groups to: ***
[2025-09-02T01:33:03.493+0000] {spark_submit.py:579} INFO - 25/09/02 01:33:03 INFO SecurityManager: Changing modify acls groups to: ***
[2025-09-02T01:33:03.494+0000] {spark_submit.py:579} INFO - 25/09/02 01:33:03 INFO SecurityManager: SecurityManager: authentication disabled; ui acls disabled; users with view permissions: *** groups with view permissions: EMPTY; users with modify permissions: ***; groups with modify permissions: EMPTY; RPC SSL disabled
[2025-09-02T01:33:03.709+0000] {spark_submit.py:579} INFO - 25/09/02 01:33:03 INFO Utils: Successfully started service 'sparkDriver' on port 39037.
[2025-09-02T01:33:03.735+0000] {spark_submit.py:579} INFO - 25/09/02 01:33:03 INFO SparkEnv: Registering MapOutputTracker
[2025-09-02T01:33:03.745+0000] {spark_submit.py:579} INFO - 25/09/02 01:33:03 INFO SparkEnv: Registering BlockManagerMaster
[2025-09-02T01:33:03.760+0000] {spark_submit.py:579} INFO - 25/09/02 01:33:03 INFO BlockManagerMasterEndpoint: Using org.apache.spark.storage.DefaultTopologyMapper for getting topology information
[2025-09-02T01:33:03.761+0000] {spark_submit.py:579} INFO - 25/09/02 01:33:03 INFO BlockManagerMasterEndpoint: BlockManagerMasterEndpoint up
[2025-09-02T01:33:03.763+0000] {spark_submit.py:579} INFO - 25/09/02 01:33:03 INFO SparkEnv: Registering BlockManagerMasterHeartbeat
[2025-09-02T01:33:03.784+0000] {spark_submit.py:579} INFO - 25/09/02 01:33:03 INFO DiskBlockManager: Created local directory at /tmp/blockmgr-dca55bf6-de49-40ea-a8b3-0105b620757d
[2025-09-02T01:33:03.802+0000] {spark_submit.py:579} INFO - 25/09/02 01:33:03 INFO SparkEnv: Registering OutputCommitCoordinator
[2025-09-02T01:33:03.942+0000] {spark_submit.py:579} INFO - 25/09/02 01:33:03 INFO JettyUtils: Start Jetty 0.0.0.0:4040 for SparkUI
[2025-09-02T01:33:04.005+0000] {spark_submit.py:579} INFO - 25/09/02 01:33:04 INFO Utils: Successfully started service 'SparkUI' on port 4040.
[2025-09-02T01:33:04.044+0000] {spark_submit.py:579} INFO - 25/09/02 01:33:04 INFO SparkContext: Added JAR file:///opt/spark/external-jars/apache-spark-sql-connector.jar at spark://7b2a3a75c36f:39037/jars/apache-spark-sql-connector.jar with timestamp 1756776783390
[2025-09-02T01:33:04.062+0000] {spark_submit.py:579} INFO - 25/09/02 01:33:04 INFO SecurityManager: Changing view acls to: ***
[2025-09-02T01:33:04.062+0000] {spark_submit.py:579} INFO - 25/09/02 01:33:04 INFO SecurityManager: Changing modify acls to: ***
[2025-09-02T01:33:04.063+0000] {spark_submit.py:579} INFO - 25/09/02 01:33:04 INFO SecurityManager: Changing view acls groups to: ***
[2025-09-02T01:33:04.063+0000] {spark_submit.py:579} INFO - 25/09/02 01:33:04 INFO SecurityManager: Changing modify acls groups to: ***
[2025-09-02T01:33:04.064+0000] {spark_submit.py:579} INFO - 25/09/02 01:33:04 INFO SecurityManager: SecurityManager: authentication disabled; ui acls disabled; users with view permissions: *** groups with view permissions: EMPTY; users with modify permissions: ***; groups with modify permissions: EMPTY; RPC SSL disabled
[2025-09-02T01:33:04.177+0000] {spark_submit.py:579} INFO - 25/09/02 01:33:04 INFO StandaloneAppClient$ClientEndpoint: Connecting to master spark://spark-master:7077...
[2025-09-02T01:33:04.219+0000] {spark_submit.py:579} INFO - 25/09/02 01:33:04 INFO TransportClientFactory: Successfully created connection to spark-master/172.18.0.3:7077 after 23 ms (0 ms spent in bootstraps)
[2025-09-02T01:33:04.292+0000] {spark_submit.py:579} INFO - 25/09/02 01:33:04 INFO StandaloneSchedulerBackend: Connected to Spark cluster with app ID app-20250902013304-0003
[2025-09-02T01:33:04.295+0000] {spark_submit.py:579} INFO - 25/09/02 01:33:04 INFO StandaloneAppClient$ClientEndpoint: Executor added: app-20250902013304-0003/0 on worker-20250902012700-172.18.0.5-42501 (172.18.0.5:42501) with 2 core(s)
[2025-09-02T01:33:04.299+0000] {spark_submit.py:579} INFO - 25/09/02 01:33:04 INFO StandaloneSchedulerBackend: Granted executor ID app-20250902013304-0003/0 on hostPort 172.18.0.5:42501 with 2 core(s), 1024.0 MiB RAM
[2025-09-02T01:33:04.303+0000] {spark_submit.py:579} INFO - 25/09/02 01:33:04 INFO Utils: Successfully started service 'org.apache.spark.network.netty.NettyBlockTransferService' on port 43399.
[2025-09-02T01:33:04.304+0000] {spark_submit.py:579} INFO - 25/09/02 01:33:04 INFO NettyBlockTransferService: Server created on 7b2a3a75c36f:43399
[2025-09-02T01:33:04.306+0000] {spark_submit.py:579} INFO - 25/09/02 01:33:04 INFO BlockManager: Using org.apache.spark.storage.RandomBlockReplicationPolicy for block replication policy
[2025-09-02T01:33:04.320+0000] {spark_submit.py:579} INFO - 25/09/02 01:33:04 INFO BlockManagerMaster: Registering BlockManager BlockManagerId(driver, 7b2a3a75c36f, 43399, None)
[2025-09-02T01:33:04.326+0000] {spark_submit.py:579} INFO - 25/09/02 01:33:04 INFO BlockManagerMasterEndpoint: Registering block manager 7b2a3a75c36f:43399 with 434.4 MiB RAM, BlockManagerId(driver, 7b2a3a75c36f, 43399, None)
[2025-09-02T01:33:04.329+0000] {spark_submit.py:579} INFO - 25/09/02 01:33:04 INFO BlockManagerMaster: Registered BlockManager BlockManagerId(driver, 7b2a3a75c36f, 43399, None)
[2025-09-02T01:33:04.330+0000] {spark_submit.py:579} INFO - 25/09/02 01:33:04 INFO BlockManager: Initialized BlockManager: BlockManagerId(driver, 7b2a3a75c36f, 43399, None)
[2025-09-02T01:33:04.337+0000] {spark_submit.py:579} INFO - 25/09/02 01:33:04 INFO StandaloneAppClient$ClientEndpoint: Executor updated: app-20250902013304-0003/0 is now RUNNING
[2025-09-02T01:33:04.496+0000] {spark_submit.py:579} INFO - 25/09/02 01:33:04 INFO StandaloneSchedulerBackend: SchedulerBackend is ready for scheduling beginning after reached minRegisteredResourcesRatio: 0.0
[2025-09-02T01:33:06.407+0000] {spark_submit.py:579} INFO - 25/09/02 01:33:06 INFO StandaloneSchedulerBackend$StandaloneDriverEndpoint: Registered executor NettyRpcEndpointRef(spark-client://Executor) (172.18.0.5:55674) with ID 0, ResourceProfileId 0
[2025-09-02T01:33:06.548+0000] {spark_submit.py:579} INFO - 25/09/02 01:33:06 INFO BlockManagerMasterEndpoint: Registering block manager 172.18.0.5:40937 with 434.4 MiB RAM, BlockManagerId(0, 172.18.0.5, 40937, None)
[2025-09-02T01:33:08.331+0000] {spark_submit.py:579} INFO - dict_keys(['daily', 'daily960', 'live_rapid', 'live_blitz', 'live_bullet', 'live_bughouse', 'live_blitz960', 'live_threecheck', 'live_crazyhouse', 'tactics', 'rush', 'battle'])
[2025-09-02T01:33:08.654+0000] {spark_submit.py:579} INFO - 25/09/02 01:33:08 INFO SharedState: Setting hive.metastore.warehouse.dir ('null') to the value of spark.sql.warehouse.dir.
[2025-09-02T01:33:08.656+0000] {spark_submit.py:579} INFO - 25/09/02 01:33:08 INFO SharedState: Warehouse path is 'file:/opt/***/spark-warehouse'.
[2025-09-02T01:33:11.223+0000] {spark_submit.py:579} INFO - 25/09/02 01:33:11 WARN SparkStringUtils: Truncated the string representation of a plan since it was too large. This behavior can be adjusted by setting 'spark.sql.debug.maxToStringFields'.
[2025-09-02T01:33:11.498+0000] {spark_submit.py:579} INFO - 25/09/02 01:33:11 INFO CodeGenerator: Code generated in 178.485013 ms
[2025-09-02T01:33:11.569+0000] {spark_submit.py:579} INFO - 25/09/02 01:33:11 INFO SparkContext: Starting job: jdbc at NativeMethodAccessorImpl.java:0
[2025-09-02T01:33:11.581+0000] {spark_submit.py:579} INFO - 25/09/02 01:33:11 INFO DAGScheduler: Got job 0 (jdbc at NativeMethodAccessorImpl.java:0) with 2 output partitions
[2025-09-02T01:33:11.583+0000] {spark_submit.py:579} INFO - 25/09/02 01:33:11 INFO DAGScheduler: Final stage: ResultStage 0 (jdbc at NativeMethodAccessorImpl.java:0)
[2025-09-02T01:33:11.584+0000] {spark_submit.py:579} INFO - 25/09/02 01:33:11 INFO DAGScheduler: Parents of final stage: List()
[2025-09-02T01:33:11.586+0000] {spark_submit.py:579} INFO - 25/09/02 01:33:11 INFO DAGScheduler: Missing parents: List()
[2025-09-02T01:33:11.589+0000] {spark_submit.py:579} INFO - 25/09/02 01:33:11 INFO DAGScheduler: Submitting ResultStage 0 (MapPartitionsRDD[53] at jdbc at NativeMethodAccessorImpl.java:0), which has no missing parents
[2025-09-02T01:33:11.658+0000] {spark_submit.py:579} INFO - 25/09/02 01:33:11 INFO MemoryStore: MemoryStore started with capacity 434.4 MiB
[2025-09-02T01:33:11.680+0000] {spark_submit.py:579} INFO - 25/09/02 01:33:11 INFO MemoryStore: Block broadcast_0 stored as values in memory (estimated size 33.8 KiB, free 434.4 MiB)
[2025-09-02T01:33:11.712+0000] {spark_submit.py:579} INFO - 25/09/02 01:33:11 INFO MemoryStore: Block broadcast_0_piece0 stored as bytes in memory (estimated size 14.5 KiB, free 434.4 MiB)
[2025-09-02T01:33:11.719+0000] {spark_submit.py:579} INFO - 25/09/02 01:33:11 INFO SparkContext: Created broadcast 0 from broadcast at DAGScheduler.scala:1676
[2025-09-02T01:33:11.732+0000] {spark_submit.py:579} INFO - 25/09/02 01:33:11 INFO DAGScheduler: Submitting 2 missing tasks from ResultStage 0 (MapPartitionsRDD[53] at jdbc at NativeMethodAccessorImpl.java:0) (first 15 tasks are for partitions Vector(0, 1))
[2025-09-02T01:33:11.741+0000] {spark_submit.py:579} INFO - 25/09/02 01:33:11 INFO TaskSchedulerImpl: Adding task set 0.0 with 2 tasks resource profile 0
[2025-09-02T01:33:11.767+0000] {spark_submit.py:579} INFO - 25/09/02 01:33:11 INFO TaskSetManager: Starting task 0.0 in stage 0.0 (TID 0) (172.18.0.5,executor 0, partition 0, PROCESS_LOCAL, 17687 bytes)
[2025-09-02T01:33:11.770+0000] {spark_submit.py:579} INFO - 25/09/02 01:33:11 INFO TaskSetManager: Starting task 1.0 in stage 0.0 (TID 1) (172.18.0.5,executor 0, partition 1, PROCESS_LOCAL, 17455 bytes)
[2025-09-02T01:33:15.367+0000] {spark_submit.py:579} INFO - 25/09/02 01:33:15 INFO TaskSetManager: Finished task 1.0 in stage 0.0 (TID 1) in 3595 ms on 172.18.0.5 (executor 0) (1/2)
[2025-09-02T01:33:15.368+0000] {spark_submit.py:579} INFO - 25/09/02 01:33:15 INFO TaskSetManager: Finished task 0.0 in stage 0.0 (TID 0) in 3614 ms on 172.18.0.5 (executor 0) (2/2)
[2025-09-02T01:33:15.370+0000] {spark_submit.py:579} INFO - 25/09/02 01:33:15 INFO TaskSchedulerImpl: Removed TaskSet 0.0 whose tasks have all completed, from pool
[2025-09-02T01:33:15.371+0000] {spark_submit.py:579} INFO - 25/09/02 01:33:15 INFO PythonAccumulatorV2: Connected to AccumulatorServer at host: 127.0.0.1 port: 58897
[2025-09-02T01:33:15.375+0000] {spark_submit.py:579} INFO - 25/09/02 01:33:15 INFO DAGScheduler: ResultStage 0 (jdbc at NativeMethodAccessorImpl.java:0) finished in 3773 ms
[2025-09-02T01:33:15.379+0000] {spark_submit.py:579} INFO - 25/09/02 01:33:15 INFO DAGScheduler: Job 0 is finished. Cancelling potential speculative or zombie tasks for this job
[2025-09-02T01:33:15.379+0000] {spark_submit.py:579} INFO - 25/09/02 01:33:15 INFO TaskSchedulerImpl: Canceling stage 0
[2025-09-02T01:33:15.380+0000] {spark_submit.py:579} INFO - 25/09/02 01:33:15 INFO TaskSchedulerImpl: Killing all running tasks in stage 0: Stage finished
[2025-09-02T01:33:15.381+0000] {spark_submit.py:579} INFO - 25/09/02 01:33:15 INFO DAGScheduler: Job 0 finished: jdbc at NativeMethodAccessorImpl.java:0, took 3812.294362 ms
[2025-09-02T01:33:15.766+0000] {spark_submit.py:579} INFO - table daily has been loaded
[2025-09-02T01:33:16.073+0000] {spark_submit.py:579} INFO - 25/09/02 01:33:16 INFO SparkContext: Starting job: jdbc at NativeMethodAccessorImpl.java:0
[2025-09-02T01:33:16.076+0000] {spark_submit.py:579} INFO - 25/09/02 01:33:16 INFO DAGScheduler: Got job 1 (jdbc at NativeMethodAccessorImpl.java:0) with 2 output partitions
[2025-09-02T01:33:16.077+0000] {spark_submit.py:579} INFO - 25/09/02 01:33:16 INFO DAGScheduler: Final stage: ResultStage 1 (jdbc at NativeMethodAccessorImpl.java:0)
[2025-09-02T01:33:16.077+0000] {spark_submit.py:579} INFO - 25/09/02 01:33:16 INFO DAGScheduler: Parents of final stage: List()
[2025-09-02T01:33:16.078+0000] {spark_submit.py:579} INFO - 25/09/02 01:33:16 INFO DAGScheduler: Missing parents: List()
[2025-09-02T01:33:16.078+0000] {spark_submit.py:579} INFO - 25/09/02 01:33:16 INFO DAGScheduler: Submitting ResultStage 1 (MapPartitionsRDD[57] at jdbc at NativeMethodAccessorImpl.java:0), which has no missing parents
[2025-09-02T01:33:16.079+0000] {spark_submit.py:579} INFO - 25/09/02 01:33:16 INFO MemoryStore: Block broadcast_1 stored as values in memory (estimated size 33.8 KiB, free 434.4 MiB)
[2025-09-02T01:33:16.086+0000] {spark_submit.py:579} INFO - 25/09/02 01:33:16 INFO MemoryStore: Block broadcast_1_piece0 stored as bytes in memory (estimated size 14.5 KiB, free 434.4 MiB)
[2025-09-02T01:33:16.087+0000] {spark_submit.py:579} INFO - 25/09/02 01:33:16 INFO SparkContext: Created broadcast 1 from broadcast at DAGScheduler.scala:1676
[2025-09-02T01:33:16.088+0000] {spark_submit.py:579} INFO - 25/09/02 01:33:16 INFO DAGScheduler: Submitting 2 missing tasks from ResultStage 1 (MapPartitionsRDD[57] at jdbc at NativeMethodAccessorImpl.java:0) (first 15 tasks are for partitions Vector(0, 1))
[2025-09-02T01:33:16.089+0000] {spark_submit.py:579} INFO - 25/09/02 01:33:16 INFO TaskSchedulerImpl: Adding task set 1.0 with 2 tasks resource profile 0
[2025-09-02T01:33:16.090+0000] {spark_submit.py:579} INFO - 25/09/02 01:33:16 INFO TaskSetManager: Starting task 0.0 in stage 1.0 (TID 2) (172.18.0.5,executor 0, partition 0, PROCESS_LOCAL, 18049 bytes)
[2025-09-02T01:33:16.091+0000] {spark_submit.py:579} INFO - 25/09/02 01:33:16 INFO TaskSetManager: Starting task 1.0 in stage 1.0 (TID 3) (172.18.0.5,executor 0, partition 1, PROCESS_LOCAL, 17864 bytes)
[2025-09-02T01:33:16.530+0000] {spark_submit.py:579} INFO - 25/09/02 01:33:16 INFO TaskSetManager: Finished task 1.0 in stage 1.0 (TID 3) in 440 ms on 172.18.0.5 (executor 0) (1/2)
[2025-09-02T01:33:16.594+0000] {spark_submit.py:579} INFO - 25/09/02 01:33:16 INFO TaskSetManager: Finished task 0.0 in stage 1.0 (TID 2) in 504 ms on 172.18.0.5 (executor 0) (2/2)
[2025-09-02T01:33:16.595+0000] {spark_submit.py:579} INFO - 25/09/02 01:33:16 INFO TaskSchedulerImpl: Removed TaskSet 1.0 whose tasks have all completed, from pool
[2025-09-02T01:33:16.595+0000] {spark_submit.py:579} INFO - 25/09/02 01:33:16 INFO DAGScheduler: ResultStage 1 (jdbc at NativeMethodAccessorImpl.java:0) finished in 519 ms
[2025-09-02T01:33:16.595+0000] {spark_submit.py:579} INFO - 25/09/02 01:33:16 INFO DAGScheduler: Job 1 is finished. Cancelling potential speculative or zombie tasks for this job
[2025-09-02T01:33:16.596+0000] {spark_submit.py:579} INFO - 25/09/02 01:33:16 INFO TaskSchedulerImpl: Canceling stage 1
[2025-09-02T01:33:16.596+0000] {spark_submit.py:579} INFO - 25/09/02 01:33:16 INFO TaskSchedulerImpl: Killing all running tasks in stage 1: Stage finished
[2025-09-02T01:33:16.596+0000] {spark_submit.py:579} INFO - 25/09/02 01:33:16 INFO DAGScheduler: Job 1 finished: jdbc at NativeMethodAccessorImpl.java:0, took 522.336071 ms
[2025-09-02T01:33:16.951+0000] {spark_submit.py:579} INFO - table live_rapid has been loaded
[2025-09-02T01:33:17.230+0000] {spark_submit.py:579} INFO - 25/09/02 01:33:17 INFO SparkContext: Starting job: jdbc at NativeMethodAccessorImpl.java:0
[2025-09-02T01:33:17.231+0000] {spark_submit.py:579} INFO - 25/09/02 01:33:17 INFO DAGScheduler: Got job 2 (jdbc at NativeMethodAccessorImpl.java:0) with 2 output partitions
[2025-09-02T01:33:17.231+0000] {spark_submit.py:579} INFO - 25/09/02 01:33:17 INFO DAGScheduler: Final stage: ResultStage 2 (jdbc at NativeMethodAccessorImpl.java:0)
[2025-09-02T01:33:17.232+0000] {spark_submit.py:579} INFO - 25/09/02 01:33:17 INFO DAGScheduler: Parents of final stage: List()
[2025-09-02T01:33:17.236+0000] {spark_submit.py:579} INFO - 25/09/02 01:33:17 INFO DAGScheduler: Missing parents: List()
[2025-09-02T01:33:17.236+0000] {spark_submit.py:579} INFO - 25/09/02 01:33:17 INFO DAGScheduler: Submitting ResultStage 2 (MapPartitionsRDD[61] at jdbc at NativeMethodAccessorImpl.java:0), which has no missing parents
[2025-09-02T01:33:17.237+0000] {spark_submit.py:579} INFO - 25/09/02 01:33:17 INFO MemoryStore: Block broadcast_2 stored as values in memory (estimated size 33.8 KiB, free 434.3 MiB)
[2025-09-02T01:33:17.241+0000] {spark_submit.py:579} INFO - 25/09/02 01:33:17 INFO MemoryStore: Block broadcast_2_piece0 stored as bytes in memory (estimated size 14.5 KiB, free 434.3 MiB)
[2025-09-02T01:33:17.242+0000] {spark_submit.py:579} INFO - 25/09/02 01:33:17 INFO SparkContext: Created broadcast 2 from broadcast at DAGScheduler.scala:1676
[2025-09-02T01:33:17.243+0000] {spark_submit.py:579} INFO - 25/09/02 01:33:17 INFO DAGScheduler: Submitting 2 missing tasks from ResultStage 2 (MapPartitionsRDD[61] at jdbc at NativeMethodAccessorImpl.java:0) (first 15 tasks are for partitions Vector(0, 1))
[2025-09-02T01:33:17.243+0000] {spark_submit.py:579} INFO - 25/09/02 01:33:17 INFO TaskSchedulerImpl: Adding task set 2.0 with 2 tasks resource profile 0
[2025-09-02T01:33:17.245+0000] {spark_submit.py:579} INFO - 25/09/02 01:33:17 INFO TaskSetManager: Starting task 0.0 in stage 2.0 (TID 4) (172.18.0.5,executor 0, partition 0, PROCESS_LOCAL, 18122 bytes)
[2025-09-02T01:33:17.245+0000] {spark_submit.py:579} INFO - 25/09/02 01:33:17 INFO TaskSetManager: Starting task 1.0 in stage 2.0 (TID 5) (172.18.0.5,executor 0, partition 1, PROCESS_LOCAL, 18085 bytes)
[2025-09-02T01:33:17.678+0000] {spark_submit.py:579} INFO - 25/09/02 01:33:17 INFO TaskSetManager: Finished task 0.0 in stage 2.0 (TID 4) in 433 ms on 172.18.0.5 (executor 0) (1/2)
[2025-09-02T01:33:17.678+0000] {spark_submit.py:579} INFO - 25/09/02 01:33:17 INFO TaskSetManager: Finished task 1.0 in stage 2.0 (TID 5) in 433 ms on 172.18.0.5 (executor 0) (2/2)
[2025-09-02T01:33:17.679+0000] {spark_submit.py:579} INFO - 25/09/02 01:33:17 INFO TaskSchedulerImpl: Removed TaskSet 2.0 whose tasks have all completed, from pool
[2025-09-02T01:33:17.679+0000] {spark_submit.py:579} INFO - 25/09/02 01:33:17 INFO DAGScheduler: ResultStage 2 (jdbc at NativeMethodAccessorImpl.java:0) finished in 447 ms
[2025-09-02T01:33:17.680+0000] {spark_submit.py:579} INFO - 25/09/02 01:33:17 INFO DAGScheduler: Job 2 is finished. Cancelling potential speculative or zombie tasks for this job
[2025-09-02T01:33:17.680+0000] {spark_submit.py:579} INFO - 25/09/02 01:33:17 INFO TaskSchedulerImpl: Canceling stage 2
[2025-09-02T01:33:17.681+0000] {spark_submit.py:579} INFO - 25/09/02 01:33:17 INFO TaskSchedulerImpl: Killing all running tasks in stage 2: Stage finished
[2025-09-02T01:33:17.681+0000] {spark_submit.py:579} INFO - 25/09/02 01:33:17 INFO DAGScheduler: Job 2 finished: jdbc at NativeMethodAccessorImpl.java:0, took 450.231652 ms
[2025-09-02T01:33:18.010+0000] {spark_submit.py:579} INFO - table live_blitz has been loaded
[2025-09-02T01:33:18.269+0000] {spark_submit.py:579} INFO - 25/09/02 01:33:18 INFO CodeGenerator: Code generated in 21.505143 ms
[2025-09-02T01:33:18.279+0000] {spark_submit.py:579} INFO - 25/09/02 01:33:18 INFO SparkContext: Starting job: jdbc at NativeMethodAccessorImpl.java:0
[2025-09-02T01:33:18.280+0000] {spark_submit.py:579} INFO - 25/09/02 01:33:18 INFO DAGScheduler: Got job 3 (jdbc at NativeMethodAccessorImpl.java:0) with 2 output partitions
[2025-09-02T01:33:18.284+0000] {spark_submit.py:579} INFO - 25/09/02 01:33:18 INFO DAGScheduler: Final stage: ResultStage 3 (jdbc at NativeMethodAccessorImpl.java:0)
[2025-09-02T01:33:18.284+0000] {spark_submit.py:579} INFO - 25/09/02 01:33:18 INFO DAGScheduler: Parents of final stage: List()
[2025-09-02T01:33:18.285+0000] {spark_submit.py:579} INFO - 25/09/02 01:33:18 INFO DAGScheduler: Missing parents: List()
[2025-09-02T01:33:18.285+0000] {spark_submit.py:579} INFO - 25/09/02 01:33:18 INFO DAGScheduler: Submitting ResultStage 3 (MapPartitionsRDD[65] at jdbc at NativeMethodAccessorImpl.java:0), which has no missing parents
[2025-09-02T01:33:18.287+0000] {spark_submit.py:579} INFO - 25/09/02 01:33:18 INFO MemoryStore: Block broadcast_3 stored as values in memory (estimated size 33.8 KiB, free 434.3 MiB)
[2025-09-02T01:33:18.290+0000] {spark_submit.py:579} INFO - 25/09/02 01:33:18 INFO MemoryStore: Block broadcast_3_piece0 stored as bytes in memory (estimated size 14.5 KiB, free 434.3 MiB)
[2025-09-02T01:33:18.291+0000] {spark_submit.py:579} INFO - 25/09/02 01:33:18 INFO SparkContext: Created broadcast 3 from broadcast at DAGScheduler.scala:1676
[2025-09-02T01:33:18.293+0000] {spark_submit.py:579} INFO - 25/09/02 01:33:18 INFO DAGScheduler: Submitting 2 missing tasks from ResultStage 3 (MapPartitionsRDD[65] at jdbc at NativeMethodAccessorImpl.java:0) (first 15 tasks are for partitions Vector(0, 1))
[2025-09-02T01:33:18.294+0000] {spark_submit.py:579} INFO - 25/09/02 01:33:18 INFO TaskSchedulerImpl: Adding task set 3.0 with 2 tasks resource profile 0
[2025-09-02T01:33:18.295+0000] {spark_submit.py:579} INFO - 25/09/02 01:33:18 INFO TaskSetManager: Starting task 0.0 in stage 3.0 (TID 6) (172.18.0.5,executor 0, partition 0, PROCESS_LOCAL, 18113 bytes)
[2025-09-02T01:33:18.295+0000] {spark_submit.py:579} INFO - 25/09/02 01:33:18 INFO TaskSetManager: Starting task 1.0 in stage 3.0 (TID 7) (172.18.0.5,executor 0, partition 1, PROCESS_LOCAL, 18019 bytes)
[2025-09-02T01:33:18.744+0000] {spark_submit.py:579} INFO - 25/09/02 01:33:18 INFO TaskSetManager: Finished task 1.0 in stage 3.0 (TID 7) in 449 ms on 172.18.0.5 (executor 0) (1/2)
[2025-09-02T01:33:18.746+0000] {spark_submit.py:579} INFO - 25/09/02 01:33:18 INFO TaskSetManager: Finished task 0.0 in stage 3.0 (TID 6) in 450 ms on 172.18.0.5 (executor 0) (2/2)
[2025-09-02T01:33:18.746+0000] {spark_submit.py:579} INFO - 25/09/02 01:33:18 INFO TaskSchedulerImpl: Removed TaskSet 3.0 whose tasks have all completed, from pool
[2025-09-02T01:33:18.747+0000] {spark_submit.py:579} INFO - 25/09/02 01:33:18 INFO DAGScheduler: ResultStage 3 (jdbc at NativeMethodAccessorImpl.java:0) finished in 464 ms
[2025-09-02T01:33:18.747+0000] {spark_submit.py:579} INFO - 25/09/02 01:33:18 INFO DAGScheduler: Job 3 is finished. Cancelling potential speculative or zombie tasks for this job
[2025-09-02T01:33:18.747+0000] {spark_submit.py:579} INFO - 25/09/02 01:33:18 INFO TaskSchedulerImpl: Canceling stage 3
[2025-09-02T01:33:18.748+0000] {spark_submit.py:579} INFO - 25/09/02 01:33:18 INFO TaskSchedulerImpl: Killing all running tasks in stage 3: Stage finished
[2025-09-02T01:33:18.748+0000] {spark_submit.py:579} INFO - 25/09/02 01:33:18 INFO DAGScheduler: Job 3 finished: jdbc at NativeMethodAccessorImpl.java:0, took 466.563655 ms
[2025-09-02T01:33:19.052+0000] {spark_submit.py:579} INFO - table live_bullet has been loaded
[2025-09-02T01:33:19.271+0000] {spark_submit.py:579} INFO - 25/09/02 01:33:19 INFO CodeGenerator: Code generated in 12.70941 ms
[2025-09-02T01:33:19.281+0000] {spark_submit.py:579} INFO - 25/09/02 01:33:19 INFO SparkContext: Starting job: jdbc at NativeMethodAccessorImpl.java:0
[2025-09-02T01:33:19.282+0000] {spark_submit.py:579} INFO - 25/09/02 01:33:19 INFO DAGScheduler: Got job 4 (jdbc at NativeMethodAccessorImpl.java:0) with 2 output partitions
[2025-09-02T01:33:19.283+0000] {spark_submit.py:579} INFO - 25/09/02 01:33:19 INFO DAGScheduler: Final stage: ResultStage 4 (jdbc at NativeMethodAccessorImpl.java:0)
[2025-09-02T01:33:19.283+0000] {spark_submit.py:579} INFO - 25/09/02 01:33:19 INFO DAGScheduler: Parents of final stage: List()
[2025-09-02T01:33:19.284+0000] {spark_submit.py:579} INFO - 25/09/02 01:33:19 INFO DAGScheduler: Missing parents: List()
[2025-09-02T01:33:19.284+0000] {spark_submit.py:579} INFO - 25/09/02 01:33:19 INFO DAGScheduler: Submitting ResultStage 4 (MapPartitionsRDD[69] at jdbc at NativeMethodAccessorImpl.java:0), which has no missing parents
[2025-09-02T01:33:19.287+0000] {spark_submit.py:579} INFO - 25/09/02 01:33:19 INFO MemoryStore: Block broadcast_4 stored as values in memory (estimated size 28.1 KiB, free 434.3 MiB)
[2025-09-02T01:33:19.294+0000] {spark_submit.py:579} INFO - 25/09/02 01:33:19 INFO MemoryStore: Block broadcast_4_piece0 stored as bytes in memory (estimated size 12.5 KiB, free 434.3 MiB)
[2025-09-02T01:33:19.296+0000] {spark_submit.py:579} INFO - 25/09/02 01:33:19 INFO SparkContext: Created broadcast 4 from broadcast at DAGScheduler.scala:1676
[2025-09-02T01:33:19.298+0000] {spark_submit.py:579} INFO - 25/09/02 01:33:19 INFO DAGScheduler: Submitting 2 missing tasks from ResultStage 4 (MapPartitionsRDD[69] at jdbc at NativeMethodAccessorImpl.java:0) (first 15 tasks are for partitions Vector(0, 1))
[2025-09-02T01:33:19.301+0000] {spark_submit.py:579} INFO - 25/09/02 01:33:19 INFO TaskSchedulerImpl: Adding task set 4.0 with 2 tasks resource profile 0
[2025-09-02T01:33:19.301+0000] {spark_submit.py:579} INFO - 25/09/02 01:33:19 INFO TaskSetManager: Starting task 0.0 in stage 4.0 (TID 8) (172.18.0.5,executor 0, partition 0, PROCESS_LOCAL, 9868 bytes)
[2025-09-02T01:33:19.302+0000] {spark_submit.py:579} INFO - 25/09/02 01:33:19 INFO TaskSetManager: Starting task 1.0 in stage 4.0 (TID 9) (172.18.0.5,executor 0, partition 1, PROCESS_LOCAL, 10002 bytes)
[2025-09-02T01:33:19.482+0000] {spark_submit.py:579} INFO - 25/09/02 01:33:19 INFO TaskSetManager: Finished task 0.0 in stage 4.0 (TID 8) in 184 ms on 172.18.0.5 (executor 0) (1/2)
[2025-09-02T01:33:19.680+0000] {spark_submit.py:579} INFO - 25/09/02 01:33:19 INFO TaskSetManager: Finished task 1.0 in stage 4.0 (TID 9) in 380 ms on 172.18.0.5 (executor 0) (2/2)
[2025-09-02T01:33:19.680+0000] {spark_submit.py:579} INFO - 25/09/02 01:33:19 INFO TaskSchedulerImpl: Removed TaskSet 4.0 whose tasks have all completed, from pool
[2025-09-02T01:33:19.681+0000] {spark_submit.py:579} INFO - 25/09/02 01:33:19 INFO DAGScheduler: ResultStage 4 (jdbc at NativeMethodAccessorImpl.java:0) finished in 396 ms
[2025-09-02T01:33:19.681+0000] {spark_submit.py:579} INFO - 25/09/02 01:33:19 INFO DAGScheduler: Job 4 is finished. Cancelling potential speculative or zombie tasks for this job
[2025-09-02T01:33:19.681+0000] {spark_submit.py:579} INFO - 25/09/02 01:33:19 INFO TaskSchedulerImpl: Canceling stage 4
[2025-09-02T01:33:19.682+0000] {spark_submit.py:579} INFO - 25/09/02 01:33:19 INFO TaskSchedulerImpl: Killing all running tasks in stage 4: Stage finished
[2025-09-02T01:33:19.682+0000] {spark_submit.py:579} INFO - 25/09/02 01:33:19 INFO DAGScheduler: Job 4 finished: jdbc at NativeMethodAccessorImpl.java:0, took 400.016072 ms
[2025-09-02T01:33:19.972+0000] {spark_submit.py:579} INFO - table kue_daily has been loaded
[2025-09-02T01:33:20.193+0000] {spark_submit.py:579} INFO - 25/09/02 01:33:20 INFO CodeGenerator: Code generated in 9.787132 ms
[2025-09-02T01:33:20.203+0000] {spark_submit.py:579} INFO - 25/09/02 01:33:20 INFO SparkContext: Starting job: jdbc at NativeMethodAccessorImpl.java:0
[2025-09-02T01:33:20.204+0000] {spark_submit.py:579} INFO - 25/09/02 01:33:20 INFO DAGScheduler: Got job 5 (jdbc at NativeMethodAccessorImpl.java:0) with 2 output partitions
[2025-09-02T01:33:20.204+0000] {spark_submit.py:579} INFO - 25/09/02 01:33:20 INFO DAGScheduler: Final stage: ResultStage 5 (jdbc at NativeMethodAccessorImpl.java:0)
[2025-09-02T01:33:20.205+0000] {spark_submit.py:579} INFO - 25/09/02 01:33:20 INFO DAGScheduler: Parents of final stage: List()
[2025-09-02T01:33:20.205+0000] {spark_submit.py:579} INFO - 25/09/02 01:33:20 INFO DAGScheduler: Missing parents: List()
[2025-09-02T01:33:20.206+0000] {spark_submit.py:579} INFO - 25/09/02 01:33:20 INFO DAGScheduler: Submitting ResultStage 5 (MapPartitionsRDD[73] at jdbc at NativeMethodAccessorImpl.java:0), which has no missing parents
[2025-09-02T01:33:20.207+0000] {spark_submit.py:579} INFO - 25/09/02 01:33:20 INFO MemoryStore: Block broadcast_5 stored as values in memory (estimated size 27.1 KiB, free 434.3 MiB)
[2025-09-02T01:33:20.214+0000] {spark_submit.py:579} INFO - 25/09/02 01:33:20 INFO MemoryStore: Block broadcast_5_piece0 stored as bytes in memory (estimated size 12.4 KiB, free 434.3 MiB)
[2025-09-02T01:33:20.216+0000] {spark_submit.py:579} INFO - 25/09/02 01:33:20 INFO SparkContext: Created broadcast 5 from broadcast at DAGScheduler.scala:1676
[2025-09-02T01:33:20.216+0000] {spark_submit.py:579} INFO - 25/09/02 01:33:20 INFO DAGScheduler: Submitting 2 missing tasks from ResultStage 5 (MapPartitionsRDD[73] at jdbc at NativeMethodAccessorImpl.java:0) (first 15 tasks are for partitions Vector(0, 1))
[2025-09-02T01:33:20.217+0000] {spark_submit.py:579} INFO - 25/09/02 01:33:20 INFO TaskSchedulerImpl: Adding task set 5.0 with 2 tasks resource profile 0
[2025-09-02T01:33:20.220+0000] {spark_submit.py:579} INFO - 25/09/02 01:33:20 INFO TaskSetManager: Starting task 0.0 in stage 5.0 (TID 10) (172.18.0.5,executor 0, partition 0, PROCESS_LOCAL, 9868 bytes)
[2025-09-02T01:33:20.220+0000] {spark_submit.py:579} INFO - 25/09/02 01:33:20 INFO TaskSetManager: Starting task 1.0 in stage 5.0 (TID 11) (172.18.0.5,executor 0, partition 1, PROCESS_LOCAL, 10001 bytes)
[2025-09-02T01:33:20.413+0000] {spark_submit.py:579} INFO - 25/09/02 01:33:20 INFO TaskSetManager: Finished task 0.0 in stage 5.0 (TID 10) in 195 ms on 172.18.0.5 (executor 0) (1/2)
[2025-09-02T01:33:20.583+0000] {spark_submit.py:579} INFO - 25/09/02 01:33:20 INFO TaskSetManager: Finished task 1.0 in stage 5.0 (TID 11) in 365 ms on 172.18.0.5 (executor 0) (2/2)
[2025-09-02T01:33:20.584+0000] {spark_submit.py:579} INFO - 25/09/02 01:33:20 INFO TaskSchedulerImpl: Removed TaskSet 5.0 whose tasks have all completed, from pool
[2025-09-02T01:33:20.585+0000] {spark_submit.py:579} INFO - 25/09/02 01:33:20 INFO DAGScheduler: ResultStage 5 (jdbc at NativeMethodAccessorImpl.java:0) finished in 379 ms
[2025-09-02T01:33:20.585+0000] {spark_submit.py:579} INFO - 25/09/02 01:33:20 INFO DAGScheduler: Job 5 is finished. Cancelling potential speculative or zombie tasks for this job
[2025-09-02T01:33:20.586+0000] {spark_submit.py:579} INFO - 25/09/02 01:33:20 INFO TaskSchedulerImpl: Canceling stage 5
[2025-09-02T01:33:20.586+0000] {spark_submit.py:579} INFO - 25/09/02 01:33:20 INFO TaskSchedulerImpl: Killing all running tasks in stage 5: Stage finished
[2025-09-02T01:33:20.586+0000] {spark_submit.py:579} INFO - 25/09/02 01:33:20 INFO DAGScheduler: Job 5 finished: jdbc at NativeMethodAccessorImpl.java:0, took 381.803439 ms
[2025-09-02T01:33:21.016+0000] {spark_submit.py:579} INFO - table kue_rapid has been loaded
[2025-09-02T01:33:21.243+0000] {spark_submit.py:579} INFO - 25/09/02 01:33:21 INFO SparkContext: Starting job: jdbc at NativeMethodAccessorImpl.java:0
[2025-09-02T01:33:21.244+0000] {spark_submit.py:579} INFO - 25/09/02 01:33:21 INFO DAGScheduler: Got job 6 (jdbc at NativeMethodAccessorImpl.java:0) with 2 output partitions
[2025-09-02T01:33:21.244+0000] {spark_submit.py:579} INFO - 25/09/02 01:33:21 INFO DAGScheduler: Final stage: ResultStage 6 (jdbc at NativeMethodAccessorImpl.java:0)
[2025-09-02T01:33:21.245+0000] {spark_submit.py:579} INFO - 25/09/02 01:33:21 INFO DAGScheduler: Parents of final stage: List()
[2025-09-02T01:33:21.246+0000] {spark_submit.py:579} INFO - 25/09/02 01:33:21 INFO DAGScheduler: Missing parents: List()
[2025-09-02T01:33:21.246+0000] {spark_submit.py:579} INFO - 25/09/02 01:33:21 INFO DAGScheduler: Submitting ResultStage 6 (MapPartitionsRDD[77] at jdbc at NativeMethodAccessorImpl.java:0), which has no missing parents
[2025-09-02T01:33:21.246+0000] {spark_submit.py:579} INFO - 25/09/02 01:33:21 INFO MemoryStore: Block broadcast_6 stored as values in memory (estimated size 27.1 KiB, free 434.3 MiB)
[2025-09-02T01:33:21.252+0000] {spark_submit.py:579} INFO - 25/09/02 01:33:21 INFO MemoryStore: Block broadcast_6_piece0 stored as bytes in memory (estimated size 12.4 KiB, free 434.3 MiB)
[2025-09-02T01:33:21.254+0000] {spark_submit.py:579} INFO - 25/09/02 01:33:21 INFO SparkContext: Created broadcast 6 from broadcast at DAGScheduler.scala:1676
[2025-09-02T01:33:21.256+0000] {spark_submit.py:579} INFO - 25/09/02 01:33:21 INFO DAGScheduler: Submitting 2 missing tasks from ResultStage 6 (MapPartitionsRDD[77] at jdbc at NativeMethodAccessorImpl.java:0) (first 15 tasks are for partitions Vector(0, 1))
[2025-09-02T01:33:21.257+0000] {spark_submit.py:579} INFO - 25/09/02 01:33:21 INFO TaskSchedulerImpl: Adding task set 6.0 with 2 tasks resource profile 0
[2025-09-02T01:33:21.257+0000] {spark_submit.py:579} INFO - 25/09/02 01:33:21 INFO TaskSetManager: Starting task 0.0 in stage 6.0 (TID 12) (172.18.0.5,executor 0, partition 0, PROCESS_LOCAL, 9868 bytes)
[2025-09-02T01:33:21.258+0000] {spark_submit.py:579} INFO - 25/09/02 01:33:21 INFO TaskSetManager: Starting task 1.0 in stage 6.0 (TID 13) (172.18.0.5,executor 0, partition 1, PROCESS_LOCAL, 10001 bytes)
[2025-09-02T01:33:21.392+0000] {spark_submit.py:579} INFO - 25/09/02 01:33:21 INFO TaskSetManager: Finished task 0.0 in stage 6.0 (TID 12) in 135 ms on 172.18.0.5 (executor 0) (1/2)
[2025-09-02T01:33:21.594+0000] {spark_submit.py:579} INFO - 25/09/02 01:33:21 INFO TaskSetManager: Finished task 1.0 in stage 6.0 (TID 13) in 336 ms on 172.18.0.5 (executor 0) (2/2)
[2025-09-02T01:33:21.594+0000] {spark_submit.py:579} INFO - 25/09/02 01:33:21 INFO TaskSchedulerImpl: Removed TaskSet 6.0 whose tasks have all completed, from pool
[2025-09-02T01:33:21.595+0000] {spark_submit.py:579} INFO - 25/09/02 01:33:21 INFO DAGScheduler: ResultStage 6 (jdbc at NativeMethodAccessorImpl.java:0) finished in 350 ms
[2025-09-02T01:33:21.595+0000] {spark_submit.py:579} INFO - 25/09/02 01:33:21 INFO DAGScheduler: Job 6 is finished. Cancelling potential speculative or zombie tasks for this job
[2025-09-02T01:33:21.596+0000] {spark_submit.py:579} INFO - 25/09/02 01:33:21 INFO TaskSchedulerImpl: Canceling stage 6
[2025-09-02T01:33:21.596+0000] {spark_submit.py:579} INFO - 25/09/02 01:33:21 INFO TaskSchedulerImpl: Killing all running tasks in stage 6: Stage finished
[2025-09-02T01:33:21.597+0000] {spark_submit.py:579} INFO - 25/09/02 01:33:21 INFO DAGScheduler: Job 6 finished: jdbc at NativeMethodAccessorImpl.java:0, took 352.675867 ms
[2025-09-02T01:33:21.893+0000] {spark_submit.py:579} INFO - table kue_blitz has been loaded
[2025-09-02T01:33:22.119+0000] {spark_submit.py:579} INFO - 25/09/02 01:33:22 INFO CodeGenerator: Code generated in 9.262682 ms
[2025-09-02T01:33:22.129+0000] {spark_submit.py:579} INFO - 25/09/02 01:33:22 INFO SparkContext: Starting job: jdbc at NativeMethodAccessorImpl.java:0
[2025-09-02T01:33:22.130+0000] {spark_submit.py:579} INFO - 25/09/02 01:33:22 INFO DAGScheduler: Got job 7 (jdbc at NativeMethodAccessorImpl.java:0) with 2 output partitions
[2025-09-02T01:33:22.130+0000] {spark_submit.py:579} INFO - 25/09/02 01:33:22 INFO DAGScheduler: Final stage: ResultStage 7 (jdbc at NativeMethodAccessorImpl.java:0)
[2025-09-02T01:33:22.131+0000] {spark_submit.py:579} INFO - 25/09/02 01:33:22 INFO DAGScheduler: Parents of final stage: List()
[2025-09-02T01:33:22.131+0000] {spark_submit.py:579} INFO - 25/09/02 01:33:22 INFO DAGScheduler: Missing parents: List()
[2025-09-02T01:33:22.131+0000] {spark_submit.py:579} INFO - 25/09/02 01:33:22 INFO DAGScheduler: Submitting ResultStage 7 (MapPartitionsRDD[81] at jdbc at NativeMethodAccessorImpl.java:0), which has no missing parents
[2025-09-02T01:33:22.133+0000] {spark_submit.py:579} INFO - 25/09/02 01:33:22 INFO MemoryStore: Block broadcast_7 stored as values in memory (estimated size 25.7 KiB, free 434.3 MiB)
[2025-09-02T01:33:22.141+0000] {spark_submit.py:579} INFO - 25/09/02 01:33:22 INFO MemoryStore: Block broadcast_7_piece0 stored as bytes in memory (estimated size 12.0 KiB, free 434.3 MiB)
[2025-09-02T01:33:22.142+0000] {spark_submit.py:579} INFO - 25/09/02 01:33:22 INFO SparkContext: Created broadcast 7 from broadcast at DAGScheduler.scala:1676
[2025-09-02T01:33:22.144+0000] {spark_submit.py:579} INFO - 25/09/02 01:33:22 INFO DAGScheduler: Submitting 2 missing tasks from ResultStage 7 (MapPartitionsRDD[81] at jdbc at NativeMethodAccessorImpl.java:0) (first 15 tasks are for partitions Vector(0, 1))
[2025-09-02T01:33:22.145+0000] {spark_submit.py:579} INFO - 25/09/02 01:33:22 INFO TaskSchedulerImpl: Adding task set 7.0 with 2 tasks resource profile 0
[2025-09-02T01:33:22.146+0000] {spark_submit.py:579} INFO - 25/09/02 01:33:22 INFO TaskSetManager: Starting task 0.0 in stage 7.0 (TID 14) (172.18.0.5,executor 0, partition 0, PROCESS_LOCAL, 9868 bytes)
[2025-09-02T01:33:22.146+0000] {spark_submit.py:579} INFO - 25/09/02 01:33:22 INFO TaskSetManager: Starting task 1.0 in stage 7.0 (TID 15) (172.18.0.5,executor 0, partition 1, PROCESS_LOCAL, 9927 bytes)
[2025-09-02T01:33:22.301+0000] {spark_submit.py:579} INFO - 25/09/02 01:33:22 INFO TaskSetManager: Finished task 0.0 in stage 7.0 (TID 14) in 157 ms on 172.18.0.5 (executor 0) (1/2)
[2025-09-02T01:33:22.494+0000] {spark_submit.py:579} INFO - 25/09/02 01:33:22 INFO TaskSetManager: Finished task 1.0 in stage 7.0 (TID 15) in 349 ms on 172.18.0.5 (executor 0) (2/2)
[2025-09-02T01:33:22.495+0000] {spark_submit.py:579} INFO - 25/09/02 01:33:22 INFO TaskSchedulerImpl: Removed TaskSet 7.0 whose tasks have all completed, from pool
[2025-09-02T01:33:22.495+0000] {spark_submit.py:579} INFO - 25/09/02 01:33:22 INFO DAGScheduler: ResultStage 7 (jdbc at NativeMethodAccessorImpl.java:0) finished in 364 ms
[2025-09-02T01:33:22.495+0000] {spark_submit.py:579} INFO - 25/09/02 01:33:22 INFO DAGScheduler: Job 7 is finished. Cancelling potential speculative or zombie tasks for this job
[2025-09-02T01:33:22.496+0000] {spark_submit.py:579} INFO - 25/09/02 01:33:22 INFO TaskSchedulerImpl: Canceling stage 7
[2025-09-02T01:33:22.496+0000] {spark_submit.py:579} INFO - 25/09/02 01:33:22 INFO TaskSchedulerImpl: Killing all running tasks in stage 7: Stage finished
[2025-09-02T01:33:22.496+0000] {spark_submit.py:579} INFO - 25/09/02 01:33:22 INFO DAGScheduler: Job 7 finished: jdbc at NativeMethodAccessorImpl.java:0, took 366.494782 ms
[2025-09-02T01:33:22.821+0000] {spark_submit.py:579} INFO - table kue_bullet has been loaded
[2025-09-02T01:33:23.016+0000] {spark_submit.py:579} INFO - 25/09/02 01:33:23 INFO CodeGenerator: Code generated in 7.650928 ms
[2025-09-02T01:33:23.027+0000] {spark_submit.py:579} INFO - 25/09/02 01:33:23 INFO SparkContext: Starting job: jdbc at NativeMethodAccessorImpl.java:0
[2025-09-02T01:33:23.028+0000] {spark_submit.py:579} INFO - 25/09/02 01:33:23 INFO DAGScheduler: Got job 8 (jdbc at NativeMethodAccessorImpl.java:0) with 2 output partitions
[2025-09-02T01:33:23.029+0000] {spark_submit.py:579} INFO - 25/09/02 01:33:23 INFO DAGScheduler: Final stage: ResultStage 8 (jdbc at NativeMethodAccessorImpl.java:0)
[2025-09-02T01:33:23.030+0000] {spark_submit.py:579} INFO - 25/09/02 01:33:23 INFO DAGScheduler: Parents of final stage: List()
[2025-09-02T01:33:23.030+0000] {spark_submit.py:579} INFO - 25/09/02 01:33:23 INFO DAGScheduler: Missing parents: List()
[2025-09-02T01:33:23.030+0000] {spark_submit.py:579} INFO - 25/09/02 01:33:23 INFO DAGScheduler: Submitting ResultStage 8 (MapPartitionsRDD[85] at jdbc at NativeMethodAccessorImpl.java:0), which has no missing parents
[2025-09-02T01:33:23.032+0000] {spark_submit.py:579} INFO - 25/09/02 01:33:23 INFO MemoryStore: Block broadcast_8 stored as values in memory (estimated size 25.3 KiB, free 434.3 MiB)
[2025-09-02T01:33:23.038+0000] {spark_submit.py:579} INFO - 25/09/02 01:33:23 INFO MemoryStore: Block broadcast_8_piece0 stored as bytes in memory (estimated size 12.0 KiB, free 434.3 MiB)
[2025-09-02T01:33:23.041+0000] {spark_submit.py:579} INFO - 25/09/02 01:33:23 INFO SparkContext: Created broadcast 8 from broadcast at DAGScheduler.scala:1676
[2025-09-02T01:33:23.042+0000] {spark_submit.py:579} INFO - 25/09/02 01:33:23 INFO DAGScheduler: Submitting 2 missing tasks from ResultStage 8 (MapPartitionsRDD[85] at jdbc at NativeMethodAccessorImpl.java:0) (first 15 tasks are for partitions Vector(0, 1))
[2025-09-02T01:33:23.042+0000] {spark_submit.py:579} INFO - 25/09/02 01:33:23 INFO TaskSchedulerImpl: Adding task set 8.0 with 2 tasks resource profile 0
[2025-09-02T01:33:23.043+0000] {spark_submit.py:579} INFO - 25/09/02 01:33:23 INFO TaskSetManager: Starting task 0.0 in stage 8.0 (TID 16) (172.18.0.5,executor 0, partition 0, PROCESS_LOCAL, 9868 bytes)
[2025-09-02T01:33:23.044+0000] {spark_submit.py:579} INFO - 25/09/02 01:33:23 INFO TaskSetManager: Starting task 1.0 in stage 8.0 (TID 17) (172.18.0.5,executor 0, partition 1, PROCESS_LOCAL, 9946 bytes)
[2025-09-02T01:33:23.220+0000] {spark_submit.py:579} INFO - 25/09/02 01:33:23 INFO TaskSetManager: Finished task 0.0 in stage 8.0 (TID 16) in 177 ms on 172.18.0.5 (executor 0) (1/2)
[2025-09-02T01:33:23.406+0000] {spark_submit.py:579} INFO - 25/09/02 01:33:23 INFO TaskSetManager: Finished task 1.0 in stage 8.0 (TID 17) in 361 ms on 172.18.0.5 (executor 0) (2/2)
[2025-09-02T01:33:23.406+0000] {spark_submit.py:579} INFO - 25/09/02 01:33:23 INFO TaskSchedulerImpl: Removed TaskSet 8.0 whose tasks have all completed, from pool
[2025-09-02T01:33:23.406+0000] {spark_submit.py:579} INFO - 25/09/02 01:33:23 INFO DAGScheduler: ResultStage 8 (jdbc at NativeMethodAccessorImpl.java:0) finished in 376 ms
[2025-09-02T01:33:23.406+0000] {spark_submit.py:579} INFO - 25/09/02 01:33:23 INFO DAGScheduler: Job 8 is finished. Cancelling potential speculative or zombie tasks for this job
[2025-09-02T01:33:23.407+0000] {spark_submit.py:579} INFO - 25/09/02 01:33:23 INFO TaskSchedulerImpl: Canceling stage 8
[2025-09-02T01:33:23.407+0000] {spark_submit.py:579} INFO - 25/09/02 01:33:23 INFO TaskSchedulerImpl: Killing all running tasks in stage 8: Stage finished
[2025-09-02T01:33:23.407+0000] {spark_submit.py:579} INFO - 25/09/02 01:33:23 INFO DAGScheduler: Job 8 finished: jdbc at NativeMethodAccessorImpl.java:0, took 379.341204 ms
[2025-09-02T01:33:23.710+0000] {spark_submit.py:579} INFO - table kue_tactics has been loaded
[2025-09-02T01:33:23.941+0000] {spark_submit.py:579} INFO - 25/09/02 01:33:23 INFO CodeGenerator: Code generated in 6.589227 ms
[2025-09-02T01:33:23.950+0000] {spark_submit.py:579} INFO - 25/09/02 01:33:23 INFO SparkContext: Starting job: jdbc at NativeMethodAccessorImpl.java:0
[2025-09-02T01:33:23.951+0000] {spark_submit.py:579} INFO - 25/09/02 01:33:23 INFO DAGScheduler: Got job 9 (jdbc at NativeMethodAccessorImpl.java:0) with 2 output partitions
[2025-09-02T01:33:23.951+0000] {spark_submit.py:579} INFO - 25/09/02 01:33:23 INFO DAGScheduler: Final stage: ResultStage 9 (jdbc at NativeMethodAccessorImpl.java:0)
[2025-09-02T01:33:23.952+0000] {spark_submit.py:579} INFO - 25/09/02 01:33:23 INFO DAGScheduler: Parents of final stage: List()
[2025-09-02T01:33:23.952+0000] {spark_submit.py:579} INFO - 25/09/02 01:33:23 INFO DAGScheduler: Missing parents: List()
[2025-09-02T01:33:23.952+0000] {spark_submit.py:579} INFO - 25/09/02 01:33:23 INFO DAGScheduler: Submitting ResultStage 9 (MapPartitionsRDD[89] at jdbc at NativeMethodAccessorImpl.java:0), which has no missing parents
[2025-09-02T01:33:23.954+0000] {spark_submit.py:579} INFO - 25/09/02 01:33:23 INFO MemoryStore: Block broadcast_9 stored as values in memory (estimated size 23.6 KiB, free 434.3 MiB)
[2025-09-02T01:33:23.959+0000] {spark_submit.py:579} INFO - 25/09/02 01:33:23 INFO MemoryStore: Block broadcast_9_piece0 stored as bytes in memory (estimated size 11.4 KiB, free 434.3 MiB)
[2025-09-02T01:33:23.961+0000] {spark_submit.py:579} INFO - 25/09/02 01:33:23 INFO SparkContext: Created broadcast 9 from broadcast at DAGScheduler.scala:1676
[2025-09-02T01:33:23.962+0000] {spark_submit.py:579} INFO - 25/09/02 01:33:23 INFO DAGScheduler: Submitting 2 missing tasks from ResultStage 9 (MapPartitionsRDD[89] at jdbc at NativeMethodAccessorImpl.java:0) (first 15 tasks are for partitions Vector(0, 1))
[2025-09-02T01:33:23.963+0000] {spark_submit.py:579} INFO - 25/09/02 01:33:23 INFO TaskSchedulerImpl: Adding task set 9.0 with 2 tasks resource profile 0
[2025-09-02T01:33:23.964+0000] {spark_submit.py:579} INFO - 25/09/02 01:33:23 INFO TaskSetManager: Starting task 0.0 in stage 9.0 (TID 18) (172.18.0.5,executor 0, partition 0, PROCESS_LOCAL, 9868 bytes)
[2025-09-02T01:33:23.964+0000] {spark_submit.py:579} INFO - 25/09/02 01:33:23 INFO TaskSetManager: Starting task 1.0 in stage 9.0 (TID 19) (172.18.0.5,executor 0, partition 1, PROCESS_LOCAL, 9899 bytes)
[2025-09-02T01:33:24.113+0000] {spark_submit.py:579} INFO - 25/09/02 01:33:24 INFO TaskSetManager: Finished task 0.0 in stage 9.0 (TID 18) in 150 ms on 172.18.0.5 (executor 0) (1/2)
[2025-09-02T01:33:24.318+0000] {spark_submit.py:579} INFO - 25/09/02 01:33:24 INFO TaskSetManager: Finished task 1.0 in stage 9.0 (TID 19) in 354 ms on 172.18.0.5 (executor 0) (2/2)
[2025-09-02T01:33:24.319+0000] {spark_submit.py:579} INFO - 25/09/02 01:33:24 INFO TaskSchedulerImpl: Removed TaskSet 9.0 whose tasks have all completed, from pool
[2025-09-02T01:33:24.319+0000] {spark_submit.py:579} INFO - 25/09/02 01:33:24 INFO DAGScheduler: ResultStage 9 (jdbc at NativeMethodAccessorImpl.java:0) finished in 367 ms
[2025-09-02T01:33:24.320+0000] {spark_submit.py:579} INFO - 25/09/02 01:33:24 INFO DAGScheduler: Job 9 is finished. Cancelling potential speculative or zombie tasks for this job
[2025-09-02T01:33:24.320+0000] {spark_submit.py:579} INFO - 25/09/02 01:33:24 INFO TaskSchedulerImpl: Canceling stage 9
[2025-09-02T01:33:24.320+0000] {spark_submit.py:579} INFO - 25/09/02 01:33:24 INFO TaskSchedulerImpl: Killing all running tasks in stage 9: Stage finished
[2025-09-02T01:33:24.321+0000] {spark_submit.py:579} INFO - 25/09/02 01:33:24 INFO DAGScheduler: Job 9 finished: jdbc at NativeMethodAccessorImpl.java:0, took 369.896606 ms
[2025-09-02T01:33:24.616+0000] {spark_submit.py:579} INFO - table kue_puzzle_rush has been loaded
[2025-09-02T01:33:24.707+0000] {spark_submit.py:579} INFO - 25/09/02 01:33:24 INFO SparkContext: Invoking stop() from shutdown hook
[2025-09-02T01:33:24.708+0000] {spark_submit.py:579} INFO - 25/09/02 01:33:24 INFO SparkContext: SparkContext is stopping with exitCode 0 from run at Executors.java:539.
[2025-09-02T01:33:24.715+0000] {spark_submit.py:579} INFO - 25/09/02 01:33:24 INFO SparkUI: Stopped Spark web UI at http://7b2a3a75c36f:4040
[2025-09-02T01:33:24.718+0000] {spark_submit.py:579} INFO - 25/09/02 01:33:24 INFO StandaloneSchedulerBackend: Shutting down all executors
[2025-09-02T01:33:24.719+0000] {spark_submit.py:579} INFO - 25/09/02 01:33:24 INFO StandaloneSchedulerBackend$StandaloneDriverEndpoint: Asking each executor to shut down
[2025-09-02T01:33:24.733+0000] {spark_submit.py:579} INFO - 25/09/02 01:33:24 INFO MapOutputTrackerMasterEndpoint: MapOutputTrackerMasterEndpoint stopped!
[2025-09-02T01:33:24.755+0000] {spark_submit.py:579} INFO - 25/09/02 01:33:24 INFO MemoryStore: MemoryStore cleared
[2025-09-02T01:33:24.755+0000] {spark_submit.py:579} INFO - 25/09/02 01:33:24 INFO BlockManager: BlockManager stopped
[2025-09-02T01:33:24.758+0000] {spark_submit.py:579} INFO - 25/09/02 01:33:24 INFO BlockManagerMaster: BlockManagerMaster stopped
[2025-09-02T01:33:24.760+0000] {spark_submit.py:579} INFO - 25/09/02 01:33:24 INFO OutputCommitCoordinator$OutputCommitCoordinatorEndpoint: OutputCommitCoordinator stopped!
[2025-09-02T01:33:24.776+0000] {spark_submit.py:579} INFO - 25/09/02 01:33:24 INFO SparkContext: Successfully stopped SparkContext
[2025-09-02T01:33:24.777+0000] {spark_submit.py:579} INFO - 25/09/02 01:33:24 INFO ShutdownHookManager: Shutdown hook called
[2025-09-02T01:33:24.777+0000] {spark_submit.py:579} INFO - 25/09/02 01:33:24 INFO ShutdownHookManager: Deleting directory /tmp/spark-27ae003b-185b-4f80-b120-dfed10017e16
[2025-09-02T01:33:24.784+0000] {spark_submit.py:579} INFO - 25/09/02 01:33:24 INFO ShutdownHookManager: Deleting directory /tmp/spark-e54544b8-d53c-4d7a-9f6c-479b716115c3
[2025-09-02T01:33:24.791+0000] {spark_submit.py:579} INFO - 25/09/02 01:33:24 INFO ShutdownHookManager: Deleting directory /tmp/spark-27ae003b-185b-4f80-b120-dfed10017e16/pyspark-ddb91de3-8399-4dd2-bec8-dfb766be3011
[2025-09-02T01:33:24.798+0000] {spark_submit.py:579} INFO - 25/09/02 01:33:24 INFO ShutdownHookManager: Deleting directory /opt/***/artifacts/spark-0e04bd35-93c8-4173-9ca9-db7d79078030
[2025-09-02T01:33:24.850+0000] {taskinstance.py:1398} INFO - Marking task as SUCCESS. dag_id=sparking_flow, task_id=python_job, execution_date=20250902T013257, start_date=20250902T013259, end_date=20250902T013324
[2025-09-02T01:33:24.899+0000] {local_task_job_runner.py:228} INFO - Task exited with return code 0
[2025-09-02T01:33:24.921+0000] {taskinstance.py:2776} INFO - 1 downstream tasks scheduled from follow-on schedule check
