[2025-08-10T00:22:35.249+0000] {taskinstance.py:1157} INFO - Dependencies all met for dep_context=non-requeueable deps ti=<TaskInstance: sparking_flow.start scheduled__2025-08-09T00:00:00+00:00 [queued]>
[2025-08-10T00:22:35.256+0000] {taskinstance.py:1157} INFO - Dependencies all met for dep_context=requeueable deps ti=<TaskInstance: sparking_flow.start scheduled__2025-08-09T00:00:00+00:00 [queued]>
[2025-08-10T00:22:35.257+0000] {taskinstance.py:1359} INFO - Starting attempt 1 of 1
[2025-08-10T00:22:35.271+0000] {taskinstance.py:1380} INFO - Executing <Task(PythonOperator): start> on 2025-08-09 00:00:00+00:00
[2025-08-10T00:22:35.276+0000] {standard_task_runner.py:57} INFO - Started process 583 to run task
[2025-08-10T00:22:35.280+0000] {standard_task_runner.py:84} INFO - Running: ['***', 'tasks', 'run', 'sparking_flow', 'start', 'scheduled__2025-08-09T00:00:00+00:00', '--job-id', '3', '--raw', '--subdir', 'DAGS_FOLDER/spark_***.py', '--cfg-path', '/tmp/tmph35_knnw']
[2025-08-10T00:22:35.284+0000] {standard_task_runner.py:85} INFO - Job 3: Subtask start
[2025-08-10T00:22:35.362+0000] {task_command.py:415} INFO - Running <TaskInstance: sparking_flow.start scheduled__2025-08-09T00:00:00+00:00 [running]> on host 95fb1ebfe85f
[2025-08-10T00:22:35.462+0000] {taskinstance.py:1660} INFO - Exporting env vars: AIRFLOW_CTX_DAG_OWNER='Yusuf Ganiyu' AIRFLOW_CTX_DAG_ID='sparking_flow' AIRFLOW_CTX_TASK_ID='start' AIRFLOW_CTX_EXECUTION_DATE='2025-08-09T00:00:00+00:00' AIRFLOW_CTX_TRY_NUMBER='1' AIRFLOW_CTX_DAG_RUN_ID='scheduled__2025-08-09T00:00:00+00:00'
[2025-08-10T00:22:35.463+0000] {logging_mixin.py:151} INFO - Jobs started
[2025-08-10T00:22:35.464+0000] {python.py:194} INFO - Done. Returned value was: None
[2025-08-10T00:22:35.476+0000] {taskinstance.py:1398} INFO - Marking task as SUCCESS. dag_id=sparking_flow, task_id=start, execution_date=20250809T000000, start_date=20250810T002235, end_date=20250810T002235
[2025-08-10T00:22:35.494+0000] {local_task_job_runner.py:228} INFO - Task exited with return code 0
[2025-08-10T00:22:35.520+0000] {taskinstance.py:2776} INFO - 1 downstream tasks scheduled from follow-on schedule check
[2025-08-10T09:57:15.086+0000] {taskinstance.py:1157} INFO - Dependencies all met for dep_context=non-requeueable deps ti=<TaskInstance: sparking_flow.start scheduled__2025-08-09T00:00:00+00:00 [queued]>
[2025-08-10T09:57:15.094+0000] {taskinstance.py:1157} INFO - Dependencies all met for dep_context=requeueable deps ti=<TaskInstance: sparking_flow.start scheduled__2025-08-09T00:00:00+00:00 [queued]>
[2025-08-10T09:57:15.095+0000] {taskinstance.py:1359} INFO - Starting attempt 1 of 1
[2025-08-10T09:57:15.109+0000] {taskinstance.py:1380} INFO - Executing <Task(PythonOperator): start> on 2025-08-09 00:00:00+00:00
[2025-08-10T09:57:15.127+0000] {standard_task_runner.py:57} INFO - Started process 323 to run task
[2025-08-10T09:57:15.170+0000] {standard_task_runner.py:84} INFO - Running: ['***', 'tasks', 'run', 'sparking_flow', 'start', 'scheduled__2025-08-09T00:00:00+00:00', '--job-id', '3', '--raw', '--subdir', 'DAGS_FOLDER/spark_***.py', '--cfg-path', '/tmp/tmpvrgs8d6b']
[2025-08-10T09:57:15.224+0000] {standard_task_runner.py:85} INFO - Job 3: Subtask start
[2025-08-10T09:57:15.570+0000] {task_command.py:415} INFO - Running <TaskInstance: sparking_flow.start scheduled__2025-08-09T00:00:00+00:00 [running]> on host 08d0cfb138c0
[2025-08-10T09:57:15.802+0000] {taskinstance.py:1660} INFO - Exporting env vars: AIRFLOW_CTX_DAG_OWNER='Yusuf Ganiyu' AIRFLOW_CTX_DAG_ID='sparking_flow' AIRFLOW_CTX_TASK_ID='start' AIRFLOW_CTX_EXECUTION_DATE='2025-08-09T00:00:00+00:00' AIRFLOW_CTX_TRY_NUMBER='1' AIRFLOW_CTX_DAG_RUN_ID='scheduled__2025-08-09T00:00:00+00:00'
[2025-08-10T09:57:15.805+0000] {logging_mixin.py:151} INFO - Jobs started
[2025-08-10T09:57:15.806+0000] {python.py:194} INFO - Done. Returned value was: None
[2025-08-10T09:57:15.832+0000] {taskinstance.py:1398} INFO - Marking task as SUCCESS. dag_id=sparking_flow, task_id=start, execution_date=20250809T000000, start_date=20250810T095715, end_date=20250810T095715
[2025-08-10T09:57:15.900+0000] {local_task_job_runner.py:228} INFO - Task exited with return code 0
[2025-08-10T09:57:15.931+0000] {taskinstance.py:2776} INFO - 1 downstream tasks scheduled from follow-on schedule check
[2025-08-10T12:54:05.311+0000] {taskinstance.py:1157} INFO - Dependencies all met for dep_context=non-requeueable deps ti=<TaskInstance: sparking_flow.start scheduled__2025-08-09T00:00:00+00:00 [queued]>
[2025-08-10T12:54:05.320+0000] {taskinstance.py:1157} INFO - Dependencies all met for dep_context=requeueable deps ti=<TaskInstance: sparking_flow.start scheduled__2025-08-09T00:00:00+00:00 [queued]>
[2025-08-10T12:54:05.320+0000] {taskinstance.py:1359} INFO - Starting attempt 1 of 1
[2025-08-10T12:54:05.333+0000] {taskinstance.py:1380} INFO - Executing <Task(PythonOperator): start> on 2025-08-09 00:00:00+00:00
[2025-08-10T12:54:05.349+0000] {standard_task_runner.py:57} INFO - Started process 224 to run task
[2025-08-10T12:54:05.353+0000] {standard_task_runner.py:84} INFO - Running: ['***', 'tasks', 'run', 'sparking_flow', 'start', 'scheduled__2025-08-09T00:00:00+00:00', '--job-id', '3', '--raw', '--subdir', 'DAGS_FOLDER/spark_***.py', '--cfg-path', '/tmp/tmpntnaf00v']
[2025-08-10T12:54:05.363+0000] {standard_task_runner.py:85} INFO - Job 3: Subtask start
[2025-08-10T12:54:05.561+0000] {task_command.py:415} INFO - Running <TaskInstance: sparking_flow.start scheduled__2025-08-09T00:00:00+00:00 [running]> on host a8625f1109c7
[2025-08-10T12:54:05.676+0000] {taskinstance.py:1660} INFO - Exporting env vars: AIRFLOW_CTX_DAG_OWNER='Yusuf Ganiyu' AIRFLOW_CTX_DAG_ID='sparking_flow' AIRFLOW_CTX_TASK_ID='start' AIRFLOW_CTX_EXECUTION_DATE='2025-08-09T00:00:00+00:00' AIRFLOW_CTX_TRY_NUMBER='1' AIRFLOW_CTX_DAG_RUN_ID='scheduled__2025-08-09T00:00:00+00:00'
[2025-08-10T12:54:05.677+0000] {logging_mixin.py:151} INFO - Jobs started
[2025-08-10T12:54:05.678+0000] {python.py:194} INFO - Done. Returned value was: None
[2025-08-10T12:54:05.689+0000] {taskinstance.py:1398} INFO - Marking task as SUCCESS. dag_id=sparking_flow, task_id=start, execution_date=20250809T000000, start_date=20250810T125405, end_date=20250810T125405
[2025-08-10T12:54:05.730+0000] {local_task_job_runner.py:228} INFO - Task exited with return code 0
[2025-08-10T12:54:05.755+0000] {taskinstance.py:2776} INFO - 1 downstream tasks scheduled from follow-on schedule check
[2025-08-10T13:17:30.423+0000] {taskinstance.py:1157} INFO - Dependencies all met for dep_context=non-requeueable deps ti=<TaskInstance: sparking_flow.start scheduled__2025-08-09T00:00:00+00:00 [queued]>
[2025-08-10T13:17:30.430+0000] {taskinstance.py:1157} INFO - Dependencies all met for dep_context=requeueable deps ti=<TaskInstance: sparking_flow.start scheduled__2025-08-09T00:00:00+00:00 [queued]>
[2025-08-10T13:17:30.431+0000] {taskinstance.py:1359} INFO - Starting attempt 1 of 1
[2025-08-10T13:17:30.445+0000] {taskinstance.py:1380} INFO - Executing <Task(PythonOperator): start> on 2025-08-09 00:00:00+00:00
[2025-08-10T13:17:30.458+0000] {standard_task_runner.py:57} INFO - Started process 208 to run task
[2025-08-10T13:17:30.462+0000] {standard_task_runner.py:84} INFO - Running: ['***', 'tasks', 'run', 'sparking_flow', 'start', 'scheduled__2025-08-09T00:00:00+00:00', '--job-id', '2', '--raw', '--subdir', 'DAGS_FOLDER/spark_***.py', '--cfg-path', '/tmp/tmp8s1kxlt0']
[2025-08-10T13:17:30.468+0000] {standard_task_runner.py:85} INFO - Job 2: Subtask start
[2025-08-10T13:17:30.564+0000] {task_command.py:415} INFO - Running <TaskInstance: sparking_flow.start scheduled__2025-08-09T00:00:00+00:00 [running]> on host a565ada56043
[2025-08-10T13:17:30.668+0000] {taskinstance.py:1660} INFO - Exporting env vars: AIRFLOW_CTX_DAG_OWNER='Yusuf Ganiyu' AIRFLOW_CTX_DAG_ID='sparking_flow' AIRFLOW_CTX_TASK_ID='start' AIRFLOW_CTX_EXECUTION_DATE='2025-08-09T00:00:00+00:00' AIRFLOW_CTX_TRY_NUMBER='1' AIRFLOW_CTX_DAG_RUN_ID='scheduled__2025-08-09T00:00:00+00:00'
[2025-08-10T13:17:30.671+0000] {logging_mixin.py:151} INFO - Jobs started
[2025-08-10T13:17:30.671+0000] {python.py:194} INFO - Done. Returned value was: None
[2025-08-10T13:17:30.686+0000] {taskinstance.py:1398} INFO - Marking task as SUCCESS. dag_id=sparking_flow, task_id=start, execution_date=20250809T000000, start_date=20250810T131730, end_date=20250810T131730
[2025-08-10T13:17:30.718+0000] {local_task_job_runner.py:228} INFO - Task exited with return code 0
[2025-08-10T13:17:30.748+0000] {taskinstance.py:2776} INFO - 1 downstream tasks scheduled from follow-on schedule check
[2025-08-10T14:39:03.084+0000] {taskinstance.py:1157} INFO - Dependencies all met for dep_context=non-requeueable deps ti=<TaskInstance: sparking_flow.start scheduled__2025-08-09T00:00:00+00:00 [queued]>
[2025-08-10T14:39:03.095+0000] {taskinstance.py:1157} INFO - Dependencies all met for dep_context=requeueable deps ti=<TaskInstance: sparking_flow.start scheduled__2025-08-09T00:00:00+00:00 [queued]>
[2025-08-10T14:39:03.096+0000] {taskinstance.py:1359} INFO - Starting attempt 1 of 1
[2025-08-10T14:39:03.141+0000] {taskinstance.py:1380} INFO - Executing <Task(PythonOperator): start> on 2025-08-09 00:00:00+00:00
[2025-08-10T14:39:03.159+0000] {standard_task_runner.py:57} INFO - Started process 204 to run task
[2025-08-10T14:39:03.163+0000] {standard_task_runner.py:84} INFO - Running: ['***', 'tasks', 'run', 'sparking_flow', 'start', 'scheduled__2025-08-09T00:00:00+00:00', '--job-id', '2', '--raw', '--subdir', 'DAGS_FOLDER/spark_***.py', '--cfg-path', '/tmp/tmpghg9bv_i']
[2025-08-10T14:39:03.166+0000] {standard_task_runner.py:85} INFO - Job 2: Subtask start
[2025-08-10T14:39:03.294+0000] {task_command.py:415} INFO - Running <TaskInstance: sparking_flow.start scheduled__2025-08-09T00:00:00+00:00 [running]> on host b165964c8bb3
[2025-08-10T14:39:03.429+0000] {taskinstance.py:1660} INFO - Exporting env vars: AIRFLOW_CTX_DAG_OWNER='Yusuf Ganiyu' AIRFLOW_CTX_DAG_ID='sparking_flow' AIRFLOW_CTX_TASK_ID='start' AIRFLOW_CTX_EXECUTION_DATE='2025-08-09T00:00:00+00:00' AIRFLOW_CTX_TRY_NUMBER='1' AIRFLOW_CTX_DAG_RUN_ID='scheduled__2025-08-09T00:00:00+00:00'
[2025-08-10T14:39:03.434+0000] {logging_mixin.py:151} INFO - Jobs started
[2025-08-10T14:39:03.434+0000] {python.py:194} INFO - Done. Returned value was: None
[2025-08-10T14:39:03.456+0000] {taskinstance.py:1398} INFO - Marking task as SUCCESS. dag_id=sparking_flow, task_id=start, execution_date=20250809T000000, start_date=20250810T143903, end_date=20250810T143903
[2025-08-10T14:39:03.496+0000] {local_task_job_runner.py:228} INFO - Task exited with return code 0
[2025-08-10T14:39:03.525+0000] {taskinstance.py:2776} INFO - 1 downstream tasks scheduled from follow-on schedule check
[2025-08-10T14:45:41.995+0000] {taskinstance.py:1157} INFO - Dependencies all met for dep_context=non-requeueable deps ti=<TaskInstance: sparking_flow.start scheduled__2025-08-09T00:00:00+00:00 [queued]>
[2025-08-10T14:45:42.004+0000] {taskinstance.py:1157} INFO - Dependencies all met for dep_context=requeueable deps ti=<TaskInstance: sparking_flow.start scheduled__2025-08-09T00:00:00+00:00 [queued]>
[2025-08-10T14:45:42.004+0000] {taskinstance.py:1359} INFO - Starting attempt 1 of 1
[2025-08-10T14:45:42.015+0000] {taskinstance.py:1380} INFO - Executing <Task(PythonOperator): start> on 2025-08-09 00:00:00+00:00
[2025-08-10T14:45:42.023+0000] {standard_task_runner.py:57} INFO - Started process 219 to run task
[2025-08-10T14:45:42.026+0000] {standard_task_runner.py:84} INFO - Running: ['***', 'tasks', 'run', 'sparking_flow', 'start', 'scheduled__2025-08-09T00:00:00+00:00', '--job-id', '2', '--raw', '--subdir', 'DAGS_FOLDER/spark_***.py', '--cfg-path', '/tmp/tmp8mxld9p_']
[2025-08-10T14:45:42.030+0000] {standard_task_runner.py:85} INFO - Job 2: Subtask start
[2025-08-10T14:45:42.119+0000] {task_command.py:415} INFO - Running <TaskInstance: sparking_flow.start scheduled__2025-08-09T00:00:00+00:00 [running]> on host 0941e0e18279
[2025-08-10T14:45:42.212+0000] {taskinstance.py:1660} INFO - Exporting env vars: AIRFLOW_CTX_DAG_OWNER='Yusuf Ganiyu' AIRFLOW_CTX_DAG_ID='sparking_flow' AIRFLOW_CTX_TASK_ID='start' AIRFLOW_CTX_EXECUTION_DATE='2025-08-09T00:00:00+00:00' AIRFLOW_CTX_TRY_NUMBER='1' AIRFLOW_CTX_DAG_RUN_ID='scheduled__2025-08-09T00:00:00+00:00'
[2025-08-10T14:45:42.214+0000] {logging_mixin.py:151} INFO - Jobs started
[2025-08-10T14:45:42.214+0000] {python.py:194} INFO - Done. Returned value was: None
[2025-08-10T14:45:42.228+0000] {taskinstance.py:1398} INFO - Marking task as SUCCESS. dag_id=sparking_flow, task_id=start, execution_date=20250809T000000, start_date=20250810T144541, end_date=20250810T144542
[2025-08-10T14:45:42.279+0000] {local_task_job_runner.py:228} INFO - Task exited with return code 0
[2025-08-10T14:45:42.307+0000] {taskinstance.py:2776} INFO - 1 downstream tasks scheduled from follow-on schedule check
[2025-08-10T14:57:23.124+0000] {taskinstance.py:1157} INFO - Dependencies all met for dep_context=non-requeueable deps ti=<TaskInstance: sparking_flow.start scheduled__2025-08-09T00:00:00+00:00 [queued]>
[2025-08-10T14:57:23.132+0000] {taskinstance.py:1157} INFO - Dependencies all met for dep_context=requeueable deps ti=<TaskInstance: sparking_flow.start scheduled__2025-08-09T00:00:00+00:00 [queued]>
[2025-08-10T14:57:23.133+0000] {taskinstance.py:1359} INFO - Starting attempt 1 of 1
[2025-08-10T14:57:23.146+0000] {taskinstance.py:1380} INFO - Executing <Task(PythonOperator): start> on 2025-08-09 00:00:00+00:00
[2025-08-10T14:57:23.167+0000] {standard_task_runner.py:57} INFO - Started process 199 to run task
[2025-08-10T14:57:23.172+0000] {standard_task_runner.py:84} INFO - Running: ['***', 'tasks', 'run', 'sparking_flow', 'start', 'scheduled__2025-08-09T00:00:00+00:00', '--job-id', '2', '--raw', '--subdir', 'DAGS_FOLDER/spark_***.py', '--cfg-path', '/tmp/tmp288ni3ox']
[2025-08-10T14:57:23.176+0000] {standard_task_runner.py:85} INFO - Job 2: Subtask start
[2025-08-10T14:57:23.286+0000] {task_command.py:415} INFO - Running <TaskInstance: sparking_flow.start scheduled__2025-08-09T00:00:00+00:00 [running]> on host bbbd335a28b1
[2025-08-10T14:57:23.406+0000] {taskinstance.py:1660} INFO - Exporting env vars: AIRFLOW_CTX_DAG_OWNER='Yusuf Ganiyu' AIRFLOW_CTX_DAG_ID='sparking_flow' AIRFLOW_CTX_TASK_ID='start' AIRFLOW_CTX_EXECUTION_DATE='2025-08-09T00:00:00+00:00' AIRFLOW_CTX_TRY_NUMBER='1' AIRFLOW_CTX_DAG_RUN_ID='scheduled__2025-08-09T00:00:00+00:00'
[2025-08-10T14:57:23.408+0000] {logging_mixin.py:151} INFO - Jobs started
[2025-08-10T14:57:23.408+0000] {python.py:194} INFO - Done. Returned value was: None
[2025-08-10T14:57:23.428+0000] {taskinstance.py:1398} INFO - Marking task as SUCCESS. dag_id=sparking_flow, task_id=start, execution_date=20250809T000000, start_date=20250810T145723, end_date=20250810T145723
[2025-08-10T14:57:23.467+0000] {local_task_job_runner.py:228} INFO - Task exited with return code 0
[2025-08-10T14:57:23.496+0000] {taskinstance.py:2776} INFO - 1 downstream tasks scheduled from follow-on schedule check
[2025-08-10T15:03:36.230+0000] {taskinstance.py:1157} INFO - Dependencies all met for dep_context=non-requeueable deps ti=<TaskInstance: sparking_flow.start scheduled__2025-08-09T00:00:00+00:00 [queued]>
[2025-08-10T15:03:36.237+0000] {taskinstance.py:1157} INFO - Dependencies all met for dep_context=requeueable deps ti=<TaskInstance: sparking_flow.start scheduled__2025-08-09T00:00:00+00:00 [queued]>
[2025-08-10T15:03:36.237+0000] {taskinstance.py:1359} INFO - Starting attempt 1 of 1
[2025-08-10T15:03:36.251+0000] {taskinstance.py:1380} INFO - Executing <Task(PythonOperator): start> on 2025-08-09 00:00:00+00:00
[2025-08-10T15:03:36.262+0000] {standard_task_runner.py:57} INFO - Started process 209 to run task
[2025-08-10T15:03:36.266+0000] {standard_task_runner.py:84} INFO - Running: ['***', 'tasks', 'run', 'sparking_flow', 'start', 'scheduled__2025-08-09T00:00:00+00:00', '--job-id', '2', '--raw', '--subdir', 'DAGS_FOLDER/spark_***.py', '--cfg-path', '/tmp/tmp6eub0ua5']
[2025-08-10T15:03:36.269+0000] {standard_task_runner.py:85} INFO - Job 2: Subtask start
[2025-08-10T15:03:36.358+0000] {task_command.py:415} INFO - Running <TaskInstance: sparking_flow.start scheduled__2025-08-09T00:00:00+00:00 [running]> on host dab662e4aa8d
[2025-08-10T15:03:36.442+0000] {taskinstance.py:1660} INFO - Exporting env vars: AIRFLOW_CTX_DAG_OWNER='Yusuf Ganiyu' AIRFLOW_CTX_DAG_ID='sparking_flow' AIRFLOW_CTX_TASK_ID='start' AIRFLOW_CTX_EXECUTION_DATE='2025-08-09T00:00:00+00:00' AIRFLOW_CTX_TRY_NUMBER='1' AIRFLOW_CTX_DAG_RUN_ID='scheduled__2025-08-09T00:00:00+00:00'
[2025-08-10T15:03:36.444+0000] {logging_mixin.py:151} INFO - Jobs started
[2025-08-10T15:03:36.445+0000] {python.py:194} INFO - Done. Returned value was: None
[2025-08-10T15:03:36.455+0000] {taskinstance.py:1398} INFO - Marking task as SUCCESS. dag_id=sparking_flow, task_id=start, execution_date=20250809T000000, start_date=20250810T150336, end_date=20250810T150336
[2025-08-10T15:03:36.478+0000] {local_task_job_runner.py:228} INFO - Task exited with return code 0
[2025-08-10T15:03:36.502+0000] {taskinstance.py:2776} INFO - 1 downstream tasks scheduled from follow-on schedule check
