[2025-08-10T06:13:57.488+0000] {taskinstance.py:1157} INFO - Dependencies all met for dep_context=non-requeueable deps ti=<TaskInstance: sparking_flow.python_job manual__2025-08-10T06:13:54.986077+00:00 [queued]>
[2025-08-10T06:13:57.496+0000] {taskinstance.py:1157} INFO - Dependencies all met for dep_context=requeueable deps ti=<TaskInstance: sparking_flow.python_job manual__2025-08-10T06:13:54.986077+00:00 [queued]>
[2025-08-10T06:13:57.496+0000] {taskinstance.py:1359} INFO - Starting attempt 1 of 1
[2025-08-10T06:13:57.507+0000] {taskinstance.py:1380} INFO - Executing <Task(SparkSubmitOperator): python_job> on 2025-08-10 06:13:54.986077+00:00
[2025-08-10T06:13:57.512+0000] {standard_task_runner.py:57} INFO - Started process 5249 to run task
[2025-08-10T06:13:57.518+0000] {standard_task_runner.py:84} INFO - Running: ['***', 'tasks', 'run', 'sparking_flow', 'python_job', 'manual__2025-08-10T06:13:54.986077+00:00', '--job-id', '17', '--raw', '--subdir', 'DAGS_FOLDER/spark_***.py', '--cfg-path', '/tmp/tmpkplyxrot']
[2025-08-10T06:13:57.524+0000] {standard_task_runner.py:85} INFO - Job 17: Subtask python_job
[2025-08-10T06:13:57.600+0000] {task_command.py:415} INFO - Running <TaskInstance: sparking_flow.python_job manual__2025-08-10T06:13:54.986077+00:00 [running]> on host 95fb1ebfe85f
[2025-08-10T06:13:57.683+0000] {taskinstance.py:1660} INFO - Exporting env vars: AIRFLOW_CTX_DAG_OWNER='Yusuf Ganiyu' AIRFLOW_CTX_DAG_ID='sparking_flow' AIRFLOW_CTX_TASK_ID='python_job' AIRFLOW_CTX_EXECUTION_DATE='2025-08-10T06:13:54.986077+00:00' AIRFLOW_CTX_TRY_NUMBER='1' AIRFLOW_CTX_DAG_RUN_ID='manual__2025-08-10T06:13:54.986077+00:00'
[2025-08-10T06:13:57.696+0000] {base.py:73} INFO - Using connection ID 'spark-conn' for task execution.
[2025-08-10T06:13:57.697+0000] {spark_submit.py:403} INFO - Spark-Submit cmd: spark-submit --master sparkling-spark-master-1:7077 --name arrow-spark --deploy-mode client jobs/python/wordcountjob.py
[2025-08-10T06:13:58.104+0000] {spark_submit.py:579} INFO - WARNING: Using incubator modules: jdk.incubator.vector
[2025-08-10T06:14:01.030+0000] {spark_submit.py:579} INFO - Using Spark's default log4j profile: org/apache/spark/log4j2-defaults.properties
[2025-08-10T06:14:01.039+0000] {spark_submit.py:579} INFO - 25/08/10 06:14:01 INFO SparkContext: Running Spark version 4.0.0
[2025-08-10T06:14:01.044+0000] {spark_submit.py:579} INFO - 25/08/10 06:14:01 INFO SparkContext: OS info Linux, 6.6.87.2-microsoft-standard-WSL2, amd64
[2025-08-10T06:14:01.044+0000] {spark_submit.py:579} INFO - 25/08/10 06:14:01 INFO SparkContext: Java version 17.0.15
[2025-08-10T06:14:01.117+0000] {spark_submit.py:579} INFO - 25/08/10 06:14:01 WARN NativeCodeLoader: Unable to load native-hadoop library for your platform... using builtin-java classes where applicable
[2025-08-10T06:14:01.168+0000] {spark_submit.py:579} INFO - 25/08/10 06:14:01 INFO ResourceUtils: ==============================================================
[2025-08-10T06:14:01.168+0000] {spark_submit.py:579} INFO - 25/08/10 06:14:01 INFO ResourceUtils: No custom resources configured for spark.driver.
[2025-08-10T06:14:01.169+0000] {spark_submit.py:579} INFO - 25/08/10 06:14:01 INFO ResourceUtils: ==============================================================
[2025-08-10T06:14:01.169+0000] {spark_submit.py:579} INFO - 25/08/10 06:14:01 INFO SparkContext: Submitted application: PythonWordCount
[2025-08-10T06:14:01.191+0000] {spark_submit.py:579} INFO - 25/08/10 06:14:01 INFO ResourceProfile: Default ResourceProfile created, executor resources: Map(cores -> name: cores, amount: 1, script: , vendor: , memory -> name: memory, amount: 1024, script: , vendor: , offHeap -> name: offHeap, amount: 0, script: , vendor: ), task resources: Map(cpus -> name: cpus, amount: 1.0)
[2025-08-10T06:14:01.194+0000] {spark_submit.py:579} INFO - 25/08/10 06:14:01 INFO ResourceProfile: Limiting resource is cpu
[2025-08-10T06:14:01.196+0000] {spark_submit.py:579} INFO - 25/08/10 06:14:01 INFO ResourceProfileManager: Added ResourceProfile id: 0
[2025-08-10T06:14:01.234+0000] {spark_submit.py:579} INFO - 25/08/10 06:14:01 INFO SecurityManager: Changing view acls to: ***
[2025-08-10T06:14:01.235+0000] {spark_submit.py:579} INFO - 25/08/10 06:14:01 INFO SecurityManager: Changing modify acls to: ***
[2025-08-10T06:14:01.235+0000] {spark_submit.py:579} INFO - 25/08/10 06:14:01 INFO SecurityManager: Changing view acls groups to: ***
[2025-08-10T06:14:01.236+0000] {spark_submit.py:579} INFO - 25/08/10 06:14:01 INFO SecurityManager: Changing modify acls groups to: ***
[2025-08-10T06:14:01.236+0000] {spark_submit.py:579} INFO - 25/08/10 06:14:01 INFO SecurityManager: SecurityManager: authentication disabled; ui acls disabled; users with view permissions: *** groups with view permissions: EMPTY; users with modify permissions: ***; groups with modify permissions: EMPTY; RPC SSL disabled
[2025-08-10T06:14:01.483+0000] {spark_submit.py:579} INFO - 25/08/10 06:14:01 INFO Utils: Successfully started service 'sparkDriver' on port 36037.
[2025-08-10T06:14:01.530+0000] {spark_submit.py:579} INFO - 25/08/10 06:14:01 INFO SparkEnv: Registering MapOutputTracker
[2025-08-10T06:14:01.548+0000] {spark_submit.py:579} INFO - 25/08/10 06:14:01 INFO SparkEnv: Registering BlockManagerMaster
[2025-08-10T06:14:01.576+0000] {spark_submit.py:579} INFO - 25/08/10 06:14:01 INFO BlockManagerMasterEndpoint: Using org.apache.spark.storage.DefaultTopologyMapper for getting topology information
[2025-08-10T06:14:01.577+0000] {spark_submit.py:579} INFO - 25/08/10 06:14:01 INFO BlockManagerMasterEndpoint: BlockManagerMasterEndpoint up
[2025-08-10T06:14:01.582+0000] {spark_submit.py:579} INFO - 25/08/10 06:14:01 INFO SparkEnv: Registering BlockManagerMasterHeartbeat
[2025-08-10T06:14:01.613+0000] {spark_submit.py:579} INFO - 25/08/10 06:14:01 INFO DiskBlockManager: Created local directory at /tmp/blockmgr-5fc7e42c-df1c-4656-9bfc-71e7a1505b96
[2025-08-10T06:14:01.639+0000] {spark_submit.py:579} INFO - 25/08/10 06:14:01 INFO SparkEnv: Registering OutputCommitCoordinator
[2025-08-10T06:14:01.772+0000] {spark_submit.py:579} INFO - 25/08/10 06:14:01 INFO JettyUtils: Start Jetty 0.0.0.0:4040 for SparkUI
[2025-08-10T06:14:01.842+0000] {spark_submit.py:579} INFO - 25/08/10 06:14:01 INFO Utils: Successfully started service 'SparkUI' on port 4040.
[2025-08-10T06:14:01.895+0000] {spark_submit.py:579} INFO - 25/08/10 06:14:01 INFO SecurityManager: Changing view acls to: ***
[2025-08-10T06:14:01.895+0000] {spark_submit.py:579} INFO - 25/08/10 06:14:01 INFO SecurityManager: Changing modify acls to: ***
[2025-08-10T06:14:01.896+0000] {spark_submit.py:579} INFO - 25/08/10 06:14:01 INFO SecurityManager: Changing view acls groups to: ***
[2025-08-10T06:14:01.896+0000] {spark_submit.py:579} INFO - 25/08/10 06:14:01 INFO SecurityManager: Changing modify acls groups to: ***
[2025-08-10T06:14:01.897+0000] {spark_submit.py:579} INFO - 25/08/10 06:14:01 INFO SecurityManager: SecurityManager: authentication disabled; ui acls disabled; users with view permissions: *** groups with view permissions: EMPTY; users with modify permissions: ***; groups with modify permissions: EMPTY; RPC SSL disabled
[2025-08-10T06:14:01.924+0000] {spark_submit.py:579} INFO - 25/08/10 06:14:01 ERROR SparkContext: Error initializing SparkContext.
[2025-08-10T06:14:01.925+0000] {spark_submit.py:579} INFO - org.apache.spark.SparkException: Could not parse Master URL: 'sparkling-spark-master-1:7077'
[2025-08-10T06:14:01.925+0000] {spark_submit.py:579} INFO - at org.apache.spark.SparkContext$.org$apache$spark$SparkContext$$createTaskScheduler(SparkContext.scala:3358)
[2025-08-10T06:14:01.926+0000] {spark_submit.py:579} INFO - at org.apache.spark.SparkContext.<init>(SparkContext.scala:593)
[2025-08-10T06:14:01.926+0000] {spark_submit.py:579} INFO - at org.apache.spark.api.java.JavaSparkContext.<init>(JavaSparkContext.scala:59)
[2025-08-10T06:14:01.927+0000] {spark_submit.py:579} INFO - at java.base/jdk.internal.reflect.NativeConstructorAccessorImpl.newInstance0(Native Method)
[2025-08-10T06:14:01.927+0000] {spark_submit.py:579} INFO - at java.base/jdk.internal.reflect.NativeConstructorAccessorImpl.newInstance(NativeConstructorAccessorImpl.java:77)
[2025-08-10T06:14:01.927+0000] {spark_submit.py:579} INFO - at java.base/jdk.internal.reflect.DelegatingConstructorAccessorImpl.newInstance(DelegatingConstructorAccessorImpl.java:45)
[2025-08-10T06:14:01.928+0000] {spark_submit.py:579} INFO - at java.base/java.lang.reflect.Constructor.newInstanceWithCaller(Constructor.java:500)
[2025-08-10T06:14:01.928+0000] {spark_submit.py:579} INFO - at java.base/java.lang.reflect.Constructor.newInstance(Constructor.java:481)
[2025-08-10T06:14:01.928+0000] {spark_submit.py:579} INFO - at py4j.reflection.MethodInvoker.invoke(MethodInvoker.java:247)
[2025-08-10T06:14:01.929+0000] {spark_submit.py:579} INFO - at py4j.reflection.ReflectionEngine.invoke(ReflectionEngine.java:374)
[2025-08-10T06:14:01.929+0000] {spark_submit.py:579} INFO - at py4j.Gateway.invoke(Gateway.java:238)
[2025-08-10T06:14:01.929+0000] {spark_submit.py:579} INFO - at py4j.commands.ConstructorCommand.invokeConstructor(ConstructorCommand.java:80)
[2025-08-10T06:14:01.929+0000] {spark_submit.py:579} INFO - at py4j.commands.ConstructorCommand.execute(ConstructorCommand.java:69)
[2025-08-10T06:14:01.930+0000] {spark_submit.py:579} INFO - at py4j.ClientServerConnection.waitForCommands(ClientServerConnection.java:184)
[2025-08-10T06:14:01.930+0000] {spark_submit.py:579} INFO - at py4j.ClientServerConnection.run(ClientServerConnection.java:108)
[2025-08-10T06:14:01.930+0000] {spark_submit.py:579} INFO - at java.base/java.lang.Thread.run(Thread.java:840)
[2025-08-10T06:14:01.930+0000] {spark_submit.py:579} INFO - 25/08/10 06:14:01 INFO SparkContext: SparkContext is stopping with exitCode 0 from JavaSparkContext at NativeConstructorAccessorImpl.java:0.
[2025-08-10T06:14:01.942+0000] {spark_submit.py:579} INFO - 25/08/10 06:14:01 INFO SparkUI: Stopped Spark web UI at http://95fb1ebfe85f:4040
[2025-08-10T06:14:01.962+0000] {spark_submit.py:579} INFO - 25/08/10 06:14:01 INFO MapOutputTrackerMasterEndpoint: MapOutputTrackerMasterEndpoint stopped!
[2025-08-10T06:14:02.001+0000] {spark_submit.py:579} INFO - 25/08/10 06:14:02 INFO MemoryStore: MemoryStore started with capacity 434.4 MiB
[2025-08-10T06:14:02.003+0000] {spark_submit.py:579} INFO - 25/08/10 06:14:02 INFO MemoryStore: MemoryStore cleared
[2025-08-10T06:14:02.004+0000] {spark_submit.py:579} INFO - 25/08/10 06:14:02 INFO BlockManager: BlockManager stopped
[2025-08-10T06:14:02.010+0000] {spark_submit.py:579} INFO - 25/08/10 06:14:02 INFO BlockManagerMaster: BlockManagerMaster stopped
[2025-08-10T06:14:02.011+0000] {spark_submit.py:579} INFO - 25/08/10 06:14:02 WARN MetricsSystem: Stopping a MetricsSystem that is not running
[2025-08-10T06:14:02.012+0000] {spark_submit.py:579} INFO - 25/08/10 06:14:02 INFO OutputCommitCoordinator$OutputCommitCoordinatorEndpoint: OutputCommitCoordinator stopped!
[2025-08-10T06:14:02.046+0000] {spark_submit.py:579} INFO - 25/08/10 06:14:02 INFO SparkContext: Successfully stopped SparkContext
[2025-08-10T06:14:02.046+0000] {spark_submit.py:579} INFO - Traceback (most recent call last):
[2025-08-10T06:14:02.047+0000] {spark_submit.py:579} INFO - File "/opt/***/jobs/python/wordcountjob.py", line 3, in <module>
[2025-08-10T06:14:02.048+0000] {spark_submit.py:579} INFO - spark = SparkSession.builder.appName("PythonWordCount").getOrCreate()
[2025-08-10T06:14:02.048+0000] {spark_submit.py:579} INFO - File "/home/***/.local/lib/python3.10/site-packages/pyspark/python/lib/pyspark.zip/pyspark/sql/session.py", line 556, in getOrCreate
[2025-08-10T06:14:02.049+0000] {spark_submit.py:579} INFO - File "/home/***/.local/lib/python3.10/site-packages/pyspark/python/lib/pyspark.zip/pyspark/core/context.py", line 523, in getOrCreate
[2025-08-10T06:14:02.049+0000] {spark_submit.py:579} INFO - File "/home/***/.local/lib/python3.10/site-packages/pyspark/python/lib/pyspark.zip/pyspark/core/context.py", line 207, in __init__
[2025-08-10T06:14:02.050+0000] {spark_submit.py:579} INFO - File "/home/***/.local/lib/python3.10/site-packages/pyspark/python/lib/pyspark.zip/pyspark/core/context.py", line 300, in _do_init
[2025-08-10T06:14:02.050+0000] {spark_submit.py:579} INFO - File "/home/***/.local/lib/python3.10/site-packages/pyspark/python/lib/pyspark.zip/pyspark/core/context.py", line 429, in _initialize_context
[2025-08-10T06:14:02.051+0000] {spark_submit.py:579} INFO - File "/home/***/.local/lib/python3.10/site-packages/pyspark/python/lib/py4j-0.10.9.9-src.zip/py4j/java_gateway.py", line 1627, in __call__
[2025-08-10T06:14:02.051+0000] {spark_submit.py:579} INFO - File "/home/***/.local/lib/python3.10/site-packages/pyspark/python/lib/py4j-0.10.9.9-src.zip/py4j/protocol.py", line 327, in get_return_value
[2025-08-10T06:14:02.052+0000] {spark_submit.py:579} INFO - py4j.protocol.Py4JJavaError: An error occurred while calling None.org.apache.spark.api.java.JavaSparkContext.
[2025-08-10T06:14:02.052+0000] {spark_submit.py:579} INFO - : org.apache.spark.SparkException: Could not parse Master URL: 'sparkling-spark-master-1:7077'
[2025-08-10T06:14:02.053+0000] {spark_submit.py:579} INFO - at org.apache.spark.SparkContext$.org$apache$spark$SparkContext$$createTaskScheduler(SparkContext.scala:3358)
[2025-08-10T06:14:02.053+0000] {spark_submit.py:579} INFO - at org.apache.spark.SparkContext.<init>(SparkContext.scala:593)
[2025-08-10T06:14:02.053+0000] {spark_submit.py:579} INFO - at org.apache.spark.api.java.JavaSparkContext.<init>(JavaSparkContext.scala:59)
[2025-08-10T06:14:02.053+0000] {spark_submit.py:579} INFO - at java.base/jdk.internal.reflect.NativeConstructorAccessorImpl.newInstance0(Native Method)
[2025-08-10T06:14:02.054+0000] {spark_submit.py:579} INFO - at java.base/jdk.internal.reflect.NativeConstructorAccessorImpl.newInstance(NativeConstructorAccessorImpl.java:77)
[2025-08-10T06:14:02.054+0000] {spark_submit.py:579} INFO - at java.base/jdk.internal.reflect.DelegatingConstructorAccessorImpl.newInstance(DelegatingConstructorAccessorImpl.java:45)
[2025-08-10T06:14:02.054+0000] {spark_submit.py:579} INFO - at java.base/java.lang.reflect.Constructor.newInstanceWithCaller(Constructor.java:500)
[2025-08-10T06:14:02.054+0000] {spark_submit.py:579} INFO - at java.base/java.lang.reflect.Constructor.newInstance(Constructor.java:481)
[2025-08-10T06:14:02.054+0000] {spark_submit.py:579} INFO - at py4j.reflection.MethodInvoker.invoke(MethodInvoker.java:247)
[2025-08-10T06:14:02.055+0000] {spark_submit.py:579} INFO - at py4j.reflection.ReflectionEngine.invoke(ReflectionEngine.java:374)
[2025-08-10T06:14:02.055+0000] {spark_submit.py:579} INFO - at py4j.Gateway.invoke(Gateway.java:238)
[2025-08-10T06:14:02.055+0000] {spark_submit.py:579} INFO - at py4j.commands.ConstructorCommand.invokeConstructor(ConstructorCommand.java:80)
[2025-08-10T06:14:02.055+0000] {spark_submit.py:579} INFO - at py4j.commands.ConstructorCommand.execute(ConstructorCommand.java:69)
[2025-08-10T06:14:02.055+0000] {spark_submit.py:579} INFO - at py4j.ClientServerConnection.waitForCommands(ClientServerConnection.java:184)
[2025-08-10T06:14:02.056+0000] {spark_submit.py:579} INFO - at py4j.ClientServerConnection.run(ClientServerConnection.java:108)
[2025-08-10T06:14:02.056+0000] {spark_submit.py:579} INFO - at java.base/java.lang.Thread.run(Thread.java:840)
[2025-08-10T06:14:02.056+0000] {spark_submit.py:579} INFO - 
[2025-08-10T06:14:02.136+0000] {spark_submit.py:579} INFO - 25/08/10 06:14:02 INFO ShutdownHookManager: Shutdown hook called
[2025-08-10T06:14:02.136+0000] {spark_submit.py:579} INFO - 25/08/10 06:14:02 INFO ShutdownHookManager: Deleting directory /tmp/spark-d432f2f9-7cc6-4bd1-9687-e2830eb68cbb
[2025-08-10T06:14:02.154+0000] {spark_submit.py:579} INFO - 25/08/10 06:14:02 INFO ShutdownHookManager: Deleting directory /tmp/spark-dc93fc34-018e-4c96-b20e-97697b04ebbe
[2025-08-10T06:14:02.219+0000] {taskinstance.py:1935} ERROR - Task failed with exception
Traceback (most recent call last):
  File "/home/airflow/.local/lib/python3.10/site-packages/airflow/providers/apache/spark/operators/spark_submit.py", line 174, in execute
    self._hook.submit(self.application)
  File "/home/airflow/.local/lib/python3.10/site-packages/airflow/providers/apache/spark/hooks/spark_submit.py", line 505, in submit
    raise AirflowException(
airflow.exceptions.AirflowException: Cannot execute: spark-submit --master sparkling-spark-master-1:7077 --name arrow-spark --deploy-mode client jobs/python/wordcountjob.py. Error code is: 1.
[2025-08-10T06:14:02.223+0000] {taskinstance.py:1398} INFO - Marking task as FAILED. dag_id=sparking_flow, task_id=python_job, execution_date=20250810T061354, start_date=20250810T061357, end_date=20250810T061402
[2025-08-10T06:14:02.237+0000] {standard_task_runner.py:104} ERROR - Failed to execute job 17 for task python_job (Cannot execute: spark-submit --master sparkling-spark-master-1:7077 --name arrow-spark --deploy-mode client jobs/python/wordcountjob.py. Error code is: 1.; 5249)
[2025-08-10T06:14:02.265+0000] {local_task_job_runner.py:228} INFO - Task exited with return code 1
[2025-08-10T06:14:02.294+0000] {taskinstance.py:2776} INFO - 0 downstream tasks scheduled from follow-on schedule check
