[2025-09-08T04:18:06.015+0000] {taskinstance.py:1157} INFO - Dependencies all met for dep_context=non-requeueable deps ti=<TaskInstance: sparking_flow.python_job manual__2025-09-08T04:17:54.884452+00:00 [queued]>
[2025-09-08T04:18:06.022+0000] {taskinstance.py:1157} INFO - Dependencies all met for dep_context=requeueable deps ti=<TaskInstance: sparking_flow.python_job manual__2025-09-08T04:17:54.884452+00:00 [queued]>
[2025-09-08T04:18:06.023+0000] {taskinstance.py:1359} INFO - Starting attempt 1 of 1
[2025-09-08T04:18:06.038+0000] {taskinstance.py:1380} INFO - Executing <Task(SparkSubmitOperator): python_job> on 2025-09-08 04:17:54.884452+00:00
[2025-09-08T04:18:06.045+0000] {standard_task_runner.py:57} INFO - Started process 27864 to run task
[2025-09-08T04:18:06.049+0000] {standard_task_runner.py:84} INFO - Running: ['***', 'tasks', 'run', 'sparking_flow', 'python_job', 'manual__2025-09-08T04:17:54.884452+00:00', '--job-id', '53', '--raw', '--subdir', 'DAGS_FOLDER/spark_***.py', '--cfg-path', '/tmp/tmpmrc7uwtu']
[2025-09-08T04:18:06.053+0000] {standard_task_runner.py:85} INFO - Job 53: Subtask python_job
[2025-09-08T04:18:06.133+0000] {task_command.py:415} INFO - Running <TaskInstance: sparking_flow.python_job manual__2025-09-08T04:17:54.884452+00:00 [running]> on host ac03ab483d89
[2025-09-08T04:18:06.237+0000] {taskinstance.py:1660} INFO - Exporting env vars: AIRFLOW_CTX_DAG_OWNER='Kudzaishe Manyanya' AIRFLOW_CTX_DAG_ID='sparking_flow' AIRFLOW_CTX_TASK_ID='python_job' AIRFLOW_CTX_EXECUTION_DATE='2025-09-08T04:17:54.884452+00:00' AIRFLOW_CTX_TRY_NUMBER='1' AIRFLOW_CTX_DAG_RUN_ID='manual__2025-09-08T04:17:54.884452+00:00'
[2025-09-08T04:18:06.255+0000] {base.py:73} INFO - Using connection ID 'spark-conn' for task execution.
[2025-09-08T04:18:06.256+0000] {spark_submit.py:403} INFO - Spark-Submit cmd: spark-submit --master spark://spark-master:7077 --jars /opt/spark/external-jars/apache-spark-sql-connector.jar --name arrow-spark --deploy-mode client jobs/python/wordcountjob.py
[2025-09-08T04:18:07.934+0000] {spark_submit.py:579} INFO - WARNING: Using incubator modules: jdk.incubator.vector
[2025-09-08T04:18:10.401+0000] {spark_submit.py:579} INFO - 25/09/08 04:18:10 WARN NativeCodeLoader: Unable to load native-hadoop library for your platform... using builtin-java classes where applicable
[2025-09-08T04:18:14.263+0000] {spark_submit.py:579} INFO - Using Spark's default log4j profile: org/apache/spark/log4j2-defaults.properties
[2025-09-08T04:18:14.274+0000] {spark_submit.py:579} INFO - 25/09/08 04:18:14 INFO SparkContext: Running Spark version 4.0.0
[2025-09-08T04:18:14.279+0000] {spark_submit.py:579} INFO - 25/09/08 04:18:14 INFO SparkContext: OS info Linux, 6.6.87.2-microsoft-standard-WSL2, amd64
[2025-09-08T04:18:14.280+0000] {spark_submit.py:579} INFO - 25/09/08 04:18:14 INFO SparkContext: Java version 17.0.15
[2025-09-08T04:18:14.325+0000] {spark_submit.py:579} INFO - 25/09/08 04:18:14 INFO ResourceUtils: ==============================================================
[2025-09-08T04:18:14.327+0000] {spark_submit.py:579} INFO - 25/09/08 04:18:14 INFO ResourceUtils: No custom resources configured for spark.driver.
[2025-09-08T04:18:14.327+0000] {spark_submit.py:579} INFO - 25/09/08 04:18:14 INFO ResourceUtils: ==============================================================
[2025-09-08T04:18:14.328+0000] {spark_submit.py:579} INFO - 25/09/08 04:18:14 INFO SparkContext: Submitted application: PythonWordCount
[2025-09-08T04:18:14.378+0000] {spark_submit.py:579} INFO - 25/09/08 04:18:14 INFO ResourceProfile: Default ResourceProfile created, executor resources: Map(memory -> name: memory, amount: 1024, script: , vendor: , offHeap -> name: offHeap, amount: 0, script: , vendor: ), task resources: Map(cpus -> name: cpus, amount: 1.0)
[2025-09-08T04:18:14.383+0000] {spark_submit.py:579} INFO - 25/09/08 04:18:14 INFO ResourceProfile: Limiting resource is cpu
[2025-09-08T04:18:14.386+0000] {spark_submit.py:579} INFO - 25/09/08 04:18:14 INFO ResourceProfileManager: Added ResourceProfile id: 0
[2025-09-08T04:18:14.461+0000] {spark_submit.py:579} INFO - 25/09/08 04:18:14 INFO SecurityManager: Changing view acls to: ***
[2025-09-08T04:18:14.462+0000] {spark_submit.py:579} INFO - 25/09/08 04:18:14 INFO SecurityManager: Changing modify acls to: ***
[2025-09-08T04:18:14.463+0000] {spark_submit.py:579} INFO - 25/09/08 04:18:14 INFO SecurityManager: Changing view acls groups to: ***
[2025-09-08T04:18:14.463+0000] {spark_submit.py:579} INFO - 25/09/08 04:18:14 INFO SecurityManager: Changing modify acls groups to: ***
[2025-09-08T04:18:14.466+0000] {spark_submit.py:579} INFO - 25/09/08 04:18:14 INFO SecurityManager: SecurityManager: authentication disabled; ui acls disabled; users with view permissions: *** groups with view permissions: EMPTY; users with modify permissions: ***; groups with modify permissions: EMPTY; RPC SSL disabled
[2025-09-08T04:18:14.940+0000] {spark_submit.py:579} INFO - 25/09/08 04:18:14 INFO Utils: Successfully started service 'sparkDriver' on port 45165.
[2025-09-08T04:18:15.024+0000] {spark_submit.py:579} INFO - 25/09/08 04:18:15 INFO SparkEnv: Registering MapOutputTracker
[2025-09-08T04:18:15.039+0000] {spark_submit.py:579} INFO - 25/09/08 04:18:15 INFO SparkEnv: Registering BlockManagerMaster
[2025-09-08T04:18:15.063+0000] {spark_submit.py:579} INFO - 25/09/08 04:18:15 INFO BlockManagerMasterEndpoint: Using org.apache.spark.storage.DefaultTopologyMapper for getting topology information
[2025-09-08T04:18:15.064+0000] {spark_submit.py:579} INFO - 25/09/08 04:18:15 INFO BlockManagerMasterEndpoint: BlockManagerMasterEndpoint up
[2025-09-08T04:18:15.068+0000] {spark_submit.py:579} INFO - 25/09/08 04:18:15 INFO SparkEnv: Registering BlockManagerMasterHeartbeat
[2025-09-08T04:18:15.105+0000] {spark_submit.py:579} INFO - 25/09/08 04:18:15 INFO DiskBlockManager: Created local directory at /tmp/blockmgr-3d8e4bcb-bea9-4aea-8678-3273d18038f9
[2025-09-08T04:18:15.136+0000] {spark_submit.py:579} INFO - 25/09/08 04:18:15 INFO SparkEnv: Registering OutputCommitCoordinator
[2025-09-08T04:18:15.362+0000] {spark_submit.py:579} INFO - 25/09/08 04:18:15 INFO JettyUtils: Start Jetty 0.0.0.0:4040 for SparkUI
[2025-09-08T04:18:15.477+0000] {spark_submit.py:579} INFO - 25/09/08 04:18:15 INFO Utils: Successfully started service 'SparkUI' on port 4040.
[2025-09-08T04:18:15.536+0000] {spark_submit.py:579} INFO - 25/09/08 04:18:15 INFO SparkContext: Added JAR file:///opt/spark/external-jars/apache-spark-sql-connector.jar at spark://ac03ab483d89:45165/jars/apache-spark-sql-connector.jar with timestamp 1757305094247
[2025-09-08T04:18:15.565+0000] {spark_submit.py:579} INFO - 25/09/08 04:18:15 INFO SecurityManager: Changing view acls to: ***
[2025-09-08T04:18:15.566+0000] {spark_submit.py:579} INFO - 25/09/08 04:18:15 INFO SecurityManager: Changing modify acls to: ***
[2025-09-08T04:18:15.567+0000] {spark_submit.py:579} INFO - 25/09/08 04:18:15 INFO SecurityManager: Changing view acls groups to: ***
[2025-09-08T04:18:15.568+0000] {spark_submit.py:579} INFO - 25/09/08 04:18:15 INFO SecurityManager: Changing modify acls groups to: ***
[2025-09-08T04:18:15.568+0000] {spark_submit.py:579} INFO - 25/09/08 04:18:15 INFO SecurityManager: SecurityManager: authentication disabled; ui acls disabled; users with view permissions: *** groups with view permissions: EMPTY; users with modify permissions: ***; groups with modify permissions: EMPTY; RPC SSL disabled
[2025-09-08T04:18:15.799+0000] {spark_submit.py:579} INFO - 25/09/08 04:18:15 INFO StandaloneAppClient$ClientEndpoint: Connecting to master spark://spark-master:7077...
[2025-09-08T04:18:15.883+0000] {spark_submit.py:579} INFO - 25/09/08 04:18:15 INFO TransportClientFactory: Successfully created connection to spark-master/172.18.0.2:7077 after 42 ms (0 ms spent in bootstraps)
[2025-09-08T04:18:16.829+0000] {spark_submit.py:579} INFO - 25/09/08 04:18:16 INFO StandaloneSchedulerBackend: Connected to Spark cluster with app ID app-20250908041816-0022
[2025-09-08T04:18:16.843+0000] {spark_submit.py:579} INFO - 25/09/08 04:18:16 INFO Utils: Successfully started service 'org.apache.spark.network.netty.NettyBlockTransferService' on port 36831.
[2025-09-08T04:18:16.844+0000] {spark_submit.py:579} INFO - 25/09/08 04:18:16 INFO NettyBlockTransferService: Server created on ac03ab483d89:36831
[2025-09-08T04:18:16.847+0000] {spark_submit.py:579} INFO - 25/09/08 04:18:16 INFO BlockManager: Using org.apache.spark.storage.RandomBlockReplicationPolicy for block replication policy
[2025-09-08T04:18:16.868+0000] {spark_submit.py:579} INFO - 25/09/08 04:18:16 INFO BlockManagerMaster: Registering BlockManager BlockManagerId(driver, ac03ab483d89, 36831, None)
[2025-09-08T04:18:16.878+0000] {spark_submit.py:579} INFO - 25/09/08 04:18:16 INFO BlockManagerMasterEndpoint: Registering block manager ac03ab483d89:36831 with 434.4 MiB RAM, BlockManagerId(driver, ac03ab483d89, 36831, None)
[2025-09-08T04:18:16.880+0000] {spark_submit.py:579} INFO - 25/09/08 04:18:16 INFO BlockManagerMaster: Registered BlockManager BlockManagerId(driver, ac03ab483d89, 36831, None)
[2025-09-08T04:18:16.882+0000] {spark_submit.py:579} INFO - 25/09/08 04:18:16 INFO BlockManager: Initialized BlockManager: BlockManagerId(driver, ac03ab483d89, 36831, None)
[2025-09-08T04:18:16.919+0000] {spark_submit.py:579} INFO - 25/09/08 04:18:16 INFO StandaloneAppClient$ClientEndpoint: Executor added: app-20250908041816-0022/0 on worker-20250906133811-172.18.0.4-34629 (172.18.0.4:34629) with 2 core(s)
[2025-09-08T04:18:16.920+0000] {spark_submit.py:579} INFO - 25/09/08 04:18:16 INFO StandaloneSchedulerBackend: Granted executor ID app-20250908041816-0022/0 on hostPort 172.18.0.4:34629 with 2 core(s), 1024.0 MiB RAM
[2025-09-08T04:18:17.072+0000] {spark_submit.py:579} INFO - 25/09/08 04:18:17 INFO StandaloneSchedulerBackend: SchedulerBackend is ready for scheduling beginning after reached minRegisteredResourcesRatio: 0.0
[2025-09-08T04:18:18.951+0000] {spark_submit.py:579} INFO - 25/09/08 04:18:18 INFO StandaloneAppClient$ClientEndpoint: Executor updated: app-20250908041816-0022/0 is now RUNNING
[2025-09-08T04:18:22.290+0000] {spark_submit.py:579} INFO - dict_keys(['daily', 'daily960', 'live_rapid', 'live_blitz', 'live_bullet', 'live_bughouse', 'live_blitz960', 'live_threecheck', 'live_crazyhouse', 'tactics', 'rush', 'battle'])
[2025-09-08T04:18:23.465+0000] {spark_submit.py:579} INFO - 25/09/08 04:18:23 INFO SharedState: Setting hive.metastore.warehouse.dir ('null') to the value of spark.sql.warehouse.dir.
[2025-09-08T04:18:23.485+0000] {spark_submit.py:579} INFO - 25/09/08 04:18:23 INFO SharedState: Warehouse path is 'file:/opt/***/spark-warehouse'.
[2025-09-08T04:18:25.768+0000] {spark_submit.py:579} INFO - 25/09/08 04:18:25 INFO StandaloneSchedulerBackend$StandaloneDriverEndpoint: Registered executor NettyRpcEndpointRef(spark-client://Executor) (172.18.0.4:52396) with ID 0, ResourceProfileId 0
[2025-09-08T04:18:26.144+0000] {spark_submit.py:579} INFO - 25/09/08 04:18:26 INFO BlockManagerMasterEndpoint: Registering block manager 172.18.0.4:42381 with 434.4 MiB RAM, BlockManagerId(0, 172.18.0.4, 42381, None)
[2025-09-08T04:19:01.255+0000] {spark_submit.py:579} INFO - Traceback (most recent call last):
[2025-09-08T04:19:01.282+0000] {spark_submit.py:579} INFO - File "/opt/***/jobs/python/wordcountjob.py", line 210, in <module>
[2025-09-08T04:19:01.285+0000] {spark_submit.py:579} INFO - write_data(daily,"daily")
[2025-09-08T04:19:01.286+0000] {spark_submit.py:579} INFO - File "/opt/***/jobs/python/wordcountjob.py", line 206, in write_data
[2025-09-08T04:19:01.286+0000] {spark_submit.py:579} INFO - df.write.mode("overwrite").jdbc(url=jdbc_url, table=f"cs.{table}", properties=properties)
[2025-09-08T04:19:01.288+0000] {spark_submit.py:579} INFO - File "/home/***/.local/lib/python3.10/site-packages/pyspark/python/lib/pyspark.zip/pyspark/sql/readwriter.py", line 2347, in jdbc
[2025-09-08T04:19:01.288+0000] {spark_submit.py:579} INFO - File "/home/***/.local/lib/python3.10/site-packages/pyspark/python/lib/py4j-0.10.9.9-src.zip/py4j/java_gateway.py", line 1362, in __call__
[2025-09-08T04:19:01.289+0000] {spark_submit.py:579} INFO - File "/home/***/.local/lib/python3.10/site-packages/pyspark/python/lib/pyspark.zip/pyspark/errors/exceptions/captured.py", line 282, in deco
[2025-09-08T04:19:01.289+0000] {spark_submit.py:579} INFO - File "/home/***/.local/lib/python3.10/site-packages/pyspark/python/lib/py4j-0.10.9.9-src.zip/py4j/protocol.py", line 327, in get_return_value
[2025-09-08T04:19:01.289+0000] {spark_submit.py:579} INFO - py4j.protocol.Py4JJavaError: An error occurred while calling o308.jdbc.
[2025-09-08T04:19:01.290+0000] {spark_submit.py:579} INFO - : com.microsoft.sqlserver.jdbc.SQLServerException: Database 'chess' on server 'kudzie.database.windows.net' is not currently available.  Please retry the connection later.  If the problem persists, contact customer support, and provide them the session tracing ID of '{8D7B15F4-57E6-4707-82EF-806F44FBFD05}'. ClientConnectionId:781ba1c4-50f1-4f8d-8ab9-e74e3e65bfdb
[2025-09-08T04:19:01.291+0000] {spark_submit.py:579} INFO - at com.microsoft.sqlserver.jdbc.SQLServerException.makeFromDatabaseError(SQLServerException.java:256)
[2025-09-08T04:19:01.291+0000] {spark_submit.py:579} INFO - at com.microsoft.sqlserver.jdbc.TDSTokenHandler.onEOF(tdsparser.java:258)
[2025-09-08T04:19:01.292+0000] {spark_submit.py:579} INFO - at com.microsoft.sqlserver.jdbc.TDSParser.parse(tdsparser.java:104)
[2025-09-08T04:19:01.292+0000] {spark_submit.py:579} INFO - at com.microsoft.sqlserver.jdbc.SQLServerConnection.sendLogon(SQLServerConnection.java:5028)
[2025-09-08T04:19:01.292+0000] {spark_submit.py:579} INFO - at com.microsoft.sqlserver.jdbc.SQLServerConnection.logon(SQLServerConnection.java:3660)
[2025-09-08T04:19:01.293+0000] {spark_submit.py:579} INFO - at com.microsoft.sqlserver.jdbc.SQLServerConnection.access$000(SQLServerConnection.java:94)
[2025-09-08T04:19:01.293+0000] {spark_submit.py:579} INFO - at com.microsoft.sqlserver.jdbc.SQLServerConnection$LogonCommand.doExecute(SQLServerConnection.java:3619)
[2025-09-08T04:19:01.293+0000] {spark_submit.py:579} INFO - at com.microsoft.sqlserver.jdbc.TDSCommand.execute(IOBuffer.java:7194)
[2025-09-08T04:19:01.294+0000] {spark_submit.py:579} INFO - at com.microsoft.sqlserver.jdbc.SQLServerConnection.executeCommand(SQLServerConnection.java:2930)
[2025-09-08T04:19:01.294+0000] {spark_submit.py:579} INFO - at com.microsoft.sqlserver.jdbc.SQLServerConnection.connectHelper(SQLServerConnection.java:2456)
[2025-09-08T04:19:01.294+0000] {spark_submit.py:579} INFO - at com.microsoft.sqlserver.jdbc.SQLServerConnection.login(SQLServerConnection.java:2103)
[2025-09-08T04:19:01.295+0000] {spark_submit.py:579} INFO - at com.microsoft.sqlserver.jdbc.SQLServerConnection.connectInternal(SQLServerConnection.java:1950)
[2025-09-08T04:19:01.295+0000] {spark_submit.py:579} INFO - at com.microsoft.sqlserver.jdbc.SQLServerConnection.connect(SQLServerConnection.java:1162)
[2025-09-08T04:19:01.295+0000] {spark_submit.py:579} INFO - at com.microsoft.sqlserver.jdbc.SQLServerDriver.connect(SQLServerDriver.java:735)
[2025-09-08T04:19:01.295+0000] {spark_submit.py:579} INFO - at org.apache.spark.sql.execution.datasources.jdbc.connection.BasicConnectionProvider.getConnection(BasicConnectionProvider.scala:50)
[2025-09-08T04:19:01.296+0000] {spark_submit.py:579} INFO - at org.apache.spark.sql.execution.datasources.jdbc.connection.ConnectionProviderBase.create(ConnectionProvider.scala:102)
[2025-09-08T04:19:01.296+0000] {spark_submit.py:579} INFO - at org.apache.spark.sql.jdbc.JdbcDialect.$anonfun$createConnectionFactory$1(JdbcDialects.scala:235)
[2025-09-08T04:19:01.296+0000] {spark_submit.py:579} INFO - at org.apache.spark.sql.jdbc.JdbcDialect.$anonfun$createConnectionFactory$1$adapted(JdbcDialects.scala:231)
[2025-09-08T04:19:01.297+0000] {spark_submit.py:579} INFO - at org.apache.spark.sql.execution.datasources.jdbc.JdbcRelationProvider.createRelation(JdbcRelationProvider.scala:51)
[2025-09-08T04:19:01.297+0000] {spark_submit.py:579} INFO - at org.apache.spark.sql.execution.datasources.SaveIntoDataSourceCommand.run(SaveIntoDataSourceCommand.scala:55)
[2025-09-08T04:19:01.297+0000] {spark_submit.py:579} INFO - at org.apache.spark.sql.execution.command.ExecutedCommandExec.sideEffectResult$lzycompute(commands.scala:79)
[2025-09-08T04:19:01.297+0000] {spark_submit.py:579} INFO - at org.apache.spark.sql.execution.command.ExecutedCommandExec.sideEffectResult(commands.scala:77)
[2025-09-08T04:19:01.298+0000] {spark_submit.py:579} INFO - at org.apache.spark.sql.execution.command.ExecutedCommandExec.executeCollect(commands.scala:88)
[2025-09-08T04:19:01.298+0000] {spark_submit.py:579} INFO - at org.apache.spark.sql.execution.QueryExecution.$anonfun$eagerlyExecuteCommands$2(QueryExecution.scala:155)
[2025-09-08T04:19:01.298+0000] {spark_submit.py:579} INFO - at org.apache.spark.sql.execution.SQLExecution$.$anonfun$withNewExecutionId0$8(SQLExecution.scala:162)
[2025-09-08T04:19:01.298+0000] {spark_submit.py:579} INFO - at org.apache.spark.sql.execution.SQLExecution$.withSessionTagsApplied(SQLExecution.scala:268)
[2025-09-08T04:19:01.298+0000] {spark_submit.py:579} INFO - at org.apache.spark.sql.execution.SQLExecution$.$anonfun$withNewExecutionId0$7(SQLExecution.scala:124)
[2025-09-08T04:19:01.299+0000] {spark_submit.py:579} INFO - at org.apache.spark.JobArtifactSet$.withActiveJobArtifactState(JobArtifactSet.scala:94)
[2025-09-08T04:19:01.299+0000] {spark_submit.py:579} INFO - at org.apache.spark.sql.artifact.ArtifactManager.$anonfun$withResources$1(ArtifactManager.scala:112)
[2025-09-08T04:19:01.299+0000] {spark_submit.py:579} INFO - at org.apache.spark.sql.artifact.ArtifactManager.withClassLoaderIfNeeded(ArtifactManager.scala:106)
[2025-09-08T04:19:01.299+0000] {spark_submit.py:579} INFO - at org.apache.spark.sql.artifact.ArtifactManager.withResources(ArtifactManager.scala:111)
[2025-09-08T04:19:01.299+0000] {spark_submit.py:579} INFO - at org.apache.spark.sql.execution.SQLExecution$.$anonfun$withNewExecutionId0$6(SQLExecution.scala:124)
[2025-09-08T04:19:01.299+0000] {spark_submit.py:579} INFO - at org.apache.spark.sql.execution.SQLExecution$.withSQLConfPropagated(SQLExecution.scala:291)
[2025-09-08T04:19:01.300+0000] {spark_submit.py:579} INFO - at org.apache.spark.sql.execution.SQLExecution$.$anonfun$withNewExecutionId0$1(SQLExecution.scala:123)
[2025-09-08T04:19:01.300+0000] {spark_submit.py:579} INFO - at org.apache.spark.sql.SparkSession.withActive(SparkSession.scala:804)
[2025-09-08T04:19:01.300+0000] {spark_submit.py:579} INFO - at org.apache.spark.sql.execution.SQLExecution$.withNewExecutionId0(SQLExecution.scala:77)
[2025-09-08T04:19:01.300+0000] {spark_submit.py:579} INFO - at org.apache.spark.sql.execution.SQLExecution$.withNewExecutionId(SQLExecution.scala:233)
[2025-09-08T04:19:01.300+0000] {spark_submit.py:579} INFO - at org.apache.spark.sql.execution.QueryExecution.$anonfun$eagerlyExecuteCommands$1(QueryExecution.scala:155)
[2025-09-08T04:19:01.301+0000] {spark_submit.py:579} INFO - at org.apache.spark.sql.execution.QueryExecution$.withInternalError(QueryExecution.scala:654)
[2025-09-08T04:19:01.301+0000] {spark_submit.py:579} INFO - at org.apache.spark.sql.execution.QueryExecution.org$apache$spark$sql$execution$QueryExecution$$eagerlyExecute$1(QueryExecution.scala:154)
[2025-09-08T04:19:01.301+0000] {spark_submit.py:579} INFO - at org.apache.spark.sql.execution.QueryExecution$$anonfun$eagerlyExecuteCommands$3.applyOrElse(QueryExecution.scala:169)
[2025-09-08T04:19:01.301+0000] {spark_submit.py:579} INFO - at org.apache.spark.sql.execution.QueryExecution$$anonfun$eagerlyExecuteCommands$3.applyOrElse(QueryExecution.scala:164)
[2025-09-08T04:19:01.302+0000] {spark_submit.py:579} INFO - at org.apache.spark.sql.catalyst.trees.TreeNode.$anonfun$transformDownWithPruning$1(TreeNode.scala:470)
[2025-09-08T04:19:01.302+0000] {spark_submit.py:579} INFO - at org.apache.spark.sql.catalyst.trees.CurrentOrigin$.withOrigin(origin.scala:86)
[2025-09-08T04:19:01.302+0000] {spark_submit.py:579} INFO - at org.apache.spark.sql.catalyst.trees.TreeNode.transformDownWithPruning(TreeNode.scala:470)
[2025-09-08T04:19:01.302+0000] {spark_submit.py:579} INFO - at org.apache.spark.sql.catalyst.plans.logical.LogicalPlan.org$apache$spark$sql$catalyst$plans$logical$AnalysisHelper$$super$transformDownWithPruning(LogicalPlan.scala:37)
[2025-09-08T04:19:01.302+0000] {spark_submit.py:579} INFO - at org.apache.spark.sql.catalyst.plans.logical.AnalysisHelper.transformDownWithPruning(AnalysisHelper.scala:360)
[2025-09-08T04:19:01.303+0000] {spark_submit.py:579} INFO - at org.apache.spark.sql.catalyst.plans.logical.AnalysisHelper.transformDownWithPruning$(AnalysisHelper.scala:356)
[2025-09-08T04:19:01.303+0000] {spark_submit.py:579} INFO - at org.apache.spark.sql.catalyst.plans.logical.LogicalPlan.transformDownWithPruning(LogicalPlan.scala:37)
[2025-09-08T04:19:01.303+0000] {spark_submit.py:579} INFO - at org.apache.spark.sql.catalyst.plans.logical.LogicalPlan.transformDownWithPruning(LogicalPlan.scala:37)
[2025-09-08T04:19:01.303+0000] {spark_submit.py:579} INFO - at org.apache.spark.sql.catalyst.trees.TreeNode.transformDown(TreeNode.scala:446)
[2025-09-08T04:19:01.304+0000] {spark_submit.py:579} INFO - at org.apache.spark.sql.execution.QueryExecution.eagerlyExecuteCommands(QueryExecution.scala:164)
[2025-09-08T04:19:01.305+0000] {spark_submit.py:579} INFO - at org.apache.spark.sql.execution.QueryExecution.$anonfun$lazyCommandExecuted$1(QueryExecution.scala:126)
[2025-09-08T04:19:01.305+0000] {spark_submit.py:579} INFO - at scala.util.Try$.apply(Try.scala:217)
[2025-09-08T04:19:01.305+0000] {spark_submit.py:579} INFO - at org.apache.spark.util.Utils$.doTryWithCallerStacktrace(Utils.scala:1378)
[2025-09-08T04:19:01.308+0000] {spark_submit.py:579} INFO - at org.apache.spark.util.Utils$.getTryWithCallerStacktrace(Utils.scala:1439)
[2025-09-08T04:19:01.308+0000] {spark_submit.py:579} INFO - at org.apache.spark.util.LazyTry.get(LazyTry.scala:58)
[2025-09-08T04:19:01.309+0000] {spark_submit.py:579} INFO - at org.apache.spark.sql.execution.QueryExecution.commandExecuted(QueryExecution.scala:131)
[2025-09-08T04:19:01.309+0000] {spark_submit.py:579} INFO - at org.apache.spark.sql.execution.QueryExecution.assertCommandExecuted(QueryExecution.scala:192)
[2025-09-08T04:19:01.310+0000] {spark_submit.py:579} INFO - at org.apache.spark.sql.classic.DataFrameWriter.runCommand(DataFrameWriter.scala:622)
[2025-09-08T04:19:01.310+0000] {spark_submit.py:579} INFO - at org.apache.spark.sql.classic.DataFrameWriter.saveToV1Source(DataFrameWriter.scala:273)
[2025-09-08T04:19:01.311+0000] {spark_submit.py:579} INFO - at org.apache.spark.sql.classic.DataFrameWriter.saveInternal(DataFrameWriter.scala:241)
[2025-09-08T04:19:01.311+0000] {spark_submit.py:579} INFO - at org.apache.spark.sql.classic.DataFrameWriter.save(DataFrameWriter.scala:126)
[2025-09-08T04:19:01.311+0000] {spark_submit.py:579} INFO - at org.apache.spark.sql.DataFrameWriter.jdbc(DataFrameWriter.scala:334)
[2025-09-08T04:19:01.312+0000] {spark_submit.py:579} INFO - at java.base/jdk.internal.reflect.NativeMethodAccessorImpl.invoke0(Native Method)
[2025-09-08T04:19:01.312+0000] {spark_submit.py:579} INFO - at java.base/jdk.internal.reflect.NativeMethodAccessorImpl.invoke(NativeMethodAccessorImpl.java:77)
[2025-09-08T04:19:01.312+0000] {spark_submit.py:579} INFO - at java.base/jdk.internal.reflect.DelegatingMethodAccessorImpl.invoke(DelegatingMethodAccessorImpl.java:43)
[2025-09-08T04:19:01.312+0000] {spark_submit.py:579} INFO - at java.base/java.lang.reflect.Method.invoke(Method.java:569)
[2025-09-08T04:19:01.313+0000] {spark_submit.py:579} INFO - at py4j.reflection.MethodInvoker.invoke(MethodInvoker.java:244)
[2025-09-08T04:19:01.313+0000] {spark_submit.py:579} INFO - at py4j.reflection.ReflectionEngine.invoke(ReflectionEngine.java:374)
[2025-09-08T04:19:01.313+0000] {spark_submit.py:579} INFO - at py4j.Gateway.invoke(Gateway.java:282)
[2025-09-08T04:19:01.313+0000] {spark_submit.py:579} INFO - at py4j.commands.AbstractCommand.invokeMethod(AbstractCommand.java:132)
[2025-09-08T04:19:01.314+0000] {spark_submit.py:579} INFO - at py4j.commands.CallCommand.execute(CallCommand.java:79)
[2025-09-08T04:19:01.314+0000] {spark_submit.py:579} INFO - at py4j.ClientServerConnection.waitForCommands(ClientServerConnection.java:184)
[2025-09-08T04:19:01.314+0000] {spark_submit.py:579} INFO - at py4j.ClientServerConnection.run(ClientServerConnection.java:108)
[2025-09-08T04:19:01.315+0000] {spark_submit.py:579} INFO - at java.base/java.lang.Thread.run(Thread.java:840)
[2025-09-08T04:19:01.315+0000] {spark_submit.py:579} INFO - Suppressed: org.apache.spark.util.Utils$OriginalTryStackTraceException: Full stacktrace of original doTryWithCallerStacktrace caller
[2025-09-08T04:19:01.315+0000] {spark_submit.py:579} INFO - at com.microsoft.sqlserver.jdbc.SQLServerException.makeFromDatabaseError(SQLServerException.java:256)
[2025-09-08T04:19:01.315+0000] {spark_submit.py:579} INFO - at com.microsoft.sqlserver.jdbc.TDSTokenHandler.onEOF(tdsparser.java:258)
[2025-09-08T04:19:01.315+0000] {spark_submit.py:579} INFO - at com.microsoft.sqlserver.jdbc.TDSParser.parse(tdsparser.java:104)
[2025-09-08T04:19:01.315+0000] {spark_submit.py:579} INFO - at com.microsoft.sqlserver.jdbc.SQLServerConnection.sendLogon(SQLServerConnection.java:5028)
[2025-09-08T04:19:01.316+0000] {spark_submit.py:579} INFO - at com.microsoft.sqlserver.jdbc.SQLServerConnection.logon(SQLServerConnection.java:3660)
[2025-09-08T04:19:01.316+0000] {spark_submit.py:579} INFO - at com.microsoft.sqlserver.jdbc.SQLServerConnection.access$000(SQLServerConnection.java:94)
[2025-09-08T04:19:01.316+0000] {spark_submit.py:579} INFO - at com.microsoft.sqlserver.jdbc.SQLServerConnection$LogonCommand.doExecute(SQLServerConnection.java:3619)
[2025-09-08T04:19:01.316+0000] {spark_submit.py:579} INFO - at com.microsoft.sqlserver.jdbc.TDSCommand.execute(IOBuffer.java:7194)
[2025-09-08T04:19:01.317+0000] {spark_submit.py:579} INFO - at com.microsoft.sqlserver.jdbc.SQLServerConnection.executeCommand(SQLServerConnection.java:2930)
[2025-09-08T04:19:01.317+0000] {spark_submit.py:579} INFO - at com.microsoft.sqlserver.jdbc.SQLServerConnection.connectHelper(SQLServerConnection.java:2456)
[2025-09-08T04:19:01.317+0000] {spark_submit.py:579} INFO - at com.microsoft.sqlserver.jdbc.SQLServerConnection.login(SQLServerConnection.java:2103)
[2025-09-08T04:19:01.317+0000] {spark_submit.py:579} INFO - at com.microsoft.sqlserver.jdbc.SQLServerConnection.connectInternal(SQLServerConnection.java:1950)
[2025-09-08T04:19:01.317+0000] {spark_submit.py:579} INFO - at com.microsoft.sqlserver.jdbc.SQLServerConnection.connect(SQLServerConnection.java:1162)
[2025-09-08T04:19:01.318+0000] {spark_submit.py:579} INFO - at com.microsoft.sqlserver.jdbc.SQLServerDriver.connect(SQLServerDriver.java:735)
[2025-09-08T04:19:01.318+0000] {spark_submit.py:579} INFO - at org.apache.spark.sql.execution.datasources.jdbc.connection.BasicConnectionProvider.getConnection(BasicConnectionProvider.scala:50)
[2025-09-08T04:19:01.318+0000] {spark_submit.py:579} INFO - at org.apache.spark.sql.execution.datasources.jdbc.connection.ConnectionProviderBase.create(ConnectionProvider.scala:102)
[2025-09-08T04:19:01.318+0000] {spark_submit.py:579} INFO - at org.apache.spark.sql.jdbc.JdbcDialect.$anonfun$createConnectionFactory$1(JdbcDialects.scala:235)
[2025-09-08T04:19:01.319+0000] {spark_submit.py:579} INFO - at org.apache.spark.sql.jdbc.JdbcDialect.$anonfun$createConnectionFactory$1$adapted(JdbcDialects.scala:231)
[2025-09-08T04:19:01.319+0000] {spark_submit.py:579} INFO - at org.apache.spark.sql.execution.datasources.jdbc.JdbcRelationProvider.createRelation(JdbcRelationProvider.scala:51)
[2025-09-08T04:19:01.319+0000] {spark_submit.py:579} INFO - at org.apache.spark.sql.execution.datasources.SaveIntoDataSourceCommand.run(SaveIntoDataSourceCommand.scala:55)
[2025-09-08T04:19:01.319+0000] {spark_submit.py:579} INFO - at org.apache.spark.sql.execution.command.ExecutedCommandExec.sideEffectResult$lzycompute(commands.scala:79)
[2025-09-08T04:19:01.320+0000] {spark_submit.py:579} INFO - at org.apache.spark.sql.execution.command.ExecutedCommandExec.sideEffectResult(commands.scala:77)
[2025-09-08T04:19:01.320+0000] {spark_submit.py:579} INFO - at org.apache.spark.sql.execution.command.ExecutedCommandExec.executeCollect(commands.scala:88)
[2025-09-08T04:19:01.320+0000] {spark_submit.py:579} INFO - at org.apache.spark.sql.execution.QueryExecution.$anonfun$eagerlyExecuteCommands$2(QueryExecution.scala:155)
[2025-09-08T04:19:01.320+0000] {spark_submit.py:579} INFO - at org.apache.spark.sql.execution.SQLExecution$.$anonfun$withNewExecutionId0$8(SQLExecution.scala:162)
[2025-09-08T04:19:01.321+0000] {spark_submit.py:579} INFO - at org.apache.spark.sql.execution.SQLExecution$.withSessionTagsApplied(SQLExecution.scala:268)
[2025-09-08T04:19:01.321+0000] {spark_submit.py:579} INFO - at org.apache.spark.sql.execution.SQLExecution$.$anonfun$withNewExecutionId0$7(SQLExecution.scala:124)
[2025-09-08T04:19:01.321+0000] {spark_submit.py:579} INFO - at org.apache.spark.JobArtifactSet$.withActiveJobArtifactState(JobArtifactSet.scala:94)
[2025-09-08T04:19:01.321+0000] {spark_submit.py:579} INFO - at org.apache.spark.sql.artifact.ArtifactManager.$anonfun$withResources$1(ArtifactManager.scala:112)
[2025-09-08T04:19:01.322+0000] {spark_submit.py:579} INFO - at org.apache.spark.sql.artifact.ArtifactManager.withClassLoaderIfNeeded(ArtifactManager.scala:106)
[2025-09-08T04:19:01.322+0000] {spark_submit.py:579} INFO - at org.apache.spark.sql.artifact.ArtifactManager.withResources(ArtifactManager.scala:111)
[2025-09-08T04:19:01.322+0000] {spark_submit.py:579} INFO - at org.apache.spark.sql.execution.SQLExecution$.$anonfun$withNewExecutionId0$6(SQLExecution.scala:124)
[2025-09-08T04:19:01.322+0000] {spark_submit.py:579} INFO - at org.apache.spark.sql.execution.SQLExecution$.withSQLConfPropagated(SQLExecution.scala:291)
[2025-09-08T04:19:01.322+0000] {spark_submit.py:579} INFO - at org.apache.spark.sql.execution.SQLExecution$.$anonfun$withNewExecutionId0$1(SQLExecution.scala:123)
[2025-09-08T04:19:01.322+0000] {spark_submit.py:579} INFO - at org.apache.spark.sql.SparkSession.withActive(SparkSession.scala:804)
[2025-09-08T04:19:01.323+0000] {spark_submit.py:579} INFO - at org.apache.spark.sql.execution.SQLExecution$.withNewExecutionId0(SQLExecution.scala:77)
[2025-09-08T04:19:01.323+0000] {spark_submit.py:579} INFO - at org.apache.spark.sql.execution.SQLExecution$.withNewExecutionId(SQLExecution.scala:233)
[2025-09-08T04:19:01.323+0000] {spark_submit.py:579} INFO - at org.apache.spark.sql.execution.QueryExecution.$anonfun$eagerlyExecuteCommands$1(QueryExecution.scala:155)
[2025-09-08T04:19:01.323+0000] {spark_submit.py:579} INFO - at org.apache.spark.sql.execution.QueryExecution$.withInternalError(QueryExecution.scala:654)
[2025-09-08T04:19:01.323+0000] {spark_submit.py:579} INFO - at org.apache.spark.sql.execution.QueryExecution.org$apache$spark$sql$execution$QueryExecution$$eagerlyExecute$1(QueryExecution.scala:154)
[2025-09-08T04:19:01.324+0000] {spark_submit.py:579} INFO - at org.apache.spark.sql.execution.QueryExecution$$anonfun$eagerlyExecuteCommands$3.applyOrElse(QueryExecution.scala:169)
[2025-09-08T04:19:01.324+0000] {spark_submit.py:579} INFO - at org.apache.spark.sql.execution.QueryExecution$$anonfun$eagerlyExecuteCommands$3.applyOrElse(QueryExecution.scala:164)
[2025-09-08T04:19:01.324+0000] {spark_submit.py:579} INFO - at org.apache.spark.sql.catalyst.trees.TreeNode.$anonfun$transformDownWithPruning$1(TreeNode.scala:470)
[2025-09-08T04:19:01.324+0000] {spark_submit.py:579} INFO - at org.apache.spark.sql.catalyst.trees.CurrentOrigin$.withOrigin(origin.scala:86)
[2025-09-08T04:19:01.324+0000] {spark_submit.py:579} INFO - at org.apache.spark.sql.catalyst.trees.TreeNode.transformDownWithPruning(TreeNode.scala:470)
[2025-09-08T04:19:01.325+0000] {spark_submit.py:579} INFO - at org.apache.spark.sql.catalyst.plans.logical.LogicalPlan.org$apache$spark$sql$catalyst$plans$logical$AnalysisHelper$$super$transformDownWithPruning(LogicalPlan.scala:37)
[2025-09-08T04:19:01.325+0000] {spark_submit.py:579} INFO - at org.apache.spark.sql.catalyst.plans.logical.AnalysisHelper.transformDownWithPruning(AnalysisHelper.scala:360)
[2025-09-08T04:19:01.325+0000] {spark_submit.py:579} INFO - at org.apache.spark.sql.catalyst.plans.logical.AnalysisHelper.transformDownWithPruning$(AnalysisHelper.scala:356)
[2025-09-08T04:19:01.325+0000] {spark_submit.py:579} INFO - at org.apache.spark.sql.catalyst.plans.logical.LogicalPlan.transformDownWithPruning(LogicalPlan.scala:37)
[2025-09-08T04:19:01.326+0000] {spark_submit.py:579} INFO - at org.apache.spark.sql.catalyst.plans.logical.LogicalPlan.transformDownWithPruning(LogicalPlan.scala:37)
[2025-09-08T04:19:01.326+0000] {spark_submit.py:579} INFO - at org.apache.spark.sql.catalyst.trees.TreeNode.transformDown(TreeNode.scala:446)
[2025-09-08T04:19:01.326+0000] {spark_submit.py:579} INFO - at org.apache.spark.sql.execution.QueryExecution.eagerlyExecuteCommands(QueryExecution.scala:164)
[2025-09-08T04:19:01.326+0000] {spark_submit.py:579} INFO - at org.apache.spark.sql.execution.QueryExecution.$anonfun$lazyCommandExecuted$1(QueryExecution.scala:126)
[2025-09-08T04:19:01.326+0000] {spark_submit.py:579} INFO - at scala.util.Try$.apply(Try.scala:217)
[2025-09-08T04:19:01.327+0000] {spark_submit.py:579} INFO - at org.apache.spark.util.Utils$.doTryWithCallerStacktrace(Utils.scala:1378)
[2025-09-08T04:19:01.327+0000] {spark_submit.py:579} INFO - at org.apache.spark.util.LazyTry.tryT$lzycompute(LazyTry.scala:46)
[2025-09-08T04:19:01.327+0000] {spark_submit.py:579} INFO - at org.apache.spark.util.LazyTry.tryT(LazyTry.scala:46)
[2025-09-08T04:19:01.327+0000] {spark_submit.py:579} INFO - ... 20 more
[2025-09-08T04:19:01.327+0000] {spark_submit.py:579} INFO - 
[2025-09-08T04:19:02.414+0000] {spark_submit.py:579} INFO - 25/09/08 04:19:02 INFO SparkContext: Invoking stop() from shutdown hook
[2025-09-08T04:19:02.419+0000] {spark_submit.py:579} INFO - 25/09/08 04:19:02 INFO SparkContext: SparkContext is stopping with exitCode 0 from run at Executors.java:539.
[2025-09-08T04:19:02.473+0000] {spark_submit.py:579} INFO - 25/09/08 04:19:02 INFO SparkUI: Stopped Spark web UI at http://ac03ab483d89:4040
[2025-09-08T04:19:02.526+0000] {spark_submit.py:579} INFO - 25/09/08 04:19:02 INFO StandaloneSchedulerBackend: Shutting down all executors
[2025-09-08T04:19:02.528+0000] {spark_submit.py:579} INFO - 25/09/08 04:19:02 INFO StandaloneSchedulerBackend$StandaloneDriverEndpoint: Asking each executor to shut down
[2025-09-08T04:19:02.632+0000] {spark_submit.py:579} INFO - 25/09/08 04:19:02 INFO MapOutputTrackerMasterEndpoint: MapOutputTrackerMasterEndpoint stopped!
[2025-09-08T04:19:02.700+0000] {spark_submit.py:579} INFO - 25/09/08 04:19:02 INFO MemoryStore: MemoryStore started with capacity 434.4 MiB
[2025-09-08T04:19:02.701+0000] {spark_submit.py:579} INFO - 25/09/08 04:19:02 INFO MemoryStore: MemoryStore cleared
[2025-09-08T04:19:02.701+0000] {spark_submit.py:579} INFO - 25/09/08 04:19:02 INFO BlockManager: BlockManager stopped
[2025-09-08T04:19:02.710+0000] {spark_submit.py:579} INFO - 25/09/08 04:19:02 INFO BlockManagerMaster: BlockManagerMaster stopped
[2025-09-08T04:19:02.714+0000] {spark_submit.py:579} INFO - 25/09/08 04:19:02 INFO OutputCommitCoordinator$OutputCommitCoordinatorEndpoint: OutputCommitCoordinator stopped!
[2025-09-08T04:19:02.745+0000] {spark_submit.py:579} INFO - 25/09/08 04:19:02 INFO SparkContext: Successfully stopped SparkContext
[2025-09-08T04:19:02.746+0000] {spark_submit.py:579} INFO - 25/09/08 04:19:02 INFO ShutdownHookManager: Shutdown hook called
[2025-09-08T04:19:02.747+0000] {spark_submit.py:579} INFO - 25/09/08 04:19:02 INFO ShutdownHookManager: Deleting directory /opt/***/artifacts/spark-166cc53a-2a32-471c-83e4-2579b6a9125e
[2025-09-08T04:19:02.773+0000] {spark_submit.py:579} INFO - 25/09/08 04:19:02 INFO ShutdownHookManager: Deleting directory /tmp/spark-e17b7f37-d763-469d-b99c-d1aa43cb64db
[2025-09-08T04:19:02.789+0000] {spark_submit.py:579} INFO - 25/09/08 04:19:02 INFO ShutdownHookManager: Deleting directory /tmp/spark-0579b628-e151-4c7d-a300-217fa7697699/pyspark-4c8b084d-6933-4b15-9d8d-437be99de639
[2025-09-08T04:19:02.804+0000] {spark_submit.py:579} INFO - 25/09/08 04:19:02 INFO ShutdownHookManager: Deleting directory /tmp/spark-0579b628-e151-4c7d-a300-217fa7697699
[2025-09-08T04:19:03.187+0000] {taskinstance.py:1935} ERROR - Task failed with exception
Traceback (most recent call last):
  File "/home/airflow/.local/lib/python3.10/site-packages/airflow/providers/apache/spark/operators/spark_submit.py", line 174, in execute
    self._hook.submit(self.application)
  File "/home/airflow/.local/lib/python3.10/site-packages/airflow/providers/apache/spark/hooks/spark_submit.py", line 505, in submit
    raise AirflowException(
airflow.exceptions.AirflowException: Cannot execute: spark-submit --master spark://spark-master:7077 --jars /opt/spark/external-jars/apache-spark-sql-connector.jar --name arrow-spark --deploy-mode client jobs/python/wordcountjob.py. Error code is: 1.
[2025-09-08T04:19:03.266+0000] {taskinstance.py:1398} INFO - Marking task as FAILED. dag_id=sparking_flow, task_id=python_job, execution_date=20250908T041754, start_date=20250908T041806, end_date=20250908T041903
[2025-09-08T04:19:03.449+0000] {standard_task_runner.py:104} ERROR - Failed to execute job 53 for task python_job (Cannot execute: spark-submit --master spark://spark-master:7077 --jars /opt/spark/external-jars/apache-spark-sql-connector.jar --name arrow-spark --deploy-mode client jobs/python/wordcountjob.py. Error code is: 1.; 27864)
[2025-09-08T04:19:03.540+0000] {local_task_job_runner.py:228} INFO - Task exited with return code 1
[2025-09-08T04:19:03.698+0000] {taskinstance.py:2776} INFO - 0 downstream tasks scheduled from follow-on schedule check
