[2025-08-18T15:55:28.460+0000] {taskinstance.py:1157} INFO - Dependencies all met for dep_context=non-requeueable deps ti=<TaskInstance: sparking_flow.python_job manual__2025-08-18T15:55:26.546579+00:00 [queued]>
[2025-08-18T15:55:28.468+0000] {taskinstance.py:1157} INFO - Dependencies all met for dep_context=requeueable deps ti=<TaskInstance: sparking_flow.python_job manual__2025-08-18T15:55:26.546579+00:00 [queued]>
[2025-08-18T15:55:28.468+0000] {taskinstance.py:1359} INFO - Starting attempt 1 of 1
[2025-08-18T15:55:28.487+0000] {taskinstance.py:1380} INFO - Executing <Task(SparkSubmitOperator): python_job> on 2025-08-18 15:55:26.546579+00:00
[2025-08-18T15:55:28.491+0000] {standard_task_runner.py:57} INFO - Started process 209 to run task
[2025-08-18T15:55:28.494+0000] {standard_task_runner.py:84} INFO - Running: ['***', 'tasks', 'run', 'sparking_flow', 'python_job', 'manual__2025-08-18T15:55:26.546579+00:00', '--job-id', '58', '--raw', '--subdir', 'DAGS_FOLDER/spark_***.py', '--cfg-path', '/tmp/tmpqpyl972r']
[2025-08-18T15:55:28.497+0000] {standard_task_runner.py:85} INFO - Job 58: Subtask python_job
[2025-08-18T15:55:28.567+0000] {task_command.py:415} INFO - Running <TaskInstance: sparking_flow.python_job manual__2025-08-18T15:55:26.546579+00:00 [running]> on host 81b7fe425a18
[2025-08-18T15:55:28.656+0000] {taskinstance.py:1660} INFO - Exporting env vars: AIRFLOW_CTX_DAG_OWNER='Kudzaishe Manyanya' AIRFLOW_CTX_DAG_ID='sparking_flow' AIRFLOW_CTX_TASK_ID='python_job' AIRFLOW_CTX_EXECUTION_DATE='2025-08-18T15:55:26.546579+00:00' AIRFLOW_CTX_TRY_NUMBER='1' AIRFLOW_CTX_DAG_RUN_ID='manual__2025-08-18T15:55:26.546579+00:00'
[2025-08-18T15:55:28.668+0000] {base.py:73} INFO - Using connection ID 'spark-conn' for task execution.
[2025-08-18T15:55:28.669+0000] {spark_submit.py:403} INFO - Spark-Submit cmd: spark-submit --master spark://spark-master:7077 --jars /opt/spark/external-jars/apache-spark-sql-connector.jar --name arrow-spark --deploy-mode client jobs/python/wordcountjob.py
[2025-08-18T15:55:29.238+0000] {spark_submit.py:579} INFO - WARNING: Using incubator modules: jdk.incubator.vector
[2025-08-18T15:55:30.996+0000] {spark_submit.py:579} INFO - 25/08/18 15:55:30 WARN NativeCodeLoader: Unable to load native-hadoop library for your platform... using builtin-java classes where applicable
[2025-08-18T15:55:33.183+0000] {spark_submit.py:579} INFO - Using Spark's default log4j profile: org/apache/spark/log4j2-defaults.properties
[2025-08-18T15:55:33.189+0000] {spark_submit.py:579} INFO - 25/08/18 15:55:33 INFO SparkContext: Running Spark version 4.0.0
[2025-08-18T15:55:33.192+0000] {spark_submit.py:579} INFO - 25/08/18 15:55:33 INFO SparkContext: OS info Linux, 6.6.87.2-microsoft-standard-WSL2, amd64
[2025-08-18T15:55:33.194+0000] {spark_submit.py:579} INFO - 25/08/18 15:55:33 INFO SparkContext: Java version 17.0.15
[2025-08-18T15:55:33.224+0000] {spark_submit.py:579} INFO - 25/08/18 15:55:33 INFO ResourceUtils: ==============================================================
[2025-08-18T15:55:33.225+0000] {spark_submit.py:579} INFO - 25/08/18 15:55:33 INFO ResourceUtils: No custom resources configured for spark.driver.
[2025-08-18T15:55:33.225+0000] {spark_submit.py:579} INFO - 25/08/18 15:55:33 INFO ResourceUtils: ==============================================================
[2025-08-18T15:55:33.226+0000] {spark_submit.py:579} INFO - 25/08/18 15:55:33 INFO SparkContext: Submitted application: PythonWordCount
[2025-08-18T15:55:33.251+0000] {spark_submit.py:579} INFO - 25/08/18 15:55:33 INFO ResourceProfile: Default ResourceProfile created, executor resources: Map(memory -> name: memory, amount: 1024, script: , vendor: , offHeap -> name: offHeap, amount: 0, script: , vendor: ), task resources: Map(cpus -> name: cpus, amount: 1.0)
[2025-08-18T15:55:33.254+0000] {spark_submit.py:579} INFO - 25/08/18 15:55:33 INFO ResourceProfile: Limiting resource is cpu
[2025-08-18T15:55:33.255+0000] {spark_submit.py:579} INFO - 25/08/18 15:55:33 INFO ResourceProfileManager: Added ResourceProfile id: 0
[2025-08-18T15:55:33.312+0000] {spark_submit.py:579} INFO - 25/08/18 15:55:33 INFO SecurityManager: Changing view acls to: ***
[2025-08-18T15:55:33.313+0000] {spark_submit.py:579} INFO - 25/08/18 15:55:33 INFO SecurityManager: Changing modify acls to: ***
[2025-08-18T15:55:33.314+0000] {spark_submit.py:579} INFO - 25/08/18 15:55:33 INFO SecurityManager: Changing view acls groups to: ***
[2025-08-18T15:55:33.314+0000] {spark_submit.py:579} INFO - 25/08/18 15:55:33 INFO SecurityManager: Changing modify acls groups to: ***
[2025-08-18T15:55:33.319+0000] {spark_submit.py:579} INFO - 25/08/18 15:55:33 INFO SecurityManager: SecurityManager: authentication disabled; ui acls disabled; users with view permissions: *** groups with view permissions: EMPTY; users with modify permissions: ***; groups with modify permissions: EMPTY; RPC SSL disabled
[2025-08-18T15:55:33.603+0000] {spark_submit.py:579} INFO - 25/08/18 15:55:33 INFO Utils: Successfully started service 'sparkDriver' on port 39231.
[2025-08-18T15:55:33.638+0000] {spark_submit.py:579} INFO - 25/08/18 15:55:33 INFO SparkEnv: Registering MapOutputTracker
[2025-08-18T15:55:33.649+0000] {spark_submit.py:579} INFO - 25/08/18 15:55:33 INFO SparkEnv: Registering BlockManagerMaster
[2025-08-18T15:55:33.669+0000] {spark_submit.py:579} INFO - 25/08/18 15:55:33 INFO BlockManagerMasterEndpoint: Using org.apache.spark.storage.DefaultTopologyMapper for getting topology information
[2025-08-18T15:55:33.669+0000] {spark_submit.py:579} INFO - 25/08/18 15:55:33 INFO BlockManagerMasterEndpoint: BlockManagerMasterEndpoint up
[2025-08-18T15:55:33.673+0000] {spark_submit.py:579} INFO - 25/08/18 15:55:33 INFO SparkEnv: Registering BlockManagerMasterHeartbeat
[2025-08-18T15:55:33.703+0000] {spark_submit.py:579} INFO - 25/08/18 15:55:33 INFO DiskBlockManager: Created local directory at /tmp/blockmgr-26d20346-c4f1-4587-ab79-dbc46d546b84
[2025-08-18T15:55:33.727+0000] {spark_submit.py:579} INFO - 25/08/18 15:55:33 INFO SparkEnv: Registering OutputCommitCoordinator
[2025-08-18T15:55:33.917+0000] {spark_submit.py:579} INFO - 25/08/18 15:55:33 INFO JettyUtils: Start Jetty 0.0.0.0:4040 for SparkUI
[2025-08-18T15:55:34.006+0000] {spark_submit.py:579} INFO - 25/08/18 15:55:34 INFO Utils: Successfully started service 'SparkUI' on port 4040.
[2025-08-18T15:55:34.059+0000] {spark_submit.py:579} INFO - 25/08/18 15:55:34 INFO SparkContext: Added JAR file:///opt/spark/external-jars/apache-spark-sql-connector.jar at spark://81b7fe425a18:39231/jars/apache-spark-sql-connector.jar with timestamp 1755532533173
[2025-08-18T15:55:34.083+0000] {spark_submit.py:579} INFO - 25/08/18 15:55:34 INFO SecurityManager: Changing view acls to: ***
[2025-08-18T15:55:34.084+0000] {spark_submit.py:579} INFO - 25/08/18 15:55:34 INFO SecurityManager: Changing modify acls to: ***
[2025-08-18T15:55:34.085+0000] {spark_submit.py:579} INFO - 25/08/18 15:55:34 INFO SecurityManager: Changing view acls groups to: ***
[2025-08-18T15:55:34.085+0000] {spark_submit.py:579} INFO - 25/08/18 15:55:34 INFO SecurityManager: Changing modify acls groups to: ***
[2025-08-18T15:55:34.086+0000] {spark_submit.py:579} INFO - 25/08/18 15:55:34 INFO SecurityManager: SecurityManager: authentication disabled; ui acls disabled; users with view permissions: *** groups with view permissions: EMPTY; users with modify permissions: ***; groups with modify permissions: EMPTY; RPC SSL disabled
[2025-08-18T15:55:34.263+0000] {spark_submit.py:579} INFO - 25/08/18 15:55:34 INFO StandaloneAppClient$ClientEndpoint: Connecting to master spark://spark-master:7077...
[2025-08-18T15:55:34.318+0000] {spark_submit.py:579} INFO - 25/08/18 15:55:34 INFO TransportClientFactory: Successfully created connection to spark-master/172.18.0.2:7077 after 31 ms (0 ms spent in bootstraps)
[2025-08-18T15:55:34.459+0000] {spark_submit.py:579} INFO - 25/08/18 15:55:34 INFO StandaloneSchedulerBackend: Connected to Spark cluster with app ID app-20250818155534-0000
[2025-08-18T15:55:34.470+0000] {spark_submit.py:579} INFO - 25/08/18 15:55:34 INFO Utils: Successfully started service 'org.apache.spark.network.netty.NettyBlockTransferService' on port 38599.
[2025-08-18T15:55:34.471+0000] {spark_submit.py:579} INFO - 25/08/18 15:55:34 INFO NettyBlockTransferService: Server created on 81b7fe425a18:38599
[2025-08-18T15:55:34.472+0000] {spark_submit.py:579} INFO - 25/08/18 15:55:34 INFO BlockManager: Using org.apache.spark.storage.RandomBlockReplicationPolicy for block replication policy
[2025-08-18T15:55:34.492+0000] {spark_submit.py:579} INFO - 25/08/18 15:55:34 INFO BlockManagerMaster: Registering BlockManager BlockManagerId(driver, 81b7fe425a18, 38599, None)
[2025-08-18T15:55:34.501+0000] {spark_submit.py:579} INFO - 25/08/18 15:55:34 INFO BlockManagerMasterEndpoint: Registering block manager 81b7fe425a18:38599 with 434.4 MiB RAM, BlockManagerId(driver, 81b7fe425a18, 38599, None)
[2025-08-18T15:55:34.506+0000] {spark_submit.py:579} INFO - 25/08/18 15:55:34 INFO BlockManagerMaster: Registered BlockManager BlockManagerId(driver, 81b7fe425a18, 38599, None)
[2025-08-18T15:55:34.507+0000] {spark_submit.py:579} INFO - 25/08/18 15:55:34 INFO BlockManager: Initialized BlockManager: BlockManagerId(driver, 81b7fe425a18, 38599, None)
[2025-08-18T15:55:34.513+0000] {spark_submit.py:579} INFO - 25/08/18 15:55:34 INFO StandaloneAppClient$ClientEndpoint: Executor added: app-20250818155534-0000/0 on worker-20250818155304-172.18.0.4-34975 (172.18.0.4:34975) with 2 core(s)
[2025-08-18T15:55:34.514+0000] {spark_submit.py:579} INFO - 25/08/18 15:55:34 INFO StandaloneSchedulerBackend: Granted executor ID app-20250818155534-0000/0 on hostPort 172.18.0.4:34975 with 2 core(s), 1024.0 MiB RAM
[2025-08-18T15:55:34.727+0000] {spark_submit.py:579} INFO - 25/08/18 15:55:34 INFO StandaloneSchedulerBackend: SchedulerBackend is ready for scheduling beginning after reached minRegisteredResourcesRatio: 0.0
[2025-08-18T15:55:34.862+0000] {spark_submit.py:579} INFO - 25/08/18 15:55:34 INFO StandaloneAppClient$ClientEndpoint: Executor updated: app-20250818155534-0000/0 is now RUNNING
[2025-08-18T15:55:37.628+0000] {spark_submit.py:579} INFO - 25/08/18 15:55:37 INFO StandaloneSchedulerBackend$StandaloneDriverEndpoint: Registered executor NettyRpcEndpointRef(spark-client://Executor) (172.18.0.4:57378) with ID 0, ResourceProfileId 0
[2025-08-18T15:55:37.835+0000] {spark_submit.py:579} INFO - 25/08/18 15:55:37 INFO BlockManagerMasterEndpoint: Registering block manager 172.18.0.4:36213 with 434.4 MiB RAM, BlockManagerId(0, 172.18.0.4, 36213, None)
[2025-08-18T15:55:40.403+0000] {spark_submit.py:579} INFO - dict_keys(['daily', 'daily960', 'live_rapid', 'live_blitz', 'live_bullet', 'live_bughouse', 'live_blitz960', 'live_threecheck', 'live_crazyhouse', 'live_kingofthehill', 'tactics', 'rush', 'battle'])
[2025-08-18T15:55:42.344+0000] {spark_submit.py:579} INFO - 25/08/18 15:55:42 INFO SharedState: Setting hive.metastore.warehouse.dir ('null') to the value of spark.sql.warehouse.dir.
[2025-08-18T15:55:42.346+0000] {spark_submit.py:579} INFO - 25/08/18 15:55:42 INFO SharedState: Warehouse path is 'file:/opt/***/spark-warehouse'.
[2025-08-18T15:55:58.853+0000] {spark_submit.py:579} INFO - Traceback (most recent call last):
[2025-08-18T15:55:58.854+0000] {spark_submit.py:579} INFO - File "/opt/***/jobs/python/wordcountjob.py", line 202, in <module>
[2025-08-18T15:55:58.857+0000] {spark_submit.py:579} INFO - write_data(daily,"daily")
[2025-08-18T15:55:58.857+0000] {spark_submit.py:579} INFO - File "/opt/***/jobs/python/wordcountjob.py", line 198, in write_data
[2025-08-18T15:55:58.860+0000] {spark_submit.py:579} INFO - df.write.mode("overwrite").jdbc(url=jdbc_url, table=f"dbo.{table}", properties=properties)
[2025-08-18T15:55:58.861+0000] {spark_submit.py:579} INFO - File "/home/***/.local/lib/python3.10/site-packages/pyspark/python/lib/pyspark.zip/pyspark/sql/readwriter.py", line 2347, in jdbc
[2025-08-18T15:55:58.861+0000] {spark_submit.py:579} INFO - File "/home/***/.local/lib/python3.10/site-packages/pyspark/python/lib/py4j-0.10.9.9-src.zip/py4j/java_gateway.py", line 1362, in __call__
[2025-08-18T15:55:58.862+0000] {spark_submit.py:579} INFO - File "/home/***/.local/lib/python3.10/site-packages/pyspark/python/lib/pyspark.zip/pyspark/errors/exceptions/captured.py", line 282, in deco
[2025-08-18T15:55:58.863+0000] {spark_submit.py:579} INFO - File "/home/***/.local/lib/python3.10/site-packages/pyspark/python/lib/py4j-0.10.9.9-src.zip/py4j/protocol.py", line 327, in get_return_value
[2025-08-18T15:55:58.908+0000] {spark_submit.py:579} INFO - py4j.protocol.Py4JJavaError: An error occurred while calling o308.jdbc.
[2025-08-18T15:55:58.909+0000] {spark_submit.py:579} INFO - : com.microsoft.sqlserver.jdbc.SQLServerException: The TCP/IP connection to the host host.docker.internal, port 1433 has failed. Error: "Connection refused. Verify the connection properties. Make sure that an instance of SQL Server is running on the host and accepting TCP/IP connections at the port. Make sure that TCP connections to the port are not blocked by a firewall.".
[2025-08-18T15:55:58.909+0000] {spark_submit.py:579} INFO - at com.microsoft.sqlserver.jdbc.SQLServerException.makeFromDriverError(SQLServerException.java:228)
[2025-08-18T15:55:58.910+0000] {spark_submit.py:579} INFO - at com.microsoft.sqlserver.jdbc.SQLServerException.ConvertConnectExceptionToSQLServerException(SQLServerException.java:279)
[2025-08-18T15:55:58.910+0000] {spark_submit.py:579} INFO - at com.microsoft.sqlserver.jdbc.SocketFinder.findSocket(IOBuffer.java:2431)
[2025-08-18T15:55:58.910+0000] {spark_submit.py:579} INFO - at com.microsoft.sqlserver.jdbc.TDSChannel.open(IOBuffer.java:656)
[2025-08-18T15:55:58.911+0000] {spark_submit.py:579} INFO - at com.microsoft.sqlserver.jdbc.SQLServerConnection.connectHelper(SQLServerConnection.java:2440)
[2025-08-18T15:55:58.911+0000] {spark_submit.py:579} INFO - at com.microsoft.sqlserver.jdbc.SQLServerConnection.login(SQLServerConnection.java:2103)
[2025-08-18T15:55:58.911+0000] {spark_submit.py:579} INFO - at com.microsoft.sqlserver.jdbc.SQLServerConnection.connectInternal(SQLServerConnection.java:1950)
[2025-08-18T15:55:58.911+0000] {spark_submit.py:579} INFO - at com.microsoft.sqlserver.jdbc.SQLServerConnection.connect(SQLServerConnection.java:1162)
[2025-08-18T15:55:58.912+0000] {spark_submit.py:579} INFO - at com.microsoft.sqlserver.jdbc.SQLServerDriver.connect(SQLServerDriver.java:735)
[2025-08-18T15:55:58.912+0000] {spark_submit.py:579} INFO - at org.apache.spark.sql.execution.datasources.jdbc.connection.BasicConnectionProvider.getConnection(BasicConnectionProvider.scala:50)
[2025-08-18T15:55:58.912+0000] {spark_submit.py:579} INFO - at org.apache.spark.sql.execution.datasources.jdbc.connection.ConnectionProviderBase.create(ConnectionProvider.scala:102)
[2025-08-18T15:55:58.912+0000] {spark_submit.py:579} INFO - at org.apache.spark.sql.jdbc.JdbcDialect.$anonfun$createConnectionFactory$1(JdbcDialects.scala:235)
[2025-08-18T15:55:58.913+0000] {spark_submit.py:579} INFO - at org.apache.spark.sql.jdbc.JdbcDialect.$anonfun$createConnectionFactory$1$adapted(JdbcDialects.scala:231)
[2025-08-18T15:55:58.913+0000] {spark_submit.py:579} INFO - at org.apache.spark.sql.execution.datasources.jdbc.JdbcRelationProvider.createRelation(JdbcRelationProvider.scala:51)
[2025-08-18T15:55:58.913+0000] {spark_submit.py:579} INFO - at org.apache.spark.sql.execution.datasources.SaveIntoDataSourceCommand.run(SaveIntoDataSourceCommand.scala:55)
[2025-08-18T15:55:58.913+0000] {spark_submit.py:579} INFO - at org.apache.spark.sql.execution.command.ExecutedCommandExec.sideEffectResult$lzycompute(commands.scala:79)
[2025-08-18T15:55:58.914+0000] {spark_submit.py:579} INFO - at org.apache.spark.sql.execution.command.ExecutedCommandExec.sideEffectResult(commands.scala:77)
[2025-08-18T15:55:58.914+0000] {spark_submit.py:579} INFO - at org.apache.spark.sql.execution.command.ExecutedCommandExec.executeCollect(commands.scala:88)
[2025-08-18T15:55:58.914+0000] {spark_submit.py:579} INFO - at org.apache.spark.sql.execution.QueryExecution.$anonfun$eagerlyExecuteCommands$2(QueryExecution.scala:155)
[2025-08-18T15:55:58.914+0000] {spark_submit.py:579} INFO - at org.apache.spark.sql.execution.SQLExecution$.$anonfun$withNewExecutionId0$8(SQLExecution.scala:162)
[2025-08-18T15:55:58.914+0000] {spark_submit.py:579} INFO - at org.apache.spark.sql.execution.SQLExecution$.withSessionTagsApplied(SQLExecution.scala:268)
[2025-08-18T15:55:58.915+0000] {spark_submit.py:579} INFO - at org.apache.spark.sql.execution.SQLExecution$.$anonfun$withNewExecutionId0$7(SQLExecution.scala:124)
[2025-08-18T15:55:58.915+0000] {spark_submit.py:579} INFO - at org.apache.spark.JobArtifactSet$.withActiveJobArtifactState(JobArtifactSet.scala:94)
[2025-08-18T15:55:58.915+0000] {spark_submit.py:579} INFO - at org.apache.spark.sql.artifact.ArtifactManager.$anonfun$withResources$1(ArtifactManager.scala:112)
[2025-08-18T15:55:58.915+0000] {spark_submit.py:579} INFO - at org.apache.spark.sql.artifact.ArtifactManager.withClassLoaderIfNeeded(ArtifactManager.scala:106)
[2025-08-18T15:55:58.916+0000] {spark_submit.py:579} INFO - at org.apache.spark.sql.artifact.ArtifactManager.withResources(ArtifactManager.scala:111)
[2025-08-18T15:55:58.916+0000] {spark_submit.py:579} INFO - at org.apache.spark.sql.execution.SQLExecution$.$anonfun$withNewExecutionId0$6(SQLExecution.scala:124)
[2025-08-18T15:55:58.916+0000] {spark_submit.py:579} INFO - at org.apache.spark.sql.execution.SQLExecution$.withSQLConfPropagated(SQLExecution.scala:291)
[2025-08-18T15:55:58.916+0000] {spark_submit.py:579} INFO - at org.apache.spark.sql.execution.SQLExecution$.$anonfun$withNewExecutionId0$1(SQLExecution.scala:123)
[2025-08-18T15:55:58.916+0000] {spark_submit.py:579} INFO - at org.apache.spark.sql.SparkSession.withActive(SparkSession.scala:804)
[2025-08-18T15:55:58.917+0000] {spark_submit.py:579} INFO - at org.apache.spark.sql.execution.SQLExecution$.withNewExecutionId0(SQLExecution.scala:77)
[2025-08-18T15:55:58.917+0000] {spark_submit.py:579} INFO - at org.apache.spark.sql.execution.SQLExecution$.withNewExecutionId(SQLExecution.scala:233)
[2025-08-18T15:55:58.917+0000] {spark_submit.py:579} INFO - at org.apache.spark.sql.execution.QueryExecution.$anonfun$eagerlyExecuteCommands$1(QueryExecution.scala:155)
[2025-08-18T15:55:58.917+0000] {spark_submit.py:579} INFO - at org.apache.spark.sql.execution.QueryExecution$.withInternalError(QueryExecution.scala:654)
[2025-08-18T15:55:58.918+0000] {spark_submit.py:579} INFO - at org.apache.spark.sql.execution.QueryExecution.org$apache$spark$sql$execution$QueryExecution$$eagerlyExecute$1(QueryExecution.scala:154)
[2025-08-18T15:55:58.918+0000] {spark_submit.py:579} INFO - at org.apache.spark.sql.execution.QueryExecution$$anonfun$eagerlyExecuteCommands$3.applyOrElse(QueryExecution.scala:169)
[2025-08-18T15:55:58.918+0000] {spark_submit.py:579} INFO - at org.apache.spark.sql.execution.QueryExecution$$anonfun$eagerlyExecuteCommands$3.applyOrElse(QueryExecution.scala:164)
[2025-08-18T15:55:58.918+0000] {spark_submit.py:579} INFO - at org.apache.spark.sql.catalyst.trees.TreeNode.$anonfun$transformDownWithPruning$1(TreeNode.scala:470)
[2025-08-18T15:55:58.919+0000] {spark_submit.py:579} INFO - at org.apache.spark.sql.catalyst.trees.CurrentOrigin$.withOrigin(origin.scala:86)
[2025-08-18T15:55:58.919+0000] {spark_submit.py:579} INFO - at org.apache.spark.sql.catalyst.trees.TreeNode.transformDownWithPruning(TreeNode.scala:470)
[2025-08-18T15:55:58.919+0000] {spark_submit.py:579} INFO - at org.apache.spark.sql.catalyst.plans.logical.LogicalPlan.org$apache$spark$sql$catalyst$plans$logical$AnalysisHelper$$super$transformDownWithPruning(LogicalPlan.scala:37)
[2025-08-18T15:55:58.919+0000] {spark_submit.py:579} INFO - at org.apache.spark.sql.catalyst.plans.logical.AnalysisHelper.transformDownWithPruning(AnalysisHelper.scala:360)
[2025-08-18T15:55:58.920+0000] {spark_submit.py:579} INFO - at org.apache.spark.sql.catalyst.plans.logical.AnalysisHelper.transformDownWithPruning$(AnalysisHelper.scala:356)
[2025-08-18T15:55:58.920+0000] {spark_submit.py:579} INFO - at org.apache.spark.sql.catalyst.plans.logical.LogicalPlan.transformDownWithPruning(LogicalPlan.scala:37)
[2025-08-18T15:55:58.920+0000] {spark_submit.py:579} INFO - at org.apache.spark.sql.catalyst.plans.logical.LogicalPlan.transformDownWithPruning(LogicalPlan.scala:37)
[2025-08-18T15:55:58.920+0000] {spark_submit.py:579} INFO - at org.apache.spark.sql.catalyst.trees.TreeNode.transformDown(TreeNode.scala:446)
[2025-08-18T15:55:58.921+0000] {spark_submit.py:579} INFO - at org.apache.spark.sql.execution.QueryExecution.eagerlyExecuteCommands(QueryExecution.scala:164)
[2025-08-18T15:55:58.921+0000] {spark_submit.py:579} INFO - at org.apache.spark.sql.execution.QueryExecution.$anonfun$lazyCommandExecuted$1(QueryExecution.scala:126)
[2025-08-18T15:55:58.921+0000] {spark_submit.py:579} INFO - at scala.util.Try$.apply(Try.scala:217)
[2025-08-18T15:55:58.921+0000] {spark_submit.py:579} INFO - at org.apache.spark.util.Utils$.doTryWithCallerStacktrace(Utils.scala:1378)
[2025-08-18T15:55:58.922+0000] {spark_submit.py:579} INFO - at org.apache.spark.util.Utils$.getTryWithCallerStacktrace(Utils.scala:1439)
[2025-08-18T15:55:58.922+0000] {spark_submit.py:579} INFO - at org.apache.spark.util.LazyTry.get(LazyTry.scala:58)
[2025-08-18T15:55:58.922+0000] {spark_submit.py:579} INFO - at org.apache.spark.sql.execution.QueryExecution.commandExecuted(QueryExecution.scala:131)
[2025-08-18T15:55:58.922+0000] {spark_submit.py:579} INFO - at org.apache.spark.sql.execution.QueryExecution.assertCommandExecuted(QueryExecution.scala:192)
[2025-08-18T15:55:58.922+0000] {spark_submit.py:579} INFO - at org.apache.spark.sql.classic.DataFrameWriter.runCommand(DataFrameWriter.scala:622)
[2025-08-18T15:55:58.923+0000] {spark_submit.py:579} INFO - at org.apache.spark.sql.classic.DataFrameWriter.saveToV1Source(DataFrameWriter.scala:273)
[2025-08-18T15:55:58.923+0000] {spark_submit.py:579} INFO - at org.apache.spark.sql.classic.DataFrameWriter.saveInternal(DataFrameWriter.scala:241)
[2025-08-18T15:55:58.923+0000] {spark_submit.py:579} INFO - at org.apache.spark.sql.classic.DataFrameWriter.save(DataFrameWriter.scala:126)
[2025-08-18T15:55:58.923+0000] {spark_submit.py:579} INFO - at org.apache.spark.sql.DataFrameWriter.jdbc(DataFrameWriter.scala:334)
[2025-08-18T15:55:58.923+0000] {spark_submit.py:579} INFO - at java.base/jdk.internal.reflect.NativeMethodAccessorImpl.invoke0(Native Method)
[2025-08-18T15:55:58.924+0000] {spark_submit.py:579} INFO - at java.base/jdk.internal.reflect.NativeMethodAccessorImpl.invoke(NativeMethodAccessorImpl.java:77)
[2025-08-18T15:55:58.924+0000] {spark_submit.py:579} INFO - at java.base/jdk.internal.reflect.DelegatingMethodAccessorImpl.invoke(DelegatingMethodAccessorImpl.java:43)
[2025-08-18T15:55:58.924+0000] {spark_submit.py:579} INFO - at java.base/java.lang.reflect.Method.invoke(Method.java:569)
[2025-08-18T15:55:58.925+0000] {spark_submit.py:579} INFO - at py4j.reflection.MethodInvoker.invoke(MethodInvoker.java:244)
[2025-08-18T15:55:58.925+0000] {spark_submit.py:579} INFO - at py4j.reflection.ReflectionEngine.invoke(ReflectionEngine.java:374)
[2025-08-18T15:55:58.925+0000] {spark_submit.py:579} INFO - at py4j.Gateway.invoke(Gateway.java:282)
[2025-08-18T15:55:58.926+0000] {spark_submit.py:579} INFO - at py4j.commands.AbstractCommand.invokeMethod(AbstractCommand.java:132)
[2025-08-18T15:55:58.926+0000] {spark_submit.py:579} INFO - at py4j.commands.CallCommand.execute(CallCommand.java:79)
[2025-08-18T15:55:58.926+0000] {spark_submit.py:579} INFO - at py4j.ClientServerConnection.waitForCommands(ClientServerConnection.java:184)
[2025-08-18T15:55:58.926+0000] {spark_submit.py:579} INFO - at py4j.ClientServerConnection.run(ClientServerConnection.java:108)
[2025-08-18T15:55:58.926+0000] {spark_submit.py:579} INFO - at java.base/java.lang.Thread.run(Thread.java:840)
[2025-08-18T15:55:58.927+0000] {spark_submit.py:579} INFO - Suppressed: org.apache.spark.util.Utils$OriginalTryStackTraceException: Full stacktrace of original doTryWithCallerStacktrace caller
[2025-08-18T15:55:58.927+0000] {spark_submit.py:579} INFO - at com.microsoft.sqlserver.jdbc.SQLServerException.makeFromDriverError(SQLServerException.java:228)
[2025-08-18T15:55:58.927+0000] {spark_submit.py:579} INFO - at com.microsoft.sqlserver.jdbc.SQLServerException.ConvertConnectExceptionToSQLServerException(SQLServerException.java:279)
[2025-08-18T15:55:58.927+0000] {spark_submit.py:579} INFO - at com.microsoft.sqlserver.jdbc.SocketFinder.findSocket(IOBuffer.java:2431)
[2025-08-18T15:55:58.927+0000] {spark_submit.py:579} INFO - at com.microsoft.sqlserver.jdbc.TDSChannel.open(IOBuffer.java:656)
[2025-08-18T15:55:58.928+0000] {spark_submit.py:579} INFO - at com.microsoft.sqlserver.jdbc.SQLServerConnection.connectHelper(SQLServerConnection.java:2440)
[2025-08-18T15:55:58.928+0000] {spark_submit.py:579} INFO - at com.microsoft.sqlserver.jdbc.SQLServerConnection.login(SQLServerConnection.java:2103)
[2025-08-18T15:55:58.928+0000] {spark_submit.py:579} INFO - at com.microsoft.sqlserver.jdbc.SQLServerConnection.connectInternal(SQLServerConnection.java:1950)
[2025-08-18T15:55:58.928+0000] {spark_submit.py:579} INFO - at com.microsoft.sqlserver.jdbc.SQLServerConnection.connect(SQLServerConnection.java:1162)
[2025-08-18T15:55:58.929+0000] {spark_submit.py:579} INFO - at com.microsoft.sqlserver.jdbc.SQLServerDriver.connect(SQLServerDriver.java:735)
[2025-08-18T15:55:58.929+0000] {spark_submit.py:579} INFO - at org.apache.spark.sql.execution.datasources.jdbc.connection.BasicConnectionProvider.getConnection(BasicConnectionProvider.scala:50)
[2025-08-18T15:55:58.929+0000] {spark_submit.py:579} INFO - at org.apache.spark.sql.execution.datasources.jdbc.connection.ConnectionProviderBase.create(ConnectionProvider.scala:102)
[2025-08-18T15:55:58.929+0000] {spark_submit.py:579} INFO - at org.apache.spark.sql.jdbc.JdbcDialect.$anonfun$createConnectionFactory$1(JdbcDialects.scala:235)
[2025-08-18T15:55:58.929+0000] {spark_submit.py:579} INFO - at org.apache.spark.sql.jdbc.JdbcDialect.$anonfun$createConnectionFactory$1$adapted(JdbcDialects.scala:231)
[2025-08-18T15:55:58.929+0000] {spark_submit.py:579} INFO - at org.apache.spark.sql.execution.datasources.jdbc.JdbcRelationProvider.createRelation(JdbcRelationProvider.scala:51)
[2025-08-18T15:55:58.930+0000] {spark_submit.py:579} INFO - at org.apache.spark.sql.execution.datasources.SaveIntoDataSourceCommand.run(SaveIntoDataSourceCommand.scala:55)
[2025-08-18T15:55:58.930+0000] {spark_submit.py:579} INFO - at org.apache.spark.sql.execution.command.ExecutedCommandExec.sideEffectResult$lzycompute(commands.scala:79)
[2025-08-18T15:55:58.930+0000] {spark_submit.py:579} INFO - at org.apache.spark.sql.execution.command.ExecutedCommandExec.sideEffectResult(commands.scala:77)
[2025-08-18T15:55:58.930+0000] {spark_submit.py:579} INFO - at org.apache.spark.sql.execution.command.ExecutedCommandExec.executeCollect(commands.scala:88)
[2025-08-18T15:55:58.930+0000] {spark_submit.py:579} INFO - at org.apache.spark.sql.execution.QueryExecution.$anonfun$eagerlyExecuteCommands$2(QueryExecution.scala:155)
[2025-08-18T15:55:58.931+0000] {spark_submit.py:579} INFO - at org.apache.spark.sql.execution.SQLExecution$.$anonfun$withNewExecutionId0$8(SQLExecution.scala:162)
[2025-08-18T15:55:58.931+0000] {spark_submit.py:579} INFO - at org.apache.spark.sql.execution.SQLExecution$.withSessionTagsApplied(SQLExecution.scala:268)
[2025-08-18T15:55:58.931+0000] {spark_submit.py:579} INFO - at org.apache.spark.sql.execution.SQLExecution$.$anonfun$withNewExecutionId0$7(SQLExecution.scala:124)
[2025-08-18T15:55:58.931+0000] {spark_submit.py:579} INFO - at org.apache.spark.JobArtifactSet$.withActiveJobArtifactState(JobArtifactSet.scala:94)
[2025-08-18T15:55:58.931+0000] {spark_submit.py:579} INFO - at org.apache.spark.sql.artifact.ArtifactManager.$anonfun$withResources$1(ArtifactManager.scala:112)
[2025-08-18T15:55:58.932+0000] {spark_submit.py:579} INFO - at org.apache.spark.sql.artifact.ArtifactManager.withClassLoaderIfNeeded(ArtifactManager.scala:106)
[2025-08-18T15:55:58.932+0000] {spark_submit.py:579} INFO - at org.apache.spark.sql.artifact.ArtifactManager.withResources(ArtifactManager.scala:111)
[2025-08-18T15:55:58.932+0000] {spark_submit.py:579} INFO - at org.apache.spark.sql.execution.SQLExecution$.$anonfun$withNewExecutionId0$6(SQLExecution.scala:124)
[2025-08-18T15:55:58.932+0000] {spark_submit.py:579} INFO - at org.apache.spark.sql.execution.SQLExecution$.withSQLConfPropagated(SQLExecution.scala:291)
[2025-08-18T15:55:58.932+0000] {spark_submit.py:579} INFO - at org.apache.spark.sql.execution.SQLExecution$.$anonfun$withNewExecutionId0$1(SQLExecution.scala:123)
[2025-08-18T15:55:58.933+0000] {spark_submit.py:579} INFO - at org.apache.spark.sql.SparkSession.withActive(SparkSession.scala:804)
[2025-08-18T15:55:58.933+0000] {spark_submit.py:579} INFO - at org.apache.spark.sql.execution.SQLExecution$.withNewExecutionId0(SQLExecution.scala:77)
[2025-08-18T15:55:58.933+0000] {spark_submit.py:579} INFO - at org.apache.spark.sql.execution.SQLExecution$.withNewExecutionId(SQLExecution.scala:233)
[2025-08-18T15:55:58.933+0000] {spark_submit.py:579} INFO - at org.apache.spark.sql.execution.QueryExecution.$anonfun$eagerlyExecuteCommands$1(QueryExecution.scala:155)
[2025-08-18T15:55:58.933+0000] {spark_submit.py:579} INFO - at org.apache.spark.sql.execution.QueryExecution$.withInternalError(QueryExecution.scala:654)
[2025-08-18T15:55:58.934+0000] {spark_submit.py:579} INFO - at org.apache.spark.sql.execution.QueryExecution.org$apache$spark$sql$execution$QueryExecution$$eagerlyExecute$1(QueryExecution.scala:154)
[2025-08-18T15:55:58.934+0000] {spark_submit.py:579} INFO - at org.apache.spark.sql.execution.QueryExecution$$anonfun$eagerlyExecuteCommands$3.applyOrElse(QueryExecution.scala:169)
[2025-08-18T15:55:58.934+0000] {spark_submit.py:579} INFO - at org.apache.spark.sql.execution.QueryExecution$$anonfun$eagerlyExecuteCommands$3.applyOrElse(QueryExecution.scala:164)
[2025-08-18T15:55:58.934+0000] {spark_submit.py:579} INFO - at org.apache.spark.sql.catalyst.trees.TreeNode.$anonfun$transformDownWithPruning$1(TreeNode.scala:470)
[2025-08-18T15:55:58.934+0000] {spark_submit.py:579} INFO - at org.apache.spark.sql.catalyst.trees.CurrentOrigin$.withOrigin(origin.scala:86)
[2025-08-18T15:55:58.935+0000] {spark_submit.py:579} INFO - at org.apache.spark.sql.catalyst.trees.TreeNode.transformDownWithPruning(TreeNode.scala:470)
[2025-08-18T15:55:58.935+0000] {spark_submit.py:579} INFO - at org.apache.spark.sql.catalyst.plans.logical.LogicalPlan.org$apache$spark$sql$catalyst$plans$logical$AnalysisHelper$$super$transformDownWithPruning(LogicalPlan.scala:37)
[2025-08-18T15:55:58.935+0000] {spark_submit.py:579} INFO - at org.apache.spark.sql.catalyst.plans.logical.AnalysisHelper.transformDownWithPruning(AnalysisHelper.scala:360)
[2025-08-18T15:55:58.935+0000] {spark_submit.py:579} INFO - at org.apache.spark.sql.catalyst.plans.logical.AnalysisHelper.transformDownWithPruning$(AnalysisHelper.scala:356)
[2025-08-18T15:55:58.935+0000] {spark_submit.py:579} INFO - at org.apache.spark.sql.catalyst.plans.logical.LogicalPlan.transformDownWithPruning(LogicalPlan.scala:37)
[2025-08-18T15:55:58.936+0000] {spark_submit.py:579} INFO - at org.apache.spark.sql.catalyst.plans.logical.LogicalPlan.transformDownWithPruning(LogicalPlan.scala:37)
[2025-08-18T15:55:58.936+0000] {spark_submit.py:579} INFO - at org.apache.spark.sql.catalyst.trees.TreeNode.transformDown(TreeNode.scala:446)
[2025-08-18T15:55:58.936+0000] {spark_submit.py:579} INFO - at org.apache.spark.sql.execution.QueryExecution.eagerlyExecuteCommands(QueryExecution.scala:164)
[2025-08-18T15:55:58.936+0000] {spark_submit.py:579} INFO - at org.apache.spark.sql.execution.QueryExecution.$anonfun$lazyCommandExecuted$1(QueryExecution.scala:126)
[2025-08-18T15:55:58.936+0000] {spark_submit.py:579} INFO - at scala.util.Try$.apply(Try.scala:217)
[2025-08-18T15:55:58.937+0000] {spark_submit.py:579} INFO - at org.apache.spark.util.Utils$.doTryWithCallerStacktrace(Utils.scala:1378)
[2025-08-18T15:55:58.937+0000] {spark_submit.py:579} INFO - at org.apache.spark.util.LazyTry.tryT$lzycompute(LazyTry.scala:46)
[2025-08-18T15:55:58.937+0000] {spark_submit.py:579} INFO - at org.apache.spark.util.LazyTry.tryT(LazyTry.scala:46)
[2025-08-18T15:55:58.938+0000] {spark_submit.py:579} INFO - ... 20 more
[2025-08-18T15:55:58.938+0000] {spark_submit.py:579} INFO - 
[2025-08-18T15:55:59.022+0000] {spark_submit.py:579} INFO - 25/08/18 15:55:59 INFO SparkContext: Invoking stop() from shutdown hook
[2025-08-18T15:55:59.023+0000] {spark_submit.py:579} INFO - 25/08/18 15:55:59 INFO SparkContext: SparkContext is stopping with exitCode 0 from run at Executors.java:539.
[2025-08-18T15:55:59.031+0000] {spark_submit.py:579} INFO - 25/08/18 15:55:59 INFO SparkUI: Stopped Spark web UI at http://81b7fe425a18:4040
[2025-08-18T15:55:59.034+0000] {spark_submit.py:579} INFO - 25/08/18 15:55:59 INFO StandaloneSchedulerBackend: Shutting down all executors
[2025-08-18T15:55:59.034+0000] {spark_submit.py:579} INFO - 25/08/18 15:55:59 INFO StandaloneSchedulerBackend$StandaloneDriverEndpoint: Asking each executor to shut down
[2025-08-18T15:55:59.047+0000] {spark_submit.py:579} INFO - 25/08/18 15:55:59 INFO MapOutputTrackerMasterEndpoint: MapOutputTrackerMasterEndpoint stopped!
[2025-08-18T15:55:59.068+0000] {spark_submit.py:579} INFO - 25/08/18 15:55:59 INFO MemoryStore: MemoryStore started with capacity 434.4 MiB
[2025-08-18T15:55:59.070+0000] {spark_submit.py:579} INFO - 25/08/18 15:55:59 INFO MemoryStore: MemoryStore cleared
[2025-08-18T15:55:59.071+0000] {spark_submit.py:579} INFO - 25/08/18 15:55:59 INFO BlockManager: BlockManager stopped
[2025-08-18T15:55:59.077+0000] {spark_submit.py:579} INFO - 25/08/18 15:55:59 INFO BlockManagerMaster: BlockManagerMaster stopped
[2025-08-18T15:55:59.078+0000] {spark_submit.py:579} INFO - 25/08/18 15:55:59 INFO OutputCommitCoordinator$OutputCommitCoordinatorEndpoint: OutputCommitCoordinator stopped!
[2025-08-18T15:55:59.089+0000] {spark_submit.py:579} INFO - 25/08/18 15:55:59 INFO SparkContext: Successfully stopped SparkContext
[2025-08-18T15:55:59.090+0000] {spark_submit.py:579} INFO - 25/08/18 15:55:59 INFO ShutdownHookManager: Shutdown hook called
[2025-08-18T15:55:59.090+0000] {spark_submit.py:579} INFO - 25/08/18 15:55:59 INFO ShutdownHookManager: Deleting directory /tmp/spark-d2e822c3-c226-47f8-b62e-7f8ba825068f
[2025-08-18T15:55:59.096+0000] {spark_submit.py:579} INFO - 25/08/18 15:55:59 INFO ShutdownHookManager: Deleting directory /tmp/spark-d2e822c3-c226-47f8-b62e-7f8ba825068f/pyspark-281fc55e-f79d-437b-b1bc-48dc16e41838
[2025-08-18T15:55:59.100+0000] {spark_submit.py:579} INFO - 25/08/18 15:55:59 INFO ShutdownHookManager: Deleting directory /tmp/spark-1eb11521-8ecb-430c-a883-84119c9eab95
[2025-08-18T15:55:59.104+0000] {spark_submit.py:579} INFO - 25/08/18 15:55:59 INFO ShutdownHookManager: Deleting directory /opt/***/artifacts/spark-57ad1860-19ea-417a-93cf-4c3708559474
[2025-08-18T15:55:59.151+0000] {taskinstance.py:1935} ERROR - Task failed with exception
Traceback (most recent call last):
  File "/home/airflow/.local/lib/python3.10/site-packages/airflow/providers/apache/spark/operators/spark_submit.py", line 174, in execute
    self._hook.submit(self.application)
  File "/home/airflow/.local/lib/python3.10/site-packages/airflow/providers/apache/spark/hooks/spark_submit.py", line 505, in submit
    raise AirflowException(
airflow.exceptions.AirflowException: Cannot execute: spark-submit --master spark://spark-master:7077 --jars /opt/spark/external-jars/apache-spark-sql-connector.jar --name arrow-spark --deploy-mode client jobs/python/wordcountjob.py. Error code is: 1.
[2025-08-18T15:55:59.156+0000] {taskinstance.py:1398} INFO - Marking task as FAILED. dag_id=sparking_flow, task_id=python_job, execution_date=20250818T155526, start_date=20250818T155528, end_date=20250818T155559
[2025-08-18T15:55:59.171+0000] {standard_task_runner.py:104} ERROR - Failed to execute job 58 for task python_job (Cannot execute: spark-submit --master spark://spark-master:7077 --jars /opt/spark/external-jars/apache-spark-sql-connector.jar --name arrow-spark --deploy-mode client jobs/python/wordcountjob.py. Error code is: 1.; 209)
[2025-08-18T15:55:59.202+0000] {local_task_job_runner.py:228} INFO - Task exited with return code 1
[2025-08-18T15:55:59.222+0000] {taskinstance.py:2776} INFO - 0 downstream tasks scheduled from follow-on schedule check
