[2025-08-10T05:33:58.123+0000] {taskinstance.py:1157} INFO - Dependencies all met for dep_context=non-requeueable deps ti=<TaskInstance: sparking_flow.python_job manual__2025-08-10T05:33:51.608603+00:00 [queued]>
[2025-08-10T05:33:58.134+0000] {taskinstance.py:1157} INFO - Dependencies all met for dep_context=requeueable deps ti=<TaskInstance: sparking_flow.python_job manual__2025-08-10T05:33:51.608603+00:00 [queued]>
[2025-08-10T05:33:58.135+0000] {taskinstance.py:1359} INFO - Starting attempt 1 of 1
[2025-08-10T05:33:58.151+0000] {taskinstance.py:1380} INFO - Executing <Task(SparkSubmitOperator): python_job> on 2025-08-10 05:33:51.608603+00:00
[2025-08-10T05:33:58.159+0000] {standard_task_runner.py:57} INFO - Started process 4051 to run task
[2025-08-10T05:33:58.163+0000] {standard_task_runner.py:84} INFO - Running: ['***', 'tasks', 'run', 'sparking_flow', 'python_job', 'manual__2025-08-10T05:33:51.608603+00:00', '--job-id', '7', '--raw', '--subdir', 'DAGS_FOLDER/spark_***.py', '--cfg-path', '/tmp/tmpl1118zol']
[2025-08-10T05:33:58.167+0000] {standard_task_runner.py:85} INFO - Job 7: Subtask python_job
[2025-08-10T05:33:58.242+0000] {task_command.py:415} INFO - Running <TaskInstance: sparking_flow.python_job manual__2025-08-10T05:33:51.608603+00:00 [running]> on host 95fb1ebfe85f
[2025-08-10T05:33:58.328+0000] {taskinstance.py:1660} INFO - Exporting env vars: AIRFLOW_CTX_DAG_OWNER='Yusuf Ganiyu' AIRFLOW_CTX_DAG_ID='sparking_flow' AIRFLOW_CTX_TASK_ID='python_job' AIRFLOW_CTX_EXECUTION_DATE='2025-08-10T05:33:51.608603+00:00' AIRFLOW_CTX_TRY_NUMBER='1' AIRFLOW_CTX_DAG_RUN_ID='manual__2025-08-10T05:33:51.608603+00:00'
[2025-08-10T05:33:58.341+0000] {base.py:73} INFO - Using connection ID 'spark-conn' for task execution.
[2025-08-10T05:33:58.343+0000] {spark_submit.py:403} INFO - Spark-Submit cmd: spark-submit --master spark://spark-master-1:7077 --name arrow-spark --deploy-mode client jobs/python/wordcountjob.py
[2025-08-10T05:33:59.017+0000] {spark_submit.py:579} INFO - WARNING: Using incubator modules: jdk.incubator.vector
[2025-08-10T05:34:02.582+0000] {spark_submit.py:579} INFO - Using Spark's default log4j profile: org/apache/spark/log4j2-defaults.properties
[2025-08-10T05:34:02.594+0000] {spark_submit.py:579} INFO - 25/08/10 05:34:02 INFO SparkContext: Running Spark version 4.0.0
[2025-08-10T05:34:02.597+0000] {spark_submit.py:579} INFO - 25/08/10 05:34:02 INFO SparkContext: OS info Linux, 6.6.87.2-microsoft-standard-WSL2, amd64
[2025-08-10T05:34:02.598+0000] {spark_submit.py:579} INFO - 25/08/10 05:34:02 INFO SparkContext: Java version 17.0.15
[2025-08-10T05:34:02.682+0000] {spark_submit.py:579} INFO - 25/08/10 05:34:02 WARN NativeCodeLoader: Unable to load native-hadoop library for your platform... using builtin-java classes where applicable
[2025-08-10T05:34:02.725+0000] {spark_submit.py:579} INFO - 25/08/10 05:34:02 INFO ResourceUtils: ==============================================================
[2025-08-10T05:34:02.726+0000] {spark_submit.py:579} INFO - 25/08/10 05:34:02 INFO ResourceUtils: No custom resources configured for spark.driver.
[2025-08-10T05:34:02.726+0000] {spark_submit.py:579} INFO - 25/08/10 05:34:02 INFO ResourceUtils: ==============================================================
[2025-08-10T05:34:02.726+0000] {spark_submit.py:579} INFO - 25/08/10 05:34:02 INFO SparkContext: Submitted application: PythonWordCount
[2025-08-10T05:34:02.749+0000] {spark_submit.py:579} INFO - 25/08/10 05:34:02 INFO ResourceProfile: Default ResourceProfile created, executor resources: Map(memory -> name: memory, amount: 1024, script: , vendor: , offHeap -> name: offHeap, amount: 0, script: , vendor: ), task resources: Map(cpus -> name: cpus, amount: 1.0)
[2025-08-10T05:34:02.751+0000] {spark_submit.py:579} INFO - 25/08/10 05:34:02 INFO ResourceProfile: Limiting resource is cpu
[2025-08-10T05:34:02.753+0000] {spark_submit.py:579} INFO - 25/08/10 05:34:02 INFO ResourceProfileManager: Added ResourceProfile id: 0
[2025-08-10T05:34:02.795+0000] {spark_submit.py:579} INFO - 25/08/10 05:34:02 INFO SecurityManager: Changing view acls to: ***
[2025-08-10T05:34:02.796+0000] {spark_submit.py:579} INFO - 25/08/10 05:34:02 INFO SecurityManager: Changing modify acls to: ***
[2025-08-10T05:34:02.796+0000] {spark_submit.py:579} INFO - 25/08/10 05:34:02 INFO SecurityManager: Changing view acls groups to: ***
[2025-08-10T05:34:02.797+0000] {spark_submit.py:579} INFO - 25/08/10 05:34:02 INFO SecurityManager: Changing modify acls groups to: ***
[2025-08-10T05:34:02.798+0000] {spark_submit.py:579} INFO - 25/08/10 05:34:02 INFO SecurityManager: SecurityManager: authentication disabled; ui acls disabled; users with view permissions: *** groups with view permissions: EMPTY; users with modify permissions: ***; groups with modify permissions: EMPTY; RPC SSL disabled
[2025-08-10T05:34:03.006+0000] {spark_submit.py:579} INFO - 25/08/10 05:34:03 INFO Utils: Successfully started service 'sparkDriver' on port 42911.
[2025-08-10T05:34:03.034+0000] {spark_submit.py:579} INFO - 25/08/10 05:34:03 INFO SparkEnv: Registering MapOutputTracker
[2025-08-10T05:34:03.046+0000] {spark_submit.py:579} INFO - 25/08/10 05:34:03 INFO SparkEnv: Registering BlockManagerMaster
[2025-08-10T05:34:03.062+0000] {spark_submit.py:579} INFO - 25/08/10 05:34:03 INFO BlockManagerMasterEndpoint: Using org.apache.spark.storage.DefaultTopologyMapper for getting topology information
[2025-08-10T05:34:03.063+0000] {spark_submit.py:579} INFO - 25/08/10 05:34:03 INFO BlockManagerMasterEndpoint: BlockManagerMasterEndpoint up
[2025-08-10T05:34:03.066+0000] {spark_submit.py:579} INFO - 25/08/10 05:34:03 INFO SparkEnv: Registering BlockManagerMasterHeartbeat
[2025-08-10T05:34:03.090+0000] {spark_submit.py:579} INFO - 25/08/10 05:34:03 INFO DiskBlockManager: Created local directory at /tmp/blockmgr-7fe59c70-dae1-4227-bb5a-1b2a2ea7b395
[2025-08-10T05:34:03.110+0000] {spark_submit.py:579} INFO - 25/08/10 05:34:03 INFO SparkEnv: Registering OutputCommitCoordinator
[2025-08-10T05:34:03.220+0000] {spark_submit.py:579} INFO - 25/08/10 05:34:03 INFO JettyUtils: Start Jetty 0.0.0.0:4040 for SparkUI
[2025-08-10T05:34:03.290+0000] {spark_submit.py:579} INFO - 25/08/10 05:34:03 INFO Utils: Successfully started service 'SparkUI' on port 4040.
[2025-08-10T05:34:03.340+0000] {spark_submit.py:579} INFO - 25/08/10 05:34:03 INFO SecurityManager: Changing view acls to: ***
[2025-08-10T05:34:03.340+0000] {spark_submit.py:579} INFO - 25/08/10 05:34:03 INFO SecurityManager: Changing modify acls to: ***
[2025-08-10T05:34:03.341+0000] {spark_submit.py:579} INFO - 25/08/10 05:34:03 INFO SecurityManager: Changing view acls groups to: ***
[2025-08-10T05:34:03.341+0000] {spark_submit.py:579} INFO - 25/08/10 05:34:03 INFO SecurityManager: Changing modify acls groups to: ***
[2025-08-10T05:34:03.342+0000] {spark_submit.py:579} INFO - 25/08/10 05:34:03 INFO SecurityManager: SecurityManager: authentication disabled; ui acls disabled; users with view permissions: *** groups with view permissions: EMPTY; users with modify permissions: ***; groups with modify permissions: EMPTY; RPC SSL disabled
[2025-08-10T05:34:03.463+0000] {spark_submit.py:579} INFO - 25/08/10 05:34:03 INFO StandaloneAppClient$ClientEndpoint: Connecting to master spark://spark-master-1:7077...
[2025-08-10T05:34:07.276+0000] {spark_submit.py:579} INFO - 25/08/10 05:34:07 WARN TransportClientFactory: DNS resolution failed for spark-master-1/<unresolved>:7077 took 3798 ms
[2025-08-10T05:34:07.301+0000] {spark_submit.py:579} INFO - 25/08/10 05:34:07 WARN StandaloneAppClient$ClientEndpoint: Failed to connect to master spark-master-1:7077
[2025-08-10T05:34:07.302+0000] {spark_submit.py:579} INFO - org.apache.spark.SparkException: Exception thrown in awaitResult:
[2025-08-10T05:34:07.302+0000] {spark_submit.py:579} INFO - at org.apache.spark.util.SparkThreadUtils$.awaitResult(SparkThreadUtils.scala:53)
[2025-08-10T05:34:07.302+0000] {spark_submit.py:579} INFO - at org.apache.spark.util.ThreadUtils$.awaitResult(ThreadUtils.scala:342)
[2025-08-10T05:34:07.303+0000] {spark_submit.py:579} INFO - at org.apache.spark.rpc.RpcTimeout.awaitResult(RpcTimeout.scala:75)
[2025-08-10T05:34:07.303+0000] {spark_submit.py:579} INFO - at org.apache.spark.rpc.RpcEnv.setupEndpointRefByURI(RpcEnv.scala:102)
[2025-08-10T05:34:07.304+0000] {spark_submit.py:579} INFO - at org.apache.spark.rpc.RpcEnv.setupEndpointRef(RpcEnv.scala:110)
[2025-08-10T05:34:07.304+0000] {spark_submit.py:579} INFO - at org.apache.spark.deploy.client.StandaloneAppClient$ClientEndpoint$$anon$1.run(StandaloneAppClient.scala:110)
[2025-08-10T05:34:07.305+0000] {spark_submit.py:579} INFO - at java.base/java.util.concurrent.Executors$RunnableAdapter.call(Executors.java:539)
[2025-08-10T05:34:07.305+0000] {spark_submit.py:579} INFO - at java.base/java.util.concurrent.FutureTask.run(FutureTask.java:264)
[2025-08-10T05:34:07.305+0000] {spark_submit.py:579} INFO - at java.base/java.util.concurrent.ThreadPoolExecutor.runWorker(ThreadPoolExecutor.java:1136)
[2025-08-10T05:34:07.306+0000] {spark_submit.py:579} INFO - at java.base/java.util.concurrent.ThreadPoolExecutor$Worker.run(ThreadPoolExecutor.java:635)
[2025-08-10T05:34:07.306+0000] {spark_submit.py:579} INFO - at java.base/java.lang.Thread.run(Thread.java:840)
[2025-08-10T05:34:07.306+0000] {spark_submit.py:579} INFO - Caused by: java.io.IOException: Failed to connect to spark-master-1/<unresolved>:7077
[2025-08-10T05:34:07.307+0000] {spark_submit.py:579} INFO - at org.apache.spark.network.client.TransportClientFactory.createClient(TransportClientFactory.java:305)
[2025-08-10T05:34:07.307+0000] {spark_submit.py:579} INFO - at org.apache.spark.network.client.TransportClientFactory.createClient(TransportClientFactory.java:225)
[2025-08-10T05:34:07.307+0000] {spark_submit.py:579} INFO - at org.apache.spark.network.client.TransportClientFactory.createClient(TransportClientFactory.java:237)
[2025-08-10T05:34:07.308+0000] {spark_submit.py:579} INFO - at org.apache.spark.rpc.netty.NettyRpcEnv.createClient(NettyRpcEnv.scala:207)
[2025-08-10T05:34:07.308+0000] {spark_submit.py:579} INFO - at org.apache.spark.rpc.netty.Outbox$$anon$1.call(Outbox.scala:202)
[2025-08-10T05:34:07.308+0000] {spark_submit.py:579} INFO - at org.apache.spark.rpc.netty.Outbox$$anon$1.call(Outbox.scala:198)
[2025-08-10T05:34:07.309+0000] {spark_submit.py:579} INFO - ... 4 more
[2025-08-10T05:34:07.309+0000] {spark_submit.py:579} INFO - Caused by: java.net.UnknownHostException: spark-master-1
[2025-08-10T05:34:07.309+0000] {spark_submit.py:579} INFO - at java.base/java.net.InetAddress$CachedAddresses.get(InetAddress.java:801)
[2025-08-10T05:34:07.309+0000] {spark_submit.py:579} INFO - at java.base/java.net.InetAddress.getAllByName0(InetAddress.java:1533)
[2025-08-10T05:34:07.310+0000] {spark_submit.py:579} INFO - at java.base/java.net.InetAddress.getAllByName(InetAddress.java:1385)
[2025-08-10T05:34:07.310+0000] {spark_submit.py:579} INFO - at java.base/java.net.InetAddress.getAllByName(InetAddress.java:1306)
[2025-08-10T05:34:07.310+0000] {spark_submit.py:579} INFO - at java.base/java.net.InetAddress.getByName(InetAddress.java:1256)
[2025-08-10T05:34:07.310+0000] {spark_submit.py:579} INFO - at io.netty.util.internal.SocketUtils$8.run(SocketUtils.java:156)
[2025-08-10T05:34:07.310+0000] {spark_submit.py:579} INFO - at io.netty.util.internal.SocketUtils$8.run(SocketUtils.java:153)
[2025-08-10T05:34:07.311+0000] {spark_submit.py:579} INFO - at java.base/java.security.AccessController.doPrivileged(AccessController.java:569)
[2025-08-10T05:34:07.311+0000] {spark_submit.py:579} INFO - at io.netty.util.internal.SocketUtils.addressByName(SocketUtils.java:153)
[2025-08-10T05:34:07.311+0000] {spark_submit.py:579} INFO - at io.netty.resolver.DefaultNameResolver.doResolve(DefaultNameResolver.java:41)
[2025-08-10T05:34:07.311+0000] {spark_submit.py:579} INFO - at io.netty.resolver.SimpleNameResolver.resolve(SimpleNameResolver.java:61)
[2025-08-10T05:34:07.311+0000] {spark_submit.py:579} INFO - at io.netty.resolver.SimpleNameResolver.resolve(SimpleNameResolver.java:53)
[2025-08-10T05:34:07.312+0000] {spark_submit.py:579} INFO - at io.netty.resolver.InetSocketAddressResolver.doResolve(InetSocketAddressResolver.java:55)
[2025-08-10T05:34:07.312+0000] {spark_submit.py:579} INFO - at io.netty.resolver.InetSocketAddressResolver.doResolve(InetSocketAddressResolver.java:31)
[2025-08-10T05:34:07.312+0000] {spark_submit.py:579} INFO - at io.netty.resolver.AbstractAddressResolver.resolve(AbstractAddressResolver.java:106)
[2025-08-10T05:34:07.312+0000] {spark_submit.py:579} INFO - at io.netty.bootstrap.Bootstrap.doResolveAndConnect0(Bootstrap.java:220)
[2025-08-10T05:34:07.312+0000] {spark_submit.py:579} INFO - at io.netty.bootstrap.Bootstrap.access$000(Bootstrap.java:47)
[2025-08-10T05:34:07.312+0000] {spark_submit.py:579} INFO - at io.netty.bootstrap.Bootstrap$1.operationComplete(Bootstrap.java:189)
[2025-08-10T05:34:07.313+0000] {spark_submit.py:579} INFO - at io.netty.bootstrap.Bootstrap$1.operationComplete(Bootstrap.java:175)
[2025-08-10T05:34:07.313+0000] {spark_submit.py:579} INFO - at io.netty.util.concurrent.DefaultPromise.notifyListener0(DefaultPromise.java:590)
[2025-08-10T05:34:07.313+0000] {spark_submit.py:579} INFO - at io.netty.util.concurrent.DefaultPromise.notifyListenersNow(DefaultPromise.java:557)
[2025-08-10T05:34:07.313+0000] {spark_submit.py:579} INFO - at io.netty.util.concurrent.DefaultPromise.notifyListeners(DefaultPromise.java:492)
[2025-08-10T05:34:07.313+0000] {spark_submit.py:579} INFO - at io.netty.util.concurrent.DefaultPromise.setValue0(DefaultPromise.java:636)
[2025-08-10T05:34:07.313+0000] {spark_submit.py:579} INFO - at io.netty.util.concurrent.DefaultPromise.setSuccess0(DefaultPromise.java:625)
[2025-08-10T05:34:07.314+0000] {spark_submit.py:579} INFO - at io.netty.util.concurrent.DefaultPromise.trySuccess(DefaultPromise.java:105)
[2025-08-10T05:34:07.314+0000] {spark_submit.py:579} INFO - at io.netty.channel.DefaultChannelPromise.trySuccess(DefaultChannelPromise.java:84)
[2025-08-10T05:34:07.314+0000] {spark_submit.py:579} INFO - at io.netty.channel.AbstractChannel$AbstractUnsafe.safeSetSuccess(AbstractChannel.java:988)
[2025-08-10T05:34:07.314+0000] {spark_submit.py:579} INFO - at io.netty.channel.AbstractChannel$AbstractUnsafe.register0(AbstractChannel.java:515)
[2025-08-10T05:34:07.314+0000] {spark_submit.py:579} INFO - at io.netty.channel.AbstractChannel$AbstractUnsafe.access$200(AbstractChannel.java:428)
[2025-08-10T05:34:07.315+0000] {spark_submit.py:579} INFO - at io.netty.channel.AbstractChannel$AbstractUnsafe$1.run(AbstractChannel.java:485)
[2025-08-10T05:34:07.315+0000] {spark_submit.py:579} INFO - at io.netty.util.concurrent.AbstractEventExecutor.runTask(AbstractEventExecutor.java:173)
[2025-08-10T05:34:07.315+0000] {spark_submit.py:579} INFO - at io.netty.util.concurrent.AbstractEventExecutor.safeExecute(AbstractEventExecutor.java:166)
[2025-08-10T05:34:07.315+0000] {spark_submit.py:579} INFO - at io.netty.util.concurrent.SingleThreadEventExecutor.runAllTasks(SingleThreadEventExecutor.java:472)
[2025-08-10T05:34:07.315+0000] {spark_submit.py:579} INFO - at io.netty.channel.nio.NioEventLoop.run(NioEventLoop.java:569)
[2025-08-10T05:34:07.315+0000] {spark_submit.py:579} INFO - at io.netty.util.concurrent.SingleThreadEventExecutor$4.run(SingleThreadEventExecutor.java:998)
[2025-08-10T05:34:07.316+0000] {spark_submit.py:579} INFO - at io.netty.util.internal.ThreadExecutorMap$2.run(ThreadExecutorMap.java:74)
[2025-08-10T05:34:07.316+0000] {spark_submit.py:579} INFO - at io.netty.util.concurrent.FastThreadLocalRunnable.run(FastThreadLocalRunnable.java:30)
[2025-08-10T05:34:07.316+0000] {spark_submit.py:579} INFO - ... 1 more
[2025-08-10T05:34:23.462+0000] {spark_submit.py:579} INFO - 25/08/10 05:34:23 INFO StandaloneAppClient$ClientEndpoint: Connecting to master spark://spark-master-1:7077...
[2025-08-10T05:34:27.208+0000] {spark_submit.py:579} INFO - 25/08/10 05:34:27 WARN TransportClientFactory: DNS resolution failed for spark-master-1/<unresolved>:7077 took 3744 ms
[2025-08-10T05:34:27.211+0000] {spark_submit.py:579} INFO - 25/08/10 05:34:27 WARN StandaloneAppClient$ClientEndpoint: Failed to connect to master spark-master-1:7077
[2025-08-10T05:34:27.211+0000] {spark_submit.py:579} INFO - org.apache.spark.SparkException: Exception thrown in awaitResult:
[2025-08-10T05:34:27.211+0000] {spark_submit.py:579} INFO - at org.apache.spark.util.SparkThreadUtils$.awaitResult(SparkThreadUtils.scala:53)
[2025-08-10T05:34:27.211+0000] {spark_submit.py:579} INFO - at org.apache.spark.util.ThreadUtils$.awaitResult(ThreadUtils.scala:342)
[2025-08-10T05:34:27.212+0000] {spark_submit.py:579} INFO - at org.apache.spark.rpc.RpcTimeout.awaitResult(RpcTimeout.scala:75)
[2025-08-10T05:34:27.212+0000] {spark_submit.py:579} INFO - at org.apache.spark.rpc.RpcEnv.setupEndpointRefByURI(RpcEnv.scala:102)
[2025-08-10T05:34:27.212+0000] {spark_submit.py:579} INFO - at org.apache.spark.rpc.RpcEnv.setupEndpointRef(RpcEnv.scala:110)
[2025-08-10T05:34:27.213+0000] {spark_submit.py:579} INFO - at org.apache.spark.deploy.client.StandaloneAppClient$ClientEndpoint$$anon$1.run(StandaloneAppClient.scala:110)
[2025-08-10T05:34:27.213+0000] {spark_submit.py:579} INFO - at java.base/java.util.concurrent.Executors$RunnableAdapter.call(Executors.java:539)
[2025-08-10T05:34:27.213+0000] {spark_submit.py:579} INFO - at java.base/java.util.concurrent.FutureTask.run(FutureTask.java:264)
[2025-08-10T05:34:27.213+0000] {spark_submit.py:579} INFO - at java.base/java.util.concurrent.ThreadPoolExecutor.runWorker(ThreadPoolExecutor.java:1136)
[2025-08-10T05:34:27.213+0000] {spark_submit.py:579} INFO - at java.base/java.util.concurrent.ThreadPoolExecutor$Worker.run(ThreadPoolExecutor.java:635)
[2025-08-10T05:34:27.214+0000] {spark_submit.py:579} INFO - at java.base/java.lang.Thread.run(Thread.java:840)
[2025-08-10T05:34:27.214+0000] {spark_submit.py:579} INFO - Caused by: java.io.IOException: Failed to connect to spark-master-1/<unresolved>:7077
[2025-08-10T05:34:27.214+0000] {spark_submit.py:579} INFO - at org.apache.spark.network.client.TransportClientFactory.createClient(TransportClientFactory.java:305)
[2025-08-10T05:34:27.214+0000] {spark_submit.py:579} INFO - at org.apache.spark.network.client.TransportClientFactory.createClient(TransportClientFactory.java:225)
[2025-08-10T05:34:27.215+0000] {spark_submit.py:579} INFO - at org.apache.spark.network.client.TransportClientFactory.createClient(TransportClientFactory.java:237)
[2025-08-10T05:34:27.215+0000] {spark_submit.py:579} INFO - at org.apache.spark.rpc.netty.NettyRpcEnv.createClient(NettyRpcEnv.scala:207)
[2025-08-10T05:34:27.215+0000] {spark_submit.py:579} INFO - at org.apache.spark.rpc.netty.Outbox$$anon$1.call(Outbox.scala:202)
[2025-08-10T05:34:27.215+0000] {spark_submit.py:579} INFO - at org.apache.spark.rpc.netty.Outbox$$anon$1.call(Outbox.scala:198)
[2025-08-10T05:34:27.216+0000] {spark_submit.py:579} INFO - ... 4 more
[2025-08-10T05:34:27.216+0000] {spark_submit.py:579} INFO - Caused by: java.net.UnknownHostException: spark-master-1
[2025-08-10T05:34:27.216+0000] {spark_submit.py:579} INFO - at java.base/java.net.InetAddress$CachedAddresses.get(InetAddress.java:801)
[2025-08-10T05:34:27.216+0000] {spark_submit.py:579} INFO - at java.base/java.net.InetAddress.getAllByName0(InetAddress.java:1533)
[2025-08-10T05:34:27.216+0000] {spark_submit.py:579} INFO - at java.base/java.net.InetAddress.getAllByName(InetAddress.java:1385)
[2025-08-10T05:34:27.217+0000] {spark_submit.py:579} INFO - at java.base/java.net.InetAddress.getAllByName(InetAddress.java:1306)
[2025-08-10T05:34:27.217+0000] {spark_submit.py:579} INFO - at java.base/java.net.InetAddress.getByName(InetAddress.java:1256)
[2025-08-10T05:34:27.217+0000] {spark_submit.py:579} INFO - at io.netty.util.internal.SocketUtils$8.run(SocketUtils.java:156)
[2025-08-10T05:34:27.217+0000] {spark_submit.py:579} INFO - at io.netty.util.internal.SocketUtils$8.run(SocketUtils.java:153)
[2025-08-10T05:34:27.218+0000] {spark_submit.py:579} INFO - at java.base/java.security.AccessController.doPrivileged(AccessController.java:569)
[2025-08-10T05:34:27.218+0000] {spark_submit.py:579} INFO - at io.netty.util.internal.SocketUtils.addressByName(SocketUtils.java:153)
[2025-08-10T05:34:27.218+0000] {spark_submit.py:579} INFO - at io.netty.resolver.DefaultNameResolver.doResolve(DefaultNameResolver.java:41)
[2025-08-10T05:34:27.218+0000] {spark_submit.py:579} INFO - at io.netty.resolver.SimpleNameResolver.resolve(SimpleNameResolver.java:61)
[2025-08-10T05:34:27.218+0000] {spark_submit.py:579} INFO - at io.netty.resolver.SimpleNameResolver.resolve(SimpleNameResolver.java:53)
[2025-08-10T05:34:27.219+0000] {spark_submit.py:579} INFO - at io.netty.resolver.InetSocketAddressResolver.doResolve(InetSocketAddressResolver.java:55)
[2025-08-10T05:34:27.219+0000] {spark_submit.py:579} INFO - at io.netty.resolver.InetSocketAddressResolver.doResolve(InetSocketAddressResolver.java:31)
[2025-08-10T05:34:27.219+0000] {spark_submit.py:579} INFO - at io.netty.resolver.AbstractAddressResolver.resolve(AbstractAddressResolver.java:106)
[2025-08-10T05:34:27.219+0000] {spark_submit.py:579} INFO - at io.netty.bootstrap.Bootstrap.doResolveAndConnect0(Bootstrap.java:220)
[2025-08-10T05:34:27.219+0000] {spark_submit.py:579} INFO - at io.netty.bootstrap.Bootstrap.access$000(Bootstrap.java:47)
[2025-08-10T05:34:27.220+0000] {spark_submit.py:579} INFO - at io.netty.bootstrap.Bootstrap$1.operationComplete(Bootstrap.java:189)
[2025-08-10T05:34:27.220+0000] {spark_submit.py:579} INFO - at io.netty.bootstrap.Bootstrap$1.operationComplete(Bootstrap.java:175)
[2025-08-10T05:34:27.220+0000] {spark_submit.py:579} INFO - at io.netty.util.concurrent.DefaultPromise.notifyListener0(DefaultPromise.java:590)
[2025-08-10T05:34:27.220+0000] {spark_submit.py:579} INFO - at io.netty.util.concurrent.DefaultPromise.notifyListenersNow(DefaultPromise.java:557)
[2025-08-10T05:34:27.221+0000] {spark_submit.py:579} INFO - at io.netty.util.concurrent.DefaultPromise.notifyListeners(DefaultPromise.java:492)
[2025-08-10T05:34:27.221+0000] {spark_submit.py:579} INFO - at io.netty.util.concurrent.DefaultPromise.setValue0(DefaultPromise.java:636)
[2025-08-10T05:34:27.221+0000] {spark_submit.py:579} INFO - at io.netty.util.concurrent.DefaultPromise.setSuccess0(DefaultPromise.java:625)
[2025-08-10T05:34:27.221+0000] {spark_submit.py:579} INFO - at io.netty.util.concurrent.DefaultPromise.trySuccess(DefaultPromise.java:105)
[2025-08-10T05:34:27.221+0000] {spark_submit.py:579} INFO - at io.netty.channel.DefaultChannelPromise.trySuccess(DefaultChannelPromise.java:84)
[2025-08-10T05:34:27.222+0000] {spark_submit.py:579} INFO - at io.netty.channel.AbstractChannel$AbstractUnsafe.safeSetSuccess(AbstractChannel.java:988)
[2025-08-10T05:34:27.222+0000] {spark_submit.py:579} INFO - at io.netty.channel.AbstractChannel$AbstractUnsafe.register0(AbstractChannel.java:515)
[2025-08-10T05:34:27.222+0000] {spark_submit.py:579} INFO - at io.netty.channel.AbstractChannel$AbstractUnsafe.access$200(AbstractChannel.java:428)
[2025-08-10T05:34:27.222+0000] {spark_submit.py:579} INFO - at io.netty.channel.AbstractChannel$AbstractUnsafe$1.run(AbstractChannel.java:485)
[2025-08-10T05:34:27.223+0000] {spark_submit.py:579} INFO - at io.netty.util.concurrent.AbstractEventExecutor.runTask(AbstractEventExecutor.java:173)
[2025-08-10T05:34:27.223+0000] {spark_submit.py:579} INFO - at io.netty.util.concurrent.AbstractEventExecutor.safeExecute(AbstractEventExecutor.java:166)
[2025-08-10T05:34:27.223+0000] {spark_submit.py:579} INFO - at io.netty.util.concurrent.SingleThreadEventExecutor.runAllTasks(SingleThreadEventExecutor.java:472)
[2025-08-10T05:34:27.224+0000] {spark_submit.py:579} INFO - at io.netty.channel.nio.NioEventLoop.run(NioEventLoop.java:569)
[2025-08-10T05:34:27.224+0000] {spark_submit.py:579} INFO - at io.netty.util.concurrent.SingleThreadEventExecutor$4.run(SingleThreadEventExecutor.java:998)
[2025-08-10T05:34:27.224+0000] {spark_submit.py:579} INFO - at io.netty.util.internal.ThreadExecutorMap$2.run(ThreadExecutorMap.java:74)
[2025-08-10T05:34:27.224+0000] {spark_submit.py:579} INFO - at io.netty.util.concurrent.FastThreadLocalRunnable.run(FastThreadLocalRunnable.java:30)
[2025-08-10T05:34:27.225+0000] {spark_submit.py:579} INFO - ... 1 more
[2025-08-10T05:34:43.461+0000] {spark_submit.py:579} INFO - 25/08/10 05:34:43 INFO StandaloneAppClient$ClientEndpoint: Connecting to master spark://spark-master-1:7077...
[2025-08-10T05:34:47.204+0000] {spark_submit.py:579} INFO - 25/08/10 05:34:47 WARN TransportClientFactory: DNS resolution failed for spark-master-1/<unresolved>:7077 took 3740 ms
[2025-08-10T05:34:47.208+0000] {spark_submit.py:579} INFO - 25/08/10 05:34:47 WARN StandaloneAppClient$ClientEndpoint: Failed to connect to master spark-master-1:7077
[2025-08-10T05:34:47.208+0000] {spark_submit.py:579} INFO - org.apache.spark.SparkException: Exception thrown in awaitResult:
[2025-08-10T05:34:47.209+0000] {spark_submit.py:579} INFO - at org.apache.spark.util.SparkThreadUtils$.awaitResult(SparkThreadUtils.scala:53)
[2025-08-10T05:34:47.209+0000] {spark_submit.py:579} INFO - at org.apache.spark.util.ThreadUtils$.awaitResult(ThreadUtils.scala:342)
[2025-08-10T05:34:47.210+0000] {spark_submit.py:579} INFO - at org.apache.spark.rpc.RpcTimeout.awaitResult(RpcTimeout.scala:75)
[2025-08-10T05:34:47.210+0000] {spark_submit.py:579} INFO - at org.apache.spark.rpc.RpcEnv.setupEndpointRefByURI(RpcEnv.scala:102)
[2025-08-10T05:34:47.210+0000] {spark_submit.py:579} INFO - at org.apache.spark.rpc.RpcEnv.setupEndpointRef(RpcEnv.scala:110)
[2025-08-10T05:34:47.211+0000] {spark_submit.py:579} INFO - at org.apache.spark.deploy.client.StandaloneAppClient$ClientEndpoint$$anon$1.run(StandaloneAppClient.scala:110)
[2025-08-10T05:34:47.211+0000] {spark_submit.py:579} INFO - at java.base/java.util.concurrent.Executors$RunnableAdapter.call(Executors.java:539)
[2025-08-10T05:34:47.211+0000] {spark_submit.py:579} INFO - at java.base/java.util.concurrent.FutureTask.run(FutureTask.java:264)
[2025-08-10T05:34:47.211+0000] {spark_submit.py:579} INFO - at java.base/java.util.concurrent.ThreadPoolExecutor.runWorker(ThreadPoolExecutor.java:1136)
[2025-08-10T05:34:47.212+0000] {spark_submit.py:579} INFO - at java.base/java.util.concurrent.ThreadPoolExecutor$Worker.run(ThreadPoolExecutor.java:635)
[2025-08-10T05:34:47.212+0000] {spark_submit.py:579} INFO - at java.base/java.lang.Thread.run(Thread.java:840)
[2025-08-10T05:34:47.212+0000] {spark_submit.py:579} INFO - Caused by: java.io.IOException: Failed to connect to spark-master-1/<unresolved>:7077
[2025-08-10T05:34:47.212+0000] {spark_submit.py:579} INFO - at org.apache.spark.network.client.TransportClientFactory.createClient(TransportClientFactory.java:305)
[2025-08-10T05:34:47.213+0000] {spark_submit.py:579} INFO - at org.apache.spark.network.client.TransportClientFactory.createClient(TransportClientFactory.java:225)
[2025-08-10T05:34:47.213+0000] {spark_submit.py:579} INFO - at org.apache.spark.network.client.TransportClientFactory.createClient(TransportClientFactory.java:237)
[2025-08-10T05:34:47.213+0000] {spark_submit.py:579} INFO - at org.apache.spark.rpc.netty.NettyRpcEnv.createClient(NettyRpcEnv.scala:207)
[2025-08-10T05:34:47.213+0000] {spark_submit.py:579} INFO - at org.apache.spark.rpc.netty.Outbox$$anon$1.call(Outbox.scala:202)
[2025-08-10T05:34:47.213+0000] {spark_submit.py:579} INFO - at org.apache.spark.rpc.netty.Outbox$$anon$1.call(Outbox.scala:198)
[2025-08-10T05:34:47.214+0000] {spark_submit.py:579} INFO - ... 4 more
[2025-08-10T05:34:47.214+0000] {spark_submit.py:579} INFO - Caused by: java.net.UnknownHostException: spark-master-1
[2025-08-10T05:34:47.214+0000] {spark_submit.py:579} INFO - at java.base/java.net.InetAddress$CachedAddresses.get(InetAddress.java:801)
[2025-08-10T05:34:47.214+0000] {spark_submit.py:579} INFO - at java.base/java.net.InetAddress.getAllByName0(InetAddress.java:1533)
[2025-08-10T05:34:47.215+0000] {spark_submit.py:579} INFO - at java.base/java.net.InetAddress.getAllByName(InetAddress.java:1385)
[2025-08-10T05:34:47.215+0000] {spark_submit.py:579} INFO - at java.base/java.net.InetAddress.getAllByName(InetAddress.java:1306)
[2025-08-10T05:34:47.215+0000] {spark_submit.py:579} INFO - at java.base/java.net.InetAddress.getByName(InetAddress.java:1256)
[2025-08-10T05:34:47.215+0000] {spark_submit.py:579} INFO - at io.netty.util.internal.SocketUtils$8.run(SocketUtils.java:156)
[2025-08-10T05:34:47.215+0000] {spark_submit.py:579} INFO - at io.netty.util.internal.SocketUtils$8.run(SocketUtils.java:153)
[2025-08-10T05:34:47.216+0000] {spark_submit.py:579} INFO - at java.base/java.security.AccessController.doPrivileged(AccessController.java:569)
[2025-08-10T05:34:47.216+0000] {spark_submit.py:579} INFO - at io.netty.util.internal.SocketUtils.addressByName(SocketUtils.java:153)
[2025-08-10T05:34:47.216+0000] {spark_submit.py:579} INFO - at io.netty.resolver.DefaultNameResolver.doResolve(DefaultNameResolver.java:41)
[2025-08-10T05:34:47.216+0000] {spark_submit.py:579} INFO - at io.netty.resolver.SimpleNameResolver.resolve(SimpleNameResolver.java:61)
[2025-08-10T05:34:47.216+0000] {spark_submit.py:579} INFO - at io.netty.resolver.SimpleNameResolver.resolve(SimpleNameResolver.java:53)
[2025-08-10T05:34:47.217+0000] {spark_submit.py:579} INFO - at io.netty.resolver.InetSocketAddressResolver.doResolve(InetSocketAddressResolver.java:55)
[2025-08-10T05:34:47.217+0000] {spark_submit.py:579} INFO - at io.netty.resolver.InetSocketAddressResolver.doResolve(InetSocketAddressResolver.java:31)
[2025-08-10T05:34:47.217+0000] {spark_submit.py:579} INFO - at io.netty.resolver.AbstractAddressResolver.resolve(AbstractAddressResolver.java:106)
[2025-08-10T05:34:47.217+0000] {spark_submit.py:579} INFO - at io.netty.bootstrap.Bootstrap.doResolveAndConnect0(Bootstrap.java:220)
[2025-08-10T05:34:47.217+0000] {spark_submit.py:579} INFO - at io.netty.bootstrap.Bootstrap.access$000(Bootstrap.java:47)
[2025-08-10T05:34:47.217+0000] {spark_submit.py:579} INFO - at io.netty.bootstrap.Bootstrap$1.operationComplete(Bootstrap.java:189)
[2025-08-10T05:34:47.218+0000] {spark_submit.py:579} INFO - at io.netty.bootstrap.Bootstrap$1.operationComplete(Bootstrap.java:175)
[2025-08-10T05:34:47.218+0000] {spark_submit.py:579} INFO - at io.netty.util.concurrent.DefaultPromise.notifyListener0(DefaultPromise.java:590)
[2025-08-10T05:34:47.218+0000] {spark_submit.py:579} INFO - at io.netty.util.concurrent.DefaultPromise.notifyListenersNow(DefaultPromise.java:557)
[2025-08-10T05:34:47.219+0000] {spark_submit.py:579} INFO - at io.netty.util.concurrent.DefaultPromise.notifyListeners(DefaultPromise.java:492)
[2025-08-10T05:34:47.219+0000] {spark_submit.py:579} INFO - at io.netty.util.concurrent.DefaultPromise.setValue0(DefaultPromise.java:636)
[2025-08-10T05:34:47.219+0000] {spark_submit.py:579} INFO - at io.netty.util.concurrent.DefaultPromise.setSuccess0(DefaultPromise.java:625)
[2025-08-10T05:34:47.219+0000] {spark_submit.py:579} INFO - at io.netty.util.concurrent.DefaultPromise.trySuccess(DefaultPromise.java:105)
[2025-08-10T05:34:47.219+0000] {spark_submit.py:579} INFO - at io.netty.channel.DefaultChannelPromise.trySuccess(DefaultChannelPromise.java:84)
[2025-08-10T05:34:47.219+0000] {spark_submit.py:579} INFO - at io.netty.channel.AbstractChannel$AbstractUnsafe.safeSetSuccess(AbstractChannel.java:988)
[2025-08-10T05:34:47.220+0000] {spark_submit.py:579} INFO - at io.netty.channel.AbstractChannel$AbstractUnsafe.register0(AbstractChannel.java:515)
[2025-08-10T05:34:47.220+0000] {spark_submit.py:579} INFO - at io.netty.channel.AbstractChannel$AbstractUnsafe.access$200(AbstractChannel.java:428)
[2025-08-10T05:34:47.220+0000] {spark_submit.py:579} INFO - at io.netty.channel.AbstractChannel$AbstractUnsafe$1.run(AbstractChannel.java:485)
[2025-08-10T05:34:47.220+0000] {spark_submit.py:579} INFO - at io.netty.util.concurrent.AbstractEventExecutor.runTask(AbstractEventExecutor.java:173)
[2025-08-10T05:34:47.221+0000] {spark_submit.py:579} INFO - at io.netty.util.concurrent.AbstractEventExecutor.safeExecute(AbstractEventExecutor.java:166)
[2025-08-10T05:34:47.221+0000] {spark_submit.py:579} INFO - at io.netty.util.concurrent.SingleThreadEventExecutor.runAllTasks(SingleThreadEventExecutor.java:472)
[2025-08-10T05:34:47.221+0000] {spark_submit.py:579} INFO - at io.netty.channel.nio.NioEventLoop.run(NioEventLoop.java:569)
[2025-08-10T05:34:47.221+0000] {spark_submit.py:579} INFO - at io.netty.util.concurrent.SingleThreadEventExecutor$4.run(SingleThreadEventExecutor.java:998)
[2025-08-10T05:34:47.222+0000] {spark_submit.py:579} INFO - at io.netty.util.internal.ThreadExecutorMap$2.run(ThreadExecutorMap.java:74)
[2025-08-10T05:34:47.222+0000] {spark_submit.py:579} INFO - at io.netty.util.concurrent.FastThreadLocalRunnable.run(FastThreadLocalRunnable.java:30)
[2025-08-10T05:34:47.222+0000] {spark_submit.py:579} INFO - ... 1 more
[2025-08-10T05:35:03.460+0000] {spark_submit.py:579} INFO - 25/08/10 05:35:03 WARN StandaloneSchedulerBackend: Application ID is not initialized yet.
[2025-08-10T05:35:03.461+0000] {spark_submit.py:579} INFO - 25/08/10 05:35:03 ERROR StandaloneSchedulerBackend: Application has been killed. Reason: All masters are unresponsive! Giving up.
[2025-08-10T05:35:03.475+0000] {spark_submit.py:579} INFO - 25/08/10 05:35:03 INFO Utils: Successfully started service 'org.apache.spark.network.netty.NettyBlockTransferService' on port 39639.
[2025-08-10T05:35:03.476+0000] {spark_submit.py:579} INFO - 25/08/10 05:35:03 INFO NettyBlockTransferService: Server created on 95fb1ebfe85f:39639
[2025-08-10T05:35:03.477+0000] {spark_submit.py:579} INFO - 25/08/10 05:35:03 INFO BlockManager: Using org.apache.spark.storage.RandomBlockReplicationPolicy for block replication policy
[2025-08-10T05:35:03.494+0000] {spark_submit.py:579} INFO - 25/08/10 05:35:03 INFO BlockManagerMaster: Registering BlockManager BlockManagerId(driver, 95fb1ebfe85f, 39639, None)
[2025-08-10T05:35:03.499+0000] {spark_submit.py:579} INFO - 25/08/10 05:35:03 INFO BlockManagerMasterEndpoint: Registering block manager 95fb1ebfe85f:39639 with 434.4 MiB RAM, BlockManagerId(driver, 95fb1ebfe85f, 39639, None)
[2025-08-10T05:35:03.502+0000] {spark_submit.py:579} INFO - 25/08/10 05:35:03 INFO BlockManagerMaster: Registered BlockManager BlockManagerId(driver, 95fb1ebfe85f, 39639, None)
[2025-08-10T05:35:03.504+0000] {spark_submit.py:579} INFO - 25/08/10 05:35:03 INFO BlockManager: Initialized BlockManager: BlockManagerId(driver, 95fb1ebfe85f, 39639, None)
[2025-08-10T05:35:03.615+0000] {spark_submit.py:579} INFO - 25/08/10 05:35:03 INFO StandaloneSchedulerBackend: SchedulerBackend is ready for scheduling beginning after reached minRegisteredResourcesRatio: 0.0
[2025-08-10T05:35:03.811+0000] {spark_submit.py:579} INFO - 25/08/10 05:35:03 INFO SparkContext: SparkContext is stopping with exitCode 0 from run at <unknown>:0.
[2025-08-10T05:35:03.825+0000] {spark_submit.py:579} INFO - 25/08/10 05:35:03 INFO SparkUI: Stopped Spark web UI at http://95fb1ebfe85f:4040
[2025-08-10T05:35:03.829+0000] {spark_submit.py:579} INFO - 25/08/10 05:35:03 INFO StandaloneSchedulerBackend: Shutting down all executors
[2025-08-10T05:35:03.833+0000] {spark_submit.py:579} INFO - 25/08/10 05:35:03 INFO StandaloneSchedulerBackend$StandaloneDriverEndpoint: Asking each executor to shut down
[2025-08-10T05:35:03.840+0000] {spark_submit.py:579} INFO - 25/08/10 05:35:03 WARN StandaloneAppClient$ClientEndpoint: Drop UnregisterApplication(null) because has not yet connected to master
[2025-08-10T05:35:03.847+0000] {spark_submit.py:579} INFO - 25/08/10 05:35:03 INFO MapOutputTrackerMasterEndpoint: MapOutputTrackerMasterEndpoint stopped!
[2025-08-10T05:35:03.893+0000] {spark_submit.py:579} INFO - 25/08/10 05:35:03 INFO MemoryStore: MemoryStore started with capacity 434.4 MiB
[2025-08-10T05:35:03.894+0000] {spark_submit.py:579} INFO - 25/08/10 05:35:03 INFO MemoryStore: MemoryStore cleared
[2025-08-10T05:35:03.894+0000] {spark_submit.py:579} INFO - 25/08/10 05:35:03 INFO BlockManager: BlockManager stopped
[2025-08-10T05:35:03.900+0000] {spark_submit.py:579} INFO - 25/08/10 05:35:03 INFO BlockManagerMaster: BlockManagerMaster stopped
[2025-08-10T05:35:03.902+0000] {spark_submit.py:579} INFO - 25/08/10 05:35:03 INFO OutputCommitCoordinator$OutputCommitCoordinatorEndpoint: OutputCommitCoordinator stopped!
[2025-08-10T05:35:03.929+0000] {spark_submit.py:579} INFO - 25/08/10 05:35:03 INFO SparkContext: Successfully stopped SparkContext
[2025-08-10T05:35:05.527+0000] {spark_submit.py:579} INFO - Traceback (most recent call last):
[2025-08-10T05:35:05.528+0000] {spark_submit.py:579} INFO - File "/opt/***/jobs/python/wordcountjob.py", line 3, in <module>
[2025-08-10T05:35:05.530+0000] {spark_submit.py:579} INFO - spark = SparkSession.builder.appName("PythonWordCount").getOrCreate()
[2025-08-10T05:35:05.531+0000] {spark_submit.py:579} INFO - File "/home/***/.local/lib/python3.10/site-packages/pyspark/python/lib/pyspark.zip/pyspark/sql/session.py", line 559, in getOrCreate
[2025-08-10T05:35:05.532+0000] {spark_submit.py:579} INFO - File "/home/***/.local/lib/python3.10/site-packages/pyspark/python/lib/pyspark.zip/pyspark/sql/session.py", line 641, in __init__
[2025-08-10T05:35:05.533+0000] {spark_submit.py:579} INFO - File "/home/***/.local/lib/python3.10/site-packages/pyspark/python/lib/py4j-0.10.9.9-src.zip/py4j/java_gateway.py", line 1627, in __call__
[2025-08-10T05:35:05.534+0000] {spark_submit.py:579} INFO - File "/home/***/.local/lib/python3.10/site-packages/pyspark/python/lib/py4j-0.10.9.9-src.zip/py4j/protocol.py", line 327, in get_return_value
[2025-08-10T05:35:05.536+0000] {spark_submit.py:579} INFO - py4j.protocol.Py4JJavaError: An error occurred while calling None.org.apache.spark.sql.classic.SparkSession.
[2025-08-10T05:35:05.536+0000] {spark_submit.py:579} INFO - : java.lang.IllegalStateException: Cannot call methods on a stopped SparkContext.
[2025-08-10T05:35:05.538+0000] {spark_submit.py:579} INFO - This stopped SparkContext was created at:
[2025-08-10T05:35:05.538+0000] {spark_submit.py:579} INFO - 
[2025-08-10T05:35:05.538+0000] {spark_submit.py:579} INFO - org.apache.spark.api.java.JavaSparkContext.<init>(JavaSparkContext.scala:59)
[2025-08-10T05:35:05.539+0000] {spark_submit.py:579} INFO - java.base/jdk.internal.reflect.NativeConstructorAccessorImpl.newInstance0(Native Method)
[2025-08-10T05:35:05.539+0000] {spark_submit.py:579} INFO - java.base/jdk.internal.reflect.NativeConstructorAccessorImpl.newInstance(NativeConstructorAccessorImpl.java:77)
[2025-08-10T05:35:05.539+0000] {spark_submit.py:579} INFO - java.base/jdk.internal.reflect.DelegatingConstructorAccessorImpl.newInstance(DelegatingConstructorAccessorImpl.java:45)
[2025-08-10T05:35:05.540+0000] {spark_submit.py:579} INFO - java.base/java.lang.reflect.Constructor.newInstanceWithCaller(Constructor.java:500)
[2025-08-10T05:35:05.540+0000] {spark_submit.py:579} INFO - java.base/java.lang.reflect.Constructor.newInstance(Constructor.java:481)
[2025-08-10T05:35:05.540+0000] {spark_submit.py:579} INFO - py4j.reflection.MethodInvoker.invoke(MethodInvoker.java:247)
[2025-08-10T05:35:05.540+0000] {spark_submit.py:579} INFO - py4j.reflection.ReflectionEngine.invoke(ReflectionEngine.java:374)
[2025-08-10T05:35:05.540+0000] {spark_submit.py:579} INFO - py4j.Gateway.invoke(Gateway.java:238)
[2025-08-10T05:35:05.541+0000] {spark_submit.py:579} INFO - py4j.commands.ConstructorCommand.invokeConstructor(ConstructorCommand.java:80)
[2025-08-10T05:35:05.541+0000] {spark_submit.py:579} INFO - py4j.commands.ConstructorCommand.execute(ConstructorCommand.java:69)
[2025-08-10T05:35:05.541+0000] {spark_submit.py:579} INFO - py4j.ClientServerConnection.waitForCommands(ClientServerConnection.java:184)
[2025-08-10T05:35:05.541+0000] {spark_submit.py:579} INFO - py4j.ClientServerConnection.run(ClientServerConnection.java:108)
[2025-08-10T05:35:05.542+0000] {spark_submit.py:579} INFO - java.base/java.lang.Thread.run(Thread.java:840)
[2025-08-10T05:35:05.542+0000] {spark_submit.py:579} INFO - 
[2025-08-10T05:35:05.542+0000] {spark_submit.py:579} INFO - And it was stopped at:
[2025-08-10T05:35:05.542+0000] {spark_submit.py:579} INFO - 
[2025-08-10T05:35:05.542+0000] {spark_submit.py:579} INFO - org.apache.spark.SparkContext$$anon$3.run(SparkContext.scala:2284)
[2025-08-10T05:35:05.543+0000] {spark_submit.py:579} INFO - 
[2025-08-10T05:35:05.543+0000] {spark_submit.py:579} INFO - The currently active SparkContext was created at:
[2025-08-10T05:35:05.543+0000] {spark_submit.py:579} INFO - 
[2025-08-10T05:35:05.543+0000] {spark_submit.py:579} INFO - (No active SparkContext.)
[2025-08-10T05:35:05.543+0000] {spark_submit.py:579} INFO - 
[2025-08-10T05:35:05.544+0000] {spark_submit.py:579} INFO - at org.apache.spark.SparkContext.assertNotStopped(SparkContext.scala:128)
[2025-08-10T05:35:05.544+0000] {spark_submit.py:579} INFO - at org.apache.spark.sql.classic.SparkSession.<init>(SparkSession.scala:124)
[2025-08-10T05:35:05.544+0000] {spark_submit.py:579} INFO - at org.apache.spark.sql.classic.SparkSession.<init>(SparkSession.scala:117)
[2025-08-10T05:35:05.544+0000] {spark_submit.py:579} INFO - at java.base/jdk.internal.reflect.NativeConstructorAccessorImpl.newInstance0(Native Method)
[2025-08-10T05:35:05.545+0000] {spark_submit.py:579} INFO - at java.base/jdk.internal.reflect.NativeConstructorAccessorImpl.newInstance(NativeConstructorAccessorImpl.java:77)
[2025-08-10T05:35:05.545+0000] {spark_submit.py:579} INFO - at java.base/jdk.internal.reflect.DelegatingConstructorAccessorImpl.newInstance(DelegatingConstructorAccessorImpl.java:45)
[2025-08-10T05:35:05.545+0000] {spark_submit.py:579} INFO - at java.base/java.lang.reflect.Constructor.newInstanceWithCaller(Constructor.java:500)
[2025-08-10T05:35:05.545+0000] {spark_submit.py:579} INFO - at java.base/java.lang.reflect.Constructor.newInstance(Constructor.java:481)
[2025-08-10T05:35:05.545+0000] {spark_submit.py:579} INFO - at py4j.reflection.MethodInvoker.invoke(MethodInvoker.java:247)
[2025-08-10T05:35:05.545+0000] {spark_submit.py:579} INFO - at py4j.reflection.ReflectionEngine.invoke(ReflectionEngine.java:374)
[2025-08-10T05:35:05.546+0000] {spark_submit.py:579} INFO - at py4j.Gateway.invoke(Gateway.java:238)
[2025-08-10T05:35:05.546+0000] {spark_submit.py:579} INFO - at py4j.commands.ConstructorCommand.invokeConstructor(ConstructorCommand.java:80)
[2025-08-10T05:35:05.546+0000] {spark_submit.py:579} INFO - at py4j.commands.ConstructorCommand.execute(ConstructorCommand.java:69)
[2025-08-10T05:35:05.546+0000] {spark_submit.py:579} INFO - at py4j.ClientServerConnection.waitForCommands(ClientServerConnection.java:184)
[2025-08-10T05:35:05.546+0000] {spark_submit.py:579} INFO - at py4j.ClientServerConnection.run(ClientServerConnection.java:108)
[2025-08-10T05:35:05.547+0000] {spark_submit.py:579} INFO - at java.base/java.lang.Thread.run(Thread.java:840)
[2025-08-10T05:35:05.547+0000] {spark_submit.py:579} INFO - 
[2025-08-10T05:35:05.644+0000] {spark_submit.py:579} INFO - 25/08/10 05:35:05 INFO ShutdownHookManager: Shutdown hook called
[2025-08-10T05:35:05.645+0000] {spark_submit.py:579} INFO - 25/08/10 05:35:05 INFO ShutdownHookManager: Deleting directory /tmp/spark-98c96e9b-df1b-4c8a-a538-6851e2dd8aaf
[2025-08-10T05:35:05.669+0000] {spark_submit.py:579} INFO - 25/08/10 05:35:05 INFO ShutdownHookManager: Deleting directory /tmp/spark-8cba91e4-ef50-4284-b756-240ea826c02d/pyspark-e34ec19c-ff93-4c4e-8319-cb0b010e68ec
[2025-08-10T05:35:05.685+0000] {spark_submit.py:579} INFO - 25/08/10 05:35:05 INFO ShutdownHookManager: Deleting directory /tmp/spark-8cba91e4-ef50-4284-b756-240ea826c02d
[2025-08-10T05:35:05.747+0000] {taskinstance.py:1935} ERROR - Task failed with exception
Traceback (most recent call last):
  File "/home/airflow/.local/lib/python3.10/site-packages/airflow/providers/apache/spark/operators/spark_submit.py", line 174, in execute
    self._hook.submit(self.application)
  File "/home/airflow/.local/lib/python3.10/site-packages/airflow/providers/apache/spark/hooks/spark_submit.py", line 505, in submit
    raise AirflowException(
airflow.exceptions.AirflowException: Cannot execute: spark-submit --master spark://spark-master-1:7077 --name arrow-spark --deploy-mode client jobs/python/wordcountjob.py. Error code is: 1.
[2025-08-10T05:35:05.752+0000] {taskinstance.py:1398} INFO - Marking task as FAILED. dag_id=sparking_flow, task_id=python_job, execution_date=20250810T053351, start_date=20250810T053358, end_date=20250810T053505
[2025-08-10T05:35:05.767+0000] {standard_task_runner.py:104} ERROR - Failed to execute job 7 for task python_job (Cannot execute: spark-submit --master spark://spark-master-1:7077 --name arrow-spark --deploy-mode client jobs/python/wordcountjob.py. Error code is: 1.; 4051)
[2025-08-10T05:35:05.780+0000] {local_task_job_runner.py:228} INFO - Task exited with return code 1
[2025-08-10T05:35:05.801+0000] {taskinstance.py:2776} INFO - 0 downstream tasks scheduled from follow-on schedule check
