[2025-08-18T04:15:15.418+0000] {taskinstance.py:1157} INFO - Dependencies all met for dep_context=non-requeueable deps ti=<TaskInstance: sparking_flow.python_job manual__2025-08-18T04:15:12.917811+00:00 [queued]>
[2025-08-18T04:15:15.424+0000] {taskinstance.py:1157} INFO - Dependencies all met for dep_context=requeueable deps ti=<TaskInstance: sparking_flow.python_job manual__2025-08-18T04:15:12.917811+00:00 [queued]>
[2025-08-18T04:15:15.425+0000] {taskinstance.py:1359} INFO - Starting attempt 1 of 1
[2025-08-18T04:15:15.435+0000] {taskinstance.py:1380} INFO - Executing <Task(SparkSubmitOperator): python_job> on 2025-08-18 04:15:12.917811+00:00
[2025-08-18T04:15:15.439+0000] {standard_task_runner.py:57} INFO - Started process 199 to run task
[2025-08-18T04:15:15.441+0000] {standard_task_runner.py:84} INFO - Running: ['***', 'tasks', 'run', 'sparking_flow', 'python_job', 'manual__2025-08-18T04:15:12.917811+00:00', '--job-id', '38', '--raw', '--subdir', 'DAGS_FOLDER/spark_***.py', '--cfg-path', '/tmp/tmp5hbz2m__']
[2025-08-18T04:15:15.444+0000] {standard_task_runner.py:85} INFO - Job 38: Subtask python_job
[2025-08-18T04:15:15.500+0000] {task_command.py:415} INFO - Running <TaskInstance: sparking_flow.python_job manual__2025-08-18T04:15:12.917811+00:00 [running]> on host 81b7fe425a18
[2025-08-18T04:15:15.579+0000] {taskinstance.py:1660} INFO - Exporting env vars: AIRFLOW_CTX_DAG_OWNER='Yusuf Ganiyu' AIRFLOW_CTX_DAG_ID='sparking_flow' AIRFLOW_CTX_TASK_ID='python_job' AIRFLOW_CTX_EXECUTION_DATE='2025-08-18T04:15:12.917811+00:00' AIRFLOW_CTX_TRY_NUMBER='1' AIRFLOW_CTX_DAG_RUN_ID='manual__2025-08-18T04:15:12.917811+00:00'
[2025-08-18T04:15:15.590+0000] {base.py:73} INFO - Using connection ID 'spark-conn' for task execution.
[2025-08-18T04:15:15.591+0000] {spark_submit.py:403} INFO - Spark-Submit cmd: spark-submit --master spark://spark-master:7077 --jars /opt/spark/external-jars/apache-spark-sql-connector.jar --name arrow-spark --deploy-mode client jobs/python/wordcountjob.py
[2025-08-18T04:15:15.921+0000] {spark_submit.py:579} INFO - WARNING: Using incubator modules: jdk.incubator.vector
[2025-08-18T04:15:17.119+0000] {spark_submit.py:579} INFO - 25/08/18 04:15:17 WARN NativeCodeLoader: Unable to load native-hadoop library for your platform... using builtin-java classes where applicable
[2025-08-18T04:15:19.033+0000] {spark_submit.py:579} INFO - Using Spark's default log4j profile: org/apache/spark/log4j2-defaults.properties
[2025-08-18T04:15:19.041+0000] {spark_submit.py:579} INFO - 25/08/18 04:15:19 INFO SparkContext: Running Spark version 4.0.0
[2025-08-18T04:15:19.043+0000] {spark_submit.py:579} INFO - 25/08/18 04:15:19 INFO SparkContext: OS info Linux, 6.6.87.2-microsoft-standard-WSL2, amd64
[2025-08-18T04:15:19.044+0000] {spark_submit.py:579} INFO - 25/08/18 04:15:19 INFO SparkContext: Java version 17.0.15
[2025-08-18T04:15:19.066+0000] {spark_submit.py:579} INFO - 25/08/18 04:15:19 INFO ResourceUtils: ==============================================================
[2025-08-18T04:15:19.067+0000] {spark_submit.py:579} INFO - 25/08/18 04:15:19 INFO ResourceUtils: No custom resources configured for spark.driver.
[2025-08-18T04:15:19.067+0000] {spark_submit.py:579} INFO - 25/08/18 04:15:19 INFO ResourceUtils: ==============================================================
[2025-08-18T04:15:19.068+0000] {spark_submit.py:579} INFO - 25/08/18 04:15:19 INFO SparkContext: Submitted application: PythonWordCount
[2025-08-18T04:15:19.087+0000] {spark_submit.py:579} INFO - 25/08/18 04:15:19 INFO ResourceProfile: Default ResourceProfile created, executor resources: Map(memory -> name: memory, amount: 1024, script: , vendor: , offHeap -> name: offHeap, amount: 0, script: , vendor: ), task resources: Map(cpus -> name: cpus, amount: 1.0)
[2025-08-18T04:15:19.089+0000] {spark_submit.py:579} INFO - 25/08/18 04:15:19 INFO ResourceProfile: Limiting resource is cpu
[2025-08-18T04:15:19.090+0000] {spark_submit.py:579} INFO - 25/08/18 04:15:19 INFO ResourceProfileManager: Added ResourceProfile id: 0
[2025-08-18T04:15:19.124+0000] {spark_submit.py:579} INFO - 25/08/18 04:15:19 INFO SecurityManager: Changing view acls to: ***
[2025-08-18T04:15:19.125+0000] {spark_submit.py:579} INFO - 25/08/18 04:15:19 INFO SecurityManager: Changing modify acls to: ***
[2025-08-18T04:15:19.126+0000] {spark_submit.py:579} INFO - 25/08/18 04:15:19 INFO SecurityManager: Changing view acls groups to: ***
[2025-08-18T04:15:19.127+0000] {spark_submit.py:579} INFO - 25/08/18 04:15:19 INFO SecurityManager: Changing modify acls groups to: ***
[2025-08-18T04:15:19.128+0000] {spark_submit.py:579} INFO - 25/08/18 04:15:19 INFO SecurityManager: SecurityManager: authentication disabled; ui acls disabled; users with view permissions: *** groups with view permissions: EMPTY; users with modify permissions: ***; groups with modify permissions: EMPTY; RPC SSL disabled
[2025-08-18T04:15:19.334+0000] {spark_submit.py:579} INFO - 25/08/18 04:15:19 INFO Utils: Successfully started service 'sparkDriver' on port 42169.
[2025-08-18T04:15:19.360+0000] {spark_submit.py:579} INFO - 25/08/18 04:15:19 INFO SparkEnv: Registering MapOutputTracker
[2025-08-18T04:15:19.369+0000] {spark_submit.py:579} INFO - 25/08/18 04:15:19 INFO SparkEnv: Registering BlockManagerMaster
[2025-08-18T04:15:19.383+0000] {spark_submit.py:579} INFO - 25/08/18 04:15:19 INFO BlockManagerMasterEndpoint: Using org.apache.spark.storage.DefaultTopologyMapper for getting topology information
[2025-08-18T04:15:19.384+0000] {spark_submit.py:579} INFO - 25/08/18 04:15:19 INFO BlockManagerMasterEndpoint: BlockManagerMasterEndpoint up
[2025-08-18T04:15:19.387+0000] {spark_submit.py:579} INFO - 25/08/18 04:15:19 INFO SparkEnv: Registering BlockManagerMasterHeartbeat
[2025-08-18T04:15:19.410+0000] {spark_submit.py:579} INFO - 25/08/18 04:15:19 INFO DiskBlockManager: Created local directory at /tmp/blockmgr-4d31ac27-697d-408c-a988-cb2f0c0eae34
[2025-08-18T04:15:19.436+0000] {spark_submit.py:579} INFO - 25/08/18 04:15:19 INFO SparkEnv: Registering OutputCommitCoordinator
[2025-08-18T04:15:19.565+0000] {spark_submit.py:579} INFO - 25/08/18 04:15:19 INFO JettyUtils: Start Jetty 0.0.0.0:4040 for SparkUI
[2025-08-18T04:15:19.622+0000] {spark_submit.py:579} INFO - 25/08/18 04:15:19 INFO Utils: Successfully started service 'SparkUI' on port 4040.
[2025-08-18T04:15:19.660+0000] {spark_submit.py:579} INFO - 25/08/18 04:15:19 INFO SparkContext: Added JAR file:///opt/spark/external-jars/apache-spark-sql-connector.jar at spark://81b7fe425a18:42169/jars/apache-spark-sql-connector.jar with timestamp 1755490519027
[2025-08-18T04:15:19.675+0000] {spark_submit.py:579} INFO - 25/08/18 04:15:19 INFO SecurityManager: Changing view acls to: ***
[2025-08-18T04:15:19.675+0000] {spark_submit.py:579} INFO - 25/08/18 04:15:19 INFO SecurityManager: Changing modify acls to: ***
[2025-08-18T04:15:19.675+0000] {spark_submit.py:579} INFO - 25/08/18 04:15:19 INFO SecurityManager: Changing view acls groups to: ***
[2025-08-18T04:15:19.676+0000] {spark_submit.py:579} INFO - 25/08/18 04:15:19 INFO SecurityManager: Changing modify acls groups to: ***
[2025-08-18T04:15:19.676+0000] {spark_submit.py:579} INFO - 25/08/18 04:15:19 INFO SecurityManager: SecurityManager: authentication disabled; ui acls disabled; users with view permissions: *** groups with view permissions: EMPTY; users with modify permissions: ***; groups with modify permissions: EMPTY; RPC SSL disabled
[2025-08-18T04:15:19.780+0000] {spark_submit.py:579} INFO - 25/08/18 04:15:19 INFO StandaloneAppClient$ClientEndpoint: Connecting to master spark://spark-master:7077...
[2025-08-18T04:15:19.818+0000] {spark_submit.py:579} INFO - 25/08/18 04:15:19 INFO TransportClientFactory: Successfully created connection to spark-master/172.18.0.3:7077 after 19 ms (0 ms spent in bootstraps)
[2025-08-18T04:15:19.920+0000] {spark_submit.py:579} INFO - 25/08/18 04:15:19 INFO StandaloneSchedulerBackend: Connected to Spark cluster with app ID app-20250818041519-0000
[2025-08-18T04:15:19.928+0000] {spark_submit.py:579} INFO - 25/08/18 04:15:19 INFO Utils: Successfully started service 'org.apache.spark.network.netty.NettyBlockTransferService' on port 43617.
[2025-08-18T04:15:19.929+0000] {spark_submit.py:579} INFO - 25/08/18 04:15:19 INFO NettyBlockTransferService: Server created on 81b7fe425a18:43617
[2025-08-18T04:15:19.931+0000] {spark_submit.py:579} INFO - 25/08/18 04:15:19 INFO BlockManager: Using org.apache.spark.storage.RandomBlockReplicationPolicy for block replication policy
[2025-08-18T04:15:19.942+0000] {spark_submit.py:579} INFO - 25/08/18 04:15:19 INFO BlockManagerMaster: Registering BlockManager BlockManagerId(driver, 81b7fe425a18, 43617, None)
[2025-08-18T04:15:19.947+0000] {spark_submit.py:579} INFO - 25/08/18 04:15:19 INFO BlockManagerMasterEndpoint: Registering block manager 81b7fe425a18:43617 with 434.4 MiB RAM, BlockManagerId(driver, 81b7fe425a18, 43617, None)
[2025-08-18T04:15:19.949+0000] {spark_submit.py:579} INFO - 25/08/18 04:15:19 INFO BlockManagerMaster: Registered BlockManager BlockManagerId(driver, 81b7fe425a18, 43617, None)
[2025-08-18T04:15:19.951+0000] {spark_submit.py:579} INFO - 25/08/18 04:15:19 INFO BlockManager: Initialized BlockManager: BlockManagerId(driver, 81b7fe425a18, 43617, None)
[2025-08-18T04:15:19.957+0000] {spark_submit.py:579} INFO - 25/08/18 04:15:19 INFO StandaloneAppClient$ClientEndpoint: Executor added: app-20250818041519-0000/0 on worker-20250818041359-172.18.0.5-40851 (172.18.0.5:40851) with 2 core(s)
[2025-08-18T04:15:19.959+0000] {spark_submit.py:579} INFO - 25/08/18 04:15:19 INFO StandaloneSchedulerBackend: Granted executor ID app-20250818041519-0000/0 on hostPort 172.18.0.5:40851 with 2 core(s), 1024.0 MiB RAM
[2025-08-18T04:15:20.111+0000] {spark_submit.py:579} INFO - 25/08/18 04:15:20 INFO StandaloneSchedulerBackend: SchedulerBackend is ready for scheduling beginning after reached minRegisteredResourcesRatio: 0.0
[2025-08-18T04:15:20.145+0000] {spark_submit.py:579} INFO - 25/08/18 04:15:20 INFO StandaloneAppClient$ClientEndpoint: Executor updated: app-20250818041519-0000/0 is now RUNNING
[2025-08-18T04:15:22.596+0000] {spark_submit.py:579} INFO - 25/08/18 04:15:22 INFO StandaloneSchedulerBackend$StandaloneDriverEndpoint: Registered executor NettyRpcEndpointRef(spark-client://Executor) (172.18.0.5:39154) with ID 0, ResourceProfileId 0
[2025-08-18T04:15:22.814+0000] {spark_submit.py:579} INFO - 25/08/18 04:15:22 INFO BlockManagerMasterEndpoint: Registering block manager 172.18.0.5:38385 with 434.4 MiB RAM, BlockManagerId(0, 172.18.0.5, 38385, None)
[2025-08-18T04:15:23.499+0000] {spark_submit.py:579} INFO - dict_keys(['daily', 'daily960', 'live_rapid', 'live_blitz', 'live_bullet', 'live_bughouse', 'live_blitz960', 'live_threecheck', 'live_crazyhouse', 'live_kingofthehill', 'tactics', 'rush', 'battle'])
[2025-08-18T04:15:23.824+0000] {spark_submit.py:579} INFO - 25/08/18 04:15:23 INFO SharedState: Setting hive.metastore.warehouse.dir ('null') to the value of spark.sql.warehouse.dir.
[2025-08-18T04:15:23.826+0000] {spark_submit.py:579} INFO - 25/08/18 04:15:23 INFO SharedState: Warehouse path is 'file:/opt/***/spark-warehouse'.
[2025-08-18T04:15:27.185+0000] {spark_submit.py:579} INFO - 25/08/18 04:15:27 WARN SparkStringUtils: Truncated the string representation of a plan since it was too large. This behavior can be adjusted by setting 'spark.sql.debug.maxToStringFields'.
[2025-08-18T04:15:27.523+0000] {spark_submit.py:579} INFO - 25/08/18 04:15:27 INFO CodeGenerator: Code generated in 203.384688 ms
[2025-08-18T04:15:27.591+0000] {spark_submit.py:579} INFO - 25/08/18 04:15:27 INFO SparkContext: Starting job: jdbc at NativeMethodAccessorImpl.java:0
[2025-08-18T04:15:27.605+0000] {spark_submit.py:579} INFO - 25/08/18 04:15:27 INFO DAGScheduler: Got job 0 (jdbc at NativeMethodAccessorImpl.java:0) with 2 output partitions
[2025-08-18T04:15:27.606+0000] {spark_submit.py:579} INFO - 25/08/18 04:15:27 INFO DAGScheduler: Final stage: ResultStage 0 (jdbc at NativeMethodAccessorImpl.java:0)
[2025-08-18T04:15:27.607+0000] {spark_submit.py:579} INFO - 25/08/18 04:15:27 INFO DAGScheduler: Parents of final stage: List()
[2025-08-18T04:15:27.608+0000] {spark_submit.py:579} INFO - 25/08/18 04:15:27 INFO DAGScheduler: Missing parents: List()
[2025-08-18T04:15:27.611+0000] {spark_submit.py:579} INFO - 25/08/18 04:15:27 INFO DAGScheduler: Submitting ResultStage 0 (MapPartitionsRDD[58] at jdbc at NativeMethodAccessorImpl.java:0), which has no missing parents
[2025-08-18T04:15:27.679+0000] {spark_submit.py:579} INFO - 25/08/18 04:15:27 INFO MemoryStore: MemoryStore started with capacity 434.4 MiB
[2025-08-18T04:15:27.706+0000] {spark_submit.py:579} INFO - 25/08/18 04:15:27 INFO MemoryStore: Block broadcast_0 stored as values in memory (estimated size 33.7 KiB, free 434.4 MiB)
[2025-08-18T04:15:27.739+0000] {spark_submit.py:579} INFO - 25/08/18 04:15:27 INFO MemoryStore: Block broadcast_0_piece0 stored as bytes in memory (estimated size 14.4 KiB, free 434.4 MiB)
[2025-08-18T04:15:27.745+0000] {spark_submit.py:579} INFO - 25/08/18 04:15:27 INFO SparkContext: Created broadcast 0 from broadcast at DAGScheduler.scala:1676
[2025-08-18T04:15:27.761+0000] {spark_submit.py:579} INFO - 25/08/18 04:15:27 INFO DAGScheduler: Submitting 2 missing tasks from ResultStage 0 (MapPartitionsRDD[58] at jdbc at NativeMethodAccessorImpl.java:0) (first 15 tasks are for partitions Vector(0, 1))
[2025-08-18T04:15:27.770+0000] {spark_submit.py:579} INFO - 25/08/18 04:15:27 INFO TaskSchedulerImpl: Adding task set 0.0 with 2 tasks resource profile 0
[2025-08-18T04:15:27.794+0000] {spark_submit.py:579} INFO - 25/08/18 04:15:27 INFO TaskSetManager: Starting task 0.0 in stage 0.0 (TID 0) (172.18.0.5,executor 0, partition 0, PROCESS_LOCAL, 17671 bytes)
[2025-08-18T04:15:27.798+0000] {spark_submit.py:579} INFO - 25/08/18 04:15:27 INFO TaskSetManager: Starting task 1.0 in stage 0.0 (TID 1) (172.18.0.5,executor 0, partition 1, PROCESS_LOCAL, 17406 bytes)
[2025-08-18T04:15:31.106+0000] {spark_submit.py:579} INFO - 25/08/18 04:15:31 INFO TaskSetManager: Finished task 1.0 in stage 0.0 (TID 1) in 3307 ms on 172.18.0.5 (executor 0) (1/2)
[2025-08-18T04:15:31.107+0000] {spark_submit.py:579} INFO - 25/08/18 04:15:31 INFO TaskSetManager: Finished task 0.0 in stage 0.0 (TID 0) in 3325 ms on 172.18.0.5 (executor 0) (2/2)
[2025-08-18T04:15:31.108+0000] {spark_submit.py:579} INFO - 25/08/18 04:15:31 INFO TaskSchedulerImpl: Removed TaskSet 0.0 whose tasks have all completed, from pool
[2025-08-18T04:15:31.110+0000] {spark_submit.py:579} INFO - 25/08/18 04:15:31 INFO PythonAccumulatorV2: Connected to AccumulatorServer at host: 127.0.0.1 port: 33261
[2025-08-18T04:15:31.114+0000] {spark_submit.py:579} INFO - 25/08/18 04:15:31 INFO DAGScheduler: ResultStage 0 (jdbc at NativeMethodAccessorImpl.java:0) finished in 3493 ms
[2025-08-18T04:15:31.117+0000] {spark_submit.py:579} INFO - 25/08/18 04:15:31 INFO DAGScheduler: Job 0 is finished. Cancelling potential speculative or zombie tasks for this job
[2025-08-18T04:15:31.117+0000] {spark_submit.py:579} INFO - 25/08/18 04:15:31 INFO TaskSchedulerImpl: Canceling stage 0
[2025-08-18T04:15:31.118+0000] {spark_submit.py:579} INFO - 25/08/18 04:15:31 INFO TaskSchedulerImpl: Killing all running tasks in stage 0: Stage finished
[2025-08-18T04:15:31.121+0000] {spark_submit.py:579} INFO - 25/08/18 04:15:31 INFO DAGScheduler: Job 0 finished: jdbc at NativeMethodAccessorImpl.java:0, took 3529.486867 ms
[2025-08-18T04:15:31.201+0000] {spark_submit.py:579} INFO - table daily has been loaded
[2025-08-18T04:15:32.943+0000] {spark_submit.py:579} INFO - 25/08/18 04:15:32 INFO SparkContext: Starting job: jdbc at NativeMethodAccessorImpl.java:0
[2025-08-18T04:15:32.944+0000] {spark_submit.py:579} INFO - 25/08/18 04:15:32 INFO DAGScheduler: Got job 1 (jdbc at NativeMethodAccessorImpl.java:0) with 2 output partitions
[2025-08-18T04:15:32.946+0000] {spark_submit.py:579} INFO - 25/08/18 04:15:32 INFO DAGScheduler: Final stage: ResultStage 1 (jdbc at NativeMethodAccessorImpl.java:0)
[2025-08-18T04:15:32.947+0000] {spark_submit.py:579} INFO - 25/08/18 04:15:32 INFO DAGScheduler: Parents of final stage: List()
[2025-08-18T04:15:32.949+0000] {spark_submit.py:579} INFO - 25/08/18 04:15:32 INFO DAGScheduler: Missing parents: List()
[2025-08-18T04:15:32.950+0000] {spark_submit.py:579} INFO - 25/08/18 04:15:32 INFO DAGScheduler: Submitting ResultStage 1 (MapPartitionsRDD[62] at jdbc at NativeMethodAccessorImpl.java:0), which has no missing parents
[2025-08-18T04:15:32.951+0000] {spark_submit.py:579} INFO - 25/08/18 04:15:32 INFO MemoryStore: Block broadcast_1 stored as values in memory (estimated size 33.8 KiB, free 434.3 MiB)
[2025-08-18T04:15:32.960+0000] {spark_submit.py:579} INFO - 25/08/18 04:15:32 INFO MemoryStore: Block broadcast_1_piece0 stored as bytes in memory (estimated size 14.4 KiB, free 434.3 MiB)
[2025-08-18T04:15:32.964+0000] {spark_submit.py:579} INFO - 25/08/18 04:15:32 INFO SparkContext: Created broadcast 1 from broadcast at DAGScheduler.scala:1676
[2025-08-18T04:15:32.969+0000] {spark_submit.py:579} INFO - 25/08/18 04:15:32 INFO DAGScheduler: Submitting 2 missing tasks from ResultStage 1 (MapPartitionsRDD[62] at jdbc at NativeMethodAccessorImpl.java:0) (first 15 tasks are for partitions Vector(0, 1))
[2025-08-18T04:15:32.969+0000] {spark_submit.py:579} INFO - 25/08/18 04:15:32 INFO TaskSchedulerImpl: Adding task set 1.0 with 2 tasks resource profile 0
[2025-08-18T04:15:32.970+0000] {spark_submit.py:579} INFO - 25/08/18 04:15:32 INFO TaskSetManager: Starting task 0.0 in stage 1.0 (TID 2) (172.18.0.5,executor 0, partition 0, PROCESS_LOCAL, 17999 bytes)
[2025-08-18T04:15:32.976+0000] {spark_submit.py:579} INFO - 25/08/18 04:15:32 INFO TaskSetManager: Starting task 1.0 in stage 1.0 (TID 3) (172.18.0.5,executor 0, partition 1, PROCESS_LOCAL, 17911 bytes)
[2025-08-18T04:15:33.317+0000] {spark_submit.py:579} INFO - 25/08/18 04:15:33 INFO TaskSetManager: Finished task 0.0 in stage 1.0 (TID 2) in 351 ms on 172.18.0.5 (executor 0) (1/2)
[2025-08-18T04:15:33.319+0000] {spark_submit.py:579} INFO - 25/08/18 04:15:33 INFO TaskSetManager: Finished task 1.0 in stage 1.0 (TID 3) in 351 ms on 172.18.0.5 (executor 0) (2/2)
[2025-08-18T04:15:33.320+0000] {spark_submit.py:579} INFO - 25/08/18 04:15:33 INFO TaskSchedulerImpl: Removed TaskSet 1.0 whose tasks have all completed, from pool
[2025-08-18T04:15:33.320+0000] {spark_submit.py:579} INFO - 25/08/18 04:15:33 INFO DAGScheduler: ResultStage 1 (jdbc at NativeMethodAccessorImpl.java:0) finished in 373 ms
[2025-08-18T04:15:33.321+0000] {spark_submit.py:579} INFO - 25/08/18 04:15:33 INFO DAGScheduler: Job 1 is finished. Cancelling potential speculative or zombie tasks for this job
[2025-08-18T04:15:33.322+0000] {spark_submit.py:579} INFO - 25/08/18 04:15:33 INFO TaskSchedulerImpl: Canceling stage 1
[2025-08-18T04:15:33.322+0000] {spark_submit.py:579} INFO - 25/08/18 04:15:33 INFO TaskSchedulerImpl: Killing all running tasks in stage 1: Stage finished
[2025-08-18T04:15:33.323+0000] {spark_submit.py:579} INFO - 25/08/18 04:15:33 INFO DAGScheduler: Job 1 finished: jdbc at NativeMethodAccessorImpl.java:0, took 378.320991 ms
[2025-08-18T04:15:33.406+0000] {spark_submit.py:579} INFO - table live_rapid has been loaded
[2025-08-18T04:15:33.550+0000] {spark_submit.py:579} INFO - 25/08/18 04:15:33 INFO SparkContext: Starting job: jdbc at NativeMethodAccessorImpl.java:0
[2025-08-18T04:15:33.551+0000] {spark_submit.py:579} INFO - 25/08/18 04:15:33 INFO DAGScheduler: Got job 2 (jdbc at NativeMethodAccessorImpl.java:0) with 2 output partitions
[2025-08-18T04:15:33.553+0000] {spark_submit.py:579} INFO - 25/08/18 04:15:33 INFO DAGScheduler: Final stage: ResultStage 2 (jdbc at NativeMethodAccessorImpl.java:0)
[2025-08-18T04:15:33.554+0000] {spark_submit.py:579} INFO - 25/08/18 04:15:33 INFO DAGScheduler: Parents of final stage: List()
[2025-08-18T04:15:33.554+0000] {spark_submit.py:579} INFO - 25/08/18 04:15:33 INFO DAGScheduler: Missing parents: List()
[2025-08-18T04:15:33.555+0000] {spark_submit.py:579} INFO - 25/08/18 04:15:33 INFO DAGScheduler: Submitting ResultStage 2 (MapPartitionsRDD[66] at jdbc at NativeMethodAccessorImpl.java:0), which has no missing parents
[2025-08-18T04:15:33.557+0000] {spark_submit.py:579} INFO - 25/08/18 04:15:33 INFO MemoryStore: Block broadcast_2 stored as values in memory (estimated size 33.8 KiB, free 434.3 MiB)
[2025-08-18T04:15:33.564+0000] {spark_submit.py:579} INFO - 25/08/18 04:15:33 INFO MemoryStore: Block broadcast_2_piece0 stored as bytes in memory (estimated size 14.5 KiB, free 434.3 MiB)
[2025-08-18T04:15:33.567+0000] {spark_submit.py:579} INFO - 25/08/18 04:15:33 INFO SparkContext: Created broadcast 2 from broadcast at DAGScheduler.scala:1676
[2025-08-18T04:15:33.568+0000] {spark_submit.py:579} INFO - 25/08/18 04:15:33 INFO DAGScheduler: Submitting 2 missing tasks from ResultStage 2 (MapPartitionsRDD[66] at jdbc at NativeMethodAccessorImpl.java:0) (first 15 tasks are for partitions Vector(0, 1))
[2025-08-18T04:15:33.570+0000] {spark_submit.py:579} INFO - 25/08/18 04:15:33 INFO TaskSchedulerImpl: Adding task set 2.0 with 2 tasks resource profile 0
[2025-08-18T04:15:33.572+0000] {spark_submit.py:579} INFO - 25/08/18 04:15:33 INFO TaskSetManager: Starting task 0.0 in stage 2.0 (TID 4) (172.18.0.5,executor 0, partition 0, PROCESS_LOCAL, 18077 bytes)
[2025-08-18T04:15:33.572+0000] {spark_submit.py:579} INFO - 25/08/18 04:15:33 INFO TaskSetManager: Starting task 1.0 in stage 2.0 (TID 5) (172.18.0.5,executor 0, partition 1, PROCESS_LOCAL, 18133 bytes)
[2025-08-18T04:15:33.870+0000] {spark_submit.py:579} INFO - 25/08/18 04:15:33 INFO TaskSetManager: Finished task 1.0 in stage 2.0 (TID 5) in 299 ms on 172.18.0.5 (executor 0) (1/2)
[2025-08-18T04:15:33.871+0000] {spark_submit.py:579} INFO - 25/08/18 04:15:33 INFO TaskSetManager: Finished task 0.0 in stage 2.0 (TID 4) in 300 ms on 172.18.0.5 (executor 0) (2/2)
[2025-08-18T04:15:33.872+0000] {spark_submit.py:579} INFO - 25/08/18 04:15:33 INFO TaskSchedulerImpl: Removed TaskSet 2.0 whose tasks have all completed, from pool
[2025-08-18T04:15:33.875+0000] {spark_submit.py:579} INFO - 25/08/18 04:15:33 INFO DAGScheduler: ResultStage 2 (jdbc at NativeMethodAccessorImpl.java:0) finished in 319 ms
[2025-08-18T04:15:33.876+0000] {spark_submit.py:579} INFO - 25/08/18 04:15:33 INFO DAGScheduler: Job 2 is finished. Cancelling potential speculative or zombie tasks for this job
[2025-08-18T04:15:33.877+0000] {spark_submit.py:579} INFO - 25/08/18 04:15:33 INFO TaskSchedulerImpl: Canceling stage 2
[2025-08-18T04:15:33.877+0000] {spark_submit.py:579} INFO - 25/08/18 04:15:33 INFO TaskSchedulerImpl: Killing all running tasks in stage 2: Stage finished
[2025-08-18T04:15:33.878+0000] {spark_submit.py:579} INFO - 25/08/18 04:15:33 INFO DAGScheduler: Job 2 finished: jdbc at NativeMethodAccessorImpl.java:0, took 324.533048 ms
[2025-08-18T04:15:33.959+0000] {spark_submit.py:579} INFO - table live_blitz has been loaded
[2025-08-18T04:15:34.110+0000] {spark_submit.py:579} INFO - 25/08/18 04:15:34 INFO SparkContext: Starting job: jdbc at NativeMethodAccessorImpl.java:0
[2025-08-18T04:15:34.111+0000] {spark_submit.py:579} INFO - 25/08/18 04:15:34 INFO DAGScheduler: Got job 3 (jdbc at NativeMethodAccessorImpl.java:0) with 2 output partitions
[2025-08-18T04:15:34.114+0000] {spark_submit.py:579} INFO - 25/08/18 04:15:34 INFO DAGScheduler: Final stage: ResultStage 3 (jdbc at NativeMethodAccessorImpl.java:0)
[2025-08-18T04:15:34.115+0000] {spark_submit.py:579} INFO - 25/08/18 04:15:34 INFO DAGScheduler: Parents of final stage: List()
[2025-08-18T04:15:34.116+0000] {spark_submit.py:579} INFO - 25/08/18 04:15:34 INFO DAGScheduler: Missing parents: List()
[2025-08-18T04:15:34.116+0000] {spark_submit.py:579} INFO - 25/08/18 04:15:34 INFO DAGScheduler: Submitting ResultStage 3 (MapPartitionsRDD[70] at jdbc at NativeMethodAccessorImpl.java:0), which has no missing parents
[2025-08-18T04:15:34.118+0000] {spark_submit.py:579} INFO - 25/08/18 04:15:34 INFO MemoryStore: Block broadcast_3 stored as values in memory (estimated size 33.8 KiB, free 434.3 MiB)
[2025-08-18T04:15:34.125+0000] {spark_submit.py:579} INFO - 25/08/18 04:15:34 INFO MemoryStore: Block broadcast_3_piece0 stored as bytes in memory (estimated size 14.5 KiB, free 434.3 MiB)
[2025-08-18T04:15:34.134+0000] {spark_submit.py:579} INFO - 25/08/18 04:15:34 INFO SparkContext: Created broadcast 3 from broadcast at DAGScheduler.scala:1676
[2025-08-18T04:15:34.135+0000] {spark_submit.py:579} INFO - 25/08/18 04:15:34 INFO DAGScheduler: Submitting 2 missing tasks from ResultStage 3 (MapPartitionsRDD[70] at jdbc at NativeMethodAccessorImpl.java:0) (first 15 tasks are for partitions Vector(0, 1))
[2025-08-18T04:15:34.139+0000] {spark_submit.py:579} INFO - 25/08/18 04:15:34 INFO TaskSchedulerImpl: Adding task set 3.0 with 2 tasks resource profile 0
[2025-08-18T04:15:34.157+0000] {spark_submit.py:579} INFO - 25/08/18 04:15:34 INFO TaskSetManager: Starting task 0.0 in stage 3.0 (TID 6) (172.18.0.5,executor 0, partition 0, PROCESS_LOCAL, 18140 bytes)
[2025-08-18T04:15:34.164+0000] {spark_submit.py:579} INFO - 25/08/18 04:15:34 INFO TaskSetManager: Starting task 1.0 in stage 3.0 (TID 7) (172.18.0.5,executor 0, partition 1, PROCESS_LOCAL, 17979 bytes)
[2025-08-18T04:15:34.466+0000] {spark_submit.py:579} INFO - 25/08/18 04:15:34 INFO TaskSetManager: Finished task 1.0 in stage 3.0 (TID 7) in 323 ms on 172.18.0.5 (executor 0) (1/2)
[2025-08-18T04:15:34.469+0000] {spark_submit.py:579} INFO - 25/08/18 04:15:34 INFO TaskSetManager: Finished task 0.0 in stage 3.0 (TID 6) in 327 ms on 172.18.0.5 (executor 0) (2/2)
[2025-08-18T04:15:34.472+0000] {spark_submit.py:579} INFO - 25/08/18 04:15:34 INFO TaskSchedulerImpl: Removed TaskSet 3.0 whose tasks have all completed, from pool
[2025-08-18T04:15:34.473+0000] {spark_submit.py:579} INFO - 25/08/18 04:15:34 INFO DAGScheduler: ResultStage 3 (jdbc at NativeMethodAccessorImpl.java:0) finished in 356 ms
[2025-08-18T04:15:34.474+0000] {spark_submit.py:579} INFO - 25/08/18 04:15:34 INFO DAGScheduler: Job 3 is finished. Cancelling potential speculative or zombie tasks for this job
[2025-08-18T04:15:34.474+0000] {spark_submit.py:579} INFO - 25/08/18 04:15:34 INFO TaskSchedulerImpl: Canceling stage 3
[2025-08-18T04:15:34.477+0000] {spark_submit.py:579} INFO - 25/08/18 04:15:34 INFO TaskSchedulerImpl: Killing all running tasks in stage 3: Stage finished
[2025-08-18T04:15:34.479+0000] {spark_submit.py:579} INFO - 25/08/18 04:15:34 INFO DAGScheduler: Job 3 finished: jdbc at NativeMethodAccessorImpl.java:0, took 360.618654 ms
[2025-08-18T04:15:34.552+0000] {spark_submit.py:579} INFO - table live_bullet has been loaded
[2025-08-18T04:15:34.669+0000] {spark_submit.py:579} INFO - 25/08/18 04:15:34 INFO CodeGenerator: Code generated in 31.822105 ms
[2025-08-18T04:15:34.693+0000] {spark_submit.py:579} INFO - 25/08/18 04:15:34 INFO SparkContext: Starting job: jdbc at NativeMethodAccessorImpl.java:0
[2025-08-18T04:15:34.699+0000] {spark_submit.py:579} INFO - 25/08/18 04:15:34 INFO DAGScheduler: Got job 4 (jdbc at NativeMethodAccessorImpl.java:0) with 2 output partitions
[2025-08-18T04:15:34.699+0000] {spark_submit.py:579} INFO - 25/08/18 04:15:34 INFO DAGScheduler: Final stage: ResultStage 4 (jdbc at NativeMethodAccessorImpl.java:0)
[2025-08-18T04:15:34.700+0000] {spark_submit.py:579} INFO - 25/08/18 04:15:34 INFO DAGScheduler: Parents of final stage: List()
[2025-08-18T04:15:34.700+0000] {spark_submit.py:579} INFO - 25/08/18 04:15:34 INFO DAGScheduler: Missing parents: List()
[2025-08-18T04:15:34.701+0000] {spark_submit.py:579} INFO - 25/08/18 04:15:34 INFO DAGScheduler: Submitting ResultStage 4 (MapPartitionsRDD[74] at jdbc at NativeMethodAccessorImpl.java:0), which has no missing parents
[2025-08-18T04:15:34.701+0000] {spark_submit.py:579} INFO - 25/08/18 04:15:34 INFO MemoryStore: Block broadcast_4 stored as values in memory (estimated size 28.0 KiB, free 434.3 MiB)
[2025-08-18T04:15:34.704+0000] {spark_submit.py:579} INFO - 25/08/18 04:15:34 INFO MemoryStore: Block broadcast_4_piece0 stored as bytes in memory (estimated size 12.5 KiB, free 434.3 MiB)
[2025-08-18T04:15:34.709+0000] {spark_submit.py:579} INFO - 25/08/18 04:15:34 INFO SparkContext: Created broadcast 4 from broadcast at DAGScheduler.scala:1676
[2025-08-18T04:15:34.712+0000] {spark_submit.py:579} INFO - 25/08/18 04:15:34 INFO DAGScheduler: Submitting 2 missing tasks from ResultStage 4 (MapPartitionsRDD[74] at jdbc at NativeMethodAccessorImpl.java:0) (first 15 tasks are for partitions Vector(0, 1))
[2025-08-18T04:15:34.712+0000] {spark_submit.py:579} INFO - 25/08/18 04:15:34 INFO TaskSchedulerImpl: Adding task set 4.0 with 2 tasks resource profile 0
[2025-08-18T04:15:34.714+0000] {spark_submit.py:579} INFO - 25/08/18 04:15:34 INFO TaskSetManager: Starting task 0.0 in stage 4.0 (TID 8) (172.18.0.5,executor 0, partition 0, PROCESS_LOCAL, 9868 bytes)
[2025-08-18T04:15:34.715+0000] {spark_submit.py:579} INFO - 25/08/18 04:15:34 INFO TaskSetManager: Starting task 1.0 in stage 4.0 (TID 9) (172.18.0.5,executor 0, partition 1, PROCESS_LOCAL, 10002 bytes)
[2025-08-18T04:15:35.097+0000] {spark_submit.py:579} INFO - 25/08/18 04:15:35 INFO TaskSetManager: Finished task 0.0 in stage 4.0 (TID 8) in 383 ms on 172.18.0.5 (executor 0) (1/2)
[2025-08-18T04:15:35.161+0000] {spark_submit.py:579} INFO - 25/08/18 04:15:35 INFO TaskSetManager: Finished task 1.0 in stage 4.0 (TID 9) in 447 ms on 172.18.0.5 (executor 0) (2/2)
[2025-08-18T04:15:35.162+0000] {spark_submit.py:579} INFO - 25/08/18 04:15:35 INFO TaskSchedulerImpl: Removed TaskSet 4.0 whose tasks have all completed, from pool
[2025-08-18T04:15:35.163+0000] {spark_submit.py:579} INFO - 25/08/18 04:15:35 INFO DAGScheduler: ResultStage 4 (jdbc at NativeMethodAccessorImpl.java:0) finished in 465 ms
[2025-08-18T04:15:35.163+0000] {spark_submit.py:579} INFO - 25/08/18 04:15:35 INFO DAGScheduler: Job 4 is finished. Cancelling potential speculative or zombie tasks for this job
[2025-08-18T04:15:35.163+0000] {spark_submit.py:579} INFO - 25/08/18 04:15:35 INFO TaskSchedulerImpl: Canceling stage 4
[2025-08-18T04:15:35.164+0000] {spark_submit.py:579} INFO - 25/08/18 04:15:35 INFO TaskSchedulerImpl: Killing all running tasks in stage 4: Stage finished
[2025-08-18T04:15:35.164+0000] {spark_submit.py:579} INFO - 25/08/18 04:15:35 INFO DAGScheduler: Job 4 finished: jdbc at NativeMethodAccessorImpl.java:0, took 476.65034 ms
[2025-08-18T04:15:35.240+0000] {spark_submit.py:579} INFO - table kue_daily has been loaded
[2025-08-18T04:15:35.399+0000] {spark_submit.py:579} INFO - 25/08/18 04:15:35 INFO CodeGenerator: Code generated in 26.904972 ms
[2025-08-18T04:15:35.429+0000] {spark_submit.py:579} INFO - 25/08/18 04:15:35 INFO SparkContext: Starting job: jdbc at NativeMethodAccessorImpl.java:0
[2025-08-18T04:15:35.433+0000] {spark_submit.py:579} INFO - 25/08/18 04:15:35 INFO DAGScheduler: Got job 5 (jdbc at NativeMethodAccessorImpl.java:0) with 2 output partitions
[2025-08-18T04:15:35.438+0000] {spark_submit.py:579} INFO - 25/08/18 04:15:35 INFO DAGScheduler: Final stage: ResultStage 5 (jdbc at NativeMethodAccessorImpl.java:0)
[2025-08-18T04:15:35.440+0000] {spark_submit.py:579} INFO - 25/08/18 04:15:35 INFO DAGScheduler: Parents of final stage: List()
[2025-08-18T04:15:35.442+0000] {spark_submit.py:579} INFO - 25/08/18 04:15:35 INFO DAGScheduler: Missing parents: List()
[2025-08-18T04:15:35.443+0000] {spark_submit.py:579} INFO - 25/08/18 04:15:35 INFO DAGScheduler: Submitting ResultStage 5 (MapPartitionsRDD[78] at jdbc at NativeMethodAccessorImpl.java:0), which has no missing parents
[2025-08-18T04:15:35.444+0000] {spark_submit.py:579} INFO - 25/08/18 04:15:35 INFO MemoryStore: Block broadcast_5 stored as values in memory (estimated size 27.1 KiB, free 434.3 MiB)
[2025-08-18T04:15:35.445+0000] {spark_submit.py:579} INFO - 25/08/18 04:15:35 INFO MemoryStore: Block broadcast_5_piece0 stored as bytes in memory (estimated size 12.4 KiB, free 434.3 MiB)
[2025-08-18T04:15:35.448+0000] {spark_submit.py:579} INFO - 25/08/18 04:15:35 INFO SparkContext: Created broadcast 5 from broadcast at DAGScheduler.scala:1676
[2025-08-18T04:15:35.450+0000] {spark_submit.py:579} INFO - 25/08/18 04:15:35 INFO DAGScheduler: Submitting 2 missing tasks from ResultStage 5 (MapPartitionsRDD[78] at jdbc at NativeMethodAccessorImpl.java:0) (first 15 tasks are for partitions Vector(0, 1))
[2025-08-18T04:15:35.450+0000] {spark_submit.py:579} INFO - 25/08/18 04:15:35 INFO TaskSchedulerImpl: Adding task set 5.0 with 2 tasks resource profile 0
[2025-08-18T04:15:35.452+0000] {spark_submit.py:579} INFO - 25/08/18 04:15:35 INFO TaskSetManager: Starting task 0.0 in stage 5.0 (TID 10) (172.18.0.5,executor 0, partition 0, PROCESS_LOCAL, 9868 bytes)
[2025-08-18T04:15:35.454+0000] {spark_submit.py:579} INFO - 25/08/18 04:15:35 INFO TaskSetManager: Starting task 1.0 in stage 5.0 (TID 11) (172.18.0.5,executor 0, partition 1, PROCESS_LOCAL, 10001 bytes)
[2025-08-18T04:15:35.803+0000] {spark_submit.py:579} INFO - 25/08/18 04:15:35 INFO TaskSetManager: Finished task 0.0 in stage 5.0 (TID 10) in 351 ms on 172.18.0.5 (executor 0) (1/2)
[2025-08-18T04:15:35.846+0000] {spark_submit.py:579} INFO - 25/08/18 04:15:35 INFO TaskSetManager: Finished task 1.0 in stage 5.0 (TID 11) in 393 ms on 172.18.0.5 (executor 0) (2/2)
[2025-08-18T04:15:35.847+0000] {spark_submit.py:579} INFO - 25/08/18 04:15:35 INFO TaskSchedulerImpl: Removed TaskSet 5.0 whose tasks have all completed, from pool
[2025-08-18T04:15:35.847+0000] {spark_submit.py:579} INFO - 25/08/18 04:15:35 INFO DAGScheduler: ResultStage 5 (jdbc at NativeMethodAccessorImpl.java:0) finished in 411 ms
[2025-08-18T04:15:35.847+0000] {spark_submit.py:579} INFO - 25/08/18 04:15:35 INFO DAGScheduler: Job 5 is finished. Cancelling potential speculative or zombie tasks for this job
[2025-08-18T04:15:35.848+0000] {spark_submit.py:579} INFO - 25/08/18 04:15:35 INFO TaskSchedulerImpl: Canceling stage 5
[2025-08-18T04:15:35.848+0000] {spark_submit.py:579} INFO - 25/08/18 04:15:35 INFO TaskSchedulerImpl: Killing all running tasks in stage 5: Stage finished
[2025-08-18T04:15:35.849+0000] {spark_submit.py:579} INFO - 25/08/18 04:15:35 INFO DAGScheduler: Job 5 finished: jdbc at NativeMethodAccessorImpl.java:0, took 419.072018 ms
[2025-08-18T04:15:35.913+0000] {spark_submit.py:579} INFO - table kue_rapid has been loaded
[2025-08-18T04:15:36.011+0000] {spark_submit.py:579} INFO - 25/08/18 04:15:36 INFO SparkContext: Starting job: jdbc at NativeMethodAccessorImpl.java:0
[2025-08-18T04:15:36.012+0000] {spark_submit.py:579} INFO - 25/08/18 04:15:36 INFO DAGScheduler: Got job 6 (jdbc at NativeMethodAccessorImpl.java:0) with 2 output partitions
[2025-08-18T04:15:36.012+0000] {spark_submit.py:579} INFO - 25/08/18 04:15:36 INFO DAGScheduler: Final stage: ResultStage 6 (jdbc at NativeMethodAccessorImpl.java:0)
[2025-08-18T04:15:36.013+0000] {spark_submit.py:579} INFO - 25/08/18 04:15:36 INFO DAGScheduler: Parents of final stage: List()
[2025-08-18T04:15:36.013+0000] {spark_submit.py:579} INFO - 25/08/18 04:15:36 INFO DAGScheduler: Missing parents: List()
[2025-08-18T04:15:36.013+0000] {spark_submit.py:579} INFO - 25/08/18 04:15:36 INFO DAGScheduler: Submitting ResultStage 6 (MapPartitionsRDD[82] at jdbc at NativeMethodAccessorImpl.java:0), which has no missing parents
[2025-08-18T04:15:36.016+0000] {spark_submit.py:579} INFO - 25/08/18 04:15:36 INFO MemoryStore: Block broadcast_6 stored as values in memory (estimated size 27.1 KiB, free 434.2 MiB)
[2025-08-18T04:15:36.028+0000] {spark_submit.py:579} INFO - 25/08/18 04:15:36 INFO MemoryStore: Block broadcast_6_piece0 stored as bytes in memory (estimated size 12.4 KiB, free 434.3 MiB)
[2025-08-18T04:15:36.031+0000] {spark_submit.py:579} INFO - 25/08/18 04:15:36 INFO SparkContext: Created broadcast 6 from broadcast at DAGScheduler.scala:1676
[2025-08-18T04:15:36.033+0000] {spark_submit.py:579} INFO - 25/08/18 04:15:36 INFO DAGScheduler: Submitting 2 missing tasks from ResultStage 6 (MapPartitionsRDD[82] at jdbc at NativeMethodAccessorImpl.java:0) (first 15 tasks are for partitions Vector(0, 1))
[2025-08-18T04:15:36.034+0000] {spark_submit.py:579} INFO - 25/08/18 04:15:36 INFO TaskSchedulerImpl: Adding task set 6.0 with 2 tasks resource profile 0
[2025-08-18T04:15:36.035+0000] {spark_submit.py:579} INFO - 25/08/18 04:15:36 INFO TaskSetManager: Starting task 0.0 in stage 6.0 (TID 12) (172.18.0.5,executor 0, partition 0, PROCESS_LOCAL, 9868 bytes)
[2025-08-18T04:15:36.035+0000] {spark_submit.py:579} INFO - 25/08/18 04:15:36 INFO TaskSetManager: Starting task 1.0 in stage 6.0 (TID 13) (172.18.0.5,executor 0, partition 1, PROCESS_LOCAL, 10001 bytes)
[2025-08-18T04:15:36.284+0000] {spark_submit.py:579} INFO - 25/08/18 04:15:36 INFO TaskSetManager: Finished task 0.0 in stage 6.0 (TID 12) in 249 ms on 172.18.0.5 (executor 0) (1/2)
[2025-08-18T04:15:36.327+0000] {spark_submit.py:579} INFO - 25/08/18 04:15:36 INFO TaskSetManager: Finished task 1.0 in stage 6.0 (TID 13) in 291 ms on 172.18.0.5 (executor 0) (2/2)
[2025-08-18T04:15:36.328+0000] {spark_submit.py:579} INFO - 25/08/18 04:15:36 INFO TaskSchedulerImpl: Removed TaskSet 6.0 whose tasks have all completed, from pool
[2025-08-18T04:15:36.329+0000] {spark_submit.py:579} INFO - 25/08/18 04:15:36 INFO DAGScheduler: ResultStage 6 (jdbc at NativeMethodAccessorImpl.java:0) finished in 315 ms
[2025-08-18T04:15:36.330+0000] {spark_submit.py:579} INFO - 25/08/18 04:15:36 INFO DAGScheduler: Job 6 is finished. Cancelling potential speculative or zombie tasks for this job
[2025-08-18T04:15:36.331+0000] {spark_submit.py:579} INFO - 25/08/18 04:15:36 INFO TaskSchedulerImpl: Canceling stage 6
[2025-08-18T04:15:36.333+0000] {spark_submit.py:579} INFO - 25/08/18 04:15:36 INFO TaskSchedulerImpl: Killing all running tasks in stage 6: Stage finished
[2025-08-18T04:15:36.334+0000] {spark_submit.py:579} INFO - 25/08/18 04:15:36 INFO DAGScheduler: Job 6 finished: jdbc at NativeMethodAccessorImpl.java:0, took 319.432806 ms
[2025-08-18T04:15:36.395+0000] {spark_submit.py:579} INFO - table kue_blitz has been loaded
[2025-08-18T04:15:36.497+0000] {spark_submit.py:579} INFO - 25/08/18 04:15:36 INFO CodeGenerator: Code generated in 18.721085 ms
[2025-08-18T04:15:36.518+0000] {spark_submit.py:579} INFO - 25/08/18 04:15:36 INFO SparkContext: Starting job: jdbc at NativeMethodAccessorImpl.java:0
[2025-08-18T04:15:36.520+0000] {spark_submit.py:579} INFO - 25/08/18 04:15:36 INFO DAGScheduler: Got job 7 (jdbc at NativeMethodAccessorImpl.java:0) with 2 output partitions
[2025-08-18T04:15:36.521+0000] {spark_submit.py:579} INFO - 25/08/18 04:15:36 INFO DAGScheduler: Final stage: ResultStage 7 (jdbc at NativeMethodAccessorImpl.java:0)
[2025-08-18T04:15:36.522+0000] {spark_submit.py:579} INFO - 25/08/18 04:15:36 INFO DAGScheduler: Parents of final stage: List()
[2025-08-18T04:15:36.525+0000] {spark_submit.py:579} INFO - 25/08/18 04:15:36 INFO DAGScheduler: Missing parents: List()
[2025-08-18T04:15:36.526+0000] {spark_submit.py:579} INFO - 25/08/18 04:15:36 INFO DAGScheduler: Submitting ResultStage 7 (MapPartitionsRDD[86] at jdbc at NativeMethodAccessorImpl.java:0), which has no missing parents
[2025-08-18T04:15:36.526+0000] {spark_submit.py:579} INFO - 25/08/18 04:15:36 INFO MemoryStore: Block broadcast_7 stored as values in memory (estimated size 25.7 KiB, free 434.4 MiB)
[2025-08-18T04:15:36.538+0000] {spark_submit.py:579} INFO - 25/08/18 04:15:36 INFO MemoryStore: Block broadcast_7_piece0 stored as bytes in memory (estimated size 12.0 KiB, free 434.4 MiB)
[2025-08-18T04:15:36.547+0000] {spark_submit.py:579} INFO - 25/08/18 04:15:36 INFO SparkContext: Created broadcast 7 from broadcast at DAGScheduler.scala:1676
[2025-08-18T04:15:36.551+0000] {spark_submit.py:579} INFO - 25/08/18 04:15:36 INFO DAGScheduler: Submitting 2 missing tasks from ResultStage 7 (MapPartitionsRDD[86] at jdbc at NativeMethodAccessorImpl.java:0) (first 15 tasks are for partitions Vector(0, 1))
[2025-08-18T04:15:36.558+0000] {spark_submit.py:579} INFO - 25/08/18 04:15:36 INFO TaskSchedulerImpl: Adding task set 7.0 with 2 tasks resource profile 0
[2025-08-18T04:15:36.558+0000] {spark_submit.py:579} INFO - 25/08/18 04:15:36 INFO TaskSetManager: Starting task 0.0 in stage 7.0 (TID 14) (172.18.0.5,executor 0, partition 0, PROCESS_LOCAL, 9868 bytes)
[2025-08-18T04:15:36.560+0000] {spark_submit.py:579} INFO - 25/08/18 04:15:36 INFO TaskSetManager: Starting task 1.0 in stage 7.0 (TID 15) (172.18.0.5,executor 0, partition 1, PROCESS_LOCAL, 9927 bytes)
[2025-08-18T04:15:36.887+0000] {spark_submit.py:579} INFO - 25/08/18 04:15:36 INFO TaskSetManager: Finished task 0.0 in stage 7.0 (TID 14) in 343 ms on 172.18.0.5 (executor 0) (1/2)
[2025-08-18T04:15:36.969+0000] {spark_submit.py:579} INFO - 25/08/18 04:15:36 INFO TaskSetManager: Finished task 1.0 in stage 7.0 (TID 15) in 425 ms on 172.18.0.5 (executor 0) (2/2)
[2025-08-18T04:15:36.971+0000] {spark_submit.py:579} INFO - 25/08/18 04:15:36 INFO TaskSchedulerImpl: Removed TaskSet 7.0 whose tasks have all completed, from pool
[2025-08-18T04:15:36.972+0000] {spark_submit.py:579} INFO - 25/08/18 04:15:36 INFO DAGScheduler: ResultStage 7 (jdbc at NativeMethodAccessorImpl.java:0) finished in 449 ms
[2025-08-18T04:15:36.973+0000] {spark_submit.py:579} INFO - 25/08/18 04:15:36 INFO DAGScheduler: Job 7 is finished. Cancelling potential speculative or zombie tasks for this job
[2025-08-18T04:15:36.974+0000] {spark_submit.py:579} INFO - 25/08/18 04:15:36 INFO TaskSchedulerImpl: Canceling stage 7
[2025-08-18T04:15:36.980+0000] {spark_submit.py:579} INFO - 25/08/18 04:15:36 INFO TaskSchedulerImpl: Killing all running tasks in stage 7: Stage finished
[2025-08-18T04:15:36.982+0000] {spark_submit.py:579} INFO - 25/08/18 04:15:36 INFO DAGScheduler: Job 7 finished: jdbc at NativeMethodAccessorImpl.java:0, took 452.837015 ms
[2025-08-18T04:15:37.054+0000] {spark_submit.py:579} INFO - table kue_bullet has been loaded
[2025-08-18T04:15:37.158+0000] {spark_submit.py:579} INFO - 25/08/18 04:15:37 INFO CodeGenerator: Code generated in 20.954691 ms
[2025-08-18T04:15:37.177+0000] {spark_submit.py:579} INFO - 25/08/18 04:15:37 INFO SparkContext: Starting job: jdbc at NativeMethodAccessorImpl.java:0
[2025-08-18T04:15:37.178+0000] {spark_submit.py:579} INFO - 25/08/18 04:15:37 INFO DAGScheduler: Got job 8 (jdbc at NativeMethodAccessorImpl.java:0) with 2 output partitions
[2025-08-18T04:15:37.184+0000] {spark_submit.py:579} INFO - 25/08/18 04:15:37 INFO DAGScheduler: Final stage: ResultStage 8 (jdbc at NativeMethodAccessorImpl.java:0)
[2025-08-18T04:15:37.185+0000] {spark_submit.py:579} INFO - 25/08/18 04:15:37 INFO DAGScheduler: Parents of final stage: List()
[2025-08-18T04:15:37.185+0000] {spark_submit.py:579} INFO - 25/08/18 04:15:37 INFO DAGScheduler: Missing parents: List()
[2025-08-18T04:15:37.186+0000] {spark_submit.py:579} INFO - 25/08/18 04:15:37 INFO DAGScheduler: Submitting ResultStage 8 (MapPartitionsRDD[90] at jdbc at NativeMethodAccessorImpl.java:0), which has no missing parents
[2025-08-18T04:15:37.187+0000] {spark_submit.py:579} INFO - 25/08/18 04:15:37 INFO MemoryStore: Block broadcast_8 stored as values in memory (estimated size 25.3 KiB, free 434.3 MiB)
[2025-08-18T04:15:37.190+0000] {spark_submit.py:579} INFO - 25/08/18 04:15:37 INFO MemoryStore: Block broadcast_8_piece0 stored as bytes in memory (estimated size 12.0 KiB, free 434.3 MiB)
[2025-08-18T04:15:37.198+0000] {spark_submit.py:579} INFO - 25/08/18 04:15:37 INFO SparkContext: Created broadcast 8 from broadcast at DAGScheduler.scala:1676
[2025-08-18T04:15:37.200+0000] {spark_submit.py:579} INFO - 25/08/18 04:15:37 INFO DAGScheduler: Submitting 2 missing tasks from ResultStage 8 (MapPartitionsRDD[90] at jdbc at NativeMethodAccessorImpl.java:0) (first 15 tasks are for partitions Vector(0, 1))
[2025-08-18T04:15:37.201+0000] {spark_submit.py:579} INFO - 25/08/18 04:15:37 INFO TaskSchedulerImpl: Adding task set 8.0 with 2 tasks resource profile 0
[2025-08-18T04:15:37.202+0000] {spark_submit.py:579} INFO - 25/08/18 04:15:37 INFO TaskSetManager: Starting task 0.0 in stage 8.0 (TID 16) (172.18.0.5,executor 0, partition 0, PROCESS_LOCAL, 9868 bytes)
[2025-08-18T04:15:37.203+0000] {spark_submit.py:579} INFO - 25/08/18 04:15:37 INFO TaskSetManager: Starting task 1.0 in stage 8.0 (TID 17) (172.18.0.5,executor 0, partition 1, PROCESS_LOCAL, 9946 bytes)
[2025-08-18T04:15:37.638+0000] {spark_submit.py:579} INFO - 25/08/18 04:15:37 INFO TaskSetManager: Finished task 0.0 in stage 8.0 (TID 16) in 437 ms on 172.18.0.5 (executor 0) (1/2)
[2025-08-18T04:15:37.723+0000] {spark_submit.py:579} INFO - 25/08/18 04:15:37 INFO TaskSetManager: Finished task 1.0 in stage 8.0 (TID 17) in 522 ms on 172.18.0.5 (executor 0) (2/2)
[2025-08-18T04:15:37.726+0000] {spark_submit.py:579} INFO - 25/08/18 04:15:37 INFO TaskSchedulerImpl: Removed TaskSet 8.0 whose tasks have all completed, from pool
[2025-08-18T04:15:37.728+0000] {spark_submit.py:579} INFO - 25/08/18 04:15:37 INFO DAGScheduler: ResultStage 8 (jdbc at NativeMethodAccessorImpl.java:0) finished in 544 ms
[2025-08-18T04:15:37.730+0000] {spark_submit.py:579} INFO - 25/08/18 04:15:37 INFO DAGScheduler: Job 8 is finished. Cancelling potential speculative or zombie tasks for this job
[2025-08-18T04:15:37.732+0000] {spark_submit.py:579} INFO - 25/08/18 04:15:37 INFO TaskSchedulerImpl: Canceling stage 8
[2025-08-18T04:15:37.734+0000] {spark_submit.py:579} INFO - 25/08/18 04:15:37 INFO TaskSchedulerImpl: Killing all running tasks in stage 8: Stage finished
[2025-08-18T04:15:37.736+0000] {spark_submit.py:579} INFO - 25/08/18 04:15:37 INFO DAGScheduler: Job 8 finished: jdbc at NativeMethodAccessorImpl.java:0, took 549.009262 ms
[2025-08-18T04:15:37.856+0000] {spark_submit.py:579} INFO - table kue_tactics has been loaded
[2025-08-18T04:15:37.939+0000] {spark_submit.py:579} INFO - 25/08/18 04:15:37 INFO CodeGenerator: Code generated in 9.406445 ms
[2025-08-18T04:15:37.956+0000] {spark_submit.py:579} INFO - 25/08/18 04:15:37 INFO SparkContext: Starting job: jdbc at NativeMethodAccessorImpl.java:0
[2025-08-18T04:15:37.958+0000] {spark_submit.py:579} INFO - 25/08/18 04:15:37 INFO DAGScheduler: Got job 9 (jdbc at NativeMethodAccessorImpl.java:0) with 2 output partitions
[2025-08-18T04:15:37.959+0000] {spark_submit.py:579} INFO - 25/08/18 04:15:37 INFO DAGScheduler: Final stage: ResultStage 9 (jdbc at NativeMethodAccessorImpl.java:0)
[2025-08-18T04:15:37.961+0000] {spark_submit.py:579} INFO - 25/08/18 04:15:37 INFO DAGScheduler: Parents of final stage: List()
[2025-08-18T04:15:37.961+0000] {spark_submit.py:579} INFO - 25/08/18 04:15:37 INFO DAGScheduler: Missing parents: List()
[2025-08-18T04:15:37.962+0000] {spark_submit.py:579} INFO - 25/08/18 04:15:37 INFO DAGScheduler: Submitting ResultStage 9 (MapPartitionsRDD[94] at jdbc at NativeMethodAccessorImpl.java:0), which has no missing parents
[2025-08-18T04:15:37.963+0000] {spark_submit.py:579} INFO - 25/08/18 04:15:37 INFO MemoryStore: Block broadcast_9 stored as values in memory (estimated size 23.6 KiB, free 434.3 MiB)
[2025-08-18T04:15:37.969+0000] {spark_submit.py:579} INFO - 25/08/18 04:15:37 INFO MemoryStore: Block broadcast_9_piece0 stored as bytes in memory (estimated size 11.4 KiB, free 434.3 MiB)
[2025-08-18T04:15:37.977+0000] {spark_submit.py:579} INFO - 25/08/18 04:15:37 INFO SparkContext: Created broadcast 9 from broadcast at DAGScheduler.scala:1676
[2025-08-18T04:15:37.978+0000] {spark_submit.py:579} INFO - 25/08/18 04:15:37 INFO DAGScheduler: Submitting 2 missing tasks from ResultStage 9 (MapPartitionsRDD[94] at jdbc at NativeMethodAccessorImpl.java:0) (first 15 tasks are for partitions Vector(0, 1))
[2025-08-18T04:15:37.984+0000] {spark_submit.py:579} INFO - 25/08/18 04:15:37 INFO TaskSchedulerImpl: Adding task set 9.0 with 2 tasks resource profile 0
[2025-08-18T04:15:37.985+0000] {spark_submit.py:579} INFO - 25/08/18 04:15:37 INFO TaskSetManager: Starting task 0.0 in stage 9.0 (TID 18) (172.18.0.5,executor 0, partition 0, PROCESS_LOCAL, 9868 bytes)
[2025-08-18T04:15:37.991+0000] {spark_submit.py:579} INFO - 25/08/18 04:15:37 INFO TaskSetManager: Starting task 1.0 in stage 9.0 (TID 19) (172.18.0.5,executor 0, partition 1, PROCESS_LOCAL, 9899 bytes)
[2025-08-18T04:15:38.456+0000] {spark_submit.py:579} INFO - 25/08/18 04:15:38 INFO TaskSetManager: Finished task 0.0 in stage 9.0 (TID 18) in 475 ms on 172.18.0.5 (executor 0) (1/2)
[2025-08-18T04:15:38.504+0000] {spark_submit.py:579} INFO - 25/08/18 04:15:38 INFO TaskSetManager: Finished task 1.0 in stage 9.0 (TID 19) in 523 ms on 172.18.0.5 (executor 0) (2/2)
[2025-08-18T04:15:38.511+0000] {spark_submit.py:579} INFO - 25/08/18 04:15:38 INFO TaskSchedulerImpl: Removed TaskSet 9.0 whose tasks have all completed, from pool
[2025-08-18T04:15:38.513+0000] {spark_submit.py:579} INFO - 25/08/18 04:15:38 INFO DAGScheduler: ResultStage 9 (jdbc at NativeMethodAccessorImpl.java:0) finished in 545 ms
[2025-08-18T04:15:38.514+0000] {spark_submit.py:579} INFO - 25/08/18 04:15:38 INFO DAGScheduler: Job 9 is finished. Cancelling potential speculative or zombie tasks for this job
[2025-08-18T04:15:38.515+0000] {spark_submit.py:579} INFO - 25/08/18 04:15:38 INFO TaskSchedulerImpl: Canceling stage 9
[2025-08-18T04:15:38.517+0000] {spark_submit.py:579} INFO - 25/08/18 04:15:38 INFO TaskSchedulerImpl: Killing all running tasks in stage 9: Stage finished
[2025-08-18T04:15:38.518+0000] {spark_submit.py:579} INFO - 25/08/18 04:15:38 INFO DAGScheduler: Job 9 finished: jdbc at NativeMethodAccessorImpl.java:0, took 550.197019 ms
[2025-08-18T04:15:38.578+0000] {spark_submit.py:579} INFO - table kue_puzzle_rush has been loaded
[2025-08-18T04:15:38.648+0000] {spark_submit.py:579} INFO - 25/08/18 04:15:38 INFO CodeGenerator: Code generated in 11.018221 ms
[2025-08-18T04:15:38.667+0000] {spark_submit.py:579} INFO - 25/08/18 04:15:38 INFO SparkContext: Starting job: jdbc at NativeMethodAccessorImpl.java:0
[2025-08-18T04:15:38.669+0000] {spark_submit.py:579} INFO - 25/08/18 04:15:38 INFO DAGScheduler: Got job 10 (jdbc at NativeMethodAccessorImpl.java:0) with 2 output partitions
[2025-08-18T04:15:38.669+0000] {spark_submit.py:579} INFO - 25/08/18 04:15:38 INFO DAGScheduler: Final stage: ResultStage 10 (jdbc at NativeMethodAccessorImpl.java:0)
[2025-08-18T04:15:38.671+0000] {spark_submit.py:579} INFO - 25/08/18 04:15:38 INFO DAGScheduler: Parents of final stage: List()
[2025-08-18T04:15:38.672+0000] {spark_submit.py:579} INFO - 25/08/18 04:15:38 INFO DAGScheduler: Missing parents: List()
[2025-08-18T04:15:38.675+0000] {spark_submit.py:579} INFO - 25/08/18 04:15:38 INFO DAGScheduler: Submitting ResultStage 10 (MapPartitionsRDD[98] at jdbc at NativeMethodAccessorImpl.java:0), which has no missing parents
[2025-08-18T04:15:38.677+0000] {spark_submit.py:579} INFO - 25/08/18 04:15:38 INFO MemoryStore: Block broadcast_10 stored as values in memory (estimated size 23.8 KiB, free 434.3 MiB)
[2025-08-18T04:15:38.682+0000] {spark_submit.py:579} INFO - 25/08/18 04:15:38 INFO MemoryStore: Block broadcast_10_piece0 stored as bytes in memory (estimated size 11.5 KiB, free 434.3 MiB)
[2025-08-18T04:15:38.685+0000] {spark_submit.py:579} INFO - 25/08/18 04:15:38 INFO SparkContext: Created broadcast 10 from broadcast at DAGScheduler.scala:1676
[2025-08-18T04:15:38.699+0000] {spark_submit.py:579} INFO - 25/08/18 04:15:38 INFO DAGScheduler: Submitting 2 missing tasks from ResultStage 10 (MapPartitionsRDD[98] at jdbc at NativeMethodAccessorImpl.java:0) (first 15 tasks are for partitions Vector(0, 1))
[2025-08-18T04:15:38.703+0000] {spark_submit.py:579} INFO - 25/08/18 04:15:38 INFO TaskSchedulerImpl: Adding task set 10.0 with 2 tasks resource profile 0
[2025-08-18T04:15:38.704+0000] {spark_submit.py:579} INFO - 25/08/18 04:15:38 INFO TaskSetManager: Starting task 0.0 in stage 10.0 (TID 20) (172.18.0.5,executor 0, partition 0, PROCESS_LOCAL, 12445 bytes)
[2025-08-18T04:15:38.705+0000] {spark_submit.py:579} INFO - 25/08/18 04:15:38 INFO TaskSetManager: Starting task 1.0 in stage 10.0 (TID 21) (172.18.0.5,executor 0, partition 1, PROCESS_LOCAL, 12657 bytes)
[2025-08-18T04:15:38.949+0000] {spark_submit.py:579} INFO - 25/08/18 04:15:38 INFO TaskSetManager: Finished task 0.0 in stage 10.0 (TID 20) in 257 ms on 172.18.0.5 (executor 0) (1/2)
[2025-08-18T04:15:38.962+0000] {spark_submit.py:579} INFO - 25/08/18 04:15:38 INFO TaskSetManager: Finished task 1.0 in stage 10.0 (TID 21) in 269 ms on 172.18.0.5 (executor 0) (2/2)
[2025-08-18T04:15:38.963+0000] {spark_submit.py:579} INFO - 25/08/18 04:15:38 INFO TaskSchedulerImpl: Removed TaskSet 10.0 whose tasks have all completed, from pool
[2025-08-18T04:15:38.963+0000] {spark_submit.py:579} INFO - 25/08/18 04:15:38 INFO DAGScheduler: ResultStage 10 (jdbc at NativeMethodAccessorImpl.java:0) finished in 292 ms
[2025-08-18T04:15:38.964+0000] {spark_submit.py:579} INFO - 25/08/18 04:15:38 INFO DAGScheduler: Job 10 is finished. Cancelling potential speculative or zombie tasks for this job
[2025-08-18T04:15:38.966+0000] {spark_submit.py:579} INFO - 25/08/18 04:15:38 INFO TaskSchedulerImpl: Canceling stage 10
[2025-08-18T04:15:38.967+0000] {spark_submit.py:579} INFO - 25/08/18 04:15:38 INFO TaskSchedulerImpl: Killing all running tasks in stage 10: Stage finished
[2025-08-18T04:15:38.967+0000] {spark_submit.py:579} INFO - 25/08/18 04:15:38 INFO DAGScheduler: Job 10 finished: jdbc at NativeMethodAccessorImpl.java:0, took 297.129652 ms
[2025-08-18T04:15:39.018+0000] {spark_submit.py:579} INFO - table country has been loaded
[2025-08-18T04:15:39.164+0000] {spark_submit.py:579} INFO - 25/08/18 04:15:39 INFO SparkContext: Invoking stop() from shutdown hook
[2025-08-18T04:15:39.165+0000] {spark_submit.py:579} INFO - 25/08/18 04:15:39 INFO SparkContext: SparkContext is stopping with exitCode 0 from run at Executors.java:539.
[2025-08-18T04:15:39.175+0000] {spark_submit.py:579} INFO - 25/08/18 04:15:39 INFO SparkUI: Stopped Spark web UI at http://81b7fe425a18:4040
[2025-08-18T04:15:39.181+0000] {spark_submit.py:579} INFO - 25/08/18 04:15:39 INFO StandaloneSchedulerBackend: Shutting down all executors
[2025-08-18T04:15:39.182+0000] {spark_submit.py:579} INFO - 25/08/18 04:15:39 INFO StandaloneSchedulerBackend$StandaloneDriverEndpoint: Asking each executor to shut down
[2025-08-18T04:15:39.199+0000] {spark_submit.py:579} INFO - 25/08/18 04:15:39 INFO MapOutputTrackerMasterEndpoint: MapOutputTrackerMasterEndpoint stopped!
[2025-08-18T04:15:39.229+0000] {spark_submit.py:579} INFO - 25/08/18 04:15:39 INFO MemoryStore: MemoryStore cleared
[2025-08-18T04:15:39.232+0000] {spark_submit.py:579} INFO - 25/08/18 04:15:39 INFO BlockManager: BlockManager stopped
[2025-08-18T04:15:39.234+0000] {spark_submit.py:579} INFO - 25/08/18 04:15:39 INFO BlockManagerMaster: BlockManagerMaster stopped
[2025-08-18T04:15:39.237+0000] {spark_submit.py:579} INFO - 25/08/18 04:15:39 INFO OutputCommitCoordinator$OutputCommitCoordinatorEndpoint: OutputCommitCoordinator stopped!
[2025-08-18T04:15:39.258+0000] {spark_submit.py:579} INFO - 25/08/18 04:15:39 INFO SparkContext: Successfully stopped SparkContext
[2025-08-18T04:15:39.258+0000] {spark_submit.py:579} INFO - 25/08/18 04:15:39 INFO ShutdownHookManager: Shutdown hook called
[2025-08-18T04:15:39.260+0000] {spark_submit.py:579} INFO - 25/08/18 04:15:39 INFO ShutdownHookManager: Deleting directory /tmp/spark-a1ca84b4-1784-433a-901d-434310027870/pyspark-84d79abb-1af3-4648-85a9-96a82b2ced1d
[2025-08-18T04:15:39.266+0000] {spark_submit.py:579} INFO - 25/08/18 04:15:39 INFO ShutdownHookManager: Deleting directory /tmp/spark-a1ca84b4-1784-433a-901d-434310027870
[2025-08-18T04:15:39.272+0000] {spark_submit.py:579} INFO - 25/08/18 04:15:39 INFO ShutdownHookManager: Deleting directory /opt/***/artifacts/spark-00d8b9b3-db39-449d-bcb0-5b5a49f5727a
[2025-08-18T04:15:39.282+0000] {spark_submit.py:579} INFO - 25/08/18 04:15:39 INFO ShutdownHookManager: Deleting directory /tmp/spark-0473ff3d-b6c3-4483-bb62-88da4c5041aa
[2025-08-18T04:15:39.342+0000] {taskinstance.py:1398} INFO - Marking task as SUCCESS. dag_id=sparking_flow, task_id=python_job, execution_date=20250818T041512, start_date=20250818T041515, end_date=20250818T041539
[2025-08-18T04:15:39.376+0000] {local_task_job_runner.py:228} INFO - Task exited with return code 0
[2025-08-18T04:15:39.401+0000] {taskinstance.py:2776} INFO - 1 downstream tasks scheduled from follow-on schedule check
