[2025-08-31T04:30:44.685+0000] {taskinstance.py:1157} INFO - Dependencies all met for dep_context=non-requeueable deps ti=<TaskInstance: sparking_flow.start scheduled__2025-08-30T22:00:00+00:00 [queued]>
[2025-08-31T04:30:44.741+0000] {taskinstance.py:1157} INFO - Dependencies all met for dep_context=requeueable deps ti=<TaskInstance: sparking_flow.start scheduled__2025-08-30T22:00:00+00:00 [queued]>
[2025-08-31T04:30:44.742+0000] {taskinstance.py:1359} INFO - Starting attempt 1 of 1
[2025-08-31T04:30:44.819+0000] {taskinstance.py:1380} INFO - Executing <Task(PythonOperator): start> on 2025-08-30 22:00:00+00:00
[2025-08-31T04:30:44.888+0000] {standard_task_runner.py:57} INFO - Started process 243 to run task
[2025-08-31T04:30:44.919+0000] {standard_task_runner.py:84} INFO - Running: ['***', 'tasks', 'run', 'sparking_flow', 'start', 'scheduled__2025-08-30T22:00:00+00:00', '--job-id', '82', '--raw', '--subdir', 'DAGS_FOLDER/spark_***.py', '--cfg-path', '/tmp/tmpshvjuqv5']
[2025-08-31T04:30:44.965+0000] {standard_task_runner.py:85} INFO - Job 82: Subtask start
[2025-08-31T04:30:45.902+0000] {task_command.py:415} INFO - Running <TaskInstance: sparking_flow.start scheduled__2025-08-30T22:00:00+00:00 [running]> on host 81b7fe425a18
[2025-08-31T04:30:46.753+0000] {taskinstance.py:1660} INFO - Exporting env vars: AIRFLOW_CTX_DAG_OWNER='Kudzaishe Manyanya' AIRFLOW_CTX_DAG_ID='sparking_flow' AIRFLOW_CTX_TASK_ID='start' AIRFLOW_CTX_EXECUTION_DATE='2025-08-30T22:00:00+00:00' AIRFLOW_CTX_TRY_NUMBER='1' AIRFLOW_CTX_DAG_RUN_ID='scheduled__2025-08-30T22:00:00+00:00'
[2025-08-31T04:30:46.851+0000] {logging_mixin.py:151} INFO - Jobs started
[2025-08-31T04:30:46.852+0000] {python.py:194} INFO - Done. Returned value was: None
[2025-08-31T04:30:47.000+0000] {taskinstance.py:1398} INFO - Marking task as SUCCESS. dag_id=sparking_flow, task_id=start, execution_date=20250830T220000, start_date=20250831T043044, end_date=20250831T043046
[2025-08-31T04:30:48.213+0000] {local_task_job_runner.py:228} INFO - Task exited with return code 0
[2025-08-31T04:30:48.722+0000] {taskinstance.py:2776} INFO - 0 downstream tasks scheduled from follow-on schedule check
[2025-08-31T05:06:38.905+0000] {taskinstance.py:1157} INFO - Dependencies all met for dep_context=non-requeueable deps ti=<TaskInstance: sparking_flow.start scheduled__2025-08-30T22:00:00+00:00 [queued]>
[2025-08-31T05:06:38.930+0000] {taskinstance.py:1157} INFO - Dependencies all met for dep_context=requeueable deps ti=<TaskInstance: sparking_flow.start scheduled__2025-08-30T22:00:00+00:00 [queued]>
[2025-08-31T05:06:38.932+0000] {taskinstance.py:1359} INFO - Starting attempt 1 of 1
[2025-08-31T05:06:38.994+0000] {taskinstance.py:1380} INFO - Executing <Task(PythonOperator): start> on 2025-08-30 22:00:00+00:00
[2025-08-31T05:06:39.009+0000] {standard_task_runner.py:57} INFO - Started process 282 to run task
[2025-08-31T05:06:39.020+0000] {standard_task_runner.py:84} INFO - Running: ['***', 'tasks', 'run', 'sparking_flow', 'start', 'scheduled__2025-08-30T22:00:00+00:00', '--job-id', '14', '--raw', '--subdir', 'DAGS_FOLDER/spark_***.py', '--cfg-path', '/tmp/tmpvdsurder']
[2025-08-31T05:06:39.024+0000] {standard_task_runner.py:85} INFO - Job 14: Subtask start
[2025-08-31T05:06:39.244+0000] {task_command.py:415} INFO - Running <TaskInstance: sparking_flow.start scheduled__2025-08-30T22:00:00+00:00 [running]> on host 80647ef95998
[2025-08-31T05:06:39.402+0000] {taskinstance.py:1660} INFO - Exporting env vars: AIRFLOW_CTX_DAG_OWNER='Kudzaishe Manyanya' AIRFLOW_CTX_DAG_ID='sparking_flow' AIRFLOW_CTX_TASK_ID='start' AIRFLOW_CTX_EXECUTION_DATE='2025-08-30T22:00:00+00:00' AIRFLOW_CTX_TRY_NUMBER='1' AIRFLOW_CTX_DAG_RUN_ID='scheduled__2025-08-30T22:00:00+00:00'
[2025-08-31T05:06:39.404+0000] {logging_mixin.py:151} INFO - Jobs started
[2025-08-31T05:06:39.405+0000] {python.py:194} INFO - Done. Returned value was: None
[2025-08-31T05:06:39.422+0000] {taskinstance.py:1398} INFO - Marking task as SUCCESS. dag_id=sparking_flow, task_id=start, execution_date=20250830T220000, start_date=20250831T050638, end_date=20250831T050639
[2025-08-31T05:06:39.479+0000] {local_task_job_runner.py:228} INFO - Task exited with return code 0
[2025-08-31T05:06:39.529+0000] {taskinstance.py:2776} INFO - 1 downstream tasks scheduled from follow-on schedule check
[2025-08-31T12:53:18.701+0000] {taskinstance.py:1157} INFO - Dependencies all met for dep_context=non-requeueable deps ti=<TaskInstance: sparking_flow.start scheduled__2025-08-30T22:00:00+00:00 [queued]>
[2025-08-31T12:53:18.724+0000] {taskinstance.py:1157} INFO - Dependencies all met for dep_context=requeueable deps ti=<TaskInstance: sparking_flow.start scheduled__2025-08-30T22:00:00+00:00 [queued]>
[2025-08-31T12:53:18.729+0000] {taskinstance.py:1359} INFO - Starting attempt 1 of 1
[2025-08-31T12:53:18.774+0000] {taskinstance.py:1380} INFO - Executing <Task(PythonOperator): start> on 2025-08-30 22:00:00+00:00
[2025-08-31T12:53:18.796+0000] {standard_task_runner.py:57} INFO - Started process 373 to run task
[2025-08-31T12:53:18.811+0000] {standard_task_runner.py:84} INFO - Running: ['***', 'tasks', 'run', 'sparking_flow', 'start', 'scheduled__2025-08-30T22:00:00+00:00', '--job-id', '13', '--raw', '--subdir', 'DAGS_FOLDER/spark_***.py', '--cfg-path', '/tmp/tmp8tu5enhb']
[2025-08-31T12:53:18.815+0000] {standard_task_runner.py:85} INFO - Job 13: Subtask start
[2025-08-31T12:53:19.090+0000] {task_command.py:415} INFO - Running <TaskInstance: sparking_flow.start scheduled__2025-08-30T22:00:00+00:00 [running]> on host f7da00c682c4
[2025-08-31T12:53:19.279+0000] {taskinstance.py:1660} INFO - Exporting env vars: AIRFLOW_CTX_DAG_OWNER='Kudzaishe Manyanya' AIRFLOW_CTX_DAG_ID='sparking_flow' AIRFLOW_CTX_TASK_ID='start' AIRFLOW_CTX_EXECUTION_DATE='2025-08-30T22:00:00+00:00' AIRFLOW_CTX_TRY_NUMBER='1' AIRFLOW_CTX_DAG_RUN_ID='scheduled__2025-08-30T22:00:00+00:00'
[2025-08-31T12:53:19.283+0000] {logging_mixin.py:151} INFO - Jobs started
[2025-08-31T12:53:19.285+0000] {python.py:194} INFO - Done. Returned value was: None
[2025-08-31T12:53:19.308+0000] {taskinstance.py:1398} INFO - Marking task as SUCCESS. dag_id=sparking_flow, task_id=start, execution_date=20250830T220000, start_date=20250831T125318, end_date=20250831T125319
[2025-08-31T12:53:19.352+0000] {local_task_job_runner.py:228} INFO - Task exited with return code 0
[2025-08-31T12:53:19.481+0000] {taskinstance.py:2776} INFO - 0 downstream tasks scheduled from follow-on schedule check
