[2025-08-09T18:03:03.579+0000] {taskinstance.py:1157} INFO - Dependencies all met for dep_context=non-requeueable deps ti=<TaskInstance: sparking_flow.python_job manual__2025-08-09T18:03:00.723899+00:00 [queued]>
[2025-08-09T18:03:03.586+0000] {taskinstance.py:1157} INFO - Dependencies all met for dep_context=requeueable deps ti=<TaskInstance: sparking_flow.python_job manual__2025-08-09T18:03:00.723899+00:00 [queued]>
[2025-08-09T18:03:03.586+0000] {taskinstance.py:1359} INFO - Starting attempt 1 of 1
[2025-08-09T18:03:03.607+0000] {taskinstance.py:1380} INFO - Executing <Task(SparkSubmitOperator): python_job> on 2025-08-09 18:03:00.723899+00:00
[2025-08-09T18:03:03.612+0000] {standard_task_runner.py:57} INFO - Started process 1334 to run task
[2025-08-09T18:03:03.616+0000] {standard_task_runner.py:84} INFO - Running: ['***', 'tasks', 'run', 'sparking_flow', 'python_job', 'manual__2025-08-09T18:03:00.723899+00:00', '--job-id', '7', '--raw', '--subdir', 'DAGS_FOLDER/spark_***.py', '--cfg-path', '/tmp/tmpdym3ncbt']
[2025-08-09T18:03:03.620+0000] {standard_task_runner.py:85} INFO - Job 7: Subtask python_job
[2025-08-09T18:03:03.695+0000] {task_command.py:415} INFO - Running <TaskInstance: sparking_flow.python_job manual__2025-08-09T18:03:00.723899+00:00 [running]> on host 99e5c3d3e619
[2025-08-09T18:03:03.784+0000] {taskinstance.py:1660} INFO - Exporting env vars: AIRFLOW_CTX_DAG_OWNER='Yusuf Ganiyu' AIRFLOW_CTX_DAG_ID='sparking_flow' AIRFLOW_CTX_TASK_ID='python_job' AIRFLOW_CTX_EXECUTION_DATE='2025-08-09T18:03:00.723899+00:00' AIRFLOW_CTX_TRY_NUMBER='1' AIRFLOW_CTX_DAG_RUN_ID='manual__2025-08-09T18:03:00.723899+00:00'
[2025-08-09T18:03:03.796+0000] {base.py:73} INFO - Using connection ID 'spark-conn' for task execution.
[2025-08-09T18:03:03.797+0000] {spark_submit.py:403} INFO - Spark-Submit cmd: spark-submit --master spark://spark-master-1:7077 --name arrow-spark --deploy-mode client jobs/python/wordcountjob.py
[2025-08-09T18:03:04.410+0000] {spark_submit.py:579} INFO - Error: LinkageError occurred while loading main class org.apache.spark.launcher.Main
[2025-08-09T18:03:04.411+0000] {spark_submit.py:579} INFO - java.lang.UnsupportedClassVersionError: org/apache/spark/launcher/Main has been compiled by a more recent version of the Java Runtime (class file version 61.0), this version of the Java Runtime only recognizes class file versions up to 55.0
[2025-08-09T18:03:04.432+0000] {spark_submit.py:579} INFO - /home/***/.local/lib/python3.10/site-packages/pyspark/bin/spark-class: line 97: CMD: bad array subscript
[2025-08-09T18:03:04.445+0000] {taskinstance.py:1935} ERROR - Task failed with exception
Traceback (most recent call last):
  File "/home/airflow/.local/lib/python3.10/site-packages/airflow/providers/apache/spark/operators/spark_submit.py", line 174, in execute
    self._hook.submit(self.application)
  File "/home/airflow/.local/lib/python3.10/site-packages/airflow/providers/apache/spark/hooks/spark_submit.py", line 505, in submit
    raise AirflowException(
airflow.exceptions.AirflowException: Cannot execute: spark-submit --master spark://spark-master-1:7077 --name arrow-spark --deploy-mode client jobs/python/wordcountjob.py. Error code is: 1.
[2025-08-09T18:03:04.449+0000] {taskinstance.py:1398} INFO - Marking task as FAILED. dag_id=sparking_flow, task_id=python_job, execution_date=20250809T180300, start_date=20250809T180303, end_date=20250809T180304
[2025-08-09T18:03:04.459+0000] {standard_task_runner.py:104} ERROR - Failed to execute job 7 for task python_job (Cannot execute: spark-submit --master spark://spark-master-1:7077 --name arrow-spark --deploy-mode client jobs/python/wordcountjob.py. Error code is: 1.; 1334)
[2025-08-09T18:03:04.471+0000] {local_task_job_runner.py:228} INFO - Task exited with return code 1
[2025-08-09T18:03:04.492+0000] {taskinstance.py:2776} INFO - 0 downstream tasks scheduled from follow-on schedule check
