[2025-08-10T14:39:49.947+0000] {taskinstance.py:1157} INFO - Dependencies all met for dep_context=non-requeueable deps ti=<TaskInstance: sparking_flow.python_job manual__2025-08-10T14:39:47.157262+00:00 [queued]>
[2025-08-10T14:39:49.953+0000] {taskinstance.py:1157} INFO - Dependencies all met for dep_context=requeueable deps ti=<TaskInstance: sparking_flow.python_job manual__2025-08-10T14:39:47.157262+00:00 [queued]>
[2025-08-10T14:39:49.954+0000] {taskinstance.py:1359} INFO - Starting attempt 1 of 1
[2025-08-10T14:39:49.986+0000] {taskinstance.py:1380} INFO - Executing <Task(SparkSubmitOperator): python_job> on 2025-08-10 14:39:47.157262+00:00
[2025-08-10T14:39:49.993+0000] {standard_task_runner.py:57} INFO - Started process 584 to run task
[2025-08-10T14:39:49.996+0000] {standard_task_runner.py:84} INFO - Running: ['***', 'tasks', 'run', 'sparking_flow', 'python_job', 'manual__2025-08-10T14:39:47.157262+00:00', '--job-id', '7', '--raw', '--subdir', 'DAGS_FOLDER/spark_***.py', '--cfg-path', '/tmp/tmpdv9twj_c']
[2025-08-10T14:39:49.998+0000] {standard_task_runner.py:85} INFO - Job 7: Subtask python_job
[2025-08-10T14:39:50.102+0000] {task_command.py:415} INFO - Running <TaskInstance: sparking_flow.python_job manual__2025-08-10T14:39:47.157262+00:00 [running]> on host b165964c8bb3
[2025-08-10T14:39:50.257+0000] {taskinstance.py:1660} INFO - Exporting env vars: AIRFLOW_CTX_DAG_OWNER='Yusuf Ganiyu' AIRFLOW_CTX_DAG_ID='sparking_flow' AIRFLOW_CTX_TASK_ID='python_job' AIRFLOW_CTX_EXECUTION_DATE='2025-08-10T14:39:47.157262+00:00' AIRFLOW_CTX_TRY_NUMBER='1' AIRFLOW_CTX_DAG_RUN_ID='manual__2025-08-10T14:39:47.157262+00:00'
[2025-08-10T14:39:50.270+0000] {base.py:73} INFO - Using connection ID 'spark-conn' for task execution.
[2025-08-10T14:39:50.271+0000] {spark_submit.py:403} INFO - Spark-Submit cmd: spark-submit --master spark://spark-master:7077 --jars /opt/spark/external-jars/spark-mssql-connector_2.11-1.1.0.jar --name arrow-spark --deploy-mode client jobs/python/wordcountjob.py
[2025-08-10T14:39:50.866+0000] {spark_submit.py:579} INFO - WARNING: Using incubator modules: jdk.incubator.vector
[2025-08-10T14:39:52.354+0000] {spark_submit.py:579} INFO - 25/08/10 14:39:52 WARN NativeCodeLoader: Unable to load native-hadoop library for your platform... using builtin-java classes where applicable
[2025-08-10T14:39:52.488+0000] {spark_submit.py:579} INFO - Using Spark's default log4j profile: org/apache/spark/log4j2-defaults.properties
[2025-08-10T14:39:52.491+0000] {spark_submit.py:579} INFO - 25/08/10 14:39:52 WARN DependencyUtils: Local jar /opt/spark/external-jars/spark-mssql-connector_2.11-1.1.0.jar does not exist, skipping.
[2025-08-10T14:39:54.389+0000] {spark_submit.py:579} INFO - 25/08/10 14:39:54 INFO SparkContext: Running Spark version 4.0.0
[2025-08-10T14:39:54.391+0000] {spark_submit.py:579} INFO - 25/08/10 14:39:54 INFO SparkContext: OS info Linux, 6.6.87.2-microsoft-standard-WSL2, amd64
[2025-08-10T14:39:54.393+0000] {spark_submit.py:579} INFO - 25/08/10 14:39:54 INFO SparkContext: Java version 17.0.15
[2025-08-10T14:39:54.414+0000] {spark_submit.py:579} INFO - 25/08/10 14:39:54 INFO ResourceUtils: ==============================================================
[2025-08-10T14:39:54.415+0000] {spark_submit.py:579} INFO - 25/08/10 14:39:54 INFO ResourceUtils: No custom resources configured for spark.driver.
[2025-08-10T14:39:54.415+0000] {spark_submit.py:579} INFO - 25/08/10 14:39:54 INFO ResourceUtils: ==============================================================
[2025-08-10T14:39:54.416+0000] {spark_submit.py:579} INFO - 25/08/10 14:39:54 INFO SparkContext: Submitted application: PythonWordCount
[2025-08-10T14:39:54.441+0000] {spark_submit.py:579} INFO - 25/08/10 14:39:54 INFO ResourceProfile: Default ResourceProfile created, executor resources: Map(memory -> name: memory, amount: 1024, script: , vendor: , offHeap -> name: offHeap, amount: 0, script: , vendor: ), task resources: Map(cpus -> name: cpus, amount: 1.0)
[2025-08-10T14:39:54.444+0000] {spark_submit.py:579} INFO - 25/08/10 14:39:54 INFO ResourceProfile: Limiting resource is cpu
[2025-08-10T14:39:54.445+0000] {spark_submit.py:579} INFO - 25/08/10 14:39:54 INFO ResourceProfileManager: Added ResourceProfile id: 0
[2025-08-10T14:39:54.486+0000] {spark_submit.py:579} INFO - 25/08/10 14:39:54 INFO SecurityManager: Changing view acls to: ***
[2025-08-10T14:39:54.488+0000] {spark_submit.py:579} INFO - 25/08/10 14:39:54 INFO SecurityManager: Changing modify acls to: ***
[2025-08-10T14:39:54.489+0000] {spark_submit.py:579} INFO - 25/08/10 14:39:54 INFO SecurityManager: Changing view acls groups to: ***
[2025-08-10T14:39:54.489+0000] {spark_submit.py:579} INFO - 25/08/10 14:39:54 INFO SecurityManager: Changing modify acls groups to: ***
[2025-08-10T14:39:54.492+0000] {spark_submit.py:579} INFO - 25/08/10 14:39:54 INFO SecurityManager: SecurityManager: authentication disabled; ui acls disabled; users with view permissions: *** groups with view permissions: EMPTY; users with modify permissions: ***; groups with modify permissions: EMPTY; RPC SSL disabled
[2025-08-10T14:39:54.783+0000] {spark_submit.py:579} INFO - 25/08/10 14:39:54 INFO Utils: Successfully started service 'sparkDriver' on port 40349.
[2025-08-10T14:39:54.820+0000] {spark_submit.py:579} INFO - 25/08/10 14:39:54 INFO SparkEnv: Registering MapOutputTracker
[2025-08-10T14:39:54.883+0000] {spark_submit.py:579} INFO - 25/08/10 14:39:54 INFO SparkEnv: Registering BlockManagerMaster
[2025-08-10T14:39:55.030+0000] {spark_submit.py:579} INFO - 25/08/10 14:39:55 INFO BlockManagerMasterEndpoint: Using org.apache.spark.storage.DefaultTopologyMapper for getting topology information
[2025-08-10T14:39:55.033+0000] {spark_submit.py:579} INFO - 25/08/10 14:39:55 INFO BlockManagerMasterEndpoint: BlockManagerMasterEndpoint up
[2025-08-10T14:39:55.051+0000] {spark_submit.py:579} INFO - 25/08/10 14:39:55 INFO SparkEnv: Registering BlockManagerMasterHeartbeat
[2025-08-10T14:39:55.170+0000] {spark_submit.py:579} INFO - 25/08/10 14:39:55 INFO DiskBlockManager: Created local directory at /tmp/blockmgr-1eb6ffcf-a4be-48a2-9548-85fd242ecff1
[2025-08-10T14:39:55.218+0000] {spark_submit.py:579} INFO - 25/08/10 14:39:55 INFO SparkEnv: Registering OutputCommitCoordinator
[2025-08-10T14:39:55.399+0000] {spark_submit.py:579} INFO - 25/08/10 14:39:55 INFO JettyUtils: Start Jetty 0.0.0.0:4040 for SparkUI
[2025-08-10T14:39:55.482+0000] {spark_submit.py:579} INFO - 25/08/10 14:39:55 INFO Utils: Successfully started service 'SparkUI' on port 4040.
[2025-08-10T14:39:55.557+0000] {spark_submit.py:579} INFO - 25/08/10 14:39:55 ERROR SparkContext: Failed to add file:/opt/spark/external-jars/spark-mssql-connector_2.11-1.1.0.jar to Spark environment
[2025-08-10T14:39:55.558+0000] {spark_submit.py:579} INFO - java.io.FileNotFoundException: Jar /opt/spark/external-jars/spark-mssql-connector_2.11-1.1.0.jar not found
[2025-08-10T14:39:55.558+0000] {spark_submit.py:579} INFO - at org.apache.spark.SparkContext.addLocalJarFile$1(SparkContext.scala:2174)
[2025-08-10T14:39:55.559+0000] {spark_submit.py:579} INFO - at org.apache.spark.SparkContext.addJar(SparkContext.scala:2230)
[2025-08-10T14:39:55.559+0000] {spark_submit.py:579} INFO - at org.apache.spark.SparkContext.$anonfun$new$15(SparkContext.scala:538)
[2025-08-10T14:39:55.559+0000] {spark_submit.py:579} INFO - at org.apache.spark.SparkContext.$anonfun$new$15$adapted(SparkContext.scala:538)
[2025-08-10T14:39:55.560+0000] {spark_submit.py:579} INFO - at scala.collection.IterableOnceOps.foreach(IterableOnce.scala:619)
[2025-08-10T14:39:55.560+0000] {spark_submit.py:579} INFO - at scala.collection.IterableOnceOps.foreach$(IterableOnce.scala:617)
[2025-08-10T14:39:55.560+0000] {spark_submit.py:579} INFO - at scala.collection.AbstractIterable.foreach(Iterable.scala:935)
[2025-08-10T14:39:55.560+0000] {spark_submit.py:579} INFO - at org.apache.spark.SparkContext.<init>(SparkContext.scala:538)
[2025-08-10T14:39:55.561+0000] {spark_submit.py:579} INFO - at org.apache.spark.api.java.JavaSparkContext.<init>(JavaSparkContext.scala:59)
[2025-08-10T14:39:55.561+0000] {spark_submit.py:579} INFO - at java.base/jdk.internal.reflect.NativeConstructorAccessorImpl.newInstance0(Native Method)
[2025-08-10T14:39:55.561+0000] {spark_submit.py:579} INFO - at java.base/jdk.internal.reflect.NativeConstructorAccessorImpl.newInstance(NativeConstructorAccessorImpl.java:77)
[2025-08-10T14:39:55.562+0000] {spark_submit.py:579} INFO - at java.base/jdk.internal.reflect.DelegatingConstructorAccessorImpl.newInstance(DelegatingConstructorAccessorImpl.java:45)
[2025-08-10T14:39:55.562+0000] {spark_submit.py:579} INFO - at java.base/java.lang.reflect.Constructor.newInstanceWithCaller(Constructor.java:500)
[2025-08-10T14:39:55.562+0000] {spark_submit.py:579} INFO - at java.base/java.lang.reflect.Constructor.newInstance(Constructor.java:481)
[2025-08-10T14:39:55.562+0000] {spark_submit.py:579} INFO - at py4j.reflection.MethodInvoker.invoke(MethodInvoker.java:247)
[2025-08-10T14:39:55.563+0000] {spark_submit.py:579} INFO - at py4j.reflection.ReflectionEngine.invoke(ReflectionEngine.java:374)
[2025-08-10T14:39:55.563+0000] {spark_submit.py:579} INFO - at py4j.Gateway.invoke(Gateway.java:238)
[2025-08-10T14:39:55.563+0000] {spark_submit.py:579} INFO - at py4j.commands.ConstructorCommand.invokeConstructor(ConstructorCommand.java:80)
[2025-08-10T14:39:55.563+0000] {spark_submit.py:579} INFO - at py4j.commands.ConstructorCommand.execute(ConstructorCommand.java:69)
[2025-08-10T14:39:55.564+0000] {spark_submit.py:579} INFO - at py4j.ClientServerConnection.waitForCommands(ClientServerConnection.java:184)
[2025-08-10T14:39:55.564+0000] {spark_submit.py:579} INFO - at py4j.ClientServerConnection.run(ClientServerConnection.java:108)
[2025-08-10T14:39:55.565+0000] {spark_submit.py:579} INFO - at java.base/java.lang.Thread.run(Thread.java:840)
[2025-08-10T14:39:55.586+0000] {spark_submit.py:579} INFO - 25/08/10 14:39:55 INFO SecurityManager: Changing view acls to: ***
[2025-08-10T14:39:55.586+0000] {spark_submit.py:579} INFO - 25/08/10 14:39:55 INFO SecurityManager: Changing modify acls to: ***
[2025-08-10T14:39:55.587+0000] {spark_submit.py:579} INFO - 25/08/10 14:39:55 INFO SecurityManager: Changing view acls groups to: ***
[2025-08-10T14:39:55.588+0000] {spark_submit.py:579} INFO - 25/08/10 14:39:55 INFO SecurityManager: Changing modify acls groups to: ***
[2025-08-10T14:39:55.588+0000] {spark_submit.py:579} INFO - 25/08/10 14:39:55 INFO SecurityManager: SecurityManager: authentication disabled; ui acls disabled; users with view permissions: *** groups with view permissions: EMPTY; users with modify permissions: ***; groups with modify permissions: EMPTY; RPC SSL disabled
[2025-08-10T14:39:55.834+0000] {spark_submit.py:579} INFO - 25/08/10 14:39:55 INFO StandaloneAppClient$ClientEndpoint: Connecting to master spark://spark-master:7077...
[2025-08-10T14:39:55.931+0000] {spark_submit.py:579} INFO - 25/08/10 14:39:55 INFO TransportClientFactory: Successfully created connection to spark-master/172.18.0.3:7077 after 68 ms (0 ms spent in bootstraps)
[2025-08-10T14:39:56.121+0000] {spark_submit.py:579} INFO - 25/08/10 14:39:56 INFO StandaloneSchedulerBackend: Connected to Spark cluster with app ID app-20250810143956-0002
[2025-08-10T14:39:56.127+0000] {spark_submit.py:579} INFO - 25/08/10 14:39:56 INFO StandaloneAppClient$ClientEndpoint: Executor added: app-20250810143956-0002/0 on worker-20250810143714-172.18.0.5-41047 (172.18.0.5:41047) with 2 core(s)
[2025-08-10T14:39:56.133+0000] {spark_submit.py:579} INFO - 25/08/10 14:39:56 INFO StandaloneSchedulerBackend: Granted executor ID app-20250810143956-0002/0 on hostPort 172.18.0.5:41047 with 2 core(s), 1024.0 MiB RAM
[2025-08-10T14:39:56.148+0000] {spark_submit.py:579} INFO - 25/08/10 14:39:56 INFO Utils: Successfully started service 'org.apache.spark.network.netty.NettyBlockTransferService' on port 44175.
[2025-08-10T14:39:56.150+0000] {spark_submit.py:579} INFO - 25/08/10 14:39:56 INFO NettyBlockTransferService: Server created on b165964c8bb3:44175
[2025-08-10T14:39:56.152+0000] {spark_submit.py:579} INFO - 25/08/10 14:39:56 INFO BlockManager: Using org.apache.spark.storage.RandomBlockReplicationPolicy for block replication policy
[2025-08-10T14:39:56.174+0000] {spark_submit.py:579} INFO - 25/08/10 14:39:56 INFO BlockManagerMaster: Registering BlockManager BlockManagerId(driver, b165964c8bb3, 44175, None)
[2025-08-10T14:39:56.179+0000] {spark_submit.py:579} INFO - 25/08/10 14:39:56 INFO BlockManagerMasterEndpoint: Registering block manager b165964c8bb3:44175 with 434.4 MiB RAM, BlockManagerId(driver, b165964c8bb3, 44175, None)
[2025-08-10T14:39:56.182+0000] {spark_submit.py:579} INFO - 25/08/10 14:39:56 INFO BlockManagerMaster: Registered BlockManager BlockManagerId(driver, b165964c8bb3, 44175, None)
[2025-08-10T14:39:56.183+0000] {spark_submit.py:579} INFO - 25/08/10 14:39:56 INFO BlockManager: Initialized BlockManager: BlockManagerId(driver, b165964c8bb3, 44175, None)
[2025-08-10T14:39:56.452+0000] {spark_submit.py:579} INFO - 25/08/10 14:39:56 INFO StandaloneSchedulerBackend: SchedulerBackend is ready for scheduling beginning after reached minRegisteredResourcesRatio: 0.0
[2025-08-10T14:39:56.580+0000] {spark_submit.py:579} INFO - 25/08/10 14:39:56 INFO StandaloneAppClient$ClientEndpoint: Executor updated: app-20250810143956-0002/0 is now RUNNING
[2025-08-10T14:39:59.538+0000] {spark_submit.py:579} INFO - 25/08/10 14:39:59 INFO StandaloneSchedulerBackend$StandaloneDriverEndpoint: Registered executor NettyRpcEndpointRef(spark-client://Executor) (172.18.0.5:58556) with ID 0, ResourceProfileId 0
[2025-08-10T14:39:59.787+0000] {spark_submit.py:579} INFO - 25/08/10 14:39:59 INFO BlockManagerMasterEndpoint: Registering block manager 172.18.0.5:34275 with 434.4 MiB RAM, BlockManagerId(0, 172.18.0.5, 34275, None)
[2025-08-10T14:40:00.556+0000] {spark_submit.py:579} INFO - dict_keys(['daily', 'daily960', 'live_rapid', 'live_blitz', 'live_bullet', 'live_bughouse', 'live_blitz960', 'live_threecheck', 'live_crazyhouse', 'live_kingofthehill', 'tactics', 'rush', 'battle'])
[2025-08-10T14:40:00.576+0000] {spark_submit.py:579} INFO - 25/08/10 14:40:00 INFO SharedState: Setting hive.metastore.warehouse.dir ('null') to the value of spark.sql.warehouse.dir.
[2025-08-10T14:40:00.586+0000] {spark_submit.py:579} INFO - 25/08/10 14:40:00 INFO SharedState: Warehouse path is 'file:/opt/***/spark-warehouse'.
[2025-08-10T14:40:02.882+0000] {spark_submit.py:579} INFO - Traceback (most recent call last):
[2025-08-10T14:40:02.883+0000] {spark_submit.py:579} INFO - File "/opt/***/jobs/python/wordcountjob.py", line 84, in <module>
[2025-08-10T14:40:02.885+0000] {spark_submit.py:579} INFO - write_data(daily,"daily")
[2025-08-10T14:40:02.886+0000] {spark_submit.py:579} INFO - File "/opt/***/jobs/python/wordcountjob.py", line 80, in write_data
[2025-08-10T14:40:02.888+0000] {spark_submit.py:579} INFO - df.write.mode("overwrite").jdbc(url=jdbc_url, table=f"dbo.{table}", properties=properties)
[2025-08-10T14:40:02.888+0000] {spark_submit.py:579} INFO - File "/home/***/.local/lib/python3.10/site-packages/pyspark/python/lib/pyspark.zip/pyspark/sql/readwriter.py", line 2347, in jdbc
[2025-08-10T14:40:02.888+0000] {spark_submit.py:579} INFO - File "/home/***/.local/lib/python3.10/site-packages/pyspark/python/lib/py4j-0.10.9.9-src.zip/py4j/java_gateway.py", line 1362, in __call__
[2025-08-10T14:40:02.889+0000] {spark_submit.py:579} INFO - File "/home/***/.local/lib/python3.10/site-packages/pyspark/python/lib/pyspark.zip/pyspark/errors/exceptions/captured.py", line 282, in deco
[2025-08-10T14:40:02.890+0000] {spark_submit.py:579} INFO - File "/home/***/.local/lib/python3.10/site-packages/pyspark/python/lib/py4j-0.10.9.9-src.zip/py4j/protocol.py", line 327, in get_return_value
[2025-08-10T14:40:02.935+0000] {spark_submit.py:579} INFO - py4j.protocol.Py4JJavaError: An error occurred while calling o138.jdbc.
[2025-08-10T14:40:02.937+0000] {spark_submit.py:579} INFO - : java.lang.ClassNotFoundException: com.microsoft.sqlserver.jdbc.SQLServerDriver
[2025-08-10T14:40:02.938+0000] {spark_submit.py:579} INFO - at java.base/java.net.URLClassLoader.findClass(URLClassLoader.java:445)
[2025-08-10T14:40:02.940+0000] {spark_submit.py:579} INFO - at java.base/java.lang.ClassLoader.loadClass(ClassLoader.java:592)
[2025-08-10T14:40:02.941+0000] {spark_submit.py:579} INFO - at java.base/java.lang.ClassLoader.loadClass(ClassLoader.java:525)
[2025-08-10T14:40:02.943+0000] {spark_submit.py:579} INFO - at org.apache.spark.sql.execution.datasources.jdbc.DriverRegistry$.register(DriverRegistry.scala:47)
[2025-08-10T14:40:02.944+0000] {spark_submit.py:579} INFO - at org.apache.spark.sql.execution.datasources.jdbc.JDBCOptions.$anonfun$driverClass$1(JDBCOptions.scala:112)
[2025-08-10T14:40:02.945+0000] {spark_submit.py:579} INFO - at org.apache.spark.sql.execution.datasources.jdbc.JDBCOptions.$anonfun$driverClass$1$adapted(JDBCOptions.scala:112)
[2025-08-10T14:40:02.947+0000] {spark_submit.py:579} INFO - at scala.Option.foreach(Option.scala:437)
[2025-08-10T14:40:02.948+0000] {spark_submit.py:579} INFO - at org.apache.spark.sql.execution.datasources.jdbc.JDBCOptions.<init>(JDBCOptions.scala:112)
[2025-08-10T14:40:02.949+0000] {spark_submit.py:579} INFO - at org.apache.spark.sql.execution.datasources.jdbc.JdbcOptionsInWrite.<init>(JDBCOptions.scala:272)
[2025-08-10T14:40:02.949+0000] {spark_submit.py:579} INFO - at org.apache.spark.sql.execution.datasources.jdbc.JdbcOptionsInWrite.<init>(JDBCOptions.scala:276)
[2025-08-10T14:40:02.950+0000] {spark_submit.py:579} INFO - at org.apache.spark.sql.execution.datasources.jdbc.JdbcRelationProvider.createRelation(JdbcRelationProvider.scala:48)
[2025-08-10T14:40:02.951+0000] {spark_submit.py:579} INFO - at org.apache.spark.sql.execution.datasources.SaveIntoDataSourceCommand.run(SaveIntoDataSourceCommand.scala:55)
[2025-08-10T14:40:02.951+0000] {spark_submit.py:579} INFO - at org.apache.spark.sql.execution.command.ExecutedCommandExec.sideEffectResult$lzycompute(commands.scala:79)
[2025-08-10T14:40:02.951+0000] {spark_submit.py:579} INFO - at org.apache.spark.sql.execution.command.ExecutedCommandExec.sideEffectResult(commands.scala:77)
[2025-08-10T14:40:02.952+0000] {spark_submit.py:579} INFO - at org.apache.spark.sql.execution.command.ExecutedCommandExec.executeCollect(commands.scala:88)
[2025-08-10T14:40:02.952+0000] {spark_submit.py:579} INFO - at org.apache.spark.sql.execution.QueryExecution.$anonfun$eagerlyExecuteCommands$2(QueryExecution.scala:155)
[2025-08-10T14:40:02.952+0000] {spark_submit.py:579} INFO - at org.apache.spark.sql.execution.SQLExecution$.$anonfun$withNewExecutionId0$8(SQLExecution.scala:162)
[2025-08-10T14:40:02.953+0000] {spark_submit.py:579} INFO - at org.apache.spark.sql.execution.SQLExecution$.withSessionTagsApplied(SQLExecution.scala:268)
[2025-08-10T14:40:02.953+0000] {spark_submit.py:579} INFO - at org.apache.spark.sql.execution.SQLExecution$.$anonfun$withNewExecutionId0$7(SQLExecution.scala:124)
[2025-08-10T14:40:02.953+0000] {spark_submit.py:579} INFO - at org.apache.spark.JobArtifactSet$.withActiveJobArtifactState(JobArtifactSet.scala:94)
[2025-08-10T14:40:02.954+0000] {spark_submit.py:579} INFO - at org.apache.spark.sql.artifact.ArtifactManager.$anonfun$withResources$1(ArtifactManager.scala:112)
[2025-08-10T14:40:02.954+0000] {spark_submit.py:579} INFO - at org.apache.spark.sql.artifact.ArtifactManager.withClassLoaderIfNeeded(ArtifactManager.scala:106)
[2025-08-10T14:40:02.954+0000] {spark_submit.py:579} INFO - at org.apache.spark.sql.artifact.ArtifactManager.withResources(ArtifactManager.scala:111)
[2025-08-10T14:40:02.955+0000] {spark_submit.py:579} INFO - at org.apache.spark.sql.execution.SQLExecution$.$anonfun$withNewExecutionId0$6(SQLExecution.scala:124)
[2025-08-10T14:40:02.955+0000] {spark_submit.py:579} INFO - at org.apache.spark.sql.execution.SQLExecution$.withSQLConfPropagated(SQLExecution.scala:291)
[2025-08-10T14:40:02.955+0000] {spark_submit.py:579} INFO - at org.apache.spark.sql.execution.SQLExecution$.$anonfun$withNewExecutionId0$1(SQLExecution.scala:123)
[2025-08-10T14:40:02.955+0000] {spark_submit.py:579} INFO - at org.apache.spark.sql.SparkSession.withActive(SparkSession.scala:804)
[2025-08-10T14:40:02.956+0000] {spark_submit.py:579} INFO - at org.apache.spark.sql.execution.SQLExecution$.withNewExecutionId0(SQLExecution.scala:77)
[2025-08-10T14:40:02.956+0000] {spark_submit.py:579} INFO - at org.apache.spark.sql.execution.SQLExecution$.withNewExecutionId(SQLExecution.scala:233)
[2025-08-10T14:40:02.956+0000] {spark_submit.py:579} INFO - at org.apache.spark.sql.execution.QueryExecution.$anonfun$eagerlyExecuteCommands$1(QueryExecution.scala:155)
[2025-08-10T14:40:02.956+0000] {spark_submit.py:579} INFO - at org.apache.spark.sql.execution.QueryExecution$.withInternalError(QueryExecution.scala:654)
[2025-08-10T14:40:02.957+0000] {spark_submit.py:579} INFO - at org.apache.spark.sql.execution.QueryExecution.org$apache$spark$sql$execution$QueryExecution$$eagerlyExecute$1(QueryExecution.scala:154)
[2025-08-10T14:40:02.957+0000] {spark_submit.py:579} INFO - at org.apache.spark.sql.execution.QueryExecution$$anonfun$eagerlyExecuteCommands$3.applyOrElse(QueryExecution.scala:169)
[2025-08-10T14:40:02.957+0000] {spark_submit.py:579} INFO - at org.apache.spark.sql.execution.QueryExecution$$anonfun$eagerlyExecuteCommands$3.applyOrElse(QueryExecution.scala:164)
[2025-08-10T14:40:02.957+0000] {spark_submit.py:579} INFO - at org.apache.spark.sql.catalyst.trees.TreeNode.$anonfun$transformDownWithPruning$1(TreeNode.scala:470)
[2025-08-10T14:40:02.957+0000] {spark_submit.py:579} INFO - at org.apache.spark.sql.catalyst.trees.CurrentOrigin$.withOrigin(origin.scala:86)
[2025-08-10T14:40:02.958+0000] {spark_submit.py:579} INFO - at org.apache.spark.sql.catalyst.trees.TreeNode.transformDownWithPruning(TreeNode.scala:470)
[2025-08-10T14:40:02.958+0000] {spark_submit.py:579} INFO - at org.apache.spark.sql.catalyst.plans.logical.LogicalPlan.org$apache$spark$sql$catalyst$plans$logical$AnalysisHelper$$super$transformDownWithPruning(LogicalPlan.scala:37)
[2025-08-10T14:40:02.958+0000] {spark_submit.py:579} INFO - at org.apache.spark.sql.catalyst.plans.logical.AnalysisHelper.transformDownWithPruning(AnalysisHelper.scala:360)
[2025-08-10T14:40:02.958+0000] {spark_submit.py:579} INFO - at org.apache.spark.sql.catalyst.plans.logical.AnalysisHelper.transformDownWithPruning$(AnalysisHelper.scala:356)
[2025-08-10T14:40:02.958+0000] {spark_submit.py:579} INFO - at org.apache.spark.sql.catalyst.plans.logical.LogicalPlan.transformDownWithPruning(LogicalPlan.scala:37)
[2025-08-10T14:40:02.959+0000] {spark_submit.py:579} INFO - at org.apache.spark.sql.catalyst.plans.logical.LogicalPlan.transformDownWithPruning(LogicalPlan.scala:37)
[2025-08-10T14:40:02.959+0000] {spark_submit.py:579} INFO - at org.apache.spark.sql.catalyst.trees.TreeNode.transformDown(TreeNode.scala:446)
[2025-08-10T14:40:02.959+0000] {spark_submit.py:579} INFO - at org.apache.spark.sql.execution.QueryExecution.eagerlyExecuteCommands(QueryExecution.scala:164)
[2025-08-10T14:40:02.959+0000] {spark_submit.py:579} INFO - at org.apache.spark.sql.execution.QueryExecution.$anonfun$lazyCommandExecuted$1(QueryExecution.scala:126)
[2025-08-10T14:40:02.960+0000] {spark_submit.py:579} INFO - at scala.util.Try$.apply(Try.scala:217)
[2025-08-10T14:40:02.960+0000] {spark_submit.py:579} INFO - at org.apache.spark.util.Utils$.doTryWithCallerStacktrace(Utils.scala:1378)
[2025-08-10T14:40:02.960+0000] {spark_submit.py:579} INFO - at org.apache.spark.util.Utils$.getTryWithCallerStacktrace(Utils.scala:1439)
[2025-08-10T14:40:02.960+0000] {spark_submit.py:579} INFO - at org.apache.spark.util.LazyTry.get(LazyTry.scala:58)
[2025-08-10T14:40:02.960+0000] {spark_submit.py:579} INFO - at org.apache.spark.sql.execution.QueryExecution.commandExecuted(QueryExecution.scala:131)
[2025-08-10T14:40:02.961+0000] {spark_submit.py:579} INFO - at org.apache.spark.sql.execution.QueryExecution.assertCommandExecuted(QueryExecution.scala:192)
[2025-08-10T14:40:02.961+0000] {spark_submit.py:579} INFO - at org.apache.spark.sql.classic.DataFrameWriter.runCommand(DataFrameWriter.scala:622)
[2025-08-10T14:40:02.961+0000] {spark_submit.py:579} INFO - at org.apache.spark.sql.classic.DataFrameWriter.saveToV1Source(DataFrameWriter.scala:273)
[2025-08-10T14:40:02.961+0000] {spark_submit.py:579} INFO - at org.apache.spark.sql.classic.DataFrameWriter.saveInternal(DataFrameWriter.scala:241)
[2025-08-10T14:40:02.962+0000] {spark_submit.py:579} INFO - at org.apache.spark.sql.classic.DataFrameWriter.save(DataFrameWriter.scala:126)
[2025-08-10T14:40:02.962+0000] {spark_submit.py:579} INFO - at org.apache.spark.sql.DataFrameWriter.jdbc(DataFrameWriter.scala:334)
[2025-08-10T14:40:02.962+0000] {spark_submit.py:579} INFO - at java.base/jdk.internal.reflect.NativeMethodAccessorImpl.invoke0(Native Method)
[2025-08-10T14:40:02.962+0000] {spark_submit.py:579} INFO - at java.base/jdk.internal.reflect.NativeMethodAccessorImpl.invoke(NativeMethodAccessorImpl.java:77)
[2025-08-10T14:40:02.963+0000] {spark_submit.py:579} INFO - at java.base/jdk.internal.reflect.DelegatingMethodAccessorImpl.invoke(DelegatingMethodAccessorImpl.java:43)
[2025-08-10T14:40:02.963+0000] {spark_submit.py:579} INFO - at java.base/java.lang.reflect.Method.invoke(Method.java:569)
[2025-08-10T14:40:02.963+0000] {spark_submit.py:579} INFO - at py4j.reflection.MethodInvoker.invoke(MethodInvoker.java:244)
[2025-08-10T14:40:02.964+0000] {spark_submit.py:579} INFO - at py4j.reflection.ReflectionEngine.invoke(ReflectionEngine.java:374)
[2025-08-10T14:40:02.964+0000] {spark_submit.py:579} INFO - at py4j.Gateway.invoke(Gateway.java:282)
[2025-08-10T14:40:02.964+0000] {spark_submit.py:579} INFO - at py4j.commands.AbstractCommand.invokeMethod(AbstractCommand.java:132)
[2025-08-10T14:40:02.964+0000] {spark_submit.py:579} INFO - at py4j.commands.CallCommand.execute(CallCommand.java:79)
[2025-08-10T14:40:02.964+0000] {spark_submit.py:579} INFO - at py4j.ClientServerConnection.waitForCommands(ClientServerConnection.java:184)
[2025-08-10T14:40:02.965+0000] {spark_submit.py:579} INFO - at py4j.ClientServerConnection.run(ClientServerConnection.java:108)
[2025-08-10T14:40:02.965+0000] {spark_submit.py:579} INFO - at java.base/java.lang.Thread.run(Thread.java:840)
[2025-08-10T14:40:02.965+0000] {spark_submit.py:579} INFO - Suppressed: org.apache.spark.util.Utils$OriginalTryStackTraceException: Full stacktrace of original doTryWithCallerStacktrace caller
[2025-08-10T14:40:02.965+0000] {spark_submit.py:579} INFO - at java.base/java.net.URLClassLoader.findClass(URLClassLoader.java:445)
[2025-08-10T14:40:02.965+0000] {spark_submit.py:579} INFO - at java.base/java.lang.ClassLoader.loadClass(ClassLoader.java:592)
[2025-08-10T14:40:02.966+0000] {spark_submit.py:579} INFO - at java.base/java.lang.ClassLoader.loadClass(ClassLoader.java:525)
[2025-08-10T14:40:02.966+0000] {spark_submit.py:579} INFO - at org.apache.spark.sql.execution.datasources.jdbc.DriverRegistry$.register(DriverRegistry.scala:47)
[2025-08-10T14:40:02.966+0000] {spark_submit.py:579} INFO - at org.apache.spark.sql.execution.datasources.jdbc.JDBCOptions.$anonfun$driverClass$1(JDBCOptions.scala:112)
[2025-08-10T14:40:02.966+0000] {spark_submit.py:579} INFO - at org.apache.spark.sql.execution.datasources.jdbc.JDBCOptions.$anonfun$driverClass$1$adapted(JDBCOptions.scala:112)
[2025-08-10T14:40:02.966+0000] {spark_submit.py:579} INFO - at scala.Option.foreach(Option.scala:437)
[2025-08-10T14:40:02.967+0000] {spark_submit.py:579} INFO - at org.apache.spark.sql.execution.datasources.jdbc.JDBCOptions.<init>(JDBCOptions.scala:112)
[2025-08-10T14:40:02.967+0000] {spark_submit.py:579} INFO - at org.apache.spark.sql.execution.datasources.jdbc.JdbcOptionsInWrite.<init>(JDBCOptions.scala:272)
[2025-08-10T14:40:02.967+0000] {spark_submit.py:579} INFO - at org.apache.spark.sql.execution.datasources.jdbc.JdbcOptionsInWrite.<init>(JDBCOptions.scala:276)
[2025-08-10T14:40:02.967+0000] {spark_submit.py:579} INFO - at org.apache.spark.sql.execution.datasources.jdbc.JdbcRelationProvider.createRelation(JdbcRelationProvider.scala:48)
[2025-08-10T14:40:02.967+0000] {spark_submit.py:579} INFO - at org.apache.spark.sql.execution.datasources.SaveIntoDataSourceCommand.run(SaveIntoDataSourceCommand.scala:55)
[2025-08-10T14:40:02.968+0000] {spark_submit.py:579} INFO - at org.apache.spark.sql.execution.command.ExecutedCommandExec.sideEffectResult$lzycompute(commands.scala:79)
[2025-08-10T14:40:02.968+0000] {spark_submit.py:579} INFO - at org.apache.spark.sql.execution.command.ExecutedCommandExec.sideEffectResult(commands.scala:77)
[2025-08-10T14:40:02.968+0000] {spark_submit.py:579} INFO - at org.apache.spark.sql.execution.command.ExecutedCommandExec.executeCollect(commands.scala:88)
[2025-08-10T14:40:02.968+0000] {spark_submit.py:579} INFO - at org.apache.spark.sql.execution.QueryExecution.$anonfun$eagerlyExecuteCommands$2(QueryExecution.scala:155)
[2025-08-10T14:40:02.968+0000] {spark_submit.py:579} INFO - at org.apache.spark.sql.execution.SQLExecution$.$anonfun$withNewExecutionId0$8(SQLExecution.scala:162)
[2025-08-10T14:40:02.969+0000] {spark_submit.py:579} INFO - at org.apache.spark.sql.execution.SQLExecution$.withSessionTagsApplied(SQLExecution.scala:268)
[2025-08-10T14:40:02.969+0000] {spark_submit.py:579} INFO - at org.apache.spark.sql.execution.SQLExecution$.$anonfun$withNewExecutionId0$7(SQLExecution.scala:124)
[2025-08-10T14:40:02.969+0000] {spark_submit.py:579} INFO - at org.apache.spark.JobArtifactSet$.withActiveJobArtifactState(JobArtifactSet.scala:94)
[2025-08-10T14:40:02.969+0000] {spark_submit.py:579} INFO - at org.apache.spark.sql.artifact.ArtifactManager.$anonfun$withResources$1(ArtifactManager.scala:112)
[2025-08-10T14:40:02.969+0000] {spark_submit.py:579} INFO - at org.apache.spark.sql.artifact.ArtifactManager.withClassLoaderIfNeeded(ArtifactManager.scala:106)
[2025-08-10T14:40:02.970+0000] {spark_submit.py:579} INFO - at org.apache.spark.sql.artifact.ArtifactManager.withResources(ArtifactManager.scala:111)
[2025-08-10T14:40:02.970+0000] {spark_submit.py:579} INFO - at org.apache.spark.sql.execution.SQLExecution$.$anonfun$withNewExecutionId0$6(SQLExecution.scala:124)
[2025-08-10T14:40:02.970+0000] {spark_submit.py:579} INFO - at org.apache.spark.sql.execution.SQLExecution$.withSQLConfPropagated(SQLExecution.scala:291)
[2025-08-10T14:40:02.970+0000] {spark_submit.py:579} INFO - at org.apache.spark.sql.execution.SQLExecution$.$anonfun$withNewExecutionId0$1(SQLExecution.scala:123)
[2025-08-10T14:40:02.970+0000] {spark_submit.py:579} INFO - at org.apache.spark.sql.SparkSession.withActive(SparkSession.scala:804)
[2025-08-10T14:40:02.971+0000] {spark_submit.py:579} INFO - at org.apache.spark.sql.execution.SQLExecution$.withNewExecutionId0(SQLExecution.scala:77)
[2025-08-10T14:40:02.971+0000] {spark_submit.py:579} INFO - at org.apache.spark.sql.execution.SQLExecution$.withNewExecutionId(SQLExecution.scala:233)
[2025-08-10T14:40:02.971+0000] {spark_submit.py:579} INFO - at org.apache.spark.sql.execution.QueryExecution.$anonfun$eagerlyExecuteCommands$1(QueryExecution.scala:155)
[2025-08-10T14:40:02.971+0000] {spark_submit.py:579} INFO - at org.apache.spark.sql.execution.QueryExecution$.withInternalError(QueryExecution.scala:654)
[2025-08-10T14:40:02.971+0000] {spark_submit.py:579} INFO - at org.apache.spark.sql.execution.QueryExecution.org$apache$spark$sql$execution$QueryExecution$$eagerlyExecute$1(QueryExecution.scala:154)
[2025-08-10T14:40:02.972+0000] {spark_submit.py:579} INFO - at org.apache.spark.sql.execution.QueryExecution$$anonfun$eagerlyExecuteCommands$3.applyOrElse(QueryExecution.scala:169)
[2025-08-10T14:40:02.972+0000] {spark_submit.py:579} INFO - at org.apache.spark.sql.execution.QueryExecution$$anonfun$eagerlyExecuteCommands$3.applyOrElse(QueryExecution.scala:164)
[2025-08-10T14:40:02.972+0000] {spark_submit.py:579} INFO - at org.apache.spark.sql.catalyst.trees.TreeNode.$anonfun$transformDownWithPruning$1(TreeNode.scala:470)
[2025-08-10T14:40:02.972+0000] {spark_submit.py:579} INFO - at org.apache.spark.sql.catalyst.trees.CurrentOrigin$.withOrigin(origin.scala:86)
[2025-08-10T14:40:02.972+0000] {spark_submit.py:579} INFO - at org.apache.spark.sql.catalyst.trees.TreeNode.transformDownWithPruning(TreeNode.scala:470)
[2025-08-10T14:40:02.973+0000] {spark_submit.py:579} INFO - at org.apache.spark.sql.catalyst.plans.logical.LogicalPlan.org$apache$spark$sql$catalyst$plans$logical$AnalysisHelper$$super$transformDownWithPruning(LogicalPlan.scala:37)
[2025-08-10T14:40:02.973+0000] {spark_submit.py:579} INFO - at org.apache.spark.sql.catalyst.plans.logical.AnalysisHelper.transformDownWithPruning(AnalysisHelper.scala:360)
[2025-08-10T14:40:02.973+0000] {spark_submit.py:579} INFO - at org.apache.spark.sql.catalyst.plans.logical.AnalysisHelper.transformDownWithPruning$(AnalysisHelper.scala:356)
[2025-08-10T14:40:02.973+0000] {spark_submit.py:579} INFO - at org.apache.spark.sql.catalyst.plans.logical.LogicalPlan.transformDownWithPruning(LogicalPlan.scala:37)
[2025-08-10T14:40:02.974+0000] {spark_submit.py:579} INFO - at org.apache.spark.sql.catalyst.plans.logical.LogicalPlan.transformDownWithPruning(LogicalPlan.scala:37)
[2025-08-10T14:40:02.974+0000] {spark_submit.py:579} INFO - at org.apache.spark.sql.catalyst.trees.TreeNode.transformDown(TreeNode.scala:446)
[2025-08-10T14:40:02.974+0000] {spark_submit.py:579} INFO - at org.apache.spark.sql.execution.QueryExecution.eagerlyExecuteCommands(QueryExecution.scala:164)
[2025-08-10T14:40:02.974+0000] {spark_submit.py:579} INFO - at org.apache.spark.sql.execution.QueryExecution.$anonfun$lazyCommandExecuted$1(QueryExecution.scala:126)
[2025-08-10T14:40:02.975+0000] {spark_submit.py:579} INFO - at scala.util.Try$.apply(Try.scala:217)
[2025-08-10T14:40:02.975+0000] {spark_submit.py:579} INFO - at org.apache.spark.util.Utils$.doTryWithCallerStacktrace(Utils.scala:1378)
[2025-08-10T14:40:02.975+0000] {spark_submit.py:579} INFO - at org.apache.spark.util.LazyTry.tryT$lzycompute(LazyTry.scala:46)
[2025-08-10T14:40:02.975+0000] {spark_submit.py:579} INFO - at org.apache.spark.util.LazyTry.tryT(LazyTry.scala:46)
[2025-08-10T14:40:02.976+0000] {spark_submit.py:579} INFO - ... 20 more
[2025-08-10T14:40:02.976+0000] {spark_submit.py:579} INFO - 
[2025-08-10T14:40:03.063+0000] {spark_submit.py:579} INFO - 25/08/10 14:40:03 INFO SparkContext: Invoking stop() from shutdown hook
[2025-08-10T14:40:03.064+0000] {spark_submit.py:579} INFO - 25/08/10 14:40:03 INFO SparkContext: SparkContext is stopping with exitCode 0 from run at Executors.java:539.
[2025-08-10T14:40:03.073+0000] {spark_submit.py:579} INFO - 25/08/10 14:40:03 INFO SparkUI: Stopped Spark web UI at http://b165964c8bb3:4040
[2025-08-10T14:40:03.076+0000] {spark_submit.py:579} INFO - 25/08/10 14:40:03 INFO StandaloneSchedulerBackend: Shutting down all executors
[2025-08-10T14:40:03.077+0000] {spark_submit.py:579} INFO - 25/08/10 14:40:03 INFO StandaloneSchedulerBackend$StandaloneDriverEndpoint: Asking each executor to shut down
[2025-08-10T14:40:03.094+0000] {spark_submit.py:579} INFO - 25/08/10 14:40:03 INFO MapOutputTrackerMasterEndpoint: MapOutputTrackerMasterEndpoint stopped!
[2025-08-10T14:40:03.140+0000] {spark_submit.py:579} INFO - 25/08/10 14:40:03 INFO MemoryStore: MemoryStore started with capacity 434.4 MiB
[2025-08-10T14:40:03.140+0000] {spark_submit.py:579} INFO - 25/08/10 14:40:03 INFO MemoryStore: MemoryStore cleared
[2025-08-10T14:40:03.141+0000] {spark_submit.py:579} INFO - 25/08/10 14:40:03 INFO BlockManager: BlockManager stopped
[2025-08-10T14:40:03.147+0000] {spark_submit.py:579} INFO - 25/08/10 14:40:03 INFO BlockManagerMaster: BlockManagerMaster stopped
[2025-08-10T14:40:03.150+0000] {spark_submit.py:579} INFO - 25/08/10 14:40:03 INFO OutputCommitCoordinator$OutputCommitCoordinatorEndpoint: OutputCommitCoordinator stopped!
[2025-08-10T14:40:03.170+0000] {spark_submit.py:579} INFO - 25/08/10 14:40:03 INFO SparkContext: Successfully stopped SparkContext
[2025-08-10T14:40:03.171+0000] {spark_submit.py:579} INFO - 25/08/10 14:40:03 INFO ShutdownHookManager: Shutdown hook called
[2025-08-10T14:40:03.171+0000] {spark_submit.py:579} INFO - 25/08/10 14:40:03 INFO ShutdownHookManager: Deleting directory /tmp/spark-c49bb4f0-a32b-47de-928e-b5a6af7e6162/pyspark-bf67353c-e217-41ba-8722-99b5e7a51ffa
[2025-08-10T14:40:03.193+0000] {spark_submit.py:579} INFO - 25/08/10 14:40:03 INFO ShutdownHookManager: Deleting directory /tmp/spark-21832992-5484-480b-b213-a31ba577ac91
[2025-08-10T14:40:03.210+0000] {spark_submit.py:579} INFO - 25/08/10 14:40:03 INFO ShutdownHookManager: Deleting directory /opt/***/artifacts/spark-fc813dbd-a974-4a96-bd05-9edb8c270e93
[2025-08-10T14:40:03.222+0000] {spark_submit.py:579} INFO - 25/08/10 14:40:03 INFO ShutdownHookManager: Deleting directory /tmp/spark-c49bb4f0-a32b-47de-928e-b5a6af7e6162
[2025-08-10T14:40:03.321+0000] {taskinstance.py:1935} ERROR - Task failed with exception
Traceback (most recent call last):
  File "/home/airflow/.local/lib/python3.10/site-packages/airflow/providers/apache/spark/operators/spark_submit.py", line 174, in execute
    self._hook.submit(self.application)
  File "/home/airflow/.local/lib/python3.10/site-packages/airflow/providers/apache/spark/hooks/spark_submit.py", line 505, in submit
    raise AirflowException(
airflow.exceptions.AirflowException: Cannot execute: spark-submit --master spark://spark-master:7077 --jars /opt/spark/external-jars/spark-mssql-connector_2.11-1.1.0.jar --name arrow-spark --deploy-mode client jobs/python/wordcountjob.py. Error code is: 1.
[2025-08-10T14:40:03.332+0000] {taskinstance.py:1398} INFO - Marking task as FAILED. dag_id=sparking_flow, task_id=python_job, execution_date=20250810T143947, start_date=20250810T143949, end_date=20250810T144003
[2025-08-10T14:40:03.358+0000] {standard_task_runner.py:104} ERROR - Failed to execute job 7 for task python_job (Cannot execute: spark-submit --master spark://spark-master:7077 --jars /opt/spark/external-jars/spark-mssql-connector_2.11-1.1.0.jar --name arrow-spark --deploy-mode client jobs/python/wordcountjob.py. Error code is: 1.; 584)
[2025-08-10T14:40:03.404+0000] {local_task_job_runner.py:228} INFO - Task exited with return code 1
[2025-08-10T14:40:03.447+0000] {taskinstance.py:2776} INFO - 0 downstream tasks scheduled from follow-on schedule check
