[2025-09-08T05:05:37.693+0000] {taskinstance.py:1157} INFO - Dependencies all met for dep_context=non-requeueable deps ti=<TaskInstance: sparking_flow.python_job manual__2025-09-08T05:05:29.541910+00:00 [queued]>
[2025-09-08T05:05:37.702+0000] {taskinstance.py:1157} INFO - Dependencies all met for dep_context=requeueable deps ti=<TaskInstance: sparking_flow.python_job manual__2025-09-08T05:05:29.541910+00:00 [queued]>
[2025-09-08T05:05:37.703+0000] {taskinstance.py:1359} INFO - Starting attempt 1 of 1
[2025-09-08T05:05:37.715+0000] {taskinstance.py:1380} INFO - Executing <Task(SparkSubmitOperator): python_job> on 2025-09-08 05:05:29.541910+00:00
[2025-09-08T05:05:37.728+0000] {standard_task_runner.py:57} INFO - Started process 733 to run task
[2025-09-08T05:05:37.743+0000] {standard_task_runner.py:84} INFO - Running: ['***', 'tasks', 'run', 'sparking_flow', 'python_job', 'manual__2025-09-08T05:05:29.541910+00:00', '--job-id', '15', '--raw', '--subdir', 'DAGS_FOLDER/spark_***.py', '--cfg-path', '/tmp/tmp87e9tohg']
[2025-09-08T05:05:37.747+0000] {standard_task_runner.py:85} INFO - Job 15: Subtask python_job
[2025-09-08T05:05:37.853+0000] {task_command.py:415} INFO - Running <TaskInstance: sparking_flow.python_job manual__2025-09-08T05:05:29.541910+00:00 [running]> on host 05ec214ce74e
[2025-09-08T05:05:37.975+0000] {taskinstance.py:1660} INFO - Exporting env vars: AIRFLOW_CTX_DAG_OWNER='Kudzaishe Manyanya' AIRFLOW_CTX_DAG_ID='sparking_flow' AIRFLOW_CTX_TASK_ID='python_job' AIRFLOW_CTX_EXECUTION_DATE='2025-09-08T05:05:29.541910+00:00' AIRFLOW_CTX_TRY_NUMBER='1' AIRFLOW_CTX_DAG_RUN_ID='manual__2025-09-08T05:05:29.541910+00:00'
[2025-09-08T05:05:37.999+0000] {base.py:73} INFO - Using connection ID 'spark-conn' for task execution.
[2025-09-08T05:05:38.001+0000] {spark_submit.py:403} INFO - Spark-Submit cmd: spark-submit --master spark://spark-master:7077 --jars /opt/spark/external-jars/apache-spark-sql-connector.jar --name arrow-spark --deploy-mode client jobs/python/wordcountjob.py
[2025-09-08T05:05:40.755+0000] {spark_submit.py:579} INFO - WARNING: Using incubator modules: jdk.incubator.vector
[2025-09-08T05:05:44.055+0000] {spark_submit.py:579} INFO - 25/09/08 05:05:44 WARN NativeCodeLoader: Unable to load native-hadoop library for your platform... using builtin-java classes where applicable
[2025-09-08T05:05:47.464+0000] {spark_submit.py:579} INFO - Using Spark's default log4j profile: org/apache/spark/log4j2-defaults.properties
[2025-09-08T05:05:47.472+0000] {spark_submit.py:579} INFO - 25/09/08 05:05:47 INFO SparkContext: Running Spark version 4.0.0
[2025-09-08T05:05:47.475+0000] {spark_submit.py:579} INFO - 25/09/08 05:05:47 INFO SparkContext: OS info Linux, 6.6.87.2-microsoft-standard-WSL2, amd64
[2025-09-08T05:05:47.477+0000] {spark_submit.py:579} INFO - 25/09/08 05:05:47 INFO SparkContext: Java version 17.0.15
[2025-09-08T05:05:47.508+0000] {spark_submit.py:579} INFO - 25/09/08 05:05:47 INFO ResourceUtils: ==============================================================
[2025-09-08T05:05:47.509+0000] {spark_submit.py:579} INFO - 25/09/08 05:05:47 INFO ResourceUtils: No custom resources configured for spark.driver.
[2025-09-08T05:05:47.509+0000] {spark_submit.py:579} INFO - 25/09/08 05:05:47 INFO ResourceUtils: ==============================================================
[2025-09-08T05:05:47.511+0000] {spark_submit.py:579} INFO - 25/09/08 05:05:47 INFO SparkContext: Submitted application: PythonWordCount
[2025-09-08T05:05:47.538+0000] {spark_submit.py:579} INFO - 25/09/08 05:05:47 INFO ResourceProfile: Default ResourceProfile created, executor resources: Map(memory -> name: memory, amount: 1024, script: , vendor: , offHeap -> name: offHeap, amount: 0, script: , vendor: ), task resources: Map(cpus -> name: cpus, amount: 1.0)
[2025-09-08T05:05:47.542+0000] {spark_submit.py:579} INFO - 25/09/08 05:05:47 INFO ResourceProfile: Limiting resource is cpu
[2025-09-08T05:05:47.546+0000] {spark_submit.py:579} INFO - 25/09/08 05:05:47 INFO ResourceProfileManager: Added ResourceProfile id: 0
[2025-09-08T05:05:47.611+0000] {spark_submit.py:579} INFO - 25/09/08 05:05:47 INFO SecurityManager: Changing view acls to: ***
[2025-09-08T05:05:47.613+0000] {spark_submit.py:579} INFO - 25/09/08 05:05:47 INFO SecurityManager: Changing modify acls to: ***
[2025-09-08T05:05:47.614+0000] {spark_submit.py:579} INFO - 25/09/08 05:05:47 INFO SecurityManager: Changing view acls groups to: ***
[2025-09-08T05:05:47.614+0000] {spark_submit.py:579} INFO - 25/09/08 05:05:47 INFO SecurityManager: Changing modify acls groups to: ***
[2025-09-08T05:05:47.618+0000] {spark_submit.py:579} INFO - 25/09/08 05:05:47 INFO SecurityManager: SecurityManager: authentication disabled; ui acls disabled; users with view permissions: *** groups with view permissions: EMPTY; users with modify permissions: ***; groups with modify permissions: EMPTY; RPC SSL disabled
[2025-09-08T05:05:48.053+0000] {spark_submit.py:579} INFO - 25/09/08 05:05:48 INFO Utils: Successfully started service 'sparkDriver' on port 37943.
[2025-09-08T05:05:48.117+0000] {spark_submit.py:579} INFO - 25/09/08 05:05:48 INFO SparkEnv: Registering MapOutputTracker
[2025-09-08T05:05:48.132+0000] {spark_submit.py:579} INFO - 25/09/08 05:05:48 INFO SparkEnv: Registering BlockManagerMaster
[2025-09-08T05:05:48.163+0000] {spark_submit.py:579} INFO - 25/09/08 05:05:48 INFO BlockManagerMasterEndpoint: Using org.apache.spark.storage.DefaultTopologyMapper for getting topology information
[2025-09-08T05:05:48.163+0000] {spark_submit.py:579} INFO - 25/09/08 05:05:48 INFO BlockManagerMasterEndpoint: BlockManagerMasterEndpoint up
[2025-09-08T05:05:48.168+0000] {spark_submit.py:579} INFO - 25/09/08 05:05:48 INFO SparkEnv: Registering BlockManagerMasterHeartbeat
[2025-09-08T05:05:48.231+0000] {spark_submit.py:579} INFO - 25/09/08 05:05:48 INFO DiskBlockManager: Created local directory at /tmp/blockmgr-19a6f5aa-6ee0-40cd-83cc-513031b533f8
[2025-09-08T05:05:48.281+0000] {spark_submit.py:579} INFO - 25/09/08 05:05:48 INFO SparkEnv: Registering OutputCommitCoordinator
[2025-09-08T05:05:48.582+0000] {spark_submit.py:579} INFO - 25/09/08 05:05:48 INFO JettyUtils: Start Jetty 0.0.0.0:4040 for SparkUI
[2025-09-08T05:05:48.703+0000] {spark_submit.py:579} INFO - 25/09/08 05:05:48 INFO Utils: Successfully started service 'SparkUI' on port 4040.
[2025-09-08T05:05:48.743+0000] {spark_submit.py:579} INFO - 25/09/08 05:05:48 INFO SparkContext: Added JAR file:///opt/spark/external-jars/apache-spark-sql-connector.jar at spark://05ec214ce74e:37943/jars/apache-spark-sql-connector.jar with timestamp 1757307947455
[2025-09-08T05:05:48.762+0000] {spark_submit.py:579} INFO - 25/09/08 05:05:48 INFO SecurityManager: Changing view acls to: ***
[2025-09-08T05:05:48.767+0000] {spark_submit.py:579} INFO - 25/09/08 05:05:48 INFO SecurityManager: Changing modify acls to: ***
[2025-09-08T05:05:48.767+0000] {spark_submit.py:579} INFO - 25/09/08 05:05:48 INFO SecurityManager: Changing view acls groups to: ***
[2025-09-08T05:05:48.768+0000] {spark_submit.py:579} INFO - 25/09/08 05:05:48 INFO SecurityManager: Changing modify acls groups to: ***
[2025-09-08T05:05:48.768+0000] {spark_submit.py:579} INFO - 25/09/08 05:05:48 INFO SecurityManager: SecurityManager: authentication disabled; ui acls disabled; users with view permissions: *** groups with view permissions: EMPTY; users with modify permissions: ***; groups with modify permissions: EMPTY; RPC SSL disabled
[2025-09-08T05:05:48.959+0000] {spark_submit.py:579} INFO - 25/09/08 05:05:48 INFO StandaloneAppClient$ClientEndpoint: Connecting to master spark://spark-master:7077...
[2025-09-08T05:05:49.066+0000] {spark_submit.py:579} INFO - 25/09/08 05:05:49 INFO TransportClientFactory: Successfully created connection to spark-master/172.18.0.3:7077 after 42 ms (0 ms spent in bootstraps)
[2025-09-08T05:05:49.918+0000] {spark_submit.py:579} INFO - 25/09/08 05:05:49 INFO StandaloneSchedulerBackend: Connected to Spark cluster with app ID app-20250908050549-0001
[2025-09-08T05:05:49.925+0000] {spark_submit.py:579} INFO - 25/09/08 05:05:49 INFO Utils: Successfully started service 'org.apache.spark.network.netty.NettyBlockTransferService' on port 36699.
[2025-09-08T05:05:49.926+0000] {spark_submit.py:579} INFO - 25/09/08 05:05:49 INFO NettyBlockTransferService: Server created on 05ec214ce74e:36699
[2025-09-08T05:05:49.928+0000] {spark_submit.py:579} INFO - 25/09/08 05:05:49 INFO BlockManager: Using org.apache.spark.storage.RandomBlockReplicationPolicy for block replication policy
[2025-09-08T05:05:49.968+0000] {spark_submit.py:579} INFO - 25/09/08 05:05:49 INFO BlockManagerMaster: Registering BlockManager BlockManagerId(driver, 05ec214ce74e, 36699, None)
[2025-09-08T05:05:50.002+0000] {spark_submit.py:579} INFO - 25/09/08 05:05:50 INFO BlockManagerMasterEndpoint: Registering block manager 05ec214ce74e:36699 with 434.4 MiB RAM, BlockManagerId(driver, 05ec214ce74e, 36699, None)
[2025-09-08T05:05:50.004+0000] {spark_submit.py:579} INFO - 25/09/08 05:05:50 INFO BlockManagerMaster: Registered BlockManager BlockManagerId(driver, 05ec214ce74e, 36699, None)
[2025-09-08T05:05:50.006+0000] {spark_submit.py:579} INFO - 25/09/08 05:05:50 INFO BlockManager: Initialized BlockManager: BlockManagerId(driver, 05ec214ce74e, 36699, None)
[2025-09-08T05:05:50.273+0000] {spark_submit.py:579} INFO - 25/09/08 05:05:50 INFO StandaloneAppClient$ClientEndpoint: Executor added: app-20250908050549-0001/0 on worker-20250908045658-172.18.0.5-39077 (172.18.0.5:39077) with 2 core(s)
[2025-09-08T05:05:50.275+0000] {spark_submit.py:579} INFO - 25/09/08 05:05:50 INFO StandaloneSchedulerBackend: Granted executor ID app-20250908050549-0001/0 on hostPort 172.18.0.5:39077 with 2 core(s), 1024.0 MiB RAM
[2025-09-08T05:05:50.427+0000] {spark_submit.py:579} INFO - 25/09/08 05:05:50 INFO StandaloneSchedulerBackend: SchedulerBackend is ready for scheduling beginning after reached minRegisteredResourcesRatio: 0.0
[2025-09-08T05:05:51.739+0000] {spark_submit.py:579} INFO - 25/09/08 05:05:51 INFO StandaloneAppClient$ClientEndpoint: Executor updated: app-20250908050549-0001/0 is now RUNNING
[2025-09-08T05:05:57.295+0000] {spark_submit.py:579} INFO - dict_keys(['daily', 'daily960', 'live_rapid', 'live_blitz', 'live_bullet', 'live_bughouse', 'live_blitz960', 'live_threecheck', 'live_crazyhouse', 'tactics', 'rush', 'battle'])
[2025-09-08T05:05:58.338+0000] {spark_submit.py:579} INFO - 25/09/08 05:05:58 INFO SharedState: Setting hive.metastore.warehouse.dir ('null') to the value of spark.sql.warehouse.dir.
[2025-09-08T05:05:58.346+0000] {spark_submit.py:579} INFO - 25/09/08 05:05:58 INFO SharedState: Warehouse path is 'file:/opt/***/spark-warehouse'.
[2025-09-08T05:05:58.740+0000] {spark_submit.py:579} INFO - 25/09/08 05:05:58 INFO StandaloneSchedulerBackend$StandaloneDriverEndpoint: Registered executor NettyRpcEndpointRef(spark-client://Executor) (172.18.0.5:50524) with ID 0, ResourceProfileId 0
[2025-09-08T05:05:59.136+0000] {spark_submit.py:579} INFO - 25/09/08 05:05:59 INFO BlockManagerMasterEndpoint: Registering block manager 172.18.0.5:40449 with 434.4 MiB RAM, BlockManagerId(0, 172.18.0.5, 40449, None)
[2025-09-08T05:06:04.206+0000] {spark_submit.py:579} INFO - 25/09/08 05:06:04 WARN SparkStringUtils: Truncated the string representation of a plan since it was too large. This behavior can be adjusted by setting 'spark.sql.debug.maxToStringFields'.
[2025-09-08T05:06:04.633+0000] {spark_submit.py:579} INFO - 25/09/08 05:06:04 INFO CodeGenerator: Code generated in 250.661358 ms
[2025-09-08T05:06:04.739+0000] {spark_submit.py:579} INFO - 25/09/08 05:06:04 INFO SparkContext: Starting job: jdbc at NativeMethodAccessorImpl.java:0
[2025-09-08T05:06:04.777+0000] {spark_submit.py:579} INFO - 25/09/08 05:06:04 INFO DAGScheduler: Got job 0 (jdbc at NativeMethodAccessorImpl.java:0) with 2 output partitions
[2025-09-08T05:06:04.781+0000] {spark_submit.py:579} INFO - 25/09/08 05:06:04 INFO DAGScheduler: Final stage: ResultStage 0 (jdbc at NativeMethodAccessorImpl.java:0)
[2025-09-08T05:06:04.783+0000] {spark_submit.py:579} INFO - 25/09/08 05:06:04 INFO DAGScheduler: Parents of final stage: List()
[2025-09-08T05:06:04.788+0000] {spark_submit.py:579} INFO - 25/09/08 05:06:04 INFO DAGScheduler: Missing parents: List()
[2025-09-08T05:06:04.795+0000] {spark_submit.py:579} INFO - 25/09/08 05:06:04 INFO DAGScheduler: Submitting ResultStage 0 (MapPartitionsRDD[53] at jdbc at NativeMethodAccessorImpl.java:0), which has no missing parents
[2025-09-08T05:06:04.926+0000] {spark_submit.py:579} INFO - 25/09/08 05:06:04 INFO MemoryStore: MemoryStore started with capacity 434.4 MiB
[2025-09-08T05:06:05.040+0000] {spark_submit.py:579} INFO - 25/09/08 05:06:05 INFO MemoryStore: Block broadcast_0 stored as values in memory (estimated size 33.9 KiB, free 434.4 MiB)
[2025-09-08T05:06:05.177+0000] {spark_submit.py:579} INFO - 25/09/08 05:06:05 INFO MemoryStore: Block broadcast_0_piece0 stored as bytes in memory (estimated size 14.5 KiB, free 434.4 MiB)
[2025-09-08T05:06:05.190+0000] {spark_submit.py:579} INFO - 25/09/08 05:06:05 INFO SparkContext: Created broadcast 0 from broadcast at DAGScheduler.scala:1676
[2025-09-08T05:06:05.215+0000] {spark_submit.py:579} INFO - 25/09/08 05:06:05 INFO DAGScheduler: Submitting 2 missing tasks from ResultStage 0 (MapPartitionsRDD[53] at jdbc at NativeMethodAccessorImpl.java:0) (first 15 tasks are for partitions Vector(0, 1))
[2025-09-08T05:06:05.231+0000] {spark_submit.py:579} INFO - 25/09/08 05:06:05 INFO TaskSchedulerImpl: Adding task set 0.0 with 2 tasks resource profile 0
[2025-09-08T05:06:05.278+0000] {spark_submit.py:579} INFO - 25/09/08 05:06:05 INFO TaskSetManager: Starting task 0.0 in stage 0.0 (TID 0) (172.18.0.5,executor 0, partition 0, PROCESS_LOCAL, 17776 bytes)
[2025-09-08T05:06:05.282+0000] {spark_submit.py:579} INFO - 25/09/08 05:06:05 INFO TaskSetManager: Starting task 1.0 in stage 0.0 (TID 1) (172.18.0.5,executor 0, partition 1, PROCESS_LOCAL, 17383 bytes)
[2025-09-08T05:06:13.375+0000] {spark_submit.py:579} INFO - 25/09/08 05:06:13 INFO TaskSetManager: Finished task 0.0 in stage 0.0 (TID 0) in 8096 ms on 172.18.0.5 (executor 0) (1/2)
[2025-09-08T05:06:13.392+0000] {spark_submit.py:579} INFO - 25/09/08 05:06:13 INFO TaskSetManager: Finished task 1.0 in stage 0.0 (TID 1) in 8092 ms on 172.18.0.5 (executor 0) (2/2)
[2025-09-08T05:06:13.392+0000] {spark_submit.py:579} INFO - 25/09/08 05:06:13 INFO TaskSchedulerImpl: Removed TaskSet 0.0 whose tasks have all completed, from pool
[2025-09-08T05:06:13.393+0000] {spark_submit.py:579} INFO - 25/09/08 05:06:13 INFO PythonAccumulatorV2: Connected to AccumulatorServer at host: 127.0.0.1 port: 53047
[2025-09-08T05:06:13.403+0000] {spark_submit.py:579} INFO - 25/09/08 05:06:13 INFO DAGScheduler: ResultStage 0 (jdbc at NativeMethodAccessorImpl.java:0) finished in 8579 ms
[2025-09-08T05:06:13.413+0000] {spark_submit.py:579} INFO - 25/09/08 05:06:13 INFO DAGScheduler: Job 0 is finished. Cancelling potential speculative or zombie tasks for this job
[2025-09-08T05:06:13.414+0000] {spark_submit.py:579} INFO - 25/09/08 05:06:13 INFO TaskSchedulerImpl: Canceling stage 0
[2025-09-08T05:06:13.416+0000] {spark_submit.py:579} INFO - 25/09/08 05:06:13 INFO TaskSchedulerImpl: Killing all running tasks in stage 0: Stage finished
[2025-09-08T05:06:13.425+0000] {spark_submit.py:579} INFO - 25/09/08 05:06:13 INFO DAGScheduler: Job 0 finished: jdbc at NativeMethodAccessorImpl.java:0, took 8688.580173 ms
[2025-09-08T05:06:14.202+0000] {spark_submit.py:579} INFO - table daily has been loaded
[2025-09-08T05:06:14.640+0000] {spark_submit.py:579} INFO - 25/09/08 05:06:14 INFO SparkContext: Starting job: jdbc at NativeMethodAccessorImpl.java:0
[2025-09-08T05:06:14.643+0000] {spark_submit.py:579} INFO - 25/09/08 05:06:14 INFO DAGScheduler: Got job 1 (jdbc at NativeMethodAccessorImpl.java:0) with 2 output partitions
[2025-09-08T05:06:14.644+0000] {spark_submit.py:579} INFO - 25/09/08 05:06:14 INFO DAGScheduler: Final stage: ResultStage 1 (jdbc at NativeMethodAccessorImpl.java:0)
[2025-09-08T05:06:14.644+0000] {spark_submit.py:579} INFO - 25/09/08 05:06:14 INFO DAGScheduler: Parents of final stage: List()
[2025-09-08T05:06:14.645+0000] {spark_submit.py:579} INFO - 25/09/08 05:06:14 INFO DAGScheduler: Missing parents: List()
[2025-09-08T05:06:14.646+0000] {spark_submit.py:579} INFO - 25/09/08 05:06:14 INFO DAGScheduler: Submitting ResultStage 1 (MapPartitionsRDD[57] at jdbc at NativeMethodAccessorImpl.java:0), which has no missing parents
[2025-09-08T05:06:14.660+0000] {spark_submit.py:579} INFO - 25/09/08 05:06:14 INFO MemoryStore: Block broadcast_1 stored as values in memory (estimated size 33.9 KiB, free 434.3 MiB)
[2025-09-08T05:06:14.750+0000] {spark_submit.py:579} INFO - 25/09/08 05:06:14 INFO MemoryStore: Block broadcast_1_piece0 stored as bytes in memory (estimated size 14.5 KiB, free 434.3 MiB)
[2025-09-08T05:06:14.768+0000] {spark_submit.py:579} INFO - 25/09/08 05:06:14 INFO SparkContext: Created broadcast 1 from broadcast at DAGScheduler.scala:1676
[2025-09-08T05:06:14.770+0000] {spark_submit.py:579} INFO - 25/09/08 05:06:14 INFO DAGScheduler: Submitting 2 missing tasks from ResultStage 1 (MapPartitionsRDD[57] at jdbc at NativeMethodAccessorImpl.java:0) (first 15 tasks are for partitions Vector(0, 1))
[2025-09-08T05:06:14.771+0000] {spark_submit.py:579} INFO - 25/09/08 05:06:14 INFO TaskSchedulerImpl: Adding task set 1.0 with 2 tasks resource profile 0
[2025-09-08T05:06:14.778+0000] {spark_submit.py:579} INFO - 25/09/08 05:06:14 INFO TaskSetManager: Starting task 0.0 in stage 1.0 (TID 2) (172.18.0.5,executor 0, partition 0, PROCESS_LOCAL, 18049 bytes)
[2025-09-08T05:06:14.780+0000] {spark_submit.py:579} INFO - 25/09/08 05:06:14 INFO TaskSetManager: Starting task 1.0 in stage 1.0 (TID 3) (172.18.0.5,executor 0, partition 1, PROCESS_LOCAL, 17858 bytes)
[2025-09-08T05:06:15.604+0000] {spark_submit.py:579} INFO - 25/09/08 05:06:15 INFO TaskSetManager: Finished task 1.0 in stage 1.0 (TID 3) in 824 ms on 172.18.0.5 (executor 0) (1/2)
[2025-09-08T05:06:15.614+0000] {spark_submit.py:579} INFO - 25/09/08 05:06:15 INFO TaskSetManager: Finished task 0.0 in stage 1.0 (TID 2) in 828 ms on 172.18.0.5 (executor 0) (2/2)
[2025-09-08T05:06:15.615+0000] {spark_submit.py:579} INFO - 25/09/08 05:06:15 INFO TaskSchedulerImpl: Removed TaskSet 1.0 whose tasks have all completed, from pool
[2025-09-08T05:06:15.616+0000] {spark_submit.py:579} INFO - 25/09/08 05:06:15 INFO DAGScheduler: ResultStage 1 (jdbc at NativeMethodAccessorImpl.java:0) finished in 961 ms
[2025-09-08T05:06:15.616+0000] {spark_submit.py:579} INFO - 25/09/08 05:06:15 INFO DAGScheduler: Job 1 is finished. Cancelling potential speculative or zombie tasks for this job
[2025-09-08T05:06:15.616+0000] {spark_submit.py:579} INFO - 25/09/08 05:06:15 INFO TaskSchedulerImpl: Canceling stage 1
[2025-09-08T05:06:15.617+0000] {spark_submit.py:579} INFO - 25/09/08 05:06:15 INFO TaskSchedulerImpl: Killing all running tasks in stage 1: Stage finished
[2025-09-08T05:06:15.618+0000] {spark_submit.py:579} INFO - 25/09/08 05:06:15 INFO DAGScheduler: Job 1 finished: jdbc at NativeMethodAccessorImpl.java:0, took 971.115407 ms
[2025-09-08T05:06:16.186+0000] {spark_submit.py:579} INFO - table live_rapid has been loaded
[2025-09-08T05:06:16.549+0000] {spark_submit.py:579} INFO - 25/09/08 05:06:16 INFO SparkContext: Starting job: jdbc at NativeMethodAccessorImpl.java:0
[2025-09-08T05:06:16.551+0000] {spark_submit.py:579} INFO - 25/09/08 05:06:16 INFO DAGScheduler: Got job 2 (jdbc at NativeMethodAccessorImpl.java:0) with 2 output partitions
[2025-09-08T05:06:16.551+0000] {spark_submit.py:579} INFO - 25/09/08 05:06:16 INFO DAGScheduler: Final stage: ResultStage 2 (jdbc at NativeMethodAccessorImpl.java:0)
[2025-09-08T05:06:16.551+0000] {spark_submit.py:579} INFO - 25/09/08 05:06:16 INFO DAGScheduler: Parents of final stage: List()
[2025-09-08T05:06:16.552+0000] {spark_submit.py:579} INFO - 25/09/08 05:06:16 INFO DAGScheduler: Missing parents: List()
[2025-09-08T05:06:16.552+0000] {spark_submit.py:579} INFO - 25/09/08 05:06:16 INFO DAGScheduler: Submitting ResultStage 2 (MapPartitionsRDD[61] at jdbc at NativeMethodAccessorImpl.java:0), which has no missing parents
[2025-09-08T05:06:16.559+0000] {spark_submit.py:579} INFO - 25/09/08 05:06:16 INFO MemoryStore: Block broadcast_2 stored as values in memory (estimated size 33.9 KiB, free 434.3 MiB)
[2025-09-08T05:06:16.578+0000] {spark_submit.py:579} INFO - 25/09/08 05:06:16 INFO MemoryStore: Block broadcast_2_piece0 stored as bytes in memory (estimated size 14.6 KiB, free 434.3 MiB)
[2025-09-08T05:06:16.581+0000] {spark_submit.py:579} INFO - 25/09/08 05:06:16 INFO SparkContext: Created broadcast 2 from broadcast at DAGScheduler.scala:1676
[2025-09-08T05:06:16.582+0000] {spark_submit.py:579} INFO - 25/09/08 05:06:16 INFO DAGScheduler: Submitting 2 missing tasks from ResultStage 2 (MapPartitionsRDD[61] at jdbc at NativeMethodAccessorImpl.java:0) (first 15 tasks are for partitions Vector(0, 1))
[2025-09-08T05:06:16.583+0000] {spark_submit.py:579} INFO - 25/09/08 05:06:16 INFO TaskSchedulerImpl: Adding task set 2.0 with 2 tasks resource profile 0
[2025-09-08T05:06:16.585+0000] {spark_submit.py:579} INFO - 25/09/08 05:06:16 INFO TaskSetManager: Starting task 0.0 in stage 2.0 (TID 4) (172.18.0.5,executor 0, partition 0, PROCESS_LOCAL, 18101 bytes)
[2025-09-08T05:06:16.586+0000] {spark_submit.py:579} INFO - 25/09/08 05:06:16 INFO TaskSetManager: Starting task 1.0 in stage 2.0 (TID 5) (172.18.0.5,executor 0, partition 1, PROCESS_LOCAL, 18062 bytes)
[2025-09-08T05:06:17.088+0000] {spark_submit.py:579} INFO - 25/09/08 05:06:17 INFO TaskSetManager: Finished task 0.0 in stage 2.0 (TID 4) in 504 ms on 172.18.0.5 (executor 0) (1/2)
[2025-09-08T05:06:17.345+0000] {spark_submit.py:579} INFO - 25/09/08 05:06:17 INFO TaskSetManager: Finished task 1.0 in stage 2.0 (TID 5) in 760 ms on 172.18.0.5 (executor 0) (2/2)
[2025-09-08T05:06:17.346+0000] {spark_submit.py:579} INFO - 25/09/08 05:06:17 INFO TaskSchedulerImpl: Removed TaskSet 2.0 whose tasks have all completed, from pool
[2025-09-08T05:06:17.354+0000] {spark_submit.py:579} INFO - 25/09/08 05:06:17 INFO DAGScheduler: ResultStage 2 (jdbc at NativeMethodAccessorImpl.java:0) finished in 792 ms
[2025-09-08T05:06:17.356+0000] {spark_submit.py:579} INFO - 25/09/08 05:06:17 INFO DAGScheduler: Job 2 is finished. Cancelling potential speculative or zombie tasks for this job
[2025-09-08T05:06:17.357+0000] {spark_submit.py:579} INFO - 25/09/08 05:06:17 INFO TaskSchedulerImpl: Canceling stage 2
[2025-09-08T05:06:17.358+0000] {spark_submit.py:579} INFO - 25/09/08 05:06:17 INFO TaskSchedulerImpl: Killing all running tasks in stage 2: Stage finished
[2025-09-08T05:06:17.358+0000] {spark_submit.py:579} INFO - 25/09/08 05:06:17 INFO DAGScheduler: Job 2 finished: jdbc at NativeMethodAccessorImpl.java:0, took 799.004731 ms
[2025-09-08T05:06:17.799+0000] {spark_submit.py:579} INFO - table live_blitz has been loaded
[2025-09-08T05:06:18.159+0000] {spark_submit.py:579} INFO - 25/09/08 05:06:18 INFO CodeGenerator: Code generated in 42.660085 ms
[2025-09-08T05:06:18.175+0000] {spark_submit.py:579} INFO - 25/09/08 05:06:18 INFO SparkContext: Starting job: jdbc at NativeMethodAccessorImpl.java:0
[2025-09-08T05:06:18.176+0000] {spark_submit.py:579} INFO - 25/09/08 05:06:18 INFO DAGScheduler: Got job 3 (jdbc at NativeMethodAccessorImpl.java:0) with 2 output partitions
[2025-09-08T05:06:18.177+0000] {spark_submit.py:579} INFO - 25/09/08 05:06:18 INFO DAGScheduler: Final stage: ResultStage 3 (jdbc at NativeMethodAccessorImpl.java:0)
[2025-09-08T05:06:18.177+0000] {spark_submit.py:579} INFO - 25/09/08 05:06:18 INFO DAGScheduler: Parents of final stage: List()
[2025-09-08T05:06:18.178+0000] {spark_submit.py:579} INFO - 25/09/08 05:06:18 INFO DAGScheduler: Missing parents: List()
[2025-09-08T05:06:18.178+0000] {spark_submit.py:579} INFO - 25/09/08 05:06:18 INFO DAGScheduler: Submitting ResultStage 3 (MapPartitionsRDD[65] at jdbc at NativeMethodAccessorImpl.java:0), which has no missing parents
[2025-09-08T05:06:18.183+0000] {spark_submit.py:579} INFO - 25/09/08 05:06:18 INFO MemoryStore: Block broadcast_3 stored as values in memory (estimated size 33.9 KiB, free 434.3 MiB)
[2025-09-08T05:06:18.198+0000] {spark_submit.py:579} INFO - 25/09/08 05:06:18 INFO MemoryStore: Block broadcast_3_piece0 stored as bytes in memory (estimated size 14.5 KiB, free 434.3 MiB)
[2025-09-08T05:06:18.200+0000] {spark_submit.py:579} INFO - 25/09/08 05:06:18 INFO SparkContext: Created broadcast 3 from broadcast at DAGScheduler.scala:1676
[2025-09-08T05:06:18.201+0000] {spark_submit.py:579} INFO - 25/09/08 05:06:18 INFO DAGScheduler: Submitting 2 missing tasks from ResultStage 3 (MapPartitionsRDD[65] at jdbc at NativeMethodAccessorImpl.java:0) (first 15 tasks are for partitions Vector(0, 1))
[2025-09-08T05:06:18.201+0000] {spark_submit.py:579} INFO - 25/09/08 05:06:18 INFO TaskSchedulerImpl: Adding task set 3.0 with 2 tasks resource profile 0
[2025-09-08T05:06:18.203+0000] {spark_submit.py:579} INFO - 25/09/08 05:06:18 INFO TaskSetManager: Starting task 0.0 in stage 3.0 (TID 6) (172.18.0.5,executor 0, partition 0, PROCESS_LOCAL, 18041 bytes)
[2025-09-08T05:06:18.203+0000] {spark_submit.py:579} INFO - 25/09/08 05:06:18 INFO TaskSetManager: Starting task 1.0 in stage 3.0 (TID 7) (172.18.0.5,executor 0, partition 1, PROCESS_LOCAL, 17987 bytes)
[2025-09-08T05:06:18.970+0000] {spark_submit.py:579} INFO - 25/09/08 05:06:18 INFO TaskSetManager: Finished task 0.0 in stage 3.0 (TID 6) in 766 ms on 172.18.0.5 (executor 0) (1/2)
[2025-09-08T05:06:18.971+0000] {spark_submit.py:579} INFO - 25/09/08 05:06:18 INFO TaskSetManager: Finished task 1.0 in stage 3.0 (TID 7) in 767 ms on 172.18.0.5 (executor 0) (2/2)
[2025-09-08T05:06:18.972+0000] {spark_submit.py:579} INFO - 25/09/08 05:06:18 INFO TaskSchedulerImpl: Removed TaskSet 3.0 whose tasks have all completed, from pool
[2025-09-08T05:06:18.974+0000] {spark_submit.py:579} INFO - 25/09/08 05:06:18 INFO DAGScheduler: ResultStage 3 (jdbc at NativeMethodAccessorImpl.java:0) finished in 794 ms
[2025-09-08T05:06:18.975+0000] {spark_submit.py:579} INFO - 25/09/08 05:06:18 INFO DAGScheduler: Job 3 is finished. Cancelling potential speculative or zombie tasks for this job
[2025-09-08T05:06:18.975+0000] {spark_submit.py:579} INFO - 25/09/08 05:06:18 INFO TaskSchedulerImpl: Canceling stage 3
[2025-09-08T05:06:18.976+0000] {spark_submit.py:579} INFO - 25/09/08 05:06:18 INFO TaskSchedulerImpl: Killing all running tasks in stage 3: Stage finished
[2025-09-08T05:06:18.981+0000] {spark_submit.py:579} INFO - 25/09/08 05:06:18 INFO DAGScheduler: Job 3 finished: jdbc at NativeMethodAccessorImpl.java:0, took 801.167833 ms
[2025-09-08T05:06:19.326+0000] {spark_submit.py:579} INFO - table live_bullet has been loaded
[2025-09-08T05:06:19.668+0000] {spark_submit.py:579} INFO - 25/09/08 05:06:19 INFO CodeGenerator: Code generated in 42.273348 ms
[2025-09-08T05:06:19.699+0000] {spark_submit.py:579} INFO - 25/09/08 05:06:19 INFO SparkContext: Starting job: jdbc at NativeMethodAccessorImpl.java:0
[2025-09-08T05:06:19.701+0000] {spark_submit.py:579} INFO - 25/09/08 05:06:19 INFO DAGScheduler: Got job 4 (jdbc at NativeMethodAccessorImpl.java:0) with 2 output partitions
[2025-09-08T05:06:19.709+0000] {spark_submit.py:579} INFO - 25/09/08 05:06:19 INFO DAGScheduler: Final stage: ResultStage 4 (jdbc at NativeMethodAccessorImpl.java:0)
[2025-09-08T05:06:19.710+0000] {spark_submit.py:579} INFO - 25/09/08 05:06:19 INFO DAGScheduler: Parents of final stage: List()
[2025-09-08T05:06:19.710+0000] {spark_submit.py:579} INFO - 25/09/08 05:06:19 INFO DAGScheduler: Missing parents: List()
[2025-09-08T05:06:19.711+0000] {spark_submit.py:579} INFO - 25/09/08 05:06:19 INFO DAGScheduler: Submitting ResultStage 4 (MapPartitionsRDD[69] at jdbc at NativeMethodAccessorImpl.java:0), which has no missing parents
[2025-09-08T05:06:19.712+0000] {spark_submit.py:579} INFO - 25/09/08 05:06:19 INFO MemoryStore: Block broadcast_4 stored as values in memory (estimated size 28.2 KiB, free 434.3 MiB)
[2025-09-08T05:06:19.743+0000] {spark_submit.py:579} INFO - 25/09/08 05:06:19 INFO MemoryStore: Block broadcast_4_piece0 stored as bytes in memory (estimated size 12.6 KiB, free 434.4 MiB)
[2025-09-08T05:06:19.747+0000] {spark_submit.py:579} INFO - 25/09/08 05:06:19 INFO SparkContext: Created broadcast 4 from broadcast at DAGScheduler.scala:1676
[2025-09-08T05:06:19.748+0000] {spark_submit.py:579} INFO - 25/09/08 05:06:19 INFO DAGScheduler: Submitting 2 missing tasks from ResultStage 4 (MapPartitionsRDD[69] at jdbc at NativeMethodAccessorImpl.java:0) (first 15 tasks are for partitions Vector(0, 1))
[2025-09-08T05:06:19.749+0000] {spark_submit.py:579} INFO - 25/09/08 05:06:19 INFO TaskSchedulerImpl: Adding task set 4.0 with 2 tasks resource profile 0
[2025-09-08T05:06:19.752+0000] {spark_submit.py:579} INFO - 25/09/08 05:06:19 INFO TaskSetManager: Starting task 0.0 in stage 4.0 (TID 8) (172.18.0.5,executor 0, partition 0, PROCESS_LOCAL, 9868 bytes)
[2025-09-08T05:06:19.753+0000] {spark_submit.py:579} INFO - 25/09/08 05:06:19 INFO TaskSetManager: Starting task 1.0 in stage 4.0 (TID 9) (172.18.0.5,executor 0, partition 1, PROCESS_LOCAL, 10002 bytes)
[2025-09-08T05:06:20.041+0000] {spark_submit.py:579} INFO - 25/09/08 05:06:20 INFO TaskSetManager: Finished task 0.0 in stage 4.0 (TID 8) in 289 ms on 172.18.0.5 (executor 0) (1/2)
[2025-09-08T05:06:20.279+0000] {spark_submit.py:579} INFO - 25/09/08 05:06:20 INFO TaskSetManager: Finished task 1.0 in stage 4.0 (TID 9) in 527 ms on 172.18.0.5 (executor 0) (2/2)
[2025-09-08T05:06:20.280+0000] {spark_submit.py:579} INFO - 25/09/08 05:06:20 INFO TaskSchedulerImpl: Removed TaskSet 4.0 whose tasks have all completed, from pool
[2025-09-08T05:06:20.281+0000] {spark_submit.py:579} INFO - 25/09/08 05:06:20 INFO DAGScheduler: ResultStage 4 (jdbc at NativeMethodAccessorImpl.java:0) finished in 572 ms
[2025-09-08T05:06:20.282+0000] {spark_submit.py:579} INFO - 25/09/08 05:06:20 INFO DAGScheduler: Job 4 is finished. Cancelling potential speculative or zombie tasks for this job
[2025-09-08T05:06:20.282+0000] {spark_submit.py:579} INFO - 25/09/08 05:06:20 INFO TaskSchedulerImpl: Canceling stage 4
[2025-09-08T05:06:20.283+0000] {spark_submit.py:579} INFO - 25/09/08 05:06:20 INFO TaskSchedulerImpl: Killing all running tasks in stage 4: Stage finished
[2025-09-08T05:06:20.284+0000] {spark_submit.py:579} INFO - 25/09/08 05:06:20 INFO DAGScheduler: Job 4 finished: jdbc at NativeMethodAccessorImpl.java:0, took 581.805744 ms
[2025-09-08T05:06:20.619+0000] {spark_submit.py:579} INFO - table kue_daily has been loaded
[2025-09-08T05:06:21.293+0000] {spark_submit.py:579} INFO - 25/09/08 05:06:21 INFO CodeGenerator: Code generated in 11.802303 ms
[2025-09-08T05:06:21.308+0000] {spark_submit.py:579} INFO - 25/09/08 05:06:21 INFO SparkContext: Starting job: jdbc at NativeMethodAccessorImpl.java:0
[2025-09-08T05:06:21.309+0000] {spark_submit.py:579} INFO - 25/09/08 05:06:21 INFO DAGScheduler: Got job 5 (jdbc at NativeMethodAccessorImpl.java:0) with 2 output partitions
[2025-09-08T05:06:21.310+0000] {spark_submit.py:579} INFO - 25/09/08 05:06:21 INFO DAGScheduler: Final stage: ResultStage 5 (jdbc at NativeMethodAccessorImpl.java:0)
[2025-09-08T05:06:21.310+0000] {spark_submit.py:579} INFO - 25/09/08 05:06:21 INFO DAGScheduler: Parents of final stage: List()
[2025-09-08T05:06:21.310+0000] {spark_submit.py:579} INFO - 25/09/08 05:06:21 INFO DAGScheduler: Missing parents: List()
[2025-09-08T05:06:21.311+0000] {spark_submit.py:579} INFO - 25/09/08 05:06:21 INFO DAGScheduler: Submitting ResultStage 5 (MapPartitionsRDD[73] at jdbc at NativeMethodAccessorImpl.java:0), which has no missing parents
[2025-09-08T05:06:21.312+0000] {spark_submit.py:579} INFO - 25/09/08 05:06:21 INFO MemoryStore: Block broadcast_5 stored as values in memory (estimated size 27.2 KiB, free 434.3 MiB)
[2025-09-08T05:06:21.318+0000] {spark_submit.py:579} INFO - 25/09/08 05:06:21 INFO MemoryStore: Block broadcast_5_piece0 stored as bytes in memory (estimated size 12.4 KiB, free 434.3 MiB)
[2025-09-08T05:06:21.322+0000] {spark_submit.py:579} INFO - 25/09/08 05:06:21 INFO SparkContext: Created broadcast 5 from broadcast at DAGScheduler.scala:1676
[2025-09-08T05:06:21.323+0000] {spark_submit.py:579} INFO - 25/09/08 05:06:21 INFO DAGScheduler: Submitting 2 missing tasks from ResultStage 5 (MapPartitionsRDD[73] at jdbc at NativeMethodAccessorImpl.java:0) (first 15 tasks are for partitions Vector(0, 1))
[2025-09-08T05:06:21.324+0000] {spark_submit.py:579} INFO - 25/09/08 05:06:21 INFO TaskSchedulerImpl: Adding task set 5.0 with 2 tasks resource profile 0
[2025-09-08T05:06:21.326+0000] {spark_submit.py:579} INFO - 25/09/08 05:06:21 INFO TaskSetManager: Starting task 0.0 in stage 5.0 (TID 10) (172.18.0.5,executor 0, partition 0, PROCESS_LOCAL, 9868 bytes)
[2025-09-08T05:06:21.326+0000] {spark_submit.py:579} INFO - 25/09/08 05:06:21 INFO TaskSetManager: Starting task 1.0 in stage 5.0 (TID 11) (172.18.0.5,executor 0, partition 1, PROCESS_LOCAL, 10001 bytes)
[2025-09-08T05:06:21.551+0000] {spark_submit.py:579} INFO - 25/09/08 05:06:21 INFO TaskSetManager: Finished task 0.0 in stage 5.0 (TID 10) in 226 ms on 172.18.0.5 (executor 0) (1/2)
[2025-09-08T05:06:21.778+0000] {spark_submit.py:579} INFO - 25/09/08 05:06:21 INFO TaskSetManager: Finished task 1.0 in stage 5.0 (TID 11) in 453 ms on 172.18.0.5 (executor 0) (2/2)
[2025-09-08T05:06:21.779+0000] {spark_submit.py:579} INFO - 25/09/08 05:06:21 INFO TaskSchedulerImpl: Removed TaskSet 5.0 whose tasks have all completed, from pool
[2025-09-08T05:06:21.779+0000] {spark_submit.py:579} INFO - 25/09/08 05:06:21 INFO DAGScheduler: ResultStage 5 (jdbc at NativeMethodAccessorImpl.java:0) finished in 469 ms
[2025-09-08T05:06:21.779+0000] {spark_submit.py:579} INFO - 25/09/08 05:06:21 INFO DAGScheduler: Job 5 is finished. Cancelling potential speculative or zombie tasks for this job
[2025-09-08T05:06:21.780+0000] {spark_submit.py:579} INFO - 25/09/08 05:06:21 INFO TaskSchedulerImpl: Canceling stage 5
[2025-09-08T05:06:21.780+0000] {spark_submit.py:579} INFO - 25/09/08 05:06:21 INFO TaskSchedulerImpl: Killing all running tasks in stage 5: Stage finished
[2025-09-08T05:06:21.780+0000] {spark_submit.py:579} INFO - 25/09/08 05:06:21 INFO DAGScheduler: Job 5 finished: jdbc at NativeMethodAccessorImpl.java:0, took 471.625952 ms
[2025-09-08T05:06:22.213+0000] {spark_submit.py:579} INFO - table kue_rapid has been loaded
[2025-09-08T05:06:22.483+0000] {spark_submit.py:579} INFO - 25/09/08 05:06:22 INFO SparkContext: Starting job: jdbc at NativeMethodAccessorImpl.java:0
[2025-09-08T05:06:22.484+0000] {spark_submit.py:579} INFO - 25/09/08 05:06:22 INFO DAGScheduler: Got job 6 (jdbc at NativeMethodAccessorImpl.java:0) with 2 output partitions
[2025-09-08T05:06:22.485+0000] {spark_submit.py:579} INFO - 25/09/08 05:06:22 INFO DAGScheduler: Final stage: ResultStage 6 (jdbc at NativeMethodAccessorImpl.java:0)
[2025-09-08T05:06:22.486+0000] {spark_submit.py:579} INFO - 25/09/08 05:06:22 INFO DAGScheduler: Parents of final stage: List()
[2025-09-08T05:06:22.487+0000] {spark_submit.py:579} INFO - 25/09/08 05:06:22 INFO DAGScheduler: Missing parents: List()
[2025-09-08T05:06:22.487+0000] {spark_submit.py:579} INFO - 25/09/08 05:06:22 INFO DAGScheduler: Submitting ResultStage 6 (MapPartitionsRDD[77] at jdbc at NativeMethodAccessorImpl.java:0), which has no missing parents
[2025-09-08T05:06:22.488+0000] {spark_submit.py:579} INFO - 25/09/08 05:06:22 INFO MemoryStore: Block broadcast_6 stored as values in memory (estimated size 27.2 KiB, free 434.3 MiB)
[2025-09-08T05:06:22.496+0000] {spark_submit.py:579} INFO - 25/09/08 05:06:22 INFO MemoryStore: Block broadcast_6_piece0 stored as bytes in memory (estimated size 12.4 KiB, free 434.3 MiB)
[2025-09-08T05:06:22.499+0000] {spark_submit.py:579} INFO - 25/09/08 05:06:22 INFO SparkContext: Created broadcast 6 from broadcast at DAGScheduler.scala:1676
[2025-09-08T05:06:22.500+0000] {spark_submit.py:579} INFO - 25/09/08 05:06:22 INFO DAGScheduler: Submitting 2 missing tasks from ResultStage 6 (MapPartitionsRDD[77] at jdbc at NativeMethodAccessorImpl.java:0) (first 15 tasks are for partitions Vector(0, 1))
[2025-09-08T05:06:22.500+0000] {spark_submit.py:579} INFO - 25/09/08 05:06:22 INFO TaskSchedulerImpl: Adding task set 6.0 with 2 tasks resource profile 0
[2025-09-08T05:06:22.501+0000] {spark_submit.py:579} INFO - 25/09/08 05:06:22 INFO TaskSetManager: Starting task 0.0 in stage 6.0 (TID 12) (172.18.0.5,executor 0, partition 0, PROCESS_LOCAL, 9868 bytes)
[2025-09-08T05:06:22.502+0000] {spark_submit.py:579} INFO - 25/09/08 05:06:22 INFO TaskSetManager: Starting task 1.0 in stage 6.0 (TID 13) (172.18.0.5,executor 0, partition 1, PROCESS_LOCAL, 10001 bytes)
[2025-09-08T05:06:22.689+0000] {spark_submit.py:579} INFO - 25/09/08 05:06:22 INFO TaskSetManager: Finished task 0.0 in stage 6.0 (TID 12) in 187 ms on 172.18.0.5 (executor 0) (1/2)
[2025-09-08T05:06:22.894+0000] {spark_submit.py:579} INFO - 25/09/08 05:06:22 INFO TaskSetManager: Finished task 1.0 in stage 6.0 (TID 13) in 393 ms on 172.18.0.5 (executor 0) (2/2)
[2025-09-08T05:06:22.899+0000] {spark_submit.py:579} INFO - 25/09/08 05:06:22 INFO TaskSchedulerImpl: Removed TaskSet 6.0 whose tasks have all completed, from pool
[2025-09-08T05:06:22.900+0000] {spark_submit.py:579} INFO - 25/09/08 05:06:22 INFO DAGScheduler: ResultStage 6 (jdbc at NativeMethodAccessorImpl.java:0) finished in 410 ms
[2025-09-08T05:06:22.900+0000] {spark_submit.py:579} INFO - 25/09/08 05:06:22 INFO DAGScheduler: Job 6 is finished. Cancelling potential speculative or zombie tasks for this job
[2025-09-08T05:06:22.900+0000] {spark_submit.py:579} INFO - 25/09/08 05:06:22 INFO TaskSchedulerImpl: Canceling stage 6
[2025-09-08T05:06:22.901+0000] {spark_submit.py:579} INFO - 25/09/08 05:06:22 INFO TaskSchedulerImpl: Killing all running tasks in stage 6: Stage finished
[2025-09-08T05:06:22.901+0000] {spark_submit.py:579} INFO - 25/09/08 05:06:22 INFO DAGScheduler: Job 6 finished: jdbc at NativeMethodAccessorImpl.java:0, took 412.465919 ms
[2025-09-08T05:06:23.259+0000] {spark_submit.py:579} INFO - table kue_blitz has been loaded
[2025-09-08T05:06:23.507+0000] {spark_submit.py:579} INFO - 25/09/08 05:06:23 INFO CodeGenerator: Code generated in 8.935478 ms
[2025-09-08T05:06:23.521+0000] {spark_submit.py:579} INFO - 25/09/08 05:06:23 INFO SparkContext: Starting job: jdbc at NativeMethodAccessorImpl.java:0
[2025-09-08T05:06:23.522+0000] {spark_submit.py:579} INFO - 25/09/08 05:06:23 INFO DAGScheduler: Got job 7 (jdbc at NativeMethodAccessorImpl.java:0) with 2 output partitions
[2025-09-08T05:06:23.525+0000] {spark_submit.py:579} INFO - 25/09/08 05:06:23 INFO DAGScheduler: Final stage: ResultStage 7 (jdbc at NativeMethodAccessorImpl.java:0)
[2025-09-08T05:06:23.526+0000] {spark_submit.py:579} INFO - 25/09/08 05:06:23 INFO DAGScheduler: Parents of final stage: List()
[2025-09-08T05:06:23.526+0000] {spark_submit.py:579} INFO - 25/09/08 05:06:23 INFO DAGScheduler: Missing parents: List()
[2025-09-08T05:06:23.527+0000] {spark_submit.py:579} INFO - 25/09/08 05:06:23 INFO DAGScheduler: Submitting ResultStage 7 (MapPartitionsRDD[81] at jdbc at NativeMethodAccessorImpl.java:0), which has no missing parents
[2025-09-08T05:06:23.527+0000] {spark_submit.py:579} INFO - 25/09/08 05:06:23 INFO MemoryStore: Block broadcast_7 stored as values in memory (estimated size 25.8 KiB, free 434.3 MiB)
[2025-09-08T05:06:23.548+0000] {spark_submit.py:579} INFO - 25/09/08 05:06:23 INFO MemoryStore: Block broadcast_7_piece0 stored as bytes in memory (estimated size 12.1 KiB, free 434.3 MiB)
[2025-09-08T05:06:23.568+0000] {spark_submit.py:579} INFO - 25/09/08 05:06:23 INFO SparkContext: Created broadcast 7 from broadcast at DAGScheduler.scala:1676
[2025-09-08T05:06:23.570+0000] {spark_submit.py:579} INFO - 25/09/08 05:06:23 INFO DAGScheduler: Submitting 2 missing tasks from ResultStage 7 (MapPartitionsRDD[81] at jdbc at NativeMethodAccessorImpl.java:0) (first 15 tasks are for partitions Vector(0, 1))
[2025-09-08T05:06:23.570+0000] {spark_submit.py:579} INFO - 25/09/08 05:06:23 INFO TaskSchedulerImpl: Adding task set 7.0 with 2 tasks resource profile 0
[2025-09-08T05:06:23.571+0000] {spark_submit.py:579} INFO - 25/09/08 05:06:23 INFO TaskSetManager: Starting task 0.0 in stage 7.0 (TID 14) (172.18.0.5,executor 0, partition 0, PROCESS_LOCAL, 9868 bytes)
[2025-09-08T05:06:23.572+0000] {spark_submit.py:579} INFO - 25/09/08 05:06:23 INFO TaskSetManager: Starting task 1.0 in stage 7.0 (TID 15) (172.18.0.5,executor 0, partition 1, PROCESS_LOCAL, 9927 bytes)
[2025-09-08T05:06:23.813+0000] {spark_submit.py:579} INFO - 25/09/08 05:06:23 INFO TaskSetManager: Finished task 0.0 in stage 7.0 (TID 14) in 243 ms on 172.18.0.5 (executor 0) (1/2)
[2025-09-08T05:06:24.031+0000] {spark_submit.py:579} INFO - 25/09/08 05:06:24 INFO TaskSetManager: Finished task 1.0 in stage 7.0 (TID 15) in 461 ms on 172.18.0.5 (executor 0) (2/2)
[2025-09-08T05:06:24.032+0000] {spark_submit.py:579} INFO - 25/09/08 05:06:24 INFO TaskSchedulerImpl: Removed TaskSet 7.0 whose tasks have all completed, from pool
[2025-09-08T05:06:24.032+0000] {spark_submit.py:579} INFO - 25/09/08 05:06:24 INFO DAGScheduler: ResultStage 7 (jdbc at NativeMethodAccessorImpl.java:0) finished in 508 ms
[2025-09-08T05:06:24.033+0000] {spark_submit.py:579} INFO - 25/09/08 05:06:24 INFO DAGScheduler: Job 7 is finished. Cancelling potential speculative or zombie tasks for this job
[2025-09-08T05:06:24.033+0000] {spark_submit.py:579} INFO - 25/09/08 05:06:24 INFO TaskSchedulerImpl: Canceling stage 7
[2025-09-08T05:06:24.033+0000] {spark_submit.py:579} INFO - 25/09/08 05:06:24 INFO TaskSchedulerImpl: Killing all running tasks in stage 7: Stage finished
[2025-09-08T05:06:24.034+0000] {spark_submit.py:579} INFO - 25/09/08 05:06:24 INFO DAGScheduler: Job 7 finished: jdbc at NativeMethodAccessorImpl.java:0, took 512.109409 ms
[2025-09-08T05:06:24.467+0000] {spark_submit.py:579} INFO - table kue_bullet has been loaded
[2025-09-08T05:06:24.747+0000] {spark_submit.py:579} INFO - 25/09/08 05:06:24 INFO CodeGenerator: Code generated in 9.002784 ms
[2025-09-08T05:06:24.760+0000] {spark_submit.py:579} INFO - 25/09/08 05:06:24 INFO SparkContext: Starting job: jdbc at NativeMethodAccessorImpl.java:0
[2025-09-08T05:06:24.761+0000] {spark_submit.py:579} INFO - 25/09/08 05:06:24 INFO DAGScheduler: Got job 8 (jdbc at NativeMethodAccessorImpl.java:0) with 2 output partitions
[2025-09-08T05:06:24.765+0000] {spark_submit.py:579} INFO - 25/09/08 05:06:24 INFO DAGScheduler: Final stage: ResultStage 8 (jdbc at NativeMethodAccessorImpl.java:0)
[2025-09-08T05:06:24.766+0000] {spark_submit.py:579} INFO - 25/09/08 05:06:24 INFO DAGScheduler: Parents of final stage: List()
[2025-09-08T05:06:24.766+0000] {spark_submit.py:579} INFO - 25/09/08 05:06:24 INFO DAGScheduler: Missing parents: List()
[2025-09-08T05:06:24.766+0000] {spark_submit.py:579} INFO - 25/09/08 05:06:24 INFO DAGScheduler: Submitting ResultStage 8 (MapPartitionsRDD[85] at jdbc at NativeMethodAccessorImpl.java:0), which has no missing parents
[2025-09-08T05:06:24.767+0000] {spark_submit.py:579} INFO - 25/09/08 05:06:24 INFO MemoryStore: Block broadcast_8 stored as values in memory (estimated size 25.4 KiB, free 434.3 MiB)
[2025-09-08T05:06:24.772+0000] {spark_submit.py:579} INFO - 25/09/08 05:06:24 INFO MemoryStore: Block broadcast_8_piece0 stored as bytes in memory (estimated size 12.1 KiB, free 434.3 MiB)
[2025-09-08T05:06:24.783+0000] {spark_submit.py:579} INFO - 25/09/08 05:06:24 INFO SparkContext: Created broadcast 8 from broadcast at DAGScheduler.scala:1676
[2025-09-08T05:06:24.783+0000] {spark_submit.py:579} INFO - 25/09/08 05:06:24 INFO DAGScheduler: Submitting 2 missing tasks from ResultStage 8 (MapPartitionsRDD[85] at jdbc at NativeMethodAccessorImpl.java:0) (first 15 tasks are for partitions Vector(0, 1))
[2025-09-08T05:06:24.784+0000] {spark_submit.py:579} INFO - 25/09/08 05:06:24 INFO TaskSchedulerImpl: Adding task set 8.0 with 2 tasks resource profile 0
[2025-09-08T05:06:24.784+0000] {spark_submit.py:579} INFO - 25/09/08 05:06:24 INFO TaskSetManager: Starting task 0.0 in stage 8.0 (TID 16) (172.18.0.5,executor 0, partition 0, PROCESS_LOCAL, 9868 bytes)
[2025-09-08T05:06:24.784+0000] {spark_submit.py:579} INFO - 25/09/08 05:06:24 INFO TaskSetManager: Starting task 1.0 in stage 8.0 (TID 17) (172.18.0.5,executor 0, partition 1, PROCESS_LOCAL, 9946 bytes)
[2025-09-08T05:06:24.968+0000] {spark_submit.py:579} INFO - 25/09/08 05:06:24 INFO TaskSetManager: Finished task 0.0 in stage 8.0 (TID 16) in 190 ms on 172.18.0.5 (executor 0) (1/2)
[2025-09-08T05:06:25.197+0000] {spark_submit.py:579} INFO - 25/09/08 05:06:25 INFO TaskSetManager: Finished task 1.0 in stage 8.0 (TID 17) in 419 ms on 172.18.0.5 (executor 0) (2/2)
[2025-09-08T05:06:25.197+0000] {spark_submit.py:579} INFO - 25/09/08 05:06:25 INFO TaskSchedulerImpl: Removed TaskSet 8.0 whose tasks have all completed, from pool
[2025-09-08T05:06:25.198+0000] {spark_submit.py:579} INFO - 25/09/08 05:06:25 INFO DAGScheduler: ResultStage 8 (jdbc at NativeMethodAccessorImpl.java:0) finished in 434 ms
[2025-09-08T05:06:25.198+0000] {spark_submit.py:579} INFO - 25/09/08 05:06:25 INFO DAGScheduler: Job 8 is finished. Cancelling potential speculative or zombie tasks for this job
[2025-09-08T05:06:25.199+0000] {spark_submit.py:579} INFO - 25/09/08 05:06:25 INFO TaskSchedulerImpl: Canceling stage 8
[2025-09-08T05:06:25.199+0000] {spark_submit.py:579} INFO - 25/09/08 05:06:25 INFO TaskSchedulerImpl: Killing all running tasks in stage 8: Stage finished
[2025-09-08T05:06:25.199+0000] {spark_submit.py:579} INFO - 25/09/08 05:06:25 INFO DAGScheduler: Job 8 finished: jdbc at NativeMethodAccessorImpl.java:0, took 438.192147 ms
[2025-09-08T05:06:25.554+0000] {spark_submit.py:579} INFO - table kue_tactics has been loaded
[2025-09-08T05:06:25.798+0000] {spark_submit.py:579} INFO - 25/09/08 05:06:25 INFO CodeGenerator: Code generated in 7.141801 ms
[2025-09-08T05:06:25.811+0000] {spark_submit.py:579} INFO - 25/09/08 05:06:25 INFO SparkContext: Starting job: jdbc at NativeMethodAccessorImpl.java:0
[2025-09-08T05:06:25.812+0000] {spark_submit.py:579} INFO - 25/09/08 05:06:25 INFO DAGScheduler: Got job 9 (jdbc at NativeMethodAccessorImpl.java:0) with 2 output partitions
[2025-09-08T05:06:25.813+0000] {spark_submit.py:579} INFO - 25/09/08 05:06:25 INFO DAGScheduler: Final stage: ResultStage 9 (jdbc at NativeMethodAccessorImpl.java:0)
[2025-09-08T05:06:25.814+0000] {spark_submit.py:579} INFO - 25/09/08 05:06:25 INFO DAGScheduler: Parents of final stage: List()
[2025-09-08T05:06:25.815+0000] {spark_submit.py:579} INFO - 25/09/08 05:06:25 INFO DAGScheduler: Missing parents: List()
[2025-09-08T05:06:25.815+0000] {spark_submit.py:579} INFO - 25/09/08 05:06:25 INFO DAGScheduler: Submitting ResultStage 9 (MapPartitionsRDD[89] at jdbc at NativeMethodAccessorImpl.java:0), which has no missing parents
[2025-09-08T05:06:25.817+0000] {spark_submit.py:579} INFO - 25/09/08 05:06:25 INFO MemoryStore: Block broadcast_9 stored as values in memory (estimated size 23.7 KiB, free 434.3 MiB)
[2025-09-08T05:06:25.826+0000] {spark_submit.py:579} INFO - 25/09/08 05:06:25 INFO MemoryStore: Block broadcast_9_piece0 stored as bytes in memory (estimated size 11.5 KiB, free 434.3 MiB)
[2025-09-08T05:06:25.843+0000] {spark_submit.py:579} INFO - 25/09/08 05:06:25 INFO SparkContext: Created broadcast 9 from broadcast at DAGScheduler.scala:1676
[2025-09-08T05:06:25.844+0000] {spark_submit.py:579} INFO - 25/09/08 05:06:25 INFO DAGScheduler: Submitting 2 missing tasks from ResultStage 9 (MapPartitionsRDD[89] at jdbc at NativeMethodAccessorImpl.java:0) (first 15 tasks are for partitions Vector(0, 1))
[2025-09-08T05:06:25.845+0000] {spark_submit.py:579} INFO - 25/09/08 05:06:25 INFO TaskSchedulerImpl: Adding task set 9.0 with 2 tasks resource profile 0
[2025-09-08T05:06:25.845+0000] {spark_submit.py:579} INFO - 25/09/08 05:06:25 INFO TaskSetManager: Starting task 0.0 in stage 9.0 (TID 18) (172.18.0.5,executor 0, partition 0, PROCESS_LOCAL, 9868 bytes)
[2025-09-08T05:06:25.846+0000] {spark_submit.py:579} INFO - 25/09/08 05:06:25 INFO TaskSetManager: Starting task 1.0 in stage 9.0 (TID 19) (172.18.0.5,executor 0, partition 1, PROCESS_LOCAL, 9899 bytes)
[2025-09-08T05:06:26.051+0000] {spark_submit.py:579} INFO - 25/09/08 05:06:26 INFO TaskSetManager: Finished task 0.0 in stage 9.0 (TID 18) in 218 ms on 172.18.0.5 (executor 0) (1/2)
[2025-09-08T05:06:26.257+0000] {spark_submit.py:579} INFO - 25/09/08 05:06:26 INFO TaskSetManager: Finished task 1.0 in stage 9.0 (TID 19) in 423 ms on 172.18.0.5 (executor 0) (2/2)
[2025-09-08T05:06:26.258+0000] {spark_submit.py:579} INFO - 25/09/08 05:06:26 INFO TaskSchedulerImpl: Removed TaskSet 9.0 whose tasks have all completed, from pool
[2025-09-08T05:06:26.258+0000] {spark_submit.py:579} INFO - 25/09/08 05:06:26 INFO DAGScheduler: ResultStage 9 (jdbc at NativeMethodAccessorImpl.java:0) finished in 443 ms
[2025-09-08T05:06:26.259+0000] {spark_submit.py:579} INFO - 25/09/08 05:06:26 INFO DAGScheduler: Job 9 is finished. Cancelling potential speculative or zombie tasks for this job
[2025-09-08T05:06:26.259+0000] {spark_submit.py:579} INFO - 25/09/08 05:06:26 INFO TaskSchedulerImpl: Canceling stage 9
[2025-09-08T05:06:26.260+0000] {spark_submit.py:579} INFO - 25/09/08 05:06:26 INFO TaskSchedulerImpl: Killing all running tasks in stage 9: Stage finished
[2025-09-08T05:06:26.260+0000] {spark_submit.py:579} INFO - 25/09/08 05:06:26 INFO DAGScheduler: Job 9 finished: jdbc at NativeMethodAccessorImpl.java:0, took 447.623873 ms
[2025-09-08T05:06:26.703+0000] {spark_submit.py:579} INFO - table kue_puzzle_rush has been loaded
[2025-09-08T05:06:28.612+0000] {spark_submit.py:579} INFO - 25/09/08 05:06:28 INFO SparkContext: Invoking stop() from shutdown hook
[2025-09-08T05:06:28.617+0000] {spark_submit.py:579} INFO - 25/09/08 05:06:28 INFO SparkContext: SparkContext is stopping with exitCode 0 from run at Executors.java:539.
[2025-09-08T05:06:28.672+0000] {spark_submit.py:579} INFO - 25/09/08 05:06:28 INFO SparkUI: Stopped Spark web UI at http://05ec214ce74e:4040
[2025-09-08T05:06:28.682+0000] {spark_submit.py:579} INFO - 25/09/08 05:06:28 INFO StandaloneSchedulerBackend: Shutting down all executors
[2025-09-08T05:06:28.683+0000] {spark_submit.py:579} INFO - 25/09/08 05:06:28 INFO StandaloneSchedulerBackend$StandaloneDriverEndpoint: Asking each executor to shut down
[2025-09-08T05:06:28.741+0000] {spark_submit.py:579} INFO - 25/09/08 05:06:28 INFO MapOutputTrackerMasterEndpoint: MapOutputTrackerMasterEndpoint stopped!
[2025-09-08T05:06:29.080+0000] {spark_submit.py:579} INFO - 25/09/08 05:06:29 INFO MemoryStore: MemoryStore cleared
[2025-09-08T05:06:29.081+0000] {spark_submit.py:579} INFO - 25/09/08 05:06:29 INFO BlockManager: BlockManager stopped
[2025-09-08T05:06:29.084+0000] {spark_submit.py:579} INFO - 25/09/08 05:06:29 INFO BlockManagerMaster: BlockManagerMaster stopped
[2025-09-08T05:06:29.090+0000] {spark_submit.py:579} INFO - 25/09/08 05:06:29 INFO OutputCommitCoordinator$OutputCommitCoordinatorEndpoint: OutputCommitCoordinator stopped!
[2025-09-08T05:06:29.203+0000] {spark_submit.py:579} INFO - 25/09/08 05:06:29 INFO SparkContext: Successfully stopped SparkContext
[2025-09-08T05:06:29.203+0000] {spark_submit.py:579} INFO - 25/09/08 05:06:29 INFO ShutdownHookManager: Shutdown hook called
[2025-09-08T05:06:29.204+0000] {spark_submit.py:579} INFO - 25/09/08 05:06:29 INFO ShutdownHookManager: Deleting directory /tmp/spark-ef50b8ce-3b11-43c7-998c-08c31e23647d
[2025-09-08T05:06:29.247+0000] {spark_submit.py:579} INFO - 25/09/08 05:06:29 INFO ShutdownHookManager: Deleting directory /opt/***/artifacts/spark-107d765d-9e4e-4c6f-9986-6711ae25549e
[2025-09-08T05:06:29.287+0000] {spark_submit.py:579} INFO - 25/09/08 05:06:29 INFO ShutdownHookManager: Deleting directory /tmp/spark-ef50b8ce-3b11-43c7-998c-08c31e23647d/pyspark-3d3ccf09-0e12-43a0-b06a-418aac7aa1f8
[2025-09-08T05:06:29.333+0000] {spark_submit.py:579} INFO - 25/09/08 05:06:29 INFO ShutdownHookManager: Deleting directory /tmp/spark-d9b0ca63-8144-4390-8c42-c06f91a4aab2
[2025-09-08T05:06:30.786+0000] {taskinstance.py:1398} INFO - Marking task as SUCCESS. dag_id=sparking_flow, task_id=python_job, execution_date=20250908T050529, start_date=20250908T050537, end_date=20250908T050630
[2025-09-08T05:06:31.386+0000] {local_task_job_runner.py:228} INFO - Task exited with return code 0
[2025-09-08T05:06:31.900+0000] {taskinstance.py:2776} INFO - 1 downstream tasks scheduled from follow-on schedule check
