[2025-09-02T18:08:16.856+0000] {taskinstance.py:1157} INFO - Dependencies all met for dep_context=non-requeueable deps ti=<TaskInstance: sparking_flow.python_job manual__2025-09-02T18:08:12.034765+00:00 [queued]>
[2025-09-02T18:08:16.862+0000] {taskinstance.py:1157} INFO - Dependencies all met for dep_context=requeueable deps ti=<TaskInstance: sparking_flow.python_job manual__2025-09-02T18:08:12.034765+00:00 [queued]>
[2025-09-02T18:08:16.863+0000] {taskinstance.py:1359} INFO - Starting attempt 1 of 1
[2025-09-02T18:08:16.873+0000] {taskinstance.py:1380} INFO - Executing <Task(SparkSubmitOperator): python_job> on 2025-09-02 18:08:12.034765+00:00
[2025-09-02T18:08:16.878+0000] {standard_task_runner.py:57} INFO - Started process 11989 to run task
[2025-09-02T18:08:16.880+0000] {standard_task_runner.py:84} INFO - Running: ['***', 'tasks', 'run', 'sparking_flow', 'python_job', 'manual__2025-09-02T18:08:12.034765+00:00', '--job-id', '71', '--raw', '--subdir', 'DAGS_FOLDER/spark_***.py', '--cfg-path', '/tmp/tmptq02ms0w']
[2025-09-02T18:08:16.883+0000] {standard_task_runner.py:85} INFO - Job 71: Subtask python_job
[2025-09-02T18:08:16.946+0000] {task_command.py:415} INFO - Running <TaskInstance: sparking_flow.python_job manual__2025-09-02T18:08:12.034765+00:00 [running]> on host 7b2a3a75c36f
[2025-09-02T18:08:17.026+0000] {taskinstance.py:1660} INFO - Exporting env vars: AIRFLOW_CTX_DAG_OWNER='Kudzaishe Manyanya' AIRFLOW_CTX_DAG_ID='sparking_flow' AIRFLOW_CTX_TASK_ID='python_job' AIRFLOW_CTX_EXECUTION_DATE='2025-09-02T18:08:12.034765+00:00' AIRFLOW_CTX_TRY_NUMBER='1' AIRFLOW_CTX_DAG_RUN_ID='manual__2025-09-02T18:08:12.034765+00:00'
[2025-09-02T18:08:17.038+0000] {base.py:73} INFO - Using connection ID 'spark-conn' for task execution.
[2025-09-02T18:08:17.039+0000] {spark_submit.py:403} INFO - Spark-Submit cmd: spark-submit --master spark://spark-master:7077 --jars /opt/spark/external-jars/apache-spark-sql-connector.jar --name arrow-spark --deploy-mode client jobs/python/wordcountjob.py
[2025-09-02T18:08:17.764+0000] {spark_submit.py:579} INFO - WARNING: Using incubator modules: jdk.incubator.vector
[2025-09-02T18:08:19.692+0000] {spark_submit.py:579} INFO - 25/09/02 18:08:19 WARN NativeCodeLoader: Unable to load native-hadoop library for your platform... using builtin-java classes where applicable
[2025-09-02T18:08:22.204+0000] {spark_submit.py:579} INFO - Using Spark's default log4j profile: org/apache/spark/log4j2-defaults.properties
[2025-09-02T18:08:22.214+0000] {spark_submit.py:579} INFO - 25/09/02 18:08:22 INFO SparkContext: Running Spark version 4.0.0
[2025-09-02T18:08:22.216+0000] {spark_submit.py:579} INFO - 25/09/02 18:08:22 INFO SparkContext: OS info Linux, 6.6.87.2-microsoft-standard-WSL2, amd64
[2025-09-02T18:08:22.217+0000] {spark_submit.py:579} INFO - 25/09/02 18:08:22 INFO SparkContext: Java version 17.0.15
[2025-09-02T18:08:22.244+0000] {spark_submit.py:579} INFO - 25/09/02 18:08:22 INFO ResourceUtils: ==============================================================
[2025-09-02T18:08:22.244+0000] {spark_submit.py:579} INFO - 25/09/02 18:08:22 INFO ResourceUtils: No custom resources configured for spark.driver.
[2025-09-02T18:08:22.244+0000] {spark_submit.py:579} INFO - 25/09/02 18:08:22 INFO ResourceUtils: ==============================================================
[2025-09-02T18:08:22.245+0000] {spark_submit.py:579} INFO - 25/09/02 18:08:22 INFO SparkContext: Submitted application: PythonWordCount
[2025-09-02T18:08:22.275+0000] {spark_submit.py:579} INFO - 25/09/02 18:08:22 INFO ResourceProfile: Default ResourceProfile created, executor resources: Map(memory -> name: memory, amount: 1024, script: , vendor: , offHeap -> name: offHeap, amount: 0, script: , vendor: ), task resources: Map(cpus -> name: cpus, amount: 1.0)
[2025-09-02T18:08:22.277+0000] {spark_submit.py:579} INFO - 25/09/02 18:08:22 INFO ResourceProfile: Limiting resource is cpu
[2025-09-02T18:08:22.278+0000] {spark_submit.py:579} INFO - 25/09/02 18:08:22 INFO ResourceProfileManager: Added ResourceProfile id: 0
[2025-09-02T18:08:22.323+0000] {spark_submit.py:579} INFO - 25/09/02 18:08:22 INFO SecurityManager: Changing view acls to: ***
[2025-09-02T18:08:22.324+0000] {spark_submit.py:579} INFO - 25/09/02 18:08:22 INFO SecurityManager: Changing modify acls to: ***
[2025-09-02T18:08:22.324+0000] {spark_submit.py:579} INFO - 25/09/02 18:08:22 INFO SecurityManager: Changing view acls groups to: ***
[2025-09-02T18:08:22.325+0000] {spark_submit.py:579} INFO - 25/09/02 18:08:22 INFO SecurityManager: Changing modify acls groups to: ***
[2025-09-02T18:08:22.327+0000] {spark_submit.py:579} INFO - 25/09/02 18:08:22 INFO SecurityManager: SecurityManager: authentication disabled; ui acls disabled; users with view permissions: *** groups with view permissions: EMPTY; users with modify permissions: ***; groups with modify permissions: EMPTY; RPC SSL disabled
[2025-09-02T18:08:22.566+0000] {spark_submit.py:579} INFO - 25/09/02 18:08:22 INFO Utils: Successfully started service 'sparkDriver' on port 44767.
[2025-09-02T18:08:22.596+0000] {spark_submit.py:579} INFO - 25/09/02 18:08:22 INFO SparkEnv: Registering MapOutputTracker
[2025-09-02T18:08:22.610+0000] {spark_submit.py:579} INFO - 25/09/02 18:08:22 INFO SparkEnv: Registering BlockManagerMaster
[2025-09-02T18:08:22.628+0000] {spark_submit.py:579} INFO - 25/09/02 18:08:22 INFO BlockManagerMasterEndpoint: Using org.apache.spark.storage.DefaultTopologyMapper for getting topology information
[2025-09-02T18:08:22.629+0000] {spark_submit.py:579} INFO - 25/09/02 18:08:22 INFO BlockManagerMasterEndpoint: BlockManagerMasterEndpoint up
[2025-09-02T18:08:22.633+0000] {spark_submit.py:579} INFO - 25/09/02 18:08:22 INFO SparkEnv: Registering BlockManagerMasterHeartbeat
[2025-09-02T18:08:22.663+0000] {spark_submit.py:579} INFO - 25/09/02 18:08:22 INFO DiskBlockManager: Created local directory at /tmp/blockmgr-f4634f81-678e-45dc-b705-5979b0f7f954
[2025-09-02T18:08:22.684+0000] {spark_submit.py:579} INFO - 25/09/02 18:08:22 INFO SparkEnv: Registering OutputCommitCoordinator
[2025-09-02T18:08:22.822+0000] {spark_submit.py:579} INFO - 25/09/02 18:08:22 INFO JettyUtils: Start Jetty 0.0.0.0:4040 for SparkUI
[2025-09-02T18:08:22.886+0000] {spark_submit.py:579} INFO - 25/09/02 18:08:22 INFO Utils: Successfully started service 'SparkUI' on port 4040.
[2025-09-02T18:08:22.921+0000] {spark_submit.py:579} INFO - 25/09/02 18:08:22 INFO SparkContext: Added JAR file:///opt/spark/external-jars/apache-spark-sql-connector.jar at spark://7b2a3a75c36f:44767/jars/apache-spark-sql-connector.jar with timestamp 1756836502194
[2025-09-02T18:08:22.940+0000] {spark_submit.py:579} INFO - 25/09/02 18:08:22 INFO SecurityManager: Changing view acls to: ***
[2025-09-02T18:08:22.941+0000] {spark_submit.py:579} INFO - 25/09/02 18:08:22 INFO SecurityManager: Changing modify acls to: ***
[2025-09-02T18:08:22.941+0000] {spark_submit.py:579} INFO - 25/09/02 18:08:22 INFO SecurityManager: Changing view acls groups to: ***
[2025-09-02T18:08:22.942+0000] {spark_submit.py:579} INFO - 25/09/02 18:08:22 INFO SecurityManager: Changing modify acls groups to: ***
[2025-09-02T18:08:22.942+0000] {spark_submit.py:579} INFO - 25/09/02 18:08:22 INFO SecurityManager: SecurityManager: authentication disabled; ui acls disabled; users with view permissions: *** groups with view permissions: EMPTY; users with modify permissions: ***; groups with modify permissions: EMPTY; RPC SSL disabled
[2025-09-02T18:08:23.095+0000] {spark_submit.py:579} INFO - 25/09/02 18:08:23 INFO StandaloneAppClient$ClientEndpoint: Connecting to master spark://spark-master:7077...
[2025-09-02T18:08:23.149+0000] {spark_submit.py:579} INFO - 25/09/02 18:08:23 INFO TransportClientFactory: Successfully created connection to spark-master/172.18.0.3:7077 after 25 ms (0 ms spent in bootstraps)
[2025-09-02T18:08:23.470+0000] {spark_submit.py:579} INFO - 25/09/02 18:08:23 INFO StandaloneSchedulerBackend: Connected to Spark cluster with app ID app-20250902180823-0009
[2025-09-02T18:08:23.480+0000] {spark_submit.py:579} INFO - 25/09/02 18:08:23 INFO Utils: Successfully started service 'org.apache.spark.network.netty.NettyBlockTransferService' on port 34637.
[2025-09-02T18:08:23.480+0000] {spark_submit.py:579} INFO - 25/09/02 18:08:23 INFO NettyBlockTransferService: Server created on 7b2a3a75c36f:34637
[2025-09-02T18:08:23.482+0000] {spark_submit.py:579} INFO - 25/09/02 18:08:23 INFO BlockManager: Using org.apache.spark.storage.RandomBlockReplicationPolicy for block replication policy
[2025-09-02T18:08:23.489+0000] {spark_submit.py:579} INFO - 25/09/02 18:08:23 INFO StandaloneAppClient$ClientEndpoint: Executor added: app-20250902180823-0009/0 on worker-20250902012700-172.18.0.5-42501 (172.18.0.5:42501) with 2 core(s)
[2025-09-02T18:08:23.492+0000] {spark_submit.py:579} INFO - 25/09/02 18:08:23 INFO StandaloneSchedulerBackend: Granted executor ID app-20250902180823-0009/0 on hostPort 172.18.0.5:42501 with 2 core(s), 1024.0 MiB RAM
[2025-09-02T18:08:23.497+0000] {spark_submit.py:579} INFO - 25/09/02 18:08:23 INFO BlockManagerMaster: Registering BlockManager BlockManagerId(driver, 7b2a3a75c36f, 34637, None)
[2025-09-02T18:08:23.504+0000] {spark_submit.py:579} INFO - 25/09/02 18:08:23 INFO BlockManagerMasterEndpoint: Registering block manager 7b2a3a75c36f:34637 with 434.4 MiB RAM, BlockManagerId(driver, 7b2a3a75c36f, 34637, None)
[2025-09-02T18:08:23.507+0000] {spark_submit.py:579} INFO - 25/09/02 18:08:23 INFO BlockManagerMaster: Registered BlockManager BlockManagerId(driver, 7b2a3a75c36f, 34637, None)
[2025-09-02T18:08:23.508+0000] {spark_submit.py:579} INFO - 25/09/02 18:08:23 INFO BlockManager: Initialized BlockManager: BlockManagerId(driver, 7b2a3a75c36f, 34637, None)
[2025-09-02T18:08:23.682+0000] {spark_submit.py:579} INFO - 25/09/02 18:08:23 INFO StandaloneSchedulerBackend: SchedulerBackend is ready for scheduling beginning after reached minRegisteredResourcesRatio: 0.0
[2025-09-02T18:08:24.194+0000] {spark_submit.py:579} INFO - 25/09/02 18:08:24 INFO StandaloneAppClient$ClientEndpoint: Executor updated: app-20250902180823-0009/0 is now RUNNING
[2025-09-02T18:08:27.423+0000] {spark_submit.py:579} INFO - 25/09/02 18:08:27 INFO StandaloneSchedulerBackend$StandaloneDriverEndpoint: Registered executor NettyRpcEndpointRef(spark-client://Executor) (172.18.0.5:51776) with ID 0, ResourceProfileId 0
[2025-09-02T18:08:27.549+0000] {spark_submit.py:579} INFO - 25/09/02 18:08:27 INFO BlockManagerMasterEndpoint: Registering block manager 172.18.0.5:35279 with 434.4 MiB RAM, BlockManagerId(0, 172.18.0.5, 35279, None)
[2025-09-02T18:08:28.172+0000] {spark_submit.py:579} INFO - dict_keys(['daily', 'daily960', 'live_rapid', 'live_blitz', 'live_bullet', 'live_bughouse', 'live_blitz960', 'live_threecheck', 'live_crazyhouse', 'tactics', 'rush', 'battle'])
[2025-09-02T18:08:28.688+0000] {spark_submit.py:579} INFO - 25/09/02 18:08:28 INFO SharedState: Setting hive.metastore.warehouse.dir ('null') to the value of spark.sql.warehouse.dir.
[2025-09-02T18:08:28.691+0000] {spark_submit.py:579} INFO - 25/09/02 18:08:28 INFO SharedState: Warehouse path is 'file:/opt/***/spark-warehouse'.
[2025-09-02T18:08:31.435+0000] {spark_submit.py:579} INFO - 25/09/02 18:08:31 WARN SparkStringUtils: Truncated the string representation of a plan since it was too large. This behavior can be adjusted by setting 'spark.sql.debug.maxToStringFields'.
[2025-09-02T18:08:31.763+0000] {spark_submit.py:579} INFO - 25/09/02 18:08:31 INFO CodeGenerator: Code generated in 185.108137 ms
[2025-09-02T18:08:31.831+0000] {spark_submit.py:579} INFO - 25/09/02 18:08:31 INFO SparkContext: Starting job: jdbc at NativeMethodAccessorImpl.java:0
[2025-09-02T18:08:31.854+0000] {spark_submit.py:579} INFO - 25/09/02 18:08:31 INFO DAGScheduler: Got job 0 (jdbc at NativeMethodAccessorImpl.java:0) with 2 output partitions
[2025-09-02T18:08:31.856+0000] {spark_submit.py:579} INFO - 25/09/02 18:08:31 INFO DAGScheduler: Final stage: ResultStage 0 (jdbc at NativeMethodAccessorImpl.java:0)
[2025-09-02T18:08:31.857+0000] {spark_submit.py:579} INFO - 25/09/02 18:08:31 INFO DAGScheduler: Parents of final stage: List()
[2025-09-02T18:08:31.859+0000] {spark_submit.py:579} INFO - 25/09/02 18:08:31 INFO DAGScheduler: Missing parents: List()
[2025-09-02T18:08:31.863+0000] {spark_submit.py:579} INFO - 25/09/02 18:08:31 INFO DAGScheduler: Submitting ResultStage 0 (MapPartitionsRDD[53] at jdbc at NativeMethodAccessorImpl.java:0), which has no missing parents
[2025-09-02T18:08:31.928+0000] {spark_submit.py:579} INFO - 25/09/02 18:08:31 INFO MemoryStore: MemoryStore started with capacity 434.4 MiB
[2025-09-02T18:08:31.950+0000] {spark_submit.py:579} INFO - 25/09/02 18:08:31 INFO MemoryStore: Block broadcast_0 stored as values in memory (estimated size 32.9 KiB, free 434.4 MiB)
[2025-09-02T18:08:31.987+0000] {spark_submit.py:579} INFO - 25/09/02 18:08:31 INFO MemoryStore: Block broadcast_0_piece0 stored as bytes in memory (estimated size 14.2 KiB, free 434.4 MiB)
[2025-09-02T18:08:31.997+0000] {spark_submit.py:579} INFO - 25/09/02 18:08:31 INFO SparkContext: Created broadcast 0 from broadcast at DAGScheduler.scala:1676
[2025-09-02T18:08:32.011+0000] {spark_submit.py:579} INFO - 25/09/02 18:08:32 INFO DAGScheduler: Submitting 2 missing tasks from ResultStage 0 (MapPartitionsRDD[53] at jdbc at NativeMethodAccessorImpl.java:0) (first 15 tasks are for partitions Vector(0, 1))
[2025-09-02T18:08:32.020+0000] {spark_submit.py:579} INFO - 25/09/02 18:08:32 INFO TaskSchedulerImpl: Adding task set 0.0 with 2 tasks resource profile 0
[2025-09-02T18:08:32.044+0000] {spark_submit.py:579} INFO - 25/09/02 18:08:32 INFO TaskSetManager: Starting task 0.0 in stage 0.0 (TID 0) (172.18.0.5,executor 0, partition 0, PROCESS_LOCAL, 18625 bytes)
[2025-09-02T18:08:32.047+0000] {spark_submit.py:579} INFO - 25/09/02 18:08:32 INFO TaskSetManager: Starting task 1.0 in stage 0.0 (TID 1) (172.18.0.5,executor 0, partition 1, PROCESS_LOCAL, 18372 bytes)
[2025-09-02T18:08:36.378+0000] {spark_submit.py:579} INFO - 25/09/02 18:08:36 INFO TaskSetManager: Finished task 0.0 in stage 0.0 (TID 0) in 4343 ms on 172.18.0.5 (executor 0) (1/2)
[2025-09-02T18:08:36.381+0000] {spark_submit.py:579} INFO - 25/09/02 18:08:36 INFO PythonAccumulatorV2: Connected to AccumulatorServer at host: 127.0.0.1 port: 42805
[2025-09-02T18:08:36.510+0000] {spark_submit.py:579} INFO - 25/09/02 18:08:36 INFO TaskSetManager: Finished task 1.0 in stage 0.0 (TID 1) in 4464 ms on 172.18.0.5 (executor 0) (2/2)
[2025-09-02T18:08:36.512+0000] {spark_submit.py:579} INFO - 25/09/02 18:08:36 INFO TaskSchedulerImpl: Removed TaskSet 0.0 whose tasks have all completed, from pool
[2025-09-02T18:08:36.513+0000] {spark_submit.py:579} INFO - 25/09/02 18:08:36 INFO DAGScheduler: ResultStage 0 (jdbc at NativeMethodAccessorImpl.java:0) finished in 4636 ms
[2025-09-02T18:08:36.516+0000] {spark_submit.py:579} INFO - 25/09/02 18:08:36 INFO DAGScheduler: Job 0 is finished. Cancelling potential speculative or zombie tasks for this job
[2025-09-02T18:08:36.517+0000] {spark_submit.py:579} INFO - 25/09/02 18:08:36 INFO TaskSchedulerImpl: Canceling stage 0
[2025-09-02T18:08:36.518+0000] {spark_submit.py:579} INFO - 25/09/02 18:08:36 INFO TaskSchedulerImpl: Killing all running tasks in stage 0: Stage finished
[2025-09-02T18:08:36.521+0000] {spark_submit.py:579} INFO - 25/09/02 18:08:36 INFO DAGScheduler: Job 0 finished: jdbc at NativeMethodAccessorImpl.java:0, took 4692.593484 ms
[2025-09-02T18:08:37.184+0000] {spark_submit.py:579} INFO - table daily has been loaded
[2025-09-02T18:08:37.595+0000] {spark_submit.py:579} INFO - 25/09/02 18:08:37 INFO CodeGenerator: Code generated in 23.481853 ms
[2025-09-02T18:08:37.622+0000] {spark_submit.py:579} INFO - 25/09/02 18:08:37 INFO SparkContext: Starting job: jdbc at NativeMethodAccessorImpl.java:0
[2025-09-02T18:08:37.623+0000] {spark_submit.py:579} INFO - 25/09/02 18:08:37 INFO DAGScheduler: Got job 1 (jdbc at NativeMethodAccessorImpl.java:0) with 2 output partitions
[2025-09-02T18:08:37.624+0000] {spark_submit.py:579} INFO - 25/09/02 18:08:37 INFO DAGScheduler: Final stage: ResultStage 1 (jdbc at NativeMethodAccessorImpl.java:0)
[2025-09-02T18:08:37.624+0000] {spark_submit.py:579} INFO - 25/09/02 18:08:37 INFO DAGScheduler: Parents of final stage: List()
[2025-09-02T18:08:37.625+0000] {spark_submit.py:579} INFO - 25/09/02 18:08:37 INFO DAGScheduler: Missing parents: List()
[2025-09-02T18:08:37.626+0000] {spark_submit.py:579} INFO - 25/09/02 18:08:37 INFO DAGScheduler: Submitting ResultStage 1 (MapPartitionsRDD[57] at jdbc at NativeMethodAccessorImpl.java:0), which has no missing parents
[2025-09-02T18:08:37.628+0000] {spark_submit.py:579} INFO - 25/09/02 18:08:37 INFO MemoryStore: Block broadcast_1 stored as values in memory (estimated size 33.8 KiB, free 434.3 MiB)
[2025-09-02T18:08:37.638+0000] {spark_submit.py:579} INFO - 25/09/02 18:08:37 INFO MemoryStore: Block broadcast_1_piece0 stored as bytes in memory (estimated size 14.5 KiB, free 434.3 MiB)
[2025-09-02T18:08:37.639+0000] {spark_submit.py:579} INFO - 25/09/02 18:08:37 INFO SparkContext: Created broadcast 1 from broadcast at DAGScheduler.scala:1676
[2025-09-02T18:08:37.646+0000] {spark_submit.py:579} INFO - 25/09/02 18:08:37 INFO DAGScheduler: Submitting 2 missing tasks from ResultStage 1 (MapPartitionsRDD[57] at jdbc at NativeMethodAccessorImpl.java:0) (first 15 tasks are for partitions Vector(0, 1))
[2025-09-02T18:08:37.648+0000] {spark_submit.py:579} INFO - 25/09/02 18:08:37 INFO TaskSchedulerImpl: Adding task set 1.0 with 2 tasks resource profile 0
[2025-09-02T18:08:37.652+0000] {spark_submit.py:579} INFO - 25/09/02 18:08:37 INFO TaskSetManager: Starting task 0.0 in stage 1.0 (TID 2) (172.18.0.5,executor 0, partition 0, PROCESS_LOCAL, 18049 bytes)
[2025-09-02T18:08:37.653+0000] {spark_submit.py:579} INFO - 25/09/02 18:08:37 INFO TaskSetManager: Starting task 1.0 in stage 1.0 (TID 3) (172.18.0.5,executor 0, partition 1, PROCESS_LOCAL, 17867 bytes)
[2025-09-02T18:08:38.362+0000] {spark_submit.py:579} INFO - 25/09/02 18:08:38 INFO TaskSetManager: Finished task 1.0 in stage 1.0 (TID 3) in 719 ms on 172.18.0.5 (executor 0) (1/2)
[2025-09-02T18:08:38.751+0000] {spark_submit.py:579} INFO - 25/09/02 18:08:38 INFO TaskSetManager: Finished task 0.0 in stage 1.0 (TID 2) in 1110 ms on 172.18.0.5 (executor 0) (2/2)
[2025-09-02T18:08:38.752+0000] {spark_submit.py:579} INFO - 25/09/02 18:08:38 INFO TaskSchedulerImpl: Removed TaskSet 1.0 whose tasks have all completed, from pool
[2025-09-02T18:08:38.753+0000] {spark_submit.py:579} INFO - 25/09/02 18:08:38 INFO DAGScheduler: ResultStage 1 (jdbc at NativeMethodAccessorImpl.java:0) finished in 1127 ms
[2025-09-02T18:08:38.753+0000] {spark_submit.py:579} INFO - 25/09/02 18:08:38 INFO DAGScheduler: Job 1 is finished. Cancelling potential speculative or zombie tasks for this job
[2025-09-02T18:08:38.754+0000] {spark_submit.py:579} INFO - 25/09/02 18:08:38 INFO TaskSchedulerImpl: Canceling stage 1
[2025-09-02T18:08:38.755+0000] {spark_submit.py:579} INFO - 25/09/02 18:08:38 INFO TaskSchedulerImpl: Killing all running tasks in stage 1: Stage finished
[2025-09-02T18:08:38.755+0000] {spark_submit.py:579} INFO - 25/09/02 18:08:38 INFO DAGScheduler: Job 1 finished: jdbc at NativeMethodAccessorImpl.java:0, took 1131.615834 ms
[2025-09-02T18:08:39.508+0000] {spark_submit.py:579} INFO - table live_rapid has been loaded
[2025-09-02T18:08:40.229+0000] {spark_submit.py:579} INFO - 25/09/02 18:08:40 INFO SparkContext: Starting job: jdbc at NativeMethodAccessorImpl.java:0
[2025-09-02T18:08:40.230+0000] {spark_submit.py:579} INFO - 25/09/02 18:08:40 INFO DAGScheduler: Got job 2 (jdbc at NativeMethodAccessorImpl.java:0) with 2 output partitions
[2025-09-02T18:08:40.230+0000] {spark_submit.py:579} INFO - 25/09/02 18:08:40 INFO DAGScheduler: Final stage: ResultStage 2 (jdbc at NativeMethodAccessorImpl.java:0)
[2025-09-02T18:08:40.230+0000] {spark_submit.py:579} INFO - 25/09/02 18:08:40 INFO DAGScheduler: Parents of final stage: List()
[2025-09-02T18:08:40.230+0000] {spark_submit.py:579} INFO - 25/09/02 18:08:40 INFO DAGScheduler: Missing parents: List()
[2025-09-02T18:08:40.231+0000] {spark_submit.py:579} INFO - 25/09/02 18:08:40 INFO DAGScheduler: Submitting ResultStage 2 (MapPartitionsRDD[61] at jdbc at NativeMethodAccessorImpl.java:0), which has no missing parents
[2025-09-02T18:08:40.235+0000] {spark_submit.py:579} INFO - 25/09/02 18:08:40 INFO MemoryStore: Block broadcast_2 stored as values in memory (estimated size 33.8 KiB, free 434.3 MiB)
[2025-09-02T18:08:40.243+0000] {spark_submit.py:579} INFO - 25/09/02 18:08:40 INFO MemoryStore: Block broadcast_2_piece0 stored as bytes in memory (estimated size 14.5 KiB, free 434.3 MiB)
[2025-09-02T18:08:40.246+0000] {spark_submit.py:579} INFO - 25/09/02 18:08:40 INFO SparkContext: Created broadcast 2 from broadcast at DAGScheduler.scala:1676
[2025-09-02T18:08:40.249+0000] {spark_submit.py:579} INFO - 25/09/02 18:08:40 INFO DAGScheduler: Submitting 2 missing tasks from ResultStage 2 (MapPartitionsRDD[61] at jdbc at NativeMethodAccessorImpl.java:0) (first 15 tasks are for partitions Vector(0, 1))
[2025-09-02T18:08:40.251+0000] {spark_submit.py:579} INFO - 25/09/02 18:08:40 INFO TaskSchedulerImpl: Adding task set 2.0 with 2 tasks resource profile 0
[2025-09-02T18:08:40.252+0000] {spark_submit.py:579} INFO - 25/09/02 18:08:40 INFO TaskSetManager: Starting task 0.0 in stage 2.0 (TID 4) (172.18.0.5,executor 0, partition 0, PROCESS_LOCAL, 18131 bytes)
[2025-09-02T18:08:40.253+0000] {spark_submit.py:579} INFO - 25/09/02 18:08:40 INFO TaskSetManager: Starting task 1.0 in stage 2.0 (TID 5) (172.18.0.5,executor 0, partition 1, PROCESS_LOCAL, 18095 bytes)
[2025-09-02T18:08:40.846+0000] {spark_submit.py:579} INFO - 25/09/02 18:08:40 INFO TaskSetManager: Finished task 1.0 in stage 2.0 (TID 5) in 596 ms on 172.18.0.5 (executor 0) (1/2)
[2025-09-02T18:08:40.846+0000] {spark_submit.py:579} INFO - 25/09/02 18:08:40 INFO TaskSetManager: Finished task 0.0 in stage 2.0 (TID 4) in 598 ms on 172.18.0.5 (executor 0) (2/2)
[2025-09-02T18:08:40.847+0000] {spark_submit.py:579} INFO - 25/09/02 18:08:40 INFO TaskSchedulerImpl: Removed TaskSet 2.0 whose tasks have all completed, from pool
[2025-09-02T18:08:40.847+0000] {spark_submit.py:579} INFO - 25/09/02 18:08:40 INFO DAGScheduler: ResultStage 2 (jdbc at NativeMethodAccessorImpl.java:0) finished in 615 ms
[2025-09-02T18:08:40.847+0000] {spark_submit.py:579} INFO - 25/09/02 18:08:40 INFO DAGScheduler: Job 2 is finished. Cancelling potential speculative or zombie tasks for this job
[2025-09-02T18:08:40.851+0000] {spark_submit.py:579} INFO - 25/09/02 18:08:40 INFO TaskSchedulerImpl: Canceling stage 2
[2025-09-02T18:08:40.851+0000] {spark_submit.py:579} INFO - 25/09/02 18:08:40 INFO TaskSchedulerImpl: Killing all running tasks in stage 2: Stage finished
[2025-09-02T18:08:40.852+0000] {spark_submit.py:579} INFO - 25/09/02 18:08:40 INFO DAGScheduler: Job 2 finished: jdbc at NativeMethodAccessorImpl.java:0, took 618.835469 ms
[2025-09-02T18:08:42.193+0000] {spark_submit.py:579} INFO - table live_blitz has been loaded
[2025-09-02T18:08:43.638+0000] {spark_submit.py:579} INFO - 25/09/02 18:08:43 INFO CodeGenerator: Code generated in 19.736659 ms
[2025-09-02T18:08:43.651+0000] {spark_submit.py:579} INFO - 25/09/02 18:08:43 INFO SparkContext: Starting job: jdbc at NativeMethodAccessorImpl.java:0
[2025-09-02T18:08:43.652+0000] {spark_submit.py:579} INFO - 25/09/02 18:08:43 INFO DAGScheduler: Got job 3 (jdbc at NativeMethodAccessorImpl.java:0) with 2 output partitions
[2025-09-02T18:08:43.652+0000] {spark_submit.py:579} INFO - 25/09/02 18:08:43 INFO DAGScheduler: Final stage: ResultStage 3 (jdbc at NativeMethodAccessorImpl.java:0)
[2025-09-02T18:08:43.653+0000] {spark_submit.py:579} INFO - 25/09/02 18:08:43 INFO DAGScheduler: Parents of final stage: List()
[2025-09-02T18:08:43.653+0000] {spark_submit.py:579} INFO - 25/09/02 18:08:43 INFO DAGScheduler: Missing parents: List()
[2025-09-02T18:08:43.653+0000] {spark_submit.py:579} INFO - 25/09/02 18:08:43 INFO DAGScheduler: Submitting ResultStage 3 (MapPartitionsRDD[65] at jdbc at NativeMethodAccessorImpl.java:0), which has no missing parents
[2025-09-02T18:08:43.655+0000] {spark_submit.py:579} INFO - 25/09/02 18:08:43 INFO MemoryStore: Block broadcast_3 stored as values in memory (estimated size 33.8 KiB, free 434.3 MiB)
[2025-09-02T18:08:43.661+0000] {spark_submit.py:579} INFO - 25/09/02 18:08:43 INFO MemoryStore: Block broadcast_3_piece0 stored as bytes in memory (estimated size 14.5 KiB, free 434.3 MiB)
[2025-09-02T18:08:43.662+0000] {spark_submit.py:579} INFO - 25/09/02 18:08:43 INFO SparkContext: Created broadcast 3 from broadcast at DAGScheduler.scala:1676
[2025-09-02T18:08:43.663+0000] {spark_submit.py:579} INFO - 25/09/02 18:08:43 INFO DAGScheduler: Submitting 2 missing tasks from ResultStage 3 (MapPartitionsRDD[65] at jdbc at NativeMethodAccessorImpl.java:0) (first 15 tasks are for partitions Vector(0, 1))
[2025-09-02T18:08:43.664+0000] {spark_submit.py:579} INFO - 25/09/02 18:08:43 INFO TaskSchedulerImpl: Adding task set 3.0 with 2 tasks resource profile 0
[2025-09-02T18:08:43.666+0000] {spark_submit.py:579} INFO - 25/09/02 18:08:43 INFO TaskSetManager: Starting task 0.0 in stage 3.0 (TID 6) (172.18.0.5,executor 0, partition 0, PROCESS_LOCAL, 18098 bytes)
[2025-09-02T18:08:43.667+0000] {spark_submit.py:579} INFO - 25/09/02 18:08:43 INFO TaskSetManager: Starting task 1.0 in stage 3.0 (TID 7) (172.18.0.5,executor 0, partition 1, PROCESS_LOCAL, 18049 bytes)
[2025-09-02T18:08:44.146+0000] {spark_submit.py:579} INFO - 25/09/02 18:08:44 INFO TaskSetManager: Finished task 0.0 in stage 3.0 (TID 6) in 481 ms on 172.18.0.5 (executor 0) (1/2)
[2025-09-02T18:08:44.601+0000] {spark_submit.py:579} INFO - 25/09/02 18:08:44 INFO TaskSetManager: Finished task 1.0 in stage 3.0 (TID 7) in 936 ms on 172.18.0.5 (executor 0) (2/2)
[2025-09-02T18:08:44.602+0000] {spark_submit.py:579} INFO - 25/09/02 18:08:44 INFO TaskSchedulerImpl: Removed TaskSet 3.0 whose tasks have all completed, from pool
[2025-09-02T18:08:44.603+0000] {spark_submit.py:579} INFO - 25/09/02 18:08:44 INFO DAGScheduler: ResultStage 3 (jdbc at NativeMethodAccessorImpl.java:0) finished in 949 ms
[2025-09-02T18:08:44.603+0000] {spark_submit.py:579} INFO - 25/09/02 18:08:44 INFO DAGScheduler: Job 3 is finished. Cancelling potential speculative or zombie tasks for this job
[2025-09-02T18:08:44.603+0000] {spark_submit.py:579} INFO - 25/09/02 18:08:44 INFO TaskSchedulerImpl: Canceling stage 3
[2025-09-02T18:08:44.603+0000] {spark_submit.py:579} INFO - 25/09/02 18:08:44 INFO TaskSchedulerImpl: Killing all running tasks in stage 3: Stage finished
[2025-09-02T18:08:44.604+0000] {spark_submit.py:579} INFO - 25/09/02 18:08:44 INFO DAGScheduler: Job 3 finished: jdbc at NativeMethodAccessorImpl.java:0, took 951.149142 ms
[2025-09-02T18:08:45.035+0000] {spark_submit.py:579} INFO - table live_bullet has been loaded
[2025-09-02T18:08:45.325+0000] {spark_submit.py:579} INFO - 25/09/02 18:08:45 INFO CodeGenerator: Code generated in 10.031247 ms
[2025-09-02T18:08:45.335+0000] {spark_submit.py:579} INFO - 25/09/02 18:08:45 INFO SparkContext: Starting job: jdbc at NativeMethodAccessorImpl.java:0
[2025-09-02T18:08:45.337+0000] {spark_submit.py:579} INFO - 25/09/02 18:08:45 INFO DAGScheduler: Got job 4 (jdbc at NativeMethodAccessorImpl.java:0) with 2 output partitions
[2025-09-02T18:08:45.337+0000] {spark_submit.py:579} INFO - 25/09/02 18:08:45 INFO DAGScheduler: Final stage: ResultStage 4 (jdbc at NativeMethodAccessorImpl.java:0)
[2025-09-02T18:08:45.338+0000] {spark_submit.py:579} INFO - 25/09/02 18:08:45 INFO DAGScheduler: Parents of final stage: List()
[2025-09-02T18:08:45.338+0000] {spark_submit.py:579} INFO - 25/09/02 18:08:45 INFO DAGScheduler: Missing parents: List()
[2025-09-02T18:08:45.338+0000] {spark_submit.py:579} INFO - 25/09/02 18:08:45 INFO DAGScheduler: Submitting ResultStage 4 (MapPartitionsRDD[69] at jdbc at NativeMethodAccessorImpl.java:0), which has no missing parents
[2025-09-02T18:08:45.339+0000] {spark_submit.py:579} INFO - 25/09/02 18:08:45 INFO MemoryStore: Block broadcast_4 stored as values in memory (estimated size 28.1 KiB, free 434.3 MiB)
[2025-09-02T18:08:45.345+0000] {spark_submit.py:579} INFO - 25/09/02 18:08:45 INFO MemoryStore: Block broadcast_4_piece0 stored as bytes in memory (estimated size 12.5 KiB, free 434.3 MiB)
[2025-09-02T18:08:45.348+0000] {spark_submit.py:579} INFO - 25/09/02 18:08:45 INFO SparkContext: Created broadcast 4 from broadcast at DAGScheduler.scala:1676
[2025-09-02T18:08:45.349+0000] {spark_submit.py:579} INFO - 25/09/02 18:08:45 INFO DAGScheduler: Submitting 2 missing tasks from ResultStage 4 (MapPartitionsRDD[69] at jdbc at NativeMethodAccessorImpl.java:0) (first 15 tasks are for partitions Vector(0, 1))
[2025-09-02T18:08:45.349+0000] {spark_submit.py:579} INFO - 25/09/02 18:08:45 INFO TaskSchedulerImpl: Adding task set 4.0 with 2 tasks resource profile 0
[2025-09-02T18:08:45.351+0000] {spark_submit.py:579} INFO - 25/09/02 18:08:45 INFO TaskSetManager: Starting task 0.0 in stage 4.0 (TID 8) (172.18.0.5,executor 0, partition 0, PROCESS_LOCAL, 9868 bytes)
[2025-09-02T18:08:45.352+0000] {spark_submit.py:579} INFO - 25/09/02 18:08:45 INFO TaskSetManager: Starting task 1.0 in stage 4.0 (TID 9) (172.18.0.5,executor 0, partition 1, PROCESS_LOCAL, 10002 bytes)
[2025-09-02T18:08:45.565+0000] {spark_submit.py:579} INFO - 25/09/02 18:08:45 INFO TaskSetManager: Finished task 0.0 in stage 4.0 (TID 8) in 215 ms on 172.18.0.5 (executor 0) (1/2)
[2025-09-02T18:08:46.843+0000] {spark_submit.py:579} INFO - 25/09/02 18:08:46 INFO TaskSetManager: Finished task 1.0 in stage 4.0 (TID 9) in 1492 ms on 172.18.0.5 (executor 0) (2/2)
[2025-09-02T18:08:46.844+0000] {spark_submit.py:579} INFO - 25/09/02 18:08:46 INFO TaskSchedulerImpl: Removed TaskSet 4.0 whose tasks have all completed, from pool
[2025-09-02T18:08:46.844+0000] {spark_submit.py:579} INFO - 25/09/02 18:08:46 INFO DAGScheduler: ResultStage 4 (jdbc at NativeMethodAccessorImpl.java:0) finished in 1506 ms
[2025-09-02T18:08:46.844+0000] {spark_submit.py:579} INFO - 25/09/02 18:08:46 INFO DAGScheduler: Job 4 is finished. Cancelling potential speculative or zombie tasks for this job
[2025-09-02T18:08:46.845+0000] {spark_submit.py:579} INFO - 25/09/02 18:08:46 INFO TaskSchedulerImpl: Canceling stage 4
[2025-09-02T18:08:46.845+0000] {spark_submit.py:579} INFO - 25/09/02 18:08:46 INFO TaskSchedulerImpl: Killing all running tasks in stage 4: Stage finished
[2025-09-02T18:08:46.845+0000] {spark_submit.py:579} INFO - 25/09/02 18:08:46 INFO DAGScheduler: Job 4 finished: jdbc at NativeMethodAccessorImpl.java:0, took 1509.163705 ms
[2025-09-02T18:08:47.291+0000] {spark_submit.py:579} INFO - table kue_daily has been loaded
[2025-09-02T18:08:47.632+0000] {spark_submit.py:579} INFO - 25/09/02 18:08:47 INFO CodeGenerator: Code generated in 8.240842 ms
[2025-09-02T18:08:47.643+0000] {spark_submit.py:579} INFO - 25/09/02 18:08:47 INFO SparkContext: Starting job: jdbc at NativeMethodAccessorImpl.java:0
[2025-09-02T18:08:47.644+0000] {spark_submit.py:579} INFO - 25/09/02 18:08:47 INFO DAGScheduler: Got job 5 (jdbc at NativeMethodAccessorImpl.java:0) with 2 output partitions
[2025-09-02T18:08:47.645+0000] {spark_submit.py:579} INFO - 25/09/02 18:08:47 INFO DAGScheduler: Final stage: ResultStage 5 (jdbc at NativeMethodAccessorImpl.java:0)
[2025-09-02T18:08:47.645+0000] {spark_submit.py:579} INFO - 25/09/02 18:08:47 INFO DAGScheduler: Parents of final stage: List()
[2025-09-02T18:08:47.645+0000] {spark_submit.py:579} INFO - 25/09/02 18:08:47 INFO DAGScheduler: Missing parents: List()
[2025-09-02T18:08:47.646+0000] {spark_submit.py:579} INFO - 25/09/02 18:08:47 INFO DAGScheduler: Submitting ResultStage 5 (MapPartitionsRDD[73] at jdbc at NativeMethodAccessorImpl.java:0), which has no missing parents
[2025-09-02T18:08:47.647+0000] {spark_submit.py:579} INFO - 25/09/02 18:08:47 INFO MemoryStore: Block broadcast_5 stored as values in memory (estimated size 27.1 KiB, free 434.3 MiB)
[2025-09-02T18:08:47.655+0000] {spark_submit.py:579} INFO - 25/09/02 18:08:47 INFO MemoryStore: Block broadcast_5_piece0 stored as bytes in memory (estimated size 12.4 KiB, free 434.3 MiB)
[2025-09-02T18:08:47.658+0000] {spark_submit.py:579} INFO - 25/09/02 18:08:47 INFO SparkContext: Created broadcast 5 from broadcast at DAGScheduler.scala:1676
[2025-09-02T18:08:47.659+0000] {spark_submit.py:579} INFO - 25/09/02 18:08:47 INFO DAGScheduler: Submitting 2 missing tasks from ResultStage 5 (MapPartitionsRDD[73] at jdbc at NativeMethodAccessorImpl.java:0) (first 15 tasks are for partitions Vector(0, 1))
[2025-09-02T18:08:47.660+0000] {spark_submit.py:579} INFO - 25/09/02 18:08:47 INFO TaskSchedulerImpl: Adding task set 5.0 with 2 tasks resource profile 0
[2025-09-02T18:08:47.660+0000] {spark_submit.py:579} INFO - 25/09/02 18:08:47 INFO TaskSetManager: Starting task 0.0 in stage 5.0 (TID 10) (172.18.0.5,executor 0, partition 0, PROCESS_LOCAL, 9868 bytes)
[2025-09-02T18:08:47.661+0000] {spark_submit.py:579} INFO - 25/09/02 18:08:47 INFO TaskSetManager: Starting task 1.0 in stage 5.0 (TID 11) (172.18.0.5,executor 0, partition 1, PROCESS_LOCAL, 10001 bytes)
[2025-09-02T18:08:47.834+0000] {spark_submit.py:579} INFO - 25/09/02 18:08:47 INFO TaskSetManager: Finished task 0.0 in stage 5.0 (TID 10) in 175 ms on 172.18.0.5 (executor 0) (1/2)
[2025-09-02T18:08:48.165+0000] {spark_submit.py:579} INFO - 25/09/02 18:08:48 INFO TaskSetManager: Finished task 1.0 in stage 5.0 (TID 11) in 504 ms on 172.18.0.5 (executor 0) (2/2)
[2025-09-02T18:08:48.165+0000] {spark_submit.py:579} INFO - 25/09/02 18:08:48 INFO TaskSchedulerImpl: Removed TaskSet 5.0 whose tasks have all completed, from pool
[2025-09-02T18:08:48.166+0000] {spark_submit.py:579} INFO - 25/09/02 18:08:48 INFO DAGScheduler: ResultStage 5 (jdbc at NativeMethodAccessorImpl.java:0) finished in 519 ms
[2025-09-02T18:08:48.166+0000] {spark_submit.py:579} INFO - 25/09/02 18:08:48 INFO DAGScheduler: Job 5 is finished. Cancelling potential speculative or zombie tasks for this job
[2025-09-02T18:08:48.167+0000] {spark_submit.py:579} INFO - 25/09/02 18:08:48 INFO TaskSchedulerImpl: Canceling stage 5
[2025-09-02T18:08:48.167+0000] {spark_submit.py:579} INFO - 25/09/02 18:08:48 INFO TaskSchedulerImpl: Killing all running tasks in stage 5: Stage finished
[2025-09-02T18:08:48.167+0000] {spark_submit.py:579} INFO - 25/09/02 18:08:48 INFO DAGScheduler: Job 5 finished: jdbc at NativeMethodAccessorImpl.java:0, took 522.669671 ms
[2025-09-02T18:08:48.758+0000] {spark_submit.py:579} INFO - table kue_rapid has been loaded
[2025-09-02T18:08:49.127+0000] {spark_submit.py:579} INFO - 25/09/02 18:08:49 INFO SparkContext: Starting job: jdbc at NativeMethodAccessorImpl.java:0
[2025-09-02T18:08:49.128+0000] {spark_submit.py:579} INFO - 25/09/02 18:08:49 INFO DAGScheduler: Got job 6 (jdbc at NativeMethodAccessorImpl.java:0) with 2 output partitions
[2025-09-02T18:08:49.129+0000] {spark_submit.py:579} INFO - 25/09/02 18:08:49 INFO DAGScheduler: Final stage: ResultStage 6 (jdbc at NativeMethodAccessorImpl.java:0)
[2025-09-02T18:08:49.129+0000] {spark_submit.py:579} INFO - 25/09/02 18:08:49 INFO DAGScheduler: Parents of final stage: List()
[2025-09-02T18:08:49.130+0000] {spark_submit.py:579} INFO - 25/09/02 18:08:49 INFO DAGScheduler: Missing parents: List()
[2025-09-02T18:08:49.131+0000] {spark_submit.py:579} INFO - 25/09/02 18:08:49 INFO DAGScheduler: Submitting ResultStage 6 (MapPartitionsRDD[77] at jdbc at NativeMethodAccessorImpl.java:0), which has no missing parents
[2025-09-02T18:08:49.132+0000] {spark_submit.py:579} INFO - 25/09/02 18:08:49 INFO MemoryStore: Block broadcast_6 stored as values in memory (estimated size 27.1 KiB, free 434.3 MiB)
[2025-09-02T18:08:49.140+0000] {spark_submit.py:579} INFO - 25/09/02 18:08:49 INFO MemoryStore: Block broadcast_6_piece0 stored as bytes in memory (estimated size 12.4 KiB, free 434.3 MiB)
[2025-09-02T18:08:49.143+0000] {spark_submit.py:579} INFO - 25/09/02 18:08:49 INFO SparkContext: Created broadcast 6 from broadcast at DAGScheduler.scala:1676
[2025-09-02T18:08:49.144+0000] {spark_submit.py:579} INFO - 25/09/02 18:08:49 INFO DAGScheduler: Submitting 2 missing tasks from ResultStage 6 (MapPartitionsRDD[77] at jdbc at NativeMethodAccessorImpl.java:0) (first 15 tasks are for partitions Vector(0, 1))
[2025-09-02T18:08:49.145+0000] {spark_submit.py:579} INFO - 25/09/02 18:08:49 INFO TaskSchedulerImpl: Adding task set 6.0 with 2 tasks resource profile 0
[2025-09-02T18:08:49.146+0000] {spark_submit.py:579} INFO - 25/09/02 18:08:49 INFO TaskSetManager: Starting task 0.0 in stage 6.0 (TID 12) (172.18.0.5,executor 0, partition 0, PROCESS_LOCAL, 9868 bytes)
[2025-09-02T18:08:49.146+0000] {spark_submit.py:579} INFO - 25/09/02 18:08:49 INFO TaskSetManager: Starting task 1.0 in stage 6.0 (TID 13) (172.18.0.5,executor 0, partition 1, PROCESS_LOCAL, 10001 bytes)
[2025-09-02T18:08:49.306+0000] {spark_submit.py:579} INFO - 25/09/02 18:08:49 INFO TaskSetManager: Finished task 0.0 in stage 6.0 (TID 12) in 161 ms on 172.18.0.5 (executor 0) (1/2)
[2025-09-02T18:08:49.663+0000] {spark_submit.py:579} INFO - 25/09/02 18:08:49 INFO TaskSetManager: Finished task 1.0 in stage 6.0 (TID 13) in 516 ms on 172.18.0.5 (executor 0) (2/2)
[2025-09-02T18:08:49.665+0000] {spark_submit.py:579} INFO - 25/09/02 18:08:49 INFO TaskSchedulerImpl: Removed TaskSet 6.0 whose tasks have all completed, from pool
[2025-09-02T18:08:49.666+0000] {spark_submit.py:579} INFO - 25/09/02 18:08:49 INFO DAGScheduler: ResultStage 6 (jdbc at NativeMethodAccessorImpl.java:0) finished in 536 ms
[2025-09-02T18:08:49.668+0000] {spark_submit.py:579} INFO - 25/09/02 18:08:49 INFO DAGScheduler: Job 6 is finished. Cancelling potential speculative or zombie tasks for this job
[2025-09-02T18:08:49.672+0000] {spark_submit.py:579} INFO - 25/09/02 18:08:49 INFO TaskSchedulerImpl: Canceling stage 6
[2025-09-02T18:08:49.673+0000] {spark_submit.py:579} INFO - 25/09/02 18:08:49 INFO TaskSchedulerImpl: Killing all running tasks in stage 6: Stage finished
[2025-09-02T18:08:49.674+0000] {spark_submit.py:579} INFO - 25/09/02 18:08:49 INFO DAGScheduler: Job 6 finished: jdbc at NativeMethodAccessorImpl.java:0, took 540.886453 ms
[2025-09-02T18:08:50.456+0000] {spark_submit.py:579} INFO - table kue_blitz has been loaded
[2025-09-02T18:08:51.263+0000] {spark_submit.py:579} INFO - 25/09/02 18:08:51 INFO CodeGenerator: Code generated in 7.315137 ms
[2025-09-02T18:08:51.275+0000] {spark_submit.py:579} INFO - 25/09/02 18:08:51 INFO SparkContext: Starting job: jdbc at NativeMethodAccessorImpl.java:0
[2025-09-02T18:08:51.277+0000] {spark_submit.py:579} INFO - 25/09/02 18:08:51 INFO DAGScheduler: Got job 7 (jdbc at NativeMethodAccessorImpl.java:0) with 2 output partitions
[2025-09-02T18:08:51.277+0000] {spark_submit.py:579} INFO - 25/09/02 18:08:51 INFO DAGScheduler: Final stage: ResultStage 7 (jdbc at NativeMethodAccessorImpl.java:0)
[2025-09-02T18:08:51.277+0000] {spark_submit.py:579} INFO - 25/09/02 18:08:51 INFO DAGScheduler: Parents of final stage: List()
[2025-09-02T18:08:51.278+0000] {spark_submit.py:579} INFO - 25/09/02 18:08:51 INFO DAGScheduler: Missing parents: List()
[2025-09-02T18:08:51.278+0000] {spark_submit.py:579} INFO - 25/09/02 18:08:51 INFO DAGScheduler: Submitting ResultStage 7 (MapPartitionsRDD[81] at jdbc at NativeMethodAccessorImpl.java:0), which has no missing parents
[2025-09-02T18:08:51.280+0000] {spark_submit.py:579} INFO - 25/09/02 18:08:51 INFO MemoryStore: Block broadcast_7 stored as values in memory (estimated size 25.7 KiB, free 434.3 MiB)
[2025-09-02T18:08:51.288+0000] {spark_submit.py:579} INFO - 25/09/02 18:08:51 INFO MemoryStore: Block broadcast_7_piece0 stored as bytes in memory (estimated size 12.1 KiB, free 434.3 MiB)
[2025-09-02T18:08:51.291+0000] {spark_submit.py:579} INFO - 25/09/02 18:08:51 INFO SparkContext: Created broadcast 7 from broadcast at DAGScheduler.scala:1676
[2025-09-02T18:08:51.292+0000] {spark_submit.py:579} INFO - 25/09/02 18:08:51 INFO DAGScheduler: Submitting 2 missing tasks from ResultStage 7 (MapPartitionsRDD[81] at jdbc at NativeMethodAccessorImpl.java:0) (first 15 tasks are for partitions Vector(0, 1))
[2025-09-02T18:08:51.293+0000] {spark_submit.py:579} INFO - 25/09/02 18:08:51 INFO TaskSchedulerImpl: Adding task set 7.0 with 2 tasks resource profile 0
[2025-09-02T18:08:51.297+0000] {spark_submit.py:579} INFO - 25/09/02 18:08:51 INFO TaskSetManager: Starting task 0.0 in stage 7.0 (TID 14) (172.18.0.5,executor 0, partition 0, PROCESS_LOCAL, 9868 bytes)
[2025-09-02T18:08:51.297+0000] {spark_submit.py:579} INFO - 25/09/02 18:08:51 INFO TaskSetManager: Starting task 1.0 in stage 7.0 (TID 15) (172.18.0.5,executor 0, partition 1, PROCESS_LOCAL, 9927 bytes)
[2025-09-02T18:08:51.487+0000] {spark_submit.py:579} INFO - 25/09/02 18:08:51 INFO TaskSetManager: Finished task 0.0 in stage 7.0 (TID 14) in 193 ms on 172.18.0.5 (executor 0) (1/2)
[2025-09-02T18:08:51.738+0000] {spark_submit.py:579} INFO - 25/09/02 18:08:51 INFO TaskSetManager: Finished task 1.0 in stage 7.0 (TID 15) in 444 ms on 172.18.0.5 (executor 0) (2/2)
[2025-09-02T18:08:51.739+0000] {spark_submit.py:579} INFO - 25/09/02 18:08:51 INFO TaskSchedulerImpl: Removed TaskSet 7.0 whose tasks have all completed, from pool
[2025-09-02T18:08:51.739+0000] {spark_submit.py:579} INFO - 25/09/02 18:08:51 INFO DAGScheduler: ResultStage 7 (jdbc at NativeMethodAccessorImpl.java:0) finished in 461 ms
[2025-09-02T18:08:51.739+0000] {spark_submit.py:579} INFO - 25/09/02 18:08:51 INFO DAGScheduler: Job 7 is finished. Cancelling potential speculative or zombie tasks for this job
[2025-09-02T18:08:51.742+0000] {spark_submit.py:579} INFO - 25/09/02 18:08:51 INFO TaskSchedulerImpl: Canceling stage 7
[2025-09-02T18:08:51.742+0000] {spark_submit.py:579} INFO - 25/09/02 18:08:51 INFO TaskSchedulerImpl: Killing all running tasks in stage 7: Stage finished
[2025-09-02T18:08:51.742+0000] {spark_submit.py:579} INFO - 25/09/02 18:08:51 INFO DAGScheduler: Job 7 finished: jdbc at NativeMethodAccessorImpl.java:0, took 464.137477 ms
[2025-09-02T18:08:52.143+0000] {spark_submit.py:579} INFO - table kue_bullet has been loaded
[2025-09-02T18:08:52.511+0000] {spark_submit.py:579} INFO - 25/09/02 18:08:52 INFO CodeGenerator: Code generated in 6.090096 ms
[2025-09-02T18:08:52.523+0000] {spark_submit.py:579} INFO - 25/09/02 18:08:52 INFO SparkContext: Starting job: jdbc at NativeMethodAccessorImpl.java:0
[2025-09-02T18:08:52.525+0000] {spark_submit.py:579} INFO - 25/09/02 18:08:52 INFO DAGScheduler: Got job 8 (jdbc at NativeMethodAccessorImpl.java:0) with 2 output partitions
[2025-09-02T18:08:52.526+0000] {spark_submit.py:579} INFO - 25/09/02 18:08:52 INFO DAGScheduler: Final stage: ResultStage 8 (jdbc at NativeMethodAccessorImpl.java:0)
[2025-09-02T18:08:52.526+0000] {spark_submit.py:579} INFO - 25/09/02 18:08:52 INFO DAGScheduler: Parents of final stage: List()
[2025-09-02T18:08:52.526+0000] {spark_submit.py:579} INFO - 25/09/02 18:08:52 INFO DAGScheduler: Missing parents: List()
[2025-09-02T18:08:52.527+0000] {spark_submit.py:579} INFO - 25/09/02 18:08:52 INFO DAGScheduler: Submitting ResultStage 8 (MapPartitionsRDD[85] at jdbc at NativeMethodAccessorImpl.java:0), which has no missing parents
[2025-09-02T18:08:52.527+0000] {spark_submit.py:579} INFO - 25/09/02 18:08:52 INFO MemoryStore: Block broadcast_8 stored as values in memory (estimated size 25.3 KiB, free 434.3 MiB)
[2025-09-02T18:08:52.532+0000] {spark_submit.py:579} INFO - 25/09/02 18:08:52 INFO MemoryStore: Block broadcast_8_piece0 stored as bytes in memory (estimated size 12.0 KiB, free 434.3 MiB)
[2025-09-02T18:08:52.535+0000] {spark_submit.py:579} INFO - 25/09/02 18:08:52 INFO SparkContext: Created broadcast 8 from broadcast at DAGScheduler.scala:1676
[2025-09-02T18:08:52.538+0000] {spark_submit.py:579} INFO - 25/09/02 18:08:52 INFO DAGScheduler: Submitting 2 missing tasks from ResultStage 8 (MapPartitionsRDD[85] at jdbc at NativeMethodAccessorImpl.java:0) (first 15 tasks are for partitions Vector(0, 1))
[2025-09-02T18:08:52.538+0000] {spark_submit.py:579} INFO - 25/09/02 18:08:52 INFO TaskSchedulerImpl: Adding task set 8.0 with 2 tasks resource profile 0
[2025-09-02T18:08:52.539+0000] {spark_submit.py:579} INFO - 25/09/02 18:08:52 INFO TaskSetManager: Starting task 0.0 in stage 8.0 (TID 16) (172.18.0.5,executor 0, partition 0, PROCESS_LOCAL, 9868 bytes)
[2025-09-02T18:08:52.539+0000] {spark_submit.py:579} INFO - 25/09/02 18:08:52 INFO TaskSetManager: Starting task 1.0 in stage 8.0 (TID 17) (172.18.0.5,executor 0, partition 1, PROCESS_LOCAL, 9946 bytes)
[2025-09-02T18:08:52.711+0000] {spark_submit.py:579} INFO - 25/09/02 18:08:52 INFO TaskSetManager: Finished task 0.0 in stage 8.0 (TID 16) in 174 ms on 172.18.0.5 (executor 0) (1/2)
[2025-09-02T18:08:53.018+0000] {spark_submit.py:579} INFO - 25/09/02 18:08:53 INFO TaskSetManager: Finished task 1.0 in stage 8.0 (TID 17) in 479 ms on 172.18.0.5 (executor 0) (2/2)
[2025-09-02T18:08:53.020+0000] {spark_submit.py:579} INFO - 25/09/02 18:08:53 INFO TaskSchedulerImpl: Removed TaskSet 8.0 whose tasks have all completed, from pool
[2025-09-02T18:08:53.020+0000] {spark_submit.py:579} INFO - 25/09/02 18:08:53 INFO DAGScheduler: ResultStage 8 (jdbc at NativeMethodAccessorImpl.java:0) finished in 494 ms
[2025-09-02T18:08:53.021+0000] {spark_submit.py:579} INFO - 25/09/02 18:08:53 INFO DAGScheduler: Job 8 is finished. Cancelling potential speculative or zombie tasks for this job
[2025-09-02T18:08:53.022+0000] {spark_submit.py:579} INFO - 25/09/02 18:08:53 INFO TaskSchedulerImpl: Canceling stage 8
[2025-09-02T18:08:53.022+0000] {spark_submit.py:579} INFO - 25/09/02 18:08:53 INFO TaskSchedulerImpl: Killing all running tasks in stage 8: Stage finished
[2025-09-02T18:08:53.023+0000] {spark_submit.py:579} INFO - 25/09/02 18:08:53 INFO DAGScheduler: Job 8 finished: jdbc at NativeMethodAccessorImpl.java:0, took 496.907924 ms
[2025-09-02T18:08:53.479+0000] {spark_submit.py:579} INFO - table kue_tactics has been loaded
[2025-09-02T18:08:53.759+0000] {spark_submit.py:579} INFO - 25/09/02 18:08:53 INFO CodeGenerator: Code generated in 4.969068 ms
[2025-09-02T18:08:53.770+0000] {spark_submit.py:579} INFO - 25/09/02 18:08:53 INFO SparkContext: Starting job: jdbc at NativeMethodAccessorImpl.java:0
[2025-09-02T18:08:53.770+0000] {spark_submit.py:579} INFO - 25/09/02 18:08:53 INFO DAGScheduler: Got job 9 (jdbc at NativeMethodAccessorImpl.java:0) with 2 output partitions
[2025-09-02T18:08:53.771+0000] {spark_submit.py:579} INFO - 25/09/02 18:08:53 INFO DAGScheduler: Final stage: ResultStage 9 (jdbc at NativeMethodAccessorImpl.java:0)
[2025-09-02T18:08:53.771+0000] {spark_submit.py:579} INFO - 25/09/02 18:08:53 INFO DAGScheduler: Parents of final stage: List()
[2025-09-02T18:08:53.771+0000] {spark_submit.py:579} INFO - 25/09/02 18:08:53 INFO DAGScheduler: Missing parents: List()
[2025-09-02T18:08:53.772+0000] {spark_submit.py:579} INFO - 25/09/02 18:08:53 INFO DAGScheduler: Submitting ResultStage 9 (MapPartitionsRDD[89] at jdbc at NativeMethodAccessorImpl.java:0), which has no missing parents
[2025-09-02T18:08:53.773+0000] {spark_submit.py:579} INFO - 25/09/02 18:08:53 INFO MemoryStore: Block broadcast_9 stored as values in memory (estimated size 23.6 KiB, free 434.3 MiB)
[2025-09-02T18:08:53.779+0000] {spark_submit.py:579} INFO - 25/09/02 18:08:53 INFO MemoryStore: Block broadcast_9_piece0 stored as bytes in memory (estimated size 11.4 KiB, free 434.3 MiB)
[2025-09-02T18:08:53.782+0000] {spark_submit.py:579} INFO - 25/09/02 18:08:53 INFO SparkContext: Created broadcast 9 from broadcast at DAGScheduler.scala:1676
[2025-09-02T18:08:53.782+0000] {spark_submit.py:579} INFO - 25/09/02 18:08:53 INFO DAGScheduler: Submitting 2 missing tasks from ResultStage 9 (MapPartitionsRDD[89] at jdbc at NativeMethodAccessorImpl.java:0) (first 15 tasks are for partitions Vector(0, 1))
[2025-09-02T18:08:53.786+0000] {spark_submit.py:579} INFO - 25/09/02 18:08:53 INFO TaskSchedulerImpl: Adding task set 9.0 with 2 tasks resource profile 0
[2025-09-02T18:08:53.787+0000] {spark_submit.py:579} INFO - 25/09/02 18:08:53 INFO TaskSetManager: Starting task 0.0 in stage 9.0 (TID 18) (172.18.0.5,executor 0, partition 0, PROCESS_LOCAL, 9868 bytes)
[2025-09-02T18:08:53.787+0000] {spark_submit.py:579} INFO - 25/09/02 18:08:53 INFO TaskSetManager: Starting task 1.0 in stage 9.0 (TID 19) (172.18.0.5,executor 0, partition 1, PROCESS_LOCAL, 9899 bytes)
[2025-09-02T18:08:53.953+0000] {spark_submit.py:579} INFO - 25/09/02 18:08:53 INFO TaskSetManager: Finished task 0.0 in stage 9.0 (TID 18) in 169 ms on 172.18.0.5 (executor 0) (1/2)
[2025-09-02T18:08:54.212+0000] {spark_submit.py:579} INFO - 25/09/02 18:08:54 INFO TaskSetManager: Finished task 1.0 in stage 9.0 (TID 19) in 428 ms on 172.18.0.5 (executor 0) (2/2)
[2025-09-02T18:08:54.212+0000] {spark_submit.py:579} INFO - 25/09/02 18:08:54 INFO TaskSchedulerImpl: Removed TaskSet 9.0 whose tasks have all completed, from pool
[2025-09-02T18:08:54.213+0000] {spark_submit.py:579} INFO - 25/09/02 18:08:54 INFO DAGScheduler: ResultStage 9 (jdbc at NativeMethodAccessorImpl.java:0) finished in 440 ms
[2025-09-02T18:08:54.216+0000] {spark_submit.py:579} INFO - 25/09/02 18:08:54 INFO DAGScheduler: Job 9 is finished. Cancelling potential speculative or zombie tasks for this job
[2025-09-02T18:08:54.216+0000] {spark_submit.py:579} INFO - 25/09/02 18:08:54 INFO TaskSchedulerImpl: Canceling stage 9
[2025-09-02T18:08:54.217+0000] {spark_submit.py:579} INFO - 25/09/02 18:08:54 INFO TaskSchedulerImpl: Killing all running tasks in stage 9: Stage finished
[2025-09-02T18:08:54.217+0000] {spark_submit.py:579} INFO - 25/09/02 18:08:54 INFO DAGScheduler: Job 9 finished: jdbc at NativeMethodAccessorImpl.java:0, took 443.601916 ms
[2025-09-02T18:08:56.895+0000] {spark_submit.py:579} INFO - table kue_puzzle_rush has been loaded
[2025-09-02T18:08:57.086+0000] {spark_submit.py:579} INFO - 25/09/02 18:08:57 INFO SparkContext: Invoking stop() from shutdown hook
[2025-09-02T18:08:57.087+0000] {spark_submit.py:579} INFO - 25/09/02 18:08:57 INFO SparkContext: SparkContext is stopping with exitCode 0 from run at Executors.java:539.
[2025-09-02T18:08:57.100+0000] {spark_submit.py:579} INFO - 25/09/02 18:08:57 INFO SparkUI: Stopped Spark web UI at http://7b2a3a75c36f:4040
[2025-09-02T18:08:57.103+0000] {spark_submit.py:579} INFO - 25/09/02 18:08:57 INFO StandaloneSchedulerBackend: Shutting down all executors
[2025-09-02T18:08:57.103+0000] {spark_submit.py:579} INFO - 25/09/02 18:08:57 INFO StandaloneSchedulerBackend$StandaloneDriverEndpoint: Asking each executor to shut down
[2025-09-02T18:08:57.120+0000] {spark_submit.py:579} INFO - 25/09/02 18:08:57 INFO MapOutputTrackerMasterEndpoint: MapOutputTrackerMasterEndpoint stopped!
[2025-09-02T18:08:57.158+0000] {spark_submit.py:579} INFO - 25/09/02 18:08:57 INFO MemoryStore: MemoryStore cleared
[2025-09-02T18:08:57.158+0000] {spark_submit.py:579} INFO - 25/09/02 18:08:57 INFO BlockManager: BlockManager stopped
[2025-09-02T18:08:57.160+0000] {spark_submit.py:579} INFO - 25/09/02 18:08:57 INFO BlockManagerMaster: BlockManagerMaster stopped
[2025-09-02T18:08:57.163+0000] {spark_submit.py:579} INFO - 25/09/02 18:08:57 INFO OutputCommitCoordinator$OutputCommitCoordinatorEndpoint: OutputCommitCoordinator stopped!
[2025-09-02T18:08:57.189+0000] {spark_submit.py:579} INFO - 25/09/02 18:08:57 INFO SparkContext: Successfully stopped SparkContext
[2025-09-02T18:08:57.190+0000] {spark_submit.py:579} INFO - 25/09/02 18:08:57 INFO ShutdownHookManager: Shutdown hook called
[2025-09-02T18:08:57.190+0000] {spark_submit.py:579} INFO - 25/09/02 18:08:57 INFO ShutdownHookManager: Deleting directory /tmp/spark-d1928e1d-14c0-4b2f-b739-c914cfdfd746
[2025-09-02T18:08:57.201+0000] {spark_submit.py:579} INFO - 25/09/02 18:08:57 INFO ShutdownHookManager: Deleting directory /opt/***/artifacts/spark-102bbe62-48e4-41c0-b30c-44a19ef2e8d8
[2025-09-02T18:08:57.215+0000] {spark_submit.py:579} INFO - 25/09/02 18:08:57 INFO ShutdownHookManager: Deleting directory /tmp/spark-908b6b2b-39fa-41ae-bb79-63595f08a56a
[2025-09-02T18:08:57.226+0000] {spark_submit.py:579} INFO - 25/09/02 18:08:57 INFO ShutdownHookManager: Deleting directory /tmp/spark-d1928e1d-14c0-4b2f-b739-c914cfdfd746/pyspark-7706bb7b-9631-4bf3-8ac0-4e3822641ae9
[2025-09-02T18:08:57.469+0000] {taskinstance.py:1398} INFO - Marking task as SUCCESS. dag_id=sparking_flow, task_id=python_job, execution_date=20250902T180812, start_date=20250902T180816, end_date=20250902T180857
[2025-09-02T18:08:57.585+0000] {local_task_job_runner.py:228} INFO - Task exited with return code 0
[2025-09-02T18:08:57.690+0000] {taskinstance.py:2776} INFO - 1 downstream tasks scheduled from follow-on schedule check
