[2025-09-02T15:26:46.251+0000] {taskinstance.py:1157} INFO - Dependencies all met for dep_context=non-requeueable deps ti=<TaskInstance: sparking_flow.python_job manual__2025-09-02T15:26:44.201061+00:00 [queued]>
[2025-09-02T15:26:46.258+0000] {taskinstance.py:1157} INFO - Dependencies all met for dep_context=requeueable deps ti=<TaskInstance: sparking_flow.python_job manual__2025-09-02T15:26:44.201061+00:00 [queued]>
[2025-09-02T15:26:46.259+0000] {taskinstance.py:1359} INFO - Starting attempt 1 of 1
[2025-09-02T15:26:46.270+0000] {taskinstance.py:1380} INFO - Executing <Task(SparkSubmitOperator): python_job> on 2025-09-02 15:26:44.201061+00:00
[2025-09-02T15:26:46.274+0000] {standard_task_runner.py:57} INFO - Started process 9917 to run task
[2025-09-02T15:26:46.277+0000] {standard_task_runner.py:84} INFO - Running: ['***', 'tasks', 'run', 'sparking_flow', 'python_job', 'manual__2025-09-02T15:26:44.201061+00:00', '--job-id', '66', '--raw', '--subdir', 'DAGS_FOLDER/spark_***.py', '--cfg-path', '/tmp/tmp1r0h670d']
[2025-09-02T15:26:46.280+0000] {standard_task_runner.py:85} INFO - Job 66: Subtask python_job
[2025-09-02T15:26:46.336+0000] {task_command.py:415} INFO - Running <TaskInstance: sparking_flow.python_job manual__2025-09-02T15:26:44.201061+00:00 [running]> on host 7b2a3a75c36f
[2025-09-02T15:26:46.416+0000] {taskinstance.py:1660} INFO - Exporting env vars: AIRFLOW_CTX_DAG_OWNER='Kudzaishe Manyanya' AIRFLOW_CTX_DAG_ID='sparking_flow' AIRFLOW_CTX_TASK_ID='python_job' AIRFLOW_CTX_EXECUTION_DATE='2025-09-02T15:26:44.201061+00:00' AIRFLOW_CTX_TRY_NUMBER='1' AIRFLOW_CTX_DAG_RUN_ID='manual__2025-09-02T15:26:44.201061+00:00'
[2025-09-02T15:26:46.429+0000] {base.py:73} INFO - Using connection ID 'spark-conn' for task execution.
[2025-09-02T15:26:46.430+0000] {spark_submit.py:403} INFO - Spark-Submit cmd: spark-submit --master spark://spark-master:7077 --jars /opt/spark/external-jars/apache-spark-sql-connector.jar --name arrow-spark --deploy-mode client jobs/python/wordcountjob.py
[2025-09-02T15:26:47.000+0000] {spark_submit.py:579} INFO - WARNING: Using incubator modules: jdk.incubator.vector
[2025-09-02T15:26:48.536+0000] {spark_submit.py:579} INFO - 25/09/02 15:26:48 WARN NativeCodeLoader: Unable to load native-hadoop library for your platform... using builtin-java classes where applicable
[2025-09-02T15:26:50.636+0000] {spark_submit.py:579} INFO - Using Spark's default log4j profile: org/apache/spark/log4j2-defaults.properties
[2025-09-02T15:26:50.642+0000] {spark_submit.py:579} INFO - 25/09/02 15:26:50 INFO SparkContext: Running Spark version 4.0.0
[2025-09-02T15:26:50.644+0000] {spark_submit.py:579} INFO - 25/09/02 15:26:50 INFO SparkContext: OS info Linux, 6.6.87.2-microsoft-standard-WSL2, amd64
[2025-09-02T15:26:50.645+0000] {spark_submit.py:579} INFO - 25/09/02 15:26:50 INFO SparkContext: Java version 17.0.15
[2025-09-02T15:26:50.668+0000] {spark_submit.py:579} INFO - 25/09/02 15:26:50 INFO ResourceUtils: ==============================================================
[2025-09-02T15:26:50.668+0000] {spark_submit.py:579} INFO - 25/09/02 15:26:50 INFO ResourceUtils: No custom resources configured for spark.driver.
[2025-09-02T15:26:50.669+0000] {spark_submit.py:579} INFO - 25/09/02 15:26:50 INFO ResourceUtils: ==============================================================
[2025-09-02T15:26:50.669+0000] {spark_submit.py:579} INFO - 25/09/02 15:26:50 INFO SparkContext: Submitted application: PythonWordCount
[2025-09-02T15:26:50.694+0000] {spark_submit.py:579} INFO - 25/09/02 15:26:50 INFO ResourceProfile: Default ResourceProfile created, executor resources: Map(memory -> name: memory, amount: 1024, script: , vendor: , offHeap -> name: offHeap, amount: 0, script: , vendor: ), task resources: Map(cpus -> name: cpus, amount: 1.0)
[2025-09-02T15:26:50.697+0000] {spark_submit.py:579} INFO - 25/09/02 15:26:50 INFO ResourceProfile: Limiting resource is cpu
[2025-09-02T15:26:50.698+0000] {spark_submit.py:579} INFO - 25/09/02 15:26:50 INFO ResourceProfileManager: Added ResourceProfile id: 0
[2025-09-02T15:26:50.744+0000] {spark_submit.py:579} INFO - 25/09/02 15:26:50 INFO SecurityManager: Changing view acls to: ***
[2025-09-02T15:26:50.745+0000] {spark_submit.py:579} INFO - 25/09/02 15:26:50 INFO SecurityManager: Changing modify acls to: ***
[2025-09-02T15:26:50.746+0000] {spark_submit.py:579} INFO - 25/09/02 15:26:50 INFO SecurityManager: Changing view acls groups to: ***
[2025-09-02T15:26:50.746+0000] {spark_submit.py:579} INFO - 25/09/02 15:26:50 INFO SecurityManager: Changing modify acls groups to: ***
[2025-09-02T15:26:50.748+0000] {spark_submit.py:579} INFO - 25/09/02 15:26:50 INFO SecurityManager: SecurityManager: authentication disabled; ui acls disabled; users with view permissions: *** groups with view permissions: EMPTY; users with modify permissions: ***; groups with modify permissions: EMPTY; RPC SSL disabled
[2025-09-02T15:26:51.061+0000] {spark_submit.py:579} INFO - 25/09/02 15:26:51 INFO Utils: Successfully started service 'sparkDriver' on port 44351.
[2025-09-02T15:26:51.096+0000] {spark_submit.py:579} INFO - 25/09/02 15:26:51 INFO SparkEnv: Registering MapOutputTracker
[2025-09-02T15:26:51.109+0000] {spark_submit.py:579} INFO - 25/09/02 15:26:51 INFO SparkEnv: Registering BlockManagerMaster
[2025-09-02T15:26:51.128+0000] {spark_submit.py:579} INFO - 25/09/02 15:26:51 INFO BlockManagerMasterEndpoint: Using org.apache.spark.storage.DefaultTopologyMapper for getting topology information
[2025-09-02T15:26:51.128+0000] {spark_submit.py:579} INFO - 25/09/02 15:26:51 INFO BlockManagerMasterEndpoint: BlockManagerMasterEndpoint up
[2025-09-02T15:26:51.132+0000] {spark_submit.py:579} INFO - 25/09/02 15:26:51 INFO SparkEnv: Registering BlockManagerMasterHeartbeat
[2025-09-02T15:26:51.157+0000] {spark_submit.py:579} INFO - 25/09/02 15:26:51 INFO DiskBlockManager: Created local directory at /tmp/blockmgr-17fad18d-7b3d-4557-a56b-3841111b8306
[2025-09-02T15:26:51.183+0000] {spark_submit.py:579} INFO - 25/09/02 15:26:51 INFO SparkEnv: Registering OutputCommitCoordinator
[2025-09-02T15:26:51.297+0000] {spark_submit.py:579} INFO - 25/09/02 15:26:51 INFO JettyUtils: Start Jetty 0.0.0.0:4040 for SparkUI
[2025-09-02T15:26:51.355+0000] {spark_submit.py:579} INFO - 25/09/02 15:26:51 INFO Utils: Successfully started service 'SparkUI' on port 4040.
[2025-09-02T15:26:51.390+0000] {spark_submit.py:579} INFO - 25/09/02 15:26:51 INFO SparkContext: Added JAR file:///opt/spark/external-jars/apache-spark-sql-connector.jar at spark://7b2a3a75c36f:44351/jars/apache-spark-sql-connector.jar with timestamp 1756826810629
[2025-09-02T15:26:51.408+0000] {spark_submit.py:579} INFO - 25/09/02 15:26:51 INFO SecurityManager: Changing view acls to: ***
[2025-09-02T15:26:51.409+0000] {spark_submit.py:579} INFO - 25/09/02 15:26:51 INFO SecurityManager: Changing modify acls to: ***
[2025-09-02T15:26:51.409+0000] {spark_submit.py:579} INFO - 25/09/02 15:26:51 INFO SecurityManager: Changing view acls groups to: ***
[2025-09-02T15:26:51.410+0000] {spark_submit.py:579} INFO - 25/09/02 15:26:51 INFO SecurityManager: Changing modify acls groups to: ***
[2025-09-02T15:26:51.410+0000] {spark_submit.py:579} INFO - 25/09/02 15:26:51 INFO SecurityManager: SecurityManager: authentication disabled; ui acls disabled; users with view permissions: *** groups with view permissions: EMPTY; users with modify permissions: ***; groups with modify permissions: EMPTY; RPC SSL disabled
[2025-09-02T15:26:51.535+0000] {spark_submit.py:579} INFO - 25/09/02 15:26:51 INFO StandaloneAppClient$ClientEndpoint: Connecting to master spark://spark-master:7077...
[2025-09-02T15:26:51.572+0000] {spark_submit.py:579} INFO - 25/09/02 15:26:51 INFO TransportClientFactory: Successfully created connection to spark-master/172.18.0.3:7077 after 19 ms (0 ms spent in bootstraps)
[2025-09-02T15:26:51.680+0000] {spark_submit.py:579} INFO - 25/09/02 15:26:51 INFO StandaloneSchedulerBackend: Connected to Spark cluster with app ID app-20250902152651-0007
[2025-09-02T15:26:51.687+0000] {spark_submit.py:579} INFO - 25/09/02 15:26:51 INFO Utils: Successfully started service 'org.apache.spark.network.netty.NettyBlockTransferService' on port 34917.
[2025-09-02T15:26:51.687+0000] {spark_submit.py:579} INFO - 25/09/02 15:26:51 INFO NettyBlockTransferService: Server created on 7b2a3a75c36f:34917
[2025-09-02T15:26:51.689+0000] {spark_submit.py:579} INFO - 25/09/02 15:26:51 INFO BlockManager: Using org.apache.spark.storage.RandomBlockReplicationPolicy for block replication policy
[2025-09-02T15:26:51.694+0000] {spark_submit.py:579} INFO - 25/09/02 15:26:51 INFO StandaloneAppClient$ClientEndpoint: Executor added: app-20250902152651-0007/0 on worker-20250902012700-172.18.0.5-42501 (172.18.0.5:42501) with 2 core(s)
[2025-09-02T15:26:51.696+0000] {spark_submit.py:579} INFO - 25/09/02 15:26:51 INFO StandaloneSchedulerBackend: Granted executor ID app-20250902152651-0007/0 on hostPort 172.18.0.5:42501 with 2 core(s), 1024.0 MiB RAM
[2025-09-02T15:26:51.704+0000] {spark_submit.py:579} INFO - 25/09/02 15:26:51 INFO BlockManagerMaster: Registering BlockManager BlockManagerId(driver, 7b2a3a75c36f, 34917, None)
[2025-09-02T15:26:51.707+0000] {spark_submit.py:579} INFO - 25/09/02 15:26:51 INFO BlockManagerMasterEndpoint: Registering block manager 7b2a3a75c36f:34917 with 434.4 MiB RAM, BlockManagerId(driver, 7b2a3a75c36f, 34917, None)
[2025-09-02T15:26:51.709+0000] {spark_submit.py:579} INFO - 25/09/02 15:26:51 INFO BlockManagerMaster: Registered BlockManager BlockManagerId(driver, 7b2a3a75c36f, 34917, None)
[2025-09-02T15:26:51.710+0000] {spark_submit.py:579} INFO - 25/09/02 15:26:51 INFO BlockManager: Initialized BlockManager: BlockManagerId(driver, 7b2a3a75c36f, 34917, None)
[2025-09-02T15:26:51.827+0000] {spark_submit.py:579} INFO - 25/09/02 15:26:51 INFO StandaloneSchedulerBackend: SchedulerBackend is ready for scheduling beginning after reached minRegisteredResourcesRatio: 0.0
[2025-09-02T15:26:51.898+0000] {spark_submit.py:579} INFO - 25/09/02 15:26:51 INFO StandaloneAppClient$ClientEndpoint: Executor updated: app-20250902152651-0007/0 is now RUNNING
[2025-09-02T15:26:54.671+0000] {spark_submit.py:579} INFO - 25/09/02 15:26:54 INFO StandaloneSchedulerBackend$StandaloneDriverEndpoint: Registered executor NettyRpcEndpointRef(spark-client://Executor) (172.18.0.5:32892) with ID 0, ResourceProfileId 0
[2025-09-02T15:26:54.719+0000] {spark_submit.py:579} INFO - dict_keys(['daily', 'daily960', 'live_rapid', 'live_blitz', 'live_bullet', 'live_bughouse', 'live_blitz960', 'live_threecheck', 'live_crazyhouse', 'tactics', 'rush', 'battle'])
[2025-09-02T15:26:54.841+0000] {spark_submit.py:579} INFO - 25/09/02 15:26:54 INFO BlockManagerMasterEndpoint: Registering block manager 172.18.0.5:41119 with 434.4 MiB RAM, BlockManagerId(0, 172.18.0.5, 41119, None)
[2025-09-02T15:26:55.155+0000] {spark_submit.py:579} INFO - 25/09/02 15:26:55 INFO SharedState: Setting hive.metastore.warehouse.dir ('null') to the value of spark.sql.warehouse.dir.
[2025-09-02T15:26:55.176+0000] {spark_submit.py:579} INFO - 25/09/02 15:26:55 INFO SharedState: Warehouse path is 'file:/opt/***/spark-warehouse'.
[2025-09-02T15:26:58.469+0000] {spark_submit.py:579} INFO - 25/09/02 15:26:58 WARN SparkStringUtils: Truncated the string representation of a plan since it was too large. This behavior can be adjusted by setting 'spark.sql.debug.maxToStringFields'.
[2025-09-02T15:26:58.852+0000] {spark_submit.py:579} INFO - 25/09/02 15:26:58 INFO CodeGenerator: Code generated in 232.846582 ms
[2025-09-02T15:26:58.926+0000] {spark_submit.py:579} INFO - 25/09/02 15:26:58 INFO SparkContext: Starting job: jdbc at NativeMethodAccessorImpl.java:0
[2025-09-02T15:26:58.943+0000] {spark_submit.py:579} INFO - 25/09/02 15:26:58 INFO DAGScheduler: Got job 0 (jdbc at NativeMethodAccessorImpl.java:0) with 2 output partitions
[2025-09-02T15:26:58.946+0000] {spark_submit.py:579} INFO - 25/09/02 15:26:58 INFO DAGScheduler: Final stage: ResultStage 0 (jdbc at NativeMethodAccessorImpl.java:0)
[2025-09-02T15:26:58.947+0000] {spark_submit.py:579} INFO - 25/09/02 15:26:58 INFO DAGScheduler: Parents of final stage: List()
[2025-09-02T15:26:58.950+0000] {spark_submit.py:579} INFO - 25/09/02 15:26:58 INFO DAGScheduler: Missing parents: List()
[2025-09-02T15:26:58.953+0000] {spark_submit.py:579} INFO - 25/09/02 15:26:58 INFO DAGScheduler: Submitting ResultStage 0 (MapPartitionsRDD[53] at jdbc at NativeMethodAccessorImpl.java:0), which has no missing parents
[2025-09-02T15:26:59.031+0000] {spark_submit.py:579} INFO - 25/09/02 15:26:59 INFO MemoryStore: MemoryStore started with capacity 434.4 MiB
[2025-09-02T15:26:59.077+0000] {spark_submit.py:579} INFO - 25/09/02 15:26:59 INFO MemoryStore: Block broadcast_0 stored as values in memory (estimated size 33.8 KiB, free 434.4 MiB)
[2025-09-02T15:26:59.135+0000] {spark_submit.py:579} INFO - 25/09/02 15:26:59 INFO MemoryStore: Block broadcast_0_piece0 stored as bytes in memory (estimated size 14.5 KiB, free 434.4 MiB)
[2025-09-02T15:26:59.145+0000] {spark_submit.py:579} INFO - 25/09/02 15:26:59 INFO SparkContext: Created broadcast 0 from broadcast at DAGScheduler.scala:1676
[2025-09-02T15:26:59.164+0000] {spark_submit.py:579} INFO - 25/09/02 15:26:59 INFO DAGScheduler: Submitting 2 missing tasks from ResultStage 0 (MapPartitionsRDD[53] at jdbc at NativeMethodAccessorImpl.java:0) (first 15 tasks are for partitions Vector(0, 1))
[2025-09-02T15:26:59.175+0000] {spark_submit.py:579} INFO - 25/09/02 15:26:59 INFO TaskSchedulerImpl: Adding task set 0.0 with 2 tasks resource profile 0
[2025-09-02T15:26:59.209+0000] {spark_submit.py:579} INFO - 25/09/02 15:26:59 INFO TaskSetManager: Starting task 0.0 in stage 0.0 (TID 0) (172.18.0.5,executor 0, partition 0, PROCESS_LOCAL, 17687 bytes)
[2025-09-02T15:26:59.213+0000] {spark_submit.py:579} INFO - 25/09/02 15:26:59 INFO TaskSetManager: Starting task 1.0 in stage 0.0 (TID 1) (172.18.0.5,executor 0, partition 1, PROCESS_LOCAL, 17446 bytes)
[2025-09-02T15:27:02.954+0000] {spark_submit.py:579} INFO - 25/09/02 15:27:02 INFO TaskSetManager: Finished task 1.0 in stage 0.0 (TID 1) in 3740 ms on 172.18.0.5 (executor 0) (1/2)
[2025-09-02T15:27:02.955+0000] {spark_submit.py:579} INFO - 25/09/02 15:27:02 INFO TaskSetManager: Finished task 0.0 in stage 0.0 (TID 0) in 3760 ms on 172.18.0.5 (executor 0) (2/2)
[2025-09-02T15:27:02.956+0000] {spark_submit.py:579} INFO - 25/09/02 15:27:02 INFO TaskSchedulerImpl: Removed TaskSet 0.0 whose tasks have all completed, from pool
[2025-09-02T15:27:02.958+0000] {spark_submit.py:579} INFO - 25/09/02 15:27:02 INFO PythonAccumulatorV2: Connected to AccumulatorServer at host: 127.0.0.1 port: 48741
[2025-09-02T15:27:02.963+0000] {spark_submit.py:579} INFO - 25/09/02 15:27:02 INFO DAGScheduler: ResultStage 0 (jdbc at NativeMethodAccessorImpl.java:0) finished in 3991 ms
[2025-09-02T15:27:02.965+0000] {spark_submit.py:579} INFO - 25/09/02 15:27:02 INFO DAGScheduler: Job 0 is finished. Cancelling potential speculative or zombie tasks for this job
[2025-09-02T15:27:02.966+0000] {spark_submit.py:579} INFO - 25/09/02 15:27:02 INFO TaskSchedulerImpl: Canceling stage 0
[2025-09-02T15:27:02.967+0000] {spark_submit.py:579} INFO - 25/09/02 15:27:02 INFO TaskSchedulerImpl: Killing all running tasks in stage 0: Stage finished
[2025-09-02T15:27:02.970+0000] {spark_submit.py:579} INFO - 25/09/02 15:27:02 INFO DAGScheduler: Job 0 finished: jdbc at NativeMethodAccessorImpl.java:0, took 4042.854253 ms
[2025-09-02T15:27:03.453+0000] {spark_submit.py:579} INFO - table daily has been loaded
[2025-09-02T15:27:03.723+0000] {spark_submit.py:579} INFO - 25/09/02 15:27:03 INFO SparkContext: Starting job: jdbc at NativeMethodAccessorImpl.java:0
[2025-09-02T15:27:03.727+0000] {spark_submit.py:579} INFO - 25/09/02 15:27:03 INFO DAGScheduler: Got job 1 (jdbc at NativeMethodAccessorImpl.java:0) with 2 output partitions
[2025-09-02T15:27:03.727+0000] {spark_submit.py:579} INFO - 25/09/02 15:27:03 INFO DAGScheduler: Final stage: ResultStage 1 (jdbc at NativeMethodAccessorImpl.java:0)
[2025-09-02T15:27:03.728+0000] {spark_submit.py:579} INFO - 25/09/02 15:27:03 INFO DAGScheduler: Parents of final stage: List()
[2025-09-02T15:27:03.729+0000] {spark_submit.py:579} INFO - 25/09/02 15:27:03 INFO DAGScheduler: Missing parents: List()
[2025-09-02T15:27:03.729+0000] {spark_submit.py:579} INFO - 25/09/02 15:27:03 INFO DAGScheduler: Submitting ResultStage 1 (MapPartitionsRDD[57] at jdbc at NativeMethodAccessorImpl.java:0), which has no missing parents
[2025-09-02T15:27:03.730+0000] {spark_submit.py:579} INFO - 25/09/02 15:27:03 INFO MemoryStore: Block broadcast_1 stored as values in memory (estimated size 33.8 KiB, free 434.3 MiB)
[2025-09-02T15:27:03.731+0000] {spark_submit.py:579} INFO - 25/09/02 15:27:03 INFO MemoryStore: Block broadcast_1_piece0 stored as bytes in memory (estimated size 14.5 KiB, free 434.3 MiB)
[2025-09-02T15:27:03.733+0000] {spark_submit.py:579} INFO - 25/09/02 15:27:03 INFO SparkContext: Created broadcast 1 from broadcast at DAGScheduler.scala:1676
[2025-09-02T15:27:03.734+0000] {spark_submit.py:579} INFO - 25/09/02 15:27:03 INFO DAGScheduler: Submitting 2 missing tasks from ResultStage 1 (MapPartitionsRDD[57] at jdbc at NativeMethodAccessorImpl.java:0) (first 15 tasks are for partitions Vector(0, 1))
[2025-09-02T15:27:03.735+0000] {spark_submit.py:579} INFO - 25/09/02 15:27:03 INFO TaskSchedulerImpl: Adding task set 1.0 with 2 tasks resource profile 0
[2025-09-02T15:27:03.736+0000] {spark_submit.py:579} INFO - 25/09/02 15:27:03 INFO TaskSetManager: Starting task 0.0 in stage 1.0 (TID 2) (172.18.0.5,executor 0, partition 0, PROCESS_LOCAL, 18049 bytes)
[2025-09-02T15:27:03.737+0000] {spark_submit.py:579} INFO - 25/09/02 15:27:03 INFO TaskSetManager: Starting task 1.0 in stage 1.0 (TID 3) (172.18.0.5,executor 0, partition 1, PROCESS_LOCAL, 17858 bytes)
[2025-09-02T15:27:04.179+0000] {spark_submit.py:579} INFO - 25/09/02 15:27:04 INFO TaskSetManager: Finished task 1.0 in stage 1.0 (TID 3) in 443 ms on 172.18.0.5 (executor 0) (1/2)
[2025-09-02T15:27:04.180+0000] {spark_submit.py:579} INFO - 25/09/02 15:27:04 INFO TaskSetManager: Finished task 0.0 in stage 1.0 (TID 2) in 444 ms on 172.18.0.5 (executor 0) (2/2)
[2025-09-02T15:27:04.180+0000] {spark_submit.py:579} INFO - 25/09/02 15:27:04 INFO TaskSchedulerImpl: Removed TaskSet 1.0 whose tasks have all completed, from pool
[2025-09-02T15:27:04.181+0000] {spark_submit.py:579} INFO - 25/09/02 15:27:04 INFO DAGScheduler: ResultStage 1 (jdbc at NativeMethodAccessorImpl.java:0) finished in 455 ms
[2025-09-02T15:27:04.181+0000] {spark_submit.py:579} INFO - 25/09/02 15:27:04 INFO DAGScheduler: Job 1 is finished. Cancelling potential speculative or zombie tasks for this job
[2025-09-02T15:27:04.181+0000] {spark_submit.py:579} INFO - 25/09/02 15:27:04 INFO TaskSchedulerImpl: Canceling stage 1
[2025-09-02T15:27:04.182+0000] {spark_submit.py:579} INFO - 25/09/02 15:27:04 INFO TaskSchedulerImpl: Killing all running tasks in stage 1: Stage finished
[2025-09-02T15:27:04.185+0000] {spark_submit.py:579} INFO - 25/09/02 15:27:04 INFO DAGScheduler: Job 1 finished: jdbc at NativeMethodAccessorImpl.java:0, took 458.33645 ms
[2025-09-02T15:27:04.500+0000] {spark_submit.py:579} INFO - table live_rapid has been loaded
[2025-09-02T15:27:04.771+0000] {spark_submit.py:579} INFO - 25/09/02 15:27:04 INFO SparkContext: Starting job: jdbc at NativeMethodAccessorImpl.java:0
[2025-09-02T15:27:04.772+0000] {spark_submit.py:579} INFO - 25/09/02 15:27:04 INFO DAGScheduler: Got job 2 (jdbc at NativeMethodAccessorImpl.java:0) with 2 output partitions
[2025-09-02T15:27:04.772+0000] {spark_submit.py:579} INFO - 25/09/02 15:27:04 INFO DAGScheduler: Final stage: ResultStage 2 (jdbc at NativeMethodAccessorImpl.java:0)
[2025-09-02T15:27:04.773+0000] {spark_submit.py:579} INFO - 25/09/02 15:27:04 INFO DAGScheduler: Parents of final stage: List()
[2025-09-02T15:27:04.773+0000] {spark_submit.py:579} INFO - 25/09/02 15:27:04 INFO DAGScheduler: Missing parents: List()
[2025-09-02T15:27:04.773+0000] {spark_submit.py:579} INFO - 25/09/02 15:27:04 INFO DAGScheduler: Submitting ResultStage 2 (MapPartitionsRDD[61] at jdbc at NativeMethodAccessorImpl.java:0), which has no missing parents
[2025-09-02T15:27:04.776+0000] {spark_submit.py:579} INFO - 25/09/02 15:27:04 INFO MemoryStore: Block broadcast_2 stored as values in memory (estimated size 33.8 KiB, free 434.3 MiB)
[2025-09-02T15:27:04.785+0000] {spark_submit.py:579} INFO - 25/09/02 15:27:04 INFO MemoryStore: Block broadcast_2_piece0 stored as bytes in memory (estimated size 14.5 KiB, free 434.3 MiB)
[2025-09-02T15:27:04.789+0000] {spark_submit.py:579} INFO - 25/09/02 15:27:04 INFO SparkContext: Created broadcast 2 from broadcast at DAGScheduler.scala:1676
[2025-09-02T15:27:04.789+0000] {spark_submit.py:579} INFO - 25/09/02 15:27:04 INFO DAGScheduler: Submitting 2 missing tasks from ResultStage 2 (MapPartitionsRDD[61] at jdbc at NativeMethodAccessorImpl.java:0) (first 15 tasks are for partitions Vector(0, 1))
[2025-09-02T15:27:04.790+0000] {spark_submit.py:579} INFO - 25/09/02 15:27:04 INFO TaskSchedulerImpl: Adding task set 2.0 with 2 tasks resource profile 0
[2025-09-02T15:27:04.791+0000] {spark_submit.py:579} INFO - 25/09/02 15:27:04 INFO TaskSetManager: Starting task 0.0 in stage 2.0 (TID 4) (172.18.0.5,executor 0, partition 0, PROCESS_LOCAL, 18107 bytes)
[2025-09-02T15:27:04.792+0000] {spark_submit.py:579} INFO - 25/09/02 15:27:04 INFO TaskSetManager: Starting task 1.0 in stage 2.0 (TID 5) (172.18.0.5,executor 0, partition 1, PROCESS_LOCAL, 18095 bytes)
[2025-09-02T15:27:05.236+0000] {spark_submit.py:579} INFO - 25/09/02 15:27:05 INFO TaskSetManager: Finished task 0.0 in stage 2.0 (TID 4) in 444 ms on 172.18.0.5 (executor 0) (1/2)
[2025-09-02T15:27:05.237+0000] {spark_submit.py:579} INFO - 25/09/02 15:27:05 INFO TaskSetManager: Finished task 1.0 in stage 2.0 (TID 5) in 445 ms on 172.18.0.5 (executor 0) (2/2)
[2025-09-02T15:27:05.237+0000] {spark_submit.py:579} INFO - 25/09/02 15:27:05 INFO TaskSchedulerImpl: Removed TaskSet 2.0 whose tasks have all completed, from pool
[2025-09-02T15:27:05.237+0000] {spark_submit.py:579} INFO - 25/09/02 15:27:05 INFO DAGScheduler: ResultStage 2 (jdbc at NativeMethodAccessorImpl.java:0) finished in 464 ms
[2025-09-02T15:27:05.238+0000] {spark_submit.py:579} INFO - 25/09/02 15:27:05 INFO DAGScheduler: Job 2 is finished. Cancelling potential speculative or zombie tasks for this job
[2025-09-02T15:27:05.238+0000] {spark_submit.py:579} INFO - 25/09/02 15:27:05 INFO TaskSchedulerImpl: Canceling stage 2
[2025-09-02T15:27:05.239+0000] {spark_submit.py:579} INFO - 25/09/02 15:27:05 INFO TaskSchedulerImpl: Killing all running tasks in stage 2: Stage finished
[2025-09-02T15:27:05.239+0000] {spark_submit.py:579} INFO - 25/09/02 15:27:05 INFO DAGScheduler: Job 2 finished: jdbc at NativeMethodAccessorImpl.java:0, took 467.464755 ms
[2025-09-02T15:27:05.590+0000] {spark_submit.py:579} INFO - table live_blitz has been loaded
[2025-09-02T15:27:05.848+0000] {spark_submit.py:579} INFO - 25/09/02 15:27:05 INFO CodeGenerator: Code generated in 20.451308 ms
[2025-09-02T15:27:05.858+0000] {spark_submit.py:579} INFO - 25/09/02 15:27:05 INFO SparkContext: Starting job: jdbc at NativeMethodAccessorImpl.java:0
[2025-09-02T15:27:05.859+0000] {spark_submit.py:579} INFO - 25/09/02 15:27:05 INFO DAGScheduler: Got job 3 (jdbc at NativeMethodAccessorImpl.java:0) with 2 output partitions
[2025-09-02T15:27:05.860+0000] {spark_submit.py:579} INFO - 25/09/02 15:27:05 INFO DAGScheduler: Final stage: ResultStage 3 (jdbc at NativeMethodAccessorImpl.java:0)
[2025-09-02T15:27:05.860+0000] {spark_submit.py:579} INFO - 25/09/02 15:27:05 INFO DAGScheduler: Parents of final stage: List()
[2025-09-02T15:27:05.861+0000] {spark_submit.py:579} INFO - 25/09/02 15:27:05 INFO DAGScheduler: Missing parents: List()
[2025-09-02T15:27:05.861+0000] {spark_submit.py:579} INFO - 25/09/02 15:27:05 INFO DAGScheduler: Submitting ResultStage 3 (MapPartitionsRDD[65] at jdbc at NativeMethodAccessorImpl.java:0), which has no missing parents
[2025-09-02T15:27:05.865+0000] {spark_submit.py:579} INFO - 25/09/02 15:27:05 INFO MemoryStore: Block broadcast_3 stored as values in memory (estimated size 33.8 KiB, free 434.3 MiB)
[2025-09-02T15:27:05.874+0000] {spark_submit.py:579} INFO - 25/09/02 15:27:05 INFO MemoryStore: Block broadcast_3_piece0 stored as bytes in memory (estimated size 14.5 KiB, free 434.3 MiB)
[2025-09-02T15:27:05.875+0000] {spark_submit.py:579} INFO - 25/09/02 15:27:05 INFO SparkContext: Created broadcast 3 from broadcast at DAGScheduler.scala:1676
[2025-09-02T15:27:05.877+0000] {spark_submit.py:579} INFO - 25/09/02 15:27:05 INFO DAGScheduler: Submitting 2 missing tasks from ResultStage 3 (MapPartitionsRDD[65] at jdbc at NativeMethodAccessorImpl.java:0) (first 15 tasks are for partitions Vector(0, 1))
[2025-09-02T15:27:05.878+0000] {spark_submit.py:579} INFO - 25/09/02 15:27:05 INFO TaskSchedulerImpl: Adding task set 3.0 with 2 tasks resource profile 0
[2025-09-02T15:27:05.879+0000] {spark_submit.py:579} INFO - 25/09/02 15:27:05 INFO TaskSetManager: Starting task 0.0 in stage 3.0 (TID 6) (172.18.0.5,executor 0, partition 0, PROCESS_LOCAL, 18101 bytes)
[2025-09-02T15:27:05.880+0000] {spark_submit.py:579} INFO - 25/09/02 15:27:05 INFO TaskSetManager: Starting task 1.0 in stage 3.0 (TID 7) (172.18.0.5,executor 0, partition 1, PROCESS_LOCAL, 18022 bytes)
[2025-09-02T15:27:06.333+0000] {spark_submit.py:579} INFO - 25/09/02 15:27:06 INFO TaskSetManager: Finished task 0.0 in stage 3.0 (TID 6) in 454 ms on 172.18.0.5 (executor 0) (1/2)
[2025-09-02T15:27:06.335+0000] {spark_submit.py:579} INFO - 25/09/02 15:27:06 INFO TaskSetManager: Finished task 1.0 in stage 3.0 (TID 7) in 455 ms on 172.18.0.5 (executor 0) (2/2)
[2025-09-02T15:27:06.335+0000] {spark_submit.py:579} INFO - 25/09/02 15:27:06 INFO TaskSchedulerImpl: Removed TaskSet 3.0 whose tasks have all completed, from pool
[2025-09-02T15:27:06.336+0000] {spark_submit.py:579} INFO - 25/09/02 15:27:06 INFO DAGScheduler: ResultStage 3 (jdbc at NativeMethodAccessorImpl.java:0) finished in 473 ms
[2025-09-02T15:27:06.336+0000] {spark_submit.py:579} INFO - 25/09/02 15:27:06 INFO DAGScheduler: Job 3 is finished. Cancelling potential speculative or zombie tasks for this job
[2025-09-02T15:27:06.337+0000] {spark_submit.py:579} INFO - 25/09/02 15:27:06 INFO TaskSchedulerImpl: Canceling stage 3
[2025-09-02T15:27:06.337+0000] {spark_submit.py:579} INFO - 25/09/02 15:27:06 INFO TaskSchedulerImpl: Killing all running tasks in stage 3: Stage finished
[2025-09-02T15:27:06.338+0000] {spark_submit.py:579} INFO - 25/09/02 15:27:06 INFO DAGScheduler: Job 3 finished: jdbc at NativeMethodAccessorImpl.java:0, took 477.430698 ms
[2025-09-02T15:27:06.767+0000] {spark_submit.py:579} INFO - table live_bullet has been loaded
[2025-09-02T15:27:07.094+0000] {spark_submit.py:579} INFO - 25/09/02 15:27:07 INFO CodeGenerator: Code generated in 9.91034 ms
[2025-09-02T15:27:07.104+0000] {spark_submit.py:579} INFO - 25/09/02 15:27:07 INFO SparkContext: Starting job: jdbc at NativeMethodAccessorImpl.java:0
[2025-09-02T15:27:07.105+0000] {spark_submit.py:579} INFO - 25/09/02 15:27:07 INFO DAGScheduler: Got job 4 (jdbc at NativeMethodAccessorImpl.java:0) with 2 output partitions
[2025-09-02T15:27:07.105+0000] {spark_submit.py:579} INFO - 25/09/02 15:27:07 INFO DAGScheduler: Final stage: ResultStage 4 (jdbc at NativeMethodAccessorImpl.java:0)
[2025-09-02T15:27:07.107+0000] {spark_submit.py:579} INFO - 25/09/02 15:27:07 INFO DAGScheduler: Parents of final stage: List()
[2025-09-02T15:27:07.107+0000] {spark_submit.py:579} INFO - 25/09/02 15:27:07 INFO DAGScheduler: Missing parents: List()
[2025-09-02T15:27:07.108+0000] {spark_submit.py:579} INFO - 25/09/02 15:27:07 INFO DAGScheduler: Submitting ResultStage 4 (MapPartitionsRDD[69] at jdbc at NativeMethodAccessorImpl.java:0), which has no missing parents
[2025-09-02T15:27:07.108+0000] {spark_submit.py:579} INFO - 25/09/02 15:27:07 INFO MemoryStore: Block broadcast_4 stored as values in memory (estimated size 28.1 KiB, free 434.3 MiB)
[2025-09-02T15:27:07.115+0000] {spark_submit.py:579} INFO - 25/09/02 15:27:07 INFO MemoryStore: Block broadcast_4_piece0 stored as bytes in memory (estimated size 12.6 KiB, free 434.3 MiB)
[2025-09-02T15:27:07.118+0000] {spark_submit.py:579} INFO - 25/09/02 15:27:07 INFO SparkContext: Created broadcast 4 from broadcast at DAGScheduler.scala:1676
[2025-09-02T15:27:07.120+0000] {spark_submit.py:579} INFO - 25/09/02 15:27:07 INFO DAGScheduler: Submitting 2 missing tasks from ResultStage 4 (MapPartitionsRDD[69] at jdbc at NativeMethodAccessorImpl.java:0) (first 15 tasks are for partitions Vector(0, 1))
[2025-09-02T15:27:07.121+0000] {spark_submit.py:579} INFO - 25/09/02 15:27:07 INFO TaskSchedulerImpl: Adding task set 4.0 with 2 tasks resource profile 0
[2025-09-02T15:27:07.121+0000] {spark_submit.py:579} INFO - 25/09/02 15:27:07 INFO TaskSetManager: Starting task 0.0 in stage 4.0 (TID 8) (172.18.0.5,executor 0, partition 0, PROCESS_LOCAL, 9868 bytes)
[2025-09-02T15:27:07.122+0000] {spark_submit.py:579} INFO - 25/09/02 15:27:07 INFO TaskSetManager: Starting task 1.0 in stage 4.0 (TID 9) (172.18.0.5,executor 0, partition 1, PROCESS_LOCAL, 10002 bytes)
[2025-09-02T15:27:07.293+0000] {spark_submit.py:579} INFO - 25/09/02 15:27:07 INFO TaskSetManager: Finished task 0.0 in stage 4.0 (TID 8) in 172 ms on 172.18.0.5 (executor 0) (1/2)
[2025-09-02T15:27:07.512+0000] {spark_submit.py:579} INFO - 25/09/02 15:27:07 INFO TaskSetManager: Finished task 1.0 in stage 4.0 (TID 9) in 390 ms on 172.18.0.5 (executor 0) (2/2)
[2025-09-02T15:27:07.512+0000] {spark_submit.py:579} INFO - 25/09/02 15:27:07 INFO TaskSchedulerImpl: Removed TaskSet 4.0 whose tasks have all completed, from pool
[2025-09-02T15:27:07.513+0000] {spark_submit.py:579} INFO - 25/09/02 15:27:07 INFO DAGScheduler: ResultStage 4 (jdbc at NativeMethodAccessorImpl.java:0) finished in 406 ms
[2025-09-02T15:27:07.513+0000] {spark_submit.py:579} INFO - 25/09/02 15:27:07 INFO DAGScheduler: Job 4 is finished. Cancelling potential speculative or zombie tasks for this job
[2025-09-02T15:27:07.515+0000] {spark_submit.py:579} INFO - 25/09/02 15:27:07 INFO TaskSchedulerImpl: Canceling stage 4
[2025-09-02T15:27:07.515+0000] {spark_submit.py:579} INFO - 25/09/02 15:27:07 INFO TaskSchedulerImpl: Killing all running tasks in stage 4: Stage finished
[2025-09-02T15:27:07.516+0000] {spark_submit.py:579} INFO - 25/09/02 15:27:07 INFO DAGScheduler: Job 4 finished: jdbc at NativeMethodAccessorImpl.java:0, took 408.844953 ms
[2025-09-02T15:27:07.834+0000] {spark_submit.py:579} INFO - table kue_daily has been loaded
[2025-09-02T15:27:08.058+0000] {spark_submit.py:579} INFO - 25/09/02 15:27:08 INFO CodeGenerator: Code generated in 8.78169 ms
[2025-09-02T15:27:08.069+0000] {spark_submit.py:579} INFO - 25/09/02 15:27:08 INFO SparkContext: Starting job: jdbc at NativeMethodAccessorImpl.java:0
[2025-09-02T15:27:08.070+0000] {spark_submit.py:579} INFO - 25/09/02 15:27:08 INFO DAGScheduler: Got job 5 (jdbc at NativeMethodAccessorImpl.java:0) with 2 output partitions
[2025-09-02T15:27:08.070+0000] {spark_submit.py:579} INFO - 25/09/02 15:27:08 INFO DAGScheduler: Final stage: ResultStage 5 (jdbc at NativeMethodAccessorImpl.java:0)
[2025-09-02T15:27:08.071+0000] {spark_submit.py:579} INFO - 25/09/02 15:27:08 INFO DAGScheduler: Parents of final stage: List()
[2025-09-02T15:27:08.071+0000] {spark_submit.py:579} INFO - 25/09/02 15:27:08 INFO DAGScheduler: Missing parents: List()
[2025-09-02T15:27:08.072+0000] {spark_submit.py:579} INFO - 25/09/02 15:27:08 INFO DAGScheduler: Submitting ResultStage 5 (MapPartitionsRDD[73] at jdbc at NativeMethodAccessorImpl.java:0), which has no missing parents
[2025-09-02T15:27:08.073+0000] {spark_submit.py:579} INFO - 25/09/02 15:27:08 INFO MemoryStore: Block broadcast_5 stored as values in memory (estimated size 27.1 KiB, free 434.3 MiB)
[2025-09-02T15:27:08.081+0000] {spark_submit.py:579} INFO - 25/09/02 15:27:08 INFO MemoryStore: Block broadcast_5_piece0 stored as bytes in memory (estimated size 12.4 KiB, free 434.3 MiB)
[2025-09-02T15:27:08.084+0000] {spark_submit.py:579} INFO - 25/09/02 15:27:08 INFO SparkContext: Created broadcast 5 from broadcast at DAGScheduler.scala:1676
[2025-09-02T15:27:08.084+0000] {spark_submit.py:579} INFO - 25/09/02 15:27:08 INFO DAGScheduler: Submitting 2 missing tasks from ResultStage 5 (MapPartitionsRDD[73] at jdbc at NativeMethodAccessorImpl.java:0) (first 15 tasks are for partitions Vector(0, 1))
[2025-09-02T15:27:08.085+0000] {spark_submit.py:579} INFO - 25/09/02 15:27:08 INFO TaskSchedulerImpl: Adding task set 5.0 with 2 tasks resource profile 0
[2025-09-02T15:27:08.087+0000] {spark_submit.py:579} INFO - 25/09/02 15:27:08 INFO TaskSetManager: Starting task 0.0 in stage 5.0 (TID 10) (172.18.0.5,executor 0, partition 0, PROCESS_LOCAL, 9868 bytes)
[2025-09-02T15:27:08.087+0000] {spark_submit.py:579} INFO - 25/09/02 15:27:08 INFO TaskSetManager: Starting task 1.0 in stage 5.0 (TID 11) (172.18.0.5,executor 0, partition 1, PROCESS_LOCAL, 10001 bytes)
[2025-09-02T15:27:08.305+0000] {spark_submit.py:579} INFO - 25/09/02 15:27:08 INFO TaskSetManager: Finished task 0.0 in stage 5.0 (TID 10) in 219 ms on 172.18.0.5 (executor 0) (1/2)
[2025-09-02T15:27:08.505+0000] {spark_submit.py:579} INFO - 25/09/02 15:27:08 INFO TaskSetManager: Finished task 1.0 in stage 5.0 (TID 11) in 418 ms on 172.18.0.5 (executor 0) (2/2)
[2025-09-02T15:27:08.506+0000] {spark_submit.py:579} INFO - 25/09/02 15:27:08 INFO TaskSchedulerImpl: Removed TaskSet 5.0 whose tasks have all completed, from pool
[2025-09-02T15:27:08.506+0000] {spark_submit.py:579} INFO - 25/09/02 15:27:08 INFO DAGScheduler: ResultStage 5 (jdbc at NativeMethodAccessorImpl.java:0) finished in 435 ms
[2025-09-02T15:27:08.506+0000] {spark_submit.py:579} INFO - 25/09/02 15:27:08 INFO DAGScheduler: Job 5 is finished. Cancelling potential speculative or zombie tasks for this job
[2025-09-02T15:27:08.507+0000] {spark_submit.py:579} INFO - 25/09/02 15:27:08 INFO TaskSchedulerImpl: Canceling stage 5
[2025-09-02T15:27:08.507+0000] {spark_submit.py:579} INFO - 25/09/02 15:27:08 INFO TaskSchedulerImpl: Killing all running tasks in stage 5: Stage finished
[2025-09-02T15:27:08.508+0000] {spark_submit.py:579} INFO - 25/09/02 15:27:08 INFO DAGScheduler: Job 5 finished: jdbc at NativeMethodAccessorImpl.java:0, took 437.159409 ms
[2025-09-02T15:27:08.816+0000] {spark_submit.py:579} INFO - table kue_rapid has been loaded
[2025-09-02T15:27:09.061+0000] {spark_submit.py:579} INFO - 25/09/02 15:27:09 INFO SparkContext: Starting job: jdbc at NativeMethodAccessorImpl.java:0
[2025-09-02T15:27:09.062+0000] {spark_submit.py:579} INFO - 25/09/02 15:27:09 INFO DAGScheduler: Got job 6 (jdbc at NativeMethodAccessorImpl.java:0) with 2 output partitions
[2025-09-02T15:27:09.063+0000] {spark_submit.py:579} INFO - 25/09/02 15:27:09 INFO DAGScheduler: Final stage: ResultStage 6 (jdbc at NativeMethodAccessorImpl.java:0)
[2025-09-02T15:27:09.063+0000] {spark_submit.py:579} INFO - 25/09/02 15:27:09 INFO DAGScheduler: Parents of final stage: List()
[2025-09-02T15:27:09.063+0000] {spark_submit.py:579} INFO - 25/09/02 15:27:09 INFO DAGScheduler: Missing parents: List()
[2025-09-02T15:27:09.064+0000] {spark_submit.py:579} INFO - 25/09/02 15:27:09 INFO DAGScheduler: Submitting ResultStage 6 (MapPartitionsRDD[77] at jdbc at NativeMethodAccessorImpl.java:0), which has no missing parents
[2025-09-02T15:27:09.065+0000] {spark_submit.py:579} INFO - 25/09/02 15:27:09 INFO MemoryStore: Block broadcast_6 stored as values in memory (estimated size 27.1 KiB, free 434.3 MiB)
[2025-09-02T15:27:09.070+0000] {spark_submit.py:579} INFO - 25/09/02 15:27:09 INFO MemoryStore: Block broadcast_6_piece0 stored as bytes in memory (estimated size 12.4 KiB, free 434.3 MiB)
[2025-09-02T15:27:09.073+0000] {spark_submit.py:579} INFO - 25/09/02 15:27:09 INFO SparkContext: Created broadcast 6 from broadcast at DAGScheduler.scala:1676
[2025-09-02T15:27:09.074+0000] {spark_submit.py:579} INFO - 25/09/02 15:27:09 INFO DAGScheduler: Submitting 2 missing tasks from ResultStage 6 (MapPartitionsRDD[77] at jdbc at NativeMethodAccessorImpl.java:0) (first 15 tasks are for partitions Vector(0, 1))
[2025-09-02T15:27:09.074+0000] {spark_submit.py:579} INFO - 25/09/02 15:27:09 INFO TaskSchedulerImpl: Adding task set 6.0 with 2 tasks resource profile 0
[2025-09-02T15:27:09.075+0000] {spark_submit.py:579} INFO - 25/09/02 15:27:09 INFO TaskSetManager: Starting task 0.0 in stage 6.0 (TID 12) (172.18.0.5,executor 0, partition 0, PROCESS_LOCAL, 9868 bytes)
[2025-09-02T15:27:09.076+0000] {spark_submit.py:579} INFO - 25/09/02 15:27:09 INFO TaskSetManager: Starting task 1.0 in stage 6.0 (TID 13) (172.18.0.5,executor 0, partition 1, PROCESS_LOCAL, 10001 bytes)
[2025-09-02T15:27:09.244+0000] {spark_submit.py:579} INFO - 25/09/02 15:27:09 INFO TaskSetManager: Finished task 0.0 in stage 6.0 (TID 12) in 168 ms on 172.18.0.5 (executor 0) (1/2)
[2025-09-02T15:27:09.459+0000] {spark_submit.py:579} INFO - 25/09/02 15:27:09 INFO TaskSetManager: Finished task 1.0 in stage 6.0 (TID 13) in 383 ms on 172.18.0.5 (executor 0) (2/2)
[2025-09-02T15:27:09.459+0000] {spark_submit.py:579} INFO - 25/09/02 15:27:09 INFO TaskSchedulerImpl: Removed TaskSet 6.0 whose tasks have all completed, from pool
[2025-09-02T15:27:09.459+0000] {spark_submit.py:579} INFO - 25/09/02 15:27:09 INFO DAGScheduler: ResultStage 6 (jdbc at NativeMethodAccessorImpl.java:0) finished in 396 ms
[2025-09-02T15:27:09.460+0000] {spark_submit.py:579} INFO - 25/09/02 15:27:09 INFO DAGScheduler: Job 6 is finished. Cancelling potential speculative or zombie tasks for this job
[2025-09-02T15:27:09.460+0000] {spark_submit.py:579} INFO - 25/09/02 15:27:09 INFO TaskSchedulerImpl: Canceling stage 6
[2025-09-02T15:27:09.460+0000] {spark_submit.py:579} INFO - 25/09/02 15:27:09 INFO TaskSchedulerImpl: Killing all running tasks in stage 6: Stage finished
[2025-09-02T15:27:09.460+0000] {spark_submit.py:579} INFO - 25/09/02 15:27:09 INFO DAGScheduler: Job 6 finished: jdbc at NativeMethodAccessorImpl.java:0, took 398.759674 ms
[2025-09-02T15:27:09.817+0000] {spark_submit.py:579} INFO - table kue_blitz has been loaded
[2025-09-02T15:27:10.062+0000] {spark_submit.py:579} INFO - 25/09/02 15:27:10 INFO CodeGenerator: Code generated in 6.572432 ms
[2025-09-02T15:27:10.072+0000] {spark_submit.py:579} INFO - 25/09/02 15:27:10 INFO SparkContext: Starting job: jdbc at NativeMethodAccessorImpl.java:0
[2025-09-02T15:27:10.073+0000] {spark_submit.py:579} INFO - 25/09/02 15:27:10 INFO DAGScheduler: Got job 7 (jdbc at NativeMethodAccessorImpl.java:0) with 2 output partitions
[2025-09-02T15:27:10.074+0000] {spark_submit.py:579} INFO - 25/09/02 15:27:10 INFO DAGScheduler: Final stage: ResultStage 7 (jdbc at NativeMethodAccessorImpl.java:0)
[2025-09-02T15:27:10.074+0000] {spark_submit.py:579} INFO - 25/09/02 15:27:10 INFO DAGScheduler: Parents of final stage: List()
[2025-09-02T15:27:10.075+0000] {spark_submit.py:579} INFO - 25/09/02 15:27:10 INFO DAGScheduler: Missing parents: List()
[2025-09-02T15:27:10.075+0000] {spark_submit.py:579} INFO - 25/09/02 15:27:10 INFO DAGScheduler: Submitting ResultStage 7 (MapPartitionsRDD[81] at jdbc at NativeMethodAccessorImpl.java:0), which has no missing parents
[2025-09-02T15:27:10.077+0000] {spark_submit.py:579} INFO - 25/09/02 15:27:10 INFO MemoryStore: Block broadcast_7 stored as values in memory (estimated size 25.7 KiB, free 434.3 MiB)
[2025-09-02T15:27:10.083+0000] {spark_submit.py:579} INFO - 25/09/02 15:27:10 INFO MemoryStore: Block broadcast_7_piece0 stored as bytes in memory (estimated size 12.1 KiB, free 434.3 MiB)
[2025-09-02T15:27:10.085+0000] {spark_submit.py:579} INFO - 25/09/02 15:27:10 INFO SparkContext: Created broadcast 7 from broadcast at DAGScheduler.scala:1676
[2025-09-02T15:27:10.086+0000] {spark_submit.py:579} INFO - 25/09/02 15:27:10 INFO DAGScheduler: Submitting 2 missing tasks from ResultStage 7 (MapPartitionsRDD[81] at jdbc at NativeMethodAccessorImpl.java:0) (first 15 tasks are for partitions Vector(0, 1))
[2025-09-02T15:27:10.087+0000] {spark_submit.py:579} INFO - 25/09/02 15:27:10 INFO TaskSchedulerImpl: Adding task set 7.0 with 2 tasks resource profile 0
[2025-09-02T15:27:10.087+0000] {spark_submit.py:579} INFO - 25/09/02 15:27:10 INFO TaskSetManager: Starting task 0.0 in stage 7.0 (TID 14) (172.18.0.5,executor 0, partition 0, PROCESS_LOCAL, 9868 bytes)
[2025-09-02T15:27:10.088+0000] {spark_submit.py:579} INFO - 25/09/02 15:27:10 INFO TaskSetManager: Starting task 1.0 in stage 7.0 (TID 15) (172.18.0.5,executor 0, partition 1, PROCESS_LOCAL, 9927 bytes)
[2025-09-02T15:27:10.239+0000] {spark_submit.py:579} INFO - 25/09/02 15:27:10 INFO TaskSetManager: Finished task 0.0 in stage 7.0 (TID 14) in 152 ms on 172.18.0.5 (executor 0) (1/2)
[2025-09-02T15:27:10.473+0000] {spark_submit.py:579} INFO - 25/09/02 15:27:10 INFO TaskSetManager: Finished task 1.0 in stage 7.0 (TID 15) in 386 ms on 172.18.0.5 (executor 0) (2/2)
[2025-09-02T15:27:10.474+0000] {spark_submit.py:579} INFO - 25/09/02 15:27:10 INFO TaskSchedulerImpl: Removed TaskSet 7.0 whose tasks have all completed, from pool
[2025-09-02T15:27:10.475+0000] {spark_submit.py:579} INFO - 25/09/02 15:27:10 INFO DAGScheduler: ResultStage 7 (jdbc at NativeMethodAccessorImpl.java:0) finished in 399 ms
[2025-09-02T15:27:10.475+0000] {spark_submit.py:579} INFO - 25/09/02 15:27:10 INFO DAGScheduler: Job 7 is finished. Cancelling potential speculative or zombie tasks for this job
[2025-09-02T15:27:10.475+0000] {spark_submit.py:579} INFO - 25/09/02 15:27:10 INFO TaskSchedulerImpl: Canceling stage 7
[2025-09-02T15:27:10.476+0000] {spark_submit.py:579} INFO - 25/09/02 15:27:10 INFO TaskSchedulerImpl: Killing all running tasks in stage 7: Stage finished
[2025-09-02T15:27:10.476+0000] {spark_submit.py:579} INFO - 25/09/02 15:27:10 INFO DAGScheduler: Job 7 finished: jdbc at NativeMethodAccessorImpl.java:0, took 402.698159 ms
[2025-09-02T15:27:10.797+0000] {spark_submit.py:579} INFO - table kue_bullet has been loaded
[2025-09-02T15:27:11.083+0000] {spark_submit.py:579} INFO - 25/09/02 15:27:11 INFO CodeGenerator: Code generated in 7.945242 ms
[2025-09-02T15:27:11.096+0000] {spark_submit.py:579} INFO - 25/09/02 15:27:11 INFO SparkContext: Starting job: jdbc at NativeMethodAccessorImpl.java:0
[2025-09-02T15:27:11.097+0000] {spark_submit.py:579} INFO - 25/09/02 15:27:11 INFO DAGScheduler: Got job 8 (jdbc at NativeMethodAccessorImpl.java:0) with 2 output partitions
[2025-09-02T15:27:11.098+0000] {spark_submit.py:579} INFO - 25/09/02 15:27:11 INFO DAGScheduler: Final stage: ResultStage 8 (jdbc at NativeMethodAccessorImpl.java:0)
[2025-09-02T15:27:11.098+0000] {spark_submit.py:579} INFO - 25/09/02 15:27:11 INFO DAGScheduler: Parents of final stage: List()
[2025-09-02T15:27:11.098+0000] {spark_submit.py:579} INFO - 25/09/02 15:27:11 INFO DAGScheduler: Missing parents: List()
[2025-09-02T15:27:11.099+0000] {spark_submit.py:579} INFO - 25/09/02 15:27:11 INFO DAGScheduler: Submitting ResultStage 8 (MapPartitionsRDD[85] at jdbc at NativeMethodAccessorImpl.java:0), which has no missing parents
[2025-09-02T15:27:11.101+0000] {spark_submit.py:579} INFO - 25/09/02 15:27:11 INFO MemoryStore: Block broadcast_8 stored as values in memory (estimated size 25.3 KiB, free 434.3 MiB)
[2025-09-02T15:27:11.108+0000] {spark_submit.py:579} INFO - 25/09/02 15:27:11 INFO MemoryStore: Block broadcast_8_piece0 stored as bytes in memory (estimated size 12.0 KiB, free 434.3 MiB)
[2025-09-02T15:27:11.111+0000] {spark_submit.py:579} INFO - 25/09/02 15:27:11 INFO SparkContext: Created broadcast 8 from broadcast at DAGScheduler.scala:1676
[2025-09-02T15:27:11.112+0000] {spark_submit.py:579} INFO - 25/09/02 15:27:11 INFO DAGScheduler: Submitting 2 missing tasks from ResultStage 8 (MapPartitionsRDD[85] at jdbc at NativeMethodAccessorImpl.java:0) (first 15 tasks are for partitions Vector(0, 1))
[2025-09-02T15:27:11.113+0000] {spark_submit.py:579} INFO - 25/09/02 15:27:11 INFO TaskSchedulerImpl: Adding task set 8.0 with 2 tasks resource profile 0
[2025-09-02T15:27:11.114+0000] {spark_submit.py:579} INFO - 25/09/02 15:27:11 INFO TaskSetManager: Starting task 0.0 in stage 8.0 (TID 16) (172.18.0.5,executor 0, partition 0, PROCESS_LOCAL, 9868 bytes)
[2025-09-02T15:27:11.115+0000] {spark_submit.py:579} INFO - 25/09/02 15:27:11 INFO TaskSetManager: Starting task 1.0 in stage 8.0 (TID 17) (172.18.0.5,executor 0, partition 1, PROCESS_LOCAL, 9946 bytes)
[2025-09-02T15:27:11.270+0000] {spark_submit.py:579} INFO - 25/09/02 15:27:11 INFO TaskSetManager: Finished task 0.0 in stage 8.0 (TID 16) in 156 ms on 172.18.0.5 (executor 0) (1/2)
[2025-09-02T15:27:11.486+0000] {spark_submit.py:579} INFO - 25/09/02 15:27:11 INFO TaskSetManager: Finished task 1.0 in stage 8.0 (TID 17) in 372 ms on 172.18.0.5 (executor 0) (2/2)
[2025-09-02T15:27:11.487+0000] {spark_submit.py:579} INFO - 25/09/02 15:27:11 INFO TaskSchedulerImpl: Removed TaskSet 8.0 whose tasks have all completed, from pool
[2025-09-02T15:27:11.487+0000] {spark_submit.py:579} INFO - 25/09/02 15:27:11 INFO DAGScheduler: ResultStage 8 (jdbc at NativeMethodAccessorImpl.java:0) finished in 388 ms
[2025-09-02T15:27:11.487+0000] {spark_submit.py:579} INFO - 25/09/02 15:27:11 INFO DAGScheduler: Job 8 is finished. Cancelling potential speculative or zombie tasks for this job
[2025-09-02T15:27:11.488+0000] {spark_submit.py:579} INFO - 25/09/02 15:27:11 INFO TaskSchedulerImpl: Canceling stage 8
[2025-09-02T15:27:11.488+0000] {spark_submit.py:579} INFO - 25/09/02 15:27:11 INFO TaskSchedulerImpl: Killing all running tasks in stage 8: Stage finished
[2025-09-02T15:27:11.488+0000] {spark_submit.py:579} INFO - 25/09/02 15:27:11 INFO DAGScheduler: Job 8 finished: jdbc at NativeMethodAccessorImpl.java:0, took 391.716471 ms
[2025-09-02T15:27:11.786+0000] {spark_submit.py:579} INFO - table kue_tactics has been loaded
[2025-09-02T15:27:12.027+0000] {spark_submit.py:579} INFO - 25/09/02 15:27:12 INFO CodeGenerator: Code generated in 5.999585 ms
[2025-09-02T15:27:12.037+0000] {spark_submit.py:579} INFO - 25/09/02 15:27:12 INFO SparkContext: Starting job: jdbc at NativeMethodAccessorImpl.java:0
[2025-09-02T15:27:12.037+0000] {spark_submit.py:579} INFO - 25/09/02 15:27:12 INFO DAGScheduler: Got job 9 (jdbc at NativeMethodAccessorImpl.java:0) with 2 output partitions
[2025-09-02T15:27:12.038+0000] {spark_submit.py:579} INFO - 25/09/02 15:27:12 INFO DAGScheduler: Final stage: ResultStage 9 (jdbc at NativeMethodAccessorImpl.java:0)
[2025-09-02T15:27:12.038+0000] {spark_submit.py:579} INFO - 25/09/02 15:27:12 INFO DAGScheduler: Parents of final stage: List()
[2025-09-02T15:27:12.038+0000] {spark_submit.py:579} INFO - 25/09/02 15:27:12 INFO DAGScheduler: Missing parents: List()
[2025-09-02T15:27:12.039+0000] {spark_submit.py:579} INFO - 25/09/02 15:27:12 INFO DAGScheduler: Submitting ResultStage 9 (MapPartitionsRDD[89] at jdbc at NativeMethodAccessorImpl.java:0), which has no missing parents
[2025-09-02T15:27:12.040+0000] {spark_submit.py:579} INFO - 25/09/02 15:27:12 INFO MemoryStore: Block broadcast_9 stored as values in memory (estimated size 23.6 KiB, free 434.3 MiB)
[2025-09-02T15:27:12.046+0000] {spark_submit.py:579} INFO - 25/09/02 15:27:12 INFO MemoryStore: Block broadcast_9_piece0 stored as bytes in memory (estimated size 11.4 KiB, free 434.3 MiB)
[2025-09-02T15:27:12.049+0000] {spark_submit.py:579} INFO - 25/09/02 15:27:12 INFO SparkContext: Created broadcast 9 from broadcast at DAGScheduler.scala:1676
[2025-09-02T15:27:12.050+0000] {spark_submit.py:579} INFO - 25/09/02 15:27:12 INFO DAGScheduler: Submitting 2 missing tasks from ResultStage 9 (MapPartitionsRDD[89] at jdbc at NativeMethodAccessorImpl.java:0) (first 15 tasks are for partitions Vector(0, 1))
[2025-09-02T15:27:12.050+0000] {spark_submit.py:579} INFO - 25/09/02 15:27:12 INFO TaskSchedulerImpl: Adding task set 9.0 with 2 tasks resource profile 0
[2025-09-02T15:27:12.051+0000] {spark_submit.py:579} INFO - 25/09/02 15:27:12 INFO TaskSetManager: Starting task 0.0 in stage 9.0 (TID 18) (172.18.0.5,executor 0, partition 0, PROCESS_LOCAL, 9868 bytes)
[2025-09-02T15:27:12.052+0000] {spark_submit.py:579} INFO - 25/09/02 15:27:12 INFO TaskSetManager: Starting task 1.0 in stage 9.0 (TID 19) (172.18.0.5,executor 0, partition 1, PROCESS_LOCAL, 9899 bytes)
[2025-09-02T15:27:12.206+0000] {spark_submit.py:579} INFO - 25/09/02 15:27:12 INFO TaskSetManager: Finished task 0.0 in stage 9.0 (TID 18) in 155 ms on 172.18.0.5 (executor 0) (1/2)
[2025-09-02T15:27:12.417+0000] {spark_submit.py:579} INFO - 25/09/02 15:27:12 INFO TaskSetManager: Finished task 1.0 in stage 9.0 (TID 19) in 365 ms on 172.18.0.5 (executor 0) (2/2)
[2025-09-02T15:27:12.418+0000] {spark_submit.py:579} INFO - 25/09/02 15:27:12 INFO TaskSchedulerImpl: Removed TaskSet 9.0 whose tasks have all completed, from pool
[2025-09-02T15:27:12.418+0000] {spark_submit.py:579} INFO - 25/09/02 15:27:12 INFO DAGScheduler: ResultStage 9 (jdbc at NativeMethodAccessorImpl.java:0) finished in 379 ms
[2025-09-02T15:27:12.419+0000] {spark_submit.py:579} INFO - 25/09/02 15:27:12 INFO DAGScheduler: Job 9 is finished. Cancelling potential speculative or zombie tasks for this job
[2025-09-02T15:27:12.419+0000] {spark_submit.py:579} INFO - 25/09/02 15:27:12 INFO TaskSchedulerImpl: Canceling stage 9
[2025-09-02T15:27:12.420+0000] {spark_submit.py:579} INFO - 25/09/02 15:27:12 INFO TaskSchedulerImpl: Killing all running tasks in stage 9: Stage finished
[2025-09-02T15:27:12.420+0000] {spark_submit.py:579} INFO - 25/09/02 15:27:12 INFO DAGScheduler: Job 9 finished: jdbc at NativeMethodAccessorImpl.java:0, took 381.941081 ms
[2025-09-02T15:27:12.726+0000] {spark_submit.py:579} INFO - table kue_puzzle_rush has been loaded
[2025-09-02T15:27:12.902+0000] {spark_submit.py:579} INFO - 25/09/02 15:27:12 INFO SparkContext: Invoking stop() from shutdown hook
[2025-09-02T15:27:12.903+0000] {spark_submit.py:579} INFO - 25/09/02 15:27:12 INFO SparkContext: SparkContext is stopping with exitCode 0 from run at Executors.java:539.
[2025-09-02T15:27:12.919+0000] {spark_submit.py:579} INFO - 25/09/02 15:27:12 INFO SparkUI: Stopped Spark web UI at http://7b2a3a75c36f:4040
[2025-09-02T15:27:12.922+0000] {spark_submit.py:579} INFO - 25/09/02 15:27:12 INFO StandaloneSchedulerBackend: Shutting down all executors
[2025-09-02T15:27:12.924+0000] {spark_submit.py:579} INFO - 25/09/02 15:27:12 INFO StandaloneSchedulerBackend$StandaloneDriverEndpoint: Asking each executor to shut down
[2025-09-02T15:27:12.937+0000] {spark_submit.py:579} INFO - 25/09/02 15:27:12 INFO MapOutputTrackerMasterEndpoint: MapOutputTrackerMasterEndpoint stopped!
[2025-09-02T15:27:12.972+0000] {spark_submit.py:579} INFO - 25/09/02 15:27:12 INFO MemoryStore: MemoryStore cleared
[2025-09-02T15:27:12.973+0000] {spark_submit.py:579} INFO - 25/09/02 15:27:12 INFO BlockManager: BlockManager stopped
[2025-09-02T15:27:12.975+0000] {spark_submit.py:579} INFO - 25/09/02 15:27:12 INFO BlockManagerMaster: BlockManagerMaster stopped
[2025-09-02T15:27:12.978+0000] {spark_submit.py:579} INFO - 25/09/02 15:27:12 INFO OutputCommitCoordinator$OutputCommitCoordinatorEndpoint: OutputCommitCoordinator stopped!
[2025-09-02T15:27:13.008+0000] {spark_submit.py:579} INFO - 25/09/02 15:27:13 INFO SparkContext: Successfully stopped SparkContext
[2025-09-02T15:27:13.009+0000] {spark_submit.py:579} INFO - 25/09/02 15:27:13 INFO ShutdownHookManager: Shutdown hook called
[2025-09-02T15:27:13.009+0000] {spark_submit.py:579} INFO - 25/09/02 15:27:13 INFO ShutdownHookManager: Deleting directory /tmp/spark-938f48bf-87f2-4e7b-ae75-cb7772c4fccb
[2025-09-02T15:27:13.020+0000] {spark_submit.py:579} INFO - 25/09/02 15:27:13 INFO ShutdownHookManager: Deleting directory /tmp/spark-c1797fa4-cac0-4b51-b39f-448ffdfed0e5
[2025-09-02T15:27:13.032+0000] {spark_submit.py:579} INFO - 25/09/02 15:27:13 INFO ShutdownHookManager: Deleting directory /tmp/spark-c1797fa4-cac0-4b51-b39f-448ffdfed0e5/pyspark-86ec99d4-d594-46e8-a8a0-3a6c5c809593
[2025-09-02T15:27:13.041+0000] {spark_submit.py:579} INFO - 25/09/02 15:27:13 INFO ShutdownHookManager: Deleting directory /opt/***/artifacts/spark-ea1e4ff3-e2e9-45b6-9547-9f052899ded9
[2025-09-02T15:27:13.204+0000] {taskinstance.py:1398} INFO - Marking task as SUCCESS. dag_id=sparking_flow, task_id=python_job, execution_date=20250902T152644, start_date=20250902T152646, end_date=20250902T152713
[2025-09-02T15:27:13.270+0000] {local_task_job_runner.py:228} INFO - Task exited with return code 0
[2025-09-02T15:27:13.330+0000] {taskinstance.py:2776} INFO - 1 downstream tasks scheduled from follow-on schedule check
