[2025-09-08T15:22:54.549+0000] {taskinstance.py:1157} INFO - Dependencies all met for dep_context=non-requeueable deps ti=<TaskInstance: sparking_flow.python_job manual__2025-09-08T15:22:45.365835+00:00 [queued]>
[2025-09-08T15:22:54.558+0000] {taskinstance.py:1157} INFO - Dependencies all met for dep_context=requeueable deps ti=<TaskInstance: sparking_flow.python_job manual__2025-09-08T15:22:45.365835+00:00 [queued]>
[2025-09-08T15:22:54.558+0000] {taskinstance.py:1359} INFO - Starting attempt 1 of 1
[2025-09-08T15:22:54.573+0000] {taskinstance.py:1380} INFO - Executing <Task(SparkSubmitOperator): python_job> on 2025-09-08 15:22:45.365835+00:00
[2025-09-08T15:22:54.580+0000] {standard_task_runner.py:57} INFO - Started process 7512 to run task
[2025-09-08T15:22:54.585+0000] {standard_task_runner.py:84} INFO - Running: ['***', 'tasks', 'run', 'sparking_flow', 'python_job', 'manual__2025-09-08T15:22:45.365835+00:00', '--job-id', '22', '--raw', '--subdir', 'DAGS_FOLDER/spark_***.py', '--cfg-path', '/tmp/tmpjwdztjqs']
[2025-09-08T15:22:54.589+0000] {standard_task_runner.py:85} INFO - Job 22: Subtask python_job
[2025-09-08T15:22:54.662+0000] {task_command.py:415} INFO - Running <TaskInstance: sparking_flow.python_job manual__2025-09-08T15:22:45.365835+00:00 [running]> on host 05ec214ce74e
[2025-09-08T15:22:54.751+0000] {taskinstance.py:1660} INFO - Exporting env vars: AIRFLOW_CTX_DAG_OWNER='Kudzaishe Manyanya' AIRFLOW_CTX_DAG_ID='sparking_flow' AIRFLOW_CTX_TASK_ID='python_job' AIRFLOW_CTX_EXECUTION_DATE='2025-09-08T15:22:45.365835+00:00' AIRFLOW_CTX_TRY_NUMBER='1' AIRFLOW_CTX_DAG_RUN_ID='manual__2025-09-08T15:22:45.365835+00:00'
[2025-09-08T15:22:54.766+0000] {base.py:73} INFO - Using connection ID 'spark-conn' for task execution.
[2025-09-08T15:22:54.767+0000] {spark_submit.py:403} INFO - Spark-Submit cmd: spark-submit --master spark://spark-master:7077 --jars /opt/spark/external-jars/apache-spark-sql-connector.jar --name arrow-spark --deploy-mode client jobs/python/wordcountjob.py
[2025-09-08T15:22:56.861+0000] {spark_submit.py:579} INFO - WARNING: Using incubator modules: jdk.incubator.vector
[2025-09-08T15:22:59.548+0000] {spark_submit.py:579} INFO - 25/09/08 15:22:59 WARN NativeCodeLoader: Unable to load native-hadoop library for your platform... using builtin-java classes where applicable
[2025-09-08T15:23:04.219+0000] {spark_submit.py:579} INFO - Using Spark's default log4j profile: org/apache/spark/log4j2-defaults.properties
[2025-09-08T15:23:04.248+0000] {spark_submit.py:579} INFO - 25/09/08 15:23:04 INFO SparkContext: Running Spark version 4.0.0
[2025-09-08T15:23:04.249+0000] {spark_submit.py:579} INFO - 25/09/08 15:23:04 INFO SparkContext: OS info Linux, 6.6.87.2-microsoft-standard-WSL2, amd64
[2025-09-08T15:23:04.249+0000] {spark_submit.py:579} INFO - 25/09/08 15:23:04 INFO SparkContext: Java version 17.0.15
[2025-09-08T15:23:04.253+0000] {spark_submit.py:579} INFO - 25/09/08 15:23:04 INFO ResourceUtils: ==============================================================
[2025-09-08T15:23:04.253+0000] {spark_submit.py:579} INFO - 25/09/08 15:23:04 INFO ResourceUtils: No custom resources configured for spark.driver.
[2025-09-08T15:23:04.254+0000] {spark_submit.py:579} INFO - 25/09/08 15:23:04 INFO ResourceUtils: ==============================================================
[2025-09-08T15:23:04.254+0000] {spark_submit.py:579} INFO - 25/09/08 15:23:04 INFO SparkContext: Submitted application: PythonWordCount
[2025-09-08T15:23:04.287+0000] {spark_submit.py:579} INFO - 25/09/08 15:23:04 INFO ResourceProfile: Default ResourceProfile created, executor resources: Map(memory -> name: memory, amount: 1024, script: , vendor: , offHeap -> name: offHeap, amount: 0, script: , vendor: ), task resources: Map(cpus -> name: cpus, amount: 1.0)
[2025-09-08T15:23:04.290+0000] {spark_submit.py:579} INFO - 25/09/08 15:23:04 INFO ResourceProfile: Limiting resource is cpu
[2025-09-08T15:23:04.291+0000] {spark_submit.py:579} INFO - 25/09/08 15:23:04 INFO ResourceProfileManager: Added ResourceProfile id: 0
[2025-09-08T15:23:04.385+0000] {spark_submit.py:579} INFO - 25/09/08 15:23:04 INFO SecurityManager: Changing view acls to: ***
[2025-09-08T15:23:04.390+0000] {spark_submit.py:579} INFO - 25/09/08 15:23:04 INFO SecurityManager: Changing modify acls to: ***
[2025-09-08T15:23:04.391+0000] {spark_submit.py:579} INFO - 25/09/08 15:23:04 INFO SecurityManager: Changing view acls groups to: ***
[2025-09-08T15:23:04.391+0000] {spark_submit.py:579} INFO - 25/09/08 15:23:04 INFO SecurityManager: Changing modify acls groups to: ***
[2025-09-08T15:23:04.392+0000] {spark_submit.py:579} INFO - 25/09/08 15:23:04 INFO SecurityManager: SecurityManager: authentication disabled; ui acls disabled; users with view permissions: *** groups with view permissions: EMPTY; users with modify permissions: ***; groups with modify permissions: EMPTY; RPC SSL disabled
[2025-09-08T15:23:04.746+0000] {spark_submit.py:579} INFO - 25/09/08 15:23:04 INFO Utils: Successfully started service 'sparkDriver' on port 39185.
[2025-09-08T15:23:04.798+0000] {spark_submit.py:579} INFO - 25/09/08 15:23:04 INFO SparkEnv: Registering MapOutputTracker
[2025-09-08T15:23:04.813+0000] {spark_submit.py:579} INFO - 25/09/08 15:23:04 INFO SparkEnv: Registering BlockManagerMaster
[2025-09-08T15:23:04.842+0000] {spark_submit.py:579} INFO - 25/09/08 15:23:04 INFO BlockManagerMasterEndpoint: Using org.apache.spark.storage.DefaultTopologyMapper for getting topology information
[2025-09-08T15:23:04.843+0000] {spark_submit.py:579} INFO - 25/09/08 15:23:04 INFO BlockManagerMasterEndpoint: BlockManagerMasterEndpoint up
[2025-09-08T15:23:04.850+0000] {spark_submit.py:579} INFO - 25/09/08 15:23:04 INFO SparkEnv: Registering BlockManagerMasterHeartbeat
[2025-09-08T15:23:04.892+0000] {spark_submit.py:579} INFO - 25/09/08 15:23:04 INFO DiskBlockManager: Created local directory at /tmp/blockmgr-33f8e7b4-249e-4850-b79b-6e3fc1353593
[2025-09-08T15:23:04.925+0000] {spark_submit.py:579} INFO - 25/09/08 15:23:04 INFO SparkEnv: Registering OutputCommitCoordinator
[2025-09-08T15:23:05.232+0000] {spark_submit.py:579} INFO - 25/09/08 15:23:05 INFO JettyUtils: Start Jetty 0.0.0.0:4040 for SparkUI
[2025-09-08T15:23:05.317+0000] {spark_submit.py:579} INFO - 25/09/08 15:23:05 INFO Utils: Successfully started service 'SparkUI' on port 4040.
[2025-09-08T15:23:05.359+0000] {spark_submit.py:579} INFO - 25/09/08 15:23:05 INFO SparkContext: Added JAR file:///opt/spark/external-jars/apache-spark-sql-connector.jar at spark://05ec214ce74e:39185/jars/apache-spark-sql-connector.jar with timestamp 1757344984189
[2025-09-08T15:23:05.388+0000] {spark_submit.py:579} INFO - 25/09/08 15:23:05 INFO SecurityManager: Changing view acls to: ***
[2025-09-08T15:23:05.388+0000] {spark_submit.py:579} INFO - 25/09/08 15:23:05 INFO SecurityManager: Changing modify acls to: ***
[2025-09-08T15:23:05.389+0000] {spark_submit.py:579} INFO - 25/09/08 15:23:05 INFO SecurityManager: Changing view acls groups to: ***
[2025-09-08T15:23:05.389+0000] {spark_submit.py:579} INFO - 25/09/08 15:23:05 INFO SecurityManager: Changing modify acls groups to: ***
[2025-09-08T15:23:05.389+0000] {spark_submit.py:579} INFO - 25/09/08 15:23:05 INFO SecurityManager: SecurityManager: authentication disabled; ui acls disabled; users with view permissions: *** groups with view permissions: EMPTY; users with modify permissions: ***; groups with modify permissions: EMPTY; RPC SSL disabled
[2025-09-08T15:23:05.594+0000] {spark_submit.py:579} INFO - 25/09/08 15:23:05 INFO StandaloneAppClient$ClientEndpoint: Connecting to master spark://spark-master:7077...
[2025-09-08T15:23:05.674+0000] {spark_submit.py:579} INFO - 25/09/08 15:23:05 INFO TransportClientFactory: Successfully created connection to spark-master/172.18.0.3:7077 after 35 ms (0 ms spent in bootstraps)
[2025-09-08T15:23:06.562+0000] {spark_submit.py:579} INFO - 25/09/08 15:23:06 INFO StandaloneSchedulerBackend: Connected to Spark cluster with app ID app-20250908152306-0004
[2025-09-08T15:23:06.573+0000] {spark_submit.py:579} INFO - 25/09/08 15:23:06 INFO Utils: Successfully started service 'org.apache.spark.network.netty.NettyBlockTransferService' on port 35525.
[2025-09-08T15:23:06.574+0000] {spark_submit.py:579} INFO - 25/09/08 15:23:06 INFO NettyBlockTransferService: Server created on 05ec214ce74e:35525
[2025-09-08T15:23:06.576+0000] {spark_submit.py:579} INFO - 25/09/08 15:23:06 INFO BlockManager: Using org.apache.spark.storage.RandomBlockReplicationPolicy for block replication policy
[2025-09-08T15:23:06.596+0000] {spark_submit.py:579} INFO - 25/09/08 15:23:06 INFO BlockManagerMaster: Registering BlockManager BlockManagerId(driver, 05ec214ce74e, 35525, None)
[2025-09-08T15:23:06.607+0000] {spark_submit.py:579} INFO - 25/09/08 15:23:06 INFO BlockManagerMasterEndpoint: Registering block manager 05ec214ce74e:35525 with 434.4 MiB RAM, BlockManagerId(driver, 05ec214ce74e, 35525, None)
[2025-09-08T15:23:06.609+0000] {spark_submit.py:579} INFO - 25/09/08 15:23:06 INFO BlockManagerMaster: Registered BlockManager BlockManagerId(driver, 05ec214ce74e, 35525, None)
[2025-09-08T15:23:06.610+0000] {spark_submit.py:579} INFO - 25/09/08 15:23:06 INFO BlockManager: Initialized BlockManager: BlockManagerId(driver, 05ec214ce74e, 35525, None)
[2025-09-08T15:23:06.646+0000] {spark_submit.py:579} INFO - 25/09/08 15:23:06 INFO StandaloneAppClient$ClientEndpoint: Executor added: app-20250908152306-0004/0 on worker-20250908045658-172.18.0.5-39077 (172.18.0.5:39077) with 2 core(s)
[2025-09-08T15:23:06.650+0000] {spark_submit.py:579} INFO - 25/09/08 15:23:06 INFO StandaloneSchedulerBackend: Granted executor ID app-20250908152306-0004/0 on hostPort 172.18.0.5:39077 with 2 core(s), 1024.0 MiB RAM
[2025-09-08T15:23:06.885+0000] {spark_submit.py:579} INFO - 25/09/08 15:23:06 INFO StandaloneSchedulerBackend: SchedulerBackend is ready for scheduling beginning after reached minRegisteredResourcesRatio: 0.0
[2025-09-08T15:23:08.460+0000] {spark_submit.py:579} INFO - 25/09/08 15:23:08 INFO StandaloneAppClient$ClientEndpoint: Executor updated: app-20250908152306-0004/0 is now RUNNING
[2025-09-08T15:23:12.884+0000] {spark_submit.py:579} INFO - dict_keys(['daily', 'daily960', 'live_rapid', 'live_blitz', 'live_bullet', 'live_bughouse', 'live_blitz960', 'live_threecheck', 'live_crazyhouse', 'tactics', 'rush', 'battle'])
[2025-09-08T15:23:13.885+0000] {spark_submit.py:579} INFO - 25/09/08 15:23:13 INFO SharedState: Setting hive.metastore.warehouse.dir ('null') to the value of spark.sql.warehouse.dir.
[2025-09-08T15:23:13.891+0000] {spark_submit.py:579} INFO - 25/09/08 15:23:13 INFO SharedState: Warehouse path is 'file:/opt/***/spark-warehouse'.
[2025-09-08T15:23:14.338+0000] {spark_submit.py:579} INFO - 25/09/08 15:23:14 INFO StandaloneSchedulerBackend$StandaloneDriverEndpoint: Registered executor NettyRpcEndpointRef(spark-client://Executor) (172.18.0.5:51202) with ID 0, ResourceProfileId 0
[2025-09-08T15:23:14.668+0000] {spark_submit.py:579} INFO - 25/09/08 15:23:14 INFO BlockManagerMasterEndpoint: Registering block manager 172.18.0.5:44681 with 434.4 MiB RAM, BlockManagerId(0, 172.18.0.5, 44681, None)
[2025-09-08T15:23:49.931+0000] {spark_submit.py:579} INFO - Traceback (most recent call last):
[2025-09-08T15:23:49.942+0000] {spark_submit.py:579} INFO - File "/opt/***/jobs/python/wordcountjob.py", line 210, in <module>
[2025-09-08T15:23:49.946+0000] {spark_submit.py:579} INFO - write_data(daily,"daily")
[2025-09-08T15:23:49.946+0000] {spark_submit.py:579} INFO - File "/opt/***/jobs/python/wordcountjob.py", line 206, in write_data
[2025-09-08T15:23:49.947+0000] {spark_submit.py:579} INFO - df.write.mode("overwrite").jdbc(url=jdbc_url, table=f"cs.{table}", properties=properties)
[2025-09-08T15:23:49.947+0000] {spark_submit.py:579} INFO - File "/home/***/.local/lib/python3.10/site-packages/pyspark/python/lib/pyspark.zip/pyspark/sql/readwriter.py", line 2347, in jdbc
[2025-09-08T15:23:49.947+0000] {spark_submit.py:579} INFO - File "/home/***/.local/lib/python3.10/site-packages/pyspark/python/lib/py4j-0.10.9.9-src.zip/py4j/java_gateway.py", line 1362, in __call__
[2025-09-08T15:23:49.960+0000] {spark_submit.py:579} INFO - File "/home/***/.local/lib/python3.10/site-packages/pyspark/python/lib/pyspark.zip/pyspark/errors/exceptions/captured.py", line 282, in deco
[2025-09-08T15:23:49.961+0000] {spark_submit.py:579} INFO - File "/home/***/.local/lib/python3.10/site-packages/pyspark/python/lib/py4j-0.10.9.9-src.zip/py4j/protocol.py", line 327, in get_return_value
[2025-09-08T15:23:49.987+0000] {spark_submit.py:579} INFO - py4j.protocol.Py4JJavaError: An error occurred while calling o308.jdbc.
[2025-09-08T15:23:49.987+0000] {spark_submit.py:579} INFO - : com.microsoft.sqlserver.jdbc.SQLServerException: Database 'chess' on server 'kudzie.database.windows.net' is not currently available.  Please retry the connection later.  If the problem persists, contact customer support, and provide them the session tracing ID of '{B7D47FDC-F252-4ECC-926B-980BDBA1E458}'. ClientConnectionId:d9122c53-1c89-4354-a42e-6f458d0efec6
[2025-09-08T15:23:49.992+0000] {spark_submit.py:579} INFO - at com.microsoft.sqlserver.jdbc.SQLServerException.makeFromDatabaseError(SQLServerException.java:256)
[2025-09-08T15:23:49.992+0000] {spark_submit.py:579} INFO - at com.microsoft.sqlserver.jdbc.TDSTokenHandler.onEOF(tdsparser.java:258)
[2025-09-08T15:23:49.993+0000] {spark_submit.py:579} INFO - at com.microsoft.sqlserver.jdbc.TDSParser.parse(tdsparser.java:104)
[2025-09-08T15:23:49.993+0000] {spark_submit.py:579} INFO - at com.microsoft.sqlserver.jdbc.SQLServerConnection.sendLogon(SQLServerConnection.java:5028)
[2025-09-08T15:23:49.993+0000] {spark_submit.py:579} INFO - at com.microsoft.sqlserver.jdbc.SQLServerConnection.logon(SQLServerConnection.java:3660)
[2025-09-08T15:23:49.993+0000] {spark_submit.py:579} INFO - at com.microsoft.sqlserver.jdbc.SQLServerConnection.access$000(SQLServerConnection.java:94)
[2025-09-08T15:23:49.994+0000] {spark_submit.py:579} INFO - at com.microsoft.sqlserver.jdbc.SQLServerConnection$LogonCommand.doExecute(SQLServerConnection.java:3619)
[2025-09-08T15:23:49.994+0000] {spark_submit.py:579} INFO - at com.microsoft.sqlserver.jdbc.TDSCommand.execute(IOBuffer.java:7194)
[2025-09-08T15:23:49.994+0000] {spark_submit.py:579} INFO - at com.microsoft.sqlserver.jdbc.SQLServerConnection.executeCommand(SQLServerConnection.java:2930)
[2025-09-08T15:23:49.994+0000] {spark_submit.py:579} INFO - at com.microsoft.sqlserver.jdbc.SQLServerConnection.connectHelper(SQLServerConnection.java:2456)
[2025-09-08T15:23:49.995+0000] {spark_submit.py:579} INFO - at com.microsoft.sqlserver.jdbc.SQLServerConnection.login(SQLServerConnection.java:2103)
[2025-09-08T15:23:49.995+0000] {spark_submit.py:579} INFO - at com.microsoft.sqlserver.jdbc.SQLServerConnection.connectInternal(SQLServerConnection.java:1950)
[2025-09-08T15:23:49.995+0000] {spark_submit.py:579} INFO - at com.microsoft.sqlserver.jdbc.SQLServerConnection.connect(SQLServerConnection.java:1162)
[2025-09-08T15:23:49.995+0000] {spark_submit.py:579} INFO - at com.microsoft.sqlserver.jdbc.SQLServerDriver.connect(SQLServerDriver.java:735)
[2025-09-08T15:23:49.996+0000] {spark_submit.py:579} INFO - at org.apache.spark.sql.execution.datasources.jdbc.connection.BasicConnectionProvider.getConnection(BasicConnectionProvider.scala:50)
[2025-09-08T15:23:49.996+0000] {spark_submit.py:579} INFO - at org.apache.spark.sql.execution.datasources.jdbc.connection.ConnectionProviderBase.create(ConnectionProvider.scala:102)
[2025-09-08T15:23:49.996+0000] {spark_submit.py:579} INFO - at org.apache.spark.sql.jdbc.JdbcDialect.$anonfun$createConnectionFactory$1(JdbcDialects.scala:235)
[2025-09-08T15:23:49.997+0000] {spark_submit.py:579} INFO - at org.apache.spark.sql.jdbc.JdbcDialect.$anonfun$createConnectionFactory$1$adapted(JdbcDialects.scala:231)
[2025-09-08T15:23:49.997+0000] {spark_submit.py:579} INFO - at org.apache.spark.sql.execution.datasources.jdbc.JdbcRelationProvider.createRelation(JdbcRelationProvider.scala:51)
[2025-09-08T15:23:49.997+0000] {spark_submit.py:579} INFO - at org.apache.spark.sql.execution.datasources.SaveIntoDataSourceCommand.run(SaveIntoDataSourceCommand.scala:55)
[2025-09-08T15:23:49.997+0000] {spark_submit.py:579} INFO - at org.apache.spark.sql.execution.command.ExecutedCommandExec.sideEffectResult$lzycompute(commands.scala:79)
[2025-09-08T15:23:50.003+0000] {spark_submit.py:579} INFO - at org.apache.spark.sql.execution.command.ExecutedCommandExec.sideEffectResult(commands.scala:77)
[2025-09-08T15:23:50.004+0000] {spark_submit.py:579} INFO - at org.apache.spark.sql.execution.command.ExecutedCommandExec.executeCollect(commands.scala:88)
[2025-09-08T15:23:50.004+0000] {spark_submit.py:579} INFO - at org.apache.spark.sql.execution.QueryExecution.$anonfun$eagerlyExecuteCommands$2(QueryExecution.scala:155)
[2025-09-08T15:23:50.004+0000] {spark_submit.py:579} INFO - at org.apache.spark.sql.execution.SQLExecution$.$anonfun$withNewExecutionId0$8(SQLExecution.scala:162)
[2025-09-08T15:23:50.005+0000] {spark_submit.py:579} INFO - at org.apache.spark.sql.execution.SQLExecution$.withSessionTagsApplied(SQLExecution.scala:268)
[2025-09-08T15:23:50.005+0000] {spark_submit.py:579} INFO - at org.apache.spark.sql.execution.SQLExecution$.$anonfun$withNewExecutionId0$7(SQLExecution.scala:124)
[2025-09-08T15:23:50.005+0000] {spark_submit.py:579} INFO - at org.apache.spark.JobArtifactSet$.withActiveJobArtifactState(JobArtifactSet.scala:94)
[2025-09-08T15:23:50.005+0000] {spark_submit.py:579} INFO - at org.apache.spark.sql.artifact.ArtifactManager.$anonfun$withResources$1(ArtifactManager.scala:112)
[2025-09-08T15:23:50.006+0000] {spark_submit.py:579} INFO - at org.apache.spark.sql.artifact.ArtifactManager.withClassLoaderIfNeeded(ArtifactManager.scala:106)
[2025-09-08T15:23:50.006+0000] {spark_submit.py:579} INFO - at org.apache.spark.sql.artifact.ArtifactManager.withResources(ArtifactManager.scala:111)
[2025-09-08T15:23:50.006+0000] {spark_submit.py:579} INFO - at org.apache.spark.sql.execution.SQLExecution$.$anonfun$withNewExecutionId0$6(SQLExecution.scala:124)
[2025-09-08T15:23:50.006+0000] {spark_submit.py:579} INFO - at org.apache.spark.sql.execution.SQLExecution$.withSQLConfPropagated(SQLExecution.scala:291)
[2025-09-08T15:23:50.007+0000] {spark_submit.py:579} INFO - at org.apache.spark.sql.execution.SQLExecution$.$anonfun$withNewExecutionId0$1(SQLExecution.scala:123)
[2025-09-08T15:23:50.007+0000] {spark_submit.py:579} INFO - at org.apache.spark.sql.SparkSession.withActive(SparkSession.scala:804)
[2025-09-08T15:23:50.008+0000] {spark_submit.py:579} INFO - at org.apache.spark.sql.execution.SQLExecution$.withNewExecutionId0(SQLExecution.scala:77)
[2025-09-08T15:23:50.008+0000] {spark_submit.py:579} INFO - at org.apache.spark.sql.execution.SQLExecution$.withNewExecutionId(SQLExecution.scala:233)
[2025-09-08T15:23:50.009+0000] {spark_submit.py:579} INFO - at org.apache.spark.sql.execution.QueryExecution.$anonfun$eagerlyExecuteCommands$1(QueryExecution.scala:155)
[2025-09-08T15:23:50.009+0000] {spark_submit.py:579} INFO - at org.apache.spark.sql.execution.QueryExecution$.withInternalError(QueryExecution.scala:654)
[2025-09-08T15:23:50.009+0000] {spark_submit.py:579} INFO - at org.apache.spark.sql.execution.QueryExecution.org$apache$spark$sql$execution$QueryExecution$$eagerlyExecute$1(QueryExecution.scala:154)
[2025-09-08T15:23:50.009+0000] {spark_submit.py:579} INFO - at org.apache.spark.sql.execution.QueryExecution$$anonfun$eagerlyExecuteCommands$3.applyOrElse(QueryExecution.scala:169)
[2025-09-08T15:23:50.010+0000] {spark_submit.py:579} INFO - at org.apache.spark.sql.execution.QueryExecution$$anonfun$eagerlyExecuteCommands$3.applyOrElse(QueryExecution.scala:164)
[2025-09-08T15:23:50.010+0000] {spark_submit.py:579} INFO - at org.apache.spark.sql.catalyst.trees.TreeNode.$anonfun$transformDownWithPruning$1(TreeNode.scala:470)
[2025-09-08T15:23:50.010+0000] {spark_submit.py:579} INFO - at org.apache.spark.sql.catalyst.trees.CurrentOrigin$.withOrigin(origin.scala:86)
[2025-09-08T15:23:50.010+0000] {spark_submit.py:579} INFO - at org.apache.spark.sql.catalyst.trees.TreeNode.transformDownWithPruning(TreeNode.scala:470)
[2025-09-08T15:23:50.011+0000] {spark_submit.py:579} INFO - at org.apache.spark.sql.catalyst.plans.logical.LogicalPlan.org$apache$spark$sql$catalyst$plans$logical$AnalysisHelper$$super$transformDownWithPruning(LogicalPlan.scala:37)
[2025-09-08T15:23:50.017+0000] {spark_submit.py:579} INFO - at org.apache.spark.sql.catalyst.plans.logical.AnalysisHelper.transformDownWithPruning(AnalysisHelper.scala:360)
[2025-09-08T15:23:50.018+0000] {spark_submit.py:579} INFO - at org.apache.spark.sql.catalyst.plans.logical.AnalysisHelper.transformDownWithPruning$(AnalysisHelper.scala:356)
[2025-09-08T15:23:50.019+0000] {spark_submit.py:579} INFO - at org.apache.spark.sql.catalyst.plans.logical.LogicalPlan.transformDownWithPruning(LogicalPlan.scala:37)
[2025-09-08T15:23:50.019+0000] {spark_submit.py:579} INFO - at org.apache.spark.sql.catalyst.plans.logical.LogicalPlan.transformDownWithPruning(LogicalPlan.scala:37)
[2025-09-08T15:23:50.020+0000] {spark_submit.py:579} INFO - at org.apache.spark.sql.catalyst.trees.TreeNode.transformDown(TreeNode.scala:446)
[2025-09-08T15:23:50.020+0000] {spark_submit.py:579} INFO - at org.apache.spark.sql.execution.QueryExecution.eagerlyExecuteCommands(QueryExecution.scala:164)
[2025-09-08T15:23:50.021+0000] {spark_submit.py:579} INFO - at org.apache.spark.sql.execution.QueryExecution.$anonfun$lazyCommandExecuted$1(QueryExecution.scala:126)
[2025-09-08T15:23:50.021+0000] {spark_submit.py:579} INFO - at scala.util.Try$.apply(Try.scala:217)
[2025-09-08T15:23:50.021+0000] {spark_submit.py:579} INFO - at org.apache.spark.util.Utils$.doTryWithCallerStacktrace(Utils.scala:1378)
[2025-09-08T15:23:50.022+0000] {spark_submit.py:579} INFO - at org.apache.spark.util.Utils$.getTryWithCallerStacktrace(Utils.scala:1439)
[2025-09-08T15:23:50.022+0000] {spark_submit.py:579} INFO - at org.apache.spark.util.LazyTry.get(LazyTry.scala:58)
[2025-09-08T15:23:50.023+0000] {spark_submit.py:579} INFO - at org.apache.spark.sql.execution.QueryExecution.commandExecuted(QueryExecution.scala:131)
[2025-09-08T15:23:50.023+0000] {spark_submit.py:579} INFO - at org.apache.spark.sql.execution.QueryExecution.assertCommandExecuted(QueryExecution.scala:192)
[2025-09-08T15:23:50.024+0000] {spark_submit.py:579} INFO - at org.apache.spark.sql.classic.DataFrameWriter.runCommand(DataFrameWriter.scala:622)
[2025-09-08T15:23:50.025+0000] {spark_submit.py:579} INFO - at org.apache.spark.sql.classic.DataFrameWriter.saveToV1Source(DataFrameWriter.scala:273)
[2025-09-08T15:23:50.025+0000] {spark_submit.py:579} INFO - at org.apache.spark.sql.classic.DataFrameWriter.saveInternal(DataFrameWriter.scala:241)
[2025-09-08T15:23:50.026+0000] {spark_submit.py:579} INFO - at org.apache.spark.sql.classic.DataFrameWriter.save(DataFrameWriter.scala:126)
[2025-09-08T15:23:50.026+0000] {spark_submit.py:579} INFO - at org.apache.spark.sql.DataFrameWriter.jdbc(DataFrameWriter.scala:334)
[2025-09-08T15:23:50.027+0000] {spark_submit.py:579} INFO - at java.base/jdk.internal.reflect.NativeMethodAccessorImpl.invoke0(Native Method)
[2025-09-08T15:23:50.027+0000] {spark_submit.py:579} INFO - at java.base/jdk.internal.reflect.NativeMethodAccessorImpl.invoke(NativeMethodAccessorImpl.java:77)
[2025-09-08T15:23:50.027+0000] {spark_submit.py:579} INFO - at java.base/jdk.internal.reflect.DelegatingMethodAccessorImpl.invoke(DelegatingMethodAccessorImpl.java:43)
[2025-09-08T15:23:50.027+0000] {spark_submit.py:579} INFO - at java.base/java.lang.reflect.Method.invoke(Method.java:569)
[2025-09-08T15:23:50.028+0000] {spark_submit.py:579} INFO - at py4j.reflection.MethodInvoker.invoke(MethodInvoker.java:244)
[2025-09-08T15:23:50.028+0000] {spark_submit.py:579} INFO - at py4j.reflection.ReflectionEngine.invoke(ReflectionEngine.java:374)
[2025-09-08T15:23:50.029+0000] {spark_submit.py:579} INFO - at py4j.Gateway.invoke(Gateway.java:282)
[2025-09-08T15:23:50.029+0000] {spark_submit.py:579} INFO - at py4j.commands.AbstractCommand.invokeMethod(AbstractCommand.java:132)
[2025-09-08T15:23:50.029+0000] {spark_submit.py:579} INFO - at py4j.commands.CallCommand.execute(CallCommand.java:79)
[2025-09-08T15:23:50.030+0000] {spark_submit.py:579} INFO - at py4j.ClientServerConnection.waitForCommands(ClientServerConnection.java:184)
[2025-09-08T15:23:50.030+0000] {spark_submit.py:579} INFO - at py4j.ClientServerConnection.run(ClientServerConnection.java:108)
[2025-09-08T15:23:50.030+0000] {spark_submit.py:579} INFO - at java.base/java.lang.Thread.run(Thread.java:840)
[2025-09-08T15:23:50.030+0000] {spark_submit.py:579} INFO - Suppressed: org.apache.spark.util.Utils$OriginalTryStackTraceException: Full stacktrace of original doTryWithCallerStacktrace caller
[2025-09-08T15:23:50.031+0000] {spark_submit.py:579} INFO - at com.microsoft.sqlserver.jdbc.SQLServerException.makeFromDatabaseError(SQLServerException.java:256)
[2025-09-08T15:23:50.031+0000] {spark_submit.py:579} INFO - at com.microsoft.sqlserver.jdbc.TDSTokenHandler.onEOF(tdsparser.java:258)
[2025-09-08T15:23:50.031+0000] {spark_submit.py:579} INFO - at com.microsoft.sqlserver.jdbc.TDSParser.parse(tdsparser.java:104)
[2025-09-08T15:23:50.031+0000] {spark_submit.py:579} INFO - at com.microsoft.sqlserver.jdbc.SQLServerConnection.sendLogon(SQLServerConnection.java:5028)
[2025-09-08T15:23:50.031+0000] {spark_submit.py:579} INFO - at com.microsoft.sqlserver.jdbc.SQLServerConnection.logon(SQLServerConnection.java:3660)
[2025-09-08T15:23:50.032+0000] {spark_submit.py:579} INFO - at com.microsoft.sqlserver.jdbc.SQLServerConnection.access$000(SQLServerConnection.java:94)
[2025-09-08T15:23:50.032+0000] {spark_submit.py:579} INFO - at com.microsoft.sqlserver.jdbc.SQLServerConnection$LogonCommand.doExecute(SQLServerConnection.java:3619)
[2025-09-08T15:23:50.032+0000] {spark_submit.py:579} INFO - at com.microsoft.sqlserver.jdbc.TDSCommand.execute(IOBuffer.java:7194)
[2025-09-08T15:23:50.032+0000] {spark_submit.py:579} INFO - at com.microsoft.sqlserver.jdbc.SQLServerConnection.executeCommand(SQLServerConnection.java:2930)
[2025-09-08T15:23:50.032+0000] {spark_submit.py:579} INFO - at com.microsoft.sqlserver.jdbc.SQLServerConnection.connectHelper(SQLServerConnection.java:2456)
[2025-09-08T15:23:50.033+0000] {spark_submit.py:579} INFO - at com.microsoft.sqlserver.jdbc.SQLServerConnection.login(SQLServerConnection.java:2103)
[2025-09-08T15:23:50.033+0000] {spark_submit.py:579} INFO - at com.microsoft.sqlserver.jdbc.SQLServerConnection.connectInternal(SQLServerConnection.java:1950)
[2025-09-08T15:23:50.033+0000] {spark_submit.py:579} INFO - at com.microsoft.sqlserver.jdbc.SQLServerConnection.connect(SQLServerConnection.java:1162)
[2025-09-08T15:23:50.033+0000] {spark_submit.py:579} INFO - at com.microsoft.sqlserver.jdbc.SQLServerDriver.connect(SQLServerDriver.java:735)
[2025-09-08T15:23:50.034+0000] {spark_submit.py:579} INFO - at org.apache.spark.sql.execution.datasources.jdbc.connection.BasicConnectionProvider.getConnection(BasicConnectionProvider.scala:50)
[2025-09-08T15:23:50.034+0000] {spark_submit.py:579} INFO - at org.apache.spark.sql.execution.datasources.jdbc.connection.ConnectionProviderBase.create(ConnectionProvider.scala:102)
[2025-09-08T15:23:50.034+0000] {spark_submit.py:579} INFO - at org.apache.spark.sql.jdbc.JdbcDialect.$anonfun$createConnectionFactory$1(JdbcDialects.scala:235)
[2025-09-08T15:23:50.034+0000] {spark_submit.py:579} INFO - at org.apache.spark.sql.jdbc.JdbcDialect.$anonfun$createConnectionFactory$1$adapted(JdbcDialects.scala:231)
[2025-09-08T15:23:50.035+0000] {spark_submit.py:579} INFO - at org.apache.spark.sql.execution.datasources.jdbc.JdbcRelationProvider.createRelation(JdbcRelationProvider.scala:51)
[2025-09-08T15:23:50.035+0000] {spark_submit.py:579} INFO - at org.apache.spark.sql.execution.datasources.SaveIntoDataSourceCommand.run(SaveIntoDataSourceCommand.scala:55)
[2025-09-08T15:23:50.035+0000] {spark_submit.py:579} INFO - at org.apache.spark.sql.execution.command.ExecutedCommandExec.sideEffectResult$lzycompute(commands.scala:79)
[2025-09-08T15:23:50.035+0000] {spark_submit.py:579} INFO - at org.apache.spark.sql.execution.command.ExecutedCommandExec.sideEffectResult(commands.scala:77)
[2025-09-08T15:23:50.035+0000] {spark_submit.py:579} INFO - at org.apache.spark.sql.execution.command.ExecutedCommandExec.executeCollect(commands.scala:88)
[2025-09-08T15:23:50.036+0000] {spark_submit.py:579} INFO - at org.apache.spark.sql.execution.QueryExecution.$anonfun$eagerlyExecuteCommands$2(QueryExecution.scala:155)
[2025-09-08T15:23:50.036+0000] {spark_submit.py:579} INFO - at org.apache.spark.sql.execution.SQLExecution$.$anonfun$withNewExecutionId0$8(SQLExecution.scala:162)
[2025-09-08T15:23:50.036+0000] {spark_submit.py:579} INFO - at org.apache.spark.sql.execution.SQLExecution$.withSessionTagsApplied(SQLExecution.scala:268)
[2025-09-08T15:23:50.036+0000] {spark_submit.py:579} INFO - at org.apache.spark.sql.execution.SQLExecution$.$anonfun$withNewExecutionId0$7(SQLExecution.scala:124)
[2025-09-08T15:23:50.036+0000] {spark_submit.py:579} INFO - at org.apache.spark.JobArtifactSet$.withActiveJobArtifactState(JobArtifactSet.scala:94)
[2025-09-08T15:23:50.037+0000] {spark_submit.py:579} INFO - at org.apache.spark.sql.artifact.ArtifactManager.$anonfun$withResources$1(ArtifactManager.scala:112)
[2025-09-08T15:23:50.037+0000] {spark_submit.py:579} INFO - at org.apache.spark.sql.artifact.ArtifactManager.withClassLoaderIfNeeded(ArtifactManager.scala:106)
[2025-09-08T15:23:50.037+0000] {spark_submit.py:579} INFO - at org.apache.spark.sql.artifact.ArtifactManager.withResources(ArtifactManager.scala:111)
[2025-09-08T15:23:50.037+0000] {spark_submit.py:579} INFO - at org.apache.spark.sql.execution.SQLExecution$.$anonfun$withNewExecutionId0$6(SQLExecution.scala:124)
[2025-09-08T15:23:50.037+0000] {spark_submit.py:579} INFO - at org.apache.spark.sql.execution.SQLExecution$.withSQLConfPropagated(SQLExecution.scala:291)
[2025-09-08T15:23:50.038+0000] {spark_submit.py:579} INFO - at org.apache.spark.sql.execution.SQLExecution$.$anonfun$withNewExecutionId0$1(SQLExecution.scala:123)
[2025-09-08T15:23:50.038+0000] {spark_submit.py:579} INFO - at org.apache.spark.sql.SparkSession.withActive(SparkSession.scala:804)
[2025-09-08T15:23:50.038+0000] {spark_submit.py:579} INFO - at org.apache.spark.sql.execution.SQLExecution$.withNewExecutionId0(SQLExecution.scala:77)
[2025-09-08T15:23:50.038+0000] {spark_submit.py:579} INFO - at org.apache.spark.sql.execution.SQLExecution$.withNewExecutionId(SQLExecution.scala:233)
[2025-09-08T15:23:50.039+0000] {spark_submit.py:579} INFO - at org.apache.spark.sql.execution.QueryExecution.$anonfun$eagerlyExecuteCommands$1(QueryExecution.scala:155)
[2025-09-08T15:23:50.039+0000] {spark_submit.py:579} INFO - at org.apache.spark.sql.execution.QueryExecution$.withInternalError(QueryExecution.scala:654)
[2025-09-08T15:23:50.039+0000] {spark_submit.py:579} INFO - at org.apache.spark.sql.execution.QueryExecution.org$apache$spark$sql$execution$QueryExecution$$eagerlyExecute$1(QueryExecution.scala:154)
[2025-09-08T15:23:50.039+0000] {spark_submit.py:579} INFO - at org.apache.spark.sql.execution.QueryExecution$$anonfun$eagerlyExecuteCommands$3.applyOrElse(QueryExecution.scala:169)
[2025-09-08T15:23:50.040+0000] {spark_submit.py:579} INFO - at org.apache.spark.sql.execution.QueryExecution$$anonfun$eagerlyExecuteCommands$3.applyOrElse(QueryExecution.scala:164)
[2025-09-08T15:23:50.040+0000] {spark_submit.py:579} INFO - at org.apache.spark.sql.catalyst.trees.TreeNode.$anonfun$transformDownWithPruning$1(TreeNode.scala:470)
[2025-09-08T15:23:50.040+0000] {spark_submit.py:579} INFO - at org.apache.spark.sql.catalyst.trees.CurrentOrigin$.withOrigin(origin.scala:86)
[2025-09-08T15:23:50.040+0000] {spark_submit.py:579} INFO - at org.apache.spark.sql.catalyst.trees.TreeNode.transformDownWithPruning(TreeNode.scala:470)
[2025-09-08T15:23:50.041+0000] {spark_submit.py:579} INFO - at org.apache.spark.sql.catalyst.plans.logical.LogicalPlan.org$apache$spark$sql$catalyst$plans$logical$AnalysisHelper$$super$transformDownWithPruning(LogicalPlan.scala:37)
[2025-09-08T15:23:50.041+0000] {spark_submit.py:579} INFO - at org.apache.spark.sql.catalyst.plans.logical.AnalysisHelper.transformDownWithPruning(AnalysisHelper.scala:360)
[2025-09-08T15:23:50.042+0000] {spark_submit.py:579} INFO - at org.apache.spark.sql.catalyst.plans.logical.AnalysisHelper.transformDownWithPruning$(AnalysisHelper.scala:356)
[2025-09-08T15:23:50.042+0000] {spark_submit.py:579} INFO - at org.apache.spark.sql.catalyst.plans.logical.LogicalPlan.transformDownWithPruning(LogicalPlan.scala:37)
[2025-09-08T15:23:50.042+0000] {spark_submit.py:579} INFO - at org.apache.spark.sql.catalyst.plans.logical.LogicalPlan.transformDownWithPruning(LogicalPlan.scala:37)
[2025-09-08T15:23:50.043+0000] {spark_submit.py:579} INFO - at org.apache.spark.sql.catalyst.trees.TreeNode.transformDown(TreeNode.scala:446)
[2025-09-08T15:23:50.043+0000] {spark_submit.py:579} INFO - at org.apache.spark.sql.execution.QueryExecution.eagerlyExecuteCommands(QueryExecution.scala:164)
[2025-09-08T15:23:50.043+0000] {spark_submit.py:579} INFO - at org.apache.spark.sql.execution.QueryExecution.$anonfun$lazyCommandExecuted$1(QueryExecution.scala:126)
[2025-09-08T15:23:50.044+0000] {spark_submit.py:579} INFO - at scala.util.Try$.apply(Try.scala:217)
[2025-09-08T15:23:50.044+0000] {spark_submit.py:579} INFO - at org.apache.spark.util.Utils$.doTryWithCallerStacktrace(Utils.scala:1378)
[2025-09-08T15:23:50.044+0000] {spark_submit.py:579} INFO - at org.apache.spark.util.LazyTry.tryT$lzycompute(LazyTry.scala:46)
[2025-09-08T15:23:50.044+0000] {spark_submit.py:579} INFO - at org.apache.spark.util.LazyTry.tryT(LazyTry.scala:46)
[2025-09-08T15:23:50.045+0000] {spark_submit.py:579} INFO - ... 20 more
[2025-09-08T15:23:50.045+0000] {spark_submit.py:579} INFO - 
[2025-09-08T15:23:51.031+0000] {spark_submit.py:579} INFO - 25/09/08 15:23:51 INFO SparkContext: Invoking stop() from shutdown hook
[2025-09-08T15:23:51.035+0000] {spark_submit.py:579} INFO - 25/09/08 15:23:51 INFO SparkContext: SparkContext is stopping with exitCode 0 from run at Executors.java:539.
[2025-09-08T15:23:51.120+0000] {spark_submit.py:579} INFO - 25/09/08 15:23:51 INFO SparkUI: Stopped Spark web UI at http://05ec214ce74e:4040
[2025-09-08T15:23:51.135+0000] {spark_submit.py:579} INFO - 25/09/08 15:23:51 INFO StandaloneSchedulerBackend: Shutting down all executors
[2025-09-08T15:23:51.137+0000] {spark_submit.py:579} INFO - 25/09/08 15:23:51 INFO StandaloneSchedulerBackend$StandaloneDriverEndpoint: Asking each executor to shut down
[2025-09-08T15:23:51.184+0000] {spark_submit.py:579} INFO - 25/09/08 15:23:51 INFO MapOutputTrackerMasterEndpoint: MapOutputTrackerMasterEndpoint stopped!
[2025-09-08T15:23:51.282+0000] {spark_submit.py:579} INFO - 25/09/08 15:23:51 INFO MemoryStore: MemoryStore started with capacity 434.4 MiB
[2025-09-08T15:23:51.286+0000] {spark_submit.py:579} INFO - 25/09/08 15:23:51 INFO MemoryStore: MemoryStore cleared
[2025-09-08T15:23:51.287+0000] {spark_submit.py:579} INFO - 25/09/08 15:23:51 INFO BlockManager: BlockManager stopped
[2025-09-08T15:23:51.300+0000] {spark_submit.py:579} INFO - 25/09/08 15:23:51 INFO BlockManagerMaster: BlockManagerMaster stopped
[2025-09-08T15:23:51.307+0000] {spark_submit.py:579} INFO - 25/09/08 15:23:51 INFO OutputCommitCoordinator$OutputCommitCoordinatorEndpoint: OutputCommitCoordinator stopped!
[2025-09-08T15:23:51.357+0000] {spark_submit.py:579} INFO - 25/09/08 15:23:51 INFO SparkContext: Successfully stopped SparkContext
[2025-09-08T15:23:51.358+0000] {spark_submit.py:579} INFO - 25/09/08 15:23:51 INFO ShutdownHookManager: Shutdown hook called
[2025-09-08T15:23:51.360+0000] {spark_submit.py:579} INFO - 25/09/08 15:23:51 INFO ShutdownHookManager: Deleting directory /tmp/spark-dbd20163-0c7e-4688-b07a-eabe99348396
[2025-09-08T15:23:51.384+0000] {spark_submit.py:579} INFO - 25/09/08 15:23:51 INFO ShutdownHookManager: Deleting directory /tmp/spark-98d53c59-ad5d-4590-a1e5-67501620ad85
[2025-09-08T15:23:51.405+0000] {spark_submit.py:579} INFO - 25/09/08 15:23:51 INFO ShutdownHookManager: Deleting directory /tmp/spark-98d53c59-ad5d-4590-a1e5-67501620ad85/pyspark-9b07303f-36a7-406e-8ecd-1662ee3f00dc
[2025-09-08T15:23:51.419+0000] {spark_submit.py:579} INFO - 25/09/08 15:23:51 INFO ShutdownHookManager: Deleting directory /opt/***/artifacts/spark-9e7cbf76-c079-4b0c-8c29-6c9a57a05e51
[2025-09-08T15:23:51.917+0000] {taskinstance.py:1935} ERROR - Task failed with exception
Traceback (most recent call last):
  File "/home/airflow/.local/lib/python3.10/site-packages/airflow/providers/apache/spark/operators/spark_submit.py", line 174, in execute
    self._hook.submit(self.application)
  File "/home/airflow/.local/lib/python3.10/site-packages/airflow/providers/apache/spark/hooks/spark_submit.py", line 505, in submit
    raise AirflowException(
airflow.exceptions.AirflowException: Cannot execute: spark-submit --master spark://spark-master:7077 --jars /opt/spark/external-jars/apache-spark-sql-connector.jar --name arrow-spark --deploy-mode client jobs/python/wordcountjob.py. Error code is: 1.
[2025-09-08T15:23:51.988+0000] {taskinstance.py:1398} INFO - Marking task as FAILED. dag_id=sparking_flow, task_id=python_job, execution_date=20250908T152245, start_date=20250908T152254, end_date=20250908T152351
[2025-09-08T15:23:52.193+0000] {standard_task_runner.py:104} ERROR - Failed to execute job 22 for task python_job (Cannot execute: spark-submit --master spark://spark-master:7077 --jars /opt/spark/external-jars/apache-spark-sql-connector.jar --name arrow-spark --deploy-mode client jobs/python/wordcountjob.py. Error code is: 1.; 7512)
[2025-09-08T15:23:52.310+0000] {local_task_job_runner.py:228} INFO - Task exited with return code 1
[2025-09-08T15:23:52.530+0000] {taskinstance.py:2776} INFO - 0 downstream tasks scheduled from follow-on schedule check
