[2025-09-06T13:41:30.463+0000] {taskinstance.py:1157} INFO - Dependencies all met for dep_context=non-requeueable deps ti=<TaskInstance: sparking_flow.python_job manual__2025-09-06T13:41:19.311246+00:00 [queued]>
[2025-09-06T13:41:30.478+0000] {taskinstance.py:1157} INFO - Dependencies all met for dep_context=requeueable deps ti=<TaskInstance: sparking_flow.python_job manual__2025-09-06T13:41:19.311246+00:00 [queued]>
[2025-09-06T13:41:30.483+0000] {taskinstance.py:1359} INFO - Starting attempt 1 of 1
[2025-09-06T13:41:30.503+0000] {taskinstance.py:1380} INFO - Executing <Task(SparkSubmitOperator): python_job> on 2025-09-06 13:41:19.311246+00:00
[2025-09-06T13:41:30.527+0000] {standard_task_runner.py:57} INFO - Started process 233 to run task
[2025-09-06T13:41:30.533+0000] {standard_task_runner.py:84} INFO - Running: ['***', 'tasks', 'run', 'sparking_flow', 'python_job', 'manual__2025-09-06T13:41:19.311246+00:00', '--job-id', '9', '--raw', '--subdir', 'DAGS_FOLDER/spark_***.py', '--cfg-path', '/tmp/tmpeuzg0x0f']
[2025-09-06T13:41:30.551+0000] {standard_task_runner.py:85} INFO - Job 9: Subtask python_job
[2025-09-06T13:41:30.691+0000] {task_command.py:415} INFO - Running <TaskInstance: sparking_flow.python_job manual__2025-09-06T13:41:19.311246+00:00 [running]> on host ac03ab483d89
[2025-09-06T13:41:30.867+0000] {taskinstance.py:1660} INFO - Exporting env vars: AIRFLOW_CTX_DAG_OWNER='Kudzaishe Manyanya' AIRFLOW_CTX_DAG_ID='sparking_flow' AIRFLOW_CTX_TASK_ID='python_job' AIRFLOW_CTX_EXECUTION_DATE='2025-09-06T13:41:19.311246+00:00' AIRFLOW_CTX_TRY_NUMBER='1' AIRFLOW_CTX_DAG_RUN_ID='manual__2025-09-06T13:41:19.311246+00:00'
[2025-09-06T13:41:30.901+0000] {base.py:73} INFO - Using connection ID 'spark-conn' for task execution.
[2025-09-06T13:41:30.907+0000] {spark_submit.py:403} INFO - Spark-Submit cmd: spark-submit --master spark://spark-master:7077 --jars /opt/spark/external-jars/apache-spark-sql-connector.jar --name arrow-spark --deploy-mode client jobs/python/wordcountjob.py
[2025-09-06T13:41:32.604+0000] {spark_submit.py:579} INFO - WARNING: Using incubator modules: jdk.incubator.vector
[2025-09-06T13:41:43.690+0000] {spark_submit.py:579} INFO - 25/09/06 13:41:43 WARN NativeCodeLoader: Unable to load native-hadoop library for your platform... using builtin-java classes where applicable
[2025-09-06T13:41:55.499+0000] {spark_submit.py:579} INFO - Using Spark's default log4j profile: org/apache/spark/log4j2-defaults.properties
[2025-09-06T13:41:55.631+0000] {spark_submit.py:579} INFO - 25/09/06 13:41:55 INFO SparkContext: Running Spark version 4.0.0
[2025-09-06T13:41:55.653+0000] {spark_submit.py:579} INFO - 25/09/06 13:41:55 INFO SparkContext: OS info Linux, 6.6.87.2-microsoft-standard-WSL2, amd64
[2025-09-06T13:41:55.655+0000] {spark_submit.py:579} INFO - 25/09/06 13:41:55 INFO SparkContext: Java version 17.0.15
[2025-09-06T13:41:56.085+0000] {spark_submit.py:579} INFO - 25/09/06 13:41:56 INFO ResourceUtils: ==============================================================
[2025-09-06T13:41:56.087+0000] {spark_submit.py:579} INFO - 25/09/06 13:41:56 INFO ResourceUtils: No custom resources configured for spark.driver.
[2025-09-06T13:41:56.091+0000] {spark_submit.py:579} INFO - 25/09/06 13:41:56 INFO ResourceUtils: ==============================================================
[2025-09-06T13:41:56.103+0000] {spark_submit.py:579} INFO - 25/09/06 13:41:56 INFO SparkContext: Submitted application: PythonWordCount
[2025-09-06T13:41:56.394+0000] {spark_submit.py:579} INFO - 25/09/06 13:41:56 INFO ResourceProfile: Default ResourceProfile created, executor resources: Map(memory -> name: memory, amount: 1024, script: , vendor: , offHeap -> name: offHeap, amount: 0, script: , vendor: ), task resources: Map(cpus -> name: cpus, amount: 1.0)
[2025-09-06T13:41:56.413+0000] {spark_submit.py:579} INFO - 25/09/06 13:41:56 INFO ResourceProfile: Limiting resource is cpu
[2025-09-06T13:41:56.418+0000] {spark_submit.py:579} INFO - 25/09/06 13:41:56 INFO ResourceProfileManager: Added ResourceProfile id: 0
[2025-09-06T13:41:56.713+0000] {spark_submit.py:579} INFO - 25/09/06 13:41:56 INFO SecurityManager: Changing view acls to: ***
[2025-09-06T13:41:56.756+0000] {spark_submit.py:579} INFO - 25/09/06 13:41:56 INFO SecurityManager: Changing modify acls to: ***
[2025-09-06T13:41:56.758+0000] {spark_submit.py:579} INFO - 25/09/06 13:41:56 INFO SecurityManager: Changing view acls groups to: ***
[2025-09-06T13:41:56.758+0000] {spark_submit.py:579} INFO - 25/09/06 13:41:56 INFO SecurityManager: Changing modify acls groups to: ***
[2025-09-06T13:41:56.759+0000] {spark_submit.py:579} INFO - 25/09/06 13:41:56 INFO SecurityManager: SecurityManager: authentication disabled; ui acls disabled; users with view permissions: *** groups with view permissions: EMPTY; users with modify permissions: ***; groups with modify permissions: EMPTY; RPC SSL disabled
[2025-09-06T13:41:58.810+0000] {spark_submit.py:579} INFO - 25/09/06 13:41:58 INFO Utils: Successfully started service 'sparkDriver' on port 46133.
[2025-09-06T13:41:59.243+0000] {spark_submit.py:579} INFO - 25/09/06 13:41:59 INFO SparkEnv: Registering MapOutputTracker
[2025-09-06T13:41:59.310+0000] {spark_submit.py:579} INFO - 25/09/06 13:41:59 INFO SparkEnv: Registering BlockManagerMaster
[2025-09-06T13:41:59.393+0000] {spark_submit.py:579} INFO - 25/09/06 13:41:59 INFO BlockManagerMasterEndpoint: Using org.apache.spark.storage.DefaultTopologyMapper for getting topology information
[2025-09-06T13:41:59.395+0000] {spark_submit.py:579} INFO - 25/09/06 13:41:59 INFO BlockManagerMasterEndpoint: BlockManagerMasterEndpoint up
[2025-09-06T13:41:59.412+0000] {spark_submit.py:579} INFO - 25/09/06 13:41:59 INFO SparkEnv: Registering BlockManagerMasterHeartbeat
[2025-09-06T13:41:59.601+0000] {spark_submit.py:579} INFO - 25/09/06 13:41:59 INFO DiskBlockManager: Created local directory at /tmp/blockmgr-8afe68f0-52f9-4007-8a11-a8dc330567e5
[2025-09-06T13:41:59.779+0000] {spark_submit.py:579} INFO - 25/09/06 13:41:59 INFO SparkEnv: Registering OutputCommitCoordinator
[2025-09-06T13:42:01.215+0000] {spark_submit.py:579} INFO - 25/09/06 13:42:01 INFO JettyUtils: Start Jetty 0.0.0.0:4040 for SparkUI
[2025-09-06T13:42:02.668+0000] {spark_submit.py:579} INFO - 25/09/06 13:42:02 WARN Utils: Service 'SparkUI' could not bind on port 4040. Attempting port 4041.
[2025-09-06T13:42:02.694+0000] {spark_submit.py:579} INFO - 25/09/06 13:42:02 WARN Utils: Service 'SparkUI' could not bind on port 4041. Attempting port 4042.
[2025-09-06T13:42:02.711+0000] {spark_submit.py:579} INFO - 25/09/06 13:42:02 WARN Utils: Service 'SparkUI' could not bind on port 4042. Attempting port 4043.
[2025-09-06T13:42:02.719+0000] {spark_submit.py:579} INFO - 25/09/06 13:42:02 WARN Utils: Service 'SparkUI' could not bind on port 4043. Attempting port 4044.
[2025-09-06T13:42:02.726+0000] {spark_submit.py:579} INFO - 25/09/06 13:42:02 WARN Utils: Service 'SparkUI' could not bind on port 4044. Attempting port 4045.
[2025-09-06T13:42:02.727+0000] {spark_submit.py:579} INFO - 25/09/06 13:42:02 INFO Utils: Successfully started service 'SparkUI' on port 4045.
[2025-09-06T13:42:02.967+0000] {spark_submit.py:579} INFO - 25/09/06 13:42:02 INFO SparkContext: Added JAR file:///opt/spark/external-jars/apache-spark-sql-connector.jar at spark://ac03ab483d89:46133/jars/apache-spark-sql-connector.jar with timestamp 1757166114875
[2025-09-06T13:42:03.253+0000] {spark_submit.py:579} INFO - 25/09/06 13:42:03 INFO SecurityManager: Changing view acls to: ***
[2025-09-06T13:42:03.259+0000] {spark_submit.py:579} INFO - 25/09/06 13:42:03 INFO SecurityManager: Changing modify acls to: ***
[2025-09-06T13:42:03.263+0000] {spark_submit.py:579} INFO - 25/09/06 13:42:03 INFO SecurityManager: Changing view acls groups to: ***
[2025-09-06T13:42:03.267+0000] {spark_submit.py:579} INFO - 25/09/06 13:42:03 INFO SecurityManager: Changing modify acls groups to: ***
[2025-09-06T13:42:03.268+0000] {spark_submit.py:579} INFO - 25/09/06 13:42:03 INFO SecurityManager: SecurityManager: authentication disabled; ui acls disabled; users with view permissions: *** groups with view permissions: EMPTY; users with modify permissions: ***; groups with modify permissions: EMPTY; RPC SSL disabled
[2025-09-06T13:42:04.569+0000] {spark_submit.py:579} INFO - 25/09/06 13:42:04 INFO StandaloneAppClient$ClientEndpoint: Connecting to master spark://spark-master:7077...
[2025-09-06T13:42:05.360+0000] {spark_submit.py:579} INFO - 25/09/06 13:42:05 INFO TransportClientFactory: Successfully created connection to spark-master/172.18.0.2:7077 after 260 ms (0 ms spent in bootstraps)
[2025-09-06T13:42:09.059+0000] {spark_submit.py:579} INFO - 25/09/06 13:42:09 INFO StandaloneSchedulerBackend: Connected to Spark cluster with app ID app-20250906134208-0003
[2025-09-06T13:42:09.225+0000] {spark_submit.py:579} INFO - 25/09/06 13:42:09 INFO Utils: Successfully started service 'org.apache.spark.network.netty.NettyBlockTransferService' on port 33261.
[2025-09-06T13:42:09.235+0000] {spark_submit.py:579} INFO - 25/09/06 13:42:09 INFO NettyBlockTransferService: Server created on ac03ab483d89:33261
[2025-09-06T13:42:09.288+0000] {spark_submit.py:579} INFO - 25/09/06 13:42:09 INFO BlockManager: Using org.apache.spark.storage.RandomBlockReplicationPolicy for block replication policy
[2025-09-06T13:42:09.620+0000] {spark_submit.py:579} INFO - 25/09/06 13:42:09 INFO BlockManagerMaster: Registering BlockManager BlockManagerId(driver, ac03ab483d89, 33261, None)
[2025-09-06T13:42:09.712+0000] {spark_submit.py:579} INFO - 25/09/06 13:42:09 INFO BlockManagerMasterEndpoint: Registering block manager ac03ab483d89:33261 with 434.4 MiB RAM, BlockManagerId(driver, ac03ab483d89, 33261, None)
[2025-09-06T13:42:09.730+0000] {spark_submit.py:579} INFO - 25/09/06 13:42:09 INFO BlockManagerMaster: Registered BlockManager BlockManagerId(driver, ac03ab483d89, 33261, None)
[2025-09-06T13:42:09.734+0000] {spark_submit.py:579} INFO - 25/09/06 13:42:09 INFO BlockManager: Initialized BlockManager: BlockManagerId(driver, ac03ab483d89, 33261, None)
[2025-09-06T13:42:12.661+0000] {spark_submit.py:579} INFO - 25/09/06 13:42:12 INFO StandaloneSchedulerBackend: SchedulerBackend is ready for scheduling beginning after reached minRegisteredResourcesRatio: 0.0
[2025-09-06T13:42:42.221+0000] {spark_submit.py:579} INFO - dict_keys(['daily', 'daily960', 'live_rapid', 'live_blitz', 'live_bullet', 'live_bughouse', 'live_blitz960', 'live_threecheck', 'live_crazyhouse', 'tactics', 'rush', 'battle'])
[2025-09-06T13:42:44.232+0000] {spark_submit.py:579} INFO - 25/09/06 13:42:44 INFO SharedState: Setting hive.metastore.warehouse.dir ('null') to the value of spark.sql.warehouse.dir.
[2025-09-06T13:42:44.294+0000] {spark_submit.py:579} INFO - 25/09/06 13:42:44 INFO SharedState: Warehouse path is 'file:/opt/***/spark-warehouse'.
[2025-09-06T13:44:04.015+0000] {spark_submit.py:579} INFO - Traceback (most recent call last):
[2025-09-06T13:44:04.035+0000] {spark_submit.py:579} INFO - File "/opt/***/jobs/python/wordcountjob.py", line 202, in <module>
[2025-09-06T13:44:04.038+0000] {spark_submit.py:579} INFO - write_data(daily,"daily")
[2025-09-06T13:44:04.039+0000] {spark_submit.py:579} INFO - File "/opt/***/jobs/python/wordcountjob.py", line 198, in write_data
[2025-09-06T13:44:04.040+0000] {spark_submit.py:579} INFO - df.write.mode("overwrite").jdbc(url=jdbc_url, table=f"cs.{table}", properties=properties)
[2025-09-06T13:44:04.040+0000] {spark_submit.py:579} INFO - File "/home/***/.local/lib/python3.10/site-packages/pyspark/python/lib/pyspark.zip/pyspark/sql/readwriter.py", line 2347, in jdbc
[2025-09-06T13:44:04.041+0000] {spark_submit.py:579} INFO - File "/home/***/.local/lib/python3.10/site-packages/pyspark/python/lib/py4j-0.10.9.9-src.zip/py4j/java_gateway.py", line 1362, in __call__
[2025-09-06T13:44:04.041+0000] {spark_submit.py:579} INFO - File "/home/***/.local/lib/python3.10/site-packages/pyspark/python/lib/pyspark.zip/pyspark/errors/exceptions/captured.py", line 282, in deco
[2025-09-06T13:44:04.041+0000] {spark_submit.py:579} INFO - File "/home/***/.local/lib/python3.10/site-packages/pyspark/python/lib/py4j-0.10.9.9-src.zip/py4j/protocol.py", line 327, in get_return_value
[2025-09-06T13:44:04.069+0000] {spark_submit.py:579} INFO - py4j.protocol.Py4JJavaError: An error occurred while calling o308.jdbc.
[2025-09-06T13:44:04.070+0000] {spark_submit.py:579} INFO - : com.microsoft.sqlserver.jdbc.SQLServerException: Database 'chess' on server 'kudzie.database.windows.net' is not currently available.  Please retry the connection later.  If the problem persists, contact customer support, and provide them the session tracing ID of '{E96D46B5-B4AB-48CA-8B3A-6A1C09B2F2EF}'. ClientConnectionId:1b8306f9-5903-4c24-b904-fef1ad180f4f
[2025-09-06T13:44:04.070+0000] {spark_submit.py:579} INFO - at com.microsoft.sqlserver.jdbc.SQLServerException.makeFromDatabaseError(SQLServerException.java:256)
[2025-09-06T13:44:04.071+0000] {spark_submit.py:579} INFO - at com.microsoft.sqlserver.jdbc.TDSTokenHandler.onEOF(tdsparser.java:258)
[2025-09-06T13:44:04.071+0000] {spark_submit.py:579} INFO - at com.microsoft.sqlserver.jdbc.TDSParser.parse(tdsparser.java:104)
[2025-09-06T13:44:04.072+0000] {spark_submit.py:579} INFO - at com.microsoft.sqlserver.jdbc.SQLServerConnection.sendLogon(SQLServerConnection.java:5028)
[2025-09-06T13:44:04.072+0000] {spark_submit.py:579} INFO - at com.microsoft.sqlserver.jdbc.SQLServerConnection.logon(SQLServerConnection.java:3660)
[2025-09-06T13:44:04.072+0000] {spark_submit.py:579} INFO - at com.microsoft.sqlserver.jdbc.SQLServerConnection.access$000(SQLServerConnection.java:94)
[2025-09-06T13:44:04.072+0000] {spark_submit.py:579} INFO - at com.microsoft.sqlserver.jdbc.SQLServerConnection$LogonCommand.doExecute(SQLServerConnection.java:3619)
[2025-09-06T13:44:04.073+0000] {spark_submit.py:579} INFO - at com.microsoft.sqlserver.jdbc.TDSCommand.execute(IOBuffer.java:7194)
[2025-09-06T13:44:04.073+0000] {spark_submit.py:579} INFO - at com.microsoft.sqlserver.jdbc.SQLServerConnection.executeCommand(SQLServerConnection.java:2930)
[2025-09-06T13:44:04.073+0000] {spark_submit.py:579} INFO - at com.microsoft.sqlserver.jdbc.SQLServerConnection.connectHelper(SQLServerConnection.java:2456)
[2025-09-06T13:44:04.074+0000] {spark_submit.py:579} INFO - at com.microsoft.sqlserver.jdbc.SQLServerConnection.login(SQLServerConnection.java:2103)
[2025-09-06T13:44:04.074+0000] {spark_submit.py:579} INFO - at com.microsoft.sqlserver.jdbc.SQLServerConnection.connectInternal(SQLServerConnection.java:1950)
[2025-09-06T13:44:04.074+0000] {spark_submit.py:579} INFO - at com.microsoft.sqlserver.jdbc.SQLServerConnection.connect(SQLServerConnection.java:1162)
[2025-09-06T13:44:04.074+0000] {spark_submit.py:579} INFO - at com.microsoft.sqlserver.jdbc.SQLServerDriver.connect(SQLServerDriver.java:735)
[2025-09-06T13:44:04.074+0000] {spark_submit.py:579} INFO - at org.apache.spark.sql.execution.datasources.jdbc.connection.BasicConnectionProvider.getConnection(BasicConnectionProvider.scala:50)
[2025-09-06T13:44:04.075+0000] {spark_submit.py:579} INFO - at org.apache.spark.sql.execution.datasources.jdbc.connection.ConnectionProviderBase.create(ConnectionProvider.scala:102)
[2025-09-06T13:44:04.075+0000] {spark_submit.py:579} INFO - at org.apache.spark.sql.jdbc.JdbcDialect.$anonfun$createConnectionFactory$1(JdbcDialects.scala:235)
[2025-09-06T13:44:04.075+0000] {spark_submit.py:579} INFO - at org.apache.spark.sql.jdbc.JdbcDialect.$anonfun$createConnectionFactory$1$adapted(JdbcDialects.scala:231)
[2025-09-06T13:44:04.075+0000] {spark_submit.py:579} INFO - at org.apache.spark.sql.execution.datasources.jdbc.JdbcRelationProvider.createRelation(JdbcRelationProvider.scala:51)
[2025-09-06T13:44:04.076+0000] {spark_submit.py:579} INFO - at org.apache.spark.sql.execution.datasources.SaveIntoDataSourceCommand.run(SaveIntoDataSourceCommand.scala:55)
[2025-09-06T13:44:04.076+0000] {spark_submit.py:579} INFO - at org.apache.spark.sql.execution.command.ExecutedCommandExec.sideEffectResult$lzycompute(commands.scala:79)
[2025-09-06T13:44:04.076+0000] {spark_submit.py:579} INFO - at org.apache.spark.sql.execution.command.ExecutedCommandExec.sideEffectResult(commands.scala:77)
[2025-09-06T13:44:04.076+0000] {spark_submit.py:579} INFO - at org.apache.spark.sql.execution.command.ExecutedCommandExec.executeCollect(commands.scala:88)
[2025-09-06T13:44:04.077+0000] {spark_submit.py:579} INFO - at org.apache.spark.sql.execution.QueryExecution.$anonfun$eagerlyExecuteCommands$2(QueryExecution.scala:155)
[2025-09-06T13:44:04.077+0000] {spark_submit.py:579} INFO - at org.apache.spark.sql.execution.SQLExecution$.$anonfun$withNewExecutionId0$8(SQLExecution.scala:162)
[2025-09-06T13:44:04.077+0000] {spark_submit.py:579} INFO - at org.apache.spark.sql.execution.SQLExecution$.withSessionTagsApplied(SQLExecution.scala:268)
[2025-09-06T13:44:04.077+0000] {spark_submit.py:579} INFO - at org.apache.spark.sql.execution.SQLExecution$.$anonfun$withNewExecutionId0$7(SQLExecution.scala:124)
[2025-09-06T13:44:04.078+0000] {spark_submit.py:579} INFO - at org.apache.spark.JobArtifactSet$.withActiveJobArtifactState(JobArtifactSet.scala:94)
[2025-09-06T13:44:04.078+0000] {spark_submit.py:579} INFO - at org.apache.spark.sql.artifact.ArtifactManager.$anonfun$withResources$1(ArtifactManager.scala:112)
[2025-09-06T13:44:04.078+0000] {spark_submit.py:579} INFO - at org.apache.spark.sql.artifact.ArtifactManager.withClassLoaderIfNeeded(ArtifactManager.scala:106)
[2025-09-06T13:44:04.078+0000] {spark_submit.py:579} INFO - at org.apache.spark.sql.artifact.ArtifactManager.withResources(ArtifactManager.scala:111)
[2025-09-06T13:44:04.079+0000] {spark_submit.py:579} INFO - at org.apache.spark.sql.execution.SQLExecution$.$anonfun$withNewExecutionId0$6(SQLExecution.scala:124)
[2025-09-06T13:44:04.079+0000] {spark_submit.py:579} INFO - at org.apache.spark.sql.execution.SQLExecution$.withSQLConfPropagated(SQLExecution.scala:291)
[2025-09-06T13:44:04.079+0000] {spark_submit.py:579} INFO - at org.apache.spark.sql.execution.SQLExecution$.$anonfun$withNewExecutionId0$1(SQLExecution.scala:123)
[2025-09-06T13:44:04.079+0000] {spark_submit.py:579} INFO - at org.apache.spark.sql.SparkSession.withActive(SparkSession.scala:804)
[2025-09-06T13:44:04.079+0000] {spark_submit.py:579} INFO - at org.apache.spark.sql.execution.SQLExecution$.withNewExecutionId0(SQLExecution.scala:77)
[2025-09-06T13:44:04.080+0000] {spark_submit.py:579} INFO - at org.apache.spark.sql.execution.SQLExecution$.withNewExecutionId(SQLExecution.scala:233)
[2025-09-06T13:44:04.080+0000] {spark_submit.py:579} INFO - at org.apache.spark.sql.execution.QueryExecution.$anonfun$eagerlyExecuteCommands$1(QueryExecution.scala:155)
[2025-09-06T13:44:04.080+0000] {spark_submit.py:579} INFO - at org.apache.spark.sql.execution.QueryExecution$.withInternalError(QueryExecution.scala:654)
[2025-09-06T13:44:04.080+0000] {spark_submit.py:579} INFO - at org.apache.spark.sql.execution.QueryExecution.org$apache$spark$sql$execution$QueryExecution$$eagerlyExecute$1(QueryExecution.scala:154)
[2025-09-06T13:44:04.081+0000] {spark_submit.py:579} INFO - at org.apache.spark.sql.execution.QueryExecution$$anonfun$eagerlyExecuteCommands$3.applyOrElse(QueryExecution.scala:169)
[2025-09-06T13:44:04.081+0000] {spark_submit.py:579} INFO - at org.apache.spark.sql.execution.QueryExecution$$anonfun$eagerlyExecuteCommands$3.applyOrElse(QueryExecution.scala:164)
[2025-09-06T13:44:04.081+0000] {spark_submit.py:579} INFO - at org.apache.spark.sql.catalyst.trees.TreeNode.$anonfun$transformDownWithPruning$1(TreeNode.scala:470)
[2025-09-06T13:44:04.081+0000] {spark_submit.py:579} INFO - at org.apache.spark.sql.catalyst.trees.CurrentOrigin$.withOrigin(origin.scala:86)
[2025-09-06T13:44:04.082+0000] {spark_submit.py:579} INFO - at org.apache.spark.sql.catalyst.trees.TreeNode.transformDownWithPruning(TreeNode.scala:470)
[2025-09-06T13:44:04.082+0000] {spark_submit.py:579} INFO - at org.apache.spark.sql.catalyst.plans.logical.LogicalPlan.org$apache$spark$sql$catalyst$plans$logical$AnalysisHelper$$super$transformDownWithPruning(LogicalPlan.scala:37)
[2025-09-06T13:44:04.082+0000] {spark_submit.py:579} INFO - at org.apache.spark.sql.catalyst.plans.logical.AnalysisHelper.transformDownWithPruning(AnalysisHelper.scala:360)
[2025-09-06T13:44:04.082+0000] {spark_submit.py:579} INFO - at org.apache.spark.sql.catalyst.plans.logical.AnalysisHelper.transformDownWithPruning$(AnalysisHelper.scala:356)
[2025-09-06T13:44:04.083+0000] {spark_submit.py:579} INFO - at org.apache.spark.sql.catalyst.plans.logical.LogicalPlan.transformDownWithPruning(LogicalPlan.scala:37)
[2025-09-06T13:44:04.084+0000] {spark_submit.py:579} INFO - at org.apache.spark.sql.catalyst.plans.logical.LogicalPlan.transformDownWithPruning(LogicalPlan.scala:37)
[2025-09-06T13:44:04.084+0000] {spark_submit.py:579} INFO - at org.apache.spark.sql.catalyst.trees.TreeNode.transformDown(TreeNode.scala:446)
[2025-09-06T13:44:04.085+0000] {spark_submit.py:579} INFO - at org.apache.spark.sql.execution.QueryExecution.eagerlyExecuteCommands(QueryExecution.scala:164)
[2025-09-06T13:44:04.085+0000] {spark_submit.py:579} INFO - at org.apache.spark.sql.execution.QueryExecution.$anonfun$lazyCommandExecuted$1(QueryExecution.scala:126)
[2025-09-06T13:44:04.085+0000] {spark_submit.py:579} INFO - at scala.util.Try$.apply(Try.scala:217)
[2025-09-06T13:44:04.085+0000] {spark_submit.py:579} INFO - at org.apache.spark.util.Utils$.doTryWithCallerStacktrace(Utils.scala:1378)
[2025-09-06T13:44:04.085+0000] {spark_submit.py:579} INFO - at org.apache.spark.util.Utils$.getTryWithCallerStacktrace(Utils.scala:1439)
[2025-09-06T13:44:04.086+0000] {spark_submit.py:579} INFO - at org.apache.spark.util.LazyTry.get(LazyTry.scala:58)
[2025-09-06T13:44:04.086+0000] {spark_submit.py:579} INFO - at org.apache.spark.sql.execution.QueryExecution.commandExecuted(QueryExecution.scala:131)
[2025-09-06T13:44:04.086+0000] {spark_submit.py:579} INFO - at org.apache.spark.sql.execution.QueryExecution.assertCommandExecuted(QueryExecution.scala:192)
[2025-09-06T13:44:04.086+0000] {spark_submit.py:579} INFO - at org.apache.spark.sql.classic.DataFrameWriter.runCommand(DataFrameWriter.scala:622)
[2025-09-06T13:44:04.087+0000] {spark_submit.py:579} INFO - at org.apache.spark.sql.classic.DataFrameWriter.saveToV1Source(DataFrameWriter.scala:273)
[2025-09-06T13:44:04.087+0000] {spark_submit.py:579} INFO - at org.apache.spark.sql.classic.DataFrameWriter.saveInternal(DataFrameWriter.scala:241)
[2025-09-06T13:44:04.087+0000] {spark_submit.py:579} INFO - at org.apache.spark.sql.classic.DataFrameWriter.save(DataFrameWriter.scala:126)
[2025-09-06T13:44:04.087+0000] {spark_submit.py:579} INFO - at org.apache.spark.sql.DataFrameWriter.jdbc(DataFrameWriter.scala:334)
[2025-09-06T13:44:04.088+0000] {spark_submit.py:579} INFO - at java.base/jdk.internal.reflect.NativeMethodAccessorImpl.invoke0(Native Method)
[2025-09-06T13:44:04.088+0000] {spark_submit.py:579} INFO - at java.base/jdk.internal.reflect.NativeMethodAccessorImpl.invoke(NativeMethodAccessorImpl.java:77)
[2025-09-06T13:44:04.088+0000] {spark_submit.py:579} INFO - at java.base/jdk.internal.reflect.DelegatingMethodAccessorImpl.invoke(DelegatingMethodAccessorImpl.java:43)
[2025-09-06T13:44:04.088+0000] {spark_submit.py:579} INFO - at java.base/java.lang.reflect.Method.invoke(Method.java:569)
[2025-09-06T13:44:04.089+0000] {spark_submit.py:579} INFO - at py4j.reflection.MethodInvoker.invoke(MethodInvoker.java:244)
[2025-09-06T13:44:04.089+0000] {spark_submit.py:579} INFO - at py4j.reflection.ReflectionEngine.invoke(ReflectionEngine.java:374)
[2025-09-06T13:44:04.089+0000] {spark_submit.py:579} INFO - at py4j.Gateway.invoke(Gateway.java:282)
[2025-09-06T13:44:04.089+0000] {spark_submit.py:579} INFO - at py4j.commands.AbstractCommand.invokeMethod(AbstractCommand.java:132)
[2025-09-06T13:44:04.089+0000] {spark_submit.py:579} INFO - at py4j.commands.CallCommand.execute(CallCommand.java:79)
[2025-09-06T13:44:04.090+0000] {spark_submit.py:579} INFO - at py4j.ClientServerConnection.waitForCommands(ClientServerConnection.java:184)
[2025-09-06T13:44:04.090+0000] {spark_submit.py:579} INFO - at py4j.ClientServerConnection.run(ClientServerConnection.java:108)
[2025-09-06T13:44:04.090+0000] {spark_submit.py:579} INFO - at java.base/java.lang.Thread.run(Thread.java:840)
[2025-09-06T13:44:04.090+0000] {spark_submit.py:579} INFO - Suppressed: org.apache.spark.util.Utils$OriginalTryStackTraceException: Full stacktrace of original doTryWithCallerStacktrace caller
[2025-09-06T13:44:04.091+0000] {spark_submit.py:579} INFO - at com.microsoft.sqlserver.jdbc.SQLServerException.makeFromDatabaseError(SQLServerException.java:256)
[2025-09-06T13:44:04.091+0000] {spark_submit.py:579} INFO - at com.microsoft.sqlserver.jdbc.TDSTokenHandler.onEOF(tdsparser.java:258)
[2025-09-06T13:44:04.092+0000] {spark_submit.py:579} INFO - at com.microsoft.sqlserver.jdbc.TDSParser.parse(tdsparser.java:104)
[2025-09-06T13:44:04.092+0000] {spark_submit.py:579} INFO - at com.microsoft.sqlserver.jdbc.SQLServerConnection.sendLogon(SQLServerConnection.java:5028)
[2025-09-06T13:44:04.092+0000] {spark_submit.py:579} INFO - at com.microsoft.sqlserver.jdbc.SQLServerConnection.logon(SQLServerConnection.java:3660)
[2025-09-06T13:44:04.092+0000] {spark_submit.py:579} INFO - at com.microsoft.sqlserver.jdbc.SQLServerConnection.access$000(SQLServerConnection.java:94)
[2025-09-06T13:44:04.092+0000] {spark_submit.py:579} INFO - at com.microsoft.sqlserver.jdbc.SQLServerConnection$LogonCommand.doExecute(SQLServerConnection.java:3619)
[2025-09-06T13:44:04.093+0000] {spark_submit.py:579} INFO - at com.microsoft.sqlserver.jdbc.TDSCommand.execute(IOBuffer.java:7194)
[2025-09-06T13:44:04.093+0000] {spark_submit.py:579} INFO - at com.microsoft.sqlserver.jdbc.SQLServerConnection.executeCommand(SQLServerConnection.java:2930)
[2025-09-06T13:44:04.093+0000] {spark_submit.py:579} INFO - at com.microsoft.sqlserver.jdbc.SQLServerConnection.connectHelper(SQLServerConnection.java:2456)
[2025-09-06T13:44:04.093+0000] {spark_submit.py:579} INFO - at com.microsoft.sqlserver.jdbc.SQLServerConnection.login(SQLServerConnection.java:2103)
[2025-09-06T13:44:04.094+0000] {spark_submit.py:579} INFO - at com.microsoft.sqlserver.jdbc.SQLServerConnection.connectInternal(SQLServerConnection.java:1950)
[2025-09-06T13:44:04.094+0000] {spark_submit.py:579} INFO - at com.microsoft.sqlserver.jdbc.SQLServerConnection.connect(SQLServerConnection.java:1162)
[2025-09-06T13:44:04.094+0000] {spark_submit.py:579} INFO - at com.microsoft.sqlserver.jdbc.SQLServerDriver.connect(SQLServerDriver.java:735)
[2025-09-06T13:44:04.094+0000] {spark_submit.py:579} INFO - at org.apache.spark.sql.execution.datasources.jdbc.connection.BasicConnectionProvider.getConnection(BasicConnectionProvider.scala:50)
[2025-09-06T13:44:04.094+0000] {spark_submit.py:579} INFO - at org.apache.spark.sql.execution.datasources.jdbc.connection.ConnectionProviderBase.create(ConnectionProvider.scala:102)
[2025-09-06T13:44:04.095+0000] {spark_submit.py:579} INFO - at org.apache.spark.sql.jdbc.JdbcDialect.$anonfun$createConnectionFactory$1(JdbcDialects.scala:235)
[2025-09-06T13:44:04.095+0000] {spark_submit.py:579} INFO - at org.apache.spark.sql.jdbc.JdbcDialect.$anonfun$createConnectionFactory$1$adapted(JdbcDialects.scala:231)
[2025-09-06T13:44:04.095+0000] {spark_submit.py:579} INFO - at org.apache.spark.sql.execution.datasources.jdbc.JdbcRelationProvider.createRelation(JdbcRelationProvider.scala:51)
[2025-09-06T13:44:04.095+0000] {spark_submit.py:579} INFO - at org.apache.spark.sql.execution.datasources.SaveIntoDataSourceCommand.run(SaveIntoDataSourceCommand.scala:55)
[2025-09-06T13:44:04.095+0000] {spark_submit.py:579} INFO - at org.apache.spark.sql.execution.command.ExecutedCommandExec.sideEffectResult$lzycompute(commands.scala:79)
[2025-09-06T13:44:04.096+0000] {spark_submit.py:579} INFO - at org.apache.spark.sql.execution.command.ExecutedCommandExec.sideEffectResult(commands.scala:77)
[2025-09-06T13:44:04.096+0000] {spark_submit.py:579} INFO - at org.apache.spark.sql.execution.command.ExecutedCommandExec.executeCollect(commands.scala:88)
[2025-09-06T13:44:04.096+0000] {spark_submit.py:579} INFO - at org.apache.spark.sql.execution.QueryExecution.$anonfun$eagerlyExecuteCommands$2(QueryExecution.scala:155)
[2025-09-06T13:44:04.096+0000] {spark_submit.py:579} INFO - at org.apache.spark.sql.execution.SQLExecution$.$anonfun$withNewExecutionId0$8(SQLExecution.scala:162)
[2025-09-06T13:44:04.097+0000] {spark_submit.py:579} INFO - at org.apache.spark.sql.execution.SQLExecution$.withSessionTagsApplied(SQLExecution.scala:268)
[2025-09-06T13:44:04.097+0000] {spark_submit.py:579} INFO - at org.apache.spark.sql.execution.SQLExecution$.$anonfun$withNewExecutionId0$7(SQLExecution.scala:124)
[2025-09-06T13:44:04.097+0000] {spark_submit.py:579} INFO - at org.apache.spark.JobArtifactSet$.withActiveJobArtifactState(JobArtifactSet.scala:94)
[2025-09-06T13:44:04.097+0000] {spark_submit.py:579} INFO - at org.apache.spark.sql.artifact.ArtifactManager.$anonfun$withResources$1(ArtifactManager.scala:112)
[2025-09-06T13:44:04.097+0000] {spark_submit.py:579} INFO - at org.apache.spark.sql.artifact.ArtifactManager.withClassLoaderIfNeeded(ArtifactManager.scala:106)
[2025-09-06T13:44:04.098+0000] {spark_submit.py:579} INFO - at org.apache.spark.sql.artifact.ArtifactManager.withResources(ArtifactManager.scala:111)
[2025-09-06T13:44:04.098+0000] {spark_submit.py:579} INFO - at org.apache.spark.sql.execution.SQLExecution$.$anonfun$withNewExecutionId0$6(SQLExecution.scala:124)
[2025-09-06T13:44:04.098+0000] {spark_submit.py:579} INFO - at org.apache.spark.sql.execution.SQLExecution$.withSQLConfPropagated(SQLExecution.scala:291)
[2025-09-06T13:44:04.098+0000] {spark_submit.py:579} INFO - at org.apache.spark.sql.execution.SQLExecution$.$anonfun$withNewExecutionId0$1(SQLExecution.scala:123)
[2025-09-06T13:44:04.099+0000] {spark_submit.py:579} INFO - at org.apache.spark.sql.SparkSession.withActive(SparkSession.scala:804)
[2025-09-06T13:44:04.099+0000] {spark_submit.py:579} INFO - at org.apache.spark.sql.execution.SQLExecution$.withNewExecutionId0(SQLExecution.scala:77)
[2025-09-06T13:44:04.099+0000] {spark_submit.py:579} INFO - at org.apache.spark.sql.execution.SQLExecution$.withNewExecutionId(SQLExecution.scala:233)
[2025-09-06T13:44:04.099+0000] {spark_submit.py:579} INFO - at org.apache.spark.sql.execution.QueryExecution.$anonfun$eagerlyExecuteCommands$1(QueryExecution.scala:155)
[2025-09-06T13:44:04.099+0000] {spark_submit.py:579} INFO - at org.apache.spark.sql.execution.QueryExecution$.withInternalError(QueryExecution.scala:654)
[2025-09-06T13:44:04.100+0000] {spark_submit.py:579} INFO - at org.apache.spark.sql.execution.QueryExecution.org$apache$spark$sql$execution$QueryExecution$$eagerlyExecute$1(QueryExecution.scala:154)
[2025-09-06T13:44:04.100+0000] {spark_submit.py:579} INFO - at org.apache.spark.sql.execution.QueryExecution$$anonfun$eagerlyExecuteCommands$3.applyOrElse(QueryExecution.scala:169)
[2025-09-06T13:44:04.100+0000] {spark_submit.py:579} INFO - at org.apache.spark.sql.execution.QueryExecution$$anonfun$eagerlyExecuteCommands$3.applyOrElse(QueryExecution.scala:164)
[2025-09-06T13:44:04.100+0000] {spark_submit.py:579} INFO - at org.apache.spark.sql.catalyst.trees.TreeNode.$anonfun$transformDownWithPruning$1(TreeNode.scala:470)
[2025-09-06T13:44:04.100+0000] {spark_submit.py:579} INFO - at org.apache.spark.sql.catalyst.trees.CurrentOrigin$.withOrigin(origin.scala:86)
[2025-09-06T13:44:04.101+0000] {spark_submit.py:579} INFO - at org.apache.spark.sql.catalyst.trees.TreeNode.transformDownWithPruning(TreeNode.scala:470)
[2025-09-06T13:44:04.101+0000] {spark_submit.py:579} INFO - at org.apache.spark.sql.catalyst.plans.logical.LogicalPlan.org$apache$spark$sql$catalyst$plans$logical$AnalysisHelper$$super$transformDownWithPruning(LogicalPlan.scala:37)
[2025-09-06T13:44:04.101+0000] {spark_submit.py:579} INFO - at org.apache.spark.sql.catalyst.plans.logical.AnalysisHelper.transformDownWithPruning(AnalysisHelper.scala:360)
[2025-09-06T13:44:04.101+0000] {spark_submit.py:579} INFO - at org.apache.spark.sql.catalyst.plans.logical.AnalysisHelper.transformDownWithPruning$(AnalysisHelper.scala:356)
[2025-09-06T13:44:04.102+0000] {spark_submit.py:579} INFO - at org.apache.spark.sql.catalyst.plans.logical.LogicalPlan.transformDownWithPruning(LogicalPlan.scala:37)
[2025-09-06T13:44:04.102+0000] {spark_submit.py:579} INFO - at org.apache.spark.sql.catalyst.plans.logical.LogicalPlan.transformDownWithPruning(LogicalPlan.scala:37)
[2025-09-06T13:44:04.102+0000] {spark_submit.py:579} INFO - at org.apache.spark.sql.catalyst.trees.TreeNode.transformDown(TreeNode.scala:446)
[2025-09-06T13:44:04.102+0000] {spark_submit.py:579} INFO - at org.apache.spark.sql.execution.QueryExecution.eagerlyExecuteCommands(QueryExecution.scala:164)
[2025-09-06T13:44:04.103+0000] {spark_submit.py:579} INFO - at org.apache.spark.sql.execution.QueryExecution.$anonfun$lazyCommandExecuted$1(QueryExecution.scala:126)
[2025-09-06T13:44:04.103+0000] {spark_submit.py:579} INFO - at scala.util.Try$.apply(Try.scala:217)
[2025-09-06T13:44:04.103+0000] {spark_submit.py:579} INFO - at org.apache.spark.util.Utils$.doTryWithCallerStacktrace(Utils.scala:1378)
[2025-09-06T13:44:04.104+0000] {spark_submit.py:579} INFO - at org.apache.spark.util.LazyTry.tryT$lzycompute(LazyTry.scala:46)
[2025-09-06T13:44:04.105+0000] {spark_submit.py:579} INFO - at org.apache.spark.util.LazyTry.tryT(LazyTry.scala:46)
[2025-09-06T13:44:04.106+0000] {spark_submit.py:579} INFO - ... 20 more
[2025-09-06T13:44:04.106+0000] {spark_submit.py:579} INFO - 
[2025-09-06T13:44:05.357+0000] {spark_submit.py:579} INFO - 25/09/06 13:44:05 INFO SparkContext: Invoking stop() from shutdown hook
[2025-09-06T13:44:05.364+0000] {spark_submit.py:579} INFO - 25/09/06 13:44:05 INFO SparkContext: SparkContext is stopping with exitCode 0 from run at Executors.java:539.
[2025-09-06T13:44:05.416+0000] {spark_submit.py:579} INFO - 25/09/06 13:44:05 INFO SparkUI: Stopped Spark web UI at http://ac03ab483d89:4045
[2025-09-06T13:44:05.431+0000] {spark_submit.py:579} INFO - 25/09/06 13:44:05 INFO StandaloneSchedulerBackend: Shutting down all executors
[2025-09-06T13:44:05.448+0000] {spark_submit.py:579} INFO - 25/09/06 13:44:05 INFO StandaloneSchedulerBackend$StandaloneDriverEndpoint: Asking each executor to shut down
[2025-09-06T13:44:05.564+0000] {spark_submit.py:579} INFO - 25/09/06 13:44:05 INFO MapOutputTrackerMasterEndpoint: MapOutputTrackerMasterEndpoint stopped!
[2025-09-06T13:44:05.686+0000] {spark_submit.py:579} INFO - 25/09/06 13:44:05 INFO MemoryStore: MemoryStore started with capacity 434.4 MiB
[2025-09-06T13:44:05.688+0000] {spark_submit.py:579} INFO - 25/09/06 13:44:05 INFO MemoryStore: MemoryStore cleared
[2025-09-06T13:44:05.696+0000] {spark_submit.py:579} INFO - 25/09/06 13:44:05 INFO BlockManager: BlockManager stopped
[2025-09-06T13:44:05.717+0000] {spark_submit.py:579} INFO - 25/09/06 13:44:05 INFO BlockManagerMaster: BlockManagerMaster stopped
[2025-09-06T13:44:05.729+0000] {spark_submit.py:579} INFO - 25/09/06 13:44:05 INFO OutputCommitCoordinator$OutputCommitCoordinatorEndpoint: OutputCommitCoordinator stopped!
[2025-09-06T13:44:05.823+0000] {spark_submit.py:579} INFO - 25/09/06 13:44:05 INFO SparkContext: Successfully stopped SparkContext
[2025-09-06T13:44:05.824+0000] {spark_submit.py:579} INFO - 25/09/06 13:44:05 INFO ShutdownHookManager: Shutdown hook called
[2025-09-06T13:44:05.826+0000] {spark_submit.py:579} INFO - 25/09/06 13:44:05 INFO ShutdownHookManager: Deleting directory /tmp/spark-5d94b2db-c749-4236-a967-c6e19b86d941
[2025-09-06T13:44:05.839+0000] {spark_submit.py:579} INFO - 25/09/06 13:44:05 INFO ShutdownHookManager: Deleting directory /opt/***/artifacts/spark-51cf51e7-797b-46cb-bdd4-ca1dd443354a
[2025-09-06T13:44:05.861+0000] {spark_submit.py:579} INFO - 25/09/06 13:44:05 INFO ShutdownHookManager: Deleting directory /tmp/spark-d3e87bdc-1bf0-4f7c-9b93-e963154c1007
[2025-09-06T13:44:05.894+0000] {spark_submit.py:579} INFO - 25/09/06 13:44:05 INFO ShutdownHookManager: Deleting directory /tmp/spark-5d94b2db-c749-4236-a967-c6e19b86d941/pyspark-cd6cce08-9b39-41ec-932b-675cb4a18d7d
[2025-09-06T13:44:06.678+0000] {taskinstance.py:1935} ERROR - Task failed with exception
Traceback (most recent call last):
  File "/home/airflow/.local/lib/python3.10/site-packages/airflow/providers/apache/spark/operators/spark_submit.py", line 174, in execute
    self._hook.submit(self.application)
  File "/home/airflow/.local/lib/python3.10/site-packages/airflow/providers/apache/spark/hooks/spark_submit.py", line 505, in submit
    raise AirflowException(
airflow.exceptions.AirflowException: Cannot execute: spark-submit --master spark://spark-master:7077 --jars /opt/spark/external-jars/apache-spark-sql-connector.jar --name arrow-spark --deploy-mode client jobs/python/wordcountjob.py. Error code is: 1.
[2025-09-06T13:44:06.840+0000] {taskinstance.py:1398} INFO - Marking task as FAILED. dag_id=sparking_flow, task_id=python_job, execution_date=20250906T134119, start_date=20250906T134130, end_date=20250906T134406
[2025-09-06T13:44:06.968+0000] {standard_task_runner.py:104} ERROR - Failed to execute job 9 for task python_job (Cannot execute: spark-submit --master spark://spark-master:7077 --jars /opt/spark/external-jars/apache-spark-sql-connector.jar --name arrow-spark --deploy-mode client jobs/python/wordcountjob.py. Error code is: 1.; 233)
[2025-09-06T13:44:07.038+0000] {local_task_job_runner.py:228} INFO - Task exited with return code 1
[2025-09-06T13:44:07.317+0000] {taskinstance.py:2776} INFO - 0 downstream tasks scheduled from follow-on schedule check
