[2025-08-31T04:30:42.713+0000] {taskinstance.py:1157} INFO - Dependencies all met for dep_context=non-requeueable deps ti=<TaskInstance: sparking_flow.start scheduled__2025-08-30T16:00:00+00:00 [queued]>
[2025-08-31T04:30:42.797+0000] {taskinstance.py:1157} INFO - Dependencies all met for dep_context=requeueable deps ti=<TaskInstance: sparking_flow.start scheduled__2025-08-30T16:00:00+00:00 [queued]>
[2025-08-31T04:30:42.805+0000] {taskinstance.py:1359} INFO - Starting attempt 1 of 1
[2025-08-31T04:30:42.907+0000] {taskinstance.py:1380} INFO - Executing <Task(PythonOperator): start> on 2025-08-30 16:00:00+00:00
[2025-08-31T04:30:42.954+0000] {standard_task_runner.py:57} INFO - Started process 220 to run task
[2025-08-31T04:30:42.981+0000] {standard_task_runner.py:84} INFO - Running: ['***', 'tasks', 'run', 'sparking_flow', 'start', 'scheduled__2025-08-30T16:00:00+00:00', '--job-id', '77', '--raw', '--subdir', 'DAGS_FOLDER/spark_***.py', '--cfg-path', '/tmp/tmp8qbleyxc']
[2025-08-31T04:30:43.021+0000] {standard_task_runner.py:85} INFO - Job 77: Subtask start
[2025-08-31T04:30:44.035+0000] {task_command.py:415} INFO - Running <TaskInstance: sparking_flow.start scheduled__2025-08-30T16:00:00+00:00 [running]> on host 81b7fe425a18
[2025-08-31T04:30:45.505+0000] {taskinstance.py:1660} INFO - Exporting env vars: AIRFLOW_CTX_DAG_OWNER='Kudzaishe Manyanya' AIRFLOW_CTX_DAG_ID='sparking_flow' AIRFLOW_CTX_TASK_ID='start' AIRFLOW_CTX_EXECUTION_DATE='2025-08-30T16:00:00+00:00' AIRFLOW_CTX_TRY_NUMBER='1' AIRFLOW_CTX_DAG_RUN_ID='scheduled__2025-08-30T16:00:00+00:00'
[2025-08-31T04:30:45.526+0000] {logging_mixin.py:151} INFO - Jobs started
[2025-08-31T04:30:45.533+0000] {python.py:194} INFO - Done. Returned value was: None
[2025-08-31T04:30:45.566+0000] {taskinstance.py:1398} INFO - Marking task as SUCCESS. dag_id=sparking_flow, task_id=start, execution_date=20250830T160000, start_date=20250831T043042, end_date=20250831T043045
[2025-08-31T04:30:45.834+0000] {local_task_job_runner.py:228} INFO - Task exited with return code 0
[2025-08-31T04:30:46.104+0000] {taskinstance.py:2776} INFO - 1 downstream tasks scheduled from follow-on schedule check
[2025-08-31T05:06:37.980+0000] {taskinstance.py:1157} INFO - Dependencies all met for dep_context=non-requeueable deps ti=<TaskInstance: sparking_flow.start scheduled__2025-08-30T16:00:00+00:00 [queued]>
[2025-08-31T05:06:38.020+0000] {taskinstance.py:1157} INFO - Dependencies all met for dep_context=requeueable deps ti=<TaskInstance: sparking_flow.start scheduled__2025-08-30T16:00:00+00:00 [queued]>
[2025-08-31T05:06:38.027+0000] {taskinstance.py:1359} INFO - Starting attempt 1 of 1
[2025-08-31T05:06:38.212+0000] {taskinstance.py:1380} INFO - Executing <Task(PythonOperator): start> on 2025-08-30 16:00:00+00:00
[2025-08-31T05:06:38.235+0000] {standard_task_runner.py:57} INFO - Started process 273 to run task
[2025-08-31T05:06:38.256+0000] {standard_task_runner.py:84} INFO - Running: ['***', 'tasks', 'run', 'sparking_flow', 'start', 'scheduled__2025-08-30T16:00:00+00:00', '--job-id', '9', '--raw', '--subdir', 'DAGS_FOLDER/spark_***.py', '--cfg-path', '/tmp/tmpecp9k490']
[2025-08-31T05:06:38.272+0000] {standard_task_runner.py:85} INFO - Job 9: Subtask start
[2025-08-31T05:06:38.539+0000] {task_command.py:415} INFO - Running <TaskInstance: sparking_flow.start scheduled__2025-08-30T16:00:00+00:00 [running]> on host 80647ef95998
[2025-08-31T05:06:38.862+0000] {taskinstance.py:1660} INFO - Exporting env vars: AIRFLOW_CTX_DAG_OWNER='Kudzaishe Manyanya' AIRFLOW_CTX_DAG_ID='sparking_flow' AIRFLOW_CTX_TASK_ID='start' AIRFLOW_CTX_EXECUTION_DATE='2025-08-30T16:00:00+00:00' AIRFLOW_CTX_TRY_NUMBER='1' AIRFLOW_CTX_DAG_RUN_ID='scheduled__2025-08-30T16:00:00+00:00'
[2025-08-31T05:06:38.868+0000] {logging_mixin.py:151} INFO - Jobs started
[2025-08-31T05:06:38.869+0000] {python.py:194} INFO - Done. Returned value was: None
[2025-08-31T05:06:38.916+0000] {taskinstance.py:1398} INFO - Marking task as SUCCESS. dag_id=sparking_flow, task_id=start, execution_date=20250830T160000, start_date=20250831T050637, end_date=20250831T050638
[2025-08-31T05:06:38.988+0000] {local_task_job_runner.py:228} INFO - Task exited with return code 0
[2025-08-31T05:06:39.063+0000] {taskinstance.py:2776} INFO - 1 downstream tasks scheduled from follow-on schedule check
[2025-08-31T12:53:18.801+0000] {taskinstance.py:1157} INFO - Dependencies all met for dep_context=non-requeueable deps ti=<TaskInstance: sparking_flow.start scheduled__2025-08-30T16:00:00+00:00 [queued]>
[2025-08-31T12:53:18.825+0000] {taskinstance.py:1157} INFO - Dependencies all met for dep_context=requeueable deps ti=<TaskInstance: sparking_flow.start scheduled__2025-08-30T16:00:00+00:00 [queued]>
[2025-08-31T12:53:18.830+0000] {taskinstance.py:1359} INFO - Starting attempt 1 of 1
[2025-08-31T12:53:18.863+0000] {taskinstance.py:1380} INFO - Executing <Task(PythonOperator): start> on 2025-08-30 16:00:00+00:00
[2025-08-31T12:53:18.886+0000] {standard_task_runner.py:57} INFO - Started process 375 to run task
[2025-08-31T12:53:18.926+0000] {standard_task_runner.py:84} INFO - Running: ['***', 'tasks', 'run', 'sparking_flow', 'start', 'scheduled__2025-08-30T16:00:00+00:00', '--job-id', '15', '--raw', '--subdir', 'DAGS_FOLDER/spark_***.py', '--cfg-path', '/tmp/tmppg40s0sb']
[2025-08-31T12:53:18.947+0000] {standard_task_runner.py:85} INFO - Job 15: Subtask start
[2025-08-31T12:53:19.207+0000] {task_command.py:415} INFO - Running <TaskInstance: sparking_flow.start scheduled__2025-08-30T16:00:00+00:00 [running]> on host f7da00c682c4
[2025-08-31T12:53:19.359+0000] {taskinstance.py:1660} INFO - Exporting env vars: AIRFLOW_CTX_DAG_OWNER='Kudzaishe Manyanya' AIRFLOW_CTX_DAG_ID='sparking_flow' AIRFLOW_CTX_TASK_ID='start' AIRFLOW_CTX_EXECUTION_DATE='2025-08-30T16:00:00+00:00' AIRFLOW_CTX_TRY_NUMBER='1' AIRFLOW_CTX_DAG_RUN_ID='scheduled__2025-08-30T16:00:00+00:00'
[2025-08-31T12:53:19.362+0000] {logging_mixin.py:151} INFO - Jobs started
[2025-08-31T12:53:19.362+0000] {python.py:194} INFO - Done. Returned value was: None
[2025-08-31T12:53:19.381+0000] {taskinstance.py:1398} INFO - Marking task as SUCCESS. dag_id=sparking_flow, task_id=start, execution_date=20250830T160000, start_date=20250831T125318, end_date=20250831T125319
[2025-08-31T12:53:19.411+0000] {local_task_job_runner.py:228} INFO - Task exited with return code 0
[2025-08-31T12:53:19.480+0000] {taskinstance.py:2776} INFO - 0 downstream tasks scheduled from follow-on schedule check
