[2025-08-31T04:30:18.519+0000] {taskinstance.py:1157} INFO - Dependencies all met for dep_context=non-requeueable deps ti=<TaskInstance: sparking_flow.start scheduled__2025-08-30T08:00:00+00:00 [queued]>
[2025-08-31T04:30:18.558+0000] {taskinstance.py:1157} INFO - Dependencies all met for dep_context=requeueable deps ti=<TaskInstance: sparking_flow.start scheduled__2025-08-30T08:00:00+00:00 [queued]>
[2025-08-31T04:30:18.560+0000] {taskinstance.py:1359} INFO - Starting attempt 1 of 1
[2025-08-31T04:30:18.666+0000] {taskinstance.py:1380} INFO - Executing <Task(PythonOperator): start> on 2025-08-30 08:00:00+00:00
[2025-08-31T04:30:18.709+0000] {standard_task_runner.py:57} INFO - Started process 198 to run task
[2025-08-31T04:30:18.759+0000] {standard_task_runner.py:84} INFO - Running: ['***', 'tasks', 'run', 'sparking_flow', 'start', 'scheduled__2025-08-30T08:00:00+00:00', '--job-id', '69', '--raw', '--subdir', 'DAGS_FOLDER/spark_***.py', '--cfg-path', '/tmp/tmpyl3jrw_k']
[2025-08-31T04:30:18.795+0000] {standard_task_runner.py:85} INFO - Job 69: Subtask start
[2025-08-31T04:30:19.163+0000] {task_command.py:415} INFO - Running <TaskInstance: sparking_flow.start scheduled__2025-08-30T08:00:00+00:00 [running]> on host 81b7fe425a18
[2025-08-31T04:30:20.087+0000] {taskinstance.py:1660} INFO - Exporting env vars: AIRFLOW_CTX_DAG_OWNER='Kudzaishe Manyanya' AIRFLOW_CTX_DAG_ID='sparking_flow' AIRFLOW_CTX_TASK_ID='start' AIRFLOW_CTX_EXECUTION_DATE='2025-08-30T08:00:00+00:00' AIRFLOW_CTX_TRY_NUMBER='1' AIRFLOW_CTX_DAG_RUN_ID='scheduled__2025-08-30T08:00:00+00:00'
[2025-08-31T04:30:20.110+0000] {logging_mixin.py:151} INFO - Jobs started
[2025-08-31T04:30:20.114+0000] {python.py:194} INFO - Done. Returned value was: None
[2025-08-31T04:30:20.189+0000] {taskinstance.py:1398} INFO - Marking task as SUCCESS. dag_id=sparking_flow, task_id=start, execution_date=20250830T080000, start_date=20250831T043018, end_date=20250831T043020
[2025-08-31T04:30:20.282+0000] {local_task_job_runner.py:228} INFO - Task exited with return code 0
[2025-08-31T04:30:20.511+0000] {taskinstance.py:2776} INFO - 1 downstream tasks scheduled from follow-on schedule check
[2025-08-31T05:06:37.786+0000] {taskinstance.py:1157} INFO - Dependencies all met for dep_context=non-requeueable deps ti=<TaskInstance: sparking_flow.start scheduled__2025-08-30T08:00:00+00:00 [queued]>
[2025-08-31T05:06:37.825+0000] {taskinstance.py:1157} INFO - Dependencies all met for dep_context=requeueable deps ti=<TaskInstance: sparking_flow.start scheduled__2025-08-30T08:00:00+00:00 [queued]>
[2025-08-31T05:06:37.827+0000] {taskinstance.py:1359} INFO - Starting attempt 1 of 1
[2025-08-31T05:06:37.870+0000] {taskinstance.py:1380} INFO - Executing <Task(PythonOperator): start> on 2025-08-30 08:00:00+00:00
[2025-08-31T05:06:37.908+0000] {standard_task_runner.py:57} INFO - Started process 270 to run task
[2025-08-31T05:06:37.948+0000] {standard_task_runner.py:84} INFO - Running: ['***', 'tasks', 'run', 'sparking_flow', 'start', 'scheduled__2025-08-30T08:00:00+00:00', '--job-id', '6', '--raw', '--subdir', 'DAGS_FOLDER/spark_***.py', '--cfg-path', '/tmp/tmpku3gmgxj']
[2025-08-31T05:06:37.993+0000] {standard_task_runner.py:85} INFO - Job 6: Subtask start
[2025-08-31T05:06:38.238+0000] {task_command.py:415} INFO - Running <TaskInstance: sparking_flow.start scheduled__2025-08-30T08:00:00+00:00 [running]> on host 80647ef95998
[2025-08-31T05:06:38.784+0000] {taskinstance.py:1660} INFO - Exporting env vars: AIRFLOW_CTX_DAG_OWNER='Kudzaishe Manyanya' AIRFLOW_CTX_DAG_ID='sparking_flow' AIRFLOW_CTX_TASK_ID='start' AIRFLOW_CTX_EXECUTION_DATE='2025-08-30T08:00:00+00:00' AIRFLOW_CTX_TRY_NUMBER='1' AIRFLOW_CTX_DAG_RUN_ID='scheduled__2025-08-30T08:00:00+00:00'
[2025-08-31T05:06:38.793+0000] {logging_mixin.py:151} INFO - Jobs started
[2025-08-31T05:06:38.798+0000] {python.py:194} INFO - Done. Returned value was: None
[2025-08-31T05:06:38.847+0000] {taskinstance.py:1398} INFO - Marking task as SUCCESS. dag_id=sparking_flow, task_id=start, execution_date=20250830T080000, start_date=20250831T050637, end_date=20250831T050638
[2025-08-31T05:06:38.931+0000] {local_task_job_runner.py:228} INFO - Task exited with return code 0
[2025-08-31T05:06:39.017+0000] {taskinstance.py:2776} INFO - 1 downstream tasks scheduled from follow-on schedule check
[2025-08-31T12:53:17.071+0000] {taskinstance.py:1157} INFO - Dependencies all met for dep_context=non-requeueable deps ti=<TaskInstance: sparking_flow.start scheduled__2025-08-30T08:00:00+00:00 [queued]>
[2025-08-31T12:53:17.136+0000] {taskinstance.py:1157} INFO - Dependencies all met for dep_context=requeueable deps ti=<TaskInstance: sparking_flow.start scheduled__2025-08-30T08:00:00+00:00 [queued]>
[2025-08-31T12:53:17.143+0000] {taskinstance.py:1359} INFO - Starting attempt 1 of 1
[2025-08-31T12:53:17.278+0000] {taskinstance.py:1380} INFO - Executing <Task(PythonOperator): start> on 2025-08-30 08:00:00+00:00
[2025-08-31T12:53:17.489+0000] {standard_task_runner.py:57} INFO - Started process 367 to run task
[2025-08-31T12:53:17.537+0000] {standard_task_runner.py:84} INFO - Running: ['***', 'tasks', 'run', 'sparking_flow', 'start', 'scheduled__2025-08-30T08:00:00+00:00', '--job-id', '6', '--raw', '--subdir', 'DAGS_FOLDER/spark_***.py', '--cfg-path', '/tmp/tmpzzqlk_co']
[2025-08-31T12:53:17.592+0000] {standard_task_runner.py:85} INFO - Job 6: Subtask start
[2025-08-31T12:53:18.144+0000] {task_command.py:415} INFO - Running <TaskInstance: sparking_flow.start scheduled__2025-08-30T08:00:00+00:00 [running]> on host f7da00c682c4
[2025-08-31T12:53:18.655+0000] {taskinstance.py:1660} INFO - Exporting env vars: AIRFLOW_CTX_DAG_OWNER='Kudzaishe Manyanya' AIRFLOW_CTX_DAG_ID='sparking_flow' AIRFLOW_CTX_TASK_ID='start' AIRFLOW_CTX_EXECUTION_DATE='2025-08-30T08:00:00+00:00' AIRFLOW_CTX_TRY_NUMBER='1' AIRFLOW_CTX_DAG_RUN_ID='scheduled__2025-08-30T08:00:00+00:00'
[2025-08-31T12:53:18.671+0000] {logging_mixin.py:151} INFO - Jobs started
[2025-08-31T12:53:18.679+0000] {python.py:194} INFO - Done. Returned value was: None
[2025-08-31T12:53:18.720+0000] {taskinstance.py:1398} INFO - Marking task as SUCCESS. dag_id=sparking_flow, task_id=start, execution_date=20250830T080000, start_date=20250831T125317, end_date=20250831T125318
[2025-08-31T12:53:18.825+0000] {local_task_job_runner.py:228} INFO - Task exited with return code 0
[2025-08-31T12:53:18.969+0000] {taskinstance.py:2776} INFO - 1 downstream tasks scheduled from follow-on schedule check
