[2025-09-07T16:12:46.881+0000] {taskinstance.py:1157} INFO - Dependencies all met for dep_context=non-requeueable deps ti=<TaskInstance: sparking_flow.python_job manual__2025-09-07T16:12:41.252765+00:00 [queued]>
[2025-09-07T16:12:46.888+0000] {taskinstance.py:1157} INFO - Dependencies all met for dep_context=requeueable deps ti=<TaskInstance: sparking_flow.python_job manual__2025-09-07T16:12:41.252765+00:00 [queued]>
[2025-09-07T16:12:46.888+0000] {taskinstance.py:1359} INFO - Starting attempt 1 of 1
[2025-09-07T16:12:46.906+0000] {taskinstance.py:1380} INFO - Executing <Task(SparkSubmitOperator): python_job> on 2025-09-07 16:12:41.252765+00:00
[2025-09-07T16:12:46.919+0000] {standard_task_runner.py:57} INFO - Started process 19273 to run task
[2025-09-07T16:12:46.922+0000] {standard_task_runner.py:84} INFO - Running: ['***', 'tasks', 'run', 'sparking_flow', 'python_job', 'manual__2025-09-07T16:12:41.252765+00:00', '--job-id', '38', '--raw', '--subdir', 'DAGS_FOLDER/spark_***.py', '--cfg-path', '/tmp/tmpqvmvq2rq']
[2025-09-07T16:12:46.925+0000] {standard_task_runner.py:85} INFO - Job 38: Subtask python_job
[2025-09-07T16:12:47.004+0000] {task_command.py:415} INFO - Running <TaskInstance: sparking_flow.python_job manual__2025-09-07T16:12:41.252765+00:00 [running]> on host ac03ab483d89
[2025-09-07T16:12:47.179+0000] {taskinstance.py:1660} INFO - Exporting env vars: AIRFLOW_CTX_DAG_OWNER='Kudzaishe Manyanya' AIRFLOW_CTX_DAG_ID='sparking_flow' AIRFLOW_CTX_TASK_ID='python_job' AIRFLOW_CTX_EXECUTION_DATE='2025-09-07T16:12:41.252765+00:00' AIRFLOW_CTX_TRY_NUMBER='1' AIRFLOW_CTX_DAG_RUN_ID='manual__2025-09-07T16:12:41.252765+00:00'
[2025-09-07T16:12:47.204+0000] {base.py:73} INFO - Using connection ID 'spark-conn' for task execution.
[2025-09-07T16:12:47.206+0000] {spark_submit.py:403} INFO - Spark-Submit cmd: spark-submit --master spark://spark-master:7077 --jars /opt/spark/external-jars/apache-spark-sql-connector.jar --name arrow-spark --deploy-mode client jobs/python/wordcountjob.py
[2025-09-07T16:12:48.111+0000] {spark_submit.py:579} INFO - WARNING: Using incubator modules: jdk.incubator.vector
[2025-09-07T16:12:50.472+0000] {spark_submit.py:579} INFO - 25/09/07 16:12:50 WARN NativeCodeLoader: Unable to load native-hadoop library for your platform... using builtin-java classes where applicable
[2025-09-07T16:12:53.776+0000] {spark_submit.py:579} INFO - Using Spark's default log4j profile: org/apache/spark/log4j2-defaults.properties
[2025-09-07T16:12:53.783+0000] {spark_submit.py:579} INFO - 25/09/07 16:12:53 INFO SparkContext: Running Spark version 4.0.0
[2025-09-07T16:12:53.784+0000] {spark_submit.py:579} INFO - 25/09/07 16:12:53 INFO SparkContext: OS info Linux, 6.6.87.2-microsoft-standard-WSL2, amd64
[2025-09-07T16:12:53.785+0000] {spark_submit.py:579} INFO - 25/09/07 16:12:53 INFO SparkContext: Java version 17.0.15
[2025-09-07T16:12:53.806+0000] {spark_submit.py:579} INFO - 25/09/07 16:12:53 INFO ResourceUtils: ==============================================================
[2025-09-07T16:12:53.807+0000] {spark_submit.py:579} INFO - 25/09/07 16:12:53 INFO ResourceUtils: No custom resources configured for spark.driver.
[2025-09-07T16:12:53.807+0000] {spark_submit.py:579} INFO - 25/09/07 16:12:53 INFO ResourceUtils: ==============================================================
[2025-09-07T16:12:53.808+0000] {spark_submit.py:579} INFO - 25/09/07 16:12:53 INFO SparkContext: Submitted application: PythonWordCount
[2025-09-07T16:12:53.834+0000] {spark_submit.py:579} INFO - 25/09/07 16:12:53 INFO ResourceProfile: Default ResourceProfile created, executor resources: Map(memory -> name: memory, amount: 1024, script: , vendor: , offHeap -> name: offHeap, amount: 0, script: , vendor: ), task resources: Map(cpus -> name: cpus, amount: 1.0)
[2025-09-07T16:12:53.837+0000] {spark_submit.py:579} INFO - 25/09/07 16:12:53 INFO ResourceProfile: Limiting resource is cpu
[2025-09-07T16:12:53.838+0000] {spark_submit.py:579} INFO - 25/09/07 16:12:53 INFO ResourceProfileManager: Added ResourceProfile id: 0
[2025-09-07T16:12:53.893+0000] {spark_submit.py:579} INFO - 25/09/07 16:12:53 INFO SecurityManager: Changing view acls to: ***
[2025-09-07T16:12:53.895+0000] {spark_submit.py:579} INFO - 25/09/07 16:12:53 INFO SecurityManager: Changing modify acls to: ***
[2025-09-07T16:12:53.896+0000] {spark_submit.py:579} INFO - 25/09/07 16:12:53 INFO SecurityManager: Changing view acls groups to: ***
[2025-09-07T16:12:53.897+0000] {spark_submit.py:579} INFO - 25/09/07 16:12:53 INFO SecurityManager: Changing modify acls groups to: ***
[2025-09-07T16:12:53.900+0000] {spark_submit.py:579} INFO - 25/09/07 16:12:53 INFO SecurityManager: SecurityManager: authentication disabled; ui acls disabled; users with view permissions: *** groups with view permissions: EMPTY; users with modify permissions: ***; groups with modify permissions: EMPTY; RPC SSL disabled
[2025-09-07T16:12:54.322+0000] {spark_submit.py:579} INFO - 25/09/07 16:12:54 INFO Utils: Successfully started service 'sparkDriver' on port 35769.
[2025-09-07T16:12:54.363+0000] {spark_submit.py:579} INFO - 25/09/07 16:12:54 INFO SparkEnv: Registering MapOutputTracker
[2025-09-07T16:12:54.385+0000] {spark_submit.py:579} INFO - 25/09/07 16:12:54 INFO SparkEnv: Registering BlockManagerMaster
[2025-09-07T16:12:54.459+0000] {spark_submit.py:579} INFO - 25/09/07 16:12:54 INFO BlockManagerMasterEndpoint: Using org.apache.spark.storage.DefaultTopologyMapper for getting topology information
[2025-09-07T16:12:54.460+0000] {spark_submit.py:579} INFO - 25/09/07 16:12:54 INFO BlockManagerMasterEndpoint: BlockManagerMasterEndpoint up
[2025-09-07T16:12:54.467+0000] {spark_submit.py:579} INFO - 25/09/07 16:12:54 INFO SparkEnv: Registering BlockManagerMasterHeartbeat
[2025-09-07T16:12:54.522+0000] {spark_submit.py:579} INFO - 25/09/07 16:12:54 INFO DiskBlockManager: Created local directory at /tmp/blockmgr-9c502255-f815-4ca8-81e4-4ab02dae14aa
[2025-09-07T16:12:54.554+0000] {spark_submit.py:579} INFO - 25/09/07 16:12:54 INFO SparkEnv: Registering OutputCommitCoordinator
[2025-09-07T16:12:54.771+0000] {spark_submit.py:579} INFO - 25/09/07 16:12:54 INFO JettyUtils: Start Jetty 0.0.0.0:4040 for SparkUI
[2025-09-07T16:12:54.851+0000] {spark_submit.py:579} INFO - 25/09/07 16:12:54 INFO Utils: Successfully started service 'SparkUI' on port 4040.
[2025-09-07T16:12:54.896+0000] {spark_submit.py:579} INFO - 25/09/07 16:12:54 INFO SparkContext: Added JAR file:///opt/spark/external-jars/apache-spark-sql-connector.jar at spark://ac03ab483d89:35769/jars/apache-spark-sql-connector.jar with timestamp 1757261573769
[2025-09-07T16:12:54.916+0000] {spark_submit.py:579} INFO - 25/09/07 16:12:54 INFO SecurityManager: Changing view acls to: ***
[2025-09-07T16:12:54.916+0000] {spark_submit.py:579} INFO - 25/09/07 16:12:54 INFO SecurityManager: Changing modify acls to: ***
[2025-09-07T16:12:54.917+0000] {spark_submit.py:579} INFO - 25/09/07 16:12:54 INFO SecurityManager: Changing view acls groups to: ***
[2025-09-07T16:12:54.917+0000] {spark_submit.py:579} INFO - 25/09/07 16:12:54 INFO SecurityManager: Changing modify acls groups to: ***
[2025-09-07T16:12:54.917+0000] {spark_submit.py:579} INFO - 25/09/07 16:12:54 INFO SecurityManager: SecurityManager: authentication disabled; ui acls disabled; users with view permissions: *** groups with view permissions: EMPTY; users with modify permissions: ***; groups with modify permissions: EMPTY; RPC SSL disabled
[2025-09-07T16:12:55.087+0000] {spark_submit.py:579} INFO - 25/09/07 16:12:55 INFO StandaloneAppClient$ClientEndpoint: Connecting to master spark://spark-master:7077...
[2025-09-07T16:12:55.146+0000] {spark_submit.py:579} INFO - 25/09/07 16:12:55 INFO TransportClientFactory: Successfully created connection to spark-master/172.18.0.2:7077 after 27 ms (0 ms spent in bootstraps)
[2025-09-07T16:12:55.880+0000] {spark_submit.py:579} INFO - 25/09/07 16:12:55 INFO StandaloneSchedulerBackend: Connected to Spark cluster with app ID app-20250907161255-0016
[2025-09-07T16:12:55.890+0000] {spark_submit.py:579} INFO - 25/09/07 16:12:55 INFO Utils: Successfully started service 'org.apache.spark.network.netty.NettyBlockTransferService' on port 41297.
[2025-09-07T16:12:55.891+0000] {spark_submit.py:579} INFO - 25/09/07 16:12:55 INFO NettyBlockTransferService: Server created on ac03ab483d89:41297
[2025-09-07T16:12:55.892+0000] {spark_submit.py:579} INFO - 25/09/07 16:12:55 INFO BlockManager: Using org.apache.spark.storage.RandomBlockReplicationPolicy for block replication policy
[2025-09-07T16:12:55.908+0000] {spark_submit.py:579} INFO - 25/09/07 16:12:55 INFO BlockManagerMaster: Registering BlockManager BlockManagerId(driver, ac03ab483d89, 41297, None)
[2025-09-07T16:12:55.914+0000] {spark_submit.py:579} INFO - 25/09/07 16:12:55 INFO BlockManagerMasterEndpoint: Registering block manager ac03ab483d89:41297 with 434.4 MiB RAM, BlockManagerId(driver, ac03ab483d89, 41297, None)
[2025-09-07T16:12:55.917+0000] {spark_submit.py:579} INFO - 25/09/07 16:12:55 INFO BlockManagerMaster: Registered BlockManager BlockManagerId(driver, ac03ab483d89, 41297, None)
[2025-09-07T16:12:55.918+0000] {spark_submit.py:579} INFO - 25/09/07 16:12:55 INFO BlockManager: Initialized BlockManager: BlockManagerId(driver, ac03ab483d89, 41297, None)
[2025-09-07T16:12:55.959+0000] {spark_submit.py:579} INFO - 25/09/07 16:12:55 INFO StandaloneAppClient$ClientEndpoint: Executor added: app-20250907161255-0016/0 on worker-20250906133811-172.18.0.4-34629 (172.18.0.4:34629) with 2 core(s)
[2025-09-07T16:12:55.961+0000] {spark_submit.py:579} INFO - 25/09/07 16:12:55 INFO StandaloneSchedulerBackend: Granted executor ID app-20250907161255-0016/0 on hostPort 172.18.0.4:34629 with 2 core(s), 1024.0 MiB RAM
[2025-09-07T16:12:56.080+0000] {spark_submit.py:579} INFO - 25/09/07 16:12:56 INFO StandaloneSchedulerBackend: SchedulerBackend is ready for scheduling beginning after reached minRegisteredResourcesRatio: 0.0
[2025-09-07T16:12:57.298+0000] {spark_submit.py:579} INFO - 25/09/07 16:12:57 INFO StandaloneAppClient$ClientEndpoint: Executor updated: app-20250907161255-0016/0 is now RUNNING
[2025-09-07T16:13:00.307+0000] {spark_submit.py:579} INFO - dict_keys(['daily', 'daily960', 'live_rapid', 'live_blitz', 'live_bullet', 'live_bughouse', 'live_blitz960', 'live_threecheck', 'live_crazyhouse', 'tactics', 'rush', 'battle'])
[2025-09-07T16:13:01.022+0000] {spark_submit.py:579} INFO - 25/09/07 16:13:01 INFO SharedState: Setting hive.metastore.warehouse.dir ('null') to the value of spark.sql.warehouse.dir.
[2025-09-07T16:13:01.027+0000] {spark_submit.py:579} INFO - 25/09/07 16:13:01 INFO SharedState: Warehouse path is 'file:/opt/***/spark-warehouse'.
[2025-09-07T16:13:01.927+0000] {spark_submit.py:579} INFO - 25/09/07 16:13:01 INFO StandaloneSchedulerBackend$StandaloneDriverEndpoint: Registered executor NettyRpcEndpointRef(spark-client://Executor) (172.18.0.4:45008) with ID 0, ResourceProfileId 0
[2025-09-07T16:13:02.244+0000] {spark_submit.py:579} INFO - 25/09/07 16:13:02 INFO BlockManagerMasterEndpoint: Registering block manager 172.18.0.4:41751 with 434.4 MiB RAM, BlockManagerId(0, 172.18.0.4, 41751, None)
[2025-09-07T16:13:06.607+0000] {spark_submit.py:579} INFO - 25/09/07 16:13:06 WARN SparkStringUtils: Truncated the string representation of a plan since it was too large. This behavior can be adjusted by setting 'spark.sql.debug.maxToStringFields'.
[2025-09-07T16:13:07.079+0000] {spark_submit.py:579} INFO - 25/09/07 16:13:07 INFO CodeGenerator: Code generated in 234.492169 ms
[2025-09-07T16:13:07.182+0000] {spark_submit.py:579} INFO - 25/09/07 16:13:07 INFO SparkContext: Starting job: jdbc at NativeMethodAccessorImpl.java:0
[2025-09-07T16:13:07.206+0000] {spark_submit.py:579} INFO - 25/09/07 16:13:07 INFO DAGScheduler: Got job 0 (jdbc at NativeMethodAccessorImpl.java:0) with 2 output partitions
[2025-09-07T16:13:07.209+0000] {spark_submit.py:579} INFO - 25/09/07 16:13:07 INFO DAGScheduler: Final stage: ResultStage 0 (jdbc at NativeMethodAccessorImpl.java:0)
[2025-09-07T16:13:07.210+0000] {spark_submit.py:579} INFO - 25/09/07 16:13:07 INFO DAGScheduler: Parents of final stage: List()
[2025-09-07T16:13:07.211+0000] {spark_submit.py:579} INFO - 25/09/07 16:13:07 INFO DAGScheduler: Missing parents: List()
[2025-09-07T16:13:07.217+0000] {spark_submit.py:579} INFO - 25/09/07 16:13:07 INFO DAGScheduler: Submitting ResultStage 0 (MapPartitionsRDD[53] at jdbc at NativeMethodAccessorImpl.java:0), which has no missing parents
[2025-09-07T16:13:07.288+0000] {spark_submit.py:579} INFO - 25/09/07 16:13:07 INFO MemoryStore: MemoryStore started with capacity 434.4 MiB
[2025-09-07T16:13:07.323+0000] {spark_submit.py:579} INFO - 25/09/07 16:13:07 INFO MemoryStore: Block broadcast_0 stored as values in memory (estimated size 33.8 KiB, free 434.4 MiB)
[2025-09-07T16:13:07.374+0000] {spark_submit.py:579} INFO - 25/09/07 16:13:07 INFO MemoryStore: Block broadcast_0_piece0 stored as bytes in memory (estimated size 14.4 KiB, free 434.4 MiB)
[2025-09-07T16:13:07.384+0000] {spark_submit.py:579} INFO - 25/09/07 16:13:07 INFO SparkContext: Created broadcast 0 from broadcast at DAGScheduler.scala:1676
[2025-09-07T16:13:07.405+0000] {spark_submit.py:579} INFO - 25/09/07 16:13:07 INFO DAGScheduler: Submitting 2 missing tasks from ResultStage 0 (MapPartitionsRDD[53] at jdbc at NativeMethodAccessorImpl.java:0) (first 15 tasks are for partitions Vector(0, 1))
[2025-09-07T16:13:07.417+0000] {spark_submit.py:579} INFO - 25/09/07 16:13:07 INFO TaskSchedulerImpl: Adding task set 0.0 with 2 tasks resource profile 0
[2025-09-07T16:13:07.449+0000] {spark_submit.py:579} INFO - 25/09/07 16:13:07 INFO TaskSetManager: Starting task 0.0 in stage 0.0 (TID 0) (172.18.0.4,executor 0, partition 0, PROCESS_LOCAL, 17773 bytes)
[2025-09-07T16:13:07.453+0000] {spark_submit.py:579} INFO - 25/09/07 16:13:07 INFO TaskSetManager: Starting task 1.0 in stage 0.0 (TID 1) (172.18.0.4,executor 0, partition 1, PROCESS_LOCAL, 17383 bytes)
[2025-09-07T16:13:15.094+0000] {spark_submit.py:579} INFO - 25/09/07 16:13:15 INFO TaskSetManager: Finished task 0.0 in stage 0.0 (TID 0) in 7652 ms on 172.18.0.4 (executor 0) (1/2)
[2025-09-07T16:13:15.098+0000] {spark_submit.py:579} INFO - 25/09/07 16:13:15 INFO TaskSetManager: Finished task 1.0 in stage 0.0 (TID 1) in 7645 ms on 172.18.0.4 (executor 0) (2/2)
[2025-09-07T16:13:15.104+0000] {spark_submit.py:579} INFO - 25/09/07 16:13:15 INFO TaskSchedulerImpl: Removed TaskSet 0.0 whose tasks have all completed, from pool
[2025-09-07T16:13:15.109+0000] {spark_submit.py:579} INFO - 25/09/07 16:13:15 INFO PythonAccumulatorV2: Connected to AccumulatorServer at host: 127.0.0.1 port: 42091
[2025-09-07T16:13:15.129+0000] {spark_submit.py:579} INFO - 25/09/07 16:13:15 INFO DAGScheduler: ResultStage 0 (jdbc at NativeMethodAccessorImpl.java:0) finished in 7895 ms
[2025-09-07T16:13:15.132+0000] {spark_submit.py:579} INFO - 25/09/07 16:13:15 INFO DAGScheduler: Job 0 is finished. Cancelling potential speculative or zombie tasks for this job
[2025-09-07T16:13:15.133+0000] {spark_submit.py:579} INFO - 25/09/07 16:13:15 INFO TaskSchedulerImpl: Canceling stage 0
[2025-09-07T16:13:15.137+0000] {spark_submit.py:579} INFO - 25/09/07 16:13:15 INFO TaskSchedulerImpl: Killing all running tasks in stage 0: Stage finished
[2025-09-07T16:13:15.142+0000] {spark_submit.py:579} INFO - 25/09/07 16:13:15 INFO DAGScheduler: Job 0 finished: jdbc at NativeMethodAccessorImpl.java:0, took 7970.108893 ms
[2025-09-07T16:13:16.334+0000] {spark_submit.py:579} INFO - table daily has been loaded
[2025-09-07T16:13:17.460+0000] {spark_submit.py:579} INFO - 25/09/07 16:13:17 INFO SparkContext: Starting job: jdbc at NativeMethodAccessorImpl.java:0
[2025-09-07T16:13:17.472+0000] {spark_submit.py:579} INFO - 25/09/07 16:13:17 INFO DAGScheduler: Got job 1 (jdbc at NativeMethodAccessorImpl.java:0) with 2 output partitions
[2025-09-07T16:13:17.472+0000] {spark_submit.py:579} INFO - 25/09/07 16:13:17 INFO DAGScheduler: Final stage: ResultStage 1 (jdbc at NativeMethodAccessorImpl.java:0)
[2025-09-07T16:13:17.479+0000] {spark_submit.py:579} INFO - 25/09/07 16:13:17 INFO DAGScheduler: Parents of final stage: List()
[2025-09-07T16:13:17.479+0000] {spark_submit.py:579} INFO - 25/09/07 16:13:17 INFO DAGScheduler: Missing parents: List()
[2025-09-07T16:13:17.480+0000] {spark_submit.py:579} INFO - 25/09/07 16:13:17 INFO DAGScheduler: Submitting ResultStage 1 (MapPartitionsRDD[57] at jdbc at NativeMethodAccessorImpl.java:0), which has no missing parents
[2025-09-07T16:13:17.481+0000] {spark_submit.py:579} INFO - 25/09/07 16:13:17 INFO MemoryStore: Block broadcast_1 stored as values in memory (estimated size 33.8 KiB, free 434.4 MiB)
[2025-09-07T16:13:17.484+0000] {spark_submit.py:579} INFO - 25/09/07 16:13:17 INFO MemoryStore: Block broadcast_1_piece0 stored as bytes in memory (estimated size 14.5 KiB, free 434.4 MiB)
[2025-09-07T16:13:17.489+0000] {spark_submit.py:579} INFO - 25/09/07 16:13:17 INFO SparkContext: Created broadcast 1 from broadcast at DAGScheduler.scala:1676
[2025-09-07T16:13:17.495+0000] {spark_submit.py:579} INFO - 25/09/07 16:13:17 INFO DAGScheduler: Submitting 2 missing tasks from ResultStage 1 (MapPartitionsRDD[57] at jdbc at NativeMethodAccessorImpl.java:0) (first 15 tasks are for partitions Vector(0, 1))
[2025-09-07T16:13:17.496+0000] {spark_submit.py:579} INFO - 25/09/07 16:13:17 INFO TaskSchedulerImpl: Adding task set 1.0 with 2 tasks resource profile 0
[2025-09-07T16:13:17.497+0000] {spark_submit.py:579} INFO - 25/09/07 16:13:17 INFO TaskSetManager: Starting task 0.0 in stage 1.0 (TID 2) (172.18.0.4,executor 0, partition 0, PROCESS_LOCAL, 18049 bytes)
[2025-09-07T16:13:17.498+0000] {spark_submit.py:579} INFO - 25/09/07 16:13:17 INFO TaskSetManager: Starting task 1.0 in stage 1.0 (TID 3) (172.18.0.4,executor 0, partition 1, PROCESS_LOCAL, 17858 bytes)
[2025-09-07T16:13:19.416+0000] {spark_submit.py:579} INFO - 25/09/07 16:13:19 INFO TaskSetManager: Finished task 1.0 in stage 1.0 (TID 3) in 1942 ms on 172.18.0.4 (executor 0) (1/2)
[2025-09-07T16:13:19.423+0000] {spark_submit.py:579} INFO - 25/09/07 16:13:19 INFO TaskSetManager: Finished task 0.0 in stage 1.0 (TID 2) in 1949 ms on 172.18.0.4 (executor 0) (2/2)
[2025-09-07T16:13:19.423+0000] {spark_submit.py:579} INFO - 25/09/07 16:13:19 INFO TaskSchedulerImpl: Removed TaskSet 1.0 whose tasks have all completed, from pool
[2025-09-07T16:13:19.424+0000] {spark_submit.py:579} INFO - 25/09/07 16:13:19 INFO DAGScheduler: ResultStage 1 (jdbc at NativeMethodAccessorImpl.java:0) finished in 1960 ms
[2025-09-07T16:13:19.424+0000] {spark_submit.py:579} INFO - 25/09/07 16:13:19 INFO DAGScheduler: Job 1 is finished. Cancelling potential speculative or zombie tasks for this job
[2025-09-07T16:13:19.425+0000] {spark_submit.py:579} INFO - 25/09/07 16:13:19 INFO TaskSchedulerImpl: Canceling stage 1
[2025-09-07T16:13:19.425+0000] {spark_submit.py:579} INFO - 25/09/07 16:13:19 INFO TaskSchedulerImpl: Killing all running tasks in stage 1: Stage finished
[2025-09-07T16:13:19.426+0000] {spark_submit.py:579} INFO - 25/09/07 16:13:19 INFO DAGScheduler: Job 1 finished: jdbc at NativeMethodAccessorImpl.java:0, took 1964.010684 ms
[2025-09-07T16:13:20.954+0000] {spark_submit.py:579} INFO - table live_rapid has been loaded
[2025-09-07T16:13:22.172+0000] {spark_submit.py:579} INFO - 25/09/07 16:13:22 INFO SparkContext: Starting job: jdbc at NativeMethodAccessorImpl.java:0
[2025-09-07T16:13:22.174+0000] {spark_submit.py:579} INFO - 25/09/07 16:13:22 INFO DAGScheduler: Got job 2 (jdbc at NativeMethodAccessorImpl.java:0) with 2 output partitions
[2025-09-07T16:13:22.175+0000] {spark_submit.py:579} INFO - 25/09/07 16:13:22 INFO DAGScheduler: Final stage: ResultStage 2 (jdbc at NativeMethodAccessorImpl.java:0)
[2025-09-07T16:13:22.175+0000] {spark_submit.py:579} INFO - 25/09/07 16:13:22 INFO DAGScheduler: Parents of final stage: List()
[2025-09-07T16:13:22.176+0000] {spark_submit.py:579} INFO - 25/09/07 16:13:22 INFO DAGScheduler: Missing parents: List()
[2025-09-07T16:13:22.176+0000] {spark_submit.py:579} INFO - 25/09/07 16:13:22 INFO DAGScheduler: Submitting ResultStage 2 (MapPartitionsRDD[61] at jdbc at NativeMethodAccessorImpl.java:0), which has no missing parents
[2025-09-07T16:13:22.181+0000] {spark_submit.py:579} INFO - 25/09/07 16:13:22 INFO MemoryStore: Block broadcast_2 stored as values in memory (estimated size 33.8 KiB, free 434.3 MiB)
[2025-09-07T16:13:22.211+0000] {spark_submit.py:579} INFO - 25/09/07 16:13:22 INFO MemoryStore: Block broadcast_2_piece0 stored as bytes in memory (estimated size 14.5 KiB, free 434.3 MiB)
[2025-09-07T16:13:22.214+0000] {spark_submit.py:579} INFO - 25/09/07 16:13:22 INFO SparkContext: Created broadcast 2 from broadcast at DAGScheduler.scala:1676
[2025-09-07T16:13:22.215+0000] {spark_submit.py:579} INFO - 25/09/07 16:13:22 INFO DAGScheduler: Submitting 2 missing tasks from ResultStage 2 (MapPartitionsRDD[61] at jdbc at NativeMethodAccessorImpl.java:0) (first 15 tasks are for partitions Vector(0, 1))
[2025-09-07T16:13:22.216+0000] {spark_submit.py:579} INFO - 25/09/07 16:13:22 INFO TaskSchedulerImpl: Adding task set 2.0 with 2 tasks resource profile 0
[2025-09-07T16:13:22.217+0000] {spark_submit.py:579} INFO - 25/09/07 16:13:22 INFO TaskSetManager: Starting task 0.0 in stage 2.0 (TID 4) (172.18.0.4,executor 0, partition 0, PROCESS_LOCAL, 18101 bytes)
[2025-09-07T16:13:22.218+0000] {spark_submit.py:579} INFO - 25/09/07 16:13:22 INFO TaskSetManager: Starting task 1.0 in stage 2.0 (TID 5) (172.18.0.4,executor 0, partition 1, PROCESS_LOCAL, 18085 bytes)
[2025-09-07T16:13:23.800+0000] {spark_submit.py:579} INFO - 25/09/07 16:13:23 INFO TaskSetManager: Finished task 1.0 in stage 2.0 (TID 5) in 1582 ms on 172.18.0.4 (executor 0) (1/2)
[2025-09-07T16:13:24.155+0000] {spark_submit.py:579} INFO - 25/09/07 16:13:24 INFO TaskSetManager: Finished task 0.0 in stage 2.0 (TID 4) in 1937 ms on 172.18.0.4 (executor 0) (2/2)
[2025-09-07T16:13:24.155+0000] {spark_submit.py:579} INFO - 25/09/07 16:13:24 INFO TaskSchedulerImpl: Removed TaskSet 2.0 whose tasks have all completed, from pool
[2025-09-07T16:13:24.156+0000] {spark_submit.py:579} INFO - 25/09/07 16:13:24 INFO DAGScheduler: ResultStage 2 (jdbc at NativeMethodAccessorImpl.java:0) finished in 1979 ms
[2025-09-07T16:13:24.157+0000] {spark_submit.py:579} INFO - 25/09/07 16:13:24 INFO DAGScheduler: Job 2 is finished. Cancelling potential speculative or zombie tasks for this job
[2025-09-07T16:13:24.157+0000] {spark_submit.py:579} INFO - 25/09/07 16:13:24 INFO TaskSchedulerImpl: Canceling stage 2
[2025-09-07T16:13:24.158+0000] {spark_submit.py:579} INFO - 25/09/07 16:13:24 INFO TaskSchedulerImpl: Killing all running tasks in stage 2: Stage finished
[2025-09-07T16:13:24.158+0000] {spark_submit.py:579} INFO - 25/09/07 16:13:24 INFO DAGScheduler: Job 2 finished: jdbc at NativeMethodAccessorImpl.java:0, took 1985.361388 ms
[2025-09-07T16:13:25.077+0000] {spark_submit.py:579} INFO - table live_blitz has been loaded
[2025-09-07T16:13:25.642+0000] {spark_submit.py:579} INFO - 25/09/07 16:13:25 INFO CodeGenerator: Code generated in 32.890707 ms
[2025-09-07T16:13:25.668+0000] {spark_submit.py:579} INFO - 25/09/07 16:13:25 INFO SparkContext: Starting job: jdbc at NativeMethodAccessorImpl.java:0
[2025-09-07T16:13:25.671+0000] {spark_submit.py:579} INFO - 25/09/07 16:13:25 INFO DAGScheduler: Got job 3 (jdbc at NativeMethodAccessorImpl.java:0) with 2 output partitions
[2025-09-07T16:13:25.672+0000] {spark_submit.py:579} INFO - 25/09/07 16:13:25 INFO DAGScheduler: Final stage: ResultStage 3 (jdbc at NativeMethodAccessorImpl.java:0)
[2025-09-07T16:13:25.672+0000] {spark_submit.py:579} INFO - 25/09/07 16:13:25 INFO DAGScheduler: Parents of final stage: List()
[2025-09-07T16:13:25.673+0000] {spark_submit.py:579} INFO - 25/09/07 16:13:25 INFO DAGScheduler: Missing parents: List()
[2025-09-07T16:13:25.674+0000] {spark_submit.py:579} INFO - 25/09/07 16:13:25 INFO DAGScheduler: Submitting ResultStage 3 (MapPartitionsRDD[65] at jdbc at NativeMethodAccessorImpl.java:0), which has no missing parents
[2025-09-07T16:13:25.677+0000] {spark_submit.py:579} INFO - 25/09/07 16:13:25 INFO MemoryStore: Block broadcast_3 stored as values in memory (estimated size 33.8 KiB, free 434.3 MiB)
[2025-09-07T16:13:25.743+0000] {spark_submit.py:579} INFO - 25/09/07 16:13:25 INFO MemoryStore: Block broadcast_3_piece0 stored as bytes in memory (estimated size 14.5 KiB, free 434.3 MiB)
[2025-09-07T16:13:25.747+0000] {spark_submit.py:579} INFO - 25/09/07 16:13:25 INFO SparkContext: Created broadcast 3 from broadcast at DAGScheduler.scala:1676
[2025-09-07T16:13:25.750+0000] {spark_submit.py:579} INFO - 25/09/07 16:13:25 INFO DAGScheduler: Submitting 2 missing tasks from ResultStage 3 (MapPartitionsRDD[65] at jdbc at NativeMethodAccessorImpl.java:0) (first 15 tasks are for partitions Vector(0, 1))
[2025-09-07T16:13:25.753+0000] {spark_submit.py:579} INFO - 25/09/07 16:13:25 INFO TaskSchedulerImpl: Adding task set 3.0 with 2 tasks resource profile 0
[2025-09-07T16:13:25.754+0000] {spark_submit.py:579} INFO - 25/09/07 16:13:25 INFO TaskSetManager: Starting task 0.0 in stage 3.0 (TID 6) (172.18.0.4,executor 0, partition 0, PROCESS_LOCAL, 18041 bytes)
[2025-09-07T16:13:25.755+0000] {spark_submit.py:579} INFO - 25/09/07 16:13:25 INFO TaskSetManager: Starting task 1.0 in stage 3.0 (TID 7) (172.18.0.4,executor 0, partition 1, PROCESS_LOCAL, 17978 bytes)
[2025-09-07T16:13:26.758+0000] {spark_submit.py:579} INFO - 25/09/07 16:13:26 INFO TaskSetManager: Finished task 1.0 in stage 3.0 (TID 7) in 1006 ms on 172.18.0.4 (executor 0) (1/2)
[2025-09-07T16:13:26.817+0000] {spark_submit.py:579} INFO - 25/09/07 16:13:26 INFO TaskSetManager: Finished task 0.0 in stage 3.0 (TID 6) in 1067 ms on 172.18.0.4 (executor 0) (2/2)
[2025-09-07T16:13:26.818+0000] {spark_submit.py:579} INFO - 25/09/07 16:13:26 INFO TaskSchedulerImpl: Removed TaskSet 3.0 whose tasks have all completed, from pool
[2025-09-07T16:13:26.819+0000] {spark_submit.py:579} INFO - 25/09/07 16:13:26 INFO DAGScheduler: ResultStage 3 (jdbc at NativeMethodAccessorImpl.java:0) finished in 1144 ms
[2025-09-07T16:13:26.824+0000] {spark_submit.py:579} INFO - 25/09/07 16:13:26 INFO DAGScheduler: Job 3 is finished. Cancelling potential speculative or zombie tasks for this job
[2025-09-07T16:13:26.825+0000] {spark_submit.py:579} INFO - 25/09/07 16:13:26 INFO TaskSchedulerImpl: Canceling stage 3
[2025-09-07T16:13:26.825+0000] {spark_submit.py:579} INFO - 25/09/07 16:13:26 INFO TaskSchedulerImpl: Killing all running tasks in stage 3: Stage finished
[2025-09-07T16:13:26.826+0000] {spark_submit.py:579} INFO - 25/09/07 16:13:26 INFO DAGScheduler: Job 3 finished: jdbc at NativeMethodAccessorImpl.java:0, took 1150.990631 ms
[2025-09-07T16:13:27.857+0000] {spark_submit.py:579} INFO - table live_bullet has been loaded
[2025-09-07T16:13:28.477+0000] {spark_submit.py:579} INFO - 25/09/07 16:13:28 INFO CodeGenerator: Code generated in 19.417904 ms
[2025-09-07T16:13:28.494+0000] {spark_submit.py:579} INFO - 25/09/07 16:13:28 INFO SparkContext: Starting job: jdbc at NativeMethodAccessorImpl.java:0
[2025-09-07T16:13:28.495+0000] {spark_submit.py:579} INFO - 25/09/07 16:13:28 INFO DAGScheduler: Got job 4 (jdbc at NativeMethodAccessorImpl.java:0) with 2 output partitions
[2025-09-07T16:13:28.496+0000] {spark_submit.py:579} INFO - 25/09/07 16:13:28 INFO DAGScheduler: Final stage: ResultStage 4 (jdbc at NativeMethodAccessorImpl.java:0)
[2025-09-07T16:13:28.496+0000] {spark_submit.py:579} INFO - 25/09/07 16:13:28 INFO DAGScheduler: Parents of final stage: List()
[2025-09-07T16:13:28.496+0000] {spark_submit.py:579} INFO - 25/09/07 16:13:28 INFO DAGScheduler: Missing parents: List()
[2025-09-07T16:13:28.497+0000] {spark_submit.py:579} INFO - 25/09/07 16:13:28 INFO DAGScheduler: Submitting ResultStage 4 (MapPartitionsRDD[69] at jdbc at NativeMethodAccessorImpl.java:0), which has no missing parents
[2025-09-07T16:13:28.499+0000] {spark_submit.py:579} INFO - 25/09/07 16:13:28 INFO MemoryStore: Block broadcast_4 stored as values in memory (estimated size 28.1 KiB, free 434.3 MiB)
[2025-09-07T16:13:28.509+0000] {spark_submit.py:579} INFO - 25/09/07 16:13:28 INFO MemoryStore: Block broadcast_4_piece0 stored as bytes in memory (estimated size 12.6 KiB, free 434.3 MiB)
[2025-09-07T16:13:28.511+0000] {spark_submit.py:579} INFO - 25/09/07 16:13:28 INFO SparkContext: Created broadcast 4 from broadcast at DAGScheduler.scala:1676
[2025-09-07T16:13:28.513+0000] {spark_submit.py:579} INFO - 25/09/07 16:13:28 INFO DAGScheduler: Submitting 2 missing tasks from ResultStage 4 (MapPartitionsRDD[69] at jdbc at NativeMethodAccessorImpl.java:0) (first 15 tasks are for partitions Vector(0, 1))
[2025-09-07T16:13:28.514+0000] {spark_submit.py:579} INFO - 25/09/07 16:13:28 INFO TaskSchedulerImpl: Adding task set 4.0 with 2 tasks resource profile 0
[2025-09-07T16:13:28.515+0000] {spark_submit.py:579} INFO - 25/09/07 16:13:28 INFO TaskSetManager: Starting task 0.0 in stage 4.0 (TID 8) (172.18.0.4,executor 0, partition 0, PROCESS_LOCAL, 9868 bytes)
[2025-09-07T16:13:28.516+0000] {spark_submit.py:579} INFO - 25/09/07 16:13:28 INFO TaskSetManager: Starting task 1.0 in stage 4.0 (TID 9) (172.18.0.4,executor 0, partition 1, PROCESS_LOCAL, 10002 bytes)
[2025-09-07T16:13:28.742+0000] {spark_submit.py:579} INFO - 25/09/07 16:13:28 INFO TaskSetManager: Finished task 0.0 in stage 4.0 (TID 8) in 229 ms on 172.18.0.4 (executor 0) (1/2)
[2025-09-07T16:13:29.280+0000] {spark_submit.py:579} INFO - 25/09/07 16:13:29 INFO TaskSetManager: Finished task 1.0 in stage 4.0 (TID 9) in 766 ms on 172.18.0.4 (executor 0) (2/2)
[2025-09-07T16:13:29.281+0000] {spark_submit.py:579} INFO - 25/09/07 16:13:29 INFO TaskSchedulerImpl: Removed TaskSet 4.0 whose tasks have all completed, from pool
[2025-09-07T16:13:29.282+0000] {spark_submit.py:579} INFO - 25/09/07 16:13:29 INFO DAGScheduler: ResultStage 4 (jdbc at NativeMethodAccessorImpl.java:0) finished in 784 ms
[2025-09-07T16:13:29.282+0000] {spark_submit.py:579} INFO - 25/09/07 16:13:29 INFO DAGScheduler: Job 4 is finished. Cancelling potential speculative or zombie tasks for this job
[2025-09-07T16:13:29.282+0000] {spark_submit.py:579} INFO - 25/09/07 16:13:29 INFO TaskSchedulerImpl: Canceling stage 4
[2025-09-07T16:13:29.283+0000] {spark_submit.py:579} INFO - 25/09/07 16:13:29 INFO TaskSchedulerImpl: Killing all running tasks in stage 4: Stage finished
[2025-09-07T16:13:29.283+0000] {spark_submit.py:579} INFO - 25/09/07 16:13:29 INFO DAGScheduler: Job 4 finished: jdbc at NativeMethodAccessorImpl.java:0, took 788.265794 ms
[2025-09-07T16:13:31.198+0000] {spark_submit.py:579} INFO - table kue_daily has been loaded
[2025-09-07T16:13:32.998+0000] {spark_submit.py:579} INFO - 25/09/07 16:13:32 INFO CodeGenerator: Code generated in 15.449715 ms
[2025-09-07T16:13:33.018+0000] {spark_submit.py:579} INFO - 25/09/07 16:13:33 INFO SparkContext: Starting job: jdbc at NativeMethodAccessorImpl.java:0
[2025-09-07T16:13:33.019+0000] {spark_submit.py:579} INFO - 25/09/07 16:13:33 INFO DAGScheduler: Got job 5 (jdbc at NativeMethodAccessorImpl.java:0) with 2 output partitions
[2025-09-07T16:13:33.021+0000] {spark_submit.py:579} INFO - 25/09/07 16:13:33 INFO DAGScheduler: Final stage: ResultStage 5 (jdbc at NativeMethodAccessorImpl.java:0)
[2025-09-07T16:13:33.022+0000] {spark_submit.py:579} INFO - 25/09/07 16:13:33 INFO DAGScheduler: Parents of final stage: List()
[2025-09-07T16:13:33.022+0000] {spark_submit.py:579} INFO - 25/09/07 16:13:33 INFO DAGScheduler: Missing parents: List()
[2025-09-07T16:13:33.024+0000] {spark_submit.py:579} INFO - 25/09/07 16:13:33 INFO DAGScheduler: Submitting ResultStage 5 (MapPartitionsRDD[73] at jdbc at NativeMethodAccessorImpl.java:0), which has no missing parents
[2025-09-07T16:13:33.025+0000] {spark_submit.py:579} INFO - 25/09/07 16:13:33 INFO MemoryStore: Block broadcast_5 stored as values in memory (estimated size 27.1 KiB, free 434.3 MiB)
[2025-09-07T16:13:33.039+0000] {spark_submit.py:579} INFO - 25/09/07 16:13:33 INFO MemoryStore: Block broadcast_5_piece0 stored as bytes in memory (estimated size 12.4 KiB, free 434.3 MiB)
[2025-09-07T16:13:33.043+0000] {spark_submit.py:579} INFO - 25/09/07 16:13:33 INFO SparkContext: Created broadcast 5 from broadcast at DAGScheduler.scala:1676
[2025-09-07T16:13:33.044+0000] {spark_submit.py:579} INFO - 25/09/07 16:13:33 INFO DAGScheduler: Submitting 2 missing tasks from ResultStage 5 (MapPartitionsRDD[73] at jdbc at NativeMethodAccessorImpl.java:0) (first 15 tasks are for partitions Vector(0, 1))
[2025-09-07T16:13:33.048+0000] {spark_submit.py:579} INFO - 25/09/07 16:13:33 INFO TaskSchedulerImpl: Adding task set 5.0 with 2 tasks resource profile 0
[2025-09-07T16:13:33.050+0000] {spark_submit.py:579} INFO - 25/09/07 16:13:33 INFO TaskSetManager: Starting task 0.0 in stage 5.0 (TID 10) (172.18.0.4,executor 0, partition 0, PROCESS_LOCAL, 9868 bytes)
[2025-09-07T16:13:33.056+0000] {spark_submit.py:579} INFO - 25/09/07 16:13:33 INFO TaskSetManager: Starting task 1.0 in stage 5.0 (TID 11) (172.18.0.4,executor 0, partition 1, PROCESS_LOCAL, 10001 bytes)
[2025-09-07T16:13:33.464+0000] {spark_submit.py:579} INFO - 25/09/07 16:13:33 INFO TaskSetManager: Finished task 0.0 in stage 5.0 (TID 10) in 418 ms on 172.18.0.4 (executor 0) (1/2)
[2025-09-07T16:13:35.303+0000] {spark_submit.py:579} INFO - 25/09/07 16:13:35 INFO TaskSetManager: Finished task 1.0 in stage 5.0 (TID 11) in 2253 ms on 172.18.0.4 (executor 0) (2/2)
[2025-09-07T16:13:35.305+0000] {spark_submit.py:579} INFO - 25/09/07 16:13:35 INFO TaskSchedulerImpl: Removed TaskSet 5.0 whose tasks have all completed, from pool
[2025-09-07T16:13:35.308+0000] {spark_submit.py:579} INFO - 25/09/07 16:13:35 INFO DAGScheduler: ResultStage 5 (jdbc at NativeMethodAccessorImpl.java:0) finished in 2285 ms
[2025-09-07T16:13:35.309+0000] {spark_submit.py:579} INFO - 25/09/07 16:13:35 INFO DAGScheduler: Job 5 is finished. Cancelling potential speculative or zombie tasks for this job
[2025-09-07T16:13:35.310+0000] {spark_submit.py:579} INFO - 25/09/07 16:13:35 INFO TaskSchedulerImpl: Canceling stage 5
[2025-09-07T16:13:35.310+0000] {spark_submit.py:579} INFO - 25/09/07 16:13:35 INFO TaskSchedulerImpl: Killing all running tasks in stage 5: Stage finished
[2025-09-07T16:13:35.311+0000] {spark_submit.py:579} INFO - 25/09/07 16:13:35 INFO DAGScheduler: Job 5 finished: jdbc at NativeMethodAccessorImpl.java:0, took 2292.910332 ms
[2025-09-07T16:13:36.840+0000] {spark_submit.py:579} INFO - table kue_rapid has been loaded
[2025-09-07T16:13:37.632+0000] {spark_submit.py:579} INFO - 25/09/07 16:13:37 INFO SparkContext: Starting job: jdbc at NativeMethodAccessorImpl.java:0
[2025-09-07T16:13:37.652+0000] {spark_submit.py:579} INFO - 25/09/07 16:13:37 INFO DAGScheduler: Got job 6 (jdbc at NativeMethodAccessorImpl.java:0) with 2 output partitions
[2025-09-07T16:13:37.653+0000] {spark_submit.py:579} INFO - 25/09/07 16:13:37 INFO DAGScheduler: Final stage: ResultStage 6 (jdbc at NativeMethodAccessorImpl.java:0)
[2025-09-07T16:13:37.654+0000] {spark_submit.py:579} INFO - 25/09/07 16:13:37 INFO DAGScheduler: Parents of final stage: List()
[2025-09-07T16:13:37.654+0000] {spark_submit.py:579} INFO - 25/09/07 16:13:37 INFO DAGScheduler: Missing parents: List()
[2025-09-07T16:13:37.655+0000] {spark_submit.py:579} INFO - 25/09/07 16:13:37 INFO DAGScheduler: Submitting ResultStage 6 (MapPartitionsRDD[77] at jdbc at NativeMethodAccessorImpl.java:0), which has no missing parents
[2025-09-07T16:13:37.681+0000] {spark_submit.py:579} INFO - 25/09/07 16:13:37 INFO MemoryStore: Block broadcast_6 stored as values in memory (estimated size 27.1 KiB, free 434.3 MiB)
[2025-09-07T16:13:37.733+0000] {spark_submit.py:579} INFO - 25/09/07 16:13:37 INFO MemoryStore: Block broadcast_6_piece0 stored as bytes in memory (estimated size 12.4 KiB, free 434.3 MiB)
[2025-09-07T16:13:37.738+0000] {spark_submit.py:579} INFO - 25/09/07 16:13:37 INFO SparkContext: Created broadcast 6 from broadcast at DAGScheduler.scala:1676
[2025-09-07T16:13:37.739+0000] {spark_submit.py:579} INFO - 25/09/07 16:13:37 INFO DAGScheduler: Submitting 2 missing tasks from ResultStage 6 (MapPartitionsRDD[77] at jdbc at NativeMethodAccessorImpl.java:0) (first 15 tasks are for partitions Vector(0, 1))
[2025-09-07T16:13:37.740+0000] {spark_submit.py:579} INFO - 25/09/07 16:13:37 INFO TaskSchedulerImpl: Adding task set 6.0 with 2 tasks resource profile 0
[2025-09-07T16:13:37.744+0000] {spark_submit.py:579} INFO - 25/09/07 16:13:37 INFO TaskSetManager: Starting task 0.0 in stage 6.0 (TID 12) (172.18.0.4,executor 0, partition 0, PROCESS_LOCAL, 9868 bytes)
[2025-09-07T16:13:37.745+0000] {spark_submit.py:579} INFO - 25/09/07 16:13:37 INFO TaskSetManager: Starting task 1.0 in stage 6.0 (TID 13) (172.18.0.4,executor 0, partition 1, PROCESS_LOCAL, 10001 bytes)
[2025-09-07T16:13:38.079+0000] {spark_submit.py:579} INFO - 25/09/07 16:13:38 INFO TaskSetManager: Finished task 0.0 in stage 6.0 (TID 12) in 336 ms on 172.18.0.4 (executor 0) (1/2)
[2025-09-07T16:13:38.801+0000] {spark_submit.py:579} INFO - 25/09/07 16:13:38 INFO TaskSetManager: Finished task 1.0 in stage 6.0 (TID 13) in 1056 ms on 172.18.0.4 (executor 0) (2/2)
[2025-09-07T16:13:38.805+0000] {spark_submit.py:579} INFO - 25/09/07 16:13:38 INFO TaskSchedulerImpl: Removed TaskSet 6.0 whose tasks have all completed, from pool
[2025-09-07T16:13:38.809+0000] {spark_submit.py:579} INFO - 25/09/07 16:13:38 INFO DAGScheduler: ResultStage 6 (jdbc at NativeMethodAccessorImpl.java:0) finished in 1135 ms
[2025-09-07T16:13:38.810+0000] {spark_submit.py:579} INFO - 25/09/07 16:13:38 INFO DAGScheduler: Job 6 is finished. Cancelling potential speculative or zombie tasks for this job
[2025-09-07T16:13:38.812+0000] {spark_submit.py:579} INFO - 25/09/07 16:13:38 INFO TaskSchedulerImpl: Canceling stage 6
[2025-09-07T16:13:38.812+0000] {spark_submit.py:579} INFO - 25/09/07 16:13:38 INFO TaskSchedulerImpl: Killing all running tasks in stage 6: Stage finished
[2025-09-07T16:13:38.813+0000] {spark_submit.py:579} INFO - 25/09/07 16:13:38 INFO DAGScheduler: Job 6 finished: jdbc at NativeMethodAccessorImpl.java:0, took 1172.17178 ms
[2025-09-07T16:13:39.328+0000] {spark_submit.py:579} INFO - table kue_blitz has been loaded
[2025-09-07T16:13:39.927+0000] {spark_submit.py:579} INFO - 25/09/07 16:13:39 INFO CodeGenerator: Code generated in 119.133739 ms
[2025-09-07T16:13:39.968+0000] {spark_submit.py:579} INFO - 25/09/07 16:13:39 INFO SparkContext: Starting job: jdbc at NativeMethodAccessorImpl.java:0
[2025-09-07T16:13:39.969+0000] {spark_submit.py:579} INFO - 25/09/07 16:13:39 INFO DAGScheduler: Got job 7 (jdbc at NativeMethodAccessorImpl.java:0) with 2 output partitions
[2025-09-07T16:13:39.970+0000] {spark_submit.py:579} INFO - 25/09/07 16:13:39 INFO DAGScheduler: Final stage: ResultStage 7 (jdbc at NativeMethodAccessorImpl.java:0)
[2025-09-07T16:13:39.970+0000] {spark_submit.py:579} INFO - 25/09/07 16:13:39 INFO DAGScheduler: Parents of final stage: List()
[2025-09-07T16:13:39.971+0000] {spark_submit.py:579} INFO - 25/09/07 16:13:39 INFO DAGScheduler: Missing parents: List()
[2025-09-07T16:13:39.972+0000] {spark_submit.py:579} INFO - 25/09/07 16:13:39 INFO DAGScheduler: Submitting ResultStage 7 (MapPartitionsRDD[81] at jdbc at NativeMethodAccessorImpl.java:0), which has no missing parents
[2025-09-07T16:13:39.977+0000] {spark_submit.py:579} INFO - 25/09/07 16:13:39 INFO MemoryStore: Block broadcast_7 stored as values in memory (estimated size 25.7 KiB, free 434.3 MiB)
[2025-09-07T16:13:39.989+0000] {spark_submit.py:579} INFO - 25/09/07 16:13:39 INFO MemoryStore: Block broadcast_7_piece0 stored as bytes in memory (estimated size 12.1 KiB, free 434.3 MiB)
[2025-09-07T16:13:39.996+0000] {spark_submit.py:579} INFO - 25/09/07 16:13:39 INFO SparkContext: Created broadcast 7 from broadcast at DAGScheduler.scala:1676
[2025-09-07T16:13:39.997+0000] {spark_submit.py:579} INFO - 25/09/07 16:13:39 INFO DAGScheduler: Submitting 2 missing tasks from ResultStage 7 (MapPartitionsRDD[81] at jdbc at NativeMethodAccessorImpl.java:0) (first 15 tasks are for partitions Vector(0, 1))
[2025-09-07T16:13:39.998+0000] {spark_submit.py:579} INFO - 25/09/07 16:13:39 INFO TaskSchedulerImpl: Adding task set 7.0 with 2 tasks resource profile 0
[2025-09-07T16:13:40.000+0000] {spark_submit.py:579} INFO - 25/09/07 16:13:39 INFO TaskSetManager: Starting task 0.0 in stage 7.0 (TID 14) (172.18.0.4,executor 0, partition 0, PROCESS_LOCAL, 9868 bytes)
[2025-09-07T16:13:40.002+0000] {spark_submit.py:579} INFO - 25/09/07 16:13:40 INFO TaskSetManager: Starting task 1.0 in stage 7.0 (TID 15) (172.18.0.4,executor 0, partition 1, PROCESS_LOCAL, 9927 bytes)
[2025-09-07T16:13:40.380+0000] {spark_submit.py:579} INFO - 25/09/07 16:13:40 INFO TaskSetManager: Finished task 0.0 in stage 7.0 (TID 14) in 380 ms on 172.18.0.4 (executor 0) (1/2)
[2025-09-07T16:13:41.339+0000] {spark_submit.py:579} INFO - 25/09/07 16:13:41 INFO TaskSetManager: Finished task 1.0 in stage 7.0 (TID 15) in 1338 ms on 172.18.0.4 (executor 0) (2/2)
[2025-09-07T16:13:41.341+0000] {spark_submit.py:579} INFO - 25/09/07 16:13:41 INFO TaskSchedulerImpl: Removed TaskSet 7.0 whose tasks have all completed, from pool
[2025-09-07T16:13:41.342+0000] {spark_submit.py:579} INFO - 25/09/07 16:13:41 INFO DAGScheduler: ResultStage 7 (jdbc at NativeMethodAccessorImpl.java:0) finished in 1367 ms
[2025-09-07T16:13:41.343+0000] {spark_submit.py:579} INFO - 25/09/07 16:13:41 INFO DAGScheduler: Job 7 is finished. Cancelling potential speculative or zombie tasks for this job
[2025-09-07T16:13:41.344+0000] {spark_submit.py:579} INFO - 25/09/07 16:13:41 INFO TaskSchedulerImpl: Canceling stage 7
[2025-09-07T16:13:41.344+0000] {spark_submit.py:579} INFO - 25/09/07 16:13:41 INFO TaskSchedulerImpl: Killing all running tasks in stage 7: Stage finished
[2025-09-07T16:13:41.344+0000] {spark_submit.py:579} INFO - 25/09/07 16:13:41 INFO DAGScheduler: Job 7 finished: jdbc at NativeMethodAccessorImpl.java:0, took 1372.361972 ms
[2025-09-07T16:13:42.234+0000] {spark_submit.py:579} INFO - table kue_bullet has been loaded
[2025-09-07T16:13:42.659+0000] {spark_submit.py:579} INFO - 25/09/07 16:13:42 INFO CodeGenerator: Code generated in 13.192911 ms
[2025-09-07T16:13:42.676+0000] {spark_submit.py:579} INFO - 25/09/07 16:13:42 INFO SparkContext: Starting job: jdbc at NativeMethodAccessorImpl.java:0
[2025-09-07T16:13:42.677+0000] {spark_submit.py:579} INFO - 25/09/07 16:13:42 INFO DAGScheduler: Got job 8 (jdbc at NativeMethodAccessorImpl.java:0) with 2 output partitions
[2025-09-07T16:13:42.677+0000] {spark_submit.py:579} INFO - 25/09/07 16:13:42 INFO DAGScheduler: Final stage: ResultStage 8 (jdbc at NativeMethodAccessorImpl.java:0)
[2025-09-07T16:13:42.678+0000] {spark_submit.py:579} INFO - 25/09/07 16:13:42 INFO DAGScheduler: Parents of final stage: List()
[2025-09-07T16:13:42.678+0000] {spark_submit.py:579} INFO - 25/09/07 16:13:42 INFO DAGScheduler: Missing parents: List()
[2025-09-07T16:13:42.679+0000] {spark_submit.py:579} INFO - 25/09/07 16:13:42 INFO DAGScheduler: Submitting ResultStage 8 (MapPartitionsRDD[85] at jdbc at NativeMethodAccessorImpl.java:0), which has no missing parents
[2025-09-07T16:13:42.680+0000] {spark_submit.py:579} INFO - 25/09/07 16:13:42 INFO MemoryStore: Block broadcast_8 stored as values in memory (estimated size 25.3 KiB, free 434.3 MiB)
[2025-09-07T16:13:42.690+0000] {spark_submit.py:579} INFO - 25/09/07 16:13:42 INFO MemoryStore: Block broadcast_8_piece0 stored as bytes in memory (estimated size 12.0 KiB, free 434.3 MiB)
[2025-09-07T16:13:42.695+0000] {spark_submit.py:579} INFO - 25/09/07 16:13:42 INFO SparkContext: Created broadcast 8 from broadcast at DAGScheduler.scala:1676
[2025-09-07T16:13:42.696+0000] {spark_submit.py:579} INFO - 25/09/07 16:13:42 INFO DAGScheduler: Submitting 2 missing tasks from ResultStage 8 (MapPartitionsRDD[85] at jdbc at NativeMethodAccessorImpl.java:0) (first 15 tasks are for partitions Vector(0, 1))
[2025-09-07T16:13:42.697+0000] {spark_submit.py:579} INFO - 25/09/07 16:13:42 INFO TaskSchedulerImpl: Adding task set 8.0 with 2 tasks resource profile 0
[2025-09-07T16:13:42.698+0000] {spark_submit.py:579} INFO - 25/09/07 16:13:42 INFO TaskSetManager: Starting task 0.0 in stage 8.0 (TID 16) (172.18.0.4,executor 0, partition 0, PROCESS_LOCAL, 9868 bytes)
[2025-09-07T16:13:42.699+0000] {spark_submit.py:579} INFO - 25/09/07 16:13:42 INFO TaskSetManager: Starting task 1.0 in stage 8.0 (TID 17) (172.18.0.4,executor 0, partition 1, PROCESS_LOCAL, 9946 bytes)
[2025-09-07T16:13:42.916+0000] {spark_submit.py:579} INFO - 25/09/07 16:13:42 INFO TaskSetManager: Finished task 0.0 in stage 8.0 (TID 16) in 218 ms on 172.18.0.4 (executor 0) (1/2)
[2025-09-07T16:13:44.183+0000] {spark_submit.py:579} INFO - 25/09/07 16:13:44 INFO TaskSetManager: Finished task 1.0 in stage 8.0 (TID 17) in 1485 ms on 172.18.0.4 (executor 0) (2/2)
[2025-09-07T16:13:44.184+0000] {spark_submit.py:579} INFO - 25/09/07 16:13:44 INFO TaskSchedulerImpl: Removed TaskSet 8.0 whose tasks have all completed, from pool
[2025-09-07T16:13:44.184+0000] {spark_submit.py:579} INFO - 25/09/07 16:13:44 INFO DAGScheduler: ResultStage 8 (jdbc at NativeMethodAccessorImpl.java:0) finished in 1506 ms
[2025-09-07T16:13:44.185+0000] {spark_submit.py:579} INFO - 25/09/07 16:13:44 INFO DAGScheduler: Job 8 is finished. Cancelling potential speculative or zombie tasks for this job
[2025-09-07T16:13:44.185+0000] {spark_submit.py:579} INFO - 25/09/07 16:13:44 INFO TaskSchedulerImpl: Canceling stage 8
[2025-09-07T16:13:44.185+0000] {spark_submit.py:579} INFO - 25/09/07 16:13:44 INFO TaskSchedulerImpl: Killing all running tasks in stage 8: Stage finished
[2025-09-07T16:13:44.186+0000] {spark_submit.py:579} INFO - 25/09/07 16:13:44 INFO DAGScheduler: Job 8 finished: jdbc at NativeMethodAccessorImpl.java:0, took 1508.659006 ms
[2025-09-07T16:13:46.077+0000] {spark_submit.py:579} INFO - table kue_tactics has been loaded
[2025-09-07T16:13:48.391+0000] {spark_submit.py:579} INFO - 25/09/07 16:13:48 INFO CodeGenerator: Code generated in 9.745667 ms
[2025-09-07T16:13:48.411+0000] {spark_submit.py:579} INFO - 25/09/07 16:13:48 INFO SparkContext: Starting job: jdbc at NativeMethodAccessorImpl.java:0
[2025-09-07T16:13:48.416+0000] {spark_submit.py:579} INFO - 25/09/07 16:13:48 INFO DAGScheduler: Got job 9 (jdbc at NativeMethodAccessorImpl.java:0) with 2 output partitions
[2025-09-07T16:13:48.417+0000] {spark_submit.py:579} INFO - 25/09/07 16:13:48 INFO DAGScheduler: Final stage: ResultStage 9 (jdbc at NativeMethodAccessorImpl.java:0)
[2025-09-07T16:13:48.417+0000] {spark_submit.py:579} INFO - 25/09/07 16:13:48 INFO DAGScheduler: Parents of final stage: List()
[2025-09-07T16:13:48.418+0000] {spark_submit.py:579} INFO - 25/09/07 16:13:48 INFO DAGScheduler: Missing parents: List()
[2025-09-07T16:13:48.418+0000] {spark_submit.py:579} INFO - 25/09/07 16:13:48 INFO DAGScheduler: Submitting ResultStage 9 (MapPartitionsRDD[89] at jdbc at NativeMethodAccessorImpl.java:0), which has no missing parents
[2025-09-07T16:13:48.421+0000] {spark_submit.py:579} INFO - 25/09/07 16:13:48 INFO MemoryStore: Block broadcast_9 stored as values in memory (estimated size 23.6 KiB, free 434.3 MiB)
[2025-09-07T16:13:48.434+0000] {spark_submit.py:579} INFO - 25/09/07 16:13:48 INFO MemoryStore: Block broadcast_9_piece0 stored as bytes in memory (estimated size 11.4 KiB, free 434.3 MiB)
[2025-09-07T16:13:48.439+0000] {spark_submit.py:579} INFO - 25/09/07 16:13:48 INFO SparkContext: Created broadcast 9 from broadcast at DAGScheduler.scala:1676
[2025-09-07T16:13:48.441+0000] {spark_submit.py:579} INFO - 25/09/07 16:13:48 INFO DAGScheduler: Submitting 2 missing tasks from ResultStage 9 (MapPartitionsRDD[89] at jdbc at NativeMethodAccessorImpl.java:0) (first 15 tasks are for partitions Vector(0, 1))
[2025-09-07T16:13:48.443+0000] {spark_submit.py:579} INFO - 25/09/07 16:13:48 INFO TaskSchedulerImpl: Adding task set 9.0 with 2 tasks resource profile 0
[2025-09-07T16:13:48.444+0000] {spark_submit.py:579} INFO - 25/09/07 16:13:48 INFO TaskSetManager: Starting task 0.0 in stage 9.0 (TID 18) (172.18.0.4,executor 0, partition 0, PROCESS_LOCAL, 9868 bytes)
[2025-09-07T16:13:48.445+0000] {spark_submit.py:579} INFO - 25/09/07 16:13:48 INFO TaskSetManager: Starting task 1.0 in stage 9.0 (TID 19) (172.18.0.4,executor 0, partition 1, PROCESS_LOCAL, 9899 bytes)
[2025-09-07T16:13:48.673+0000] {spark_submit.py:579} INFO - 25/09/07 16:13:48 INFO TaskSetManager: Finished task 0.0 in stage 9.0 (TID 18) in 230 ms on 172.18.0.4 (executor 0) (1/2)
[2025-09-07T16:13:49.283+0000] {spark_submit.py:579} INFO - 25/09/07 16:13:49 INFO TaskSetManager: Finished task 1.0 in stage 9.0 (TID 19) in 839 ms on 172.18.0.4 (executor 0) (2/2)
[2025-09-07T16:13:49.283+0000] {spark_submit.py:579} INFO - 25/09/07 16:13:49 INFO TaskSchedulerImpl: Removed TaskSet 9.0 whose tasks have all completed, from pool
[2025-09-07T16:13:49.284+0000] {spark_submit.py:579} INFO - 25/09/07 16:13:49 INFO DAGScheduler: ResultStage 9 (jdbc at NativeMethodAccessorImpl.java:0) finished in 866 ms
[2025-09-07T16:13:49.285+0000] {spark_submit.py:579} INFO - 25/09/07 16:13:49 INFO DAGScheduler: Job 9 is finished. Cancelling potential speculative or zombie tasks for this job
[2025-09-07T16:13:49.285+0000] {spark_submit.py:579} INFO - 25/09/07 16:13:49 INFO TaskSchedulerImpl: Canceling stage 9
[2025-09-07T16:13:49.286+0000] {spark_submit.py:579} INFO - 25/09/07 16:13:49 INFO TaskSchedulerImpl: Killing all running tasks in stage 9: Stage finished
[2025-09-07T16:13:49.286+0000] {spark_submit.py:579} INFO - 25/09/07 16:13:49 INFO DAGScheduler: Job 9 finished: jdbc at NativeMethodAccessorImpl.java:0, took 870.571465 ms
[2025-09-07T16:13:51.085+0000] {spark_submit.py:579} INFO - table kue_puzzle_rush has been loaded
[2025-09-07T16:13:52.073+0000] {spark_submit.py:579} INFO - 25/09/07 16:13:52 INFO SparkContext: Invoking stop() from shutdown hook
[2025-09-07T16:13:52.082+0000] {spark_submit.py:579} INFO - 25/09/07 16:13:52 INFO SparkContext: SparkContext is stopping with exitCode 0 from run at Executors.java:539.
[2025-09-07T16:13:52.131+0000] {spark_submit.py:579} INFO - 25/09/07 16:13:52 INFO SparkUI: Stopped Spark web UI at http://ac03ab483d89:4040
[2025-09-07T16:13:52.139+0000] {spark_submit.py:579} INFO - 25/09/07 16:13:52 INFO StandaloneSchedulerBackend: Shutting down all executors
[2025-09-07T16:13:52.140+0000] {spark_submit.py:579} INFO - 25/09/07 16:13:52 INFO StandaloneSchedulerBackend$StandaloneDriverEndpoint: Asking each executor to shut down
[2025-09-07T16:13:52.195+0000] {spark_submit.py:579} INFO - 25/09/07 16:13:52 INFO MapOutputTrackerMasterEndpoint: MapOutputTrackerMasterEndpoint stopped!
[2025-09-07T16:13:52.256+0000] {spark_submit.py:579} INFO - 25/09/07 16:13:52 INFO MemoryStore: MemoryStore cleared
[2025-09-07T16:13:52.257+0000] {spark_submit.py:579} INFO - 25/09/07 16:13:52 INFO BlockManager: BlockManager stopped
[2025-09-07T16:13:52.263+0000] {spark_submit.py:579} INFO - 25/09/07 16:13:52 INFO BlockManagerMaster: BlockManagerMaster stopped
[2025-09-07T16:13:52.270+0000] {spark_submit.py:579} INFO - 25/09/07 16:13:52 INFO OutputCommitCoordinator$OutputCommitCoordinatorEndpoint: OutputCommitCoordinator stopped!
[2025-09-07T16:13:52.297+0000] {spark_submit.py:579} INFO - 25/09/07 16:13:52 INFO SparkContext: Successfully stopped SparkContext
[2025-09-07T16:13:52.297+0000] {spark_submit.py:579} INFO - 25/09/07 16:13:52 INFO ShutdownHookManager: Shutdown hook called
[2025-09-07T16:13:52.298+0000] {spark_submit.py:579} INFO - 25/09/07 16:13:52 INFO ShutdownHookManager: Deleting directory /opt/***/artifacts/spark-0ce2929a-c335-4047-a657-c856bbd2743a
[2025-09-07T16:13:52.314+0000] {spark_submit.py:579} INFO - 25/09/07 16:13:52 INFO ShutdownHookManager: Deleting directory /tmp/spark-93a70168-b90f-4f3b-b268-ba3f91be2142
[2025-09-07T16:13:52.330+0000] {spark_submit.py:579} INFO - 25/09/07 16:13:52 INFO ShutdownHookManager: Deleting directory /tmp/spark-5e694849-17c6-47a4-903a-65666d084ba2/pyspark-41c1a3c3-9221-4ee5-b536-0f321b371ba5
[2025-09-07T16:13:52.340+0000] {spark_submit.py:579} INFO - 25/09/07 16:13:52 INFO ShutdownHookManager: Deleting directory /tmp/spark-5e694849-17c6-47a4-903a-65666d084ba2
[2025-09-07T16:13:52.734+0000] {taskinstance.py:1398} INFO - Marking task as SUCCESS. dag_id=sparking_flow, task_id=python_job, execution_date=20250907T161241, start_date=20250907T161246, end_date=20250907T161352
[2025-09-07T16:13:52.899+0000] {local_task_job_runner.py:228} INFO - Task exited with return code 0
[2025-09-07T16:13:53.053+0000] {taskinstance.py:2776} INFO - 1 downstream tasks scheduled from follow-on schedule check
