[2025-09-07T16:10:39.205+0000] {taskinstance.py:1157} INFO - Dependencies all met for dep_context=non-requeueable deps ti=<TaskInstance: sparking_flow.python_job manual__2025-09-07T16:10:30.939811+00:00 [queued]>
[2025-09-07T16:10:39.215+0000] {taskinstance.py:1157} INFO - Dependencies all met for dep_context=requeueable deps ti=<TaskInstance: sparking_flow.python_job manual__2025-09-07T16:10:30.939811+00:00 [queued]>
[2025-09-07T16:10:39.216+0000] {taskinstance.py:1359} INFO - Starting attempt 1 of 1
[2025-09-07T16:10:39.228+0000] {taskinstance.py:1380} INFO - Executing <Task(SparkSubmitOperator): python_job> on 2025-09-07 16:10:30.939811+00:00
[2025-09-07T16:10:39.235+0000] {standard_task_runner.py:57} INFO - Started process 19061 to run task
[2025-09-07T16:10:39.237+0000] {standard_task_runner.py:84} INFO - Running: ['***', 'tasks', 'run', 'sparking_flow', 'python_job', 'manual__2025-09-07T16:10:30.939811+00:00', '--job-id', '36', '--raw', '--subdir', 'DAGS_FOLDER/spark_***.py', '--cfg-path', '/tmp/tmpttbao6xy']
[2025-09-07T16:10:39.240+0000] {standard_task_runner.py:85} INFO - Job 36: Subtask python_job
[2025-09-07T16:10:39.306+0000] {task_command.py:415} INFO - Running <TaskInstance: sparking_flow.python_job manual__2025-09-07T16:10:30.939811+00:00 [running]> on host ac03ab483d89
[2025-09-07T16:10:39.411+0000] {taskinstance.py:1660} INFO - Exporting env vars: AIRFLOW_CTX_DAG_OWNER='Kudzaishe Manyanya' AIRFLOW_CTX_DAG_ID='sparking_flow' AIRFLOW_CTX_TASK_ID='python_job' AIRFLOW_CTX_EXECUTION_DATE='2025-09-07T16:10:30.939811+00:00' AIRFLOW_CTX_TRY_NUMBER='1' AIRFLOW_CTX_DAG_RUN_ID='manual__2025-09-07T16:10:30.939811+00:00'
[2025-09-07T16:10:39.429+0000] {base.py:73} INFO - Using connection ID 'spark-conn' for task execution.
[2025-09-07T16:10:39.430+0000] {spark_submit.py:403} INFO - Spark-Submit cmd: spark-submit --master spark://spark-master:7077 --jars /opt/spark/external-jars/apache-spark-sql-connector.jar --name arrow-spark --deploy-mode client jobs/python/wordcountjob.py
[2025-09-07T16:10:41.424+0000] {spark_submit.py:579} INFO - WARNING: Using incubator modules: jdk.incubator.vector
[2025-09-07T16:10:43.879+0000] {spark_submit.py:579} INFO - 25/09/07 16:10:43 WARN NativeCodeLoader: Unable to load native-hadoop library for your platform... using builtin-java classes where applicable
[2025-09-07T16:10:47.985+0000] {spark_submit.py:579} INFO - Using Spark's default log4j profile: org/apache/spark/log4j2-defaults.properties
[2025-09-07T16:10:48.020+0000] {spark_submit.py:579} INFO - 25/09/07 16:10:47 INFO SparkContext: Running Spark version 4.0.0
[2025-09-07T16:10:48.021+0000] {spark_submit.py:579} INFO - 25/09/07 16:10:47 INFO SparkContext: OS info Linux, 6.6.87.2-microsoft-standard-WSL2, amd64
[2025-09-07T16:10:48.022+0000] {spark_submit.py:579} INFO - 25/09/07 16:10:47 INFO SparkContext: Java version 17.0.15
[2025-09-07T16:10:48.042+0000] {spark_submit.py:579} INFO - 25/09/07 16:10:48 INFO ResourceUtils: ==============================================================
[2025-09-07T16:10:48.044+0000] {spark_submit.py:579} INFO - 25/09/07 16:10:48 INFO ResourceUtils: No custom resources configured for spark.driver.
[2025-09-07T16:10:48.046+0000] {spark_submit.py:579} INFO - 25/09/07 16:10:48 INFO ResourceUtils: ==============================================================
[2025-09-07T16:10:48.047+0000] {spark_submit.py:579} INFO - 25/09/07 16:10:48 INFO SparkContext: Submitted application: PythonWordCount
[2025-09-07T16:10:48.098+0000] {spark_submit.py:579} INFO - 25/09/07 16:10:48 INFO ResourceProfile: Default ResourceProfile created, executor resources: Map(memory -> name: memory, amount: 1024, script: , vendor: , offHeap -> name: offHeap, amount: 0, script: , vendor: ), task resources: Map(cpus -> name: cpus, amount: 1.0)
[2025-09-07T16:10:48.103+0000] {spark_submit.py:579} INFO - 25/09/07 16:10:48 INFO ResourceProfile: Limiting resource is cpu
[2025-09-07T16:10:48.105+0000] {spark_submit.py:579} INFO - 25/09/07 16:10:48 INFO ResourceProfileManager: Added ResourceProfile id: 0
[2025-09-07T16:10:48.192+0000] {spark_submit.py:579} INFO - 25/09/07 16:10:48 INFO SecurityManager: Changing view acls to: ***
[2025-09-07T16:10:48.196+0000] {spark_submit.py:579} INFO - 25/09/07 16:10:48 INFO SecurityManager: Changing modify acls to: ***
[2025-09-07T16:10:48.196+0000] {spark_submit.py:579} INFO - 25/09/07 16:10:48 INFO SecurityManager: Changing view acls groups to: ***
[2025-09-07T16:10:48.197+0000] {spark_submit.py:579} INFO - 25/09/07 16:10:48 INFO SecurityManager: Changing modify acls groups to: ***
[2025-09-07T16:10:48.199+0000] {spark_submit.py:579} INFO - 25/09/07 16:10:48 INFO SecurityManager: SecurityManager: authentication disabled; ui acls disabled; users with view permissions: *** groups with view permissions: EMPTY; users with modify permissions: ***; groups with modify permissions: EMPTY; RPC SSL disabled
[2025-09-07T16:10:48.516+0000] {spark_submit.py:579} INFO - 25/09/07 16:10:48 INFO Utils: Successfully started service 'sparkDriver' on port 43079.
[2025-09-07T16:10:48.559+0000] {spark_submit.py:579} INFO - 25/09/07 16:10:48 INFO SparkEnv: Registering MapOutputTracker
[2025-09-07T16:10:48.574+0000] {spark_submit.py:579} INFO - 25/09/07 16:10:48 INFO SparkEnv: Registering BlockManagerMaster
[2025-09-07T16:10:48.598+0000] {spark_submit.py:579} INFO - 25/09/07 16:10:48 INFO BlockManagerMasterEndpoint: Using org.apache.spark.storage.DefaultTopologyMapper for getting topology information
[2025-09-07T16:10:48.599+0000] {spark_submit.py:579} INFO - 25/09/07 16:10:48 INFO BlockManagerMasterEndpoint: BlockManagerMasterEndpoint up
[2025-09-07T16:10:48.603+0000] {spark_submit.py:579} INFO - 25/09/07 16:10:48 INFO SparkEnv: Registering BlockManagerMasterHeartbeat
[2025-09-07T16:10:48.653+0000] {spark_submit.py:579} INFO - 25/09/07 16:10:48 INFO DiskBlockManager: Created local directory at /tmp/blockmgr-fb23f0cb-cf93-4afd-9824-0fd23686a2ec
[2025-09-07T16:10:48.681+0000] {spark_submit.py:579} INFO - 25/09/07 16:10:48 INFO SparkEnv: Registering OutputCommitCoordinator
[2025-09-07T16:10:48.892+0000] {spark_submit.py:579} INFO - 25/09/07 16:10:48 INFO JettyUtils: Start Jetty 0.0.0.0:4040 for SparkUI
[2025-09-07T16:10:48.968+0000] {spark_submit.py:579} INFO - 25/09/07 16:10:48 INFO Utils: Successfully started service 'SparkUI' on port 4040.
[2025-09-07T16:10:49.008+0000] {spark_submit.py:579} INFO - 25/09/07 16:10:49 INFO SparkContext: Added JAR file:///opt/spark/external-jars/apache-spark-sql-connector.jar at spark://ac03ab483d89:43079/jars/apache-spark-sql-connector.jar with timestamp 1757261447957
[2025-09-07T16:10:49.038+0000] {spark_submit.py:579} INFO - 25/09/07 16:10:49 INFO SecurityManager: Changing view acls to: ***
[2025-09-07T16:10:49.040+0000] {spark_submit.py:579} INFO - 25/09/07 16:10:49 INFO SecurityManager: Changing modify acls to: ***
[2025-09-07T16:10:49.041+0000] {spark_submit.py:579} INFO - 25/09/07 16:10:49 INFO SecurityManager: Changing view acls groups to: ***
[2025-09-07T16:10:49.041+0000] {spark_submit.py:579} INFO - 25/09/07 16:10:49 INFO SecurityManager: Changing modify acls groups to: ***
[2025-09-07T16:10:49.042+0000] {spark_submit.py:579} INFO - 25/09/07 16:10:49 INFO SecurityManager: SecurityManager: authentication disabled; ui acls disabled; users with view permissions: *** groups with view permissions: EMPTY; users with modify permissions: ***; groups with modify permissions: EMPTY; RPC SSL disabled
[2025-09-07T16:10:49.383+0000] {spark_submit.py:579} INFO - 25/09/07 16:10:49 INFO StandaloneAppClient$ClientEndpoint: Connecting to master spark://spark-master:7077...
[2025-09-07T16:10:49.458+0000] {spark_submit.py:579} INFO - 25/09/07 16:10:49 INFO TransportClientFactory: Successfully created connection to spark-master/172.18.0.2:7077 after 38 ms (0 ms spent in bootstraps)
[2025-09-07T16:10:50.729+0000] {spark_submit.py:579} INFO - 25/09/07 16:10:50 INFO StandaloneSchedulerBackend: Connected to Spark cluster with app ID app-20250907161050-0015
[2025-09-07T16:10:50.745+0000] {spark_submit.py:579} INFO - 25/09/07 16:10:50 INFO Utils: Successfully started service 'org.apache.spark.network.netty.NettyBlockTransferService' on port 41729.
[2025-09-07T16:10:50.746+0000] {spark_submit.py:579} INFO - 25/09/07 16:10:50 INFO NettyBlockTransferService: Server created on ac03ab483d89:41729
[2025-09-07T16:10:50.747+0000] {spark_submit.py:579} INFO - 25/09/07 16:10:50 INFO BlockManager: Using org.apache.spark.storage.RandomBlockReplicationPolicy for block replication policy
[2025-09-07T16:10:50.842+0000] {spark_submit.py:579} INFO - 25/09/07 16:10:50 INFO BlockManagerMaster: Registering BlockManager BlockManagerId(driver, ac03ab483d89, 41729, None)
[2025-09-07T16:10:50.858+0000] {spark_submit.py:579} INFO - 25/09/07 16:10:50 INFO BlockManagerMasterEndpoint: Registering block manager ac03ab483d89:41729 with 434.4 MiB RAM, BlockManagerId(driver, ac03ab483d89, 41729, None)
[2025-09-07T16:10:50.862+0000] {spark_submit.py:579} INFO - 25/09/07 16:10:50 INFO BlockManagerMaster: Registered BlockManager BlockManagerId(driver, ac03ab483d89, 41729, None)
[2025-09-07T16:10:50.864+0000] {spark_submit.py:579} INFO - 25/09/07 16:10:50 INFO BlockManager: Initialized BlockManager: BlockManagerId(driver, ac03ab483d89, 41729, None)
[2025-09-07T16:10:50.900+0000] {spark_submit.py:579} INFO - 25/09/07 16:10:50 INFO StandaloneAppClient$ClientEndpoint: Executor added: app-20250907161050-0015/0 on worker-20250906133811-172.18.0.4-34629 (172.18.0.4:34629) with 2 core(s)
[2025-09-07T16:10:50.902+0000] {spark_submit.py:579} INFO - 25/09/07 16:10:50 INFO StandaloneSchedulerBackend: Granted executor ID app-20250907161050-0015/0 on hostPort 172.18.0.4:34629 with 2 core(s), 1024.0 MiB RAM
[2025-09-07T16:10:51.195+0000] {spark_submit.py:579} INFO - 25/09/07 16:10:51 INFO StandaloneSchedulerBackend: SchedulerBackend is ready for scheduling beginning after reached minRegisteredResourcesRatio: 0.0
[2025-09-07T16:10:53.447+0000] {spark_submit.py:579} INFO - 25/09/07 16:10:53 INFO StandaloneAppClient$ClientEndpoint: Executor updated: app-20250907161050-0015/0 is now RUNNING
[2025-09-07T16:10:58.184+0000] {spark_submit.py:579} INFO - dict_keys(['daily', 'daily960', 'live_rapid', 'live_blitz', 'live_bullet', 'live_bughouse', 'live_blitz960', 'live_threecheck', 'live_crazyhouse', 'tactics', 'rush', 'battle'])
[2025-09-07T16:10:58.206+0000] {spark_submit.py:579} INFO - 25/09/07 16:10:58 INFO StandaloneSchedulerBackend$StandaloneDriverEndpoint: Registered executor NettyRpcEndpointRef(spark-client://Executor) (172.18.0.4:34108) with ID 0, ResourceProfileId 0
[2025-09-07T16:10:58.455+0000] {spark_submit.py:579} INFO - 25/09/07 16:10:58 INFO BlockManagerMasterEndpoint: Registering block manager 172.18.0.4:43399 with 434.4 MiB RAM, BlockManagerId(0, 172.18.0.4, 43399, None)
[2025-09-07T16:10:59.702+0000] {spark_submit.py:579} INFO - 25/09/07 16:10:59 INFO SharedState: Setting hive.metastore.warehouse.dir ('null') to the value of spark.sql.warehouse.dir.
[2025-09-07T16:10:59.710+0000] {spark_submit.py:579} INFO - 25/09/07 16:10:59 INFO SharedState: Warehouse path is 'file:/opt/***/spark-warehouse'.
[2025-09-07T16:11:18.717+0000] {spark_submit.py:579} INFO - Traceback (most recent call last):
[2025-09-07T16:11:18.720+0000] {spark_submit.py:579} INFO - File "/opt/***/jobs/python/wordcountjob.py", line 202, in <module>
[2025-09-07T16:11:18.722+0000] {spark_submit.py:579} INFO - write_data(daily,"daily")
[2025-09-07T16:11:18.722+0000] {spark_submit.py:579} INFO - File "/opt/***/jobs/python/wordcountjob.py", line 198, in write_data
[2025-09-07T16:11:18.724+0000] {spark_submit.py:579} INFO - df.write.mode("overwrite").jdbc(url=jdbc_url, table=f"cs.{table}", properties=properties)
[2025-09-07T16:11:18.725+0000] {spark_submit.py:579} INFO - File "/home/***/.local/lib/python3.10/site-packages/pyspark/python/lib/pyspark.zip/pyspark/sql/readwriter.py", line 2347, in jdbc
[2025-09-07T16:11:18.726+0000] {spark_submit.py:579} INFO - File "/home/***/.local/lib/python3.10/site-packages/pyspark/python/lib/py4j-0.10.9.9-src.zip/py4j/java_gateway.py", line 1362, in __call__
[2025-09-07T16:11:18.727+0000] {spark_submit.py:579} INFO - File "/home/***/.local/lib/python3.10/site-packages/pyspark/python/lib/pyspark.zip/pyspark/errors/exceptions/captured.py", line 282, in deco
[2025-09-07T16:11:18.728+0000] {spark_submit.py:579} INFO - File "/home/***/.local/lib/python3.10/site-packages/pyspark/python/lib/py4j-0.10.9.9-src.zip/py4j/protocol.py", line 327, in get_return_value
[2025-09-07T16:11:18.774+0000] {spark_submit.py:579} INFO - py4j.protocol.Py4JJavaError: An error occurred while calling o308.jdbc.
[2025-09-07T16:11:18.776+0000] {spark_submit.py:579} INFO - : com.microsoft.sqlserver.jdbc.SQLServerException: Database 'chess' on server 'kudzie.database.windows.net' is not currently available.  Please retry the connection later.  If the problem persists, contact customer support, and provide them the session tracing ID of '{E946FD76-37C9-481C-ACEA-F5C0DC7683A8}'. ClientConnectionId:cbfae2f8-2282-48e2-83ee-c4303af0b804
[2025-09-07T16:11:18.778+0000] {spark_submit.py:579} INFO - at com.microsoft.sqlserver.jdbc.SQLServerException.makeFromDatabaseError(SQLServerException.java:256)
[2025-09-07T16:11:18.779+0000] {spark_submit.py:579} INFO - at com.microsoft.sqlserver.jdbc.TDSTokenHandler.onEOF(tdsparser.java:258)
[2025-09-07T16:11:18.780+0000] {spark_submit.py:579} INFO - at com.microsoft.sqlserver.jdbc.TDSParser.parse(tdsparser.java:104)
[2025-09-07T16:11:18.781+0000] {spark_submit.py:579} INFO - at com.microsoft.sqlserver.jdbc.SQLServerConnection.sendLogon(SQLServerConnection.java:5028)
[2025-09-07T16:11:18.781+0000] {spark_submit.py:579} INFO - at com.microsoft.sqlserver.jdbc.SQLServerConnection.logon(SQLServerConnection.java:3660)
[2025-09-07T16:11:18.781+0000] {spark_submit.py:579} INFO - at com.microsoft.sqlserver.jdbc.SQLServerConnection.access$000(SQLServerConnection.java:94)
[2025-09-07T16:11:18.783+0000] {spark_submit.py:579} INFO - at com.microsoft.sqlserver.jdbc.SQLServerConnection$LogonCommand.doExecute(SQLServerConnection.java:3619)
[2025-09-07T16:11:18.783+0000] {spark_submit.py:579} INFO - at com.microsoft.sqlserver.jdbc.TDSCommand.execute(IOBuffer.java:7194)
[2025-09-07T16:11:18.785+0000] {spark_submit.py:579} INFO - at com.microsoft.sqlserver.jdbc.SQLServerConnection.executeCommand(SQLServerConnection.java:2930)
[2025-09-07T16:11:18.786+0000] {spark_submit.py:579} INFO - at com.microsoft.sqlserver.jdbc.SQLServerConnection.connectHelper(SQLServerConnection.java:2456)
[2025-09-07T16:11:18.787+0000] {spark_submit.py:579} INFO - at com.microsoft.sqlserver.jdbc.SQLServerConnection.login(SQLServerConnection.java:2103)
[2025-09-07T16:11:18.787+0000] {spark_submit.py:579} INFO - at com.microsoft.sqlserver.jdbc.SQLServerConnection.connectInternal(SQLServerConnection.java:1950)
[2025-09-07T16:11:18.788+0000] {spark_submit.py:579} INFO - at com.microsoft.sqlserver.jdbc.SQLServerConnection.connect(SQLServerConnection.java:1162)
[2025-09-07T16:11:18.789+0000] {spark_submit.py:579} INFO - at com.microsoft.sqlserver.jdbc.SQLServerDriver.connect(SQLServerDriver.java:735)
[2025-09-07T16:11:18.790+0000] {spark_submit.py:579} INFO - at org.apache.spark.sql.execution.datasources.jdbc.connection.BasicConnectionProvider.getConnection(BasicConnectionProvider.scala:50)
[2025-09-07T16:11:18.792+0000] {spark_submit.py:579} INFO - at org.apache.spark.sql.execution.datasources.jdbc.connection.ConnectionProviderBase.create(ConnectionProvider.scala:102)
[2025-09-07T16:11:18.792+0000] {spark_submit.py:579} INFO - at org.apache.spark.sql.jdbc.JdbcDialect.$anonfun$createConnectionFactory$1(JdbcDialects.scala:235)
[2025-09-07T16:11:18.793+0000] {spark_submit.py:579} INFO - at org.apache.spark.sql.jdbc.JdbcDialect.$anonfun$createConnectionFactory$1$adapted(JdbcDialects.scala:231)
[2025-09-07T16:11:18.793+0000] {spark_submit.py:579} INFO - at org.apache.spark.sql.execution.datasources.jdbc.JdbcRelationProvider.createRelation(JdbcRelationProvider.scala:51)
[2025-09-07T16:11:18.793+0000] {spark_submit.py:579} INFO - at org.apache.spark.sql.execution.datasources.SaveIntoDataSourceCommand.run(SaveIntoDataSourceCommand.scala:55)
[2025-09-07T16:11:18.794+0000] {spark_submit.py:579} INFO - at org.apache.spark.sql.execution.command.ExecutedCommandExec.sideEffectResult$lzycompute(commands.scala:79)
[2025-09-07T16:11:18.794+0000] {spark_submit.py:579} INFO - at org.apache.spark.sql.execution.command.ExecutedCommandExec.sideEffectResult(commands.scala:77)
[2025-09-07T16:11:18.796+0000] {spark_submit.py:579} INFO - at org.apache.spark.sql.execution.command.ExecutedCommandExec.executeCollect(commands.scala:88)
[2025-09-07T16:11:18.796+0000] {spark_submit.py:579} INFO - at org.apache.spark.sql.execution.QueryExecution.$anonfun$eagerlyExecuteCommands$2(QueryExecution.scala:155)
[2025-09-07T16:11:18.797+0000] {spark_submit.py:579} INFO - at org.apache.spark.sql.execution.SQLExecution$.$anonfun$withNewExecutionId0$8(SQLExecution.scala:162)
[2025-09-07T16:11:18.797+0000] {spark_submit.py:579} INFO - at org.apache.spark.sql.execution.SQLExecution$.withSessionTagsApplied(SQLExecution.scala:268)
[2025-09-07T16:11:18.798+0000] {spark_submit.py:579} INFO - at org.apache.spark.sql.execution.SQLExecution$.$anonfun$withNewExecutionId0$7(SQLExecution.scala:124)
[2025-09-07T16:11:18.799+0000] {spark_submit.py:579} INFO - at org.apache.spark.JobArtifactSet$.withActiveJobArtifactState(JobArtifactSet.scala:94)
[2025-09-07T16:11:18.799+0000] {spark_submit.py:579} INFO - at org.apache.spark.sql.artifact.ArtifactManager.$anonfun$withResources$1(ArtifactManager.scala:112)
[2025-09-07T16:11:18.800+0000] {spark_submit.py:579} INFO - at org.apache.spark.sql.artifact.ArtifactManager.withClassLoaderIfNeeded(ArtifactManager.scala:106)
[2025-09-07T16:11:18.800+0000] {spark_submit.py:579} INFO - at org.apache.spark.sql.artifact.ArtifactManager.withResources(ArtifactManager.scala:111)
[2025-09-07T16:11:18.801+0000] {spark_submit.py:579} INFO - at org.apache.spark.sql.execution.SQLExecution$.$anonfun$withNewExecutionId0$6(SQLExecution.scala:124)
[2025-09-07T16:11:18.801+0000] {spark_submit.py:579} INFO - at org.apache.spark.sql.execution.SQLExecution$.withSQLConfPropagated(SQLExecution.scala:291)
[2025-09-07T16:11:18.802+0000] {spark_submit.py:579} INFO - at org.apache.spark.sql.execution.SQLExecution$.$anonfun$withNewExecutionId0$1(SQLExecution.scala:123)
[2025-09-07T16:11:18.802+0000] {spark_submit.py:579} INFO - at org.apache.spark.sql.SparkSession.withActive(SparkSession.scala:804)
[2025-09-07T16:11:18.803+0000] {spark_submit.py:579} INFO - at org.apache.spark.sql.execution.SQLExecution$.withNewExecutionId0(SQLExecution.scala:77)
[2025-09-07T16:11:18.803+0000] {spark_submit.py:579} INFO - at org.apache.spark.sql.execution.SQLExecution$.withNewExecutionId(SQLExecution.scala:233)
[2025-09-07T16:11:18.804+0000] {spark_submit.py:579} INFO - at org.apache.spark.sql.execution.QueryExecution.$anonfun$eagerlyExecuteCommands$1(QueryExecution.scala:155)
[2025-09-07T16:11:18.804+0000] {spark_submit.py:579} INFO - at org.apache.spark.sql.execution.QueryExecution$.withInternalError(QueryExecution.scala:654)
[2025-09-07T16:11:18.805+0000] {spark_submit.py:579} INFO - at org.apache.spark.sql.execution.QueryExecution.org$apache$spark$sql$execution$QueryExecution$$eagerlyExecute$1(QueryExecution.scala:154)
[2025-09-07T16:11:18.806+0000] {spark_submit.py:579} INFO - at org.apache.spark.sql.execution.QueryExecution$$anonfun$eagerlyExecuteCommands$3.applyOrElse(QueryExecution.scala:169)
[2025-09-07T16:11:18.806+0000] {spark_submit.py:579} INFO - at org.apache.spark.sql.execution.QueryExecution$$anonfun$eagerlyExecuteCommands$3.applyOrElse(QueryExecution.scala:164)
[2025-09-07T16:11:18.806+0000] {spark_submit.py:579} INFO - at org.apache.spark.sql.catalyst.trees.TreeNode.$anonfun$transformDownWithPruning$1(TreeNode.scala:470)
[2025-09-07T16:11:18.807+0000] {spark_submit.py:579} INFO - at org.apache.spark.sql.catalyst.trees.CurrentOrigin$.withOrigin(origin.scala:86)
[2025-09-07T16:11:18.807+0000] {spark_submit.py:579} INFO - at org.apache.spark.sql.catalyst.trees.TreeNode.transformDownWithPruning(TreeNode.scala:470)
[2025-09-07T16:11:18.807+0000] {spark_submit.py:579} INFO - at org.apache.spark.sql.catalyst.plans.logical.LogicalPlan.org$apache$spark$sql$catalyst$plans$logical$AnalysisHelper$$super$transformDownWithPruning(LogicalPlan.scala:37)
[2025-09-07T16:11:18.808+0000] {spark_submit.py:579} INFO - at org.apache.spark.sql.catalyst.plans.logical.AnalysisHelper.transformDownWithPruning(AnalysisHelper.scala:360)
[2025-09-07T16:11:18.809+0000] {spark_submit.py:579} INFO - at org.apache.spark.sql.catalyst.plans.logical.AnalysisHelper.transformDownWithPruning$(AnalysisHelper.scala:356)
[2025-09-07T16:11:18.810+0000] {spark_submit.py:579} INFO - at org.apache.spark.sql.catalyst.plans.logical.LogicalPlan.transformDownWithPruning(LogicalPlan.scala:37)
[2025-09-07T16:11:18.810+0000] {spark_submit.py:579} INFO - at org.apache.spark.sql.catalyst.plans.logical.LogicalPlan.transformDownWithPruning(LogicalPlan.scala:37)
[2025-09-07T16:11:18.811+0000] {spark_submit.py:579} INFO - at org.apache.spark.sql.catalyst.trees.TreeNode.transformDown(TreeNode.scala:446)
[2025-09-07T16:11:18.811+0000] {spark_submit.py:579} INFO - at org.apache.spark.sql.execution.QueryExecution.eagerlyExecuteCommands(QueryExecution.scala:164)
[2025-09-07T16:11:18.812+0000] {spark_submit.py:579} INFO - at org.apache.spark.sql.execution.QueryExecution.$anonfun$lazyCommandExecuted$1(QueryExecution.scala:126)
[2025-09-07T16:11:18.813+0000] {spark_submit.py:579} INFO - at scala.util.Try$.apply(Try.scala:217)
[2025-09-07T16:11:18.814+0000] {spark_submit.py:579} INFO - at org.apache.spark.util.Utils$.doTryWithCallerStacktrace(Utils.scala:1378)
[2025-09-07T16:11:18.815+0000] {spark_submit.py:579} INFO - at org.apache.spark.util.Utils$.getTryWithCallerStacktrace(Utils.scala:1439)
[2025-09-07T16:11:18.816+0000] {spark_submit.py:579} INFO - at org.apache.spark.util.LazyTry.get(LazyTry.scala:58)
[2025-09-07T16:11:18.816+0000] {spark_submit.py:579} INFO - at org.apache.spark.sql.execution.QueryExecution.commandExecuted(QueryExecution.scala:131)
[2025-09-07T16:11:18.818+0000] {spark_submit.py:579} INFO - at org.apache.spark.sql.execution.QueryExecution.assertCommandExecuted(QueryExecution.scala:192)
[2025-09-07T16:11:18.818+0000] {spark_submit.py:579} INFO - at org.apache.spark.sql.classic.DataFrameWriter.runCommand(DataFrameWriter.scala:622)
[2025-09-07T16:11:18.821+0000] {spark_submit.py:579} INFO - at org.apache.spark.sql.classic.DataFrameWriter.saveToV1Source(DataFrameWriter.scala:273)
[2025-09-07T16:11:18.822+0000] {spark_submit.py:579} INFO - at org.apache.spark.sql.classic.DataFrameWriter.saveInternal(DataFrameWriter.scala:241)
[2025-09-07T16:11:18.822+0000] {spark_submit.py:579} INFO - at org.apache.spark.sql.classic.DataFrameWriter.save(DataFrameWriter.scala:126)
[2025-09-07T16:11:18.822+0000] {spark_submit.py:579} INFO - at org.apache.spark.sql.DataFrameWriter.jdbc(DataFrameWriter.scala:334)
[2025-09-07T16:11:18.823+0000] {spark_submit.py:579} INFO - at java.base/jdk.internal.reflect.NativeMethodAccessorImpl.invoke0(Native Method)
[2025-09-07T16:11:18.824+0000] {spark_submit.py:579} INFO - at java.base/jdk.internal.reflect.NativeMethodAccessorImpl.invoke(NativeMethodAccessorImpl.java:77)
[2025-09-07T16:11:18.825+0000] {spark_submit.py:579} INFO - at java.base/jdk.internal.reflect.DelegatingMethodAccessorImpl.invoke(DelegatingMethodAccessorImpl.java:43)
[2025-09-07T16:11:18.829+0000] {spark_submit.py:579} INFO - at java.base/java.lang.reflect.Method.invoke(Method.java:569)
[2025-09-07T16:11:18.830+0000] {spark_submit.py:579} INFO - at py4j.reflection.MethodInvoker.invoke(MethodInvoker.java:244)
[2025-09-07T16:11:18.831+0000] {spark_submit.py:579} INFO - at py4j.reflection.ReflectionEngine.invoke(ReflectionEngine.java:374)
[2025-09-07T16:11:18.831+0000] {spark_submit.py:579} INFO - at py4j.Gateway.invoke(Gateway.java:282)
[2025-09-07T16:11:18.832+0000] {spark_submit.py:579} INFO - at py4j.commands.AbstractCommand.invokeMethod(AbstractCommand.java:132)
[2025-09-07T16:11:18.836+0000] {spark_submit.py:579} INFO - at py4j.commands.CallCommand.execute(CallCommand.java:79)
[2025-09-07T16:11:18.840+0000] {spark_submit.py:579} INFO - at py4j.ClientServerConnection.waitForCommands(ClientServerConnection.java:184)
[2025-09-07T16:11:18.840+0000] {spark_submit.py:579} INFO - at py4j.ClientServerConnection.run(ClientServerConnection.java:108)
[2025-09-07T16:11:18.841+0000] {spark_submit.py:579} INFO - at java.base/java.lang.Thread.run(Thread.java:840)
[2025-09-07T16:11:18.843+0000] {spark_submit.py:579} INFO - Suppressed: org.apache.spark.util.Utils$OriginalTryStackTraceException: Full stacktrace of original doTryWithCallerStacktrace caller
[2025-09-07T16:11:18.844+0000] {spark_submit.py:579} INFO - at com.microsoft.sqlserver.jdbc.SQLServerException.makeFromDatabaseError(SQLServerException.java:256)
[2025-09-07T16:11:18.844+0000] {spark_submit.py:579} INFO - at com.microsoft.sqlserver.jdbc.TDSTokenHandler.onEOF(tdsparser.java:258)
[2025-09-07T16:11:18.845+0000] {spark_submit.py:579} INFO - at com.microsoft.sqlserver.jdbc.TDSParser.parse(tdsparser.java:104)
[2025-09-07T16:11:18.845+0000] {spark_submit.py:579} INFO - at com.microsoft.sqlserver.jdbc.SQLServerConnection.sendLogon(SQLServerConnection.java:5028)
[2025-09-07T16:11:18.845+0000] {spark_submit.py:579} INFO - at com.microsoft.sqlserver.jdbc.SQLServerConnection.logon(SQLServerConnection.java:3660)
[2025-09-07T16:11:18.846+0000] {spark_submit.py:579} INFO - at com.microsoft.sqlserver.jdbc.SQLServerConnection.access$000(SQLServerConnection.java:94)
[2025-09-07T16:11:18.846+0000] {spark_submit.py:579} INFO - at com.microsoft.sqlserver.jdbc.SQLServerConnection$LogonCommand.doExecute(SQLServerConnection.java:3619)
[2025-09-07T16:11:18.847+0000] {spark_submit.py:579} INFO - at com.microsoft.sqlserver.jdbc.TDSCommand.execute(IOBuffer.java:7194)
[2025-09-07T16:11:18.847+0000] {spark_submit.py:579} INFO - at com.microsoft.sqlserver.jdbc.SQLServerConnection.executeCommand(SQLServerConnection.java:2930)
[2025-09-07T16:11:18.847+0000] {spark_submit.py:579} INFO - at com.microsoft.sqlserver.jdbc.SQLServerConnection.connectHelper(SQLServerConnection.java:2456)
[2025-09-07T16:11:18.847+0000] {spark_submit.py:579} INFO - at com.microsoft.sqlserver.jdbc.SQLServerConnection.login(SQLServerConnection.java:2103)
[2025-09-07T16:11:18.848+0000] {spark_submit.py:579} INFO - at com.microsoft.sqlserver.jdbc.SQLServerConnection.connectInternal(SQLServerConnection.java:1950)
[2025-09-07T16:11:18.848+0000] {spark_submit.py:579} INFO - at com.microsoft.sqlserver.jdbc.SQLServerConnection.connect(SQLServerConnection.java:1162)
[2025-09-07T16:11:18.848+0000] {spark_submit.py:579} INFO - at com.microsoft.sqlserver.jdbc.SQLServerDriver.connect(SQLServerDriver.java:735)
[2025-09-07T16:11:18.849+0000] {spark_submit.py:579} INFO - at org.apache.spark.sql.execution.datasources.jdbc.connection.BasicConnectionProvider.getConnection(BasicConnectionProvider.scala:50)
[2025-09-07T16:11:18.849+0000] {spark_submit.py:579} INFO - at org.apache.spark.sql.execution.datasources.jdbc.connection.ConnectionProviderBase.create(ConnectionProvider.scala:102)
[2025-09-07T16:11:18.850+0000] {spark_submit.py:579} INFO - at org.apache.spark.sql.jdbc.JdbcDialect.$anonfun$createConnectionFactory$1(JdbcDialects.scala:235)
[2025-09-07T16:11:18.851+0000] {spark_submit.py:579} INFO - at org.apache.spark.sql.jdbc.JdbcDialect.$anonfun$createConnectionFactory$1$adapted(JdbcDialects.scala:231)
[2025-09-07T16:11:18.851+0000] {spark_submit.py:579} INFO - at org.apache.spark.sql.execution.datasources.jdbc.JdbcRelationProvider.createRelation(JdbcRelationProvider.scala:51)
[2025-09-07T16:11:18.851+0000] {spark_submit.py:579} INFO - at org.apache.spark.sql.execution.datasources.SaveIntoDataSourceCommand.run(SaveIntoDataSourceCommand.scala:55)
[2025-09-07T16:11:18.851+0000] {spark_submit.py:579} INFO - at org.apache.spark.sql.execution.command.ExecutedCommandExec.sideEffectResult$lzycompute(commands.scala:79)
[2025-09-07T16:11:18.852+0000] {spark_submit.py:579} INFO - at org.apache.spark.sql.execution.command.ExecutedCommandExec.sideEffectResult(commands.scala:77)
[2025-09-07T16:11:18.852+0000] {spark_submit.py:579} INFO - at org.apache.spark.sql.execution.command.ExecutedCommandExec.executeCollect(commands.scala:88)
[2025-09-07T16:11:18.853+0000] {spark_submit.py:579} INFO - at org.apache.spark.sql.execution.QueryExecution.$anonfun$eagerlyExecuteCommands$2(QueryExecution.scala:155)
[2025-09-07T16:11:18.853+0000] {spark_submit.py:579} INFO - at org.apache.spark.sql.execution.SQLExecution$.$anonfun$withNewExecutionId0$8(SQLExecution.scala:162)
[2025-09-07T16:11:18.854+0000] {spark_submit.py:579} INFO - at org.apache.spark.sql.execution.SQLExecution$.withSessionTagsApplied(SQLExecution.scala:268)
[2025-09-07T16:11:18.855+0000] {spark_submit.py:579} INFO - at org.apache.spark.sql.execution.SQLExecution$.$anonfun$withNewExecutionId0$7(SQLExecution.scala:124)
[2025-09-07T16:11:18.855+0000] {spark_submit.py:579} INFO - at org.apache.spark.JobArtifactSet$.withActiveJobArtifactState(JobArtifactSet.scala:94)
[2025-09-07T16:11:18.855+0000] {spark_submit.py:579} INFO - at org.apache.spark.sql.artifact.ArtifactManager.$anonfun$withResources$1(ArtifactManager.scala:112)
[2025-09-07T16:11:18.856+0000] {spark_submit.py:579} INFO - at org.apache.spark.sql.artifact.ArtifactManager.withClassLoaderIfNeeded(ArtifactManager.scala:106)
[2025-09-07T16:11:18.857+0000] {spark_submit.py:579} INFO - at org.apache.spark.sql.artifact.ArtifactManager.withResources(ArtifactManager.scala:111)
[2025-09-07T16:11:18.858+0000] {spark_submit.py:579} INFO - at org.apache.spark.sql.execution.SQLExecution$.$anonfun$withNewExecutionId0$6(SQLExecution.scala:124)
[2025-09-07T16:11:18.859+0000] {spark_submit.py:579} INFO - at org.apache.spark.sql.execution.SQLExecution$.withSQLConfPropagated(SQLExecution.scala:291)
[2025-09-07T16:11:18.862+0000] {spark_submit.py:579} INFO - at org.apache.spark.sql.execution.SQLExecution$.$anonfun$withNewExecutionId0$1(SQLExecution.scala:123)
[2025-09-07T16:11:18.862+0000] {spark_submit.py:579} INFO - at org.apache.spark.sql.SparkSession.withActive(SparkSession.scala:804)
[2025-09-07T16:11:18.863+0000] {spark_submit.py:579} INFO - at org.apache.spark.sql.execution.SQLExecution$.withNewExecutionId0(SQLExecution.scala:77)
[2025-09-07T16:11:18.863+0000] {spark_submit.py:579} INFO - at org.apache.spark.sql.execution.SQLExecution$.withNewExecutionId(SQLExecution.scala:233)
[2025-09-07T16:11:18.864+0000] {spark_submit.py:579} INFO - at org.apache.spark.sql.execution.QueryExecution.$anonfun$eagerlyExecuteCommands$1(QueryExecution.scala:155)
[2025-09-07T16:11:18.865+0000] {spark_submit.py:579} INFO - at org.apache.spark.sql.execution.QueryExecution$.withInternalError(QueryExecution.scala:654)
[2025-09-07T16:11:18.865+0000] {spark_submit.py:579} INFO - at org.apache.spark.sql.execution.QueryExecution.org$apache$spark$sql$execution$QueryExecution$$eagerlyExecute$1(QueryExecution.scala:154)
[2025-09-07T16:11:18.866+0000] {spark_submit.py:579} INFO - at org.apache.spark.sql.execution.QueryExecution$$anonfun$eagerlyExecuteCommands$3.applyOrElse(QueryExecution.scala:169)
[2025-09-07T16:11:18.866+0000] {spark_submit.py:579} INFO - at org.apache.spark.sql.execution.QueryExecution$$anonfun$eagerlyExecuteCommands$3.applyOrElse(QueryExecution.scala:164)
[2025-09-07T16:11:18.866+0000] {spark_submit.py:579} INFO - at org.apache.spark.sql.catalyst.trees.TreeNode.$anonfun$transformDownWithPruning$1(TreeNode.scala:470)
[2025-09-07T16:11:18.867+0000] {spark_submit.py:579} INFO - at org.apache.spark.sql.catalyst.trees.CurrentOrigin$.withOrigin(origin.scala:86)
[2025-09-07T16:11:18.868+0000] {spark_submit.py:579} INFO - at org.apache.spark.sql.catalyst.trees.TreeNode.transformDownWithPruning(TreeNode.scala:470)
[2025-09-07T16:11:18.868+0000] {spark_submit.py:579} INFO - at org.apache.spark.sql.catalyst.plans.logical.LogicalPlan.org$apache$spark$sql$catalyst$plans$logical$AnalysisHelper$$super$transformDownWithPruning(LogicalPlan.scala:37)
[2025-09-07T16:11:18.868+0000] {spark_submit.py:579} INFO - at org.apache.spark.sql.catalyst.plans.logical.AnalysisHelper.transformDownWithPruning(AnalysisHelper.scala:360)
[2025-09-07T16:11:18.869+0000] {spark_submit.py:579} INFO - at org.apache.spark.sql.catalyst.plans.logical.AnalysisHelper.transformDownWithPruning$(AnalysisHelper.scala:356)
[2025-09-07T16:11:18.869+0000] {spark_submit.py:579} INFO - at org.apache.spark.sql.catalyst.plans.logical.LogicalPlan.transformDownWithPruning(LogicalPlan.scala:37)
[2025-09-07T16:11:18.871+0000] {spark_submit.py:579} INFO - at org.apache.spark.sql.catalyst.plans.logical.LogicalPlan.transformDownWithPruning(LogicalPlan.scala:37)
[2025-09-07T16:11:18.872+0000] {spark_submit.py:579} INFO - at org.apache.spark.sql.catalyst.trees.TreeNode.transformDown(TreeNode.scala:446)
[2025-09-07T16:11:18.872+0000] {spark_submit.py:579} INFO - at org.apache.spark.sql.execution.QueryExecution.eagerlyExecuteCommands(QueryExecution.scala:164)
[2025-09-07T16:11:18.872+0000] {spark_submit.py:579} INFO - at org.apache.spark.sql.execution.QueryExecution.$anonfun$lazyCommandExecuted$1(QueryExecution.scala:126)
[2025-09-07T16:11:18.873+0000] {spark_submit.py:579} INFO - at scala.util.Try$.apply(Try.scala:217)
[2025-09-07T16:11:18.873+0000] {spark_submit.py:579} INFO - at org.apache.spark.util.Utils$.doTryWithCallerStacktrace(Utils.scala:1378)
[2025-09-07T16:11:18.874+0000] {spark_submit.py:579} INFO - at org.apache.spark.util.LazyTry.tryT$lzycompute(LazyTry.scala:46)
[2025-09-07T16:11:18.874+0000] {spark_submit.py:579} INFO - at org.apache.spark.util.LazyTry.tryT(LazyTry.scala:46)
[2025-09-07T16:11:18.876+0000] {spark_submit.py:579} INFO - ... 20 more
[2025-09-07T16:11:18.877+0000] {spark_submit.py:579} INFO - 
[2025-09-07T16:11:20.573+0000] {spark_submit.py:579} INFO - 25/09/07 16:11:20 INFO SparkContext: Invoking stop() from shutdown hook
[2025-09-07T16:11:20.582+0000] {spark_submit.py:579} INFO - 25/09/07 16:11:20 INFO SparkContext: SparkContext is stopping with exitCode 0 from run at Executors.java:539.
[2025-09-07T16:11:20.685+0000] {spark_submit.py:579} INFO - 25/09/07 16:11:20 INFO SparkUI: Stopped Spark web UI at http://ac03ab483d89:4040
[2025-09-07T16:11:20.700+0000] {spark_submit.py:579} INFO - 25/09/07 16:11:20 INFO StandaloneSchedulerBackend: Shutting down all executors
[2025-09-07T16:11:20.701+0000] {spark_submit.py:579} INFO - 25/09/07 16:11:20 INFO StandaloneSchedulerBackend$StandaloneDriverEndpoint: Asking each executor to shut down
[2025-09-07T16:11:20.792+0000] {spark_submit.py:579} INFO - 25/09/07 16:11:20 INFO MapOutputTrackerMasterEndpoint: MapOutputTrackerMasterEndpoint stopped!
[2025-09-07T16:11:20.947+0000] {spark_submit.py:579} INFO - 25/09/07 16:11:20 INFO MemoryStore: MemoryStore started with capacity 434.4 MiB
[2025-09-07T16:11:20.954+0000] {spark_submit.py:579} INFO - 25/09/07 16:11:20 INFO MemoryStore: MemoryStore cleared
[2025-09-07T16:11:20.954+0000] {spark_submit.py:579} INFO - 25/09/07 16:11:20 INFO BlockManager: BlockManager stopped
[2025-09-07T16:11:20.977+0000] {spark_submit.py:579} INFO - 25/09/07 16:11:20 INFO BlockManagerMaster: BlockManagerMaster stopped
[2025-09-07T16:11:20.985+0000] {spark_submit.py:579} INFO - 25/09/07 16:11:20 INFO OutputCommitCoordinator$OutputCommitCoordinatorEndpoint: OutputCommitCoordinator stopped!
[2025-09-07T16:11:21.073+0000] {spark_submit.py:579} INFO - 25/09/07 16:11:21 INFO SparkContext: Successfully stopped SparkContext
[2025-09-07T16:11:21.074+0000] {spark_submit.py:579} INFO - 25/09/07 16:11:21 INFO ShutdownHookManager: Shutdown hook called
[2025-09-07T16:11:21.075+0000] {spark_submit.py:579} INFO - 25/09/07 16:11:21 INFO ShutdownHookManager: Deleting directory /tmp/spark-02059f57-39a1-4753-a0d0-52fa4ad8e909
[2025-09-07T16:11:21.137+0000] {spark_submit.py:579} INFO - 25/09/07 16:11:21 INFO ShutdownHookManager: Deleting directory /tmp/spark-02059f57-39a1-4753-a0d0-52fa4ad8e909/pyspark-2169e644-5d70-44da-81da-262175dd1042
[2025-09-07T16:11:21.171+0000] {spark_submit.py:579} INFO - 25/09/07 16:11:21 INFO ShutdownHookManager: Deleting directory /tmp/spark-3ebb9bbc-4d6d-40d6-ae6c-c1a33053d12b
[2025-09-07T16:11:21.206+0000] {spark_submit.py:579} INFO - 25/09/07 16:11:21 INFO ShutdownHookManager: Deleting directory /opt/***/artifacts/spark-3f8552b0-bb8c-4845-a574-767d21b73f78
[2025-09-07T16:11:22.101+0000] {taskinstance.py:1935} ERROR - Task failed with exception
Traceback (most recent call last):
  File "/home/airflow/.local/lib/python3.10/site-packages/airflow/providers/apache/spark/operators/spark_submit.py", line 174, in execute
    self._hook.submit(self.application)
  File "/home/airflow/.local/lib/python3.10/site-packages/airflow/providers/apache/spark/hooks/spark_submit.py", line 505, in submit
    raise AirflowException(
airflow.exceptions.AirflowException: Cannot execute: spark-submit --master spark://spark-master:7077 --jars /opt/spark/external-jars/apache-spark-sql-connector.jar --name arrow-spark --deploy-mode client jobs/python/wordcountjob.py. Error code is: 1.
[2025-09-07T16:11:22.205+0000] {taskinstance.py:1398} INFO - Marking task as FAILED. dag_id=sparking_flow, task_id=python_job, execution_date=20250907T161030, start_date=20250907T161039, end_date=20250907T161122
[2025-09-07T16:11:22.390+0000] {standard_task_runner.py:104} ERROR - Failed to execute job 36 for task python_job (Cannot execute: spark-submit --master spark://spark-master:7077 --jars /opt/spark/external-jars/apache-spark-sql-connector.jar --name arrow-spark --deploy-mode client jobs/python/wordcountjob.py. Error code is: 1.; 19061)
[2025-09-07T16:11:22.603+0000] {local_task_job_runner.py:228} INFO - Task exited with return code 1
[2025-09-07T16:11:23.055+0000] {taskinstance.py:2776} INFO - 0 downstream tasks scheduled from follow-on schedule check
