[2025-08-18T04:12:31.585+0000] {taskinstance.py:1157} INFO - Dependencies all met for dep_context=non-requeueable deps ti=<TaskInstance: sparking_flow.python_job scheduled__2025-08-18T00:00:00+00:00 [queued]>
[2025-08-18T04:12:31.594+0000] {taskinstance.py:1157} INFO - Dependencies all met for dep_context=requeueable deps ti=<TaskInstance: sparking_flow.python_job scheduled__2025-08-18T00:00:00+00:00 [queued]>
[2025-08-18T04:12:31.594+0000] {taskinstance.py:1359} INFO - Starting attempt 1 of 1
[2025-08-18T04:12:31.607+0000] {taskinstance.py:1380} INFO - Executing <Task(SparkSubmitOperator): python_job> on 2025-08-18 00:00:00+00:00
[2025-08-18T04:12:31.611+0000] {standard_task_runner.py:57} INFO - Started process 580 to run task
[2025-08-18T04:12:31.615+0000] {standard_task_runner.py:84} INFO - Running: ['***', 'tasks', 'run', 'sparking_flow', 'python_job', 'scheduled__2025-08-18T00:00:00+00:00', '--job-id', '33', '--raw', '--subdir', 'DAGS_FOLDER/spark_***.py', '--cfg-path', '/tmp/tmpqq6gljo1']
[2025-08-18T04:12:31.618+0000] {standard_task_runner.py:85} INFO - Job 33: Subtask python_job
[2025-08-18T04:12:31.686+0000] {task_command.py:415} INFO - Running <TaskInstance: sparking_flow.python_job scheduled__2025-08-18T00:00:00+00:00 [running]> on host 81b7fe425a18
[2025-08-18T04:12:31.837+0000] {taskinstance.py:1660} INFO - Exporting env vars: AIRFLOW_CTX_DAG_OWNER='Yusuf Ganiyu' AIRFLOW_CTX_DAG_ID='sparking_flow' AIRFLOW_CTX_TASK_ID='python_job' AIRFLOW_CTX_EXECUTION_DATE='2025-08-18T00:00:00+00:00' AIRFLOW_CTX_TRY_NUMBER='1' AIRFLOW_CTX_DAG_RUN_ID='scheduled__2025-08-18T00:00:00+00:00'
[2025-08-18T04:12:31.849+0000] {base.py:73} INFO - Using connection ID 'spark-conn' for task execution.
[2025-08-18T04:12:31.851+0000] {spark_submit.py:403} INFO - Spark-Submit cmd: spark-submit --master spark://spark-master:7077 --jars /opt/spark/external-jars/apache-spark-sql-connector.jar --name arrow-spark --deploy-mode client jobs/python/wordcountjob.py
[2025-08-18T04:12:32.496+0000] {spark_submit.py:579} INFO - WARNING: Using incubator modules: jdk.incubator.vector
[2025-08-18T04:12:35.286+0000] {spark_submit.py:579} INFO - 25/08/18 04:12:35 WARN NativeCodeLoader: Unable to load native-hadoop library for your platform... using builtin-java classes where applicable
[2025-08-18T04:12:37.734+0000] {spark_submit.py:579} INFO - Using Spark's default log4j profile: org/apache/spark/log4j2-defaults.properties
[2025-08-18T04:12:37.740+0000] {spark_submit.py:579} INFO - 25/08/18 04:12:37 INFO SparkContext: Running Spark version 4.0.0
[2025-08-18T04:12:37.741+0000] {spark_submit.py:579} INFO - 25/08/18 04:12:37 INFO SparkContext: OS info Linux, 6.6.87.2-microsoft-standard-WSL2, amd64
[2025-08-18T04:12:37.742+0000] {spark_submit.py:579} INFO - 25/08/18 04:12:37 INFO SparkContext: Java version 17.0.15
[2025-08-18T04:12:37.764+0000] {spark_submit.py:579} INFO - 25/08/18 04:12:37 INFO ResourceUtils: ==============================================================
[2025-08-18T04:12:37.765+0000] {spark_submit.py:579} INFO - 25/08/18 04:12:37 INFO ResourceUtils: No custom resources configured for spark.driver.
[2025-08-18T04:12:37.765+0000] {spark_submit.py:579} INFO - 25/08/18 04:12:37 INFO ResourceUtils: ==============================================================
[2025-08-18T04:12:37.766+0000] {spark_submit.py:579} INFO - 25/08/18 04:12:37 INFO SparkContext: Submitted application: PythonWordCount
[2025-08-18T04:12:37.790+0000] {spark_submit.py:579} INFO - 25/08/18 04:12:37 INFO ResourceProfile: Default ResourceProfile created, executor resources: Map(memory -> name: memory, amount: 1024, script: , vendor: , offHeap -> name: offHeap, amount: 0, script: , vendor: ), task resources: Map(cpus -> name: cpus, amount: 1.0)
[2025-08-18T04:12:37.793+0000] {spark_submit.py:579} INFO - 25/08/18 04:12:37 INFO ResourceProfile: Limiting resource is cpu
[2025-08-18T04:12:37.795+0000] {spark_submit.py:579} INFO - 25/08/18 04:12:37 INFO ResourceProfileManager: Added ResourceProfile id: 0
[2025-08-18T04:12:37.843+0000] {spark_submit.py:579} INFO - 25/08/18 04:12:37 INFO SecurityManager: Changing view acls to: ***
[2025-08-18T04:12:37.844+0000] {spark_submit.py:579} INFO - 25/08/18 04:12:37 INFO SecurityManager: Changing modify acls to: ***
[2025-08-18T04:12:37.845+0000] {spark_submit.py:579} INFO - 25/08/18 04:12:37 INFO SecurityManager: Changing view acls groups to: ***
[2025-08-18T04:12:37.845+0000] {spark_submit.py:579} INFO - 25/08/18 04:12:37 INFO SecurityManager: Changing modify acls groups to: ***
[2025-08-18T04:12:37.847+0000] {spark_submit.py:579} INFO - 25/08/18 04:12:37 INFO SecurityManager: SecurityManager: authentication disabled; ui acls disabled; users with view permissions: *** groups with view permissions: EMPTY; users with modify permissions: ***; groups with modify permissions: EMPTY; RPC SSL disabled
[2025-08-18T04:12:38.219+0000] {spark_submit.py:579} INFO - 25/08/18 04:12:38 INFO Utils: Successfully started service 'sparkDriver' on port 41865.
[2025-08-18T04:12:38.245+0000] {spark_submit.py:579} INFO - 25/08/18 04:12:38 INFO SparkEnv: Registering MapOutputTracker
[2025-08-18T04:12:38.257+0000] {spark_submit.py:579} INFO - 25/08/18 04:12:38 INFO SparkEnv: Registering BlockManagerMaster
[2025-08-18T04:12:38.274+0000] {spark_submit.py:579} INFO - 25/08/18 04:12:38 INFO BlockManagerMasterEndpoint: Using org.apache.spark.storage.DefaultTopologyMapper for getting topology information
[2025-08-18T04:12:38.275+0000] {spark_submit.py:579} INFO - 25/08/18 04:12:38 INFO BlockManagerMasterEndpoint: BlockManagerMasterEndpoint up
[2025-08-18T04:12:38.278+0000] {spark_submit.py:579} INFO - 25/08/18 04:12:38 INFO SparkEnv: Registering BlockManagerMasterHeartbeat
[2025-08-18T04:12:38.300+0000] {spark_submit.py:579} INFO - 25/08/18 04:12:38 INFO DiskBlockManager: Created local directory at /tmp/blockmgr-ae876ff1-368d-429f-a6fd-a111924e30eb
[2025-08-18T04:12:38.322+0000] {spark_submit.py:579} INFO - 25/08/18 04:12:38 INFO SparkEnv: Registering OutputCommitCoordinator
[2025-08-18T04:12:38.484+0000] {spark_submit.py:579} INFO - 25/08/18 04:12:38 INFO JettyUtils: Start Jetty 0.0.0.0:4040 for SparkUI
[2025-08-18T04:12:38.550+0000] {spark_submit.py:579} INFO - 25/08/18 04:12:38 WARN Utils: Service 'SparkUI' could not bind on port 4040. Attempting port 4041.
[2025-08-18T04:12:38.560+0000] {spark_submit.py:579} INFO - 25/08/18 04:12:38 INFO Utils: Successfully started service 'SparkUI' on port 4041.
[2025-08-18T04:12:38.610+0000] {spark_submit.py:579} INFO - 25/08/18 04:12:38 INFO SparkContext: Added JAR file:///opt/spark/external-jars/apache-spark-sql-connector.jar at spark://81b7fe425a18:41865/jars/apache-spark-sql-connector.jar with timestamp 1755490357726
[2025-08-18T04:12:38.634+0000] {spark_submit.py:579} INFO - 25/08/18 04:12:38 INFO SecurityManager: Changing view acls to: ***
[2025-08-18T04:12:38.635+0000] {spark_submit.py:579} INFO - 25/08/18 04:12:38 INFO SecurityManager: Changing modify acls to: ***
[2025-08-18T04:12:38.635+0000] {spark_submit.py:579} INFO - 25/08/18 04:12:38 INFO SecurityManager: Changing view acls groups to: ***
[2025-08-18T04:12:38.636+0000] {spark_submit.py:579} INFO - 25/08/18 04:12:38 INFO SecurityManager: Changing modify acls groups to: ***
[2025-08-18T04:12:38.636+0000] {spark_submit.py:579} INFO - 25/08/18 04:12:38 INFO SecurityManager: SecurityManager: authentication disabled; ui acls disabled; users with view permissions: *** groups with view permissions: EMPTY; users with modify permissions: ***; groups with modify permissions: EMPTY; RPC SSL disabled
[2025-08-18T04:12:38.837+0000] {spark_submit.py:579} INFO - 25/08/18 04:12:38 INFO StandaloneAppClient$ClientEndpoint: Connecting to master spark://spark-master:7077...
[2025-08-18T04:12:38.890+0000] {spark_submit.py:579} INFO - 25/08/18 04:12:38 INFO TransportClientFactory: Successfully created connection to spark-master/172.18.0.3:7077 after 25 ms (0 ms spent in bootstraps)
[2025-08-18T04:12:39.034+0000] {spark_submit.py:579} INFO - 25/08/18 04:12:39 INFO StandaloneSchedulerBackend: Connected to Spark cluster with app ID app-20250818041239-0002
[2025-08-18T04:12:39.044+0000] {spark_submit.py:579} INFO - 25/08/18 04:12:39 INFO Utils: Successfully started service 'org.apache.spark.network.netty.NettyBlockTransferService' on port 40243.
[2025-08-18T04:12:39.044+0000] {spark_submit.py:579} INFO - 25/08/18 04:12:39 INFO NettyBlockTransferService: Server created on 81b7fe425a18:40243
[2025-08-18T04:12:39.046+0000] {spark_submit.py:579} INFO - 25/08/18 04:12:39 INFO BlockManager: Using org.apache.spark.storage.RandomBlockReplicationPolicy for block replication policy
[2025-08-18T04:12:39.058+0000] {spark_submit.py:579} INFO - 25/08/18 04:12:39 INFO BlockManagerMaster: Registering BlockManager BlockManagerId(driver, 81b7fe425a18, 40243, None)
[2025-08-18T04:12:39.063+0000] {spark_submit.py:579} INFO - 25/08/18 04:12:39 INFO BlockManagerMasterEndpoint: Registering block manager 81b7fe425a18:40243 with 434.4 MiB RAM, BlockManagerId(driver, 81b7fe425a18, 40243, None)
[2025-08-18T04:12:39.065+0000] {spark_submit.py:579} INFO - 25/08/18 04:12:39 INFO BlockManagerMaster: Registered BlockManager BlockManagerId(driver, 81b7fe425a18, 40243, None)
[2025-08-18T04:12:39.066+0000] {spark_submit.py:579} INFO - 25/08/18 04:12:39 INFO BlockManager: Initialized BlockManager: BlockManagerId(driver, 81b7fe425a18, 40243, None)
[2025-08-18T04:12:39.251+0000] {spark_submit.py:579} INFO - 25/08/18 04:12:39 INFO StandaloneSchedulerBackend: SchedulerBackend is ready for scheduling beginning after reached minRegisteredResourcesRatio: 0.0
[2025-08-18T04:12:45.260+0000] {spark_submit.py:579} INFO - dict_keys(['daily', 'daily960', 'live_rapid', 'live_blitz', 'live_bullet', 'live_bughouse', 'live_blitz960', 'live_threecheck', 'live_crazyhouse', 'live_kingofthehill', 'tactics', 'rush', 'battle'])
[2025-08-18T04:12:45.951+0000] {spark_submit.py:579} INFO - 25/08/18 04:12:45 INFO SharedState: Setting hive.metastore.warehouse.dir ('null') to the value of spark.sql.warehouse.dir.
[2025-08-18T04:12:45.953+0000] {spark_submit.py:579} INFO - 25/08/18 04:12:45 INFO SharedState: Warehouse path is 'file:/opt/***/spark-warehouse'.
[2025-08-18T04:12:48.508+0000] {spark_submit.py:579} INFO - Traceback (most recent call last):
[2025-08-18T04:12:48.510+0000] {spark_submit.py:579} INFO - File "/opt/***/jobs/python/wordcountjob.py", line 199, in <module>
[2025-08-18T04:12:48.515+0000] {spark_submit.py:579} INFO - write_data(daily,"daily")
[2025-08-18T04:12:48.517+0000] {spark_submit.py:579} INFO - File "/opt/***/jobs/python/wordcountjob.py", line 195, in write_data
[2025-08-18T04:12:48.523+0000] {spark_submit.py:579} INFO - df.write.mode("overwrite").jdbc(url=jdbc_url, table=f"dbo.{table}", properties=properties)
[2025-08-18T04:12:48.524+0000] {spark_submit.py:579} INFO - File "/home/***/.local/lib/python3.10/site-packages/pyspark/python/lib/pyspark.zip/pyspark/sql/readwriter.py", line 2347, in jdbc
[2025-08-18T04:12:48.526+0000] {spark_submit.py:579} INFO - File "/home/***/.local/lib/python3.10/site-packages/pyspark/python/lib/py4j-0.10.9.9-src.zip/py4j/java_gateway.py", line 1362, in __call__
[2025-08-18T04:12:48.527+0000] {spark_submit.py:579} INFO - File "/home/***/.local/lib/python3.10/site-packages/pyspark/python/lib/pyspark.zip/pyspark/errors/exceptions/captured.py", line 282, in deco
[2025-08-18T04:12:48.529+0000] {spark_submit.py:579} INFO - File "/home/***/.local/lib/python3.10/site-packages/pyspark/python/lib/py4j-0.10.9.9-src.zip/py4j/protocol.py", line 327, in get_return_value
[2025-08-18T04:12:48.579+0000] {spark_submit.py:579} INFO - py4j.protocol.Py4JJavaError: An error occurred while calling o322.jdbc.
[2025-08-18T04:12:48.581+0000] {spark_submit.py:579} INFO - : com.microsoft.sqlserver.jdbc.SQLServerException: Cannot drop the table 'dbo.daily', because it does not exist or you do not have permission.
[2025-08-18T04:12:48.583+0000] {spark_submit.py:579} INFO - at com.microsoft.sqlserver.jdbc.SQLServerException.makeFromDatabaseError(SQLServerException.java:256)
[2025-08-18T04:12:48.584+0000] {spark_submit.py:579} INFO - at com.microsoft.sqlserver.jdbc.SQLServerStatement.getNextResult(SQLServerStatement.java:1621)
[2025-08-18T04:12:48.584+0000] {spark_submit.py:579} INFO - at com.microsoft.sqlserver.jdbc.SQLServerStatement.doExecuteStatement(SQLServerStatement.java:868)
[2025-08-18T04:12:48.585+0000] {spark_submit.py:579} INFO - at com.microsoft.sqlserver.jdbc.SQLServerStatement$StmtExecCmd.doExecute(SQLServerStatement.java:768)
[2025-08-18T04:12:48.585+0000] {spark_submit.py:579} INFO - at com.microsoft.sqlserver.jdbc.TDSCommand.execute(IOBuffer.java:7194)
[2025-08-18T04:12:48.585+0000] {spark_submit.py:579} INFO - at com.microsoft.sqlserver.jdbc.SQLServerConnection.executeCommand(SQLServerConnection.java:2930)
[2025-08-18T04:12:48.586+0000] {spark_submit.py:579} INFO - at com.microsoft.sqlserver.jdbc.SQLServerStatement.executeCommand(SQLServerStatement.java:248)
[2025-08-18T04:12:48.586+0000] {spark_submit.py:579} INFO - at com.microsoft.sqlserver.jdbc.SQLServerStatement.executeStatement(SQLServerStatement.java:223)
[2025-08-18T04:12:48.586+0000] {spark_submit.py:579} INFO - at com.microsoft.sqlserver.jdbc.SQLServerStatement.executeUpdate(SQLServerStatement.java:711)
[2025-08-18T04:12:48.587+0000] {spark_submit.py:579} INFO - at org.apache.spark.sql.execution.datasources.jdbc.JdbcUtils$.executeStatement(JdbcUtils.scala:1187)
[2025-08-18T04:12:48.587+0000] {spark_submit.py:579} INFO - at org.apache.spark.sql.execution.datasources.jdbc.JdbcUtils$.dropTable(JdbcUtils.scala:86)
[2025-08-18T04:12:48.588+0000] {spark_submit.py:579} INFO - at org.apache.spark.sql.execution.datasources.jdbc.JdbcRelationProvider.createRelation(JdbcRelationProvider.scala:64)
[2025-08-18T04:12:48.588+0000] {spark_submit.py:579} INFO - at org.apache.spark.sql.execution.datasources.SaveIntoDataSourceCommand.run(SaveIntoDataSourceCommand.scala:55)
[2025-08-18T04:12:48.588+0000] {spark_submit.py:579} INFO - at org.apache.spark.sql.execution.command.ExecutedCommandExec.sideEffectResult$lzycompute(commands.scala:79)
[2025-08-18T04:12:48.589+0000] {spark_submit.py:579} INFO - at org.apache.spark.sql.execution.command.ExecutedCommandExec.sideEffectResult(commands.scala:77)
[2025-08-18T04:12:48.592+0000] {spark_submit.py:579} INFO - at org.apache.spark.sql.execution.command.ExecutedCommandExec.executeCollect(commands.scala:88)
[2025-08-18T04:12:48.593+0000] {spark_submit.py:579} INFO - at org.apache.spark.sql.execution.QueryExecution.$anonfun$eagerlyExecuteCommands$2(QueryExecution.scala:155)
[2025-08-18T04:12:48.593+0000] {spark_submit.py:579} INFO - at org.apache.spark.sql.execution.SQLExecution$.$anonfun$withNewExecutionId0$8(SQLExecution.scala:162)
[2025-08-18T04:12:48.593+0000] {spark_submit.py:579} INFO - at org.apache.spark.sql.execution.SQLExecution$.withSessionTagsApplied(SQLExecution.scala:268)
[2025-08-18T04:12:48.594+0000] {spark_submit.py:579} INFO - at org.apache.spark.sql.execution.SQLExecution$.$anonfun$withNewExecutionId0$7(SQLExecution.scala:124)
[2025-08-18T04:12:48.594+0000] {spark_submit.py:579} INFO - at org.apache.spark.JobArtifactSet$.withActiveJobArtifactState(JobArtifactSet.scala:94)
[2025-08-18T04:12:48.597+0000] {spark_submit.py:579} INFO - at org.apache.spark.sql.artifact.ArtifactManager.$anonfun$withResources$1(ArtifactManager.scala:112)
[2025-08-18T04:12:48.597+0000] {spark_submit.py:579} INFO - at org.apache.spark.sql.artifact.ArtifactManager.withClassLoaderIfNeeded(ArtifactManager.scala:106)
[2025-08-18T04:12:48.598+0000] {spark_submit.py:579} INFO - at org.apache.spark.sql.artifact.ArtifactManager.withResources(ArtifactManager.scala:111)
[2025-08-18T04:12:48.598+0000] {spark_submit.py:579} INFO - at org.apache.spark.sql.execution.SQLExecution$.$anonfun$withNewExecutionId0$6(SQLExecution.scala:124)
[2025-08-18T04:12:48.599+0000] {spark_submit.py:579} INFO - at org.apache.spark.sql.execution.SQLExecution$.withSQLConfPropagated(SQLExecution.scala:291)
[2025-08-18T04:12:48.599+0000] {spark_submit.py:579} INFO - at org.apache.spark.sql.execution.SQLExecution$.$anonfun$withNewExecutionId0$1(SQLExecution.scala:123)
[2025-08-18T04:12:48.599+0000] {spark_submit.py:579} INFO - at org.apache.spark.sql.SparkSession.withActive(SparkSession.scala:804)
[2025-08-18T04:12:48.599+0000] {spark_submit.py:579} INFO - at org.apache.spark.sql.execution.SQLExecution$.withNewExecutionId0(SQLExecution.scala:77)
[2025-08-18T04:12:48.600+0000] {spark_submit.py:579} INFO - at org.apache.spark.sql.execution.SQLExecution$.withNewExecutionId(SQLExecution.scala:233)
[2025-08-18T04:12:48.600+0000] {spark_submit.py:579} INFO - at org.apache.spark.sql.execution.QueryExecution.$anonfun$eagerlyExecuteCommands$1(QueryExecution.scala:155)
[2025-08-18T04:12:48.600+0000] {spark_submit.py:579} INFO - at org.apache.spark.sql.execution.QueryExecution$.withInternalError(QueryExecution.scala:654)
[2025-08-18T04:12:48.601+0000] {spark_submit.py:579} INFO - at org.apache.spark.sql.execution.QueryExecution.org$apache$spark$sql$execution$QueryExecution$$eagerlyExecute$1(QueryExecution.scala:154)
[2025-08-18T04:12:48.601+0000] {spark_submit.py:579} INFO - at org.apache.spark.sql.execution.QueryExecution$$anonfun$eagerlyExecuteCommands$3.applyOrElse(QueryExecution.scala:169)
[2025-08-18T04:12:48.601+0000] {spark_submit.py:579} INFO - at org.apache.spark.sql.execution.QueryExecution$$anonfun$eagerlyExecuteCommands$3.applyOrElse(QueryExecution.scala:164)
[2025-08-18T04:12:48.601+0000] {spark_submit.py:579} INFO - at org.apache.spark.sql.catalyst.trees.TreeNode.$anonfun$transformDownWithPruning$1(TreeNode.scala:470)
[2025-08-18T04:12:48.602+0000] {spark_submit.py:579} INFO - at org.apache.spark.sql.catalyst.trees.CurrentOrigin$.withOrigin(origin.scala:86)
[2025-08-18T04:12:48.603+0000] {spark_submit.py:579} INFO - at org.apache.spark.sql.catalyst.trees.TreeNode.transformDownWithPruning(TreeNode.scala:470)
[2025-08-18T04:12:48.603+0000] {spark_submit.py:579} INFO - at org.apache.spark.sql.catalyst.plans.logical.LogicalPlan.org$apache$spark$sql$catalyst$plans$logical$AnalysisHelper$$super$transformDownWithPruning(LogicalPlan.scala:37)
[2025-08-18T04:12:48.603+0000] {spark_submit.py:579} INFO - at org.apache.spark.sql.catalyst.plans.logical.AnalysisHelper.transformDownWithPruning(AnalysisHelper.scala:360)
[2025-08-18T04:12:48.604+0000] {spark_submit.py:579} INFO - at org.apache.spark.sql.catalyst.plans.logical.AnalysisHelper.transformDownWithPruning$(AnalysisHelper.scala:356)
[2025-08-18T04:12:48.604+0000] {spark_submit.py:579} INFO - at org.apache.spark.sql.catalyst.plans.logical.LogicalPlan.transformDownWithPruning(LogicalPlan.scala:37)
[2025-08-18T04:12:48.604+0000] {spark_submit.py:579} INFO - at org.apache.spark.sql.catalyst.plans.logical.LogicalPlan.transformDownWithPruning(LogicalPlan.scala:37)
[2025-08-18T04:12:48.605+0000] {spark_submit.py:579} INFO - at org.apache.spark.sql.catalyst.trees.TreeNode.transformDown(TreeNode.scala:446)
[2025-08-18T04:12:48.605+0000] {spark_submit.py:579} INFO - at org.apache.spark.sql.execution.QueryExecution.eagerlyExecuteCommands(QueryExecution.scala:164)
[2025-08-18T04:12:48.605+0000] {spark_submit.py:579} INFO - at org.apache.spark.sql.execution.QueryExecution.$anonfun$lazyCommandExecuted$1(QueryExecution.scala:126)
[2025-08-18T04:12:48.606+0000] {spark_submit.py:579} INFO - at scala.util.Try$.apply(Try.scala:217)
[2025-08-18T04:12:48.606+0000] {spark_submit.py:579} INFO - at org.apache.spark.util.Utils$.doTryWithCallerStacktrace(Utils.scala:1378)
[2025-08-18T04:12:48.606+0000] {spark_submit.py:579} INFO - at org.apache.spark.util.Utils$.getTryWithCallerStacktrace(Utils.scala:1439)
[2025-08-18T04:12:48.606+0000] {spark_submit.py:579} INFO - at org.apache.spark.util.LazyTry.get(LazyTry.scala:58)
[2025-08-18T04:12:48.607+0000] {spark_submit.py:579} INFO - at org.apache.spark.sql.execution.QueryExecution.commandExecuted(QueryExecution.scala:131)
[2025-08-18T04:12:48.607+0000] {spark_submit.py:579} INFO - at org.apache.spark.sql.execution.QueryExecution.assertCommandExecuted(QueryExecution.scala:192)
[2025-08-18T04:12:48.607+0000] {spark_submit.py:579} INFO - at org.apache.spark.sql.classic.DataFrameWriter.runCommand(DataFrameWriter.scala:622)
[2025-08-18T04:12:48.607+0000] {spark_submit.py:579} INFO - at org.apache.spark.sql.classic.DataFrameWriter.saveToV1Source(DataFrameWriter.scala:273)
[2025-08-18T04:12:48.608+0000] {spark_submit.py:579} INFO - at org.apache.spark.sql.classic.DataFrameWriter.saveInternal(DataFrameWriter.scala:241)
[2025-08-18T04:12:48.608+0000] {spark_submit.py:579} INFO - at org.apache.spark.sql.classic.DataFrameWriter.save(DataFrameWriter.scala:126)
[2025-08-18T04:12:48.608+0000] {spark_submit.py:579} INFO - at org.apache.spark.sql.DataFrameWriter.jdbc(DataFrameWriter.scala:334)
[2025-08-18T04:12:48.608+0000] {spark_submit.py:579} INFO - at java.base/jdk.internal.reflect.NativeMethodAccessorImpl.invoke0(Native Method)
[2025-08-18T04:12:48.608+0000] {spark_submit.py:579} INFO - at java.base/jdk.internal.reflect.NativeMethodAccessorImpl.invoke(NativeMethodAccessorImpl.java:77)
[2025-08-18T04:12:48.609+0000] {spark_submit.py:579} INFO - at java.base/jdk.internal.reflect.DelegatingMethodAccessorImpl.invoke(DelegatingMethodAccessorImpl.java:43)
[2025-08-18T04:12:48.609+0000] {spark_submit.py:579} INFO - at java.base/java.lang.reflect.Method.invoke(Method.java:569)
[2025-08-18T04:12:48.609+0000] {spark_submit.py:579} INFO - at py4j.reflection.MethodInvoker.invoke(MethodInvoker.java:244)
[2025-08-18T04:12:48.609+0000] {spark_submit.py:579} INFO - at py4j.reflection.ReflectionEngine.invoke(ReflectionEngine.java:374)
[2025-08-18T04:12:48.610+0000] {spark_submit.py:579} INFO - at py4j.Gateway.invoke(Gateway.java:282)
[2025-08-18T04:12:48.610+0000] {spark_submit.py:579} INFO - at py4j.commands.AbstractCommand.invokeMethod(AbstractCommand.java:132)
[2025-08-18T04:12:48.611+0000] {spark_submit.py:579} INFO - at py4j.commands.CallCommand.execute(CallCommand.java:79)
[2025-08-18T04:12:48.611+0000] {spark_submit.py:579} INFO - at py4j.ClientServerConnection.waitForCommands(ClientServerConnection.java:184)
[2025-08-18T04:12:48.611+0000] {spark_submit.py:579} INFO - at py4j.ClientServerConnection.run(ClientServerConnection.java:108)
[2025-08-18T04:12:48.611+0000] {spark_submit.py:579} INFO - at java.base/java.lang.Thread.run(Thread.java:840)
[2025-08-18T04:12:48.612+0000] {spark_submit.py:579} INFO - Suppressed: org.apache.spark.util.Utils$OriginalTryStackTraceException: Full stacktrace of original doTryWithCallerStacktrace caller
[2025-08-18T04:12:48.612+0000] {spark_submit.py:579} INFO - at com.microsoft.sqlserver.jdbc.SQLServerException.makeFromDatabaseError(SQLServerException.java:256)
[2025-08-18T04:12:48.613+0000] {spark_submit.py:579} INFO - at com.microsoft.sqlserver.jdbc.SQLServerStatement.getNextResult(SQLServerStatement.java:1621)
[2025-08-18T04:12:48.613+0000] {spark_submit.py:579} INFO - at com.microsoft.sqlserver.jdbc.SQLServerStatement.doExecuteStatement(SQLServerStatement.java:868)
[2025-08-18T04:12:48.613+0000] {spark_submit.py:579} INFO - at com.microsoft.sqlserver.jdbc.SQLServerStatement$StmtExecCmd.doExecute(SQLServerStatement.java:768)
[2025-08-18T04:12:48.613+0000] {spark_submit.py:579} INFO - at com.microsoft.sqlserver.jdbc.TDSCommand.execute(IOBuffer.java:7194)
[2025-08-18T04:12:48.614+0000] {spark_submit.py:579} INFO - at com.microsoft.sqlserver.jdbc.SQLServerConnection.executeCommand(SQLServerConnection.java:2930)
[2025-08-18T04:12:48.614+0000] {spark_submit.py:579} INFO - at com.microsoft.sqlserver.jdbc.SQLServerStatement.executeCommand(SQLServerStatement.java:248)
[2025-08-18T04:12:48.614+0000] {spark_submit.py:579} INFO - at com.microsoft.sqlserver.jdbc.SQLServerStatement.executeStatement(SQLServerStatement.java:223)
[2025-08-18T04:12:48.614+0000] {spark_submit.py:579} INFO - at com.microsoft.sqlserver.jdbc.SQLServerStatement.executeUpdate(SQLServerStatement.java:711)
[2025-08-18T04:12:48.615+0000] {spark_submit.py:579} INFO - at org.apache.spark.sql.execution.datasources.jdbc.JdbcUtils$.executeStatement(JdbcUtils.scala:1187)
[2025-08-18T04:12:48.615+0000] {spark_submit.py:579} INFO - at org.apache.spark.sql.execution.datasources.jdbc.JdbcUtils$.dropTable(JdbcUtils.scala:86)
[2025-08-18T04:12:48.615+0000] {spark_submit.py:579} INFO - at org.apache.spark.sql.execution.datasources.jdbc.JdbcRelationProvider.createRelation(JdbcRelationProvider.scala:64)
[2025-08-18T04:12:48.615+0000] {spark_submit.py:579} INFO - at org.apache.spark.sql.execution.datasources.SaveIntoDataSourceCommand.run(SaveIntoDataSourceCommand.scala:55)
[2025-08-18T04:12:48.616+0000] {spark_submit.py:579} INFO - at org.apache.spark.sql.execution.command.ExecutedCommandExec.sideEffectResult$lzycompute(commands.scala:79)
[2025-08-18T04:12:48.616+0000] {spark_submit.py:579} INFO - at org.apache.spark.sql.execution.command.ExecutedCommandExec.sideEffectResult(commands.scala:77)
[2025-08-18T04:12:48.616+0000] {spark_submit.py:579} INFO - at org.apache.spark.sql.execution.command.ExecutedCommandExec.executeCollect(commands.scala:88)
[2025-08-18T04:12:48.616+0000] {spark_submit.py:579} INFO - at org.apache.spark.sql.execution.QueryExecution.$anonfun$eagerlyExecuteCommands$2(QueryExecution.scala:155)
[2025-08-18T04:12:48.616+0000] {spark_submit.py:579} INFO - at org.apache.spark.sql.execution.SQLExecution$.$anonfun$withNewExecutionId0$8(SQLExecution.scala:162)
[2025-08-18T04:12:48.617+0000] {spark_submit.py:579} INFO - at org.apache.spark.sql.execution.SQLExecution$.withSessionTagsApplied(SQLExecution.scala:268)
[2025-08-18T04:12:48.617+0000] {spark_submit.py:579} INFO - at org.apache.spark.sql.execution.SQLExecution$.$anonfun$withNewExecutionId0$7(SQLExecution.scala:124)
[2025-08-18T04:12:48.617+0000] {spark_submit.py:579} INFO - at org.apache.spark.JobArtifactSet$.withActiveJobArtifactState(JobArtifactSet.scala:94)
[2025-08-18T04:12:48.617+0000] {spark_submit.py:579} INFO - at org.apache.spark.sql.artifact.ArtifactManager.$anonfun$withResources$1(ArtifactManager.scala:112)
[2025-08-18T04:12:48.618+0000] {spark_submit.py:579} INFO - at org.apache.spark.sql.artifact.ArtifactManager.withClassLoaderIfNeeded(ArtifactManager.scala:106)
[2025-08-18T04:12:48.618+0000] {spark_submit.py:579} INFO - at org.apache.spark.sql.artifact.ArtifactManager.withResources(ArtifactManager.scala:111)
[2025-08-18T04:12:48.618+0000] {spark_submit.py:579} INFO - at org.apache.spark.sql.execution.SQLExecution$.$anonfun$withNewExecutionId0$6(SQLExecution.scala:124)
[2025-08-18T04:12:48.618+0000] {spark_submit.py:579} INFO - at org.apache.spark.sql.execution.SQLExecution$.withSQLConfPropagated(SQLExecution.scala:291)
[2025-08-18T04:12:48.619+0000] {spark_submit.py:579} INFO - at org.apache.spark.sql.execution.SQLExecution$.$anonfun$withNewExecutionId0$1(SQLExecution.scala:123)
[2025-08-18T04:12:48.619+0000] {spark_submit.py:579} INFO - at org.apache.spark.sql.SparkSession.withActive(SparkSession.scala:804)
[2025-08-18T04:12:48.619+0000] {spark_submit.py:579} INFO - at org.apache.spark.sql.execution.SQLExecution$.withNewExecutionId0(SQLExecution.scala:77)
[2025-08-18T04:12:48.619+0000] {spark_submit.py:579} INFO - at org.apache.spark.sql.execution.SQLExecution$.withNewExecutionId(SQLExecution.scala:233)
[2025-08-18T04:12:48.620+0000] {spark_submit.py:579} INFO - at org.apache.spark.sql.execution.QueryExecution.$anonfun$eagerlyExecuteCommands$1(QueryExecution.scala:155)
[2025-08-18T04:12:48.620+0000] {spark_submit.py:579} INFO - at org.apache.spark.sql.execution.QueryExecution$.withInternalError(QueryExecution.scala:654)
[2025-08-18T04:12:48.620+0000] {spark_submit.py:579} INFO - at org.apache.spark.sql.execution.QueryExecution.org$apache$spark$sql$execution$QueryExecution$$eagerlyExecute$1(QueryExecution.scala:154)
[2025-08-18T04:12:48.620+0000] {spark_submit.py:579} INFO - at org.apache.spark.sql.execution.QueryExecution$$anonfun$eagerlyExecuteCommands$3.applyOrElse(QueryExecution.scala:169)
[2025-08-18T04:12:48.621+0000] {spark_submit.py:579} INFO - at org.apache.spark.sql.execution.QueryExecution$$anonfun$eagerlyExecuteCommands$3.applyOrElse(QueryExecution.scala:164)
[2025-08-18T04:12:48.621+0000] {spark_submit.py:579} INFO - at org.apache.spark.sql.catalyst.trees.TreeNode.$anonfun$transformDownWithPruning$1(TreeNode.scala:470)
[2025-08-18T04:12:48.622+0000] {spark_submit.py:579} INFO - at org.apache.spark.sql.catalyst.trees.CurrentOrigin$.withOrigin(origin.scala:86)
[2025-08-18T04:12:48.622+0000] {spark_submit.py:579} INFO - at org.apache.spark.sql.catalyst.trees.TreeNode.transformDownWithPruning(TreeNode.scala:470)
[2025-08-18T04:12:48.622+0000] {spark_submit.py:579} INFO - at org.apache.spark.sql.catalyst.plans.logical.LogicalPlan.org$apache$spark$sql$catalyst$plans$logical$AnalysisHelper$$super$transformDownWithPruning(LogicalPlan.scala:37)
[2025-08-18T04:12:48.623+0000] {spark_submit.py:579} INFO - at org.apache.spark.sql.catalyst.plans.logical.AnalysisHelper.transformDownWithPruning(AnalysisHelper.scala:360)
[2025-08-18T04:12:48.623+0000] {spark_submit.py:579} INFO - at org.apache.spark.sql.catalyst.plans.logical.AnalysisHelper.transformDownWithPruning$(AnalysisHelper.scala:356)
[2025-08-18T04:12:48.624+0000] {spark_submit.py:579} INFO - at org.apache.spark.sql.catalyst.plans.logical.LogicalPlan.transformDownWithPruning(LogicalPlan.scala:37)
[2025-08-18T04:12:48.624+0000] {spark_submit.py:579} INFO - at org.apache.spark.sql.catalyst.plans.logical.LogicalPlan.transformDownWithPruning(LogicalPlan.scala:37)
[2025-08-18T04:12:48.624+0000] {spark_submit.py:579} INFO - at org.apache.spark.sql.catalyst.trees.TreeNode.transformDown(TreeNode.scala:446)
[2025-08-18T04:12:48.625+0000] {spark_submit.py:579} INFO - at org.apache.spark.sql.execution.QueryExecution.eagerlyExecuteCommands(QueryExecution.scala:164)
[2025-08-18T04:12:48.625+0000] {spark_submit.py:579} INFO - at org.apache.spark.sql.execution.QueryExecution.$anonfun$lazyCommandExecuted$1(QueryExecution.scala:126)
[2025-08-18T04:12:48.625+0000] {spark_submit.py:579} INFO - at scala.util.Try$.apply(Try.scala:217)
[2025-08-18T04:12:48.625+0000] {spark_submit.py:579} INFO - at org.apache.spark.util.Utils$.doTryWithCallerStacktrace(Utils.scala:1378)
[2025-08-18T04:12:48.626+0000] {spark_submit.py:579} INFO - at org.apache.spark.util.LazyTry.tryT$lzycompute(LazyTry.scala:46)
[2025-08-18T04:12:48.626+0000] {spark_submit.py:579} INFO - at org.apache.spark.util.LazyTry.tryT(LazyTry.scala:46)
[2025-08-18T04:12:48.626+0000] {spark_submit.py:579} INFO - ... 20 more
[2025-08-18T04:12:48.627+0000] {spark_submit.py:579} INFO - 
[2025-08-18T04:12:48.822+0000] {spark_submit.py:579} INFO - 25/08/18 04:12:48 INFO SparkContext: Invoking stop() from shutdown hook
[2025-08-18T04:12:48.823+0000] {spark_submit.py:579} INFO - 25/08/18 04:12:48 INFO SparkContext: SparkContext is stopping with exitCode 0 from run at Executors.java:539.
[2025-08-18T04:12:48.832+0000] {spark_submit.py:579} INFO - 25/08/18 04:12:48 INFO SparkUI: Stopped Spark web UI at http://81b7fe425a18:4041
[2025-08-18T04:12:48.835+0000] {spark_submit.py:579} INFO - 25/08/18 04:12:48 INFO StandaloneSchedulerBackend: Shutting down all executors
[2025-08-18T04:12:48.839+0000] {spark_submit.py:579} INFO - 25/08/18 04:12:48 INFO StandaloneSchedulerBackend$StandaloneDriverEndpoint: Asking each executor to shut down
[2025-08-18T04:12:48.853+0000] {spark_submit.py:579} INFO - 25/08/18 04:12:48 INFO MapOutputTrackerMasterEndpoint: MapOutputTrackerMasterEndpoint stopped!
[2025-08-18T04:12:48.881+0000] {spark_submit.py:579} INFO - 25/08/18 04:12:48 INFO MemoryStore: MemoryStore started with capacity 434.4 MiB
[2025-08-18T04:12:48.882+0000] {spark_submit.py:579} INFO - 25/08/18 04:12:48 INFO MemoryStore: MemoryStore cleared
[2025-08-18T04:12:48.883+0000] {spark_submit.py:579} INFO - 25/08/18 04:12:48 INFO BlockManager: BlockManager stopped
[2025-08-18T04:12:48.891+0000] {spark_submit.py:579} INFO - 25/08/18 04:12:48 INFO BlockManagerMaster: BlockManagerMaster stopped
[2025-08-18T04:12:48.893+0000] {spark_submit.py:579} INFO - 25/08/18 04:12:48 INFO OutputCommitCoordinator$OutputCommitCoordinatorEndpoint: OutputCommitCoordinator stopped!
[2025-08-18T04:12:48.910+0000] {spark_submit.py:579} INFO - 25/08/18 04:12:48 INFO SparkContext: Successfully stopped SparkContext
[2025-08-18T04:12:48.911+0000] {spark_submit.py:579} INFO - 25/08/18 04:12:48 INFO ShutdownHookManager: Shutdown hook called
[2025-08-18T04:12:48.912+0000] {spark_submit.py:579} INFO - 25/08/18 04:12:48 INFO ShutdownHookManager: Deleting directory /tmp/spark-4c7f0fef-207c-493e-8757-e65e154d7325
[2025-08-18T04:12:48.924+0000] {spark_submit.py:579} INFO - 25/08/18 04:12:48 INFO ShutdownHookManager: Deleting directory /tmp/spark-bb139f5f-053f-44ec-8157-921983923e35
[2025-08-18T04:12:48.934+0000] {spark_submit.py:579} INFO - 25/08/18 04:12:48 INFO ShutdownHookManager: Deleting directory /tmp/spark-4c7f0fef-207c-493e-8757-e65e154d7325/pyspark-b7bd3f29-a3f8-485b-8cf0-5e61675f041f
[2025-08-18T04:12:48.942+0000] {spark_submit.py:579} INFO - 25/08/18 04:12:48 INFO ShutdownHookManager: Deleting directory /opt/***/artifacts/spark-fd780272-a6ff-41cf-9731-83c73cacbae4
[2025-08-18T04:12:49.022+0000] {taskinstance.py:1935} ERROR - Task failed with exception
Traceback (most recent call last):
  File "/home/airflow/.local/lib/python3.10/site-packages/airflow/providers/apache/spark/operators/spark_submit.py", line 174, in execute
    self._hook.submit(self.application)
  File "/home/airflow/.local/lib/python3.10/site-packages/airflow/providers/apache/spark/hooks/spark_submit.py", line 505, in submit
    raise AirflowException(
airflow.exceptions.AirflowException: Cannot execute: spark-submit --master spark://spark-master:7077 --jars /opt/spark/external-jars/apache-spark-sql-connector.jar --name arrow-spark --deploy-mode client jobs/python/wordcountjob.py. Error code is: 1.
[2025-08-18T04:12:49.033+0000] {taskinstance.py:1398} INFO - Marking task as FAILED. dag_id=sparking_flow, task_id=python_job, execution_date=20250818T000000, start_date=20250818T041231, end_date=20250818T041249
[2025-08-18T04:12:49.057+0000] {standard_task_runner.py:104} ERROR - Failed to execute job 33 for task python_job (Cannot execute: spark-submit --master spark://spark-master:7077 --jars /opt/spark/external-jars/apache-spark-sql-connector.jar --name arrow-spark --deploy-mode client jobs/python/wordcountjob.py. Error code is: 1.; 580)
[2025-08-18T04:12:49.096+0000] {local_task_job_runner.py:228} INFO - Task exited with return code 1
[2025-08-18T04:12:49.136+0000] {taskinstance.py:2776} INFO - 0 downstream tasks scheduled from follow-on schedule check
