[2025-09-02T15:24:01.644+0000] {taskinstance.py:1157} INFO - Dependencies all met for dep_context=non-requeueable deps ti=<TaskInstance: sparking_flow.python_job manual__2025-09-02T15:23:57.021197+00:00 [queued]>
[2025-09-02T15:24:01.650+0000] {taskinstance.py:1157} INFO - Dependencies all met for dep_context=requeueable deps ti=<TaskInstance: sparking_flow.python_job manual__2025-09-02T15:23:57.021197+00:00 [queued]>
[2025-09-02T15:24:01.651+0000] {taskinstance.py:1359} INFO - Starting attempt 1 of 1
[2025-09-02T15:24:01.665+0000] {taskinstance.py:1380} INFO - Executing <Task(SparkSubmitOperator): python_job> on 2025-09-02 15:23:57.021197+00:00
[2025-09-02T15:24:01.671+0000] {standard_task_runner.py:57} INFO - Started process 9703 to run task
[2025-09-02T15:24:01.674+0000] {standard_task_runner.py:84} INFO - Running: ['***', 'tasks', 'run', 'sparking_flow', 'python_job', 'manual__2025-09-02T15:23:57.021197+00:00', '--job-id', '64', '--raw', '--subdir', 'DAGS_FOLDER/spark_***.py', '--cfg-path', '/tmp/tmpt_0oxq1l']
[2025-09-02T15:24:01.677+0000] {standard_task_runner.py:85} INFO - Job 64: Subtask python_job
[2025-09-02T15:24:01.747+0000] {task_command.py:415} INFO - Running <TaskInstance: sparking_flow.python_job manual__2025-09-02T15:23:57.021197+00:00 [running]> on host 7b2a3a75c36f
[2025-09-02T15:24:01.833+0000] {taskinstance.py:1660} INFO - Exporting env vars: AIRFLOW_CTX_DAG_OWNER='Kudzaishe Manyanya' AIRFLOW_CTX_DAG_ID='sparking_flow' AIRFLOW_CTX_TASK_ID='python_job' AIRFLOW_CTX_EXECUTION_DATE='2025-09-02T15:23:57.021197+00:00' AIRFLOW_CTX_TRY_NUMBER='1' AIRFLOW_CTX_DAG_RUN_ID='manual__2025-09-02T15:23:57.021197+00:00'
[2025-09-02T15:24:01.845+0000] {base.py:73} INFO - Using connection ID 'spark-conn' for task execution.
[2025-09-02T15:24:01.846+0000] {spark_submit.py:403} INFO - Spark-Submit cmd: spark-submit --master spark://spark-master:7077 --jars /opt/spark/external-jars/apache-spark-sql-connector.jar --name arrow-spark --deploy-mode client jobs/python/wordcountjob.py
[2025-09-02T15:24:02.657+0000] {spark_submit.py:579} INFO - WARNING: Using incubator modules: jdk.incubator.vector
[2025-09-02T15:24:04.589+0000] {spark_submit.py:579} INFO - 25/09/02 15:24:04 WARN NativeCodeLoader: Unable to load native-hadoop library for your platform... using builtin-java classes where applicable
[2025-09-02T15:24:06.976+0000] {spark_submit.py:579} INFO - Using Spark's default log4j profile: org/apache/spark/log4j2-defaults.properties
[2025-09-02T15:24:06.983+0000] {spark_submit.py:579} INFO - 25/09/02 15:24:06 INFO SparkContext: Running Spark version 4.0.0
[2025-09-02T15:24:06.985+0000] {spark_submit.py:579} INFO - 25/09/02 15:24:06 INFO SparkContext: OS info Linux, 6.6.87.2-microsoft-standard-WSL2, amd64
[2025-09-02T15:24:06.986+0000] {spark_submit.py:579} INFO - 25/09/02 15:24:06 INFO SparkContext: Java version 17.0.15
[2025-09-02T15:24:07.014+0000] {spark_submit.py:579} INFO - 25/09/02 15:24:07 INFO ResourceUtils: ==============================================================
[2025-09-02T15:24:07.015+0000] {spark_submit.py:579} INFO - 25/09/02 15:24:07 INFO ResourceUtils: No custom resources configured for spark.driver.
[2025-09-02T15:24:07.016+0000] {spark_submit.py:579} INFO - 25/09/02 15:24:07 INFO ResourceUtils: ==============================================================
[2025-09-02T15:24:07.017+0000] {spark_submit.py:579} INFO - 25/09/02 15:24:07 INFO SparkContext: Submitted application: PythonWordCount
[2025-09-02T15:24:07.046+0000] {spark_submit.py:579} INFO - 25/09/02 15:24:07 INFO ResourceProfile: Default ResourceProfile created, executor resources: Map(memory -> name: memory, amount: 1024, script: , vendor: , offHeap -> name: offHeap, amount: 0, script: , vendor: ), task resources: Map(cpus -> name: cpus, amount: 1.0)
[2025-09-02T15:24:07.049+0000] {spark_submit.py:579} INFO - 25/09/02 15:24:07 INFO ResourceProfile: Limiting resource is cpu
[2025-09-02T15:24:07.050+0000] {spark_submit.py:579} INFO - 25/09/02 15:24:07 INFO ResourceProfileManager: Added ResourceProfile id: 0
[2025-09-02T15:24:07.102+0000] {spark_submit.py:579} INFO - 25/09/02 15:24:07 INFO SecurityManager: Changing view acls to: ***
[2025-09-02T15:24:07.103+0000] {spark_submit.py:579} INFO - 25/09/02 15:24:07 INFO SecurityManager: Changing modify acls to: ***
[2025-09-02T15:24:07.103+0000] {spark_submit.py:579} INFO - 25/09/02 15:24:07 INFO SecurityManager: Changing view acls groups to: ***
[2025-09-02T15:24:07.104+0000] {spark_submit.py:579} INFO - 25/09/02 15:24:07 INFO SecurityManager: Changing modify acls groups to: ***
[2025-09-02T15:24:07.105+0000] {spark_submit.py:579} INFO - 25/09/02 15:24:07 INFO SecurityManager: SecurityManager: authentication disabled; ui acls disabled; users with view permissions: *** groups with view permissions: EMPTY; users with modify permissions: ***; groups with modify permissions: EMPTY; RPC SSL disabled
[2025-09-02T15:24:07.410+0000] {spark_submit.py:579} INFO - 25/09/02 15:24:07 INFO Utils: Successfully started service 'sparkDriver' on port 44563.
[2025-09-02T15:24:07.449+0000] {spark_submit.py:579} INFO - 25/09/02 15:24:07 INFO SparkEnv: Registering MapOutputTracker
[2025-09-02T15:24:07.464+0000] {spark_submit.py:579} INFO - 25/09/02 15:24:07 INFO SparkEnv: Registering BlockManagerMaster
[2025-09-02T15:24:07.486+0000] {spark_submit.py:579} INFO - 25/09/02 15:24:07 INFO BlockManagerMasterEndpoint: Using org.apache.spark.storage.DefaultTopologyMapper for getting topology information
[2025-09-02T15:24:07.487+0000] {spark_submit.py:579} INFO - 25/09/02 15:24:07 INFO BlockManagerMasterEndpoint: BlockManagerMasterEndpoint up
[2025-09-02T15:24:07.490+0000] {spark_submit.py:579} INFO - 25/09/02 15:24:07 INFO SparkEnv: Registering BlockManagerMasterHeartbeat
[2025-09-02T15:24:07.527+0000] {spark_submit.py:579} INFO - 25/09/02 15:24:07 INFO DiskBlockManager: Created local directory at /tmp/blockmgr-0f280c5a-7d41-4331-b6d9-ed8ebce30402
[2025-09-02T15:24:07.555+0000] {spark_submit.py:579} INFO - 25/09/02 15:24:07 INFO SparkEnv: Registering OutputCommitCoordinator
[2025-09-02T15:24:07.743+0000] {spark_submit.py:579} INFO - 25/09/02 15:24:07 INFO JettyUtils: Start Jetty 0.0.0.0:4040 for SparkUI
[2025-09-02T15:24:07.823+0000] {spark_submit.py:579} INFO - 25/09/02 15:24:07 INFO Utils: Successfully started service 'SparkUI' on port 4040.
[2025-09-02T15:24:07.867+0000] {spark_submit.py:579} INFO - 25/09/02 15:24:07 INFO SparkContext: Added JAR file:///opt/spark/external-jars/apache-spark-sql-connector.jar at spark://7b2a3a75c36f:44563/jars/apache-spark-sql-connector.jar with timestamp 1756826646969
[2025-09-02T15:24:07.892+0000] {spark_submit.py:579} INFO - 25/09/02 15:24:07 INFO SecurityManager: Changing view acls to: ***
[2025-09-02T15:24:07.893+0000] {spark_submit.py:579} INFO - 25/09/02 15:24:07 INFO SecurityManager: Changing modify acls to: ***
[2025-09-02T15:24:07.894+0000] {spark_submit.py:579} INFO - 25/09/02 15:24:07 INFO SecurityManager: Changing view acls groups to: ***
[2025-09-02T15:24:07.894+0000] {spark_submit.py:579} INFO - 25/09/02 15:24:07 INFO SecurityManager: Changing modify acls groups to: ***
[2025-09-02T15:24:07.895+0000] {spark_submit.py:579} INFO - 25/09/02 15:24:07 INFO SecurityManager: SecurityManager: authentication disabled; ui acls disabled; users with view permissions: *** groups with view permissions: EMPTY; users with modify permissions: ***; groups with modify permissions: EMPTY; RPC SSL disabled
[2025-09-02T15:24:08.101+0000] {spark_submit.py:579} INFO - 25/09/02 15:24:08 INFO StandaloneAppClient$ClientEndpoint: Connecting to master spark://spark-master:7077...
[2025-09-02T15:24:08.165+0000] {spark_submit.py:579} INFO - 25/09/02 15:24:08 INFO TransportClientFactory: Successfully created connection to spark-master/172.18.0.3:7077 after 31 ms (0 ms spent in bootstraps)
[2025-09-02T15:24:08.544+0000] {spark_submit.py:579} INFO - 25/09/02 15:24:08 INFO StandaloneSchedulerBackend: Connected to Spark cluster with app ID app-20250902152408-0006
[2025-09-02T15:24:08.552+0000] {spark_submit.py:579} INFO - 25/09/02 15:24:08 INFO Utils: Successfully started service 'org.apache.spark.network.netty.NettyBlockTransferService' on port 32987.
[2025-09-02T15:24:08.553+0000] {spark_submit.py:579} INFO - 25/09/02 15:24:08 INFO NettyBlockTransferService: Server created on 7b2a3a75c36f:32987
[2025-09-02T15:24:08.555+0000] {spark_submit.py:579} INFO - 25/09/02 15:24:08 INFO BlockManager: Using org.apache.spark.storage.RandomBlockReplicationPolicy for block replication policy
[2025-09-02T15:24:08.564+0000] {spark_submit.py:579} INFO - 25/09/02 15:24:08 INFO StandaloneAppClient$ClientEndpoint: Executor added: app-20250902152408-0006/0 on worker-20250902012700-172.18.0.5-42501 (172.18.0.5:42501) with 2 core(s)
[2025-09-02T15:24:08.569+0000] {spark_submit.py:579} INFO - 25/09/02 15:24:08 INFO StandaloneSchedulerBackend: Granted executor ID app-20250902152408-0006/0 on hostPort 172.18.0.5:42501 with 2 core(s), 1024.0 MiB RAM
[2025-09-02T15:24:08.571+0000] {spark_submit.py:579} INFO - 25/09/02 15:24:08 INFO BlockManagerMaster: Registering BlockManager BlockManagerId(driver, 7b2a3a75c36f, 32987, None)
[2025-09-02T15:24:08.576+0000] {spark_submit.py:579} INFO - 25/09/02 15:24:08 INFO BlockManagerMasterEndpoint: Registering block manager 7b2a3a75c36f:32987 with 434.4 MiB RAM, BlockManagerId(driver, 7b2a3a75c36f, 32987, None)
[2025-09-02T15:24:08.578+0000] {spark_submit.py:579} INFO - 25/09/02 15:24:08 INFO BlockManagerMaster: Registered BlockManager BlockManagerId(driver, 7b2a3a75c36f, 32987, None)
[2025-09-02T15:24:08.579+0000] {spark_submit.py:579} INFO - 25/09/02 15:24:08 INFO BlockManager: Initialized BlockManager: BlockManagerId(driver, 7b2a3a75c36f, 32987, None)
[2025-09-02T15:24:08.734+0000] {spark_submit.py:579} INFO - 25/09/02 15:24:08 INFO StandaloneSchedulerBackend: SchedulerBackend is ready for scheduling beginning after reached minRegisteredResourcesRatio: 0.0
[2025-09-02T15:24:09.074+0000] {spark_submit.py:579} INFO - 25/09/02 15:24:09 INFO StandaloneAppClient$ClientEndpoint: Executor updated: app-20250902152408-0006/0 is now RUNNING
[2025-09-02T15:24:13.137+0000] {spark_submit.py:579} INFO - 25/09/02 15:24:13 INFO StandaloneSchedulerBackend$StandaloneDriverEndpoint: Registered executor NettyRpcEndpointRef(spark-client://Executor) (172.18.0.5:55590) with ID 0, ResourceProfileId 0
[2025-09-02T15:24:13.266+0000] {spark_submit.py:579} INFO - 25/09/02 15:24:13 INFO BlockManagerMasterEndpoint: Registering block manager 172.18.0.5:33241 with 434.4 MiB RAM, BlockManagerId(0, 172.18.0.5, 33241, None)
[2025-09-02T15:24:14.089+0000] {spark_submit.py:579} INFO - dict_keys(['daily', 'daily960', 'live_rapid', 'live_blitz', 'live_bullet', 'live_bughouse', 'live_blitz960', 'live_threecheck', 'live_crazyhouse', 'tactics', 'rush', 'battle'])
[2025-09-02T15:24:14.827+0000] {spark_submit.py:579} INFO - 25/09/02 15:24:14 INFO SharedState: Setting hive.metastore.warehouse.dir ('null') to the value of spark.sql.warehouse.dir.
[2025-09-02T15:24:14.830+0000] {spark_submit.py:579} INFO - 25/09/02 15:24:14 INFO SharedState: Warehouse path is 'file:/opt/***/spark-warehouse'.
[2025-09-02T15:24:32.228+0000] {spark_submit.py:579} INFO - Traceback (most recent call last):
[2025-09-02T15:24:32.228+0000] {spark_submit.py:579} INFO - File "/opt/***/jobs/python/wordcountjob.py", line 202, in <module>
[2025-09-02T15:24:32.231+0000] {spark_submit.py:579} INFO - write_data(daily,"daily")
[2025-09-02T15:24:32.231+0000] {spark_submit.py:579} INFO - File "/opt/***/jobs/python/wordcountjob.py", line 198, in write_data
[2025-09-02T15:24:32.234+0000] {spark_submit.py:579} INFO - df.write.mode("overwrite").jdbc(url=jdbc_url, table=f"cs.{table}", properties=properties)
[2025-09-02T15:24:32.235+0000] {spark_submit.py:579} INFO - File "/home/***/.local/lib/python3.10/site-packages/pyspark/python/lib/pyspark.zip/pyspark/sql/readwriter.py", line 2347, in jdbc
[2025-09-02T15:24:32.236+0000] {spark_submit.py:579} INFO - File "/home/***/.local/lib/python3.10/site-packages/pyspark/python/lib/py4j-0.10.9.9-src.zip/py4j/java_gateway.py", line 1362, in __call__
[2025-09-02T15:24:32.237+0000] {spark_submit.py:579} INFO - File "/home/***/.local/lib/python3.10/site-packages/pyspark/python/lib/pyspark.zip/pyspark/errors/exceptions/captured.py", line 282, in deco
[2025-09-02T15:24:32.238+0000] {spark_submit.py:579} INFO - File "/home/***/.local/lib/python3.10/site-packages/pyspark/python/lib/py4j-0.10.9.9-src.zip/py4j/protocol.py", line 327, in get_return_value
[2025-09-02T15:24:32.286+0000] {spark_submit.py:579} INFO - py4j.protocol.Py4JJavaError: An error occurred while calling o308.jdbc.
[2025-09-02T15:24:32.288+0000] {spark_submit.py:579} INFO - : com.microsoft.sqlserver.jdbc.SQLServerException: Database 'chess' on server 'kudzie.database.windows.net' is not currently available.  Please retry the connection later.  If the problem persists, contact customer support, and provide them the session tracing ID of '{ABF0F942-16A6-492C-8728-80BE27FE33CE}'. ClientConnectionId:a6f04346-a390-4f88-915d-25e7746fb656
[2025-09-02T15:24:32.293+0000] {spark_submit.py:579} INFO - at com.microsoft.sqlserver.jdbc.SQLServerException.makeFromDatabaseError(SQLServerException.java:256)
[2025-09-02T15:24:32.295+0000] {spark_submit.py:579} INFO - at com.microsoft.sqlserver.jdbc.TDSTokenHandler.onEOF(tdsparser.java:258)
[2025-09-02T15:24:32.297+0000] {spark_submit.py:579} INFO - at com.microsoft.sqlserver.jdbc.TDSParser.parse(tdsparser.java:104)
[2025-09-02T15:24:32.298+0000] {spark_submit.py:579} INFO - at com.microsoft.sqlserver.jdbc.SQLServerConnection.sendLogon(SQLServerConnection.java:5028)
[2025-09-02T15:24:32.299+0000] {spark_submit.py:579} INFO - at com.microsoft.sqlserver.jdbc.SQLServerConnection.logon(SQLServerConnection.java:3660)
[2025-09-02T15:24:32.299+0000] {spark_submit.py:579} INFO - at com.microsoft.sqlserver.jdbc.SQLServerConnection.access$000(SQLServerConnection.java:94)
[2025-09-02T15:24:32.300+0000] {spark_submit.py:579} INFO - at com.microsoft.sqlserver.jdbc.SQLServerConnection$LogonCommand.doExecute(SQLServerConnection.java:3619)
[2025-09-02T15:24:32.300+0000] {spark_submit.py:579} INFO - at com.microsoft.sqlserver.jdbc.TDSCommand.execute(IOBuffer.java:7194)
[2025-09-02T15:24:32.300+0000] {spark_submit.py:579} INFO - at com.microsoft.sqlserver.jdbc.SQLServerConnection.executeCommand(SQLServerConnection.java:2930)
[2025-09-02T15:24:32.301+0000] {spark_submit.py:579} INFO - at com.microsoft.sqlserver.jdbc.SQLServerConnection.connectHelper(SQLServerConnection.java:2456)
[2025-09-02T15:24:32.301+0000] {spark_submit.py:579} INFO - at com.microsoft.sqlserver.jdbc.SQLServerConnection.login(SQLServerConnection.java:2103)
[2025-09-02T15:24:32.302+0000] {spark_submit.py:579} INFO - at com.microsoft.sqlserver.jdbc.SQLServerConnection.connectInternal(SQLServerConnection.java:1950)
[2025-09-02T15:24:32.302+0000] {spark_submit.py:579} INFO - at com.microsoft.sqlserver.jdbc.SQLServerConnection.connect(SQLServerConnection.java:1162)
[2025-09-02T15:24:32.302+0000] {spark_submit.py:579} INFO - at com.microsoft.sqlserver.jdbc.SQLServerDriver.connect(SQLServerDriver.java:735)
[2025-09-02T15:24:32.303+0000] {spark_submit.py:579} INFO - at org.apache.spark.sql.execution.datasources.jdbc.connection.BasicConnectionProvider.getConnection(BasicConnectionProvider.scala:50)
[2025-09-02T15:24:32.303+0000] {spark_submit.py:579} INFO - at org.apache.spark.sql.execution.datasources.jdbc.connection.ConnectionProviderBase.create(ConnectionProvider.scala:102)
[2025-09-02T15:24:32.303+0000] {spark_submit.py:579} INFO - at org.apache.spark.sql.jdbc.JdbcDialect.$anonfun$createConnectionFactory$1(JdbcDialects.scala:235)
[2025-09-02T15:24:32.304+0000] {spark_submit.py:579} INFO - at org.apache.spark.sql.jdbc.JdbcDialect.$anonfun$createConnectionFactory$1$adapted(JdbcDialects.scala:231)
[2025-09-02T15:24:32.304+0000] {spark_submit.py:579} INFO - at org.apache.spark.sql.execution.datasources.jdbc.JdbcRelationProvider.createRelation(JdbcRelationProvider.scala:51)
[2025-09-02T15:24:32.304+0000] {spark_submit.py:579} INFO - at org.apache.spark.sql.execution.datasources.SaveIntoDataSourceCommand.run(SaveIntoDataSourceCommand.scala:55)
[2025-09-02T15:24:32.305+0000] {spark_submit.py:579} INFO - at org.apache.spark.sql.execution.command.ExecutedCommandExec.sideEffectResult$lzycompute(commands.scala:79)
[2025-09-02T15:24:32.305+0000] {spark_submit.py:579} INFO - at org.apache.spark.sql.execution.command.ExecutedCommandExec.sideEffectResult(commands.scala:77)
[2025-09-02T15:24:32.305+0000] {spark_submit.py:579} INFO - at org.apache.spark.sql.execution.command.ExecutedCommandExec.executeCollect(commands.scala:88)
[2025-09-02T15:24:32.305+0000] {spark_submit.py:579} INFO - at org.apache.spark.sql.execution.QueryExecution.$anonfun$eagerlyExecuteCommands$2(QueryExecution.scala:155)
[2025-09-02T15:24:32.306+0000] {spark_submit.py:579} INFO - at org.apache.spark.sql.execution.SQLExecution$.$anonfun$withNewExecutionId0$8(SQLExecution.scala:162)
[2025-09-02T15:24:32.306+0000] {spark_submit.py:579} INFO - at org.apache.spark.sql.execution.SQLExecution$.withSessionTagsApplied(SQLExecution.scala:268)
[2025-09-02T15:24:32.306+0000] {spark_submit.py:579} INFO - at org.apache.spark.sql.execution.SQLExecution$.$anonfun$withNewExecutionId0$7(SQLExecution.scala:124)
[2025-09-02T15:24:32.306+0000] {spark_submit.py:579} INFO - at org.apache.spark.JobArtifactSet$.withActiveJobArtifactState(JobArtifactSet.scala:94)
[2025-09-02T15:24:32.306+0000] {spark_submit.py:579} INFO - at org.apache.spark.sql.artifact.ArtifactManager.$anonfun$withResources$1(ArtifactManager.scala:112)
[2025-09-02T15:24:32.307+0000] {spark_submit.py:579} INFO - at org.apache.spark.sql.artifact.ArtifactManager.withClassLoaderIfNeeded(ArtifactManager.scala:106)
[2025-09-02T15:24:32.307+0000] {spark_submit.py:579} INFO - at org.apache.spark.sql.artifact.ArtifactManager.withResources(ArtifactManager.scala:111)
[2025-09-02T15:24:32.307+0000] {spark_submit.py:579} INFO - at org.apache.spark.sql.execution.SQLExecution$.$anonfun$withNewExecutionId0$6(SQLExecution.scala:124)
[2025-09-02T15:24:32.307+0000] {spark_submit.py:579} INFO - at org.apache.spark.sql.execution.SQLExecution$.withSQLConfPropagated(SQLExecution.scala:291)
[2025-09-02T15:24:32.307+0000] {spark_submit.py:579} INFO - at org.apache.spark.sql.execution.SQLExecution$.$anonfun$withNewExecutionId0$1(SQLExecution.scala:123)
[2025-09-02T15:24:32.308+0000] {spark_submit.py:579} INFO - at org.apache.spark.sql.SparkSession.withActive(SparkSession.scala:804)
[2025-09-02T15:24:32.308+0000] {spark_submit.py:579} INFO - at org.apache.spark.sql.execution.SQLExecution$.withNewExecutionId0(SQLExecution.scala:77)
[2025-09-02T15:24:32.308+0000] {spark_submit.py:579} INFO - at org.apache.spark.sql.execution.SQLExecution$.withNewExecutionId(SQLExecution.scala:233)
[2025-09-02T15:24:32.308+0000] {spark_submit.py:579} INFO - at org.apache.spark.sql.execution.QueryExecution.$anonfun$eagerlyExecuteCommands$1(QueryExecution.scala:155)
[2025-09-02T15:24:32.308+0000] {spark_submit.py:579} INFO - at org.apache.spark.sql.execution.QueryExecution$.withInternalError(QueryExecution.scala:654)
[2025-09-02T15:24:32.308+0000] {spark_submit.py:579} INFO - at org.apache.spark.sql.execution.QueryExecution.org$apache$spark$sql$execution$QueryExecution$$eagerlyExecute$1(QueryExecution.scala:154)
[2025-09-02T15:24:32.309+0000] {spark_submit.py:579} INFO - at org.apache.spark.sql.execution.QueryExecution$$anonfun$eagerlyExecuteCommands$3.applyOrElse(QueryExecution.scala:169)
[2025-09-02T15:24:32.309+0000] {spark_submit.py:579} INFO - at org.apache.spark.sql.execution.QueryExecution$$anonfun$eagerlyExecuteCommands$3.applyOrElse(QueryExecution.scala:164)
[2025-09-02T15:24:32.309+0000] {spark_submit.py:579} INFO - at org.apache.spark.sql.catalyst.trees.TreeNode.$anonfun$transformDownWithPruning$1(TreeNode.scala:470)
[2025-09-02T15:24:32.309+0000] {spark_submit.py:579} INFO - at org.apache.spark.sql.catalyst.trees.CurrentOrigin$.withOrigin(origin.scala:86)
[2025-09-02T15:24:32.309+0000] {spark_submit.py:579} INFO - at org.apache.spark.sql.catalyst.trees.TreeNode.transformDownWithPruning(TreeNode.scala:470)
[2025-09-02T15:24:32.310+0000] {spark_submit.py:579} INFO - at org.apache.spark.sql.catalyst.plans.logical.LogicalPlan.org$apache$spark$sql$catalyst$plans$logical$AnalysisHelper$$super$transformDownWithPruning(LogicalPlan.scala:37)
[2025-09-02T15:24:32.310+0000] {spark_submit.py:579} INFO - at org.apache.spark.sql.catalyst.plans.logical.AnalysisHelper.transformDownWithPruning(AnalysisHelper.scala:360)
[2025-09-02T15:24:32.311+0000] {spark_submit.py:579} INFO - at org.apache.spark.sql.catalyst.plans.logical.AnalysisHelper.transformDownWithPruning$(AnalysisHelper.scala:356)
[2025-09-02T15:24:32.311+0000] {spark_submit.py:579} INFO - at org.apache.spark.sql.catalyst.plans.logical.LogicalPlan.transformDownWithPruning(LogicalPlan.scala:37)
[2025-09-02T15:24:32.311+0000] {spark_submit.py:579} INFO - at org.apache.spark.sql.catalyst.plans.logical.LogicalPlan.transformDownWithPruning(LogicalPlan.scala:37)
[2025-09-02T15:24:32.311+0000] {spark_submit.py:579} INFO - at org.apache.spark.sql.catalyst.trees.TreeNode.transformDown(TreeNode.scala:446)
[2025-09-02T15:24:32.312+0000] {spark_submit.py:579} INFO - at org.apache.spark.sql.execution.QueryExecution.eagerlyExecuteCommands(QueryExecution.scala:164)
[2025-09-02T15:24:32.312+0000] {spark_submit.py:579} INFO - at org.apache.spark.sql.execution.QueryExecution.$anonfun$lazyCommandExecuted$1(QueryExecution.scala:126)
[2025-09-02T15:24:32.312+0000] {spark_submit.py:579} INFO - at scala.util.Try$.apply(Try.scala:217)
[2025-09-02T15:24:32.312+0000] {spark_submit.py:579} INFO - at org.apache.spark.util.Utils$.doTryWithCallerStacktrace(Utils.scala:1378)
[2025-09-02T15:24:32.312+0000] {spark_submit.py:579} INFO - at org.apache.spark.util.Utils$.getTryWithCallerStacktrace(Utils.scala:1439)
[2025-09-02T15:24:32.312+0000] {spark_submit.py:579} INFO - at org.apache.spark.util.LazyTry.get(LazyTry.scala:58)
[2025-09-02T15:24:32.313+0000] {spark_submit.py:579} INFO - at org.apache.spark.sql.execution.QueryExecution.commandExecuted(QueryExecution.scala:131)
[2025-09-02T15:24:32.313+0000] {spark_submit.py:579} INFO - at org.apache.spark.sql.execution.QueryExecution.assertCommandExecuted(QueryExecution.scala:192)
[2025-09-02T15:24:32.313+0000] {spark_submit.py:579} INFO - at org.apache.spark.sql.classic.DataFrameWriter.runCommand(DataFrameWriter.scala:622)
[2025-09-02T15:24:32.313+0000] {spark_submit.py:579} INFO - at org.apache.spark.sql.classic.DataFrameWriter.saveToV1Source(DataFrameWriter.scala:273)
[2025-09-02T15:24:32.314+0000] {spark_submit.py:579} INFO - at org.apache.spark.sql.classic.DataFrameWriter.saveInternal(DataFrameWriter.scala:241)
[2025-09-02T15:24:32.314+0000] {spark_submit.py:579} INFO - at org.apache.spark.sql.classic.DataFrameWriter.save(DataFrameWriter.scala:126)
[2025-09-02T15:24:32.314+0000] {spark_submit.py:579} INFO - at org.apache.spark.sql.DataFrameWriter.jdbc(DataFrameWriter.scala:334)
[2025-09-02T15:24:32.315+0000] {spark_submit.py:579} INFO - at java.base/jdk.internal.reflect.NativeMethodAccessorImpl.invoke0(Native Method)
[2025-09-02T15:24:32.315+0000] {spark_submit.py:579} INFO - at java.base/jdk.internal.reflect.NativeMethodAccessorImpl.invoke(NativeMethodAccessorImpl.java:77)
[2025-09-02T15:24:32.315+0000] {spark_submit.py:579} INFO - at java.base/jdk.internal.reflect.DelegatingMethodAccessorImpl.invoke(DelegatingMethodAccessorImpl.java:43)
[2025-09-02T15:24:32.315+0000] {spark_submit.py:579} INFO - at java.base/java.lang.reflect.Method.invoke(Method.java:569)
[2025-09-02T15:24:32.315+0000] {spark_submit.py:579} INFO - at py4j.reflection.MethodInvoker.invoke(MethodInvoker.java:244)
[2025-09-02T15:24:32.315+0000] {spark_submit.py:579} INFO - at py4j.reflection.ReflectionEngine.invoke(ReflectionEngine.java:374)
[2025-09-02T15:24:32.316+0000] {spark_submit.py:579} INFO - at py4j.Gateway.invoke(Gateway.java:282)
[2025-09-02T15:24:32.316+0000] {spark_submit.py:579} INFO - at py4j.commands.AbstractCommand.invokeMethod(AbstractCommand.java:132)
[2025-09-02T15:24:32.316+0000] {spark_submit.py:579} INFO - at py4j.commands.CallCommand.execute(CallCommand.java:79)
[2025-09-02T15:24:32.317+0000] {spark_submit.py:579} INFO - at py4j.ClientServerConnection.waitForCommands(ClientServerConnection.java:184)
[2025-09-02T15:24:32.317+0000] {spark_submit.py:579} INFO - at py4j.ClientServerConnection.run(ClientServerConnection.java:108)
[2025-09-02T15:24:32.317+0000] {spark_submit.py:579} INFO - at java.base/java.lang.Thread.run(Thread.java:840)
[2025-09-02T15:24:32.317+0000] {spark_submit.py:579} INFO - Suppressed: org.apache.spark.util.Utils$OriginalTryStackTraceException: Full stacktrace of original doTryWithCallerStacktrace caller
[2025-09-02T15:24:32.318+0000] {spark_submit.py:579} INFO - at com.microsoft.sqlserver.jdbc.SQLServerException.makeFromDatabaseError(SQLServerException.java:256)
[2025-09-02T15:24:32.318+0000] {spark_submit.py:579} INFO - at com.microsoft.sqlserver.jdbc.TDSTokenHandler.onEOF(tdsparser.java:258)
[2025-09-02T15:24:32.318+0000] {spark_submit.py:579} INFO - at com.microsoft.sqlserver.jdbc.TDSParser.parse(tdsparser.java:104)
[2025-09-02T15:24:32.318+0000] {spark_submit.py:579} INFO - at com.microsoft.sqlserver.jdbc.SQLServerConnection.sendLogon(SQLServerConnection.java:5028)
[2025-09-02T15:24:32.319+0000] {spark_submit.py:579} INFO - at com.microsoft.sqlserver.jdbc.SQLServerConnection.logon(SQLServerConnection.java:3660)
[2025-09-02T15:24:32.319+0000] {spark_submit.py:579} INFO - at com.microsoft.sqlserver.jdbc.SQLServerConnection.access$000(SQLServerConnection.java:94)
[2025-09-02T15:24:32.319+0000] {spark_submit.py:579} INFO - at com.microsoft.sqlserver.jdbc.SQLServerConnection$LogonCommand.doExecute(SQLServerConnection.java:3619)
[2025-09-02T15:24:32.319+0000] {spark_submit.py:579} INFO - at com.microsoft.sqlserver.jdbc.TDSCommand.execute(IOBuffer.java:7194)
[2025-09-02T15:24:32.320+0000] {spark_submit.py:579} INFO - at com.microsoft.sqlserver.jdbc.SQLServerConnection.executeCommand(SQLServerConnection.java:2930)
[2025-09-02T15:24:32.320+0000] {spark_submit.py:579} INFO - at com.microsoft.sqlserver.jdbc.SQLServerConnection.connectHelper(SQLServerConnection.java:2456)
[2025-09-02T15:24:32.320+0000] {spark_submit.py:579} INFO - at com.microsoft.sqlserver.jdbc.SQLServerConnection.login(SQLServerConnection.java:2103)
[2025-09-02T15:24:32.320+0000] {spark_submit.py:579} INFO - at com.microsoft.sqlserver.jdbc.SQLServerConnection.connectInternal(SQLServerConnection.java:1950)
[2025-09-02T15:24:32.321+0000] {spark_submit.py:579} INFO - at com.microsoft.sqlserver.jdbc.SQLServerConnection.connect(SQLServerConnection.java:1162)
[2025-09-02T15:24:32.321+0000] {spark_submit.py:579} INFO - at com.microsoft.sqlserver.jdbc.SQLServerDriver.connect(SQLServerDriver.java:735)
[2025-09-02T15:24:32.321+0000] {spark_submit.py:579} INFO - at org.apache.spark.sql.execution.datasources.jdbc.connection.BasicConnectionProvider.getConnection(BasicConnectionProvider.scala:50)
[2025-09-02T15:24:32.321+0000] {spark_submit.py:579} INFO - at org.apache.spark.sql.execution.datasources.jdbc.connection.ConnectionProviderBase.create(ConnectionProvider.scala:102)
[2025-09-02T15:24:32.321+0000] {spark_submit.py:579} INFO - at org.apache.spark.sql.jdbc.JdbcDialect.$anonfun$createConnectionFactory$1(JdbcDialects.scala:235)
[2025-09-02T15:24:32.322+0000] {spark_submit.py:579} INFO - at org.apache.spark.sql.jdbc.JdbcDialect.$anonfun$createConnectionFactory$1$adapted(JdbcDialects.scala:231)
[2025-09-02T15:24:32.322+0000] {spark_submit.py:579} INFO - at org.apache.spark.sql.execution.datasources.jdbc.JdbcRelationProvider.createRelation(JdbcRelationProvider.scala:51)
[2025-09-02T15:24:32.322+0000] {spark_submit.py:579} INFO - at org.apache.spark.sql.execution.datasources.SaveIntoDataSourceCommand.run(SaveIntoDataSourceCommand.scala:55)
[2025-09-02T15:24:32.322+0000] {spark_submit.py:579} INFO - at org.apache.spark.sql.execution.command.ExecutedCommandExec.sideEffectResult$lzycompute(commands.scala:79)
[2025-09-02T15:24:32.323+0000] {spark_submit.py:579} INFO - at org.apache.spark.sql.execution.command.ExecutedCommandExec.sideEffectResult(commands.scala:77)
[2025-09-02T15:24:32.323+0000] {spark_submit.py:579} INFO - at org.apache.spark.sql.execution.command.ExecutedCommandExec.executeCollect(commands.scala:88)
[2025-09-02T15:24:32.323+0000] {spark_submit.py:579} INFO - at org.apache.spark.sql.execution.QueryExecution.$anonfun$eagerlyExecuteCommands$2(QueryExecution.scala:155)
[2025-09-02T15:24:32.323+0000] {spark_submit.py:579} INFO - at org.apache.spark.sql.execution.SQLExecution$.$anonfun$withNewExecutionId0$8(SQLExecution.scala:162)
[2025-09-02T15:24:32.324+0000] {spark_submit.py:579} INFO - at org.apache.spark.sql.execution.SQLExecution$.withSessionTagsApplied(SQLExecution.scala:268)
[2025-09-02T15:24:32.324+0000] {spark_submit.py:579} INFO - at org.apache.spark.sql.execution.SQLExecution$.$anonfun$withNewExecutionId0$7(SQLExecution.scala:124)
[2025-09-02T15:24:32.324+0000] {spark_submit.py:579} INFO - at org.apache.spark.JobArtifactSet$.withActiveJobArtifactState(JobArtifactSet.scala:94)
[2025-09-02T15:24:32.324+0000] {spark_submit.py:579} INFO - at org.apache.spark.sql.artifact.ArtifactManager.$anonfun$withResources$1(ArtifactManager.scala:112)
[2025-09-02T15:24:32.324+0000] {spark_submit.py:579} INFO - at org.apache.spark.sql.artifact.ArtifactManager.withClassLoaderIfNeeded(ArtifactManager.scala:106)
[2025-09-02T15:24:32.324+0000] {spark_submit.py:579} INFO - at org.apache.spark.sql.artifact.ArtifactManager.withResources(ArtifactManager.scala:111)
[2025-09-02T15:24:32.325+0000] {spark_submit.py:579} INFO - at org.apache.spark.sql.execution.SQLExecution$.$anonfun$withNewExecutionId0$6(SQLExecution.scala:124)
[2025-09-02T15:24:32.325+0000] {spark_submit.py:579} INFO - at org.apache.spark.sql.execution.SQLExecution$.withSQLConfPropagated(SQLExecution.scala:291)
[2025-09-02T15:24:32.325+0000] {spark_submit.py:579} INFO - at org.apache.spark.sql.execution.SQLExecution$.$anonfun$withNewExecutionId0$1(SQLExecution.scala:123)
[2025-09-02T15:24:32.325+0000] {spark_submit.py:579} INFO - at org.apache.spark.sql.SparkSession.withActive(SparkSession.scala:804)
[2025-09-02T15:24:32.325+0000] {spark_submit.py:579} INFO - at org.apache.spark.sql.execution.SQLExecution$.withNewExecutionId0(SQLExecution.scala:77)
[2025-09-02T15:24:32.326+0000] {spark_submit.py:579} INFO - at org.apache.spark.sql.execution.SQLExecution$.withNewExecutionId(SQLExecution.scala:233)
[2025-09-02T15:24:32.326+0000] {spark_submit.py:579} INFO - at org.apache.spark.sql.execution.QueryExecution.$anonfun$eagerlyExecuteCommands$1(QueryExecution.scala:155)
[2025-09-02T15:24:32.326+0000] {spark_submit.py:579} INFO - at org.apache.spark.sql.execution.QueryExecution$.withInternalError(QueryExecution.scala:654)
[2025-09-02T15:24:32.326+0000] {spark_submit.py:579} INFO - at org.apache.spark.sql.execution.QueryExecution.org$apache$spark$sql$execution$QueryExecution$$eagerlyExecute$1(QueryExecution.scala:154)
[2025-09-02T15:24:32.326+0000] {spark_submit.py:579} INFO - at org.apache.spark.sql.execution.QueryExecution$$anonfun$eagerlyExecuteCommands$3.applyOrElse(QueryExecution.scala:169)
[2025-09-02T15:24:32.326+0000] {spark_submit.py:579} INFO - at org.apache.spark.sql.execution.QueryExecution$$anonfun$eagerlyExecuteCommands$3.applyOrElse(QueryExecution.scala:164)
[2025-09-02T15:24:32.327+0000] {spark_submit.py:579} INFO - at org.apache.spark.sql.catalyst.trees.TreeNode.$anonfun$transformDownWithPruning$1(TreeNode.scala:470)
[2025-09-02T15:24:32.327+0000] {spark_submit.py:579} INFO - at org.apache.spark.sql.catalyst.trees.CurrentOrigin$.withOrigin(origin.scala:86)
[2025-09-02T15:24:32.327+0000] {spark_submit.py:579} INFO - at org.apache.spark.sql.catalyst.trees.TreeNode.transformDownWithPruning(TreeNode.scala:470)
[2025-09-02T15:24:32.327+0000] {spark_submit.py:579} INFO - at org.apache.spark.sql.catalyst.plans.logical.LogicalPlan.org$apache$spark$sql$catalyst$plans$logical$AnalysisHelper$$super$transformDownWithPruning(LogicalPlan.scala:37)
[2025-09-02T15:24:32.327+0000] {spark_submit.py:579} INFO - at org.apache.spark.sql.catalyst.plans.logical.AnalysisHelper.transformDownWithPruning(AnalysisHelper.scala:360)
[2025-09-02T15:24:32.328+0000] {spark_submit.py:579} INFO - at org.apache.spark.sql.catalyst.plans.logical.AnalysisHelper.transformDownWithPruning$(AnalysisHelper.scala:356)
[2025-09-02T15:24:32.328+0000] {spark_submit.py:579} INFO - at org.apache.spark.sql.catalyst.plans.logical.LogicalPlan.transformDownWithPruning(LogicalPlan.scala:37)
[2025-09-02T15:24:32.328+0000] {spark_submit.py:579} INFO - at org.apache.spark.sql.catalyst.plans.logical.LogicalPlan.transformDownWithPruning(LogicalPlan.scala:37)
[2025-09-02T15:24:32.328+0000] {spark_submit.py:579} INFO - at org.apache.spark.sql.catalyst.trees.TreeNode.transformDown(TreeNode.scala:446)
[2025-09-02T15:24:32.328+0000] {spark_submit.py:579} INFO - at org.apache.spark.sql.execution.QueryExecution.eagerlyExecuteCommands(QueryExecution.scala:164)
[2025-09-02T15:24:32.328+0000] {spark_submit.py:579} INFO - at org.apache.spark.sql.execution.QueryExecution.$anonfun$lazyCommandExecuted$1(QueryExecution.scala:126)
[2025-09-02T15:24:32.329+0000] {spark_submit.py:579} INFO - at scala.util.Try$.apply(Try.scala:217)
[2025-09-02T15:24:32.329+0000] {spark_submit.py:579} INFO - at org.apache.spark.util.Utils$.doTryWithCallerStacktrace(Utils.scala:1378)
[2025-09-02T15:24:32.329+0000] {spark_submit.py:579} INFO - at org.apache.spark.util.LazyTry.tryT$lzycompute(LazyTry.scala:46)
[2025-09-02T15:24:32.329+0000] {spark_submit.py:579} INFO - at org.apache.spark.util.LazyTry.tryT(LazyTry.scala:46)
[2025-09-02T15:24:32.329+0000] {spark_submit.py:579} INFO - ... 20 more
[2025-09-02T15:24:32.330+0000] {spark_submit.py:579} INFO - 
[2025-09-02T15:24:32.500+0000] {spark_submit.py:579} INFO - 25/09/02 15:24:32 INFO SparkContext: Invoking stop() from shutdown hook
[2025-09-02T15:24:32.502+0000] {spark_submit.py:579} INFO - 25/09/02 15:24:32 INFO SparkContext: SparkContext is stopping with exitCode 0 from run at Executors.java:539.
[2025-09-02T15:24:32.517+0000] {spark_submit.py:579} INFO - 25/09/02 15:24:32 INFO SparkUI: Stopped Spark web UI at http://7b2a3a75c36f:4040
[2025-09-02T15:24:32.521+0000] {spark_submit.py:579} INFO - 25/09/02 15:24:32 INFO StandaloneSchedulerBackend: Shutting down all executors
[2025-09-02T15:24:32.522+0000] {spark_submit.py:579} INFO - 25/09/02 15:24:32 INFO StandaloneSchedulerBackend$StandaloneDriverEndpoint: Asking each executor to shut down
[2025-09-02T15:24:32.539+0000] {spark_submit.py:579} INFO - 25/09/02 15:24:32 INFO MapOutputTrackerMasterEndpoint: MapOutputTrackerMasterEndpoint stopped!
[2025-09-02T15:24:32.577+0000] {spark_submit.py:579} INFO - 25/09/02 15:24:32 INFO MemoryStore: MemoryStore started with capacity 434.4 MiB
[2025-09-02T15:24:32.581+0000] {spark_submit.py:579} INFO - 25/09/02 15:24:32 INFO MemoryStore: MemoryStore cleared
[2025-09-02T15:24:32.581+0000] {spark_submit.py:579} INFO - 25/09/02 15:24:32 INFO BlockManager: BlockManager stopped
[2025-09-02T15:24:32.585+0000] {spark_submit.py:579} INFO - 25/09/02 15:24:32 INFO BlockManagerMaster: BlockManagerMaster stopped
[2025-09-02T15:24:32.587+0000] {spark_submit.py:579} INFO - 25/09/02 15:24:32 INFO OutputCommitCoordinator$OutputCommitCoordinatorEndpoint: OutputCommitCoordinator stopped!
[2025-09-02T15:24:32.614+0000] {spark_submit.py:579} INFO - 25/09/02 15:24:32 INFO SparkContext: Successfully stopped SparkContext
[2025-09-02T15:24:32.615+0000] {spark_submit.py:579} INFO - 25/09/02 15:24:32 INFO ShutdownHookManager: Shutdown hook called
[2025-09-02T15:24:32.615+0000] {spark_submit.py:579} INFO - 25/09/02 15:24:32 INFO ShutdownHookManager: Deleting directory /tmp/spark-1f1685fe-c3f8-489c-9bf6-01bfe68e3e23
[2025-09-02T15:24:32.631+0000] {spark_submit.py:579} INFO - 25/09/02 15:24:32 INFO ShutdownHookManager: Deleting directory /tmp/spark-1f1685fe-c3f8-489c-9bf6-01bfe68e3e23/pyspark-1f0dcaa2-e081-4075-bc76-ccba01b00b8a
[2025-09-02T15:24:32.643+0000] {spark_submit.py:579} INFO - 25/09/02 15:24:32 INFO ShutdownHookManager: Deleting directory /tmp/spark-a64a8277-a294-41c9-8abd-1a687e867d3a
[2025-09-02T15:24:32.655+0000] {spark_submit.py:579} INFO - 25/09/02 15:24:32 INFO ShutdownHookManager: Deleting directory /opt/***/artifacts/spark-e37f59aa-39aa-4b84-af75-91d6c14a1cb6
[2025-09-02T15:24:32.869+0000] {taskinstance.py:1935} ERROR - Task failed with exception
Traceback (most recent call last):
  File "/home/airflow/.local/lib/python3.10/site-packages/airflow/providers/apache/spark/operators/spark_submit.py", line 174, in execute
    self._hook.submit(self.application)
  File "/home/airflow/.local/lib/python3.10/site-packages/airflow/providers/apache/spark/hooks/spark_submit.py", line 505, in submit
    raise AirflowException(
airflow.exceptions.AirflowException: Cannot execute: spark-submit --master spark://spark-master:7077 --jars /opt/spark/external-jars/apache-spark-sql-connector.jar --name arrow-spark --deploy-mode client jobs/python/wordcountjob.py. Error code is: 1.
[2025-09-02T15:24:32.908+0000] {taskinstance.py:1398} INFO - Marking task as FAILED. dag_id=sparking_flow, task_id=python_job, execution_date=20250902T152357, start_date=20250902T152401, end_date=20250902T152432
[2025-09-02T15:24:32.970+0000] {standard_task_runner.py:104} ERROR - Failed to execute job 64 for task python_job (Cannot execute: spark-submit --master spark://spark-master:7077 --jars /opt/spark/external-jars/apache-spark-sql-connector.jar --name arrow-spark --deploy-mode client jobs/python/wordcountjob.py. Error code is: 1.; 9703)
[2025-09-02T15:24:33.007+0000] {local_task_job_runner.py:228} INFO - Task exited with return code 1
[2025-09-02T15:24:33.083+0000] {taskinstance.py:2776} INFO - 0 downstream tasks scheduled from follow-on schedule check
