[2025-08-18T18:00:01.691+0000] {taskinstance.py:1157} INFO - Dependencies all met for dep_context=non-requeueable deps ti=<TaskInstance: sparking_flow.python_job scheduled__2025-08-18T16:00:00+00:00 [queued]>
[2025-08-18T18:00:01.698+0000] {taskinstance.py:1157} INFO - Dependencies all met for dep_context=requeueable deps ti=<TaskInstance: sparking_flow.python_job scheduled__2025-08-18T16:00:00+00:00 [queued]>
[2025-08-18T18:00:01.698+0000] {taskinstance.py:1359} INFO - Starting attempt 1 of 1
[2025-08-18T18:00:01.710+0000] {taskinstance.py:1380} INFO - Executing <Task(SparkSubmitOperator): python_job> on 2025-08-18 16:00:00+00:00
[2025-08-18T18:00:01.714+0000] {standard_task_runner.py:57} INFO - Started process 1816 to run task
[2025-08-18T18:00:01.717+0000] {standard_task_runner.py:84} INFO - Running: ['***', 'tasks', 'run', 'sparking_flow', 'python_job', 'scheduled__2025-08-18T16:00:00+00:00', '--job-id', '62', '--raw', '--subdir', 'DAGS_FOLDER/spark_***.py', '--cfg-path', '/tmp/tmpbwz_4829']
[2025-08-18T18:00:01.720+0000] {standard_task_runner.py:85} INFO - Job 62: Subtask python_job
[2025-08-18T18:00:01.780+0000] {task_command.py:415} INFO - Running <TaskInstance: sparking_flow.python_job scheduled__2025-08-18T16:00:00+00:00 [running]> on host 81b7fe425a18
[2025-08-18T18:00:01.866+0000] {taskinstance.py:1660} INFO - Exporting env vars: AIRFLOW_CTX_DAG_OWNER='Kudzaishe Manyanya' AIRFLOW_CTX_DAG_ID='sparking_flow' AIRFLOW_CTX_TASK_ID='python_job' AIRFLOW_CTX_EXECUTION_DATE='2025-08-18T16:00:00+00:00' AIRFLOW_CTX_TRY_NUMBER='1' AIRFLOW_CTX_DAG_RUN_ID='scheduled__2025-08-18T16:00:00+00:00'
[2025-08-18T18:00:01.878+0000] {base.py:73} INFO - Using connection ID 'spark-conn' for task execution.
[2025-08-18T18:00:01.879+0000] {spark_submit.py:403} INFO - Spark-Submit cmd: spark-submit --master spark://spark-master:7077 --jars /opt/spark/external-jars/apache-spark-sql-connector.jar --name arrow-spark --deploy-mode client jobs/python/wordcountjob.py
[2025-08-18T18:00:02.503+0000] {spark_submit.py:579} INFO - WARNING: Using incubator modules: jdk.incubator.vector
[2025-08-18T18:00:04.068+0000] {spark_submit.py:579} INFO - 25/08/18 18:00:04 WARN NativeCodeLoader: Unable to load native-hadoop library for your platform... using builtin-java classes where applicable
[2025-08-18T18:00:06.010+0000] {spark_submit.py:579} INFO - Using Spark's default log4j profile: org/apache/spark/log4j2-defaults.properties
[2025-08-18T18:00:06.017+0000] {spark_submit.py:579} INFO - 25/08/18 18:00:06 INFO SparkContext: Running Spark version 4.0.0
[2025-08-18T18:00:06.019+0000] {spark_submit.py:579} INFO - 25/08/18 18:00:06 INFO SparkContext: OS info Linux, 6.6.87.2-microsoft-standard-WSL2, amd64
[2025-08-18T18:00:06.020+0000] {spark_submit.py:579} INFO - 25/08/18 18:00:06 INFO SparkContext: Java version 17.0.15
[2025-08-18T18:00:06.042+0000] {spark_submit.py:579} INFO - 25/08/18 18:00:06 INFO ResourceUtils: ==============================================================
[2025-08-18T18:00:06.043+0000] {spark_submit.py:579} INFO - 25/08/18 18:00:06 INFO ResourceUtils: No custom resources configured for spark.driver.
[2025-08-18T18:00:06.043+0000] {spark_submit.py:579} INFO - 25/08/18 18:00:06 INFO ResourceUtils: ==============================================================
[2025-08-18T18:00:06.044+0000] {spark_submit.py:579} INFO - 25/08/18 18:00:06 INFO SparkContext: Submitted application: PythonWordCount
[2025-08-18T18:00:06.068+0000] {spark_submit.py:579} INFO - 25/08/18 18:00:06 INFO ResourceProfile: Default ResourceProfile created, executor resources: Map(memory -> name: memory, amount: 1024, script: , vendor: , offHeap -> name: offHeap, amount: 0, script: , vendor: ), task resources: Map(cpus -> name: cpus, amount: 1.0)
[2025-08-18T18:00:06.071+0000] {spark_submit.py:579} INFO - 25/08/18 18:00:06 INFO ResourceProfile: Limiting resource is cpu
[2025-08-18T18:00:06.072+0000] {spark_submit.py:579} INFO - 25/08/18 18:00:06 INFO ResourceProfileManager: Added ResourceProfile id: 0
[2025-08-18T18:00:06.121+0000] {spark_submit.py:579} INFO - 25/08/18 18:00:06 INFO SecurityManager: Changing view acls to: ***
[2025-08-18T18:00:06.121+0000] {spark_submit.py:579} INFO - 25/08/18 18:00:06 INFO SecurityManager: Changing modify acls to: ***
[2025-08-18T18:00:06.122+0000] {spark_submit.py:579} INFO - 25/08/18 18:00:06 INFO SecurityManager: Changing view acls groups to: ***
[2025-08-18T18:00:06.122+0000] {spark_submit.py:579} INFO - 25/08/18 18:00:06 INFO SecurityManager: Changing modify acls groups to: ***
[2025-08-18T18:00:06.126+0000] {spark_submit.py:579} INFO - 25/08/18 18:00:06 INFO SecurityManager: SecurityManager: authentication disabled; ui acls disabled; users with view permissions: *** groups with view permissions: EMPTY; users with modify permissions: ***; groups with modify permissions: EMPTY; RPC SSL disabled
[2025-08-18T18:00:06.388+0000] {spark_submit.py:579} INFO - 25/08/18 18:00:06 INFO Utils: Successfully started service 'sparkDriver' on port 40819.
[2025-08-18T18:00:06.422+0000] {spark_submit.py:579} INFO - 25/08/18 18:00:06 INFO SparkEnv: Registering MapOutputTracker
[2025-08-18T18:00:06.435+0000] {spark_submit.py:579} INFO - 25/08/18 18:00:06 INFO SparkEnv: Registering BlockManagerMaster
[2025-08-18T18:00:06.456+0000] {spark_submit.py:579} INFO - 25/08/18 18:00:06 INFO BlockManagerMasterEndpoint: Using org.apache.spark.storage.DefaultTopologyMapper for getting topology information
[2025-08-18T18:00:06.456+0000] {spark_submit.py:579} INFO - 25/08/18 18:00:06 INFO BlockManagerMasterEndpoint: BlockManagerMasterEndpoint up
[2025-08-18T18:00:06.460+0000] {spark_submit.py:579} INFO - 25/08/18 18:00:06 INFO SparkEnv: Registering BlockManagerMasterHeartbeat
[2025-08-18T18:00:06.489+0000] {spark_submit.py:579} INFO - 25/08/18 18:00:06 INFO DiskBlockManager: Created local directory at /tmp/blockmgr-0c077e2b-a6a0-40c7-a3aa-9c1f469d2e2b
[2025-08-18T18:00:06.511+0000] {spark_submit.py:579} INFO - 25/08/18 18:00:06 INFO SparkEnv: Registering OutputCommitCoordinator
[2025-08-18T18:00:06.662+0000] {spark_submit.py:579} INFO - 25/08/18 18:00:06 INFO JettyUtils: Start Jetty 0.0.0.0:4040 for SparkUI
[2025-08-18T18:00:06.727+0000] {spark_submit.py:579} INFO - 25/08/18 18:00:06 INFO Utils: Successfully started service 'SparkUI' on port 4040.
[2025-08-18T18:00:06.768+0000] {spark_submit.py:579} INFO - 25/08/18 18:00:06 INFO SparkContext: Added JAR file:///opt/spark/external-jars/apache-spark-sql-connector.jar at spark://81b7fe425a18:40819/jars/apache-spark-sql-connector.jar with timestamp 1755540006004
[2025-08-18T18:00:06.788+0000] {spark_submit.py:579} INFO - 25/08/18 18:00:06 INFO SecurityManager: Changing view acls to: ***
[2025-08-18T18:00:06.788+0000] {spark_submit.py:579} INFO - 25/08/18 18:00:06 INFO SecurityManager: Changing modify acls to: ***
[2025-08-18T18:00:06.794+0000] {spark_submit.py:579} INFO - 25/08/18 18:00:06 INFO SecurityManager: Changing view acls groups to: ***
[2025-08-18T18:00:06.794+0000] {spark_submit.py:579} INFO - 25/08/18 18:00:06 INFO SecurityManager: Changing modify acls groups to: ***
[2025-08-18T18:00:06.795+0000] {spark_submit.py:579} INFO - 25/08/18 18:00:06 INFO SecurityManager: SecurityManager: authentication disabled; ui acls disabled; users with view permissions: *** groups with view permissions: EMPTY; users with modify permissions: ***; groups with modify permissions: EMPTY; RPC SSL disabled
[2025-08-18T18:00:06.937+0000] {spark_submit.py:579} INFO - 25/08/18 18:00:06 INFO StandaloneAppClient$ClientEndpoint: Connecting to master spark://spark-master:7077...
[2025-08-18T18:00:06.980+0000] {spark_submit.py:579} INFO - 25/08/18 18:00:06 INFO TransportClientFactory: Successfully created connection to spark-master/172.18.0.2:7077 after 21 ms (0 ms spent in bootstraps)
[2025-08-18T18:00:07.057+0000] {spark_submit.py:579} INFO - 25/08/18 18:00:07 INFO StandaloneSchedulerBackend: Connected to Spark cluster with app ID app-20250818180007-0002
[2025-08-18T18:00:07.062+0000] {spark_submit.py:579} INFO - 25/08/18 18:00:07 INFO StandaloneAppClient$ClientEndpoint: Executor added: app-20250818180007-0002/0 on worker-20250818155304-172.18.0.4-34975 (172.18.0.4:34975) with 2 core(s)
[2025-08-18T18:00:07.066+0000] {spark_submit.py:579} INFO - 25/08/18 18:00:07 INFO StandaloneSchedulerBackend: Granted executor ID app-20250818180007-0002/0 on hostPort 172.18.0.4:34975 with 2 core(s), 1024.0 MiB RAM
[2025-08-18T18:00:07.067+0000] {spark_submit.py:579} INFO - 25/08/18 18:00:07 INFO Utils: Successfully started service 'org.apache.spark.network.netty.NettyBlockTransferService' on port 36707.
[2025-08-18T18:00:07.067+0000] {spark_submit.py:579} INFO - 25/08/18 18:00:07 INFO NettyBlockTransferService: Server created on 81b7fe425a18:36707
[2025-08-18T18:00:07.069+0000] {spark_submit.py:579} INFO - 25/08/18 18:00:07 INFO BlockManager: Using org.apache.spark.storage.RandomBlockReplicationPolicy for block replication policy
[2025-08-18T18:00:07.086+0000] {spark_submit.py:579} INFO - 25/08/18 18:00:07 INFO BlockManagerMaster: Registering BlockManager BlockManagerId(driver, 81b7fe425a18, 36707, None)
[2025-08-18T18:00:07.090+0000] {spark_submit.py:579} INFO - 25/08/18 18:00:07 INFO BlockManagerMasterEndpoint: Registering block manager 81b7fe425a18:36707 with 434.4 MiB RAM, BlockManagerId(driver, 81b7fe425a18, 36707, None)
[2025-08-18T18:00:07.094+0000] {spark_submit.py:579} INFO - 25/08/18 18:00:07 INFO BlockManagerMaster: Registered BlockManager BlockManagerId(driver, 81b7fe425a18, 36707, None)
[2025-08-18T18:00:07.095+0000] {spark_submit.py:579} INFO - 25/08/18 18:00:07 INFO BlockManager: Initialized BlockManager: BlockManagerId(driver, 81b7fe425a18, 36707, None)
[2025-08-18T18:00:07.108+0000] {spark_submit.py:579} INFO - 25/08/18 18:00:07 INFO StandaloneAppClient$ClientEndpoint: Executor updated: app-20250818180007-0002/0 is now RUNNING
[2025-08-18T18:00:07.205+0000] {spark_submit.py:579} INFO - 25/08/18 18:00:07 INFO StandaloneSchedulerBackend: SchedulerBackend is ready for scheduling beginning after reached minRegisteredResourcesRatio: 0.0
[2025-08-18T18:00:09.864+0000] {spark_submit.py:579} INFO - 25/08/18 18:00:09 INFO StandaloneSchedulerBackend$StandaloneDriverEndpoint: Registered executor NettyRpcEndpointRef(spark-client://Executor) (172.18.0.4:33256) with ID 0, ResourceProfileId 0
[2025-08-18T18:00:09.998+0000] {spark_submit.py:579} INFO - dict_keys(['daily', 'daily960', 'live_rapid', 'live_blitz', 'live_bullet', 'live_bughouse', 'live_blitz960', 'live_threecheck', 'live_crazyhouse', 'live_kingofthehill', 'tactics', 'rush', 'battle'])
[2025-08-18T18:00:10.007+0000] {spark_submit.py:579} INFO - 25/08/18 18:00:10 INFO BlockManagerMasterEndpoint: Registering block manager 172.18.0.4:45495 with 434.4 MiB RAM, BlockManagerId(0, 172.18.0.4, 45495, None)
[2025-08-18T18:00:11.393+0000] {spark_submit.py:579} INFO - 25/08/18 18:00:11 INFO SharedState: Setting hive.metastore.warehouse.dir ('null') to the value of spark.sql.warehouse.dir.
[2025-08-18T18:00:11.395+0000] {spark_submit.py:579} INFO - 25/08/18 18:00:11 INFO SharedState: Warehouse path is 'file:/opt/***/spark-warehouse'.
[2025-08-18T18:00:27.760+0000] {spark_submit.py:579} INFO - Traceback (most recent call last):
[2025-08-18T18:00:27.761+0000] {spark_submit.py:579} INFO - File "/opt/***/jobs/python/wordcountjob.py", line 202, in <module>
[2025-08-18T18:00:27.764+0000] {spark_submit.py:579} INFO - write_data(daily,"daily")
[2025-08-18T18:00:27.764+0000] {spark_submit.py:579} INFO - File "/opt/***/jobs/python/wordcountjob.py", line 198, in write_data
[2025-08-18T18:00:27.767+0000] {spark_submit.py:579} INFO - df.write.mode("overwrite").jdbc(url=jdbc_url, table=f"dbo.{table}", properties=properties)
[2025-08-18T18:00:27.767+0000] {spark_submit.py:579} INFO - File "/home/***/.local/lib/python3.10/site-packages/pyspark/python/lib/pyspark.zip/pyspark/sql/readwriter.py", line 2347, in jdbc
[2025-08-18T18:00:27.767+0000] {spark_submit.py:579} INFO - File "/home/***/.local/lib/python3.10/site-packages/pyspark/python/lib/py4j-0.10.9.9-src.zip/py4j/java_gateway.py", line 1362, in __call__
[2025-08-18T18:00:27.768+0000] {spark_submit.py:579} INFO - File "/home/***/.local/lib/python3.10/site-packages/pyspark/python/lib/pyspark.zip/pyspark/errors/exceptions/captured.py", line 282, in deco
[2025-08-18T18:00:27.769+0000] {spark_submit.py:579} INFO - File "/home/***/.local/lib/python3.10/site-packages/pyspark/python/lib/py4j-0.10.9.9-src.zip/py4j/protocol.py", line 327, in get_return_value
[2025-08-18T18:00:27.813+0000] {spark_submit.py:579} INFO - py4j.protocol.Py4JJavaError: An error occurred while calling o308.jdbc.
[2025-08-18T18:00:27.815+0000] {spark_submit.py:579} INFO - : com.microsoft.sqlserver.jdbc.SQLServerException: The TCP/IP connection to the host host.docker.internal, port 1433 has failed. Error: "Connection refused. Verify the connection properties. Make sure that an instance of SQL Server is running on the host and accepting TCP/IP connections at the port. Make sure that TCP connections to the port are not blocked by a firewall.".
[2025-08-18T18:00:27.817+0000] {spark_submit.py:579} INFO - at com.microsoft.sqlserver.jdbc.SQLServerException.makeFromDriverError(SQLServerException.java:228)
[2025-08-18T18:00:27.817+0000] {spark_submit.py:579} INFO - at com.microsoft.sqlserver.jdbc.SQLServerException.ConvertConnectExceptionToSQLServerException(SQLServerException.java:279)
[2025-08-18T18:00:27.818+0000] {spark_submit.py:579} INFO - at com.microsoft.sqlserver.jdbc.SocketFinder.findSocket(IOBuffer.java:2431)
[2025-08-18T18:00:27.818+0000] {spark_submit.py:579} INFO - at com.microsoft.sqlserver.jdbc.TDSChannel.open(IOBuffer.java:656)
[2025-08-18T18:00:27.818+0000] {spark_submit.py:579} INFO - at com.microsoft.sqlserver.jdbc.SQLServerConnection.connectHelper(SQLServerConnection.java:2440)
[2025-08-18T18:00:27.819+0000] {spark_submit.py:579} INFO - at com.microsoft.sqlserver.jdbc.SQLServerConnection.login(SQLServerConnection.java:2103)
[2025-08-18T18:00:27.819+0000] {spark_submit.py:579} INFO - at com.microsoft.sqlserver.jdbc.SQLServerConnection.connectInternal(SQLServerConnection.java:1950)
[2025-08-18T18:00:27.819+0000] {spark_submit.py:579} INFO - at com.microsoft.sqlserver.jdbc.SQLServerConnection.connect(SQLServerConnection.java:1162)
[2025-08-18T18:00:27.820+0000] {spark_submit.py:579} INFO - at com.microsoft.sqlserver.jdbc.SQLServerDriver.connect(SQLServerDriver.java:735)
[2025-08-18T18:00:27.820+0000] {spark_submit.py:579} INFO - at org.apache.spark.sql.execution.datasources.jdbc.connection.BasicConnectionProvider.getConnection(BasicConnectionProvider.scala:50)
[2025-08-18T18:00:27.820+0000] {spark_submit.py:579} INFO - at org.apache.spark.sql.execution.datasources.jdbc.connection.ConnectionProviderBase.create(ConnectionProvider.scala:102)
[2025-08-18T18:00:27.821+0000] {spark_submit.py:579} INFO - at org.apache.spark.sql.jdbc.JdbcDialect.$anonfun$createConnectionFactory$1(JdbcDialects.scala:235)
[2025-08-18T18:00:27.821+0000] {spark_submit.py:579} INFO - at org.apache.spark.sql.jdbc.JdbcDialect.$anonfun$createConnectionFactory$1$adapted(JdbcDialects.scala:231)
[2025-08-18T18:00:27.821+0000] {spark_submit.py:579} INFO - at org.apache.spark.sql.execution.datasources.jdbc.JdbcRelationProvider.createRelation(JdbcRelationProvider.scala:51)
[2025-08-18T18:00:27.822+0000] {spark_submit.py:579} INFO - at org.apache.spark.sql.execution.datasources.SaveIntoDataSourceCommand.run(SaveIntoDataSourceCommand.scala:55)
[2025-08-18T18:00:27.822+0000] {spark_submit.py:579} INFO - at org.apache.spark.sql.execution.command.ExecutedCommandExec.sideEffectResult$lzycompute(commands.scala:79)
[2025-08-18T18:00:27.822+0000] {spark_submit.py:579} INFO - at org.apache.spark.sql.execution.command.ExecutedCommandExec.sideEffectResult(commands.scala:77)
[2025-08-18T18:00:27.823+0000] {spark_submit.py:579} INFO - at org.apache.spark.sql.execution.command.ExecutedCommandExec.executeCollect(commands.scala:88)
[2025-08-18T18:00:27.823+0000] {spark_submit.py:579} INFO - at org.apache.spark.sql.execution.QueryExecution.$anonfun$eagerlyExecuteCommands$2(QueryExecution.scala:155)
[2025-08-18T18:00:27.823+0000] {spark_submit.py:579} INFO - at org.apache.spark.sql.execution.SQLExecution$.$anonfun$withNewExecutionId0$8(SQLExecution.scala:162)
[2025-08-18T18:00:27.823+0000] {spark_submit.py:579} INFO - at org.apache.spark.sql.execution.SQLExecution$.withSessionTagsApplied(SQLExecution.scala:268)
[2025-08-18T18:00:27.824+0000] {spark_submit.py:579} INFO - at org.apache.spark.sql.execution.SQLExecution$.$anonfun$withNewExecutionId0$7(SQLExecution.scala:124)
[2025-08-18T18:00:27.824+0000] {spark_submit.py:579} INFO - at org.apache.spark.JobArtifactSet$.withActiveJobArtifactState(JobArtifactSet.scala:94)
[2025-08-18T18:00:27.825+0000] {spark_submit.py:579} INFO - at org.apache.spark.sql.artifact.ArtifactManager.$anonfun$withResources$1(ArtifactManager.scala:112)
[2025-08-18T18:00:27.825+0000] {spark_submit.py:579} INFO - at org.apache.spark.sql.artifact.ArtifactManager.withClassLoaderIfNeeded(ArtifactManager.scala:106)
[2025-08-18T18:00:27.825+0000] {spark_submit.py:579} INFO - at org.apache.spark.sql.artifact.ArtifactManager.withResources(ArtifactManager.scala:111)
[2025-08-18T18:00:27.825+0000] {spark_submit.py:579} INFO - at org.apache.spark.sql.execution.SQLExecution$.$anonfun$withNewExecutionId0$6(SQLExecution.scala:124)
[2025-08-18T18:00:27.826+0000] {spark_submit.py:579} INFO - at org.apache.spark.sql.execution.SQLExecution$.withSQLConfPropagated(SQLExecution.scala:291)
[2025-08-18T18:00:27.826+0000] {spark_submit.py:579} INFO - at org.apache.spark.sql.execution.SQLExecution$.$anonfun$withNewExecutionId0$1(SQLExecution.scala:123)
[2025-08-18T18:00:27.826+0000] {spark_submit.py:579} INFO - at org.apache.spark.sql.SparkSession.withActive(SparkSession.scala:804)
[2025-08-18T18:00:27.826+0000] {spark_submit.py:579} INFO - at org.apache.spark.sql.execution.SQLExecution$.withNewExecutionId0(SQLExecution.scala:77)
[2025-08-18T18:00:27.827+0000] {spark_submit.py:579} INFO - at org.apache.spark.sql.execution.SQLExecution$.withNewExecutionId(SQLExecution.scala:233)
[2025-08-18T18:00:27.827+0000] {spark_submit.py:579} INFO - at org.apache.spark.sql.execution.QueryExecution.$anonfun$eagerlyExecuteCommands$1(QueryExecution.scala:155)
[2025-08-18T18:00:27.827+0000] {spark_submit.py:579} INFO - at org.apache.spark.sql.execution.QueryExecution$.withInternalError(QueryExecution.scala:654)
[2025-08-18T18:00:27.827+0000] {spark_submit.py:579} INFO - at org.apache.spark.sql.execution.QueryExecution.org$apache$spark$sql$execution$QueryExecution$$eagerlyExecute$1(QueryExecution.scala:154)
[2025-08-18T18:00:27.828+0000] {spark_submit.py:579} INFO - at org.apache.spark.sql.execution.QueryExecution$$anonfun$eagerlyExecuteCommands$3.applyOrElse(QueryExecution.scala:169)
[2025-08-18T18:00:27.828+0000] {spark_submit.py:579} INFO - at org.apache.spark.sql.execution.QueryExecution$$anonfun$eagerlyExecuteCommands$3.applyOrElse(QueryExecution.scala:164)
[2025-08-18T18:00:27.828+0000] {spark_submit.py:579} INFO - at org.apache.spark.sql.catalyst.trees.TreeNode.$anonfun$transformDownWithPruning$1(TreeNode.scala:470)
[2025-08-18T18:00:27.828+0000] {spark_submit.py:579} INFO - at org.apache.spark.sql.catalyst.trees.CurrentOrigin$.withOrigin(origin.scala:86)
[2025-08-18T18:00:27.829+0000] {spark_submit.py:579} INFO - at org.apache.spark.sql.catalyst.trees.TreeNode.transformDownWithPruning(TreeNode.scala:470)
[2025-08-18T18:00:27.829+0000] {spark_submit.py:579} INFO - at org.apache.spark.sql.catalyst.plans.logical.LogicalPlan.org$apache$spark$sql$catalyst$plans$logical$AnalysisHelper$$super$transformDownWithPruning(LogicalPlan.scala:37)
[2025-08-18T18:00:27.829+0000] {spark_submit.py:579} INFO - at org.apache.spark.sql.catalyst.plans.logical.AnalysisHelper.transformDownWithPruning(AnalysisHelper.scala:360)
[2025-08-18T18:00:27.829+0000] {spark_submit.py:579} INFO - at org.apache.spark.sql.catalyst.plans.logical.AnalysisHelper.transformDownWithPruning$(AnalysisHelper.scala:356)
[2025-08-18T18:00:27.830+0000] {spark_submit.py:579} INFO - at org.apache.spark.sql.catalyst.plans.logical.LogicalPlan.transformDownWithPruning(LogicalPlan.scala:37)
[2025-08-18T18:00:27.830+0000] {spark_submit.py:579} INFO - at org.apache.spark.sql.catalyst.plans.logical.LogicalPlan.transformDownWithPruning(LogicalPlan.scala:37)
[2025-08-18T18:00:27.830+0000] {spark_submit.py:579} INFO - at org.apache.spark.sql.catalyst.trees.TreeNode.transformDown(TreeNode.scala:446)
[2025-08-18T18:00:27.830+0000] {spark_submit.py:579} INFO - at org.apache.spark.sql.execution.QueryExecution.eagerlyExecuteCommands(QueryExecution.scala:164)
[2025-08-18T18:00:27.830+0000] {spark_submit.py:579} INFO - at org.apache.spark.sql.execution.QueryExecution.$anonfun$lazyCommandExecuted$1(QueryExecution.scala:126)
[2025-08-18T18:00:27.831+0000] {spark_submit.py:579} INFO - at scala.util.Try$.apply(Try.scala:217)
[2025-08-18T18:00:27.831+0000] {spark_submit.py:579} INFO - at org.apache.spark.util.Utils$.doTryWithCallerStacktrace(Utils.scala:1378)
[2025-08-18T18:00:27.831+0000] {spark_submit.py:579} INFO - at org.apache.spark.util.Utils$.getTryWithCallerStacktrace(Utils.scala:1439)
[2025-08-18T18:00:27.831+0000] {spark_submit.py:579} INFO - at org.apache.spark.util.LazyTry.get(LazyTry.scala:58)
[2025-08-18T18:00:27.832+0000] {spark_submit.py:579} INFO - at org.apache.spark.sql.execution.QueryExecution.commandExecuted(QueryExecution.scala:131)
[2025-08-18T18:00:27.832+0000] {spark_submit.py:579} INFO - at org.apache.spark.sql.execution.QueryExecution.assertCommandExecuted(QueryExecution.scala:192)
[2025-08-18T18:00:27.832+0000] {spark_submit.py:579} INFO - at org.apache.spark.sql.classic.DataFrameWriter.runCommand(DataFrameWriter.scala:622)
[2025-08-18T18:00:27.832+0000] {spark_submit.py:579} INFO - at org.apache.spark.sql.classic.DataFrameWriter.saveToV1Source(DataFrameWriter.scala:273)
[2025-08-18T18:00:27.833+0000] {spark_submit.py:579} INFO - at org.apache.spark.sql.classic.DataFrameWriter.saveInternal(DataFrameWriter.scala:241)
[2025-08-18T18:00:27.833+0000] {spark_submit.py:579} INFO - at org.apache.spark.sql.classic.DataFrameWriter.save(DataFrameWriter.scala:126)
[2025-08-18T18:00:27.833+0000] {spark_submit.py:579} INFO - at org.apache.spark.sql.DataFrameWriter.jdbc(DataFrameWriter.scala:334)
[2025-08-18T18:00:27.833+0000] {spark_submit.py:579} INFO - at java.base/jdk.internal.reflect.NativeMethodAccessorImpl.invoke0(Native Method)
[2025-08-18T18:00:27.833+0000] {spark_submit.py:579} INFO - at java.base/jdk.internal.reflect.NativeMethodAccessorImpl.invoke(NativeMethodAccessorImpl.java:77)
[2025-08-18T18:00:27.834+0000] {spark_submit.py:579} INFO - at java.base/jdk.internal.reflect.DelegatingMethodAccessorImpl.invoke(DelegatingMethodAccessorImpl.java:43)
[2025-08-18T18:00:27.834+0000] {spark_submit.py:579} INFO - at java.base/java.lang.reflect.Method.invoke(Method.java:569)
[2025-08-18T18:00:27.834+0000] {spark_submit.py:579} INFO - at py4j.reflection.MethodInvoker.invoke(MethodInvoker.java:244)
[2025-08-18T18:00:27.834+0000] {spark_submit.py:579} INFO - at py4j.reflection.ReflectionEngine.invoke(ReflectionEngine.java:374)
[2025-08-18T18:00:27.835+0000] {spark_submit.py:579} INFO - at py4j.Gateway.invoke(Gateway.java:282)
[2025-08-18T18:00:27.835+0000] {spark_submit.py:579} INFO - at py4j.commands.AbstractCommand.invokeMethod(AbstractCommand.java:132)
[2025-08-18T18:00:27.835+0000] {spark_submit.py:579} INFO - at py4j.commands.CallCommand.execute(CallCommand.java:79)
[2025-08-18T18:00:27.835+0000] {spark_submit.py:579} INFO - at py4j.ClientServerConnection.waitForCommands(ClientServerConnection.java:184)
[2025-08-18T18:00:27.835+0000] {spark_submit.py:579} INFO - at py4j.ClientServerConnection.run(ClientServerConnection.java:108)
[2025-08-18T18:00:27.836+0000] {spark_submit.py:579} INFO - at java.base/java.lang.Thread.run(Thread.java:840)
[2025-08-18T18:00:27.836+0000] {spark_submit.py:579} INFO - Suppressed: org.apache.spark.util.Utils$OriginalTryStackTraceException: Full stacktrace of original doTryWithCallerStacktrace caller
[2025-08-18T18:00:27.836+0000] {spark_submit.py:579} INFO - at com.microsoft.sqlserver.jdbc.SQLServerException.makeFromDriverError(SQLServerException.java:228)
[2025-08-18T18:00:27.836+0000] {spark_submit.py:579} INFO - at com.microsoft.sqlserver.jdbc.SQLServerException.ConvertConnectExceptionToSQLServerException(SQLServerException.java:279)
[2025-08-18T18:00:27.836+0000] {spark_submit.py:579} INFO - at com.microsoft.sqlserver.jdbc.SocketFinder.findSocket(IOBuffer.java:2431)
[2025-08-18T18:00:27.837+0000] {spark_submit.py:579} INFO - at com.microsoft.sqlserver.jdbc.TDSChannel.open(IOBuffer.java:656)
[2025-08-18T18:00:27.837+0000] {spark_submit.py:579} INFO - at com.microsoft.sqlserver.jdbc.SQLServerConnection.connectHelper(SQLServerConnection.java:2440)
[2025-08-18T18:00:27.837+0000] {spark_submit.py:579} INFO - at com.microsoft.sqlserver.jdbc.SQLServerConnection.login(SQLServerConnection.java:2103)
[2025-08-18T18:00:27.837+0000] {spark_submit.py:579} INFO - at com.microsoft.sqlserver.jdbc.SQLServerConnection.connectInternal(SQLServerConnection.java:1950)
[2025-08-18T18:00:27.837+0000] {spark_submit.py:579} INFO - at com.microsoft.sqlserver.jdbc.SQLServerConnection.connect(SQLServerConnection.java:1162)
[2025-08-18T18:00:27.838+0000] {spark_submit.py:579} INFO - at com.microsoft.sqlserver.jdbc.SQLServerDriver.connect(SQLServerDriver.java:735)
[2025-08-18T18:00:27.838+0000] {spark_submit.py:579} INFO - at org.apache.spark.sql.execution.datasources.jdbc.connection.BasicConnectionProvider.getConnection(BasicConnectionProvider.scala:50)
[2025-08-18T18:00:27.838+0000] {spark_submit.py:579} INFO - at org.apache.spark.sql.execution.datasources.jdbc.connection.ConnectionProviderBase.create(ConnectionProvider.scala:102)
[2025-08-18T18:00:27.838+0000] {spark_submit.py:579} INFO - at org.apache.spark.sql.jdbc.JdbcDialect.$anonfun$createConnectionFactory$1(JdbcDialects.scala:235)
[2025-08-18T18:00:27.838+0000] {spark_submit.py:579} INFO - at org.apache.spark.sql.jdbc.JdbcDialect.$anonfun$createConnectionFactory$1$adapted(JdbcDialects.scala:231)
[2025-08-18T18:00:27.839+0000] {spark_submit.py:579} INFO - at org.apache.spark.sql.execution.datasources.jdbc.JdbcRelationProvider.createRelation(JdbcRelationProvider.scala:51)
[2025-08-18T18:00:27.839+0000] {spark_submit.py:579} INFO - at org.apache.spark.sql.execution.datasources.SaveIntoDataSourceCommand.run(SaveIntoDataSourceCommand.scala:55)
[2025-08-18T18:00:27.839+0000] {spark_submit.py:579} INFO - at org.apache.spark.sql.execution.command.ExecutedCommandExec.sideEffectResult$lzycompute(commands.scala:79)
[2025-08-18T18:00:27.839+0000] {spark_submit.py:579} INFO - at org.apache.spark.sql.execution.command.ExecutedCommandExec.sideEffectResult(commands.scala:77)
[2025-08-18T18:00:27.839+0000] {spark_submit.py:579} INFO - at org.apache.spark.sql.execution.command.ExecutedCommandExec.executeCollect(commands.scala:88)
[2025-08-18T18:00:27.840+0000] {spark_submit.py:579} INFO - at org.apache.spark.sql.execution.QueryExecution.$anonfun$eagerlyExecuteCommands$2(QueryExecution.scala:155)
[2025-08-18T18:00:27.840+0000] {spark_submit.py:579} INFO - at org.apache.spark.sql.execution.SQLExecution$.$anonfun$withNewExecutionId0$8(SQLExecution.scala:162)
[2025-08-18T18:00:27.840+0000] {spark_submit.py:579} INFO - at org.apache.spark.sql.execution.SQLExecution$.withSessionTagsApplied(SQLExecution.scala:268)
[2025-08-18T18:00:27.840+0000] {spark_submit.py:579} INFO - at org.apache.spark.sql.execution.SQLExecution$.$anonfun$withNewExecutionId0$7(SQLExecution.scala:124)
[2025-08-18T18:00:27.840+0000] {spark_submit.py:579} INFO - at org.apache.spark.JobArtifactSet$.withActiveJobArtifactState(JobArtifactSet.scala:94)
[2025-08-18T18:00:27.841+0000] {spark_submit.py:579} INFO - at org.apache.spark.sql.artifact.ArtifactManager.$anonfun$withResources$1(ArtifactManager.scala:112)
[2025-08-18T18:00:27.841+0000] {spark_submit.py:579} INFO - at org.apache.spark.sql.artifact.ArtifactManager.withClassLoaderIfNeeded(ArtifactManager.scala:106)
[2025-08-18T18:00:27.841+0000] {spark_submit.py:579} INFO - at org.apache.spark.sql.artifact.ArtifactManager.withResources(ArtifactManager.scala:111)
[2025-08-18T18:00:27.841+0000] {spark_submit.py:579} INFO - at org.apache.spark.sql.execution.SQLExecution$.$anonfun$withNewExecutionId0$6(SQLExecution.scala:124)
[2025-08-18T18:00:27.841+0000] {spark_submit.py:579} INFO - at org.apache.spark.sql.execution.SQLExecution$.withSQLConfPropagated(SQLExecution.scala:291)
[2025-08-18T18:00:27.842+0000] {spark_submit.py:579} INFO - at org.apache.spark.sql.execution.SQLExecution$.$anonfun$withNewExecutionId0$1(SQLExecution.scala:123)
[2025-08-18T18:00:27.842+0000] {spark_submit.py:579} INFO - at org.apache.spark.sql.SparkSession.withActive(SparkSession.scala:804)
[2025-08-18T18:00:27.842+0000] {spark_submit.py:579} INFO - at org.apache.spark.sql.execution.SQLExecution$.withNewExecutionId0(SQLExecution.scala:77)
[2025-08-18T18:00:27.842+0000] {spark_submit.py:579} INFO - at org.apache.spark.sql.execution.SQLExecution$.withNewExecutionId(SQLExecution.scala:233)
[2025-08-18T18:00:27.842+0000] {spark_submit.py:579} INFO - at org.apache.spark.sql.execution.QueryExecution.$anonfun$eagerlyExecuteCommands$1(QueryExecution.scala:155)
[2025-08-18T18:00:27.843+0000] {spark_submit.py:579} INFO - at org.apache.spark.sql.execution.QueryExecution$.withInternalError(QueryExecution.scala:654)
[2025-08-18T18:00:27.843+0000] {spark_submit.py:579} INFO - at org.apache.spark.sql.execution.QueryExecution.org$apache$spark$sql$execution$QueryExecution$$eagerlyExecute$1(QueryExecution.scala:154)
[2025-08-18T18:00:27.843+0000] {spark_submit.py:579} INFO - at org.apache.spark.sql.execution.QueryExecution$$anonfun$eagerlyExecuteCommands$3.applyOrElse(QueryExecution.scala:169)
[2025-08-18T18:00:27.843+0000] {spark_submit.py:579} INFO - at org.apache.spark.sql.execution.QueryExecution$$anonfun$eagerlyExecuteCommands$3.applyOrElse(QueryExecution.scala:164)
[2025-08-18T18:00:27.843+0000] {spark_submit.py:579} INFO - at org.apache.spark.sql.catalyst.trees.TreeNode.$anonfun$transformDownWithPruning$1(TreeNode.scala:470)
[2025-08-18T18:00:27.844+0000] {spark_submit.py:579} INFO - at org.apache.spark.sql.catalyst.trees.CurrentOrigin$.withOrigin(origin.scala:86)
[2025-08-18T18:00:27.844+0000] {spark_submit.py:579} INFO - at org.apache.spark.sql.catalyst.trees.TreeNode.transformDownWithPruning(TreeNode.scala:470)
[2025-08-18T18:00:27.844+0000] {spark_submit.py:579} INFO - at org.apache.spark.sql.catalyst.plans.logical.LogicalPlan.org$apache$spark$sql$catalyst$plans$logical$AnalysisHelper$$super$transformDownWithPruning(LogicalPlan.scala:37)
[2025-08-18T18:00:27.844+0000] {spark_submit.py:579} INFO - at org.apache.spark.sql.catalyst.plans.logical.AnalysisHelper.transformDownWithPruning(AnalysisHelper.scala:360)
[2025-08-18T18:00:27.844+0000] {spark_submit.py:579} INFO - at org.apache.spark.sql.catalyst.plans.logical.AnalysisHelper.transformDownWithPruning$(AnalysisHelper.scala:356)
[2025-08-18T18:00:27.845+0000] {spark_submit.py:579} INFO - at org.apache.spark.sql.catalyst.plans.logical.LogicalPlan.transformDownWithPruning(LogicalPlan.scala:37)
[2025-08-18T18:00:27.845+0000] {spark_submit.py:579} INFO - at org.apache.spark.sql.catalyst.plans.logical.LogicalPlan.transformDownWithPruning(LogicalPlan.scala:37)
[2025-08-18T18:00:27.845+0000] {spark_submit.py:579} INFO - at org.apache.spark.sql.catalyst.trees.TreeNode.transformDown(TreeNode.scala:446)
[2025-08-18T18:00:27.845+0000] {spark_submit.py:579} INFO - at org.apache.spark.sql.execution.QueryExecution.eagerlyExecuteCommands(QueryExecution.scala:164)
[2025-08-18T18:00:27.845+0000] {spark_submit.py:579} INFO - at org.apache.spark.sql.execution.QueryExecution.$anonfun$lazyCommandExecuted$1(QueryExecution.scala:126)
[2025-08-18T18:00:27.846+0000] {spark_submit.py:579} INFO - at scala.util.Try$.apply(Try.scala:217)
[2025-08-18T18:00:27.846+0000] {spark_submit.py:579} INFO - at org.apache.spark.util.Utils$.doTryWithCallerStacktrace(Utils.scala:1378)
[2025-08-18T18:00:27.846+0000] {spark_submit.py:579} INFO - at org.apache.spark.util.LazyTry.tryT$lzycompute(LazyTry.scala:46)
[2025-08-18T18:00:27.846+0000] {spark_submit.py:579} INFO - at org.apache.spark.util.LazyTry.tryT(LazyTry.scala:46)
[2025-08-18T18:00:27.846+0000] {spark_submit.py:579} INFO - ... 20 more
[2025-08-18T18:00:27.847+0000] {spark_submit.py:579} INFO - 
[2025-08-18T18:00:27.936+0000] {spark_submit.py:579} INFO - 25/08/18 18:00:27 INFO SparkContext: Invoking stop() from shutdown hook
[2025-08-18T18:00:27.937+0000] {spark_submit.py:579} INFO - 25/08/18 18:00:27 INFO SparkContext: SparkContext is stopping with exitCode 0 from run at Executors.java:539.
[2025-08-18T18:00:27.946+0000] {spark_submit.py:579} INFO - 25/08/18 18:00:27 INFO SparkUI: Stopped Spark web UI at http://81b7fe425a18:4040
[2025-08-18T18:00:27.948+0000] {spark_submit.py:579} INFO - 25/08/18 18:00:27 INFO StandaloneSchedulerBackend: Shutting down all executors
[2025-08-18T18:00:27.949+0000] {spark_submit.py:579} INFO - 25/08/18 18:00:27 INFO StandaloneSchedulerBackend$StandaloneDriverEndpoint: Asking each executor to shut down
[2025-08-18T18:00:27.962+0000] {spark_submit.py:579} INFO - 25/08/18 18:00:27 INFO MapOutputTrackerMasterEndpoint: MapOutputTrackerMasterEndpoint stopped!
[2025-08-18T18:00:27.980+0000] {spark_submit.py:579} INFO - 25/08/18 18:00:27 INFO MemoryStore: MemoryStore started with capacity 434.4 MiB
[2025-08-18T18:00:27.980+0000] {spark_submit.py:579} INFO - 25/08/18 18:00:27 INFO MemoryStore: MemoryStore cleared
[2025-08-18T18:00:27.981+0000] {spark_submit.py:579} INFO - 25/08/18 18:00:27 INFO BlockManager: BlockManager stopped
[2025-08-18T18:00:27.984+0000] {spark_submit.py:579} INFO - 25/08/18 18:00:27 INFO BlockManagerMaster: BlockManagerMaster stopped
[2025-08-18T18:00:27.985+0000] {spark_submit.py:579} INFO - 25/08/18 18:00:27 INFO OutputCommitCoordinator$OutputCommitCoordinatorEndpoint: OutputCommitCoordinator stopped!
[2025-08-18T18:00:27.994+0000] {spark_submit.py:579} INFO - 25/08/18 18:00:27 INFO SparkContext: Successfully stopped SparkContext
[2025-08-18T18:00:27.995+0000] {spark_submit.py:579} INFO - 25/08/18 18:00:27 INFO ShutdownHookManager: Shutdown hook called
[2025-08-18T18:00:27.995+0000] {spark_submit.py:579} INFO - 25/08/18 18:00:27 INFO ShutdownHookManager: Deleting directory /opt/***/artifacts/spark-09a04149-6dc5-4b6b-8758-2ddaa5671e01
[2025-08-18T18:00:28.000+0000] {spark_submit.py:579} INFO - 25/08/18 18:00:28 INFO ShutdownHookManager: Deleting directory /tmp/spark-405b3145-0f19-47ee-9548-47041c504f3d
[2025-08-18T18:00:28.004+0000] {spark_submit.py:579} INFO - 25/08/18 18:00:28 INFO ShutdownHookManager: Deleting directory /tmp/spark-c52bed4f-6a5d-40dd-abd7-94487c9f5012
[2025-08-18T18:00:28.008+0000] {spark_submit.py:579} INFO - 25/08/18 18:00:28 INFO ShutdownHookManager: Deleting directory /tmp/spark-405b3145-0f19-47ee-9548-47041c504f3d/pyspark-c7277196-1b4b-41d8-b583-4e0d75238fe8
[2025-08-18T18:00:28.050+0000] {taskinstance.py:1935} ERROR - Task failed with exception
Traceback (most recent call last):
  File "/home/airflow/.local/lib/python3.10/site-packages/airflow/providers/apache/spark/operators/spark_submit.py", line 174, in execute
    self._hook.submit(self.application)
  File "/home/airflow/.local/lib/python3.10/site-packages/airflow/providers/apache/spark/hooks/spark_submit.py", line 505, in submit
    raise AirflowException(
airflow.exceptions.AirflowException: Cannot execute: spark-submit --master spark://spark-master:7077 --jars /opt/spark/external-jars/apache-spark-sql-connector.jar --name arrow-spark --deploy-mode client jobs/python/wordcountjob.py. Error code is: 1.
[2025-08-18T18:00:28.054+0000] {taskinstance.py:1398} INFO - Marking task as FAILED. dag_id=sparking_flow, task_id=python_job, execution_date=20250818T160000, start_date=20250818T180001, end_date=20250818T180028
[2025-08-18T18:00:28.066+0000] {standard_task_runner.py:104} ERROR - Failed to execute job 62 for task python_job (Cannot execute: spark-submit --master spark://spark-master:7077 --jars /opt/spark/external-jars/apache-spark-sql-connector.jar --name arrow-spark --deploy-mode client jobs/python/wordcountjob.py. Error code is: 1.; 1816)
[2025-08-18T18:00:28.083+0000] {local_task_job_runner.py:228} INFO - Task exited with return code 1
[2025-08-18T18:00:28.101+0000] {taskinstance.py:2776} INFO - 0 downstream tasks scheduled from follow-on schedule check
