[2025-08-31T04:30:17.779+0000] {taskinstance.py:1157} INFO - Dependencies all met for dep_context=non-requeueable deps ti=<TaskInstance: sparking_flow.start scheduled__2025-08-30T04:00:00+00:00 [queued]>
[2025-08-31T04:30:17.815+0000] {taskinstance.py:1157} INFO - Dependencies all met for dep_context=requeueable deps ti=<TaskInstance: sparking_flow.start scheduled__2025-08-30T04:00:00+00:00 [queued]>
[2025-08-31T04:30:17.825+0000] {taskinstance.py:1359} INFO - Starting attempt 1 of 1
[2025-08-31T04:30:17.885+0000] {taskinstance.py:1380} INFO - Executing <Task(PythonOperator): start> on 2025-08-30 04:00:00+00:00
[2025-08-31T04:30:17.924+0000] {standard_task_runner.py:57} INFO - Started process 194 to run task
[2025-08-31T04:30:17.955+0000] {standard_task_runner.py:84} INFO - Running: ['***', 'tasks', 'run', 'sparking_flow', 'start', 'scheduled__2025-08-30T04:00:00+00:00', '--job-id', '66', '--raw', '--subdir', 'DAGS_FOLDER/spark_***.py', '--cfg-path', '/tmp/tmp044hbvou']
[2025-08-31T04:30:18.032+0000] {standard_task_runner.py:85} INFO - Job 66: Subtask start
[2025-08-31T04:30:18.310+0000] {task_command.py:415} INFO - Running <TaskInstance: sparking_flow.start scheduled__2025-08-30T04:00:00+00:00 [running]> on host 81b7fe425a18
[2025-08-31T04:30:18.830+0000] {taskinstance.py:1660} INFO - Exporting env vars: AIRFLOW_CTX_DAG_OWNER='Kudzaishe Manyanya' AIRFLOW_CTX_DAG_ID='sparking_flow' AIRFLOW_CTX_TASK_ID='start' AIRFLOW_CTX_EXECUTION_DATE='2025-08-30T04:00:00+00:00' AIRFLOW_CTX_TRY_NUMBER='1' AIRFLOW_CTX_DAG_RUN_ID='scheduled__2025-08-30T04:00:00+00:00'
[2025-08-31T04:30:18.865+0000] {logging_mixin.py:151} INFO - Jobs started
[2025-08-31T04:30:18.875+0000] {python.py:194} INFO - Done. Returned value was: None
[2025-08-31T04:30:18.912+0000] {taskinstance.py:1398} INFO - Marking task as SUCCESS. dag_id=sparking_flow, task_id=start, execution_date=20250830T040000, start_date=20250831T043017, end_date=20250831T043018
[2025-08-31T04:30:19.145+0000] {local_task_job_runner.py:228} INFO - Task exited with return code 0
[2025-08-31T04:30:19.698+0000] {taskinstance.py:2776} INFO - 1 downstream tasks scheduled from follow-on schedule check
[2025-08-31T05:06:37.104+0000] {taskinstance.py:1157} INFO - Dependencies all met for dep_context=non-requeueable deps ti=<TaskInstance: sparking_flow.start scheduled__2025-08-30T04:00:00+00:00 [queued]>
[2025-08-31T05:06:37.124+0000] {taskinstance.py:1157} INFO - Dependencies all met for dep_context=requeueable deps ti=<TaskInstance: sparking_flow.start scheduled__2025-08-30T04:00:00+00:00 [queued]>
[2025-08-31T05:06:37.125+0000] {taskinstance.py:1359} INFO - Starting attempt 1 of 1
[2025-08-31T05:06:37.275+0000] {taskinstance.py:1380} INFO - Executing <Task(PythonOperator): start> on 2025-08-30 04:00:00+00:00
[2025-08-31T05:06:37.306+0000] {standard_task_runner.py:57} INFO - Started process 266 to run task
[2025-08-31T05:06:37.313+0000] {standard_task_runner.py:84} INFO - Running: ['***', 'tasks', 'run', 'sparking_flow', 'start', 'scheduled__2025-08-30T04:00:00+00:00', '--job-id', '5', '--raw', '--subdir', 'DAGS_FOLDER/spark_***.py', '--cfg-path', '/tmp/tmp6oc3o0bh']
[2025-08-31T05:06:37.345+0000] {standard_task_runner.py:85} INFO - Job 5: Subtask start
[2025-08-31T05:06:37.778+0000] {task_command.py:415} INFO - Running <TaskInstance: sparking_flow.start scheduled__2025-08-30T04:00:00+00:00 [running]> on host 80647ef95998
[2025-08-31T05:06:38.053+0000] {taskinstance.py:1660} INFO - Exporting env vars: AIRFLOW_CTX_DAG_OWNER='Kudzaishe Manyanya' AIRFLOW_CTX_DAG_ID='sparking_flow' AIRFLOW_CTX_TASK_ID='start' AIRFLOW_CTX_EXECUTION_DATE='2025-08-30T04:00:00+00:00' AIRFLOW_CTX_TRY_NUMBER='1' AIRFLOW_CTX_DAG_RUN_ID='scheduled__2025-08-30T04:00:00+00:00'
[2025-08-31T05:06:38.064+0000] {logging_mixin.py:151} INFO - Jobs started
[2025-08-31T05:06:38.066+0000] {python.py:194} INFO - Done. Returned value was: None
[2025-08-31T05:06:38.095+0000] {taskinstance.py:1398} INFO - Marking task as SUCCESS. dag_id=sparking_flow, task_id=start, execution_date=20250830T040000, start_date=20250831T050637, end_date=20250831T050638
[2025-08-31T05:06:38.185+0000] {local_task_job_runner.py:228} INFO - Task exited with return code 0
[2025-08-31T05:06:38.277+0000] {taskinstance.py:2776} INFO - 1 downstream tasks scheduled from follow-on schedule check
[2025-08-31T12:53:17.012+0000] {taskinstance.py:1157} INFO - Dependencies all met for dep_context=non-requeueable deps ti=<TaskInstance: sparking_flow.start scheduled__2025-08-30T04:00:00+00:00 [queued]>
[2025-08-31T12:53:17.058+0000] {taskinstance.py:1157} INFO - Dependencies all met for dep_context=requeueable deps ti=<TaskInstance: sparking_flow.start scheduled__2025-08-30T04:00:00+00:00 [queued]>
[2025-08-31T12:53:17.065+0000] {taskinstance.py:1359} INFO - Starting attempt 1 of 1
[2025-08-31T12:53:17.135+0000] {taskinstance.py:1380} INFO - Executing <Task(PythonOperator): start> on 2025-08-30 04:00:00+00:00
[2025-08-31T12:53:17.307+0000] {standard_task_runner.py:57} INFO - Started process 363 to run task
[2025-08-31T12:53:17.386+0000] {standard_task_runner.py:84} INFO - Running: ['***', 'tasks', 'run', 'sparking_flow', 'start', 'scheduled__2025-08-30T04:00:00+00:00', '--job-id', '5', '--raw', '--subdir', 'DAGS_FOLDER/spark_***.py', '--cfg-path', '/tmp/tmpudcdrch4']
[2025-08-31T12:53:17.431+0000] {standard_task_runner.py:85} INFO - Job 5: Subtask start
[2025-08-31T12:53:18.043+0000] {task_command.py:415} INFO - Running <TaskInstance: sparking_flow.start scheduled__2025-08-30T04:00:00+00:00 [running]> on host f7da00c682c4
[2025-08-31T12:53:18.545+0000] {taskinstance.py:1660} INFO - Exporting env vars: AIRFLOW_CTX_DAG_OWNER='Kudzaishe Manyanya' AIRFLOW_CTX_DAG_ID='sparking_flow' AIRFLOW_CTX_TASK_ID='start' AIRFLOW_CTX_EXECUTION_DATE='2025-08-30T04:00:00+00:00' AIRFLOW_CTX_TRY_NUMBER='1' AIRFLOW_CTX_DAG_RUN_ID='scheduled__2025-08-30T04:00:00+00:00'
[2025-08-31T12:53:18.565+0000] {logging_mixin.py:151} INFO - Jobs started
[2025-08-31T12:53:18.565+0000] {python.py:194} INFO - Done. Returned value was: None
[2025-08-31T12:53:18.615+0000] {taskinstance.py:1398} INFO - Marking task as SUCCESS. dag_id=sparking_flow, task_id=start, execution_date=20250830T040000, start_date=20250831T125317, end_date=20250831T125318
[2025-08-31T12:53:18.689+0000] {local_task_job_runner.py:228} INFO - Task exited with return code 0
[2025-08-31T12:53:18.799+0000] {taskinstance.py:2776} INFO - 1 downstream tasks scheduled from follow-on schedule check
