[2025-08-31T04:30:18.375+0000] {taskinstance.py:1157} INFO - Dependencies all met for dep_context=non-requeueable deps ti=<TaskInstance: sparking_flow.start scheduled__2025-08-30T10:00:00+00:00 [queued]>
[2025-08-31T04:30:18.414+0000] {taskinstance.py:1157} INFO - Dependencies all met for dep_context=requeueable deps ti=<TaskInstance: sparking_flow.start scheduled__2025-08-30T10:00:00+00:00 [queued]>
[2025-08-31T04:30:18.417+0000] {taskinstance.py:1359} INFO - Starting attempt 1 of 1
[2025-08-31T04:30:18.498+0000] {taskinstance.py:1380} INFO - Executing <Task(PythonOperator): start> on 2025-08-30 10:00:00+00:00
[2025-08-31T04:30:18.561+0000] {standard_task_runner.py:57} INFO - Started process 196 to run task
[2025-08-31T04:30:18.575+0000] {standard_task_runner.py:84} INFO - Running: ['***', 'tasks', 'run', 'sparking_flow', 'start', 'scheduled__2025-08-30T10:00:00+00:00', '--job-id', '67', '--raw', '--subdir', 'DAGS_FOLDER/spark_***.py', '--cfg-path', '/tmp/tmpwew0p3f2']
[2025-08-31T04:30:18.592+0000] {standard_task_runner.py:85} INFO - Job 67: Subtask start
[2025-08-31T04:30:19.079+0000] {task_command.py:415} INFO - Running <TaskInstance: sparking_flow.start scheduled__2025-08-30T10:00:00+00:00 [running]> on host 81b7fe425a18
[2025-08-31T04:30:19.804+0000] {taskinstance.py:1660} INFO - Exporting env vars: AIRFLOW_CTX_DAG_OWNER='Kudzaishe Manyanya' AIRFLOW_CTX_DAG_ID='sparking_flow' AIRFLOW_CTX_TASK_ID='start' AIRFLOW_CTX_EXECUTION_DATE='2025-08-30T10:00:00+00:00' AIRFLOW_CTX_TRY_NUMBER='1' AIRFLOW_CTX_DAG_RUN_ID='scheduled__2025-08-30T10:00:00+00:00'
[2025-08-31T04:30:19.996+0000] {logging_mixin.py:151} INFO - Jobs started
[2025-08-31T04:30:20.019+0000] {python.py:194} INFO - Done. Returned value was: None
[2025-08-31T04:30:20.080+0000] {taskinstance.py:1398} INFO - Marking task as SUCCESS. dag_id=sparking_flow, task_id=start, execution_date=20250830T100000, start_date=20250831T043018, end_date=20250831T043020
[2025-08-31T04:30:20.175+0000] {local_task_job_runner.py:228} INFO - Task exited with return code 0
[2025-08-31T04:30:20.449+0000] {taskinstance.py:2776} INFO - 0 downstream tasks scheduled from follow-on schedule check
[2025-08-31T05:06:37.895+0000] {taskinstance.py:1157} INFO - Dependencies all met for dep_context=non-requeueable deps ti=<TaskInstance: sparking_flow.start scheduled__2025-08-30T10:00:00+00:00 [queued]>
[2025-08-31T05:06:37.933+0000] {taskinstance.py:1157} INFO - Dependencies all met for dep_context=requeueable deps ti=<TaskInstance: sparking_flow.start scheduled__2025-08-30T10:00:00+00:00 [queued]>
[2025-08-31T05:06:37.938+0000] {taskinstance.py:1359} INFO - Starting attempt 1 of 1
[2025-08-31T05:06:38.229+0000] {taskinstance.py:1380} INFO - Executing <Task(PythonOperator): start> on 2025-08-30 10:00:00+00:00
[2025-08-31T05:06:38.254+0000] {standard_task_runner.py:57} INFO - Started process 275 to run task
[2025-08-31T05:06:38.280+0000] {standard_task_runner.py:84} INFO - Running: ['***', 'tasks', 'run', 'sparking_flow', 'start', 'scheduled__2025-08-30T10:00:00+00:00', '--job-id', '8', '--raw', '--subdir', 'DAGS_FOLDER/spark_***.py', '--cfg-path', '/tmp/tmp498xe6iz']
[2025-08-31T05:06:38.297+0000] {standard_task_runner.py:85} INFO - Job 8: Subtask start
[2025-08-31T05:06:38.591+0000] {task_command.py:415} INFO - Running <TaskInstance: sparking_flow.start scheduled__2025-08-30T10:00:00+00:00 [running]> on host 80647ef95998
[2025-08-31T05:06:38.907+0000] {taskinstance.py:1660} INFO - Exporting env vars: AIRFLOW_CTX_DAG_OWNER='Kudzaishe Manyanya' AIRFLOW_CTX_DAG_ID='sparking_flow' AIRFLOW_CTX_TASK_ID='start' AIRFLOW_CTX_EXECUTION_DATE='2025-08-30T10:00:00+00:00' AIRFLOW_CTX_TRY_NUMBER='1' AIRFLOW_CTX_DAG_RUN_ID='scheduled__2025-08-30T10:00:00+00:00'
[2025-08-31T05:06:38.912+0000] {logging_mixin.py:151} INFO - Jobs started
[2025-08-31T05:06:38.914+0000] {python.py:194} INFO - Done. Returned value was: None
[2025-08-31T05:06:38.943+0000] {taskinstance.py:1398} INFO - Marking task as SUCCESS. dag_id=sparking_flow, task_id=start, execution_date=20250830T100000, start_date=20250831T050637, end_date=20250831T050638
[2025-08-31T05:06:39.018+0000] {local_task_job_runner.py:228} INFO - Task exited with return code 0
[2025-08-31T05:06:39.100+0000] {taskinstance.py:2776} INFO - 1 downstream tasks scheduled from follow-on schedule check
[2025-08-31T12:53:18.912+0000] {taskinstance.py:1157} INFO - Dependencies all met for dep_context=non-requeueable deps ti=<TaskInstance: sparking_flow.start scheduled__2025-08-30T10:00:00+00:00 [queued]>
[2025-08-31T12:53:18.938+0000] {taskinstance.py:1157} INFO - Dependencies all met for dep_context=requeueable deps ti=<TaskInstance: sparking_flow.start scheduled__2025-08-30T10:00:00+00:00 [queued]>
[2025-08-31T12:53:18.939+0000] {taskinstance.py:1359} INFO - Starting attempt 1 of 1
[2025-08-31T12:53:18.971+0000] {taskinstance.py:1380} INFO - Executing <Task(PythonOperator): start> on 2025-08-30 10:00:00+00:00
[2025-08-31T12:53:18.991+0000] {standard_task_runner.py:57} INFO - Started process 376 to run task
[2025-08-31T12:53:19.002+0000] {standard_task_runner.py:84} INFO - Running: ['***', 'tasks', 'run', 'sparking_flow', 'start', 'scheduled__2025-08-30T10:00:00+00:00', '--job-id', '17', '--raw', '--subdir', 'DAGS_FOLDER/spark_***.py', '--cfg-path', '/tmp/tmpw_7as51f']
[2025-08-31T12:53:19.012+0000] {standard_task_runner.py:85} INFO - Job 17: Subtask start
[2025-08-31T12:53:19.232+0000] {task_command.py:415} INFO - Running <TaskInstance: sparking_flow.start scheduled__2025-08-30T10:00:00+00:00 [running]> on host f7da00c682c4
[2025-08-31T12:53:19.374+0000] {taskinstance.py:1660} INFO - Exporting env vars: AIRFLOW_CTX_DAG_OWNER='Kudzaishe Manyanya' AIRFLOW_CTX_DAG_ID='sparking_flow' AIRFLOW_CTX_TASK_ID='start' AIRFLOW_CTX_EXECUTION_DATE='2025-08-30T10:00:00+00:00' AIRFLOW_CTX_TRY_NUMBER='1' AIRFLOW_CTX_DAG_RUN_ID='scheduled__2025-08-30T10:00:00+00:00'
[2025-08-31T12:53:19.376+0000] {logging_mixin.py:151} INFO - Jobs started
[2025-08-31T12:53:19.376+0000] {python.py:194} INFO - Done. Returned value was: None
[2025-08-31T12:53:19.390+0000] {taskinstance.py:1398} INFO - Marking task as SUCCESS. dag_id=sparking_flow, task_id=start, execution_date=20250830T100000, start_date=20250831T125318, end_date=20250831T125319
[2025-08-31T12:53:19.427+0000] {local_task_job_runner.py:228} INFO - Task exited with return code 0
[2025-08-31T12:53:19.480+0000] {taskinstance.py:2776} INFO - 0 downstream tasks scheduled from follow-on schedule check
