[2025-08-10T13:18:21.557+0000] {taskinstance.py:1157} INFO - Dependencies all met for dep_context=non-requeueable deps ti=<TaskInstance: sparking_flow.python_job manual__2025-08-10T13:18:18.986592+00:00 [queued]>
[2025-08-10T13:18:21.563+0000] {taskinstance.py:1157} INFO - Dependencies all met for dep_context=requeueable deps ti=<TaskInstance: sparking_flow.python_job manual__2025-08-10T13:18:18.986592+00:00 [queued]>
[2025-08-10T13:18:21.563+0000] {taskinstance.py:1359} INFO - Starting attempt 1 of 1
[2025-08-10T13:18:21.575+0000] {taskinstance.py:1380} INFO - Executing <Task(SparkSubmitOperator): python_job> on 2025-08-10 13:18:18.986592+00:00
[2025-08-10T13:18:21.580+0000] {standard_task_runner.py:57} INFO - Started process 324 to run task
[2025-08-10T13:18:21.584+0000] {standard_task_runner.py:84} INFO - Running: ['***', 'tasks', 'run', 'sparking_flow', 'python_job', 'manual__2025-08-10T13:18:18.986592+00:00', '--job-id', '7', '--raw', '--subdir', 'DAGS_FOLDER/spark_***.py', '--cfg-path', '/tmp/tmpdfn6b4do']
[2025-08-10T13:18:21.588+0000] {standard_task_runner.py:85} INFO - Job 7: Subtask python_job
[2025-08-10T13:18:21.654+0000] {task_command.py:415} INFO - Running <TaskInstance: sparking_flow.python_job manual__2025-08-10T13:18:18.986592+00:00 [running]> on host a565ada56043
[2025-08-10T13:18:21.733+0000] {taskinstance.py:1660} INFO - Exporting env vars: AIRFLOW_CTX_DAG_OWNER='Yusuf Ganiyu' AIRFLOW_CTX_DAG_ID='sparking_flow' AIRFLOW_CTX_TASK_ID='python_job' AIRFLOW_CTX_EXECUTION_DATE='2025-08-10T13:18:18.986592+00:00' AIRFLOW_CTX_TRY_NUMBER='1' AIRFLOW_CTX_DAG_RUN_ID='manual__2025-08-10T13:18:18.986592+00:00'
[2025-08-10T13:18:21.745+0000] {base.py:73} INFO - Using connection ID 'spark-conn' for task execution.
[2025-08-10T13:18:21.746+0000] {spark_submit.py:403} INFO - Spark-Submit cmd: spark-submit --master spark://spark-master:7077 --jars /opt/spark/external-jars/spark-mssql-connector_2.11-1.1.0.jar --name arrow-spark --deploy-mode client jobs/python/wordcountjob.py
[2025-08-10T13:18:22.088+0000] {spark_submit.py:579} INFO - WARNING: Using incubator modules: jdk.incubator.vector
[2025-08-10T13:18:23.273+0000] {spark_submit.py:579} INFO - 25/08/10 13:18:23 WARN NativeCodeLoader: Unable to load native-hadoop library for your platform... using builtin-java classes where applicable
[2025-08-10T13:18:23.413+0000] {spark_submit.py:579} INFO - Using Spark's default log4j profile: org/apache/spark/log4j2-defaults.properties
[2025-08-10T13:18:23.417+0000] {spark_submit.py:579} INFO - 25/08/10 13:18:23 WARN DependencyUtils: Local jar /opt/spark/external-jars/spark-mssql-connector_2.11-1.1.0.jar does not exist, skipping.
[2025-08-10T13:18:25.923+0000] {spark_submit.py:579} INFO - 25/08/10 13:18:25 INFO SparkContext: Running Spark version 4.0.0
[2025-08-10T13:18:25.925+0000] {spark_submit.py:579} INFO - 25/08/10 13:18:25 INFO SparkContext: OS info Linux, 6.6.87.2-microsoft-standard-WSL2, amd64
[2025-08-10T13:18:25.926+0000] {spark_submit.py:579} INFO - 25/08/10 13:18:25 INFO SparkContext: Java version 17.0.15
[2025-08-10T13:18:25.949+0000] {spark_submit.py:579} INFO - 25/08/10 13:18:25 INFO ResourceUtils: ==============================================================
[2025-08-10T13:18:25.950+0000] {spark_submit.py:579} INFO - 25/08/10 13:18:25 INFO ResourceUtils: No custom resources configured for spark.driver.
[2025-08-10T13:18:25.951+0000] {spark_submit.py:579} INFO - 25/08/10 13:18:25 INFO ResourceUtils: ==============================================================
[2025-08-10T13:18:25.951+0000] {spark_submit.py:579} INFO - 25/08/10 13:18:25 INFO SparkContext: Submitted application: PythonWordCount
[2025-08-10T13:18:25.978+0000] {spark_submit.py:579} INFO - 25/08/10 13:18:25 INFO ResourceProfile: Default ResourceProfile created, executor resources: Map(memory -> name: memory, amount: 1024, script: , vendor: , offHeap -> name: offHeap, amount: 0, script: , vendor: ), task resources: Map(cpus -> name: cpus, amount: 1.0)
[2025-08-10T13:18:25.981+0000] {spark_submit.py:579} INFO - 25/08/10 13:18:25 INFO ResourceProfile: Limiting resource is cpu
[2025-08-10T13:18:25.983+0000] {spark_submit.py:579} INFO - 25/08/10 13:18:25 INFO ResourceProfileManager: Added ResourceProfile id: 0
[2025-08-10T13:18:26.047+0000] {spark_submit.py:579} INFO - 25/08/10 13:18:26 INFO SecurityManager: Changing view acls to: ***
[2025-08-10T13:18:26.048+0000] {spark_submit.py:579} INFO - 25/08/10 13:18:26 INFO SecurityManager: Changing modify acls to: ***
[2025-08-10T13:18:26.050+0000] {spark_submit.py:579} INFO - 25/08/10 13:18:26 INFO SecurityManager: Changing view acls groups to: ***
[2025-08-10T13:18:26.051+0000] {spark_submit.py:579} INFO - 25/08/10 13:18:26 INFO SecurityManager: Changing modify acls groups to: ***
[2025-08-10T13:18:26.056+0000] {spark_submit.py:579} INFO - 25/08/10 13:18:26 INFO SecurityManager: SecurityManager: authentication disabled; ui acls disabled; users with view permissions: *** groups with view permissions: EMPTY; users with modify permissions: ***; groups with modify permissions: EMPTY; RPC SSL disabled
[2025-08-10T13:18:26.322+0000] {spark_submit.py:579} INFO - 25/08/10 13:18:26 INFO Utils: Successfully started service 'sparkDriver' on port 39995.
[2025-08-10T13:18:26.365+0000] {spark_submit.py:579} INFO - 25/08/10 13:18:26 INFO SparkEnv: Registering MapOutputTracker
[2025-08-10T13:18:26.388+0000] {spark_submit.py:579} INFO - 25/08/10 13:18:26 INFO SparkEnv: Registering BlockManagerMaster
[2025-08-10T13:18:26.430+0000] {spark_submit.py:579} INFO - 25/08/10 13:18:26 INFO BlockManagerMasterEndpoint: Using org.apache.spark.storage.DefaultTopologyMapper for getting topology information
[2025-08-10T13:18:26.431+0000] {spark_submit.py:579} INFO - 25/08/10 13:18:26 INFO BlockManagerMasterEndpoint: BlockManagerMasterEndpoint up
[2025-08-10T13:18:26.436+0000] {spark_submit.py:579} INFO - 25/08/10 13:18:26 INFO SparkEnv: Registering BlockManagerMasterHeartbeat
[2025-08-10T13:18:26.473+0000] {spark_submit.py:579} INFO - 25/08/10 13:18:26 INFO DiskBlockManager: Created local directory at /tmp/blockmgr-9cec1687-ce13-43ab-878e-54ac19a5360a
[2025-08-10T13:18:26.504+0000] {spark_submit.py:579} INFO - 25/08/10 13:18:26 INFO SparkEnv: Registering OutputCommitCoordinator
[2025-08-10T13:18:26.667+0000] {spark_submit.py:579} INFO - 25/08/10 13:18:26 INFO JettyUtils: Start Jetty 0.0.0.0:4040 for SparkUI
[2025-08-10T13:18:26.730+0000] {spark_submit.py:579} INFO - 25/08/10 13:18:26 INFO Utils: Successfully started service 'SparkUI' on port 4040.
[2025-08-10T13:18:26.763+0000] {spark_submit.py:579} INFO - 25/08/10 13:18:26 ERROR SparkContext: Failed to add file:/opt/spark/external-jars/spark-mssql-connector_2.11-1.1.0.jar to Spark environment
[2025-08-10T13:18:26.763+0000] {spark_submit.py:579} INFO - java.io.FileNotFoundException: Jar /opt/spark/external-jars/spark-mssql-connector_2.11-1.1.0.jar not found
[2025-08-10T13:18:26.764+0000] {spark_submit.py:579} INFO - at org.apache.spark.SparkContext.addLocalJarFile$1(SparkContext.scala:2174)
[2025-08-10T13:18:26.764+0000] {spark_submit.py:579} INFO - at org.apache.spark.SparkContext.addJar(SparkContext.scala:2230)
[2025-08-10T13:18:26.765+0000] {spark_submit.py:579} INFO - at org.apache.spark.SparkContext.$anonfun$new$15(SparkContext.scala:538)
[2025-08-10T13:18:26.765+0000] {spark_submit.py:579} INFO - at org.apache.spark.SparkContext.$anonfun$new$15$adapted(SparkContext.scala:538)
[2025-08-10T13:18:26.766+0000] {spark_submit.py:579} INFO - at scala.collection.IterableOnceOps.foreach(IterableOnce.scala:619)
[2025-08-10T13:18:26.766+0000] {spark_submit.py:579} INFO - at scala.collection.IterableOnceOps.foreach$(IterableOnce.scala:617)
[2025-08-10T13:18:26.767+0000] {spark_submit.py:579} INFO - at scala.collection.AbstractIterable.foreach(Iterable.scala:935)
[2025-08-10T13:18:26.767+0000] {spark_submit.py:579} INFO - at org.apache.spark.SparkContext.<init>(SparkContext.scala:538)
[2025-08-10T13:18:26.768+0000] {spark_submit.py:579} INFO - at org.apache.spark.api.java.JavaSparkContext.<init>(JavaSparkContext.scala:59)
[2025-08-10T13:18:26.768+0000] {spark_submit.py:579} INFO - at java.base/jdk.internal.reflect.NativeConstructorAccessorImpl.newInstance0(Native Method)
[2025-08-10T13:18:26.768+0000] {spark_submit.py:579} INFO - at java.base/jdk.internal.reflect.NativeConstructorAccessorImpl.newInstance(NativeConstructorAccessorImpl.java:77)
[2025-08-10T13:18:26.769+0000] {spark_submit.py:579} INFO - at java.base/jdk.internal.reflect.DelegatingConstructorAccessorImpl.newInstance(DelegatingConstructorAccessorImpl.java:45)
[2025-08-10T13:18:26.769+0000] {spark_submit.py:579} INFO - at java.base/java.lang.reflect.Constructor.newInstanceWithCaller(Constructor.java:500)
[2025-08-10T13:18:26.769+0000] {spark_submit.py:579} INFO - at java.base/java.lang.reflect.Constructor.newInstance(Constructor.java:481)
[2025-08-10T13:18:26.770+0000] {spark_submit.py:579} INFO - at py4j.reflection.MethodInvoker.invoke(MethodInvoker.java:247)
[2025-08-10T13:18:26.770+0000] {spark_submit.py:579} INFO - at py4j.reflection.ReflectionEngine.invoke(ReflectionEngine.java:374)
[2025-08-10T13:18:26.770+0000] {spark_submit.py:579} INFO - at py4j.Gateway.invoke(Gateway.java:238)
[2025-08-10T13:18:26.771+0000] {spark_submit.py:579} INFO - at py4j.commands.ConstructorCommand.invokeConstructor(ConstructorCommand.java:80)
[2025-08-10T13:18:26.771+0000] {spark_submit.py:579} INFO - at py4j.commands.ConstructorCommand.execute(ConstructorCommand.java:69)
[2025-08-10T13:18:26.772+0000] {spark_submit.py:579} INFO - at py4j.ClientServerConnection.waitForCommands(ClientServerConnection.java:184)
[2025-08-10T13:18:26.774+0000] {spark_submit.py:579} INFO - at py4j.ClientServerConnection.run(ClientServerConnection.java:108)
[2025-08-10T13:18:26.774+0000] {spark_submit.py:579} INFO - at java.base/java.lang.Thread.run(Thread.java:840)
[2025-08-10T13:18:26.782+0000] {spark_submit.py:579} INFO - 25/08/10 13:18:26 INFO SecurityManager: Changing view acls to: ***
[2025-08-10T13:18:26.783+0000] {spark_submit.py:579} INFO - 25/08/10 13:18:26 INFO SecurityManager: Changing modify acls to: ***
[2025-08-10T13:18:26.783+0000] {spark_submit.py:579} INFO - 25/08/10 13:18:26 INFO SecurityManager: Changing view acls groups to: ***
[2025-08-10T13:18:26.784+0000] {spark_submit.py:579} INFO - 25/08/10 13:18:26 INFO SecurityManager: Changing modify acls groups to: ***
[2025-08-10T13:18:26.785+0000] {spark_submit.py:579} INFO - 25/08/10 13:18:26 INFO SecurityManager: SecurityManager: authentication disabled; ui acls disabled; users with view permissions: *** groups with view permissions: EMPTY; users with modify permissions: ***; groups with modify permissions: EMPTY; RPC SSL disabled
[2025-08-10T13:18:26.904+0000] {spark_submit.py:579} INFO - 25/08/10 13:18:26 INFO StandaloneAppClient$ClientEndpoint: Connecting to master spark://spark-master:7077...
[2025-08-10T13:18:26.953+0000] {spark_submit.py:579} INFO - 25/08/10 13:18:26 INFO TransportClientFactory: Successfully created connection to spark-master/172.18.0.2:7077 after 25 ms (0 ms spent in bootstraps)
[2025-08-10T13:18:27.165+0000] {spark_submit.py:579} INFO - 25/08/10 13:18:27 INFO StandaloneSchedulerBackend: Connected to Spark cluster with app ID app-20250810131827-0000
[2025-08-10T13:18:27.174+0000] {spark_submit.py:579} INFO - 25/08/10 13:18:27 INFO Utils: Successfully started service 'org.apache.spark.network.netty.NettyBlockTransferService' on port 36213.
[2025-08-10T13:18:27.175+0000] {spark_submit.py:579} INFO - 25/08/10 13:18:27 INFO NettyBlockTransferService: Server created on a565ada56043:36213
[2025-08-10T13:18:27.177+0000] {spark_submit.py:579} INFO - 25/08/10 13:18:27 INFO BlockManager: Using org.apache.spark.storage.RandomBlockReplicationPolicy for block replication policy
[2025-08-10T13:18:27.190+0000] {spark_submit.py:579} INFO - 25/08/10 13:18:27 INFO BlockManagerMaster: Registering BlockManager BlockManagerId(driver, a565ada56043, 36213, None)
[2025-08-10T13:18:27.196+0000] {spark_submit.py:579} INFO - 25/08/10 13:18:27 INFO BlockManagerMasterEndpoint: Registering block manager a565ada56043:36213 with 434.4 MiB RAM, BlockManagerId(driver, a565ada56043, 36213, None)
[2025-08-10T13:18:27.198+0000] {spark_submit.py:579} INFO - 25/08/10 13:18:27 INFO BlockManagerMaster: Registered BlockManager BlockManagerId(driver, a565ada56043, 36213, None)
[2025-08-10T13:18:27.199+0000] {spark_submit.py:579} INFO - 25/08/10 13:18:27 INFO BlockManager: Initialized BlockManager: BlockManagerId(driver, a565ada56043, 36213, None)
[2025-08-10T13:18:27.234+0000] {spark_submit.py:579} INFO - 25/08/10 13:18:27 INFO StandaloneAppClient$ClientEndpoint: Executor added: app-20250810131827-0000/0 on worker-20250810131505-172.18.0.4-46311 (172.18.0.4:46311) with 2 core(s)
[2025-08-10T13:18:27.239+0000] {spark_submit.py:579} INFO - 25/08/10 13:18:27 INFO StandaloneSchedulerBackend: Granted executor ID app-20250810131827-0000/0 on hostPort 172.18.0.4:46311 with 2 core(s), 1024.0 MiB RAM
[2025-08-10T13:18:27.367+0000] {spark_submit.py:579} INFO - 25/08/10 13:18:27 INFO StandaloneSchedulerBackend: SchedulerBackend is ready for scheduling beginning after reached minRegisteredResourcesRatio: 0.0
[2025-08-10T13:18:28.141+0000] {spark_submit.py:579} INFO - 25/08/10 13:18:28 INFO StandaloneAppClient$ClientEndpoint: Executor updated: app-20250810131827-0000/0 is now RUNNING
[2025-08-10T13:18:31.210+0000] {spark_submit.py:579} INFO - 25/08/10 13:18:31 INFO StandaloneSchedulerBackend$StandaloneDriverEndpoint: Registered executor NettyRpcEndpointRef(spark-client://Executor) (172.18.0.4:47156) with ID 0, ResourceProfileId 0
[2025-08-10T13:18:31.342+0000] {spark_submit.py:579} INFO - 25/08/10 13:18:31 INFO BlockManagerMasterEndpoint: Registering block manager 172.18.0.4:46509 with 434.4 MiB RAM, BlockManagerId(0, 172.18.0.4, 46509, None)
[2025-08-10T13:18:32.294+0000] {spark_submit.py:579} INFO - dict_keys(['daily', 'daily960', 'live_rapid', 'live_blitz', 'live_bullet', 'live_bughouse', 'live_blitz960', 'live_threecheck', 'live_crazyhouse', 'live_kingofthehill', 'tactics', 'rush', 'battle'])
[2025-08-10T13:18:32.314+0000] {spark_submit.py:579} INFO - 25/08/10 13:18:32 INFO SharedState: Setting hive.metastore.warehouse.dir ('null') to the value of spark.sql.warehouse.dir.
[2025-08-10T13:18:32.316+0000] {spark_submit.py:579} INFO - 25/08/10 13:18:32 INFO SharedState: Warehouse path is 'file:/opt/***/spark-warehouse'.
[2025-08-10T13:18:34.076+0000] {spark_submit.py:579} INFO - Traceback (most recent call last):
[2025-08-10T13:18:34.077+0000] {spark_submit.py:579} INFO - File "/opt/***/jobs/python/wordcountjob.py", line 84, in <module>
[2025-08-10T13:18:34.081+0000] {spark_submit.py:579} INFO - write_data(daily,"daily")
[2025-08-10T13:18:34.081+0000] {spark_submit.py:579} INFO - File "/opt/***/jobs/python/wordcountjob.py", line 80, in write_data
[2025-08-10T13:18:34.083+0000] {spark_submit.py:579} INFO - df.write.mode("overwrite").jdbc(url=jdbc_url, table=f"dbo.{table}", properties=properties)
[2025-08-10T13:18:34.083+0000] {spark_submit.py:579} INFO - File "/home/***/.local/lib/python3.10/site-packages/pyspark/python/lib/pyspark.zip/pyspark/sql/readwriter.py", line 2347, in jdbc
[2025-08-10T13:18:34.084+0000] {spark_submit.py:579} INFO - File "/home/***/.local/lib/python3.10/site-packages/pyspark/python/lib/py4j-0.10.9.9-src.zip/py4j/java_gateway.py", line 1362, in __call__
[2025-08-10T13:18:34.085+0000] {spark_submit.py:579} INFO - File "/home/***/.local/lib/python3.10/site-packages/pyspark/python/lib/pyspark.zip/pyspark/errors/exceptions/captured.py", line 282, in deco
[2025-08-10T13:18:34.086+0000] {spark_submit.py:579} INFO - File "/home/***/.local/lib/python3.10/site-packages/pyspark/python/lib/py4j-0.10.9.9-src.zip/py4j/protocol.py", line 327, in get_return_value
[2025-08-10T13:18:34.132+0000] {spark_submit.py:579} INFO - py4j.protocol.Py4JJavaError: An error occurred while calling o138.jdbc.
[2025-08-10T13:18:34.132+0000] {spark_submit.py:579} INFO - : java.lang.ClassNotFoundException: com.microsoft.sqlserver.jdbc.SQLServerDriver
[2025-08-10T13:18:34.135+0000] {spark_submit.py:579} INFO - at java.base/java.net.URLClassLoader.findClass(URLClassLoader.java:445)
[2025-08-10T13:18:34.136+0000] {spark_submit.py:579} INFO - at java.base/java.lang.ClassLoader.loadClass(ClassLoader.java:592)
[2025-08-10T13:18:34.136+0000] {spark_submit.py:579} INFO - at java.base/java.lang.ClassLoader.loadClass(ClassLoader.java:525)
[2025-08-10T13:18:34.136+0000] {spark_submit.py:579} INFO - at org.apache.spark.sql.execution.datasources.jdbc.DriverRegistry$.register(DriverRegistry.scala:47)
[2025-08-10T13:18:34.136+0000] {spark_submit.py:579} INFO - at org.apache.spark.sql.execution.datasources.jdbc.JDBCOptions.$anonfun$driverClass$1(JDBCOptions.scala:112)
[2025-08-10T13:18:34.137+0000] {spark_submit.py:579} INFO - at org.apache.spark.sql.execution.datasources.jdbc.JDBCOptions.$anonfun$driverClass$1$adapted(JDBCOptions.scala:112)
[2025-08-10T13:18:34.137+0000] {spark_submit.py:579} INFO - at scala.Option.foreach(Option.scala:437)
[2025-08-10T13:18:34.137+0000] {spark_submit.py:579} INFO - at org.apache.spark.sql.execution.datasources.jdbc.JDBCOptions.<init>(JDBCOptions.scala:112)
[2025-08-10T13:18:34.137+0000] {spark_submit.py:579} INFO - at org.apache.spark.sql.execution.datasources.jdbc.JdbcOptionsInWrite.<init>(JDBCOptions.scala:272)
[2025-08-10T13:18:34.137+0000] {spark_submit.py:579} INFO - at org.apache.spark.sql.execution.datasources.jdbc.JdbcOptionsInWrite.<init>(JDBCOptions.scala:276)
[2025-08-10T13:18:34.138+0000] {spark_submit.py:579} INFO - at org.apache.spark.sql.execution.datasources.jdbc.JdbcRelationProvider.createRelation(JdbcRelationProvider.scala:48)
[2025-08-10T13:18:34.138+0000] {spark_submit.py:579} INFO - at org.apache.spark.sql.execution.datasources.SaveIntoDataSourceCommand.run(SaveIntoDataSourceCommand.scala:55)
[2025-08-10T13:18:34.138+0000] {spark_submit.py:579} INFO - at org.apache.spark.sql.execution.command.ExecutedCommandExec.sideEffectResult$lzycompute(commands.scala:79)
[2025-08-10T13:18:34.138+0000] {spark_submit.py:579} INFO - at org.apache.spark.sql.execution.command.ExecutedCommandExec.sideEffectResult(commands.scala:77)
[2025-08-10T13:18:34.139+0000] {spark_submit.py:579} INFO - at org.apache.spark.sql.execution.command.ExecutedCommandExec.executeCollect(commands.scala:88)
[2025-08-10T13:18:34.139+0000] {spark_submit.py:579} INFO - at org.apache.spark.sql.execution.QueryExecution.$anonfun$eagerlyExecuteCommands$2(QueryExecution.scala:155)
[2025-08-10T13:18:34.139+0000] {spark_submit.py:579} INFO - at org.apache.spark.sql.execution.SQLExecution$.$anonfun$withNewExecutionId0$8(SQLExecution.scala:162)
[2025-08-10T13:18:34.139+0000] {spark_submit.py:579} INFO - at org.apache.spark.sql.execution.SQLExecution$.withSessionTagsApplied(SQLExecution.scala:268)
[2025-08-10T13:18:34.140+0000] {spark_submit.py:579} INFO - at org.apache.spark.sql.execution.SQLExecution$.$anonfun$withNewExecutionId0$7(SQLExecution.scala:124)
[2025-08-10T13:18:34.140+0000] {spark_submit.py:579} INFO - at org.apache.spark.JobArtifactSet$.withActiveJobArtifactState(JobArtifactSet.scala:94)
[2025-08-10T13:18:34.140+0000] {spark_submit.py:579} INFO - at org.apache.spark.sql.artifact.ArtifactManager.$anonfun$withResources$1(ArtifactManager.scala:112)
[2025-08-10T13:18:34.141+0000] {spark_submit.py:579} INFO - at org.apache.spark.sql.artifact.ArtifactManager.withClassLoaderIfNeeded(ArtifactManager.scala:106)
[2025-08-10T13:18:34.141+0000] {spark_submit.py:579} INFO - at org.apache.spark.sql.artifact.ArtifactManager.withResources(ArtifactManager.scala:111)
[2025-08-10T13:18:34.141+0000] {spark_submit.py:579} INFO - at org.apache.spark.sql.execution.SQLExecution$.$anonfun$withNewExecutionId0$6(SQLExecution.scala:124)
[2025-08-10T13:18:34.141+0000] {spark_submit.py:579} INFO - at org.apache.spark.sql.execution.SQLExecution$.withSQLConfPropagated(SQLExecution.scala:291)
[2025-08-10T13:18:34.142+0000] {spark_submit.py:579} INFO - at org.apache.spark.sql.execution.SQLExecution$.$anonfun$withNewExecutionId0$1(SQLExecution.scala:123)
[2025-08-10T13:18:34.142+0000] {spark_submit.py:579} INFO - at org.apache.spark.sql.SparkSession.withActive(SparkSession.scala:804)
[2025-08-10T13:18:34.142+0000] {spark_submit.py:579} INFO - at org.apache.spark.sql.execution.SQLExecution$.withNewExecutionId0(SQLExecution.scala:77)
[2025-08-10T13:18:34.142+0000] {spark_submit.py:579} INFO - at org.apache.spark.sql.execution.SQLExecution$.withNewExecutionId(SQLExecution.scala:233)
[2025-08-10T13:18:34.142+0000] {spark_submit.py:579} INFO - at org.apache.spark.sql.execution.QueryExecution.$anonfun$eagerlyExecuteCommands$1(QueryExecution.scala:155)
[2025-08-10T13:18:34.143+0000] {spark_submit.py:579} INFO - at org.apache.spark.sql.execution.QueryExecution$.withInternalError(QueryExecution.scala:654)
[2025-08-10T13:18:34.143+0000] {spark_submit.py:579} INFO - at org.apache.spark.sql.execution.QueryExecution.org$apache$spark$sql$execution$QueryExecution$$eagerlyExecute$1(QueryExecution.scala:154)
[2025-08-10T13:18:34.143+0000] {spark_submit.py:579} INFO - at org.apache.spark.sql.execution.QueryExecution$$anonfun$eagerlyExecuteCommands$3.applyOrElse(QueryExecution.scala:169)
[2025-08-10T13:18:34.143+0000] {spark_submit.py:579} INFO - at org.apache.spark.sql.execution.QueryExecution$$anonfun$eagerlyExecuteCommands$3.applyOrElse(QueryExecution.scala:164)
[2025-08-10T13:18:34.144+0000] {spark_submit.py:579} INFO - at org.apache.spark.sql.catalyst.trees.TreeNode.$anonfun$transformDownWithPruning$1(TreeNode.scala:470)
[2025-08-10T13:18:34.144+0000] {spark_submit.py:579} INFO - at org.apache.spark.sql.catalyst.trees.CurrentOrigin$.withOrigin(origin.scala:86)
[2025-08-10T13:18:34.144+0000] {spark_submit.py:579} INFO - at org.apache.spark.sql.catalyst.trees.TreeNode.transformDownWithPruning(TreeNode.scala:470)
[2025-08-10T13:18:34.144+0000] {spark_submit.py:579} INFO - at org.apache.spark.sql.catalyst.plans.logical.LogicalPlan.org$apache$spark$sql$catalyst$plans$logical$AnalysisHelper$$super$transformDownWithPruning(LogicalPlan.scala:37)
[2025-08-10T13:18:34.144+0000] {spark_submit.py:579} INFO - at org.apache.spark.sql.catalyst.plans.logical.AnalysisHelper.transformDownWithPruning(AnalysisHelper.scala:360)
[2025-08-10T13:18:34.145+0000] {spark_submit.py:579} INFO - at org.apache.spark.sql.catalyst.plans.logical.AnalysisHelper.transformDownWithPruning$(AnalysisHelper.scala:356)
[2025-08-10T13:18:34.145+0000] {spark_submit.py:579} INFO - at org.apache.spark.sql.catalyst.plans.logical.LogicalPlan.transformDownWithPruning(LogicalPlan.scala:37)
[2025-08-10T13:18:34.146+0000] {spark_submit.py:579} INFO - at org.apache.spark.sql.catalyst.plans.logical.LogicalPlan.transformDownWithPruning(LogicalPlan.scala:37)
[2025-08-10T13:18:34.146+0000] {spark_submit.py:579} INFO - at org.apache.spark.sql.catalyst.trees.TreeNode.transformDown(TreeNode.scala:446)
[2025-08-10T13:18:34.147+0000] {spark_submit.py:579} INFO - at org.apache.spark.sql.execution.QueryExecution.eagerlyExecuteCommands(QueryExecution.scala:164)
[2025-08-10T13:18:34.147+0000] {spark_submit.py:579} INFO - at org.apache.spark.sql.execution.QueryExecution.$anonfun$lazyCommandExecuted$1(QueryExecution.scala:126)
[2025-08-10T13:18:34.147+0000] {spark_submit.py:579} INFO - at scala.util.Try$.apply(Try.scala:217)
[2025-08-10T13:18:34.147+0000] {spark_submit.py:579} INFO - at org.apache.spark.util.Utils$.doTryWithCallerStacktrace(Utils.scala:1378)
[2025-08-10T13:18:34.147+0000] {spark_submit.py:579} INFO - at org.apache.spark.util.Utils$.getTryWithCallerStacktrace(Utils.scala:1439)
[2025-08-10T13:18:34.148+0000] {spark_submit.py:579} INFO - at org.apache.spark.util.LazyTry.get(LazyTry.scala:58)
[2025-08-10T13:18:34.148+0000] {spark_submit.py:579} INFO - at org.apache.spark.sql.execution.QueryExecution.commandExecuted(QueryExecution.scala:131)
[2025-08-10T13:18:34.148+0000] {spark_submit.py:579} INFO - at org.apache.spark.sql.execution.QueryExecution.assertCommandExecuted(QueryExecution.scala:192)
[2025-08-10T13:18:34.148+0000] {spark_submit.py:579} INFO - at org.apache.spark.sql.classic.DataFrameWriter.runCommand(DataFrameWriter.scala:622)
[2025-08-10T13:18:34.149+0000] {spark_submit.py:579} INFO - at org.apache.spark.sql.classic.DataFrameWriter.saveToV1Source(DataFrameWriter.scala:273)
[2025-08-10T13:18:34.149+0000] {spark_submit.py:579} INFO - at org.apache.spark.sql.classic.DataFrameWriter.saveInternal(DataFrameWriter.scala:241)
[2025-08-10T13:18:34.149+0000] {spark_submit.py:579} INFO - at org.apache.spark.sql.classic.DataFrameWriter.save(DataFrameWriter.scala:126)
[2025-08-10T13:18:34.149+0000] {spark_submit.py:579} INFO - at org.apache.spark.sql.DataFrameWriter.jdbc(DataFrameWriter.scala:334)
[2025-08-10T13:18:34.149+0000] {spark_submit.py:579} INFO - at java.base/jdk.internal.reflect.NativeMethodAccessorImpl.invoke0(Native Method)
[2025-08-10T13:18:34.150+0000] {spark_submit.py:579} INFO - at java.base/jdk.internal.reflect.NativeMethodAccessorImpl.invoke(NativeMethodAccessorImpl.java:77)
[2025-08-10T13:18:34.150+0000] {spark_submit.py:579} INFO - at java.base/jdk.internal.reflect.DelegatingMethodAccessorImpl.invoke(DelegatingMethodAccessorImpl.java:43)
[2025-08-10T13:18:34.150+0000] {spark_submit.py:579} INFO - at java.base/java.lang.reflect.Method.invoke(Method.java:569)
[2025-08-10T13:18:34.150+0000] {spark_submit.py:579} INFO - at py4j.reflection.MethodInvoker.invoke(MethodInvoker.java:244)
[2025-08-10T13:18:34.150+0000] {spark_submit.py:579} INFO - at py4j.reflection.ReflectionEngine.invoke(ReflectionEngine.java:374)
[2025-08-10T13:18:34.150+0000] {spark_submit.py:579} INFO - at py4j.Gateway.invoke(Gateway.java:282)
[2025-08-10T13:18:34.151+0000] {spark_submit.py:579} INFO - at py4j.commands.AbstractCommand.invokeMethod(AbstractCommand.java:132)
[2025-08-10T13:18:34.151+0000] {spark_submit.py:579} INFO - at py4j.commands.CallCommand.execute(CallCommand.java:79)
[2025-08-10T13:18:34.151+0000] {spark_submit.py:579} INFO - at py4j.ClientServerConnection.waitForCommands(ClientServerConnection.java:184)
[2025-08-10T13:18:34.152+0000] {spark_submit.py:579} INFO - at py4j.ClientServerConnection.run(ClientServerConnection.java:108)
[2025-08-10T13:18:34.152+0000] {spark_submit.py:579} INFO - at java.base/java.lang.Thread.run(Thread.java:840)
[2025-08-10T13:18:34.152+0000] {spark_submit.py:579} INFO - Suppressed: org.apache.spark.util.Utils$OriginalTryStackTraceException: Full stacktrace of original doTryWithCallerStacktrace caller
[2025-08-10T13:18:34.152+0000] {spark_submit.py:579} INFO - at java.base/java.net.URLClassLoader.findClass(URLClassLoader.java:445)
[2025-08-10T13:18:34.153+0000] {spark_submit.py:579} INFO - at java.base/java.lang.ClassLoader.loadClass(ClassLoader.java:592)
[2025-08-10T13:18:34.153+0000] {spark_submit.py:579} INFO - at java.base/java.lang.ClassLoader.loadClass(ClassLoader.java:525)
[2025-08-10T13:18:34.153+0000] {spark_submit.py:579} INFO - at org.apache.spark.sql.execution.datasources.jdbc.DriverRegistry$.register(DriverRegistry.scala:47)
[2025-08-10T13:18:34.153+0000] {spark_submit.py:579} INFO - at org.apache.spark.sql.execution.datasources.jdbc.JDBCOptions.$anonfun$driverClass$1(JDBCOptions.scala:112)
[2025-08-10T13:18:34.154+0000] {spark_submit.py:579} INFO - at org.apache.spark.sql.execution.datasources.jdbc.JDBCOptions.$anonfun$driverClass$1$adapted(JDBCOptions.scala:112)
[2025-08-10T13:18:34.154+0000] {spark_submit.py:579} INFO - at scala.Option.foreach(Option.scala:437)
[2025-08-10T13:18:34.154+0000] {spark_submit.py:579} INFO - at org.apache.spark.sql.execution.datasources.jdbc.JDBCOptions.<init>(JDBCOptions.scala:112)
[2025-08-10T13:18:34.154+0000] {spark_submit.py:579} INFO - at org.apache.spark.sql.execution.datasources.jdbc.JdbcOptionsInWrite.<init>(JDBCOptions.scala:272)
[2025-08-10T13:18:34.154+0000] {spark_submit.py:579} INFO - at org.apache.spark.sql.execution.datasources.jdbc.JdbcOptionsInWrite.<init>(JDBCOptions.scala:276)
[2025-08-10T13:18:34.154+0000] {spark_submit.py:579} INFO - at org.apache.spark.sql.execution.datasources.jdbc.JdbcRelationProvider.createRelation(JdbcRelationProvider.scala:48)
[2025-08-10T13:18:34.155+0000] {spark_submit.py:579} INFO - at org.apache.spark.sql.execution.datasources.SaveIntoDataSourceCommand.run(SaveIntoDataSourceCommand.scala:55)
[2025-08-10T13:18:34.155+0000] {spark_submit.py:579} INFO - at org.apache.spark.sql.execution.command.ExecutedCommandExec.sideEffectResult$lzycompute(commands.scala:79)
[2025-08-10T13:18:34.155+0000] {spark_submit.py:579} INFO - at org.apache.spark.sql.execution.command.ExecutedCommandExec.sideEffectResult(commands.scala:77)
[2025-08-10T13:18:34.155+0000] {spark_submit.py:579} INFO - at org.apache.spark.sql.execution.command.ExecutedCommandExec.executeCollect(commands.scala:88)
[2025-08-10T13:18:34.155+0000] {spark_submit.py:579} INFO - at org.apache.spark.sql.execution.QueryExecution.$anonfun$eagerlyExecuteCommands$2(QueryExecution.scala:155)
[2025-08-10T13:18:34.156+0000] {spark_submit.py:579} INFO - at org.apache.spark.sql.execution.SQLExecution$.$anonfun$withNewExecutionId0$8(SQLExecution.scala:162)
[2025-08-10T13:18:34.156+0000] {spark_submit.py:579} INFO - at org.apache.spark.sql.execution.SQLExecution$.withSessionTagsApplied(SQLExecution.scala:268)
[2025-08-10T13:18:34.156+0000] {spark_submit.py:579} INFO - at org.apache.spark.sql.execution.SQLExecution$.$anonfun$withNewExecutionId0$7(SQLExecution.scala:124)
[2025-08-10T13:18:34.156+0000] {spark_submit.py:579} INFO - at org.apache.spark.JobArtifactSet$.withActiveJobArtifactState(JobArtifactSet.scala:94)
[2025-08-10T13:18:34.156+0000] {spark_submit.py:579} INFO - at org.apache.spark.sql.artifact.ArtifactManager.$anonfun$withResources$1(ArtifactManager.scala:112)
[2025-08-10T13:18:34.157+0000] {spark_submit.py:579} INFO - at org.apache.spark.sql.artifact.ArtifactManager.withClassLoaderIfNeeded(ArtifactManager.scala:106)
[2025-08-10T13:18:34.157+0000] {spark_submit.py:579} INFO - at org.apache.spark.sql.artifact.ArtifactManager.withResources(ArtifactManager.scala:111)
[2025-08-10T13:18:34.157+0000] {spark_submit.py:579} INFO - at org.apache.spark.sql.execution.SQLExecution$.$anonfun$withNewExecutionId0$6(SQLExecution.scala:124)
[2025-08-10T13:18:34.157+0000] {spark_submit.py:579} INFO - at org.apache.spark.sql.execution.SQLExecution$.withSQLConfPropagated(SQLExecution.scala:291)
[2025-08-10T13:18:34.157+0000] {spark_submit.py:579} INFO - at org.apache.spark.sql.execution.SQLExecution$.$anonfun$withNewExecutionId0$1(SQLExecution.scala:123)
[2025-08-10T13:18:34.158+0000] {spark_submit.py:579} INFO - at org.apache.spark.sql.SparkSession.withActive(SparkSession.scala:804)
[2025-08-10T13:18:34.158+0000] {spark_submit.py:579} INFO - at org.apache.spark.sql.execution.SQLExecution$.withNewExecutionId0(SQLExecution.scala:77)
[2025-08-10T13:18:34.158+0000] {spark_submit.py:579} INFO - at org.apache.spark.sql.execution.SQLExecution$.withNewExecutionId(SQLExecution.scala:233)
[2025-08-10T13:18:34.159+0000] {spark_submit.py:579} INFO - at org.apache.spark.sql.execution.QueryExecution.$anonfun$eagerlyExecuteCommands$1(QueryExecution.scala:155)
[2025-08-10T13:18:34.159+0000] {spark_submit.py:579} INFO - at org.apache.spark.sql.execution.QueryExecution$.withInternalError(QueryExecution.scala:654)
[2025-08-10T13:18:34.159+0000] {spark_submit.py:579} INFO - at org.apache.spark.sql.execution.QueryExecution.org$apache$spark$sql$execution$QueryExecution$$eagerlyExecute$1(QueryExecution.scala:154)
[2025-08-10T13:18:34.159+0000] {spark_submit.py:579} INFO - at org.apache.spark.sql.execution.QueryExecution$$anonfun$eagerlyExecuteCommands$3.applyOrElse(QueryExecution.scala:169)
[2025-08-10T13:18:34.159+0000] {spark_submit.py:579} INFO - at org.apache.spark.sql.execution.QueryExecution$$anonfun$eagerlyExecuteCommands$3.applyOrElse(QueryExecution.scala:164)
[2025-08-10T13:18:34.160+0000] {spark_submit.py:579} INFO - at org.apache.spark.sql.catalyst.trees.TreeNode.$anonfun$transformDownWithPruning$1(TreeNode.scala:470)
[2025-08-10T13:18:34.160+0000] {spark_submit.py:579} INFO - at org.apache.spark.sql.catalyst.trees.CurrentOrigin$.withOrigin(origin.scala:86)
[2025-08-10T13:18:34.160+0000] {spark_submit.py:579} INFO - at org.apache.spark.sql.catalyst.trees.TreeNode.transformDownWithPruning(TreeNode.scala:470)
[2025-08-10T13:18:34.160+0000] {spark_submit.py:579} INFO - at org.apache.spark.sql.catalyst.plans.logical.LogicalPlan.org$apache$spark$sql$catalyst$plans$logical$AnalysisHelper$$super$transformDownWithPruning(LogicalPlan.scala:37)
[2025-08-10T13:18:34.160+0000] {spark_submit.py:579} INFO - at org.apache.spark.sql.catalyst.plans.logical.AnalysisHelper.transformDownWithPruning(AnalysisHelper.scala:360)
[2025-08-10T13:18:34.160+0000] {spark_submit.py:579} INFO - at org.apache.spark.sql.catalyst.plans.logical.AnalysisHelper.transformDownWithPruning$(AnalysisHelper.scala:356)
[2025-08-10T13:18:34.161+0000] {spark_submit.py:579} INFO - at org.apache.spark.sql.catalyst.plans.logical.LogicalPlan.transformDownWithPruning(LogicalPlan.scala:37)
[2025-08-10T13:18:34.161+0000] {spark_submit.py:579} INFO - at org.apache.spark.sql.catalyst.plans.logical.LogicalPlan.transformDownWithPruning(LogicalPlan.scala:37)
[2025-08-10T13:18:34.161+0000] {spark_submit.py:579} INFO - at org.apache.spark.sql.catalyst.trees.TreeNode.transformDown(TreeNode.scala:446)
[2025-08-10T13:18:34.161+0000] {spark_submit.py:579} INFO - at org.apache.spark.sql.execution.QueryExecution.eagerlyExecuteCommands(QueryExecution.scala:164)
[2025-08-10T13:18:34.161+0000] {spark_submit.py:579} INFO - at org.apache.spark.sql.execution.QueryExecution.$anonfun$lazyCommandExecuted$1(QueryExecution.scala:126)
[2025-08-10T13:18:34.162+0000] {spark_submit.py:579} INFO - at scala.util.Try$.apply(Try.scala:217)
[2025-08-10T13:18:34.162+0000] {spark_submit.py:579} INFO - at org.apache.spark.util.Utils$.doTryWithCallerStacktrace(Utils.scala:1378)
[2025-08-10T13:18:34.162+0000] {spark_submit.py:579} INFO - at org.apache.spark.util.LazyTry.tryT$lzycompute(LazyTry.scala:46)
[2025-08-10T13:18:34.162+0000] {spark_submit.py:579} INFO - at org.apache.spark.util.LazyTry.tryT(LazyTry.scala:46)
[2025-08-10T13:18:34.162+0000] {spark_submit.py:579} INFO - ... 20 more
[2025-08-10T13:18:34.163+0000] {spark_submit.py:579} INFO - 
[2025-08-10T13:18:34.277+0000] {spark_submit.py:579} INFO - 25/08/10 13:18:34 INFO SparkContext: Invoking stop() from shutdown hook
[2025-08-10T13:18:34.278+0000] {spark_submit.py:579} INFO - 25/08/10 13:18:34 INFO SparkContext: SparkContext is stopping with exitCode 0 from run at Executors.java:539.
[2025-08-10T13:18:34.289+0000] {spark_submit.py:579} INFO - 25/08/10 13:18:34 INFO SparkUI: Stopped Spark web UI at http://a565ada56043:4040
[2025-08-10T13:18:34.293+0000] {spark_submit.py:579} INFO - 25/08/10 13:18:34 INFO StandaloneSchedulerBackend: Shutting down all executors
[2025-08-10T13:18:34.294+0000] {spark_submit.py:579} INFO - 25/08/10 13:18:34 INFO StandaloneSchedulerBackend$StandaloneDriverEndpoint: Asking each executor to shut down
[2025-08-10T13:18:34.314+0000] {spark_submit.py:579} INFO - 25/08/10 13:18:34 INFO MapOutputTrackerMasterEndpoint: MapOutputTrackerMasterEndpoint stopped!
[2025-08-10T13:18:34.349+0000] {spark_submit.py:579} INFO - 25/08/10 13:18:34 INFO MemoryStore: MemoryStore started with capacity 434.4 MiB
[2025-08-10T13:18:34.350+0000] {spark_submit.py:579} INFO - 25/08/10 13:18:34 INFO MemoryStore: MemoryStore cleared
[2025-08-10T13:18:34.350+0000] {spark_submit.py:579} INFO - 25/08/10 13:18:34 INFO BlockManager: BlockManager stopped
[2025-08-10T13:18:34.358+0000] {spark_submit.py:579} INFO - 25/08/10 13:18:34 INFO BlockManagerMaster: BlockManagerMaster stopped
[2025-08-10T13:18:34.360+0000] {spark_submit.py:579} INFO - 25/08/10 13:18:34 INFO OutputCommitCoordinator$OutputCommitCoordinatorEndpoint: OutputCommitCoordinator stopped!
[2025-08-10T13:18:34.385+0000] {spark_submit.py:579} INFO - 25/08/10 13:18:34 INFO SparkContext: Successfully stopped SparkContext
[2025-08-10T13:18:34.386+0000] {spark_submit.py:579} INFO - 25/08/10 13:18:34 INFO ShutdownHookManager: Shutdown hook called
[2025-08-10T13:18:34.387+0000] {spark_submit.py:579} INFO - 25/08/10 13:18:34 INFO ShutdownHookManager: Deleting directory /tmp/spark-e153c279-0cd1-4a64-9e6b-1196e562d806/pyspark-e283d559-611e-4861-bb7f-4a526c30af1d
[2025-08-10T13:18:34.399+0000] {spark_submit.py:579} INFO - 25/08/10 13:18:34 INFO ShutdownHookManager: Deleting directory /opt/***/artifacts/spark-6016dbfe-6390-468a-9259-c091293eec34
[2025-08-10T13:18:34.407+0000] {spark_submit.py:579} INFO - 25/08/10 13:18:34 INFO ShutdownHookManager: Deleting directory /tmp/spark-31c522fd-dae4-4cb3-99fd-65a2972ba224
[2025-08-10T13:18:34.422+0000] {spark_submit.py:579} INFO - 25/08/10 13:18:34 INFO ShutdownHookManager: Deleting directory /tmp/spark-e153c279-0cd1-4a64-9e6b-1196e562d806
[2025-08-10T13:18:34.478+0000] {taskinstance.py:1935} ERROR - Task failed with exception
Traceback (most recent call last):
  File "/home/airflow/.local/lib/python3.10/site-packages/airflow/providers/apache/spark/operators/spark_submit.py", line 174, in execute
    self._hook.submit(self.application)
  File "/home/airflow/.local/lib/python3.10/site-packages/airflow/providers/apache/spark/hooks/spark_submit.py", line 505, in submit
    raise AirflowException(
airflow.exceptions.AirflowException: Cannot execute: spark-submit --master spark://spark-master:7077 --jars /opt/spark/external-jars/spark-mssql-connector_2.11-1.1.0.jar --name arrow-spark --deploy-mode client jobs/python/wordcountjob.py. Error code is: 1.
[2025-08-10T13:18:34.482+0000] {taskinstance.py:1398} INFO - Marking task as FAILED. dag_id=sparking_flow, task_id=python_job, execution_date=20250810T131818, start_date=20250810T131821, end_date=20250810T131834
[2025-08-10T13:18:34.493+0000] {standard_task_runner.py:104} ERROR - Failed to execute job 7 for task python_job (Cannot execute: spark-submit --master spark://spark-master:7077 --jars /opt/spark/external-jars/spark-mssql-connector_2.11-1.1.0.jar --name arrow-spark --deploy-mode client jobs/python/wordcountjob.py. Error code is: 1.; 324)
[2025-08-10T13:18:34.515+0000] {local_task_job_runner.py:228} INFO - Task exited with return code 1
[2025-08-10T13:18:34.540+0000] {taskinstance.py:2776} INFO - 0 downstream tasks scheduled from follow-on schedule check
