[2025-08-15T00:00:06.968+0000] {taskinstance.py:1157} INFO - Dependencies all met for dep_context=non-requeueable deps ti=<TaskInstance: sparking_flow.python_job scheduled__2025-08-14T00:00:00+00:00 [queued]>
[2025-08-15T00:00:06.975+0000] {taskinstance.py:1157} INFO - Dependencies all met for dep_context=requeueable deps ti=<TaskInstance: sparking_flow.python_job scheduled__2025-08-14T00:00:00+00:00 [queued]>
[2025-08-15T00:00:06.975+0000] {taskinstance.py:1359} INFO - Starting attempt 1 of 1
[2025-08-15T00:00:07.037+0000] {taskinstance.py:1380} INFO - Executing <Task(SparkSubmitOperator): python_job> on 2025-08-14 00:00:00+00:00
[2025-08-15T00:00:07.043+0000] {standard_task_runner.py:57} INFO - Started process 41586 to run task
[2025-08-15T00:00:07.047+0000] {standard_task_runner.py:84} INFO - Running: ['***', 'tasks', 'run', 'sparking_flow', 'python_job', 'scheduled__2025-08-14T00:00:00+00:00', '--job-id', '20', '--raw', '--subdir', 'DAGS_FOLDER/spark_***.py', '--cfg-path', '/tmp/tmp9n__fscf']
[2025-08-15T00:00:07.050+0000] {standard_task_runner.py:85} INFO - Job 20: Subtask python_job
[2025-08-15T00:00:07.154+0000] {task_command.py:415} INFO - Running <TaskInstance: sparking_flow.python_job scheduled__2025-08-14T00:00:00+00:00 [running]> on host cd1679119d2d
[2025-08-15T00:00:07.422+0000] {taskinstance.py:1660} INFO - Exporting env vars: AIRFLOW_CTX_DAG_OWNER='Yusuf Ganiyu' AIRFLOW_CTX_DAG_ID='sparking_flow' AIRFLOW_CTX_TASK_ID='python_job' AIRFLOW_CTX_EXECUTION_DATE='2025-08-14T00:00:00+00:00' AIRFLOW_CTX_TRY_NUMBER='1' AIRFLOW_CTX_DAG_RUN_ID='scheduled__2025-08-14T00:00:00+00:00'
[2025-08-15T00:00:07.440+0000] {base.py:73} INFO - Using connection ID 'spark-conn' for task execution.
[2025-08-15T00:00:07.441+0000] {spark_submit.py:403} INFO - Spark-Submit cmd: spark-submit --master spark://spark-master:7077 --jars /opt/spark/external-jars/apache-spark-sql-connector.jar --name arrow-spark --deploy-mode client jobs/python/wordcountjob.py
[2025-08-15T00:00:08.488+0000] {spark_submit.py:579} INFO - WARNING: Using incubator modules: jdk.incubator.vector
[2025-08-15T00:00:10.185+0000] {spark_submit.py:579} INFO - 25/08/15 00:00:10 WARN NativeCodeLoader: Unable to load native-hadoop library for your platform... using builtin-java classes where applicable
[2025-08-15T00:00:14.243+0000] {spark_submit.py:579} INFO - Using Spark's default log4j profile: org/apache/spark/log4j2-defaults.properties
[2025-08-15T00:00:14.249+0000] {spark_submit.py:579} INFO - 25/08/15 00:00:14 INFO SparkContext: Running Spark version 4.0.0
[2025-08-15T00:00:14.251+0000] {spark_submit.py:579} INFO - 25/08/15 00:00:14 INFO SparkContext: OS info Linux, 6.6.87.2-microsoft-standard-WSL2, amd64
[2025-08-15T00:00:14.251+0000] {spark_submit.py:579} INFO - 25/08/15 00:00:14 INFO SparkContext: Java version 17.0.15
[2025-08-15T00:00:14.280+0000] {spark_submit.py:579} INFO - 25/08/15 00:00:14 INFO ResourceUtils: ==============================================================
[2025-08-15T00:00:14.280+0000] {spark_submit.py:579} INFO - 25/08/15 00:00:14 INFO ResourceUtils: No custom resources configured for spark.driver.
[2025-08-15T00:00:14.281+0000] {spark_submit.py:579} INFO - 25/08/15 00:00:14 INFO ResourceUtils: ==============================================================
[2025-08-15T00:00:14.281+0000] {spark_submit.py:579} INFO - 25/08/15 00:00:14 INFO SparkContext: Submitted application: PythonWordCount
[2025-08-15T00:00:14.318+0000] {spark_submit.py:579} INFO - 25/08/15 00:00:14 INFO ResourceProfile: Default ResourceProfile created, executor resources: Map(memory -> name: memory, amount: 1024, script: , vendor: , offHeap -> name: offHeap, amount: 0, script: , vendor: ), task resources: Map(cpus -> name: cpus, amount: 1.0)
[2025-08-15T00:00:14.320+0000] {spark_submit.py:579} INFO - 25/08/15 00:00:14 INFO ResourceProfile: Limiting resource is cpu
[2025-08-15T00:00:14.321+0000] {spark_submit.py:579} INFO - 25/08/15 00:00:14 INFO ResourceProfileManager: Added ResourceProfile id: 0
[2025-08-15T00:00:14.409+0000] {spark_submit.py:579} INFO - 25/08/15 00:00:14 INFO SecurityManager: Changing view acls to: ***
[2025-08-15T00:00:14.411+0000] {spark_submit.py:579} INFO - 25/08/15 00:00:14 INFO SecurityManager: Changing modify acls to: ***
[2025-08-15T00:00:14.411+0000] {spark_submit.py:579} INFO - 25/08/15 00:00:14 INFO SecurityManager: Changing view acls groups to: ***
[2025-08-15T00:00:14.412+0000] {spark_submit.py:579} INFO - 25/08/15 00:00:14 INFO SecurityManager: Changing modify acls groups to: ***
[2025-08-15T00:00:14.414+0000] {spark_submit.py:579} INFO - 25/08/15 00:00:14 INFO SecurityManager: SecurityManager: authentication disabled; ui acls disabled; users with view permissions: *** groups with view permissions: EMPTY; users with modify permissions: ***; groups with modify permissions: EMPTY; RPC SSL disabled
[2025-08-15T00:00:14.719+0000] {spark_submit.py:579} INFO - 25/08/15 00:00:14 INFO Utils: Successfully started service 'sparkDriver' on port 43243.
[2025-08-15T00:00:14.760+0000] {spark_submit.py:579} INFO - 25/08/15 00:00:14 INFO SparkEnv: Registering MapOutputTracker
[2025-08-15T00:00:14.772+0000] {spark_submit.py:579} INFO - 25/08/15 00:00:14 INFO SparkEnv: Registering BlockManagerMaster
[2025-08-15T00:00:14.793+0000] {spark_submit.py:579} INFO - 25/08/15 00:00:14 INFO BlockManagerMasterEndpoint: Using org.apache.spark.storage.DefaultTopologyMapper for getting topology information
[2025-08-15T00:00:14.793+0000] {spark_submit.py:579} INFO - 25/08/15 00:00:14 INFO BlockManagerMasterEndpoint: BlockManagerMasterEndpoint up
[2025-08-15T00:00:14.797+0000] {spark_submit.py:579} INFO - 25/08/15 00:00:14 INFO SparkEnv: Registering BlockManagerMasterHeartbeat
[2025-08-15T00:00:14.833+0000] {spark_submit.py:579} INFO - 25/08/15 00:00:14 INFO DiskBlockManager: Created local directory at /tmp/blockmgr-e4af5bf4-0f0c-4602-a19d-1b86afea6837
[2025-08-15T00:00:14.858+0000] {spark_submit.py:579} INFO - 25/08/15 00:00:14 INFO SparkEnv: Registering OutputCommitCoordinator
[2025-08-15T00:00:15.030+0000] {spark_submit.py:579} INFO - 25/08/15 00:00:15 INFO JettyUtils: Start Jetty 0.0.0.0:4040 for SparkUI
[2025-08-15T00:00:15.135+0000] {spark_submit.py:579} INFO - 25/08/15 00:00:15 INFO Utils: Successfully started service 'SparkUI' on port 4040.
[2025-08-15T00:00:15.189+0000] {spark_submit.py:579} INFO - 25/08/15 00:00:15 INFO SparkContext: Added JAR file:///opt/spark/external-jars/apache-spark-sql-connector.jar at spark://cd1679119d2d:43243/jars/apache-spark-sql-connector.jar with timestamp 1755216014236
[2025-08-15T00:00:15.216+0000] {spark_submit.py:579} INFO - 25/08/15 00:00:15 INFO SecurityManager: Changing view acls to: ***
[2025-08-15T00:00:15.217+0000] {spark_submit.py:579} INFO - 25/08/15 00:00:15 INFO SecurityManager: Changing modify acls to: ***
[2025-08-15T00:00:15.217+0000] {spark_submit.py:579} INFO - 25/08/15 00:00:15 INFO SecurityManager: Changing view acls groups to: ***
[2025-08-15T00:00:15.218+0000] {spark_submit.py:579} INFO - 25/08/15 00:00:15 INFO SecurityManager: Changing modify acls groups to: ***
[2025-08-15T00:00:15.218+0000] {spark_submit.py:579} INFO - 25/08/15 00:00:15 INFO SecurityManager: SecurityManager: authentication disabled; ui acls disabled; users with view permissions: *** groups with view permissions: EMPTY; users with modify permissions: ***; groups with modify permissions: EMPTY; RPC SSL disabled
[2025-08-15T00:00:15.404+0000] {spark_submit.py:579} INFO - 25/08/15 00:00:15 INFO StandaloneAppClient$ClientEndpoint: Connecting to master spark://spark-master:7077...
[2025-08-15T00:00:15.468+0000] {spark_submit.py:579} INFO - 25/08/15 00:00:15 INFO TransportClientFactory: Successfully created connection to spark-master/172.18.0.3:7077 after 28 ms (0 ms spent in bootstraps)
[2025-08-15T00:00:16.217+0000] {spark_submit.py:579} INFO - 25/08/15 00:00:16 INFO StandaloneSchedulerBackend: Connected to Spark cluster with app ID app-20250815000016-0007
[2025-08-15T00:00:16.232+0000] {spark_submit.py:579} INFO - 25/08/15 00:00:16 INFO Utils: Successfully started service 'org.apache.spark.network.netty.NettyBlockTransferService' on port 38389.
[2025-08-15T00:00:16.233+0000] {spark_submit.py:579} INFO - 25/08/15 00:00:16 INFO NettyBlockTransferService: Server created on cd1679119d2d:38389
[2025-08-15T00:00:16.234+0000] {spark_submit.py:579} INFO - 25/08/15 00:00:16 INFO BlockManager: Using org.apache.spark.storage.RandomBlockReplicationPolicy for block replication policy
[2025-08-15T00:00:16.255+0000] {spark_submit.py:579} INFO - 25/08/15 00:00:16 INFO BlockManagerMaster: Registering BlockManager BlockManagerId(driver, cd1679119d2d, 38389, None)
[2025-08-15T00:00:16.263+0000] {spark_submit.py:579} INFO - 25/08/15 00:00:16 INFO BlockManagerMasterEndpoint: Registering block manager cd1679119d2d:38389 with 434.4 MiB RAM, BlockManagerId(driver, cd1679119d2d, 38389, None)
[2025-08-15T00:00:16.266+0000] {spark_submit.py:579} INFO - 25/08/15 00:00:16 INFO BlockManagerMaster: Registered BlockManager BlockManagerId(driver, cd1679119d2d, 38389, None)
[2025-08-15T00:00:16.268+0000] {spark_submit.py:579} INFO - 25/08/15 00:00:16 INFO BlockManager: Initialized BlockManager: BlockManagerId(driver, cd1679119d2d, 38389, None)
[2025-08-15T00:00:16.287+0000] {spark_submit.py:579} INFO - 25/08/15 00:00:16 INFO StandaloneAppClient$ClientEndpoint: Executor added: app-20250815000016-0007/0 on worker-20250812044909-172.18.0.5-44209 (172.18.0.5:44209) with 2 core(s)
[2025-08-15T00:00:16.288+0000] {spark_submit.py:579} INFO - 25/08/15 00:00:16 INFO StandaloneSchedulerBackend: Granted executor ID app-20250815000016-0007/0 on hostPort 172.18.0.5:44209 with 2 core(s), 1024.0 MiB RAM
[2025-08-15T00:00:16.437+0000] {spark_submit.py:579} INFO - 25/08/15 00:00:16 INFO StandaloneSchedulerBackend: SchedulerBackend is ready for scheduling beginning after reached minRegisteredResourcesRatio: 0.0
[2025-08-15T00:00:17.870+0000] {spark_submit.py:579} INFO - 25/08/15 00:00:17 INFO StandaloneAppClient$ClientEndpoint: Executor updated: app-20250815000016-0007/0 is now RUNNING
[2025-08-15T00:00:20.436+0000] {spark_submit.py:579} INFO - dict_keys(['daily', 'daily960', 'live_rapid', 'live_blitz', 'live_bullet', 'live_bughouse', 'live_blitz960', 'live_threecheck', 'live_crazyhouse', 'live_kingofthehill', 'tactics', 'rush', 'battle'])
[2025-08-15T00:00:20.472+0000] {spark_submit.py:579} INFO - 25/08/15 00:00:20 INFO SharedState: Setting hive.metastore.warehouse.dir ('null') to the value of spark.sql.warehouse.dir.
[2025-08-15T00:00:20.476+0000] {spark_submit.py:579} INFO - 25/08/15 00:00:20 INFO SharedState: Warehouse path is 'file:/opt/***/spark-warehouse'.
[2025-08-15T00:00:22.199+0000] {spark_submit.py:579} INFO - 25/08/15 00:00:22 INFO StandaloneSchedulerBackend$StandaloneDriverEndpoint: Registered executor NettyRpcEndpointRef(spark-client://Executor) (172.18.0.5:35834) with ID 0, ResourceProfileId 0
[2025-08-15T00:00:22.437+0000] {spark_submit.py:579} INFO - 25/08/15 00:00:22 INFO BlockManagerMasterEndpoint: Registering block manager 172.18.0.5:40275 with 434.4 MiB RAM, BlockManagerId(0, 172.18.0.5, 40275, None)
[2025-08-15T00:00:23.432+0000] {spark_submit.py:579} INFO - 25/08/15 00:00:23 WARN SparkStringUtils: Truncated the string representation of a plan since it was too large. This behavior can be adjusted by setting 'spark.sql.debug.maxToStringFields'.
[2025-08-15T00:00:23.744+0000] {spark_submit.py:579} INFO - 25/08/15 00:00:23 INFO CodeGenerator: Code generated in 186.955437 ms
[2025-08-15T00:00:23.814+0000] {spark_submit.py:579} INFO - 25/08/15 00:00:23 INFO SparkContext: Starting job: jdbc at NativeMethodAccessorImpl.java:0
[2025-08-15T00:00:23.826+0000] {spark_submit.py:579} INFO - 25/08/15 00:00:23 INFO DAGScheduler: Got job 0 (jdbc at NativeMethodAccessorImpl.java:0) with 2 output partitions
[2025-08-15T00:00:23.828+0000] {spark_submit.py:579} INFO - 25/08/15 00:00:23 INFO DAGScheduler: Final stage: ResultStage 0 (jdbc at NativeMethodAccessorImpl.java:0)
[2025-08-15T00:00:23.829+0000] {spark_submit.py:579} INFO - 25/08/15 00:00:23 INFO DAGScheduler: Parents of final stage: List()
[2025-08-15T00:00:23.830+0000] {spark_submit.py:579} INFO - 25/08/15 00:00:23 INFO DAGScheduler: Missing parents: List()
[2025-08-15T00:00:23.833+0000] {spark_submit.py:579} INFO - 25/08/15 00:00:23 INFO DAGScheduler: Submitting ResultStage 0 (MapPartitionsRDD[23] at jdbc at NativeMethodAccessorImpl.java:0), which has no missing parents
[2025-08-15T00:00:23.900+0000] {spark_submit.py:579} INFO - 25/08/15 00:00:23 INFO MemoryStore: MemoryStore started with capacity 434.4 MiB
[2025-08-15T00:00:23.926+0000] {spark_submit.py:579} INFO - 25/08/15 00:00:23 INFO MemoryStore: Block broadcast_0 stored as values in memory (estimated size 32.4 KiB, free 434.4 MiB)
[2025-08-15T00:00:23.963+0000] {spark_submit.py:579} INFO - 25/08/15 00:00:23 INFO MemoryStore: Block broadcast_0_piece0 stored as bytes in memory (estimated size 13.7 KiB, free 434.4 MiB)
[2025-08-15T00:00:23.971+0000] {spark_submit.py:579} INFO - 25/08/15 00:00:23 INFO SparkContext: Created broadcast 0 from broadcast at DAGScheduler.scala:1676
[2025-08-15T00:00:23.983+0000] {spark_submit.py:579} INFO - 25/08/15 00:00:23 INFO DAGScheduler: Submitting 2 missing tasks from ResultStage 0 (MapPartitionsRDD[23] at jdbc at NativeMethodAccessorImpl.java:0) (first 15 tasks are for partitions Vector(0, 1))
[2025-08-15T00:00:23.992+0000] {spark_submit.py:579} INFO - 25/08/15 00:00:23 INFO TaskSchedulerImpl: Adding task set 0.0 with 2 tasks resource profile 0
[2025-08-15T00:00:24.019+0000] {spark_submit.py:579} INFO - 25/08/15 00:00:24 INFO TaskSetManager: Starting task 0.0 in stage 0.0 (TID 0) (172.18.0.5,executor 0, partition 0, PROCESS_LOCAL, 17671 bytes)
[2025-08-15T00:00:24.022+0000] {spark_submit.py:579} INFO - 25/08/15 00:00:24 INFO TaskSetManager: Starting task 1.0 in stage 0.0 (TID 1) (172.18.0.5,executor 0, partition 1, PROCESS_LOCAL, 17406 bytes)
[2025-08-15T00:00:28.220+0000] {spark_submit.py:579} INFO - 25/08/15 00:00:28 INFO TaskSetManager: Finished task 1.0 in stage 0.0 (TID 1) in 4181 ms on 172.18.0.5 (executor 0) (1/2)
[2025-08-15T00:00:28.230+0000] {spark_submit.py:579} INFO - 25/08/15 00:00:28 INFO TaskSetManager: Finished task 0.0 in stage 0.0 (TID 0) in 4217 ms on 172.18.0.5 (executor 0) (2/2)
[2025-08-15T00:00:28.231+0000] {spark_submit.py:579} INFO - 25/08/15 00:00:28 INFO TaskSchedulerImpl: Removed TaskSet 0.0 whose tasks have all completed, from pool
[2025-08-15T00:00:28.249+0000] {spark_submit.py:579} INFO - 25/08/15 00:00:28 INFO PythonAccumulatorV2: Connected to AccumulatorServer at host: 127.0.0.1 port: 51019
[2025-08-15T00:00:28.277+0000] {spark_submit.py:579} INFO - 25/08/15 00:00:28 INFO DAGScheduler: ResultStage 0 (jdbc at NativeMethodAccessorImpl.java:0) finished in 4428 ms
[2025-08-15T00:00:28.287+0000] {spark_submit.py:579} INFO - 25/08/15 00:00:28 INFO DAGScheduler: Job 0 is finished. Cancelling potential speculative or zombie tasks for this job
[2025-08-15T00:00:28.289+0000] {spark_submit.py:579} INFO - 25/08/15 00:00:28 INFO TaskSchedulerImpl: Canceling stage 0
[2025-08-15T00:00:28.292+0000] {spark_submit.py:579} INFO - 25/08/15 00:00:28 INFO TaskSchedulerImpl: Killing all running tasks in stage 0: Stage finished
[2025-08-15T00:00:28.299+0000] {spark_submit.py:579} INFO - 25/08/15 00:00:28 INFO DAGScheduler: Job 0 finished: jdbc at NativeMethodAccessorImpl.java:0, took 4484.372519 ms
[2025-08-15T00:00:28.543+0000] {spark_submit.py:579} INFO - table daily has been loaded
[2025-08-15T00:00:28.971+0000] {spark_submit.py:579} INFO - 25/08/15 00:00:28 INFO SparkContext: Starting job: jdbc at NativeMethodAccessorImpl.java:0
[2025-08-15T00:00:28.977+0000] {spark_submit.py:579} INFO - 25/08/15 00:00:28 INFO DAGScheduler: Got job 1 (jdbc at NativeMethodAccessorImpl.java:0) with 2 output partitions
[2025-08-15T00:00:28.979+0000] {spark_submit.py:579} INFO - 25/08/15 00:00:28 INFO DAGScheduler: Final stage: ResultStage 1 (jdbc at NativeMethodAccessorImpl.java:0)
[2025-08-15T00:00:28.981+0000] {spark_submit.py:579} INFO - 25/08/15 00:00:28 INFO DAGScheduler: Parents of final stage: List()
[2025-08-15T00:00:28.983+0000] {spark_submit.py:579} INFO - 25/08/15 00:00:28 INFO DAGScheduler: Missing parents: List()
[2025-08-15T00:00:28.984+0000] {spark_submit.py:579} INFO - 25/08/15 00:00:28 INFO DAGScheduler: Submitting ResultStage 1 (MapPartitionsRDD[27] at jdbc at NativeMethodAccessorImpl.java:0), which has no missing parents
[2025-08-15T00:00:29.012+0000] {spark_submit.py:579} INFO - 25/08/15 00:00:29 INFO MemoryStore: Block broadcast_1 stored as values in memory (estimated size 32.5 KiB, free 434.3 MiB)
[2025-08-15T00:00:29.097+0000] {spark_submit.py:579} INFO - 25/08/15 00:00:29 INFO MemoryStore: Block broadcast_1_piece0 stored as bytes in memory (estimated size 13.7 KiB, free 434.3 MiB)
[2025-08-15T00:00:29.119+0000] {spark_submit.py:579} INFO - 25/08/15 00:00:29 INFO SparkContext: Created broadcast 1 from broadcast at DAGScheduler.scala:1676
[2025-08-15T00:00:29.121+0000] {spark_submit.py:579} INFO - 25/08/15 00:00:29 INFO DAGScheduler: Submitting 2 missing tasks from ResultStage 1 (MapPartitionsRDD[27] at jdbc at NativeMethodAccessorImpl.java:0) (first 15 tasks are for partitions Vector(0, 1))
[2025-08-15T00:00:29.122+0000] {spark_submit.py:579} INFO - 25/08/15 00:00:29 INFO TaskSchedulerImpl: Adding task set 1.0 with 2 tasks resource profile 0
[2025-08-15T00:00:29.127+0000] {spark_submit.py:579} INFO - 25/08/15 00:00:29 INFO TaskSetManager: Starting task 0.0 in stage 1.0 (TID 2) (172.18.0.5,executor 0, partition 0, PROCESS_LOCAL, 17948 bytes)
[2025-08-15T00:00:29.129+0000] {spark_submit.py:579} INFO - 25/08/15 00:00:29 INFO TaskSetManager: Starting task 1.0 in stage 1.0 (TID 3) (172.18.0.5,executor 0, partition 1, PROCESS_LOCAL, 17934 bytes)
[2025-08-15T00:00:29.437+0000] {spark_submit.py:579} INFO - 25/08/15 00:00:29 INFO TaskSetManager: Finished task 0.0 in stage 1.0 (TID 2) in 311 ms on 172.18.0.5 (executor 0) (1/2)
[2025-08-15T00:00:29.446+0000] {spark_submit.py:579} INFO - 25/08/15 00:00:29 INFO TaskSetManager: Finished task 1.0 in stage 1.0 (TID 3) in 318 ms on 172.18.0.5 (executor 0) (2/2)
[2025-08-15T00:00:29.446+0000] {spark_submit.py:579} INFO - 25/08/15 00:00:29 INFO TaskSchedulerImpl: Removed TaskSet 1.0 whose tasks have all completed, from pool
[2025-08-15T00:00:29.447+0000] {spark_submit.py:579} INFO - 25/08/15 00:00:29 INFO DAGScheduler: ResultStage 1 (jdbc at NativeMethodAccessorImpl.java:0) finished in 461 ms
[2025-08-15T00:00:29.447+0000] {spark_submit.py:579} INFO - 25/08/15 00:00:29 INFO DAGScheduler: Job 1 is finished. Cancelling potential speculative or zombie tasks for this job
[2025-08-15T00:00:29.448+0000] {spark_submit.py:579} INFO - 25/08/15 00:00:29 INFO TaskSchedulerImpl: Canceling stage 1
[2025-08-15T00:00:29.448+0000] {spark_submit.py:579} INFO - 25/08/15 00:00:29 INFO TaskSchedulerImpl: Killing all running tasks in stage 1: Stage finished
[2025-08-15T00:00:29.448+0000] {spark_submit.py:579} INFO - 25/08/15 00:00:29 INFO DAGScheduler: Job 1 finished: jdbc at NativeMethodAccessorImpl.java:0, took 475.060382 ms
[2025-08-15T00:00:29.519+0000] {spark_submit.py:579} INFO - table live_rapid has been loaded
[2025-08-15T00:00:29.642+0000] {spark_submit.py:579} INFO - 25/08/15 00:00:29 INFO SparkContext: Starting job: jdbc at NativeMethodAccessorImpl.java:0
[2025-08-15T00:00:29.643+0000] {spark_submit.py:579} INFO - 25/08/15 00:00:29 INFO DAGScheduler: Got job 2 (jdbc at NativeMethodAccessorImpl.java:0) with 2 output partitions
[2025-08-15T00:00:29.644+0000] {spark_submit.py:579} INFO - 25/08/15 00:00:29 INFO DAGScheduler: Final stage: ResultStage 2 (jdbc at NativeMethodAccessorImpl.java:0)
[2025-08-15T00:00:29.645+0000] {spark_submit.py:579} INFO - 25/08/15 00:00:29 INFO DAGScheduler: Parents of final stage: List()
[2025-08-15T00:00:29.645+0000] {spark_submit.py:579} INFO - 25/08/15 00:00:29 INFO DAGScheduler: Missing parents: List()
[2025-08-15T00:00:29.645+0000] {spark_submit.py:579} INFO - 25/08/15 00:00:29 INFO DAGScheduler: Submitting ResultStage 2 (MapPartitionsRDD[31] at jdbc at NativeMethodAccessorImpl.java:0), which has no missing parents
[2025-08-15T00:00:29.650+0000] {spark_submit.py:579} INFO - 25/08/15 00:00:29 INFO MemoryStore: Block broadcast_2 stored as values in memory (estimated size 32.5 KiB, free 434.3 MiB)
[2025-08-15T00:00:29.676+0000] {spark_submit.py:579} INFO - 25/08/15 00:00:29 INFO MemoryStore: Block broadcast_2_piece0 stored as bytes in memory (estimated size 13.7 KiB, free 434.3 MiB)
[2025-08-15T00:00:29.679+0000] {spark_submit.py:579} INFO - 25/08/15 00:00:29 INFO SparkContext: Created broadcast 2 from broadcast at DAGScheduler.scala:1676
[2025-08-15T00:00:29.680+0000] {spark_submit.py:579} INFO - 25/08/15 00:00:29 INFO DAGScheduler: Submitting 2 missing tasks from ResultStage 2 (MapPartitionsRDD[31] at jdbc at NativeMethodAccessorImpl.java:0) (first 15 tasks are for partitions Vector(0, 1))
[2025-08-15T00:00:29.681+0000] {spark_submit.py:579} INFO - 25/08/15 00:00:29 INFO TaskSchedulerImpl: Adding task set 2.0 with 2 tasks resource profile 0
[2025-08-15T00:00:29.683+0000] {spark_submit.py:579} INFO - 25/08/15 00:00:29 INFO TaskSetManager: Starting task 0.0 in stage 2.0 (TID 4) (172.18.0.5,executor 0, partition 0, PROCESS_LOCAL, 18114 bytes)
[2025-08-15T00:00:29.686+0000] {spark_submit.py:579} INFO - 25/08/15 00:00:29 INFO TaskSetManager: Starting task 1.0 in stage 2.0 (TID 5) (172.18.0.5,executor 0, partition 1, PROCESS_LOCAL, 18086 bytes)
[2025-08-15T00:00:29.914+0000] {spark_submit.py:579} INFO - 25/08/15 00:00:29 INFO TaskSetManager: Finished task 0.0 in stage 2.0 (TID 4) in 232 ms on 172.18.0.5 (executor 0) (1/2)
[2025-08-15T00:00:29.915+0000] {spark_submit.py:579} INFO - 25/08/15 00:00:29 INFO TaskSetManager: Finished task 1.0 in stage 2.0 (TID 5) in 231 ms on 172.18.0.5 (executor 0) (2/2)
[2025-08-15T00:00:29.919+0000] {spark_submit.py:579} INFO - 25/08/15 00:00:29 INFO TaskSchedulerImpl: Removed TaskSet 2.0 whose tasks have all completed, from pool
[2025-08-15T00:00:29.919+0000] {spark_submit.py:579} INFO - 25/08/15 00:00:29 INFO DAGScheduler: ResultStage 2 (jdbc at NativeMethodAccessorImpl.java:0) finished in 269 ms
[2025-08-15T00:00:29.922+0000] {spark_submit.py:579} INFO - 25/08/15 00:00:29 INFO DAGScheduler: Job 2 is finished. Cancelling potential speculative or zombie tasks for this job
[2025-08-15T00:00:29.923+0000] {spark_submit.py:579} INFO - 25/08/15 00:00:29 INFO TaskSchedulerImpl: Canceling stage 2
[2025-08-15T00:00:29.923+0000] {spark_submit.py:579} INFO - 25/08/15 00:00:29 INFO TaskSchedulerImpl: Killing all running tasks in stage 2: Stage finished
[2025-08-15T00:00:29.923+0000] {spark_submit.py:579} INFO - 25/08/15 00:00:29 INFO DAGScheduler: Job 2 finished: jdbc at NativeMethodAccessorImpl.java:0, took 274.063298 ms
[2025-08-15T00:00:29.971+0000] {spark_submit.py:579} INFO - table live_blitz has been loaded
[2025-08-15T00:00:30.064+0000] {spark_submit.py:579} INFO - 25/08/15 00:00:30 INFO SparkContext: Starting job: jdbc at NativeMethodAccessorImpl.java:0
[2025-08-15T00:00:30.065+0000] {spark_submit.py:579} INFO - 25/08/15 00:00:30 INFO DAGScheduler: Got job 3 (jdbc at NativeMethodAccessorImpl.java:0) with 2 output partitions
[2025-08-15T00:00:30.066+0000] {spark_submit.py:579} INFO - 25/08/15 00:00:30 INFO DAGScheduler: Final stage: ResultStage 3 (jdbc at NativeMethodAccessorImpl.java:0)
[2025-08-15T00:00:30.066+0000] {spark_submit.py:579} INFO - 25/08/15 00:00:30 INFO DAGScheduler: Parents of final stage: List()
[2025-08-15T00:00:30.067+0000] {spark_submit.py:579} INFO - 25/08/15 00:00:30 INFO DAGScheduler: Missing parents: List()
[2025-08-15T00:00:30.067+0000] {spark_submit.py:579} INFO - 25/08/15 00:00:30 INFO DAGScheduler: Submitting ResultStage 3 (MapPartitionsRDD[35] at jdbc at NativeMethodAccessorImpl.java:0), which has no missing parents
[2025-08-15T00:00:30.073+0000] {spark_submit.py:579} INFO - 25/08/15 00:00:30 INFO MemoryStore: Block broadcast_3 stored as values in memory (estimated size 32.5 KiB, free 434.3 MiB)
[2025-08-15T00:00:30.089+0000] {spark_submit.py:579} INFO - 25/08/15 00:00:30 INFO MemoryStore: Block broadcast_3_piece0 stored as bytes in memory (estimated size 13.7 KiB, free 434.3 MiB)
[2025-08-15T00:00:30.090+0000] {spark_submit.py:579} INFO - 25/08/15 00:00:30 INFO SparkContext: Created broadcast 3 from broadcast at DAGScheduler.scala:1676
[2025-08-15T00:00:30.092+0000] {spark_submit.py:579} INFO - 25/08/15 00:00:30 INFO DAGScheduler: Submitting 2 missing tasks from ResultStage 3 (MapPartitionsRDD[35] at jdbc at NativeMethodAccessorImpl.java:0) (first 15 tasks are for partitions Vector(0, 1))
[2025-08-15T00:00:30.093+0000] {spark_submit.py:579} INFO - 25/08/15 00:00:30 INFO TaskSchedulerImpl: Adding task set 3.0 with 2 tasks resource profile 0
[2025-08-15T00:00:30.094+0000] {spark_submit.py:579} INFO - 25/08/15 00:00:30 INFO TaskSetManager: Starting task 0.0 in stage 3.0 (TID 6) (172.18.0.5,executor 0, partition 0, PROCESS_LOCAL, 18117 bytes)
[2025-08-15T00:00:30.095+0000] {spark_submit.py:579} INFO - 25/08/15 00:00:30 INFO TaskSetManager: Starting task 1.0 in stage 3.0 (TID 7) (172.18.0.5,executor 0, partition 1, PROCESS_LOCAL, 18007 bytes)
[2025-08-15T00:00:30.340+0000] {spark_submit.py:579} INFO - 25/08/15 00:00:30 INFO TaskSetManager: Finished task 0.0 in stage 3.0 (TID 6) in 246 ms on 172.18.0.5 (executor 0) (1/2)
[2025-08-15T00:00:30.362+0000] {spark_submit.py:579} INFO - 25/08/15 00:00:30 INFO TaskSetManager: Finished task 1.0 in stage 3.0 (TID 7) in 267 ms on 172.18.0.5 (executor 0) (2/2)
[2025-08-15T00:00:30.362+0000] {spark_submit.py:579} INFO - 25/08/15 00:00:30 INFO TaskSchedulerImpl: Removed TaskSet 3.0 whose tasks have all completed, from pool
[2025-08-15T00:00:30.365+0000] {spark_submit.py:579} INFO - 25/08/15 00:00:30 INFO DAGScheduler: ResultStage 3 (jdbc at NativeMethodAccessorImpl.java:0) finished in 295 ms
[2025-08-15T00:00:30.366+0000] {spark_submit.py:579} INFO - 25/08/15 00:00:30 INFO DAGScheduler: Job 3 is finished. Cancelling potential speculative or zombie tasks for this job
[2025-08-15T00:00:30.366+0000] {spark_submit.py:579} INFO - 25/08/15 00:00:30 INFO TaskSchedulerImpl: Canceling stage 3
[2025-08-15T00:00:30.367+0000] {spark_submit.py:579} INFO - 25/08/15 00:00:30 INFO TaskSchedulerImpl: Killing all running tasks in stage 3: Stage finished
[2025-08-15T00:00:30.368+0000] {spark_submit.py:579} INFO - 25/08/15 00:00:30 INFO DAGScheduler: Job 3 finished: jdbc at NativeMethodAccessorImpl.java:0, took 300.210542 ms
[2025-08-15T00:00:30.447+0000] {spark_submit.py:579} INFO - table live_bullet has been loaded
[2025-08-15T00:00:31.297+0000] {spark_submit.py:579} INFO - 25/08/15 00:00:31 INFO SparkContext: Invoking stop() from shutdown hook
[2025-08-15T00:00:31.298+0000] {spark_submit.py:579} INFO - 25/08/15 00:00:31 INFO SparkContext: SparkContext is stopping with exitCode 0 from run at Executors.java:539.
[2025-08-15T00:00:31.327+0000] {spark_submit.py:579} INFO - 25/08/15 00:00:31 INFO SparkUI: Stopped Spark web UI at http://cd1679119d2d:4040
[2025-08-15T00:00:31.331+0000] {spark_submit.py:579} INFO - 25/08/15 00:00:31 INFO StandaloneSchedulerBackend: Shutting down all executors
[2025-08-15T00:00:31.331+0000] {spark_submit.py:579} INFO - 25/08/15 00:00:31 INFO StandaloneSchedulerBackend$StandaloneDriverEndpoint: Asking each executor to shut down
[2025-08-15T00:00:31.366+0000] {spark_submit.py:579} INFO - 25/08/15 00:00:31 INFO MapOutputTrackerMasterEndpoint: MapOutputTrackerMasterEndpoint stopped!
[2025-08-15T00:00:31.575+0000] {spark_submit.py:579} INFO - 25/08/15 00:00:31 INFO MemoryStore: MemoryStore cleared
[2025-08-15T00:00:31.576+0000] {spark_submit.py:579} INFO - 25/08/15 00:00:31 INFO BlockManager: BlockManager stopped
[2025-08-15T00:00:31.582+0000] {spark_submit.py:579} INFO - 25/08/15 00:00:31 INFO BlockManagerMaster: BlockManagerMaster stopped
[2025-08-15T00:00:31.586+0000] {spark_submit.py:579} INFO - 25/08/15 00:00:31 INFO OutputCommitCoordinator$OutputCommitCoordinatorEndpoint: OutputCommitCoordinator stopped!
[2025-08-15T00:00:31.637+0000] {spark_submit.py:579} INFO - 25/08/15 00:00:31 INFO SparkContext: Successfully stopped SparkContext
[2025-08-15T00:00:31.638+0000] {spark_submit.py:579} INFO - 25/08/15 00:00:31 INFO ShutdownHookManager: Shutdown hook called
[2025-08-15T00:00:31.638+0000] {spark_submit.py:579} INFO - 25/08/15 00:00:31 INFO ShutdownHookManager: Deleting directory /tmp/spark-d933a277-dc20-4906-8736-44628c3546bd
[2025-08-15T00:00:31.679+0000] {spark_submit.py:579} INFO - 25/08/15 00:00:31 INFO ShutdownHookManager: Deleting directory /tmp/spark-d933a277-dc20-4906-8736-44628c3546bd/pyspark-0b9449f3-2688-483e-b86a-0dc5aaa2c08e
[2025-08-15T00:00:31.723+0000] {spark_submit.py:579} INFO - 25/08/15 00:00:31 INFO ShutdownHookManager: Deleting directory /opt/***/artifacts/spark-82e31796-b1eb-433d-87df-7c04317082d7
[2025-08-15T00:00:31.753+0000] {spark_submit.py:579} INFO - 25/08/15 00:00:31 INFO ShutdownHookManager: Deleting directory /tmp/spark-8c246a52-b5a9-4bfe-bfbf-2255ab597cfc
[2025-08-15T00:00:32.358+0000] {taskinstance.py:1398} INFO - Marking task as SUCCESS. dag_id=sparking_flow, task_id=python_job, execution_date=20250814T000000, start_date=20250815T000006, end_date=20250815T000032
[2025-08-15T00:00:32.576+0000] {local_task_job_runner.py:228} INFO - Task exited with return code 0
[2025-08-15T00:00:32.787+0000] {taskinstance.py:2776} INFO - 1 downstream tasks scheduled from follow-on schedule check
