[2025-08-31T13:01:46.383+0000] {taskinstance.py:1157} INFO - Dependencies all met for dep_context=non-requeueable deps ti=<TaskInstance: sparking_flow.start scheduled__2025-08-31T06:00:00+00:00 [queued]>
[2025-08-31T13:01:46.392+0000] {taskinstance.py:1157} INFO - Dependencies all met for dep_context=requeueable deps ti=<TaskInstance: sparking_flow.start scheduled__2025-08-31T06:00:00+00:00 [queued]>
[2025-08-31T13:01:46.392+0000] {taskinstance.py:1359} INFO - Starting attempt 1 of 1
[2025-08-31T13:01:46.407+0000] {taskinstance.py:1380} INFO - Executing <Task(PythonOperator): start> on 2025-08-31 06:00:00+00:00
[2025-08-31T13:01:46.412+0000] {standard_task_runner.py:57} INFO - Started process 1763 to run task
[2025-08-31T13:01:46.422+0000] {standard_task_runner.py:84} INFO - Running: ['***', 'tasks', 'run', 'sparking_flow', 'start', 'scheduled__2025-08-31T06:00:00+00:00', '--job-id', '36', '--raw', '--subdir', 'DAGS_FOLDER/spark_***.py', '--cfg-path', '/tmp/tmpmsr8dpg_']
[2025-08-31T13:01:46.429+0000] {standard_task_runner.py:85} INFO - Job 36: Subtask start
[2025-08-31T13:01:46.543+0000] {task_command.py:415} INFO - Running <TaskInstance: sparking_flow.start scheduled__2025-08-31T06:00:00+00:00 [running]> on host f7da00c682c4
[2025-08-31T13:01:46.652+0000] {taskinstance.py:1660} INFO - Exporting env vars: AIRFLOW_CTX_DAG_OWNER='Kudzaishe Manyanya' AIRFLOW_CTX_DAG_ID='sparking_flow' AIRFLOW_CTX_TASK_ID='start' AIRFLOW_CTX_EXECUTION_DATE='2025-08-31T06:00:00+00:00' AIRFLOW_CTX_TRY_NUMBER='1' AIRFLOW_CTX_DAG_RUN_ID='scheduled__2025-08-31T06:00:00+00:00'
[2025-08-31T13:01:46.654+0000] {logging_mixin.py:151} INFO - Jobs started
[2025-08-31T13:01:46.654+0000] {python.py:194} INFO - Done. Returned value was: None
[2025-08-31T13:01:46.668+0000] {taskinstance.py:1398} INFO - Marking task as SUCCESS. dag_id=sparking_flow, task_id=start, execution_date=20250831T060000, start_date=20250831T130146, end_date=20250831T130146
[2025-08-31T13:01:46.715+0000] {local_task_job_runner.py:228} INFO - Task exited with return code 0
[2025-08-31T13:01:46.750+0000] {taskinstance.py:2776} INFO - 1 downstream tasks scheduled from follow-on schedule check
[2025-09-01T18:54:15.760+0000] {taskinstance.py:1157} INFO - Dependencies all met for dep_context=non-requeueable deps ti=<TaskInstance: sparking_flow.start scheduled__2025-08-31T06:00:00+00:00 [queued]>
[2025-09-01T18:54:15.830+0000] {taskinstance.py:1157} INFO - Dependencies all met for dep_context=requeueable deps ti=<TaskInstance: sparking_flow.start scheduled__2025-08-31T06:00:00+00:00 [queued]>
[2025-09-01T18:54:15.833+0000] {taskinstance.py:1359} INFO - Starting attempt 1 of 1
[2025-09-01T18:54:15.908+0000] {taskinstance.py:1380} INFO - Executing <Task(PythonOperator): start> on 2025-08-31 06:00:00+00:00
[2025-09-01T18:54:15.994+0000] {standard_task_runner.py:57} INFO - Started process 221 to run task
[2025-09-01T18:54:16.040+0000] {standard_task_runner.py:84} INFO - Running: ['***', 'tasks', 'run', 'sparking_flow', 'start', 'scheduled__2025-08-31T06:00:00+00:00', '--job-id', '6', '--raw', '--subdir', 'DAGS_FOLDER/spark_***.py', '--cfg-path', '/tmp/tmp6_svdxj0']
[2025-09-01T18:54:16.095+0000] {standard_task_runner.py:85} INFO - Job 6: Subtask start
[2025-09-01T18:54:17.122+0000] {task_command.py:415} INFO - Running <TaskInstance: sparking_flow.start scheduled__2025-08-31T06:00:00+00:00 [running]> on host 7b2a3a75c36f
[2025-09-01T18:54:17.498+0000] {taskinstance.py:1660} INFO - Exporting env vars: AIRFLOW_CTX_DAG_OWNER='Kudzaishe Manyanya' AIRFLOW_CTX_DAG_ID='sparking_flow' AIRFLOW_CTX_TASK_ID='start' AIRFLOW_CTX_EXECUTION_DATE='2025-08-31T06:00:00+00:00' AIRFLOW_CTX_TRY_NUMBER='1' AIRFLOW_CTX_DAG_RUN_ID='scheduled__2025-08-31T06:00:00+00:00'
[2025-09-01T18:54:17.511+0000] {logging_mixin.py:151} INFO - Jobs started
[2025-09-01T18:54:17.512+0000] {python.py:194} INFO - Done. Returned value was: None
[2025-09-01T18:54:17.553+0000] {taskinstance.py:1398} INFO - Marking task as SUCCESS. dag_id=sparking_flow, task_id=start, execution_date=20250831T060000, start_date=20250901T185415, end_date=20250901T185417
[2025-09-01T18:54:17.653+0000] {local_task_job_runner.py:228} INFO - Task exited with return code 0
[2025-09-01T18:54:17.826+0000] {taskinstance.py:2776} INFO - 1 downstream tasks scheduled from follow-on schedule check
