[2025-08-10T12:55:41.771+0000] {taskinstance.py:1157} INFO - Dependencies all met for dep_context=non-requeueable deps ti=<TaskInstance: sparking_flow.python_job manual__2025-08-10T12:55:39.250778+00:00 [queued]>
[2025-08-10T12:55:41.777+0000] {taskinstance.py:1157} INFO - Dependencies all met for dep_context=requeueable deps ti=<TaskInstance: sparking_flow.python_job manual__2025-08-10T12:55:39.250778+00:00 [queued]>
[2025-08-10T12:55:41.778+0000] {taskinstance.py:1359} INFO - Starting attempt 1 of 1
[2025-08-10T12:55:41.790+0000] {taskinstance.py:1380} INFO - Executing <Task(SparkSubmitOperator): python_job> on 2025-08-10 12:55:39.250778+00:00
[2025-08-10T12:55:41.796+0000] {standard_task_runner.py:57} INFO - Started process 347 to run task
[2025-08-10T12:55:41.800+0000] {standard_task_runner.py:84} INFO - Running: ['***', 'tasks', 'run', 'sparking_flow', 'python_job', 'manual__2025-08-10T12:55:39.250778+00:00', '--job-id', '7', '--raw', '--subdir', 'DAGS_FOLDER/spark_***.py', '--cfg-path', '/tmp/tmp6z9fuycc']
[2025-08-10T12:55:41.804+0000] {standard_task_runner.py:85} INFO - Job 7: Subtask python_job
[2025-08-10T12:55:41.874+0000] {task_command.py:415} INFO - Running <TaskInstance: sparking_flow.python_job manual__2025-08-10T12:55:39.250778+00:00 [running]> on host a8625f1109c7
[2025-08-10T12:55:41.972+0000] {taskinstance.py:1660} INFO - Exporting env vars: AIRFLOW_CTX_DAG_OWNER='Yusuf Ganiyu' AIRFLOW_CTX_DAG_ID='sparking_flow' AIRFLOW_CTX_TASK_ID='python_job' AIRFLOW_CTX_EXECUTION_DATE='2025-08-10T12:55:39.250778+00:00' AIRFLOW_CTX_TRY_NUMBER='1' AIRFLOW_CTX_DAG_RUN_ID='manual__2025-08-10T12:55:39.250778+00:00'
[2025-08-10T12:55:41.984+0000] {base.py:73} INFO - Using connection ID 'spark-conn' for task execution.
[2025-08-10T12:55:41.986+0000] {spark_submit.py:403} INFO - Spark-Submit cmd: spark-submit --master spark://spark-master:7077 --name arrow-spark --deploy-mode client jobs/python/wordcountjob.py
[2025-08-10T12:55:42.415+0000] {spark_submit.py:579} INFO - WARNING: Using incubator modules: jdk.incubator.vector
[2025-08-10T12:55:46.861+0000] {spark_submit.py:579} INFO - Using Spark's default log4j profile: org/apache/spark/log4j2-defaults.properties
[2025-08-10T12:55:46.873+0000] {spark_submit.py:579} INFO - 25/08/10 12:55:46 INFO SparkContext: Running Spark version 4.0.0
[2025-08-10T12:55:46.877+0000] {spark_submit.py:579} INFO - 25/08/10 12:55:46 INFO SparkContext: OS info Linux, 6.6.87.2-microsoft-standard-WSL2, amd64
[2025-08-10T12:55:46.878+0000] {spark_submit.py:579} INFO - 25/08/10 12:55:46 INFO SparkContext: Java version 17.0.15
[2025-08-10T12:55:46.988+0000] {spark_submit.py:579} INFO - 25/08/10 12:55:46 WARN NativeCodeLoader: Unable to load native-hadoop library for your platform... using builtin-java classes where applicable
[2025-08-10T12:55:47.053+0000] {spark_submit.py:579} INFO - 25/08/10 12:55:47 INFO ResourceUtils: ==============================================================
[2025-08-10T12:55:47.054+0000] {spark_submit.py:579} INFO - 25/08/10 12:55:47 INFO ResourceUtils: No custom resources configured for spark.driver.
[2025-08-10T12:55:47.054+0000] {spark_submit.py:579} INFO - 25/08/10 12:55:47 INFO ResourceUtils: ==============================================================
[2025-08-10T12:55:47.055+0000] {spark_submit.py:579} INFO - 25/08/10 12:55:47 INFO SparkContext: Submitted application: PythonWordCount
[2025-08-10T12:55:47.080+0000] {spark_submit.py:579} INFO - 25/08/10 12:55:47 INFO ResourceProfile: Default ResourceProfile created, executor resources: Map(memory -> name: memory, amount: 1024, script: , vendor: , offHeap -> name: offHeap, amount: 0, script: , vendor: ), task resources: Map(cpus -> name: cpus, amount: 1.0)
[2025-08-10T12:55:47.082+0000] {spark_submit.py:579} INFO - 25/08/10 12:55:47 INFO ResourceProfile: Limiting resource is cpu
[2025-08-10T12:55:47.084+0000] {spark_submit.py:579} INFO - 25/08/10 12:55:47 INFO ResourceProfileManager: Added ResourceProfile id: 0
[2025-08-10T12:55:47.134+0000] {spark_submit.py:579} INFO - 25/08/10 12:55:47 INFO SecurityManager: Changing view acls to: ***
[2025-08-10T12:55:47.135+0000] {spark_submit.py:579} INFO - 25/08/10 12:55:47 INFO SecurityManager: Changing modify acls to: ***
[2025-08-10T12:55:47.136+0000] {spark_submit.py:579} INFO - 25/08/10 12:55:47 INFO SecurityManager: Changing view acls groups to: ***
[2025-08-10T12:55:47.136+0000] {spark_submit.py:579} INFO - 25/08/10 12:55:47 INFO SecurityManager: Changing modify acls groups to: ***
[2025-08-10T12:55:47.139+0000] {spark_submit.py:579} INFO - 25/08/10 12:55:47 INFO SecurityManager: SecurityManager: authentication disabled; ui acls disabled; users with view permissions: *** groups with view permissions: EMPTY; users with modify permissions: ***; groups with modify permissions: EMPTY; RPC SSL disabled
[2025-08-10T12:55:47.392+0000] {spark_submit.py:579} INFO - 25/08/10 12:55:47 INFO Utils: Successfully started service 'sparkDriver' on port 44251.
[2025-08-10T12:55:47.427+0000] {spark_submit.py:579} INFO - 25/08/10 12:55:47 INFO SparkEnv: Registering MapOutputTracker
[2025-08-10T12:55:47.440+0000] {spark_submit.py:579} INFO - 25/08/10 12:55:47 INFO SparkEnv: Registering BlockManagerMaster
[2025-08-10T12:55:47.458+0000] {spark_submit.py:579} INFO - 25/08/10 12:55:47 INFO BlockManagerMasterEndpoint: Using org.apache.spark.storage.DefaultTopologyMapper for getting topology information
[2025-08-10T12:55:47.459+0000] {spark_submit.py:579} INFO - 25/08/10 12:55:47 INFO BlockManagerMasterEndpoint: BlockManagerMasterEndpoint up
[2025-08-10T12:55:47.462+0000] {spark_submit.py:579} INFO - 25/08/10 12:55:47 INFO SparkEnv: Registering BlockManagerMasterHeartbeat
[2025-08-10T12:55:47.490+0000] {spark_submit.py:579} INFO - 25/08/10 12:55:47 INFO DiskBlockManager: Created local directory at /tmp/blockmgr-728f0568-e6fc-4839-b081-321ae1843f7c
[2025-08-10T12:55:47.513+0000] {spark_submit.py:579} INFO - 25/08/10 12:55:47 INFO SparkEnv: Registering OutputCommitCoordinator
[2025-08-10T12:55:47.657+0000] {spark_submit.py:579} INFO - 25/08/10 12:55:47 INFO JettyUtils: Start Jetty 0.0.0.0:4040 for SparkUI
[2025-08-10T12:55:47.747+0000] {spark_submit.py:579} INFO - 25/08/10 12:55:47 INFO Utils: Successfully started service 'SparkUI' on port 4040.
[2025-08-10T12:55:47.798+0000] {spark_submit.py:579} INFO - 25/08/10 12:55:47 INFO SecurityManager: Changing view acls to: ***
[2025-08-10T12:55:47.798+0000] {spark_submit.py:579} INFO - 25/08/10 12:55:47 INFO SecurityManager: Changing modify acls to: ***
[2025-08-10T12:55:47.799+0000] {spark_submit.py:579} INFO - 25/08/10 12:55:47 INFO SecurityManager: Changing view acls groups to: ***
[2025-08-10T12:55:47.799+0000] {spark_submit.py:579} INFO - 25/08/10 12:55:47 INFO SecurityManager: Changing modify acls groups to: ***
[2025-08-10T12:55:47.800+0000] {spark_submit.py:579} INFO - 25/08/10 12:55:47 INFO SecurityManager: SecurityManager: authentication disabled; ui acls disabled; users with view permissions: *** groups with view permissions: EMPTY; users with modify permissions: ***; groups with modify permissions: EMPTY; RPC SSL disabled
[2025-08-10T12:55:47.950+0000] {spark_submit.py:579} INFO - 25/08/10 12:55:47 INFO StandaloneAppClient$ClientEndpoint: Connecting to master spark://spark-master:7077...
[2025-08-10T12:55:47.996+0000] {spark_submit.py:579} INFO - 25/08/10 12:55:47 INFO TransportClientFactory: Successfully created connection to spark-master/172.18.0.3:7077 after 23 ms (0 ms spent in bootstraps)
[2025-08-10T12:55:48.927+0000] {spark_submit.py:579} INFO - 25/08/10 12:55:48 INFO StandaloneSchedulerBackend: Connected to Spark cluster with app ID app-20250810125548-0000
[2025-08-10T12:55:48.934+0000] {spark_submit.py:579} INFO - 25/08/10 12:55:48 INFO Utils: Successfully started service 'org.apache.spark.network.netty.NettyBlockTransferService' on port 42569.
[2025-08-10T12:55:48.934+0000] {spark_submit.py:579} INFO - 25/08/10 12:55:48 INFO NettyBlockTransferService: Server created on a8625f1109c7:42569
[2025-08-10T12:55:48.936+0000] {spark_submit.py:579} INFO - 25/08/10 12:55:48 INFO BlockManager: Using org.apache.spark.storage.RandomBlockReplicationPolicy for block replication policy
[2025-08-10T12:55:48.951+0000] {spark_submit.py:579} INFO - 25/08/10 12:55:48 INFO BlockManagerMaster: Registering BlockManager BlockManagerId(driver, a8625f1109c7, 42569, None)
[2025-08-10T12:55:48.958+0000] {spark_submit.py:579} INFO - 25/08/10 12:55:48 INFO BlockManagerMasterEndpoint: Registering block manager a8625f1109c7:42569 with 434.4 MiB RAM, BlockManagerId(driver, a8625f1109c7, 42569, None)
[2025-08-10T12:55:48.960+0000] {spark_submit.py:579} INFO - 25/08/10 12:55:48 INFO BlockManagerMaster: Registered BlockManager BlockManagerId(driver, a8625f1109c7, 42569, None)
[2025-08-10T12:55:48.962+0000] {spark_submit.py:579} INFO - 25/08/10 12:55:48 INFO BlockManager: Initialized BlockManager: BlockManagerId(driver, a8625f1109c7, 42569, None)
[2025-08-10T12:55:49.074+0000] {spark_submit.py:579} INFO - 25/08/10 12:55:49 INFO StandaloneSchedulerBackend: SchedulerBackend is ready for scheduling beginning after reached minRegisteredResourcesRatio: 0.0
[2025-08-10T12:55:49.169+0000] {spark_submit.py:579} INFO - 25/08/10 12:55:49 INFO StandaloneAppClient$ClientEndpoint: Executor added: app-20250810125548-0000/0 on worker-20250810125008-172.18.0.5-43441 (172.18.0.5:43441) with 2 core(s)
[2025-08-10T12:55:49.171+0000] {spark_submit.py:579} INFO - 25/08/10 12:55:49 INFO StandaloneSchedulerBackend: Granted executor ID app-20250810125548-0000/0 on hostPort 172.18.0.5:43441 with 2 core(s), 1024.0 MiB RAM
[2025-08-10T12:55:50.530+0000] {spark_submit.py:579} INFO - 25/08/10 12:55:50 INFO StandaloneAppClient$ClientEndpoint: Executor updated: app-20250810125548-0000/0 is now RUNNING
[2025-08-10T12:55:53.384+0000] {spark_submit.py:579} INFO - dict_keys(['daily', 'daily960', 'live_rapid', 'live_blitz', 'live_bullet', 'live_bughouse', 'live_blitz960', 'live_threecheck', 'live_crazyhouse', 'live_kingofthehill', 'tactics', 'rush', 'battle'])
[2025-08-10T12:55:53.481+0000] {spark_submit.py:579} INFO - 25/08/10 12:55:53 INFO SharedState: Setting hive.metastore.warehouse.dir ('null') to the value of spark.sql.warehouse.dir.
[2025-08-10T12:55:53.495+0000] {spark_submit.py:579} INFO - 25/08/10 12:55:53 INFO SharedState: Warehouse path is 'file:/opt/***/spark-warehouse'.
[2025-08-10T12:55:53.868+0000] {spark_submit.py:579} INFO - 25/08/10 12:55:53 INFO StandaloneSchedulerBackend$StandaloneDriverEndpoint: Registered executor NettyRpcEndpointRef(spark-client://Executor) (172.18.0.5:37432) with ID 0, ResourceProfileId 0
[2025-08-10T12:55:54.060+0000] {spark_submit.py:579} INFO - 25/08/10 12:55:54 INFO BlockManagerMasterEndpoint: Registering block manager 172.18.0.5:36017 with 434.4 MiB RAM, BlockManagerId(0, 172.18.0.5, 36017, None)
[2025-08-10T12:55:55.352+0000] {spark_submit.py:579} INFO - Traceback (most recent call last):
[2025-08-10T12:55:55.353+0000] {spark_submit.py:579} INFO - File "/opt/***/jobs/python/wordcountjob.py", line 84, in <module>
[2025-08-10T12:55:55.360+0000] {spark_submit.py:579} INFO - write_data(daily,"daily")
[2025-08-10T12:55:55.361+0000] {spark_submit.py:579} INFO - File "/opt/***/jobs/python/wordcountjob.py", line 80, in write_data
[2025-08-10T12:55:55.363+0000] {spark_submit.py:579} INFO - df.write.mode("overwrite").jdbc(url=jdbc_url, table=f"dbo.{table}", properties=properties)
[2025-08-10T12:55:55.364+0000] {spark_submit.py:579} INFO - File "/home/***/.local/lib/python3.10/site-packages/pyspark/python/lib/pyspark.zip/pyspark/sql/readwriter.py", line 2347, in jdbc
[2025-08-10T12:55:55.372+0000] {spark_submit.py:579} INFO - File "/home/***/.local/lib/python3.10/site-packages/pyspark/python/lib/py4j-0.10.9.9-src.zip/py4j/java_gateway.py", line 1362, in __call__
[2025-08-10T12:55:55.373+0000] {spark_submit.py:579} INFO - File "/home/***/.local/lib/python3.10/site-packages/pyspark/python/lib/pyspark.zip/pyspark/errors/exceptions/captured.py", line 282, in deco
[2025-08-10T12:55:55.374+0000] {spark_submit.py:579} INFO - File "/home/***/.local/lib/python3.10/site-packages/pyspark/python/lib/py4j-0.10.9.9-src.zip/py4j/protocol.py", line 327, in get_return_value
[2025-08-10T12:55:55.418+0000] {spark_submit.py:579} INFO - py4j.protocol.Py4JJavaError: An error occurred while calling o136.jdbc.
[2025-08-10T12:55:55.418+0000] {spark_submit.py:579} INFO - : java.lang.ClassNotFoundException: com.microsoft.sqlserver.jdbc.SQLServerDriver
[2025-08-10T12:55:55.419+0000] {spark_submit.py:579} INFO - at java.base/java.net.URLClassLoader.findClass(URLClassLoader.java:445)
[2025-08-10T12:55:55.419+0000] {spark_submit.py:579} INFO - at java.base/java.lang.ClassLoader.loadClass(ClassLoader.java:592)
[2025-08-10T12:55:55.420+0000] {spark_submit.py:579} INFO - at java.base/java.lang.ClassLoader.loadClass(ClassLoader.java:525)
[2025-08-10T12:55:55.420+0000] {spark_submit.py:579} INFO - at org.apache.spark.sql.execution.datasources.jdbc.DriverRegistry$.register(DriverRegistry.scala:47)
[2025-08-10T12:55:55.420+0000] {spark_submit.py:579} INFO - at org.apache.spark.sql.execution.datasources.jdbc.JDBCOptions.$anonfun$driverClass$1(JDBCOptions.scala:112)
[2025-08-10T12:55:55.421+0000] {spark_submit.py:579} INFO - at org.apache.spark.sql.execution.datasources.jdbc.JDBCOptions.$anonfun$driverClass$1$adapted(JDBCOptions.scala:112)
[2025-08-10T12:55:55.421+0000] {spark_submit.py:579} INFO - at scala.Option.foreach(Option.scala:437)
[2025-08-10T12:55:55.421+0000] {spark_submit.py:579} INFO - at org.apache.spark.sql.execution.datasources.jdbc.JDBCOptions.<init>(JDBCOptions.scala:112)
[2025-08-10T12:55:55.422+0000] {spark_submit.py:579} INFO - at org.apache.spark.sql.execution.datasources.jdbc.JdbcOptionsInWrite.<init>(JDBCOptions.scala:272)
[2025-08-10T12:55:55.422+0000] {spark_submit.py:579} INFO - at org.apache.spark.sql.execution.datasources.jdbc.JdbcOptionsInWrite.<init>(JDBCOptions.scala:276)
[2025-08-10T12:55:55.422+0000] {spark_submit.py:579} INFO - at org.apache.spark.sql.execution.datasources.jdbc.JdbcRelationProvider.createRelation(JdbcRelationProvider.scala:48)
[2025-08-10T12:55:55.422+0000] {spark_submit.py:579} INFO - at org.apache.spark.sql.execution.datasources.SaveIntoDataSourceCommand.run(SaveIntoDataSourceCommand.scala:55)
[2025-08-10T12:55:55.423+0000] {spark_submit.py:579} INFO - at org.apache.spark.sql.execution.command.ExecutedCommandExec.sideEffectResult$lzycompute(commands.scala:79)
[2025-08-10T12:55:55.423+0000] {spark_submit.py:579} INFO - at org.apache.spark.sql.execution.command.ExecutedCommandExec.sideEffectResult(commands.scala:77)
[2025-08-10T12:55:55.423+0000] {spark_submit.py:579} INFO - at org.apache.spark.sql.execution.command.ExecutedCommandExec.executeCollect(commands.scala:88)
[2025-08-10T12:55:55.424+0000] {spark_submit.py:579} INFO - at org.apache.spark.sql.execution.QueryExecution.$anonfun$eagerlyExecuteCommands$2(QueryExecution.scala:155)
[2025-08-10T12:55:55.424+0000] {spark_submit.py:579} INFO - at org.apache.spark.sql.execution.SQLExecution$.$anonfun$withNewExecutionId0$8(SQLExecution.scala:162)
[2025-08-10T12:55:55.424+0000] {spark_submit.py:579} INFO - at org.apache.spark.sql.execution.SQLExecution$.withSessionTagsApplied(SQLExecution.scala:268)
[2025-08-10T12:55:55.424+0000] {spark_submit.py:579} INFO - at org.apache.spark.sql.execution.SQLExecution$.$anonfun$withNewExecutionId0$7(SQLExecution.scala:124)
[2025-08-10T12:55:55.424+0000] {spark_submit.py:579} INFO - at org.apache.spark.JobArtifactSet$.withActiveJobArtifactState(JobArtifactSet.scala:94)
[2025-08-10T12:55:55.425+0000] {spark_submit.py:579} INFO - at org.apache.spark.sql.artifact.ArtifactManager.$anonfun$withResources$1(ArtifactManager.scala:112)
[2025-08-10T12:55:55.425+0000] {spark_submit.py:579} INFO - at org.apache.spark.sql.artifact.ArtifactManager.withClassLoaderIfNeeded(ArtifactManager.scala:106)
[2025-08-10T12:55:55.425+0000] {spark_submit.py:579} INFO - at org.apache.spark.sql.artifact.ArtifactManager.withResources(ArtifactManager.scala:111)
[2025-08-10T12:55:55.425+0000] {spark_submit.py:579} INFO - at org.apache.spark.sql.execution.SQLExecution$.$anonfun$withNewExecutionId0$6(SQLExecution.scala:124)
[2025-08-10T12:55:55.425+0000] {spark_submit.py:579} INFO - at org.apache.spark.sql.execution.SQLExecution$.withSQLConfPropagated(SQLExecution.scala:291)
[2025-08-10T12:55:55.426+0000] {spark_submit.py:579} INFO - at org.apache.spark.sql.execution.SQLExecution$.$anonfun$withNewExecutionId0$1(SQLExecution.scala:123)
[2025-08-10T12:55:55.426+0000] {spark_submit.py:579} INFO - at org.apache.spark.sql.SparkSession.withActive(SparkSession.scala:804)
[2025-08-10T12:55:55.426+0000] {spark_submit.py:579} INFO - at org.apache.spark.sql.execution.SQLExecution$.withNewExecutionId0(SQLExecution.scala:77)
[2025-08-10T12:55:55.426+0000] {spark_submit.py:579} INFO - at org.apache.spark.sql.execution.SQLExecution$.withNewExecutionId(SQLExecution.scala:233)
[2025-08-10T12:55:55.426+0000] {spark_submit.py:579} INFO - at org.apache.spark.sql.execution.QueryExecution.$anonfun$eagerlyExecuteCommands$1(QueryExecution.scala:155)
[2025-08-10T12:55:55.427+0000] {spark_submit.py:579} INFO - at org.apache.spark.sql.execution.QueryExecution$.withInternalError(QueryExecution.scala:654)
[2025-08-10T12:55:55.427+0000] {spark_submit.py:579} INFO - at org.apache.spark.sql.execution.QueryExecution.org$apache$spark$sql$execution$QueryExecution$$eagerlyExecute$1(QueryExecution.scala:154)
[2025-08-10T12:55:55.427+0000] {spark_submit.py:579} INFO - at org.apache.spark.sql.execution.QueryExecution$$anonfun$eagerlyExecuteCommands$3.applyOrElse(QueryExecution.scala:169)
[2025-08-10T12:55:55.427+0000] {spark_submit.py:579} INFO - at org.apache.spark.sql.execution.QueryExecution$$anonfun$eagerlyExecuteCommands$3.applyOrElse(QueryExecution.scala:164)
[2025-08-10T12:55:55.427+0000] {spark_submit.py:579} INFO - at org.apache.spark.sql.catalyst.trees.TreeNode.$anonfun$transformDownWithPruning$1(TreeNode.scala:470)
[2025-08-10T12:55:55.428+0000] {spark_submit.py:579} INFO - at org.apache.spark.sql.catalyst.trees.CurrentOrigin$.withOrigin(origin.scala:86)
[2025-08-10T12:55:55.428+0000] {spark_submit.py:579} INFO - at org.apache.spark.sql.catalyst.trees.TreeNode.transformDownWithPruning(TreeNode.scala:470)
[2025-08-10T12:55:55.428+0000] {spark_submit.py:579} INFO - at org.apache.spark.sql.catalyst.plans.logical.LogicalPlan.org$apache$spark$sql$catalyst$plans$logical$AnalysisHelper$$super$transformDownWithPruning(LogicalPlan.scala:37)
[2025-08-10T12:55:55.428+0000] {spark_submit.py:579} INFO - at org.apache.spark.sql.catalyst.plans.logical.AnalysisHelper.transformDownWithPruning(AnalysisHelper.scala:360)
[2025-08-10T12:55:55.428+0000] {spark_submit.py:579} INFO - at org.apache.spark.sql.catalyst.plans.logical.AnalysisHelper.transformDownWithPruning$(AnalysisHelper.scala:356)
[2025-08-10T12:55:55.429+0000] {spark_submit.py:579} INFO - at org.apache.spark.sql.catalyst.plans.logical.LogicalPlan.transformDownWithPruning(LogicalPlan.scala:37)
[2025-08-10T12:55:55.429+0000] {spark_submit.py:579} INFO - at org.apache.spark.sql.catalyst.plans.logical.LogicalPlan.transformDownWithPruning(LogicalPlan.scala:37)
[2025-08-10T12:55:55.429+0000] {spark_submit.py:579} INFO - at org.apache.spark.sql.catalyst.trees.TreeNode.transformDown(TreeNode.scala:446)
[2025-08-10T12:55:55.429+0000] {spark_submit.py:579} INFO - at org.apache.spark.sql.execution.QueryExecution.eagerlyExecuteCommands(QueryExecution.scala:164)
[2025-08-10T12:55:55.430+0000] {spark_submit.py:579} INFO - at org.apache.spark.sql.execution.QueryExecution.$anonfun$lazyCommandExecuted$1(QueryExecution.scala:126)
[2025-08-10T12:55:55.430+0000] {spark_submit.py:579} INFO - at scala.util.Try$.apply(Try.scala:217)
[2025-08-10T12:55:55.430+0000] {spark_submit.py:579} INFO - at org.apache.spark.util.Utils$.doTryWithCallerStacktrace(Utils.scala:1378)
[2025-08-10T12:55:55.430+0000] {spark_submit.py:579} INFO - at org.apache.spark.util.Utils$.getTryWithCallerStacktrace(Utils.scala:1439)
[2025-08-10T12:55:55.431+0000] {spark_submit.py:579} INFO - at org.apache.spark.util.LazyTry.get(LazyTry.scala:58)
[2025-08-10T12:55:55.431+0000] {spark_submit.py:579} INFO - at org.apache.spark.sql.execution.QueryExecution.commandExecuted(QueryExecution.scala:131)
[2025-08-10T12:55:55.431+0000] {spark_submit.py:579} INFO - at org.apache.spark.sql.execution.QueryExecution.assertCommandExecuted(QueryExecution.scala:192)
[2025-08-10T12:55:55.431+0000] {spark_submit.py:579} INFO - at org.apache.spark.sql.classic.DataFrameWriter.runCommand(DataFrameWriter.scala:622)
[2025-08-10T12:55:55.432+0000] {spark_submit.py:579} INFO - at org.apache.spark.sql.classic.DataFrameWriter.saveToV1Source(DataFrameWriter.scala:273)
[2025-08-10T12:55:55.432+0000] {spark_submit.py:579} INFO - at org.apache.spark.sql.classic.DataFrameWriter.saveInternal(DataFrameWriter.scala:241)
[2025-08-10T12:55:55.432+0000] {spark_submit.py:579} INFO - at org.apache.spark.sql.classic.DataFrameWriter.save(DataFrameWriter.scala:126)
[2025-08-10T12:55:55.432+0000] {spark_submit.py:579} INFO - at org.apache.spark.sql.DataFrameWriter.jdbc(DataFrameWriter.scala:334)
[2025-08-10T12:55:55.433+0000] {spark_submit.py:579} INFO - at java.base/jdk.internal.reflect.NativeMethodAccessorImpl.invoke0(Native Method)
[2025-08-10T12:55:55.433+0000] {spark_submit.py:579} INFO - at java.base/jdk.internal.reflect.NativeMethodAccessorImpl.invoke(NativeMethodAccessorImpl.java:77)
[2025-08-10T12:55:55.433+0000] {spark_submit.py:579} INFO - at java.base/jdk.internal.reflect.DelegatingMethodAccessorImpl.invoke(DelegatingMethodAccessorImpl.java:43)
[2025-08-10T12:55:55.433+0000] {spark_submit.py:579} INFO - at java.base/java.lang.reflect.Method.invoke(Method.java:569)
[2025-08-10T12:55:55.436+0000] {spark_submit.py:579} INFO - at py4j.reflection.MethodInvoker.invoke(MethodInvoker.java:244)
[2025-08-10T12:55:55.436+0000] {spark_submit.py:579} INFO - at py4j.reflection.ReflectionEngine.invoke(ReflectionEngine.java:374)
[2025-08-10T12:55:55.437+0000] {spark_submit.py:579} INFO - at py4j.Gateway.invoke(Gateway.java:282)
[2025-08-10T12:55:55.437+0000] {spark_submit.py:579} INFO - at py4j.commands.AbstractCommand.invokeMethod(AbstractCommand.java:132)
[2025-08-10T12:55:55.437+0000] {spark_submit.py:579} INFO - at py4j.commands.CallCommand.execute(CallCommand.java:79)
[2025-08-10T12:55:55.438+0000] {spark_submit.py:579} INFO - at py4j.ClientServerConnection.waitForCommands(ClientServerConnection.java:184)
[2025-08-10T12:55:55.438+0000] {spark_submit.py:579} INFO - at py4j.ClientServerConnection.run(ClientServerConnection.java:108)
[2025-08-10T12:55:55.438+0000] {spark_submit.py:579} INFO - at java.base/java.lang.Thread.run(Thread.java:840)
[2025-08-10T12:55:55.438+0000] {spark_submit.py:579} INFO - Suppressed: org.apache.spark.util.Utils$OriginalTryStackTraceException: Full stacktrace of original doTryWithCallerStacktrace caller
[2025-08-10T12:55:55.439+0000] {spark_submit.py:579} INFO - at java.base/java.net.URLClassLoader.findClass(URLClassLoader.java:445)
[2025-08-10T12:55:55.439+0000] {spark_submit.py:579} INFO - at java.base/java.lang.ClassLoader.loadClass(ClassLoader.java:592)
[2025-08-10T12:55:55.439+0000] {spark_submit.py:579} INFO - at java.base/java.lang.ClassLoader.loadClass(ClassLoader.java:525)
[2025-08-10T12:55:55.439+0000] {spark_submit.py:579} INFO - at org.apache.spark.sql.execution.datasources.jdbc.DriverRegistry$.register(DriverRegistry.scala:47)
[2025-08-10T12:55:55.440+0000] {spark_submit.py:579} INFO - at org.apache.spark.sql.execution.datasources.jdbc.JDBCOptions.$anonfun$driverClass$1(JDBCOptions.scala:112)
[2025-08-10T12:55:55.440+0000] {spark_submit.py:579} INFO - at org.apache.spark.sql.execution.datasources.jdbc.JDBCOptions.$anonfun$driverClass$1$adapted(JDBCOptions.scala:112)
[2025-08-10T12:55:55.440+0000] {spark_submit.py:579} INFO - at scala.Option.foreach(Option.scala:437)
[2025-08-10T12:55:55.440+0000] {spark_submit.py:579} INFO - at org.apache.spark.sql.execution.datasources.jdbc.JDBCOptions.<init>(JDBCOptions.scala:112)
[2025-08-10T12:55:55.440+0000] {spark_submit.py:579} INFO - at org.apache.spark.sql.execution.datasources.jdbc.JdbcOptionsInWrite.<init>(JDBCOptions.scala:272)
[2025-08-10T12:55:55.441+0000] {spark_submit.py:579} INFO - at org.apache.spark.sql.execution.datasources.jdbc.JdbcOptionsInWrite.<init>(JDBCOptions.scala:276)
[2025-08-10T12:55:55.441+0000] {spark_submit.py:579} INFO - at org.apache.spark.sql.execution.datasources.jdbc.JdbcRelationProvider.createRelation(JdbcRelationProvider.scala:48)
[2025-08-10T12:55:55.441+0000] {spark_submit.py:579} INFO - at org.apache.spark.sql.execution.datasources.SaveIntoDataSourceCommand.run(SaveIntoDataSourceCommand.scala:55)
[2025-08-10T12:55:55.441+0000] {spark_submit.py:579} INFO - at org.apache.spark.sql.execution.command.ExecutedCommandExec.sideEffectResult$lzycompute(commands.scala:79)
[2025-08-10T12:55:55.441+0000] {spark_submit.py:579} INFO - at org.apache.spark.sql.execution.command.ExecutedCommandExec.sideEffectResult(commands.scala:77)
[2025-08-10T12:55:55.442+0000] {spark_submit.py:579} INFO - at org.apache.spark.sql.execution.command.ExecutedCommandExec.executeCollect(commands.scala:88)
[2025-08-10T12:55:55.442+0000] {spark_submit.py:579} INFO - at org.apache.spark.sql.execution.QueryExecution.$anonfun$eagerlyExecuteCommands$2(QueryExecution.scala:155)
[2025-08-10T12:55:55.442+0000] {spark_submit.py:579} INFO - at org.apache.spark.sql.execution.SQLExecution$.$anonfun$withNewExecutionId0$8(SQLExecution.scala:162)
[2025-08-10T12:55:55.442+0000] {spark_submit.py:579} INFO - at org.apache.spark.sql.execution.SQLExecution$.withSessionTagsApplied(SQLExecution.scala:268)
[2025-08-10T12:55:55.443+0000] {spark_submit.py:579} INFO - at org.apache.spark.sql.execution.SQLExecution$.$anonfun$withNewExecutionId0$7(SQLExecution.scala:124)
[2025-08-10T12:55:55.443+0000] {spark_submit.py:579} INFO - at org.apache.spark.JobArtifactSet$.withActiveJobArtifactState(JobArtifactSet.scala:94)
[2025-08-10T12:55:55.444+0000] {spark_submit.py:579} INFO - at org.apache.spark.sql.artifact.ArtifactManager.$anonfun$withResources$1(ArtifactManager.scala:112)
[2025-08-10T12:55:55.444+0000] {spark_submit.py:579} INFO - at org.apache.spark.sql.artifact.ArtifactManager.withClassLoaderIfNeeded(ArtifactManager.scala:106)
[2025-08-10T12:55:55.444+0000] {spark_submit.py:579} INFO - at org.apache.spark.sql.artifact.ArtifactManager.withResources(ArtifactManager.scala:111)
[2025-08-10T12:55:55.444+0000] {spark_submit.py:579} INFO - at org.apache.spark.sql.execution.SQLExecution$.$anonfun$withNewExecutionId0$6(SQLExecution.scala:124)
[2025-08-10T12:55:55.444+0000] {spark_submit.py:579} INFO - at org.apache.spark.sql.execution.SQLExecution$.withSQLConfPropagated(SQLExecution.scala:291)
[2025-08-10T12:55:55.445+0000] {spark_submit.py:579} INFO - at org.apache.spark.sql.execution.SQLExecution$.$anonfun$withNewExecutionId0$1(SQLExecution.scala:123)
[2025-08-10T12:55:55.445+0000] {spark_submit.py:579} INFO - at org.apache.spark.sql.SparkSession.withActive(SparkSession.scala:804)
[2025-08-10T12:55:55.445+0000] {spark_submit.py:579} INFO - at org.apache.spark.sql.execution.SQLExecution$.withNewExecutionId0(SQLExecution.scala:77)
[2025-08-10T12:55:55.445+0000] {spark_submit.py:579} INFO - at org.apache.spark.sql.execution.SQLExecution$.withNewExecutionId(SQLExecution.scala:233)
[2025-08-10T12:55:55.445+0000] {spark_submit.py:579} INFO - at org.apache.spark.sql.execution.QueryExecution.$anonfun$eagerlyExecuteCommands$1(QueryExecution.scala:155)
[2025-08-10T12:55:55.446+0000] {spark_submit.py:579} INFO - at org.apache.spark.sql.execution.QueryExecution$.withInternalError(QueryExecution.scala:654)
[2025-08-10T12:55:55.446+0000] {spark_submit.py:579} INFO - at org.apache.spark.sql.execution.QueryExecution.org$apache$spark$sql$execution$QueryExecution$$eagerlyExecute$1(QueryExecution.scala:154)
[2025-08-10T12:55:55.446+0000] {spark_submit.py:579} INFO - at org.apache.spark.sql.execution.QueryExecution$$anonfun$eagerlyExecuteCommands$3.applyOrElse(QueryExecution.scala:169)
[2025-08-10T12:55:55.446+0000] {spark_submit.py:579} INFO - at org.apache.spark.sql.execution.QueryExecution$$anonfun$eagerlyExecuteCommands$3.applyOrElse(QueryExecution.scala:164)
[2025-08-10T12:55:55.446+0000] {spark_submit.py:579} INFO - at org.apache.spark.sql.catalyst.trees.TreeNode.$anonfun$transformDownWithPruning$1(TreeNode.scala:470)
[2025-08-10T12:55:55.446+0000] {spark_submit.py:579} INFO - at org.apache.spark.sql.catalyst.trees.CurrentOrigin$.withOrigin(origin.scala:86)
[2025-08-10T12:55:55.447+0000] {spark_submit.py:579} INFO - at org.apache.spark.sql.catalyst.trees.TreeNode.transformDownWithPruning(TreeNode.scala:470)
[2025-08-10T12:55:55.447+0000] {spark_submit.py:579} INFO - at org.apache.spark.sql.catalyst.plans.logical.LogicalPlan.org$apache$spark$sql$catalyst$plans$logical$AnalysisHelper$$super$transformDownWithPruning(LogicalPlan.scala:37)
[2025-08-10T12:55:55.447+0000] {spark_submit.py:579} INFO - at org.apache.spark.sql.catalyst.plans.logical.AnalysisHelper.transformDownWithPruning(AnalysisHelper.scala:360)
[2025-08-10T12:55:55.447+0000] {spark_submit.py:579} INFO - at org.apache.spark.sql.catalyst.plans.logical.AnalysisHelper.transformDownWithPruning$(AnalysisHelper.scala:356)
[2025-08-10T12:55:55.447+0000] {spark_submit.py:579} INFO - at org.apache.spark.sql.catalyst.plans.logical.LogicalPlan.transformDownWithPruning(LogicalPlan.scala:37)
[2025-08-10T12:55:55.448+0000] {spark_submit.py:579} INFO - at org.apache.spark.sql.catalyst.plans.logical.LogicalPlan.transformDownWithPruning(LogicalPlan.scala:37)
[2025-08-10T12:55:55.448+0000] {spark_submit.py:579} INFO - at org.apache.spark.sql.catalyst.trees.TreeNode.transformDown(TreeNode.scala:446)
[2025-08-10T12:55:55.448+0000] {spark_submit.py:579} INFO - at org.apache.spark.sql.execution.QueryExecution.eagerlyExecuteCommands(QueryExecution.scala:164)
[2025-08-10T12:55:55.448+0000] {spark_submit.py:579} INFO - at org.apache.spark.sql.execution.QueryExecution.$anonfun$lazyCommandExecuted$1(QueryExecution.scala:126)
[2025-08-10T12:55:55.449+0000] {spark_submit.py:579} INFO - at scala.util.Try$.apply(Try.scala:217)
[2025-08-10T12:55:55.449+0000] {spark_submit.py:579} INFO - at org.apache.spark.util.Utils$.doTryWithCallerStacktrace(Utils.scala:1378)
[2025-08-10T12:55:55.449+0000] {spark_submit.py:579} INFO - at org.apache.spark.util.LazyTry.tryT$lzycompute(LazyTry.scala:46)
[2025-08-10T12:55:55.449+0000] {spark_submit.py:579} INFO - at org.apache.spark.util.LazyTry.tryT(LazyTry.scala:46)
[2025-08-10T12:55:55.450+0000] {spark_submit.py:579} INFO - ... 20 more
[2025-08-10T12:55:55.451+0000] {spark_submit.py:579} INFO - 
[2025-08-10T12:55:55.559+0000] {spark_submit.py:579} INFO - 25/08/10 12:55:55 INFO SparkContext: Invoking stop() from shutdown hook
[2025-08-10T12:55:55.561+0000] {spark_submit.py:579} INFO - 25/08/10 12:55:55 INFO SparkContext: SparkContext is stopping with exitCode 0 from run at Executors.java:539.
[2025-08-10T12:55:55.569+0000] {spark_submit.py:579} INFO - 25/08/10 12:55:55 INFO SparkUI: Stopped Spark web UI at http://a8625f1109c7:4040
[2025-08-10T12:55:55.573+0000] {spark_submit.py:579} INFO - 25/08/10 12:55:55 INFO StandaloneSchedulerBackend: Shutting down all executors
[2025-08-10T12:55:55.573+0000] {spark_submit.py:579} INFO - 25/08/10 12:55:55 INFO StandaloneSchedulerBackend$StandaloneDriverEndpoint: Asking each executor to shut down
[2025-08-10T12:55:55.589+0000] {spark_submit.py:579} INFO - 25/08/10 12:55:55 INFO MapOutputTrackerMasterEndpoint: MapOutputTrackerMasterEndpoint stopped!
[2025-08-10T12:55:55.623+0000] {spark_submit.py:579} INFO - 25/08/10 12:55:55 INFO MemoryStore: MemoryStore started with capacity 434.4 MiB
[2025-08-10T12:55:55.624+0000] {spark_submit.py:579} INFO - 25/08/10 12:55:55 INFO MemoryStore: MemoryStore cleared
[2025-08-10T12:55:55.625+0000] {spark_submit.py:579} INFO - 25/08/10 12:55:55 INFO BlockManager: BlockManager stopped
[2025-08-10T12:55:55.633+0000] {spark_submit.py:579} INFO - 25/08/10 12:55:55 INFO BlockManagerMaster: BlockManagerMaster stopped
[2025-08-10T12:55:55.637+0000] {spark_submit.py:579} INFO - 25/08/10 12:55:55 INFO OutputCommitCoordinator$OutputCommitCoordinatorEndpoint: OutputCommitCoordinator stopped!
[2025-08-10T12:55:55.658+0000] {spark_submit.py:579} INFO - 25/08/10 12:55:55 INFO SparkContext: Successfully stopped SparkContext
[2025-08-10T12:55:55.659+0000] {spark_submit.py:579} INFO - 25/08/10 12:55:55 INFO ShutdownHookManager: Shutdown hook called
[2025-08-10T12:55:55.659+0000] {spark_submit.py:579} INFO - 25/08/10 12:55:55 INFO ShutdownHookManager: Deleting directory /opt/***/artifacts/spark-35a39556-c5a3-4526-a1b9-5fea32853897
[2025-08-10T12:55:55.677+0000] {spark_submit.py:579} INFO - 25/08/10 12:55:55 INFO ShutdownHookManager: Deleting directory /tmp/spark-db88a11e-84f7-40a4-a3a6-9b7ae361ec1a
[2025-08-10T12:55:55.692+0000] {spark_submit.py:579} INFO - 25/08/10 12:55:55 INFO ShutdownHookManager: Deleting directory /tmp/spark-cd4b85f6-430c-48b3-b521-8079d8f7ba4c
[2025-08-10T12:55:55.702+0000] {spark_submit.py:579} INFO - 25/08/10 12:55:55 INFO ShutdownHookManager: Deleting directory /tmp/spark-db88a11e-84f7-40a4-a3a6-9b7ae361ec1a/pyspark-a8b21af6-ef6a-408a-a8df-0a3446ecdc54
[2025-08-10T12:55:55.765+0000] {taskinstance.py:1935} ERROR - Task failed with exception
Traceback (most recent call last):
  File "/home/airflow/.local/lib/python3.10/site-packages/airflow/providers/apache/spark/operators/spark_submit.py", line 174, in execute
    self._hook.submit(self.application)
  File "/home/airflow/.local/lib/python3.10/site-packages/airflow/providers/apache/spark/hooks/spark_submit.py", line 505, in submit
    raise AirflowException(
airflow.exceptions.AirflowException: Cannot execute: spark-submit --master spark://spark-master:7077 --name arrow-spark --deploy-mode client jobs/python/wordcountjob.py. Error code is: 1.
[2025-08-10T12:55:55.772+0000] {taskinstance.py:1398} INFO - Marking task as FAILED. dag_id=sparking_flow, task_id=python_job, execution_date=20250810T125539, start_date=20250810T125541, end_date=20250810T125555
[2025-08-10T12:55:55.789+0000] {standard_task_runner.py:104} ERROR - Failed to execute job 7 for task python_job (Cannot execute: spark-submit --master spark://spark-master:7077 --name arrow-spark --deploy-mode client jobs/python/wordcountjob.py. Error code is: 1.; 347)
[2025-08-10T12:55:55.813+0000] {local_task_job_runner.py:228} INFO - Task exited with return code 1
[2025-08-10T12:55:55.842+0000] {taskinstance.py:2776} INFO - 0 downstream tasks scheduled from follow-on schedule check
