[2025-09-06T13:45:30.605+0000] {taskinstance.py:1157} INFO - Dependencies all met for dep_context=non-requeueable deps ti=<TaskInstance: sparking_flow.python_job manual__2025-09-06T13:45:25.086029+00:00 [queued]>
[2025-09-06T13:45:30.612+0000] {taskinstance.py:1157} INFO - Dependencies all met for dep_context=requeueable deps ti=<TaskInstance: sparking_flow.python_job manual__2025-09-06T13:45:25.086029+00:00 [queued]>
[2025-09-06T13:45:30.613+0000] {taskinstance.py:1359} INFO - Starting attempt 1 of 1
[2025-09-06T13:45:30.623+0000] {taskinstance.py:1380} INFO - Executing <Task(SparkSubmitOperator): python_job> on 2025-09-06 13:45:25.086029+00:00
[2025-09-06T13:45:30.628+0000] {standard_task_runner.py:57} INFO - Started process 1558 to run task
[2025-09-06T13:45:30.632+0000] {standard_task_runner.py:84} INFO - Running: ['***', 'tasks', 'run', 'sparking_flow', 'python_job', 'manual__2025-09-06T13:45:25.086029+00:00', '--job-id', '17', '--raw', '--subdir', 'DAGS_FOLDER/spark_***.py', '--cfg-path', '/tmp/tmpqnlcywrm']
[2025-09-06T13:45:30.635+0000] {standard_task_runner.py:85} INFO - Job 17: Subtask python_job
[2025-09-06T13:45:30.698+0000] {task_command.py:415} INFO - Running <TaskInstance: sparking_flow.python_job manual__2025-09-06T13:45:25.086029+00:00 [running]> on host ac03ab483d89
[2025-09-06T13:45:30.778+0000] {taskinstance.py:1660} INFO - Exporting env vars: AIRFLOW_CTX_DAG_OWNER='Kudzaishe Manyanya' AIRFLOW_CTX_DAG_ID='sparking_flow' AIRFLOW_CTX_TASK_ID='python_job' AIRFLOW_CTX_EXECUTION_DATE='2025-09-06T13:45:25.086029+00:00' AIRFLOW_CTX_TRY_NUMBER='1' AIRFLOW_CTX_DAG_RUN_ID='manual__2025-09-06T13:45:25.086029+00:00'
[2025-09-06T13:45:30.791+0000] {base.py:73} INFO - Using connection ID 'spark-conn' for task execution.
[2025-09-06T13:45:30.793+0000] {spark_submit.py:403} INFO - Spark-Submit cmd: spark-submit --master spark://spark-master:7077 --jars /opt/spark/external-jars/apache-spark-sql-connector.jar --name arrow-spark --deploy-mode client jobs/python/wordcountjob.py
[2025-09-06T13:45:31.566+0000] {spark_submit.py:579} INFO - WARNING: Using incubator modules: jdk.incubator.vector
[2025-09-06T13:45:33.368+0000] {spark_submit.py:579} INFO - 25/09/06 13:45:33 WARN NativeCodeLoader: Unable to load native-hadoop library for your platform... using builtin-java classes where applicable
[2025-09-06T13:45:35.925+0000] {spark_submit.py:579} INFO - Using Spark's default log4j profile: org/apache/spark/log4j2-defaults.properties
[2025-09-06T13:45:35.931+0000] {spark_submit.py:579} INFO - 25/09/06 13:45:35 INFO SparkContext: Running Spark version 4.0.0
[2025-09-06T13:45:35.936+0000] {spark_submit.py:579} INFO - 25/09/06 13:45:35 INFO SparkContext: OS info Linux, 6.6.87.2-microsoft-standard-WSL2, amd64
[2025-09-06T13:45:35.937+0000] {spark_submit.py:579} INFO - 25/09/06 13:45:35 INFO SparkContext: Java version 17.0.15
[2025-09-06T13:45:35.956+0000] {spark_submit.py:579} INFO - 25/09/06 13:45:35 INFO ResourceUtils: ==============================================================
[2025-09-06T13:45:35.957+0000] {spark_submit.py:579} INFO - 25/09/06 13:45:35 INFO ResourceUtils: No custom resources configured for spark.driver.
[2025-09-06T13:45:35.957+0000] {spark_submit.py:579} INFO - 25/09/06 13:45:35 INFO ResourceUtils: ==============================================================
[2025-09-06T13:45:35.958+0000] {spark_submit.py:579} INFO - 25/09/06 13:45:35 INFO SparkContext: Submitted application: PythonWordCount
[2025-09-06T13:45:35.987+0000] {spark_submit.py:579} INFO - 25/09/06 13:45:35 INFO ResourceProfile: Default ResourceProfile created, executor resources: Map(memory -> name: memory, amount: 1024, script: , vendor: , offHeap -> name: offHeap, amount: 0, script: , vendor: ), task resources: Map(cpus -> name: cpus, amount: 1.0)
[2025-09-06T13:45:35.990+0000] {spark_submit.py:579} INFO - 25/09/06 13:45:35 INFO ResourceProfile: Limiting resource is cpu
[2025-09-06T13:45:35.991+0000] {spark_submit.py:579} INFO - 25/09/06 13:45:35 INFO ResourceProfileManager: Added ResourceProfile id: 0
[2025-09-06T13:45:36.046+0000] {spark_submit.py:579} INFO - 25/09/06 13:45:36 INFO SecurityManager: Changing view acls to: ***
[2025-09-06T13:45:36.047+0000] {spark_submit.py:579} INFO - 25/09/06 13:45:36 INFO SecurityManager: Changing modify acls to: ***
[2025-09-06T13:45:36.047+0000] {spark_submit.py:579} INFO - 25/09/06 13:45:36 INFO SecurityManager: Changing view acls groups to: ***
[2025-09-06T13:45:36.048+0000] {spark_submit.py:579} INFO - 25/09/06 13:45:36 INFO SecurityManager: Changing modify acls groups to: ***
[2025-09-06T13:45:36.050+0000] {spark_submit.py:579} INFO - 25/09/06 13:45:36 INFO SecurityManager: SecurityManager: authentication disabled; ui acls disabled; users with view permissions: *** groups with view permissions: EMPTY; users with modify permissions: ***; groups with modify permissions: EMPTY; RPC SSL disabled
[2025-09-06T13:45:36.339+0000] {spark_submit.py:579} INFO - 25/09/06 13:45:36 INFO Utils: Successfully started service 'sparkDriver' on port 38537.
[2025-09-06T13:45:36.373+0000] {spark_submit.py:579} INFO - 25/09/06 13:45:36 INFO SparkEnv: Registering MapOutputTracker
[2025-09-06T13:45:36.383+0000] {spark_submit.py:579} INFO - 25/09/06 13:45:36 INFO SparkEnv: Registering BlockManagerMaster
[2025-09-06T13:45:36.401+0000] {spark_submit.py:579} INFO - 25/09/06 13:45:36 INFO BlockManagerMasterEndpoint: Using org.apache.spark.storage.DefaultTopologyMapper for getting topology information
[2025-09-06T13:45:36.402+0000] {spark_submit.py:579} INFO - 25/09/06 13:45:36 INFO BlockManagerMasterEndpoint: BlockManagerMasterEndpoint up
[2025-09-06T13:45:36.404+0000] {spark_submit.py:579} INFO - 25/09/06 13:45:36 INFO SparkEnv: Registering BlockManagerMasterHeartbeat
[2025-09-06T13:45:36.430+0000] {spark_submit.py:579} INFO - 25/09/06 13:45:36 INFO DiskBlockManager: Created local directory at /tmp/blockmgr-636ab533-2a5a-4c73-b03f-75df38e054f4
[2025-09-06T13:45:36.456+0000] {spark_submit.py:579} INFO - 25/09/06 13:45:36 INFO SparkEnv: Registering OutputCommitCoordinator
[2025-09-06T13:45:36.612+0000] {spark_submit.py:579} INFO - 25/09/06 13:45:36 INFO JettyUtils: Start Jetty 0.0.0.0:4040 for SparkUI
[2025-09-06T13:45:36.692+0000] {spark_submit.py:579} INFO - 25/09/06 13:45:36 INFO Utils: Successfully started service 'SparkUI' on port 4040.
[2025-09-06T13:45:36.733+0000] {spark_submit.py:579} INFO - 25/09/06 13:45:36 INFO SparkContext: Added JAR file:///opt/spark/external-jars/apache-spark-sql-connector.jar at spark://ac03ab483d89:38537/jars/apache-spark-sql-connector.jar with timestamp 1757166335919
[2025-09-06T13:45:36.751+0000] {spark_submit.py:579} INFO - 25/09/06 13:45:36 INFO SecurityManager: Changing view acls to: ***
[2025-09-06T13:45:36.752+0000] {spark_submit.py:579} INFO - 25/09/06 13:45:36 INFO SecurityManager: Changing modify acls to: ***
[2025-09-06T13:45:36.752+0000] {spark_submit.py:579} INFO - 25/09/06 13:45:36 INFO SecurityManager: Changing view acls groups to: ***
[2025-09-06T13:45:36.753+0000] {spark_submit.py:579} INFO - 25/09/06 13:45:36 INFO SecurityManager: Changing modify acls groups to: ***
[2025-09-06T13:45:36.753+0000] {spark_submit.py:579} INFO - 25/09/06 13:45:36 INFO SecurityManager: SecurityManager: authentication disabled; ui acls disabled; users with view permissions: *** groups with view permissions: EMPTY; users with modify permissions: ***; groups with modify permissions: EMPTY; RPC SSL disabled
[2025-09-06T13:45:36.938+0000] {spark_submit.py:579} INFO - 25/09/06 13:45:36 INFO StandaloneAppClient$ClientEndpoint: Connecting to master spark://spark-master:7077...
[2025-09-06T13:45:36.997+0000] {spark_submit.py:579} INFO - 25/09/06 13:45:36 INFO TransportClientFactory: Successfully created connection to spark-master/172.18.0.2:7077 after 28 ms (0 ms spent in bootstraps)
[2025-09-06T13:45:37.103+0000] {spark_submit.py:579} INFO - 25/09/06 13:45:37 INFO StandaloneSchedulerBackend: Connected to Spark cluster with app ID app-20250906134537-0007
[2025-09-06T13:45:37.109+0000] {spark_submit.py:579} INFO - 25/09/06 13:45:37 INFO StandaloneAppClient$ClientEndpoint: Executor added: app-20250906134537-0007/0 on worker-20250906133811-172.18.0.4-34629 (172.18.0.4:34629) with 2 core(s)
[2025-09-06T13:45:37.114+0000] {spark_submit.py:579} INFO - 25/09/06 13:45:37 INFO StandaloneSchedulerBackend: Granted executor ID app-20250906134537-0007/0 on hostPort 172.18.0.4:34629 with 2 core(s), 1024.0 MiB RAM
[2025-09-06T13:45:37.115+0000] {spark_submit.py:579} INFO - 25/09/06 13:45:37 INFO Utils: Successfully started service 'org.apache.spark.network.netty.NettyBlockTransferService' on port 33715.
[2025-09-06T13:45:37.115+0000] {spark_submit.py:579} INFO - 25/09/06 13:45:37 INFO NettyBlockTransferService: Server created on ac03ab483d89:33715
[2025-09-06T13:45:37.118+0000] {spark_submit.py:579} INFO - 25/09/06 13:45:37 INFO BlockManager: Using org.apache.spark.storage.RandomBlockReplicationPolicy for block replication policy
[2025-09-06T13:45:37.137+0000] {spark_submit.py:579} INFO - 25/09/06 13:45:37 INFO BlockManagerMaster: Registering BlockManager BlockManagerId(driver, ac03ab483d89, 33715, None)
[2025-09-06T13:45:37.141+0000] {spark_submit.py:579} INFO - 25/09/06 13:45:37 INFO BlockManagerMasterEndpoint: Registering block manager ac03ab483d89:33715 with 434.4 MiB RAM, BlockManagerId(driver, ac03ab483d89, 33715, None)
[2025-09-06T13:45:37.143+0000] {spark_submit.py:579} INFO - 25/09/06 13:45:37 INFO BlockManagerMaster: Registered BlockManager BlockManagerId(driver, ac03ab483d89, 33715, None)
[2025-09-06T13:45:37.145+0000] {spark_submit.py:579} INFO - 25/09/06 13:45:37 INFO BlockManager: Initialized BlockManager: BlockManagerId(driver, ac03ab483d89, 33715, None)
[2025-09-06T13:45:37.292+0000] {spark_submit.py:579} INFO - 25/09/06 13:45:37 INFO StandaloneAppClient$ClientEndpoint: Executor updated: app-20250906134537-0007/0 is now RUNNING
[2025-09-06T13:45:37.325+0000] {spark_submit.py:579} INFO - 25/09/06 13:45:37 INFO StandaloneSchedulerBackend: SchedulerBackend is ready for scheduling beginning after reached minRegisteredResourcesRatio: 0.0
[2025-09-06T13:45:41.287+0000] {spark_submit.py:579} INFO - dict_keys(['daily', 'daily960', 'live_rapid', 'live_blitz', 'live_bullet', 'live_bughouse', 'live_blitz960', 'live_threecheck', 'live_crazyhouse', 'tactics', 'rush', 'battle'])
[2025-09-06T13:45:41.413+0000] {spark_submit.py:579} INFO - 25/09/06 13:45:41 INFO StandaloneSchedulerBackend$StandaloneDriverEndpoint: Registered executor NettyRpcEndpointRef(spark-client://Executor) (172.18.0.4:44310) with ID 0, ResourceProfileId 0
[2025-09-06T13:45:41.898+0000] {spark_submit.py:579} INFO - 25/09/06 13:45:41 INFO SharedState: Setting hive.metastore.warehouse.dir ('null') to the value of spark.sql.warehouse.dir.
[2025-09-06T13:45:41.907+0000] {spark_submit.py:579} INFO - 25/09/06 13:45:41 INFO SharedState: Warehouse path is 'file:/opt/***/spark-warehouse'.
[2025-09-06T13:45:42.019+0000] {spark_submit.py:579} INFO - 25/09/06 13:45:42 INFO BlockManagerMasterEndpoint: Registering block manager 172.18.0.4:42481 with 434.4 MiB RAM, BlockManagerId(0, 172.18.0.4, 42481, None)
[2025-09-06T13:45:46.323+0000] {spark_submit.py:579} INFO - 25/09/06 13:45:46 WARN SparkStringUtils: Truncated the string representation of a plan since it was too large. This behavior can be adjusted by setting 'spark.sql.debug.maxToStringFields'.
[2025-09-06T13:45:46.642+0000] {spark_submit.py:579} INFO - 25/09/06 13:45:46 INFO CodeGenerator: Code generated in 189.092437 ms
[2025-09-06T13:45:46.708+0000] {spark_submit.py:579} INFO - 25/09/06 13:45:46 INFO SparkContext: Starting job: jdbc at NativeMethodAccessorImpl.java:0
[2025-09-06T13:45:46.723+0000] {spark_submit.py:579} INFO - 25/09/06 13:45:46 INFO DAGScheduler: Got job 0 (jdbc at NativeMethodAccessorImpl.java:0) with 2 output partitions
[2025-09-06T13:45:46.725+0000] {spark_submit.py:579} INFO - 25/09/06 13:45:46 INFO DAGScheduler: Final stage: ResultStage 0 (jdbc at NativeMethodAccessorImpl.java:0)
[2025-09-06T13:45:46.725+0000] {spark_submit.py:579} INFO - 25/09/06 13:45:46 INFO DAGScheduler: Parents of final stage: List()
[2025-09-06T13:45:46.728+0000] {spark_submit.py:579} INFO - 25/09/06 13:45:46 INFO DAGScheduler: Missing parents: List()
[2025-09-06T13:45:46.730+0000] {spark_submit.py:579} INFO - 25/09/06 13:45:46 INFO DAGScheduler: Submitting ResultStage 0 (MapPartitionsRDD[53] at jdbc at NativeMethodAccessorImpl.java:0), which has no missing parents
[2025-09-06T13:45:46.797+0000] {spark_submit.py:579} INFO - 25/09/06 13:45:46 INFO MemoryStore: MemoryStore started with capacity 434.4 MiB
[2025-09-06T13:45:46.826+0000] {spark_submit.py:579} INFO - 25/09/06 13:45:46 INFO MemoryStore: Block broadcast_0 stored as values in memory (estimated size 33.8 KiB, free 434.4 MiB)
[2025-09-06T13:45:46.877+0000] {spark_submit.py:579} INFO - 25/09/06 13:45:46 INFO MemoryStore: Block broadcast_0_piece0 stored as bytes in memory (estimated size 14.4 KiB, free 434.4 MiB)
[2025-09-06T13:45:46.883+0000] {spark_submit.py:579} INFO - 25/09/06 13:45:46 INFO SparkContext: Created broadcast 0 from broadcast at DAGScheduler.scala:1676
[2025-09-06T13:45:46.897+0000] {spark_submit.py:579} INFO - 25/09/06 13:45:46 INFO DAGScheduler: Submitting 2 missing tasks from ResultStage 0 (MapPartitionsRDD[53] at jdbc at NativeMethodAccessorImpl.java:0) (first 15 tasks are for partitions Vector(0, 1))
[2025-09-06T13:45:46.908+0000] {spark_submit.py:579} INFO - 25/09/06 13:45:46 INFO TaskSchedulerImpl: Adding task set 0.0 with 2 tasks resource profile 0
[2025-09-06T13:45:46.939+0000] {spark_submit.py:579} INFO - 25/09/06 13:45:46 INFO TaskSetManager: Starting task 0.0 in stage 0.0 (TID 0) (172.18.0.4,executor 0, partition 0, PROCESS_LOCAL, 17730 bytes)
[2025-09-06T13:45:46.942+0000] {spark_submit.py:579} INFO - 25/09/06 13:45:46 INFO TaskSetManager: Starting task 1.0 in stage 0.0 (TID 1) (172.18.0.4,executor 0, partition 1, PROCESS_LOCAL, 17435 bytes)
[2025-09-06T13:45:51.691+0000] {spark_submit.py:579} INFO - 25/09/06 13:45:51 INFO TaskSetManager: Finished task 0.0 in stage 0.0 (TID 0) in 4765 ms on 172.18.0.4 (executor 0) (1/2)
[2025-09-06T13:45:51.695+0000] {spark_submit.py:579} INFO - 25/09/06 13:45:51 INFO PythonAccumulatorV2: Connected to AccumulatorServer at host: 127.0.0.1 port: 44185
[2025-09-06T13:45:51.723+0000] {spark_submit.py:579} INFO - 25/09/06 13:45:51 INFO TaskSetManager: Finished task 1.0 in stage 0.0 (TID 1) in 4781 ms on 172.18.0.4 (executor 0) (2/2)
[2025-09-06T13:45:51.724+0000] {spark_submit.py:579} INFO - 25/09/06 13:45:51 INFO TaskSchedulerImpl: Removed TaskSet 0.0 whose tasks have all completed, from pool
[2025-09-06T13:45:51.726+0000] {spark_submit.py:579} INFO - 25/09/06 13:45:51 INFO DAGScheduler: ResultStage 0 (jdbc at NativeMethodAccessorImpl.java:0) finished in 4980 ms
[2025-09-06T13:45:51.727+0000] {spark_submit.py:579} INFO - 25/09/06 13:45:51 INFO DAGScheduler: Job 0 is finished. Cancelling potential speculative or zombie tasks for this job
[2025-09-06T13:45:51.727+0000] {spark_submit.py:579} INFO - 25/09/06 13:45:51 INFO TaskSchedulerImpl: Canceling stage 0
[2025-09-06T13:45:51.728+0000] {spark_submit.py:579} INFO - 25/09/06 13:45:51 INFO TaskSchedulerImpl: Killing all running tasks in stage 0: Stage finished
[2025-09-06T13:45:51.729+0000] {spark_submit.py:579} INFO - 25/09/06 13:45:51 INFO DAGScheduler: Job 0 finished: jdbc at NativeMethodAccessorImpl.java:0, took 5021.235931 ms
[2025-09-06T13:45:52.380+0000] {spark_submit.py:579} INFO - table daily has been loaded
[2025-09-06T13:45:52.797+0000] {spark_submit.py:579} INFO - 25/09/06 13:45:52 INFO SparkContext: Starting job: jdbc at NativeMethodAccessorImpl.java:0
[2025-09-06T13:45:52.798+0000] {spark_submit.py:579} INFO - 25/09/06 13:45:52 INFO DAGScheduler: Got job 1 (jdbc at NativeMethodAccessorImpl.java:0) with 2 output partitions
[2025-09-06T13:45:52.798+0000] {spark_submit.py:579} INFO - 25/09/06 13:45:52 INFO DAGScheduler: Final stage: ResultStage 1 (jdbc at NativeMethodAccessorImpl.java:0)
[2025-09-06T13:45:52.800+0000] {spark_submit.py:579} INFO - 25/09/06 13:45:52 INFO DAGScheduler: Parents of final stage: List()
[2025-09-06T13:45:52.800+0000] {spark_submit.py:579} INFO - 25/09/06 13:45:52 INFO DAGScheduler: Missing parents: List()
[2025-09-06T13:45:52.801+0000] {spark_submit.py:579} INFO - 25/09/06 13:45:52 INFO DAGScheduler: Submitting ResultStage 1 (MapPartitionsRDD[57] at jdbc at NativeMethodAccessorImpl.java:0), which has no missing parents
[2025-09-06T13:45:52.803+0000] {spark_submit.py:579} INFO - 25/09/06 13:45:52 INFO MemoryStore: Block broadcast_1 stored as values in memory (estimated size 33.8 KiB, free 434.3 MiB)
[2025-09-06T13:45:52.810+0000] {spark_submit.py:579} INFO - 25/09/06 13:45:52 INFO MemoryStore: Block broadcast_1_piece0 stored as bytes in memory (estimated size 14.5 KiB, free 434.3 MiB)
[2025-09-06T13:45:52.810+0000] {spark_submit.py:579} INFO - 25/09/06 13:45:52 INFO SparkContext: Created broadcast 1 from broadcast at DAGScheduler.scala:1676
[2025-09-06T13:45:52.811+0000] {spark_submit.py:579} INFO - 25/09/06 13:45:52 INFO DAGScheduler: Submitting 2 missing tasks from ResultStage 1 (MapPartitionsRDD[57] at jdbc at NativeMethodAccessorImpl.java:0) (first 15 tasks are for partitions Vector(0, 1))
[2025-09-06T13:45:52.812+0000] {spark_submit.py:579} INFO - 25/09/06 13:45:52 INFO TaskSchedulerImpl: Adding task set 1.0 with 2 tasks resource profile 0
[2025-09-06T13:45:52.813+0000] {spark_submit.py:579} INFO - 25/09/06 13:45:52 INFO TaskSetManager: Starting task 0.0 in stage 1.0 (TID 2) (172.18.0.4,executor 0, partition 0, PROCESS_LOCAL, 18049 bytes)
[2025-09-06T13:45:52.813+0000] {spark_submit.py:579} INFO - 25/09/06 13:45:52 INFO TaskSetManager: Starting task 1.0 in stage 1.0 (TID 3) (172.18.0.4,executor 0, partition 1, PROCESS_LOCAL, 17864 bytes)
[2025-09-06T13:45:53.543+0000] {spark_submit.py:579} INFO - 25/09/06 13:45:53 INFO TaskSetManager: Finished task 1.0 in stage 1.0 (TID 3) in 729 ms on 172.18.0.4 (executor 0) (1/2)
[2025-09-06T13:45:53.727+0000] {spark_submit.py:579} INFO - 25/09/06 13:45:53 INFO TaskSetManager: Finished task 0.0 in stage 1.0 (TID 2) in 915 ms on 172.18.0.4 (executor 0) (2/2)
[2025-09-06T13:45:53.728+0000] {spark_submit.py:579} INFO - 25/09/06 13:45:53 INFO TaskSchedulerImpl: Removed TaskSet 1.0 whose tasks have all completed, from pool
[2025-09-06T13:45:53.728+0000] {spark_submit.py:579} INFO - 25/09/06 13:45:53 INFO DAGScheduler: ResultStage 1 (jdbc at NativeMethodAccessorImpl.java:0) finished in 929 ms
[2025-09-06T13:45:53.730+0000] {spark_submit.py:579} INFO - 25/09/06 13:45:53 INFO DAGScheduler: Job 1 is finished. Cancelling potential speculative or zombie tasks for this job
[2025-09-06T13:45:53.730+0000] {spark_submit.py:579} INFO - 25/09/06 13:45:53 INFO TaskSchedulerImpl: Canceling stage 1
[2025-09-06T13:45:53.730+0000] {spark_submit.py:579} INFO - 25/09/06 13:45:53 INFO TaskSchedulerImpl: Killing all running tasks in stage 1: Stage finished
[2025-09-06T13:45:53.731+0000] {spark_submit.py:579} INFO - 25/09/06 13:45:53 INFO DAGScheduler: Job 1 finished: jdbc at NativeMethodAccessorImpl.java:0, took 932.444895 ms
[2025-09-06T13:45:54.815+0000] {spark_submit.py:579} INFO - table live_rapid has been loaded
[2025-09-06T13:45:55.102+0000] {spark_submit.py:579} INFO - 25/09/06 13:45:55 INFO SparkContext: Starting job: jdbc at NativeMethodAccessorImpl.java:0
[2025-09-06T13:45:55.104+0000] {spark_submit.py:579} INFO - 25/09/06 13:45:55 INFO DAGScheduler: Got job 2 (jdbc at NativeMethodAccessorImpl.java:0) with 2 output partitions
[2025-09-06T13:45:55.106+0000] {spark_submit.py:579} INFO - 25/09/06 13:45:55 INFO DAGScheduler: Final stage: ResultStage 2 (jdbc at NativeMethodAccessorImpl.java:0)
[2025-09-06T13:45:55.107+0000] {spark_submit.py:579} INFO - 25/09/06 13:45:55 INFO DAGScheduler: Parents of final stage: List()
[2025-09-06T13:45:55.107+0000] {spark_submit.py:579} INFO - 25/09/06 13:45:55 INFO DAGScheduler: Missing parents: List()
[2025-09-06T13:45:55.107+0000] {spark_submit.py:579} INFO - 25/09/06 13:45:55 INFO DAGScheduler: Submitting ResultStage 2 (MapPartitionsRDD[61] at jdbc at NativeMethodAccessorImpl.java:0), which has no missing parents
[2025-09-06T13:45:55.109+0000] {spark_submit.py:579} INFO - 25/09/06 13:45:55 INFO MemoryStore: Block broadcast_2 stored as values in memory (estimated size 33.8 KiB, free 434.3 MiB)
[2025-09-06T13:45:55.119+0000] {spark_submit.py:579} INFO - 25/09/06 13:45:55 INFO MemoryStore: Block broadcast_2_piece0 stored as bytes in memory (estimated size 14.5 KiB, free 434.3 MiB)
[2025-09-06T13:45:55.122+0000] {spark_submit.py:579} INFO - 25/09/06 13:45:55 INFO SparkContext: Created broadcast 2 from broadcast at DAGScheduler.scala:1676
[2025-09-06T13:45:55.123+0000] {spark_submit.py:579} INFO - 25/09/06 13:45:55 INFO DAGScheduler: Submitting 2 missing tasks from ResultStage 2 (MapPartitionsRDD[61] at jdbc at NativeMethodAccessorImpl.java:0) (first 15 tasks are for partitions Vector(0, 1))
[2025-09-06T13:45:55.123+0000] {spark_submit.py:579} INFO - 25/09/06 13:45:55 INFO TaskSchedulerImpl: Adding task set 2.0 with 2 tasks resource profile 0
[2025-09-06T13:45:55.124+0000] {spark_submit.py:579} INFO - 25/09/06 13:45:55 INFO TaskSetManager: Starting task 0.0 in stage 2.0 (TID 4) (172.18.0.4,executor 0, partition 0, PROCESS_LOCAL, 18149 bytes)
[2025-09-06T13:45:55.125+0000] {spark_submit.py:579} INFO - 25/09/06 13:45:55 INFO TaskSetManager: Starting task 1.0 in stage 2.0 (TID 5) (172.18.0.4,executor 0, partition 1, PROCESS_LOCAL, 18051 bytes)
[2025-09-06T13:45:55.684+0000] {spark_submit.py:579} INFO - 25/09/06 13:45:55 INFO TaskSetManager: Finished task 0.0 in stage 2.0 (TID 4) in 559 ms on 172.18.0.4 (executor 0) (1/2)
[2025-09-06T13:45:55.721+0000] {spark_submit.py:579} INFO - 25/09/06 13:45:55 INFO TaskSetManager: Finished task 1.0 in stage 2.0 (TID 5) in 596 ms on 172.18.0.4 (executor 0) (2/2)
[2025-09-06T13:45:55.721+0000] {spark_submit.py:579} INFO - 25/09/06 13:45:55 INFO TaskSchedulerImpl: Removed TaskSet 2.0 whose tasks have all completed, from pool
[2025-09-06T13:45:55.722+0000] {spark_submit.py:579} INFO - 25/09/06 13:45:55 INFO DAGScheduler: ResultStage 2 (jdbc at NativeMethodAccessorImpl.java:0) finished in 616 ms
[2025-09-06T13:45:55.723+0000] {spark_submit.py:579} INFO - 25/09/06 13:45:55 INFO DAGScheduler: Job 2 is finished. Cancelling potential speculative or zombie tasks for this job
[2025-09-06T13:45:55.723+0000] {spark_submit.py:579} INFO - 25/09/06 13:45:55 INFO TaskSchedulerImpl: Canceling stage 2
[2025-09-06T13:45:55.724+0000] {spark_submit.py:579} INFO - 25/09/06 13:45:55 INFO TaskSchedulerImpl: Killing all running tasks in stage 2: Stage finished
[2025-09-06T13:45:55.724+0000] {spark_submit.py:579} INFO - 25/09/06 13:45:55 INFO DAGScheduler: Job 2 finished: jdbc at NativeMethodAccessorImpl.java:0, took 620.139156 ms
[2025-09-06T13:45:56.673+0000] {spark_submit.py:579} INFO - table live_blitz has been loaded
[2025-09-06T13:45:57.133+0000] {spark_submit.py:579} INFO - 25/09/06 13:45:57 INFO CodeGenerator: Code generated in 25.509873 ms
[2025-09-06T13:45:57.154+0000] {spark_submit.py:579} INFO - 25/09/06 13:45:57 INFO SparkContext: Starting job: jdbc at NativeMethodAccessorImpl.java:0
[2025-09-06T13:45:57.155+0000] {spark_submit.py:579} INFO - 25/09/06 13:45:57 INFO DAGScheduler: Got job 3 (jdbc at NativeMethodAccessorImpl.java:0) with 2 output partitions
[2025-09-06T13:45:57.155+0000] {spark_submit.py:579} INFO - 25/09/06 13:45:57 INFO DAGScheduler: Final stage: ResultStage 3 (jdbc at NativeMethodAccessorImpl.java:0)
[2025-09-06T13:45:57.156+0000] {spark_submit.py:579} INFO - 25/09/06 13:45:57 INFO DAGScheduler: Parents of final stage: List()
[2025-09-06T13:45:57.156+0000] {spark_submit.py:579} INFO - 25/09/06 13:45:57 INFO DAGScheduler: Missing parents: List()
[2025-09-06T13:45:57.156+0000] {spark_submit.py:579} INFO - 25/09/06 13:45:57 INFO DAGScheduler: Submitting ResultStage 3 (MapPartitionsRDD[65] at jdbc at NativeMethodAccessorImpl.java:0), which has no missing parents
[2025-09-06T13:45:57.159+0000] {spark_submit.py:579} INFO - 25/09/06 13:45:57 INFO MemoryStore: Block broadcast_3 stored as values in memory (estimated size 33.8 KiB, free 434.2 MiB)
[2025-09-06T13:45:57.161+0000] {spark_submit.py:579} INFO - 25/09/06 13:45:57 INFO MemoryStore: Block broadcast_3_piece0 stored as bytes in memory (estimated size 14.5 KiB, free 434.2 MiB)
[2025-09-06T13:45:57.164+0000] {spark_submit.py:579} INFO - 25/09/06 13:45:57 INFO SparkContext: Created broadcast 3 from broadcast at DAGScheduler.scala:1676
[2025-09-06T13:45:57.165+0000] {spark_submit.py:579} INFO - 25/09/06 13:45:57 INFO DAGScheduler: Submitting 2 missing tasks from ResultStage 3 (MapPartitionsRDD[65] at jdbc at NativeMethodAccessorImpl.java:0) (first 15 tasks are for partitions Vector(0, 1))
[2025-09-06T13:45:57.165+0000] {spark_submit.py:579} INFO - 25/09/06 13:45:57 INFO TaskSchedulerImpl: Adding task set 3.0 with 2 tasks resource profile 0
[2025-09-06T13:45:57.166+0000] {spark_submit.py:579} INFO - 25/09/06 13:45:57 INFO TaskSetManager: Starting task 0.0 in stage 3.0 (TID 6) (172.18.0.4,executor 0, partition 0, PROCESS_LOCAL, 18133 bytes)
[2025-09-06T13:45:57.166+0000] {spark_submit.py:579} INFO - 25/09/06 13:45:57 INFO TaskSetManager: Starting task 1.0 in stage 3.0 (TID 7) (172.18.0.4,executor 0, partition 1, PROCESS_LOCAL, 18007 bytes)
[2025-09-06T13:45:57.718+0000] {spark_submit.py:579} INFO - 25/09/06 13:45:57 INFO TaskSetManager: Finished task 0.0 in stage 3.0 (TID 6) in 554 ms on 172.18.0.4 (executor 0) (1/2)
[2025-09-06T13:45:57.719+0000] {spark_submit.py:579} INFO - 25/09/06 13:45:57 INFO TaskSetManager: Finished task 1.0 in stage 3.0 (TID 7) in 554 ms on 172.18.0.4 (executor 0) (2/2)
[2025-09-06T13:45:57.720+0000] {spark_submit.py:579} INFO - 25/09/06 13:45:57 INFO TaskSchedulerImpl: Removed TaskSet 3.0 whose tasks have all completed, from pool
[2025-09-06T13:45:57.721+0000] {spark_submit.py:579} INFO - 25/09/06 13:45:57 INFO DAGScheduler: ResultStage 3 (jdbc at NativeMethodAccessorImpl.java:0) finished in 564 ms
[2025-09-06T13:45:57.722+0000] {spark_submit.py:579} INFO - 25/09/06 13:45:57 INFO DAGScheduler: Job 3 is finished. Cancelling potential speculative or zombie tasks for this job
[2025-09-06T13:45:57.722+0000] {spark_submit.py:579} INFO - 25/09/06 13:45:57 INFO TaskSchedulerImpl: Canceling stage 3
[2025-09-06T13:45:57.723+0000] {spark_submit.py:579} INFO - 25/09/06 13:45:57 INFO TaskSchedulerImpl: Killing all running tasks in stage 3: Stage finished
[2025-09-06T13:45:57.723+0000] {spark_submit.py:579} INFO - 25/09/06 13:45:57 INFO DAGScheduler: Job 3 finished: jdbc at NativeMethodAccessorImpl.java:0, took 567.450072 ms
[2025-09-06T13:45:58.211+0000] {spark_submit.py:579} INFO - table live_bullet has been loaded
[2025-09-06T13:45:58.581+0000] {spark_submit.py:579} INFO - 25/09/06 13:45:58 INFO CodeGenerator: Code generated in 15.362236 ms
[2025-09-06T13:45:58.600+0000] {spark_submit.py:579} INFO - 25/09/06 13:45:58 INFO SparkContext: Starting job: jdbc at NativeMethodAccessorImpl.java:0
[2025-09-06T13:45:58.601+0000] {spark_submit.py:579} INFO - 25/09/06 13:45:58 INFO DAGScheduler: Got job 4 (jdbc at NativeMethodAccessorImpl.java:0) with 2 output partitions
[2025-09-06T13:45:58.601+0000] {spark_submit.py:579} INFO - 25/09/06 13:45:58 INFO DAGScheduler: Final stage: ResultStage 4 (jdbc at NativeMethodAccessorImpl.java:0)
[2025-09-06T13:45:58.604+0000] {spark_submit.py:579} INFO - 25/09/06 13:45:58 INFO DAGScheduler: Parents of final stage: List()
[2025-09-06T13:45:58.605+0000] {spark_submit.py:579} INFO - 25/09/06 13:45:58 INFO DAGScheduler: Missing parents: List()
[2025-09-06T13:45:58.605+0000] {spark_submit.py:579} INFO - 25/09/06 13:45:58 INFO DAGScheduler: Submitting ResultStage 4 (MapPartitionsRDD[69] at jdbc at NativeMethodAccessorImpl.java:0), which has no missing parents
[2025-09-06T13:45:58.606+0000] {spark_submit.py:579} INFO - 25/09/06 13:45:58 INFO MemoryStore: Block broadcast_4 stored as values in memory (estimated size 28.1 KiB, free 434.2 MiB)
[2025-09-06T13:45:58.607+0000] {spark_submit.py:579} INFO - 25/09/06 13:45:58 INFO MemoryStore: Block broadcast_4_piece0 stored as bytes in memory (estimated size 12.5 KiB, free 434.2 MiB)
[2025-09-06T13:45:58.608+0000] {spark_submit.py:579} INFO - 25/09/06 13:45:58 INFO SparkContext: Created broadcast 4 from broadcast at DAGScheduler.scala:1676
[2025-09-06T13:45:58.609+0000] {spark_submit.py:579} INFO - 25/09/06 13:45:58 INFO DAGScheduler: Submitting 2 missing tasks from ResultStage 4 (MapPartitionsRDD[69] at jdbc at NativeMethodAccessorImpl.java:0) (first 15 tasks are for partitions Vector(0, 1))
[2025-09-06T13:45:58.609+0000] {spark_submit.py:579} INFO - 25/09/06 13:45:58 INFO TaskSchedulerImpl: Adding task set 4.0 with 2 tasks resource profile 0
[2025-09-06T13:45:58.610+0000] {spark_submit.py:579} INFO - 25/09/06 13:45:58 INFO TaskSetManager: Starting task 0.0 in stage 4.0 (TID 8) (172.18.0.4,executor 0, partition 0, PROCESS_LOCAL, 9868 bytes)
[2025-09-06T13:45:58.610+0000] {spark_submit.py:579} INFO - 25/09/06 13:45:58 INFO TaskSetManager: Starting task 1.0 in stage 4.0 (TID 9) (172.18.0.4,executor 0, partition 1, PROCESS_LOCAL, 10002 bytes)
[2025-09-06T13:45:58.812+0000] {spark_submit.py:579} INFO - 25/09/06 13:45:58 INFO TaskSetManager: Finished task 0.0 in stage 4.0 (TID 8) in 202 ms on 172.18.0.4 (executor 0) (1/2)
[2025-09-06T13:45:59.022+0000] {spark_submit.py:579} INFO - 25/09/06 13:45:59 INFO TaskSetManager: Finished task 1.0 in stage 4.0 (TID 9) in 412 ms on 172.18.0.4 (executor 0) (2/2)
[2025-09-06T13:45:59.022+0000] {spark_submit.py:579} INFO - 25/09/06 13:45:59 INFO TaskSchedulerImpl: Removed TaskSet 4.0 whose tasks have all completed, from pool
[2025-09-06T13:45:59.023+0000] {spark_submit.py:579} INFO - 25/09/06 13:45:59 INFO DAGScheduler: ResultStage 4 (jdbc at NativeMethodAccessorImpl.java:0) finished in 420 ms
[2025-09-06T13:45:59.023+0000] {spark_submit.py:579} INFO - 25/09/06 13:45:59 INFO DAGScheduler: Job 4 is finished. Cancelling potential speculative or zombie tasks for this job
[2025-09-06T13:45:59.024+0000] {spark_submit.py:579} INFO - 25/09/06 13:45:59 INFO TaskSchedulerImpl: Canceling stage 4
[2025-09-06T13:45:59.024+0000] {spark_submit.py:579} INFO - 25/09/06 13:45:59 INFO TaskSchedulerImpl: Killing all running tasks in stage 4: Stage finished
[2025-09-06T13:45:59.024+0000] {spark_submit.py:579} INFO - 25/09/06 13:45:59 INFO DAGScheduler: Job 4 finished: jdbc at NativeMethodAccessorImpl.java:0, took 423.286339 ms
[2025-09-06T13:45:59.505+0000] {spark_submit.py:579} INFO - table kue_daily has been loaded
[2025-09-06T13:45:59.874+0000] {spark_submit.py:579} INFO - 25/09/06 13:45:59 INFO CodeGenerator: Code generated in 12.067079 ms
[2025-09-06T13:45:59.891+0000] {spark_submit.py:579} INFO - 25/09/06 13:45:59 INFO SparkContext: Starting job: jdbc at NativeMethodAccessorImpl.java:0
[2025-09-06T13:45:59.892+0000] {spark_submit.py:579} INFO - 25/09/06 13:45:59 INFO DAGScheduler: Got job 5 (jdbc at NativeMethodAccessorImpl.java:0) with 2 output partitions
[2025-09-06T13:45:59.892+0000] {spark_submit.py:579} INFO - 25/09/06 13:45:59 INFO DAGScheduler: Final stage: ResultStage 5 (jdbc at NativeMethodAccessorImpl.java:0)
[2025-09-06T13:45:59.893+0000] {spark_submit.py:579} INFO - 25/09/06 13:45:59 INFO DAGScheduler: Parents of final stage: List()
[2025-09-06T13:45:59.893+0000] {spark_submit.py:579} INFO - 25/09/06 13:45:59 INFO DAGScheduler: Missing parents: List()
[2025-09-06T13:45:59.893+0000] {spark_submit.py:579} INFO - 25/09/06 13:45:59 INFO DAGScheduler: Submitting ResultStage 5 (MapPartitionsRDD[73] at jdbc at NativeMethodAccessorImpl.java:0), which has no missing parents
[2025-09-06T13:45:59.896+0000] {spark_submit.py:579} INFO - 25/09/06 13:45:59 INFO MemoryStore: Block broadcast_5 stored as values in memory (estimated size 27.1 KiB, free 434.1 MiB)
[2025-09-06T13:45:59.898+0000] {spark_submit.py:579} INFO - 25/09/06 13:45:59 INFO MemoryStore: Block broadcast_5_piece0 stored as bytes in memory (estimated size 12.4 KiB, free 434.1 MiB)
[2025-09-06T13:45:59.899+0000] {spark_submit.py:579} INFO - 25/09/06 13:45:59 INFO SparkContext: Created broadcast 5 from broadcast at DAGScheduler.scala:1676
[2025-09-06T13:45:59.899+0000] {spark_submit.py:579} INFO - 25/09/06 13:45:59 INFO DAGScheduler: Submitting 2 missing tasks from ResultStage 5 (MapPartitionsRDD[73] at jdbc at NativeMethodAccessorImpl.java:0) (first 15 tasks are for partitions Vector(0, 1))
[2025-09-06T13:45:59.900+0000] {spark_submit.py:579} INFO - 25/09/06 13:45:59 INFO TaskSchedulerImpl: Adding task set 5.0 with 2 tasks resource profile 0
[2025-09-06T13:45:59.901+0000] {spark_submit.py:579} INFO - 25/09/06 13:45:59 INFO TaskSetManager: Starting task 0.0 in stage 5.0 (TID 10) (172.18.0.4,executor 0, partition 0, PROCESS_LOCAL, 9868 bytes)
[2025-09-06T13:45:59.902+0000] {spark_submit.py:579} INFO - 25/09/06 13:45:59 INFO TaskSetManager: Starting task 1.0 in stage 5.0 (TID 11) (172.18.0.4,executor 0, partition 1, PROCESS_LOCAL, 10001 bytes)
[2025-09-06T13:46:00.099+0000] {spark_submit.py:579} INFO - 25/09/06 13:46:00 INFO TaskSetManager: Finished task 0.0 in stage 5.0 (TID 10) in 199 ms on 172.18.0.4 (executor 0) (1/2)
[2025-09-06T13:46:00.402+0000] {spark_submit.py:579} INFO - 25/09/06 13:46:00 INFO TaskSetManager: Finished task 1.0 in stage 5.0 (TID 11) in 501 ms on 172.18.0.4 (executor 0) (2/2)
[2025-09-06T13:46:00.408+0000] {spark_submit.py:579} INFO - 25/09/06 13:46:00 INFO TaskSchedulerImpl: Removed TaskSet 5.0 whose tasks have all completed, from pool
[2025-09-06T13:46:00.409+0000] {spark_submit.py:579} INFO - 25/09/06 13:46:00 INFO DAGScheduler: ResultStage 5 (jdbc at NativeMethodAccessorImpl.java:0) finished in 509 ms
[2025-09-06T13:46:00.409+0000] {spark_submit.py:579} INFO - 25/09/06 13:46:00 INFO DAGScheduler: Job 5 is finished. Cancelling potential speculative or zombie tasks for this job
[2025-09-06T13:46:00.409+0000] {spark_submit.py:579} INFO - 25/09/06 13:46:00 INFO TaskSchedulerImpl: Canceling stage 5
[2025-09-06T13:46:00.409+0000] {spark_submit.py:579} INFO - 25/09/06 13:46:00 INFO TaskSchedulerImpl: Killing all running tasks in stage 5: Stage finished
[2025-09-06T13:46:00.410+0000] {spark_submit.py:579} INFO - 25/09/06 13:46:00 INFO DAGScheduler: Job 5 finished: jdbc at NativeMethodAccessorImpl.java:0, took 512.500454 ms
[2025-09-06T13:46:00.791+0000] {spark_submit.py:579} INFO - table kue_rapid has been loaded
[2025-09-06T13:46:01.081+0000] {spark_submit.py:579} INFO - 25/09/06 13:46:01 INFO SparkContext: Starting job: jdbc at NativeMethodAccessorImpl.java:0
[2025-09-06T13:46:01.082+0000] {spark_submit.py:579} INFO - 25/09/06 13:46:01 INFO DAGScheduler: Got job 6 (jdbc at NativeMethodAccessorImpl.java:0) with 2 output partitions
[2025-09-06T13:46:01.082+0000] {spark_submit.py:579} INFO - 25/09/06 13:46:01 INFO DAGScheduler: Final stage: ResultStage 6 (jdbc at NativeMethodAccessorImpl.java:0)
[2025-09-06T13:46:01.083+0000] {spark_submit.py:579} INFO - 25/09/06 13:46:01 INFO DAGScheduler: Parents of final stage: List()
[2025-09-06T13:46:01.083+0000] {spark_submit.py:579} INFO - 25/09/06 13:46:01 INFO DAGScheduler: Missing parents: List()
[2025-09-06T13:46:01.084+0000] {spark_submit.py:579} INFO - 25/09/06 13:46:01 INFO DAGScheduler: Submitting ResultStage 6 (MapPartitionsRDD[77] at jdbc at NativeMethodAccessorImpl.java:0), which has no missing parents
[2025-09-06T13:46:01.085+0000] {spark_submit.py:579} INFO - 25/09/06 13:46:01 INFO MemoryStore: Block broadcast_6 stored as values in memory (estimated size 27.1 KiB, free 434.1 MiB)
[2025-09-06T13:46:01.088+0000] {spark_submit.py:579} INFO - 25/09/06 13:46:01 INFO MemoryStore: Block broadcast_6_piece0 stored as bytes in memory (estimated size 12.4 KiB, free 434.1 MiB)
[2025-09-06T13:46:01.089+0000] {spark_submit.py:579} INFO - 25/09/06 13:46:01 INFO SparkContext: Created broadcast 6 from broadcast at DAGScheduler.scala:1676
[2025-09-06T13:46:01.090+0000] {spark_submit.py:579} INFO - 25/09/06 13:46:01 INFO DAGScheduler: Submitting 2 missing tasks from ResultStage 6 (MapPartitionsRDD[77] at jdbc at NativeMethodAccessorImpl.java:0) (first 15 tasks are for partitions Vector(0, 1))
[2025-09-06T13:46:01.090+0000] {spark_submit.py:579} INFO - 25/09/06 13:46:01 INFO TaskSchedulerImpl: Adding task set 6.0 with 2 tasks resource profile 0
[2025-09-06T13:46:01.091+0000] {spark_submit.py:579} INFO - 25/09/06 13:46:01 INFO TaskSetManager: Starting task 0.0 in stage 6.0 (TID 12) (172.18.0.4,executor 0, partition 0, PROCESS_LOCAL, 9868 bytes)
[2025-09-06T13:46:01.091+0000] {spark_submit.py:579} INFO - 25/09/06 13:46:01 INFO TaskSetManager: Starting task 1.0 in stage 6.0 (TID 13) (172.18.0.4,executor 0, partition 1, PROCESS_LOCAL, 10001 bytes)
[2025-09-06T13:46:01.243+0000] {spark_submit.py:579} INFO - 25/09/06 13:46:01 INFO TaskSetManager: Finished task 0.0 in stage 6.0 (TID 12) in 151 ms on 172.18.0.4 (executor 0) (1/2)
[2025-09-06T13:46:01.552+0000] {spark_submit.py:579} INFO - 25/09/06 13:46:01 INFO TaskSetManager: Finished task 1.0 in stage 6.0 (TID 13) in 460 ms on 172.18.0.4 (executor 0) (2/2)
[2025-09-06T13:46:01.552+0000] {spark_submit.py:579} INFO - 25/09/06 13:46:01 INFO TaskSchedulerImpl: Removed TaskSet 6.0 whose tasks have all completed, from pool
[2025-09-06T13:46:01.553+0000] {spark_submit.py:579} INFO - 25/09/06 13:46:01 INFO DAGScheduler: ResultStage 6 (jdbc at NativeMethodAccessorImpl.java:0) finished in 470 ms
[2025-09-06T13:46:01.553+0000] {spark_submit.py:579} INFO - 25/09/06 13:46:01 INFO DAGScheduler: Job 6 is finished. Cancelling potential speculative or zombie tasks for this job
[2025-09-06T13:46:01.554+0000] {spark_submit.py:579} INFO - 25/09/06 13:46:01 INFO TaskSchedulerImpl: Canceling stage 6
[2025-09-06T13:46:01.554+0000] {spark_submit.py:579} INFO - 25/09/06 13:46:01 INFO TaskSchedulerImpl: Killing all running tasks in stage 6: Stage finished
[2025-09-06T13:46:01.554+0000] {spark_submit.py:579} INFO - 25/09/06 13:46:01 INFO DAGScheduler: Job 6 finished: jdbc at NativeMethodAccessorImpl.java:0, took 472.456233 ms
[2025-09-06T13:46:02.032+0000] {spark_submit.py:579} INFO - table kue_blitz has been loaded
[2025-09-06T13:46:02.311+0000] {spark_submit.py:579} INFO - 25/09/06 13:46:02 INFO CodeGenerator: Code generated in 9.793454 ms
[2025-09-06T13:46:02.336+0000] {spark_submit.py:579} INFO - 25/09/06 13:46:02 INFO SparkContext: Starting job: jdbc at NativeMethodAccessorImpl.java:0
[2025-09-06T13:46:02.337+0000] {spark_submit.py:579} INFO - 25/09/06 13:46:02 INFO DAGScheduler: Got job 7 (jdbc at NativeMethodAccessorImpl.java:0) with 2 output partitions
[2025-09-06T13:46:02.337+0000] {spark_submit.py:579} INFO - 25/09/06 13:46:02 INFO DAGScheduler: Final stage: ResultStage 7 (jdbc at NativeMethodAccessorImpl.java:0)
[2025-09-06T13:46:02.337+0000] {spark_submit.py:579} INFO - 25/09/06 13:46:02 INFO DAGScheduler: Parents of final stage: List()
[2025-09-06T13:46:02.338+0000] {spark_submit.py:579} INFO - 25/09/06 13:46:02 INFO DAGScheduler: Missing parents: List()
[2025-09-06T13:46:02.338+0000] {spark_submit.py:579} INFO - 25/09/06 13:46:02 INFO DAGScheduler: Submitting ResultStage 7 (MapPartitionsRDD[81] at jdbc at NativeMethodAccessorImpl.java:0), which has no missing parents
[2025-09-06T13:46:02.340+0000] {spark_submit.py:579} INFO - 25/09/06 13:46:02 INFO MemoryStore: Block broadcast_7 stored as values in memory (estimated size 25.7 KiB, free 434.1 MiB)
[2025-09-06T13:46:02.341+0000] {spark_submit.py:579} INFO - 25/09/06 13:46:02 INFO MemoryStore: Block broadcast_7_piece0 stored as bytes in memory (estimated size 12.0 KiB, free 434.1 MiB)
[2025-09-06T13:46:02.343+0000] {spark_submit.py:579} INFO - 25/09/06 13:46:02 INFO SparkContext: Created broadcast 7 from broadcast at DAGScheduler.scala:1676
[2025-09-06T13:46:02.344+0000] {spark_submit.py:579} INFO - 25/09/06 13:46:02 INFO DAGScheduler: Submitting 2 missing tasks from ResultStage 7 (MapPartitionsRDD[81] at jdbc at NativeMethodAccessorImpl.java:0) (first 15 tasks are for partitions Vector(0, 1))
[2025-09-06T13:46:02.344+0000] {spark_submit.py:579} INFO - 25/09/06 13:46:02 INFO TaskSchedulerImpl: Adding task set 7.0 with 2 tasks resource profile 0
[2025-09-06T13:46:02.346+0000] {spark_submit.py:579} INFO - 25/09/06 13:46:02 INFO TaskSetManager: Starting task 0.0 in stage 7.0 (TID 14) (172.18.0.4,executor 0, partition 0, PROCESS_LOCAL, 9868 bytes)
[2025-09-06T13:46:02.347+0000] {spark_submit.py:579} INFO - 25/09/06 13:46:02 INFO TaskSetManager: Starting task 1.0 in stage 7.0 (TID 15) (172.18.0.4,executor 0, partition 1, PROCESS_LOCAL, 9927 bytes)
[2025-09-06T13:46:02.528+0000] {spark_submit.py:579} INFO - 25/09/06 13:46:02 INFO TaskSetManager: Finished task 0.0 in stage 7.0 (TID 14) in 183 ms on 172.18.0.4 (executor 0) (1/2)
[2025-09-06T13:46:02.746+0000] {spark_submit.py:579} INFO - 25/09/06 13:46:02 INFO TaskSetManager: Finished task 1.0 in stage 7.0 (TID 15) in 400 ms on 172.18.0.4 (executor 0) (2/2)
[2025-09-06T13:46:02.746+0000] {spark_submit.py:579} INFO - 25/09/06 13:46:02 INFO TaskSchedulerImpl: Removed TaskSet 7.0 whose tasks have all completed, from pool
[2025-09-06T13:46:02.747+0000] {spark_submit.py:579} INFO - 25/09/06 13:46:02 INFO DAGScheduler: ResultStage 7 (jdbc at NativeMethodAccessorImpl.java:0) finished in 409 ms
[2025-09-06T13:46:02.747+0000] {spark_submit.py:579} INFO - 25/09/06 13:46:02 INFO DAGScheduler: Job 7 is finished. Cancelling potential speculative or zombie tasks for this job
[2025-09-06T13:46:02.747+0000] {spark_submit.py:579} INFO - 25/09/06 13:46:02 INFO TaskSchedulerImpl: Canceling stage 7
[2025-09-06T13:46:02.748+0000] {spark_submit.py:579} INFO - 25/09/06 13:46:02 INFO TaskSchedulerImpl: Killing all running tasks in stage 7: Stage finished
[2025-09-06T13:46:02.748+0000] {spark_submit.py:579} INFO - 25/09/06 13:46:02 INFO DAGScheduler: Job 7 finished: jdbc at NativeMethodAccessorImpl.java:0, took 411.55451 ms
[2025-09-06T13:46:03.100+0000] {spark_submit.py:579} INFO - table kue_bullet has been loaded
[2025-09-06T13:46:03.329+0000] {spark_submit.py:579} INFO - 25/09/06 13:46:03 INFO CodeGenerator: Code generated in 7.900641 ms
[2025-09-06T13:46:03.341+0000] {spark_submit.py:579} INFO - 25/09/06 13:46:03 INFO SparkContext: Starting job: jdbc at NativeMethodAccessorImpl.java:0
[2025-09-06T13:46:03.341+0000] {spark_submit.py:579} INFO - 25/09/06 13:46:03 INFO DAGScheduler: Got job 8 (jdbc at NativeMethodAccessorImpl.java:0) with 2 output partitions
[2025-09-06T13:46:03.342+0000] {spark_submit.py:579} INFO - 25/09/06 13:46:03 INFO DAGScheduler: Final stage: ResultStage 8 (jdbc at NativeMethodAccessorImpl.java:0)
[2025-09-06T13:46:03.342+0000] {spark_submit.py:579} INFO - 25/09/06 13:46:03 INFO DAGScheduler: Parents of final stage: List()
[2025-09-06T13:46:03.343+0000] {spark_submit.py:579} INFO - 25/09/06 13:46:03 INFO DAGScheduler: Missing parents: List()
[2025-09-06T13:46:03.343+0000] {spark_submit.py:579} INFO - 25/09/06 13:46:03 INFO DAGScheduler: Submitting ResultStage 8 (MapPartitionsRDD[85] at jdbc at NativeMethodAccessorImpl.java:0), which has no missing parents
[2025-09-06T13:46:03.344+0000] {spark_submit.py:579} INFO - 25/09/06 13:46:03 INFO MemoryStore: Block broadcast_8 stored as values in memory (estimated size 25.3 KiB, free 434.0 MiB)
[2025-09-06T13:46:03.346+0000] {spark_submit.py:579} INFO - 25/09/06 13:46:03 INFO MemoryStore: Block broadcast_8_piece0 stored as bytes in memory (estimated size 12.0 KiB, free 434.0 MiB)
[2025-09-06T13:46:03.348+0000] {spark_submit.py:579} INFO - 25/09/06 13:46:03 INFO SparkContext: Created broadcast 8 from broadcast at DAGScheduler.scala:1676
[2025-09-06T13:46:03.348+0000] {spark_submit.py:579} INFO - 25/09/06 13:46:03 INFO DAGScheduler: Submitting 2 missing tasks from ResultStage 8 (MapPartitionsRDD[85] at jdbc at NativeMethodAccessorImpl.java:0) (first 15 tasks are for partitions Vector(0, 1))
[2025-09-06T13:46:03.348+0000] {spark_submit.py:579} INFO - 25/09/06 13:46:03 INFO TaskSchedulerImpl: Adding task set 8.0 with 2 tasks resource profile 0
[2025-09-06T13:46:03.349+0000] {spark_submit.py:579} INFO - 25/09/06 13:46:03 INFO TaskSetManager: Starting task 0.0 in stage 8.0 (TID 16) (172.18.0.4,executor 0, partition 0, PROCESS_LOCAL, 9868 bytes)
[2025-09-06T13:46:03.349+0000] {spark_submit.py:579} INFO - 25/09/06 13:46:03 INFO TaskSetManager: Starting task 1.0 in stage 8.0 (TID 17) (172.18.0.4,executor 0, partition 1, PROCESS_LOCAL, 9946 bytes)
[2025-09-06T13:46:03.522+0000] {spark_submit.py:579} INFO - 25/09/06 13:46:03 INFO TaskSetManager: Finished task 0.0 in stage 8.0 (TID 16) in 172 ms on 172.18.0.4 (executor 0) (1/2)
[2025-09-06T13:46:03.762+0000] {spark_submit.py:579} INFO - 25/09/06 13:46:03 INFO TaskSetManager: Finished task 1.0 in stage 8.0 (TID 17) in 413 ms on 172.18.0.4 (executor 0) (2/2)
[2025-09-06T13:46:03.763+0000] {spark_submit.py:579} INFO - 25/09/06 13:46:03 INFO TaskSchedulerImpl: Removed TaskSet 8.0 whose tasks have all completed, from pool
[2025-09-06T13:46:03.763+0000] {spark_submit.py:579} INFO - 25/09/06 13:46:03 INFO DAGScheduler: ResultStage 8 (jdbc at NativeMethodAccessorImpl.java:0) finished in 421 ms
[2025-09-06T13:46:03.764+0000] {spark_submit.py:579} INFO - 25/09/06 13:46:03 INFO DAGScheduler: Job 8 is finished. Cancelling potential speculative or zombie tasks for this job
[2025-09-06T13:46:03.764+0000] {spark_submit.py:579} INFO - 25/09/06 13:46:03 INFO TaskSchedulerImpl: Canceling stage 8
[2025-09-06T13:46:03.764+0000] {spark_submit.py:579} INFO - 25/09/06 13:46:03 INFO TaskSchedulerImpl: Killing all running tasks in stage 8: Stage finished
[2025-09-06T13:46:03.764+0000] {spark_submit.py:579} INFO - 25/09/06 13:46:03 INFO DAGScheduler: Job 8 finished: jdbc at NativeMethodAccessorImpl.java:0, took 422.601504 ms
[2025-09-06T13:46:04.190+0000] {spark_submit.py:579} INFO - table kue_tactics has been loaded
[2025-09-06T13:46:04.412+0000] {spark_submit.py:579} INFO - 25/09/06 13:46:04 INFO CodeGenerator: Code generated in 6.453491 ms
[2025-09-06T13:46:04.423+0000] {spark_submit.py:579} INFO - 25/09/06 13:46:04 INFO SparkContext: Starting job: jdbc at NativeMethodAccessorImpl.java:0
[2025-09-06T13:46:04.424+0000] {spark_submit.py:579} INFO - 25/09/06 13:46:04 INFO DAGScheduler: Got job 9 (jdbc at NativeMethodAccessorImpl.java:0) with 2 output partitions
[2025-09-06T13:46:04.424+0000] {spark_submit.py:579} INFO - 25/09/06 13:46:04 INFO DAGScheduler: Final stage: ResultStage 9 (jdbc at NativeMethodAccessorImpl.java:0)
[2025-09-06T13:46:04.425+0000] {spark_submit.py:579} INFO - 25/09/06 13:46:04 INFO DAGScheduler: Parents of final stage: List()
[2025-09-06T13:46:04.426+0000] {spark_submit.py:579} INFO - 25/09/06 13:46:04 INFO DAGScheduler: Missing parents: List()
[2025-09-06T13:46:04.426+0000] {spark_submit.py:579} INFO - 25/09/06 13:46:04 INFO DAGScheduler: Submitting ResultStage 9 (MapPartitionsRDD[89] at jdbc at NativeMethodAccessorImpl.java:0), which has no missing parents
[2025-09-06T13:46:04.427+0000] {spark_submit.py:579} INFO - 25/09/06 13:46:04 INFO MemoryStore: Block broadcast_9 stored as values in memory (estimated size 23.6 KiB, free 434.0 MiB)
[2025-09-06T13:46:04.435+0000] {spark_submit.py:579} INFO - 25/09/06 13:46:04 INFO MemoryStore: Block broadcast_9_piece0 stored as bytes in memory (estimated size 11.4 KiB, free 434.0 MiB)
[2025-09-06T13:46:04.436+0000] {spark_submit.py:579} INFO - 25/09/06 13:46:04 INFO SparkContext: Created broadcast 9 from broadcast at DAGScheduler.scala:1676
[2025-09-06T13:46:04.437+0000] {spark_submit.py:579} INFO - 25/09/06 13:46:04 INFO DAGScheduler: Submitting 2 missing tasks from ResultStage 9 (MapPartitionsRDD[89] at jdbc at NativeMethodAccessorImpl.java:0) (first 15 tasks are for partitions Vector(0, 1))
[2025-09-06T13:46:04.437+0000] {spark_submit.py:579} INFO - 25/09/06 13:46:04 INFO TaskSchedulerImpl: Adding task set 9.0 with 2 tasks resource profile 0
[2025-09-06T13:46:04.438+0000] {spark_submit.py:579} INFO - 25/09/06 13:46:04 INFO TaskSetManager: Starting task 0.0 in stage 9.0 (TID 18) (172.18.0.4,executor 0, partition 0, PROCESS_LOCAL, 9868 bytes)
[2025-09-06T13:46:04.439+0000] {spark_submit.py:579} INFO - 25/09/06 13:46:04 INFO TaskSetManager: Starting task 1.0 in stage 9.0 (TID 19) (172.18.0.4,executor 0, partition 1, PROCESS_LOCAL, 9899 bytes)
[2025-09-06T13:46:04.610+0000] {spark_submit.py:579} INFO - 25/09/06 13:46:04 INFO TaskSetManager: Finished task 0.0 in stage 9.0 (TID 18) in 172 ms on 172.18.0.4 (executor 0) (1/2)
[2025-09-06T13:46:05.030+0000] {spark_submit.py:579} INFO - 25/09/06 13:46:05 INFO TaskSetManager: Finished task 1.0 in stage 9.0 (TID 19) in 591 ms on 172.18.0.4 (executor 0) (2/2)
[2025-09-06T13:46:05.030+0000] {spark_submit.py:579} INFO - 25/09/06 13:46:05 INFO TaskSchedulerImpl: Removed TaskSet 9.0 whose tasks have all completed, from pool
[2025-09-06T13:46:05.031+0000] {spark_submit.py:579} INFO - 25/09/06 13:46:05 INFO DAGScheduler: ResultStage 9 (jdbc at NativeMethodAccessorImpl.java:0) finished in 606 ms
[2025-09-06T13:46:05.031+0000] {spark_submit.py:579} INFO - 25/09/06 13:46:05 INFO DAGScheduler: Job 9 is finished. Cancelling potential speculative or zombie tasks for this job
[2025-09-06T13:46:05.032+0000] {spark_submit.py:579} INFO - 25/09/06 13:46:05 INFO TaskSchedulerImpl: Canceling stage 9
[2025-09-06T13:46:05.032+0000] {spark_submit.py:579} INFO - 25/09/06 13:46:05 INFO TaskSchedulerImpl: Killing all running tasks in stage 9: Stage finished
[2025-09-06T13:46:05.032+0000] {spark_submit.py:579} INFO - 25/09/06 13:46:05 INFO DAGScheduler: Job 9 finished: jdbc at NativeMethodAccessorImpl.java:0, took 608.522928 ms
[2025-09-06T13:46:05.962+0000] {spark_submit.py:579} INFO - table kue_puzzle_rush has been loaded
[2025-09-06T13:46:10.657+0000] {spark_submit.py:579} INFO - 25/09/06 13:46:10 INFO SparkContext: Invoking stop() from shutdown hook
[2025-09-06T13:46:10.658+0000] {spark_submit.py:579} INFO - 25/09/06 13:46:10 INFO SparkContext: SparkContext is stopping with exitCode 0 from run at Executors.java:539.
[2025-09-06T13:46:10.675+0000] {spark_submit.py:579} INFO - 25/09/06 13:46:10 INFO SparkUI: Stopped Spark web UI at http://ac03ab483d89:4040
[2025-09-06T13:46:10.678+0000] {spark_submit.py:579} INFO - 25/09/06 13:46:10 INFO StandaloneSchedulerBackend: Shutting down all executors
[2025-09-06T13:46:10.678+0000] {spark_submit.py:579} INFO - 25/09/06 13:46:10 INFO StandaloneSchedulerBackend$StandaloneDriverEndpoint: Asking each executor to shut down
[2025-09-06T13:46:10.699+0000] {spark_submit.py:579} INFO - 25/09/06 13:46:10 INFO MapOutputTrackerMasterEndpoint: MapOutputTrackerMasterEndpoint stopped!
[2025-09-06T13:46:10.728+0000] {spark_submit.py:579} INFO - 25/09/06 13:46:10 INFO MemoryStore: MemoryStore cleared
[2025-09-06T13:46:10.730+0000] {spark_submit.py:579} INFO - 25/09/06 13:46:10 INFO BlockManager: BlockManager stopped
[2025-09-06T13:46:10.735+0000] {spark_submit.py:579} INFO - 25/09/06 13:46:10 INFO BlockManagerMaster: BlockManagerMaster stopped
[2025-09-06T13:46:10.742+0000] {spark_submit.py:579} INFO - 25/09/06 13:46:10 INFO OutputCommitCoordinator$OutputCommitCoordinatorEndpoint: OutputCommitCoordinator stopped!
[2025-09-06T13:46:10.763+0000] {spark_submit.py:579} INFO - 25/09/06 13:46:10 INFO SparkContext: Successfully stopped SparkContext
[2025-09-06T13:46:10.764+0000] {spark_submit.py:579} INFO - 25/09/06 13:46:10 INFO ShutdownHookManager: Shutdown hook called
[2025-09-06T13:46:10.765+0000] {spark_submit.py:579} INFO - 25/09/06 13:46:10 INFO ShutdownHookManager: Deleting directory /tmp/spark-27fcc7f2-65e1-4e4b-9ec8-b419dddd9cdb
[2025-09-06T13:46:10.774+0000] {spark_submit.py:579} INFO - 25/09/06 13:46:10 INFO ShutdownHookManager: Deleting directory /tmp/spark-54f456fc-7af2-4447-8925-1b1534860ea8
[2025-09-06T13:46:10.788+0000] {spark_submit.py:579} INFO - 25/09/06 13:46:10 INFO ShutdownHookManager: Deleting directory /opt/***/artifacts/spark-e516d2b0-1be6-482c-b9c1-5de74028ff75
[2025-09-06T13:46:10.794+0000] {spark_submit.py:579} INFO - 25/09/06 13:46:10 INFO ShutdownHookManager: Deleting directory /tmp/spark-27fcc7f2-65e1-4e4b-9ec8-b419dddd9cdb/pyspark-53f52c45-2a21-428a-b42b-689b206235ca
[2025-09-06T13:46:10.988+0000] {taskinstance.py:1398} INFO - Marking task as SUCCESS. dag_id=sparking_flow, task_id=python_job, execution_date=20250906T134525, start_date=20250906T134530, end_date=20250906T134610
[2025-09-06T13:46:11.203+0000] {local_task_job_runner.py:228} INFO - Task exited with return code 0
[2025-09-06T13:46:11.336+0000] {taskinstance.py:2776} INFO - 1 downstream tasks scheduled from follow-on schedule check
