[2025-08-13T00:00:05.585+0000] {taskinstance.py:1157} INFO - Dependencies all met for dep_context=non-requeueable deps ti=<TaskInstance: sparking_flow.python_job scheduled__2025-08-12T00:00:00+00:00 [queued]>
[2025-08-13T00:00:05.592+0000] {taskinstance.py:1157} INFO - Dependencies all met for dep_context=requeueable deps ti=<TaskInstance: sparking_flow.python_job scheduled__2025-08-12T00:00:00+00:00 [queued]>
[2025-08-13T00:00:05.592+0000] {taskinstance.py:1359} INFO - Starting attempt 1 of 1
[2025-08-13T00:00:05.603+0000] {taskinstance.py:1380} INFO - Executing <Task(SparkSubmitOperator): python_job> on 2025-08-12 00:00:00+00:00
[2025-08-13T00:00:05.608+0000] {standard_task_runner.py:57} INFO - Started process 12565 to run task
[2025-08-13T00:00:05.612+0000] {standard_task_runner.py:84} INFO - Running: ['***', 'tasks', 'run', 'sparking_flow', 'python_job', 'scheduled__2025-08-12T00:00:00+00:00', '--job-id', '14', '--raw', '--subdir', 'DAGS_FOLDER/spark_***.py', '--cfg-path', '/tmp/tmpa0n0hjjg']
[2025-08-13T00:00:05.615+0000] {standard_task_runner.py:85} INFO - Job 14: Subtask python_job
[2025-08-13T00:00:05.686+0000] {task_command.py:415} INFO - Running <TaskInstance: sparking_flow.python_job scheduled__2025-08-12T00:00:00+00:00 [running]> on host cd1679119d2d
[2025-08-13T00:00:05.767+0000] {taskinstance.py:1660} INFO - Exporting env vars: AIRFLOW_CTX_DAG_OWNER='Yusuf Ganiyu' AIRFLOW_CTX_DAG_ID='sparking_flow' AIRFLOW_CTX_TASK_ID='python_job' AIRFLOW_CTX_EXECUTION_DATE='2025-08-12T00:00:00+00:00' AIRFLOW_CTX_TRY_NUMBER='1' AIRFLOW_CTX_DAG_RUN_ID='scheduled__2025-08-12T00:00:00+00:00'
[2025-08-13T00:00:05.781+0000] {base.py:73} INFO - Using connection ID 'spark-conn' for task execution.
[2025-08-13T00:00:05.782+0000] {spark_submit.py:403} INFO - Spark-Submit cmd: spark-submit --master spark://spark-master:7077 --jars /opt/spark/external-jars/apache-spark-sql-connector.jar --name arrow-spark --deploy-mode client jobs/python/wordcountjob.py
[2025-08-13T00:00:06.711+0000] {spark_submit.py:579} INFO - WARNING: Using incubator modules: jdk.incubator.vector
[2025-08-13T00:00:08.923+0000] {spark_submit.py:579} INFO - 25/08/13 00:00:08 WARN NativeCodeLoader: Unable to load native-hadoop library for your platform... using builtin-java classes where applicable
[2025-08-13T00:00:12.663+0000] {spark_submit.py:579} INFO - Using Spark's default log4j profile: org/apache/spark/log4j2-defaults.properties
[2025-08-13T00:00:12.671+0000] {spark_submit.py:579} INFO - 25/08/13 00:00:12 INFO SparkContext: Running Spark version 4.0.0
[2025-08-13T00:00:12.674+0000] {spark_submit.py:579} INFO - 25/08/13 00:00:12 INFO SparkContext: OS info Linux, 6.6.87.2-microsoft-standard-WSL2, amd64
[2025-08-13T00:00:12.675+0000] {spark_submit.py:579} INFO - 25/08/13 00:00:12 INFO SparkContext: Java version 17.0.15
[2025-08-13T00:00:12.706+0000] {spark_submit.py:579} INFO - 25/08/13 00:00:12 INFO ResourceUtils: ==============================================================
[2025-08-13T00:00:12.706+0000] {spark_submit.py:579} INFO - 25/08/13 00:00:12 INFO ResourceUtils: No custom resources configured for spark.driver.
[2025-08-13T00:00:12.708+0000] {spark_submit.py:579} INFO - 25/08/13 00:00:12 INFO ResourceUtils: ==============================================================
[2025-08-13T00:00:12.708+0000] {spark_submit.py:579} INFO - 25/08/13 00:00:12 INFO SparkContext: Submitted application: PythonWordCount
[2025-08-13T00:00:12.740+0000] {spark_submit.py:579} INFO - 25/08/13 00:00:12 INFO ResourceProfile: Default ResourceProfile created, executor resources: Map(memory -> name: memory, amount: 1024, script: , vendor: , offHeap -> name: offHeap, amount: 0, script: , vendor: ), task resources: Map(cpus -> name: cpus, amount: 1.0)
[2025-08-13T00:00:12.743+0000] {spark_submit.py:579} INFO - 25/08/13 00:00:12 INFO ResourceProfile: Limiting resource is cpu
[2025-08-13T00:00:12.744+0000] {spark_submit.py:579} INFO - 25/08/13 00:00:12 INFO ResourceProfileManager: Added ResourceProfile id: 0
[2025-08-13T00:00:12.795+0000] {spark_submit.py:579} INFO - 25/08/13 00:00:12 INFO SecurityManager: Changing view acls to: ***
[2025-08-13T00:00:12.796+0000] {spark_submit.py:579} INFO - 25/08/13 00:00:12 INFO SecurityManager: Changing modify acls to: ***
[2025-08-13T00:00:12.798+0000] {spark_submit.py:579} INFO - 25/08/13 00:00:12 INFO SecurityManager: Changing view acls groups to: ***
[2025-08-13T00:00:12.798+0000] {spark_submit.py:579} INFO - 25/08/13 00:00:12 INFO SecurityManager: Changing modify acls groups to: ***
[2025-08-13T00:00:12.801+0000] {spark_submit.py:579} INFO - 25/08/13 00:00:12 INFO SecurityManager: SecurityManager: authentication disabled; ui acls disabled; users with view permissions: *** groups with view permissions: EMPTY; users with modify permissions: ***; groups with modify permissions: EMPTY; RPC SSL disabled
[2025-08-13T00:00:13.061+0000] {spark_submit.py:579} INFO - 25/08/13 00:00:13 INFO Utils: Successfully started service 'sparkDriver' on port 42187.
[2025-08-13T00:00:13.099+0000] {spark_submit.py:579} INFO - 25/08/13 00:00:13 INFO SparkEnv: Registering MapOutputTracker
[2025-08-13T00:00:13.112+0000] {spark_submit.py:579} INFO - 25/08/13 00:00:13 INFO SparkEnv: Registering BlockManagerMaster
[2025-08-13T00:00:13.139+0000] {spark_submit.py:579} INFO - 25/08/13 00:00:13 INFO BlockManagerMasterEndpoint: Using org.apache.spark.storage.DefaultTopologyMapper for getting topology information
[2025-08-13T00:00:13.139+0000] {spark_submit.py:579} INFO - 25/08/13 00:00:13 INFO BlockManagerMasterEndpoint: BlockManagerMasterEndpoint up
[2025-08-13T00:00:13.143+0000] {spark_submit.py:579} INFO - 25/08/13 00:00:13 INFO SparkEnv: Registering BlockManagerMasterHeartbeat
[2025-08-13T00:00:13.183+0000] {spark_submit.py:579} INFO - 25/08/13 00:00:13 INFO DiskBlockManager: Created local directory at /tmp/blockmgr-f1295ccf-e01b-4127-a0d9-1209703a5c1a
[2025-08-13T00:00:13.208+0000] {spark_submit.py:579} INFO - 25/08/13 00:00:13 INFO SparkEnv: Registering OutputCommitCoordinator
[2025-08-13T00:00:13.438+0000] {spark_submit.py:579} INFO - 25/08/13 00:00:13 INFO JettyUtils: Start Jetty 0.0.0.0:4040 for SparkUI
[2025-08-13T00:00:13.510+0000] {spark_submit.py:579} INFO - 25/08/13 00:00:13 INFO Utils: Successfully started service 'SparkUI' on port 4040.
[2025-08-13T00:00:13.780+0000] {spark_submit.py:579} INFO - 25/08/13 00:00:13 INFO SparkContext: Added JAR file:///opt/spark/external-jars/apache-spark-sql-connector.jar at spark://cd1679119d2d:42187/jars/apache-spark-sql-connector.jar with timestamp 1755043212654
[2025-08-13T00:00:13.805+0000] {spark_submit.py:579} INFO - 25/08/13 00:00:13 INFO SecurityManager: Changing view acls to: ***
[2025-08-13T00:00:13.805+0000] {spark_submit.py:579} INFO - 25/08/13 00:00:13 INFO SecurityManager: Changing modify acls to: ***
[2025-08-13T00:00:13.806+0000] {spark_submit.py:579} INFO - 25/08/13 00:00:13 INFO SecurityManager: Changing view acls groups to: ***
[2025-08-13T00:00:13.807+0000] {spark_submit.py:579} INFO - 25/08/13 00:00:13 INFO SecurityManager: Changing modify acls groups to: ***
[2025-08-13T00:00:13.807+0000] {spark_submit.py:579} INFO - 25/08/13 00:00:13 INFO SecurityManager: SecurityManager: authentication disabled; ui acls disabled; users with view permissions: *** groups with view permissions: EMPTY; users with modify permissions: ***; groups with modify permissions: EMPTY; RPC SSL disabled
[2025-08-13T00:00:13.979+0000] {spark_submit.py:579} INFO - 25/08/13 00:00:13 INFO StandaloneAppClient$ClientEndpoint: Connecting to master spark://spark-master:7077...
[2025-08-13T00:00:14.034+0000] {spark_submit.py:579} INFO - 25/08/13 00:00:14 INFO TransportClientFactory: Successfully created connection to spark-master/172.18.0.3:7077 after 25 ms (0 ms spent in bootstraps)
[2025-08-13T00:00:15.606+0000] {spark_submit.py:579} INFO - 25/08/13 00:00:15 INFO StandaloneSchedulerBackend: Connected to Spark cluster with app ID app-20250813000015-0005
[2025-08-13T00:00:15.618+0000] {spark_submit.py:579} INFO - 25/08/13 00:00:15 INFO Utils: Successfully started service 'org.apache.spark.network.netty.NettyBlockTransferService' on port 41003.
[2025-08-13T00:00:15.622+0000] {spark_submit.py:579} INFO - 25/08/13 00:00:15 INFO NettyBlockTransferService: Server created on cd1679119d2d:41003
[2025-08-13T00:00:15.623+0000] {spark_submit.py:579} INFO - 25/08/13 00:00:15 INFO BlockManager: Using org.apache.spark.storage.RandomBlockReplicationPolicy for block replication policy
[2025-08-13T00:00:15.637+0000] {spark_submit.py:579} INFO - 25/08/13 00:00:15 INFO BlockManagerMaster: Registering BlockManager BlockManagerId(driver, cd1679119d2d, 41003, None)
[2025-08-13T00:00:15.644+0000] {spark_submit.py:579} INFO - 25/08/13 00:00:15 INFO BlockManagerMasterEndpoint: Registering block manager cd1679119d2d:41003 with 434.4 MiB RAM, BlockManagerId(driver, cd1679119d2d, 41003, None)
[2025-08-13T00:00:15.647+0000] {spark_submit.py:579} INFO - 25/08/13 00:00:15 INFO BlockManagerMaster: Registered BlockManager BlockManagerId(driver, cd1679119d2d, 41003, None)
[2025-08-13T00:00:15.648+0000] {spark_submit.py:579} INFO - 25/08/13 00:00:15 INFO BlockManager: Initialized BlockManager: BlockManagerId(driver, cd1679119d2d, 41003, None)
[2025-08-13T00:00:15.767+0000] {spark_submit.py:579} INFO - 25/08/13 00:00:15 INFO StandaloneSchedulerBackend: SchedulerBackend is ready for scheduling beginning after reached minRegisteredResourcesRatio: 0.0
[2025-08-13T00:00:15.768+0000] {spark_submit.py:579} INFO - 25/08/13 00:00:15 INFO StandaloneAppClient$ClientEndpoint: Executor added: app-20250813000015-0005/0 on worker-20250812044909-172.18.0.5-44209 (172.18.0.5:44209) with 2 core(s)
[2025-08-13T00:00:15.769+0000] {spark_submit.py:579} INFO - 25/08/13 00:00:15 INFO StandaloneSchedulerBackend: Granted executor ID app-20250813000015-0005/0 on hostPort 172.18.0.5:44209 with 2 core(s), 1024.0 MiB RAM
[2025-08-13T00:00:18.371+0000] {spark_submit.py:579} INFO - 25/08/13 00:00:18 INFO StandaloneAppClient$ClientEndpoint: Executor updated: app-20250813000015-0005/0 is now RUNNING
[2025-08-13T00:00:19.200+0000] {spark_submit.py:579} INFO - dict_keys(['daily', 'daily960', 'live_rapid', 'live_blitz', 'live_bullet', 'live_bughouse', 'live_blitz960', 'live_threecheck', 'live_crazyhouse', 'live_kingofthehill', 'tactics', 'rush', 'battle'])
[2025-08-13T00:00:19.338+0000] {spark_submit.py:579} INFO - 25/08/13 00:00:19 INFO SharedState: Setting hive.metastore.warehouse.dir ('null') to the value of spark.sql.warehouse.dir.
[2025-08-13T00:00:19.341+0000] {spark_submit.py:579} INFO - 25/08/13 00:00:19 INFO SharedState: Warehouse path is 'file:/opt/***/spark-warehouse'.
[2025-08-13T00:00:23.866+0000] {spark_submit.py:579} INFO - 25/08/13 00:00:23 WARN SparkStringUtils: Truncated the string representation of a plan since it was too large. This behavior can be adjusted by setting 'spark.sql.debug.maxToStringFields'.
[2025-08-13T00:00:24.726+0000] {spark_submit.py:579} INFO - 25/08/13 00:00:24 INFO CodeGenerator: Code generated in 324.191948 ms
[2025-08-13T00:00:24.869+0000] {spark_submit.py:579} INFO - 25/08/13 00:00:24 INFO SparkContext: Starting job: jdbc at NativeMethodAccessorImpl.java:0
[2025-08-13T00:00:24.903+0000] {spark_submit.py:579} INFO - 25/08/13 00:00:24 INFO DAGScheduler: Got job 0 (jdbc at NativeMethodAccessorImpl.java:0) with 2 output partitions
[2025-08-13T00:00:24.911+0000] {spark_submit.py:579} INFO - 25/08/13 00:00:24 INFO StandaloneSchedulerBackend$StandaloneDriverEndpoint: Registered executor NettyRpcEndpointRef(spark-client://Executor) (172.18.0.5:53448) with ID 0, ResourceProfileId 0
[2025-08-13T00:00:24.916+0000] {spark_submit.py:579} INFO - 25/08/13 00:00:24 INFO DAGScheduler: Final stage: ResultStage 0 (jdbc at NativeMethodAccessorImpl.java:0)
[2025-08-13T00:00:24.917+0000] {spark_submit.py:579} INFO - 25/08/13 00:00:24 INFO DAGScheduler: Parents of final stage: List()
[2025-08-13T00:00:24.921+0000] {spark_submit.py:579} INFO - 25/08/13 00:00:24 INFO DAGScheduler: Missing parents: List()
[2025-08-13T00:00:24.926+0000] {spark_submit.py:579} INFO - 25/08/13 00:00:24 INFO DAGScheduler: Submitting ResultStage 0 (MapPartitionsRDD[23] at jdbc at NativeMethodAccessorImpl.java:0), which has no missing parents
[2025-08-13T00:00:25.048+0000] {spark_submit.py:579} INFO - 25/08/13 00:00:25 INFO MemoryStore: MemoryStore started with capacity 434.4 MiB
[2025-08-13T00:00:25.119+0000] {spark_submit.py:579} INFO - 25/08/13 00:00:25 INFO MemoryStore: Block broadcast_0 stored as values in memory (estimated size 32.4 KiB, free 434.4 MiB)
[2025-08-13T00:00:25.237+0000] {spark_submit.py:579} INFO - 25/08/13 00:00:25 INFO MemoryStore: Block broadcast_0_piece0 stored as bytes in memory (estimated size 13.7 KiB, free 434.4 MiB)
[2025-08-13T00:00:25.249+0000] {spark_submit.py:579} INFO - 25/08/13 00:00:25 INFO SparkContext: Created broadcast 0 from broadcast at DAGScheduler.scala:1676
[2025-08-13T00:00:25.272+0000] {spark_submit.py:579} INFO - 25/08/13 00:00:25 INFO DAGScheduler: Submitting 2 missing tasks from ResultStage 0 (MapPartitionsRDD[23] at jdbc at NativeMethodAccessorImpl.java:0) (first 15 tasks are for partitions Vector(0, 1))
[2025-08-13T00:00:25.284+0000] {spark_submit.py:579} INFO - 25/08/13 00:00:25 INFO TaskSchedulerImpl: Adding task set 0.0 with 2 tasks resource profile 0
[2025-08-13T00:00:25.349+0000] {spark_submit.py:579} INFO - 25/08/13 00:00:25 INFO BlockManagerMasterEndpoint: Registering block manager 172.18.0.5:44067 with 434.4 MiB RAM, BlockManagerId(0, 172.18.0.5, 44067, None)
[2025-08-13T00:00:25.608+0000] {spark_submit.py:579} INFO - 25/08/13 00:00:25 INFO TaskSetManager: Starting task 0.0 in stage 0.0 (TID 0) (172.18.0.5,executor 0, partition 0, PROCESS_LOCAL, 17627 bytes)
[2025-08-13T00:00:25.611+0000] {spark_submit.py:579} INFO - 25/08/13 00:00:25 INFO TaskSetManager: Starting task 1.0 in stage 0.0 (TID 1) (172.18.0.5,executor 0, partition 1, PROCESS_LOCAL, 17429 bytes)
[2025-08-13T00:00:29.165+0000] {spark_submit.py:579} INFO - 25/08/13 00:00:29 INFO TaskSetManager: Finished task 1.0 in stage 0.0 (TID 1) in 3551 ms on 172.18.0.5 (executor 0) (1/2)
[2025-08-13T00:00:29.166+0000] {spark_submit.py:579} INFO - 25/08/13 00:00:29 INFO TaskSetManager: Finished task 0.0 in stage 0.0 (TID 0) in 3568 ms on 172.18.0.5 (executor 0) (2/2)
[2025-08-13T00:00:29.167+0000] {spark_submit.py:579} INFO - 25/08/13 00:00:29 INFO TaskSchedulerImpl: Removed TaskSet 0.0 whose tasks have all completed, from pool
[2025-08-13T00:00:29.171+0000] {spark_submit.py:579} INFO - 25/08/13 00:00:29 INFO PythonAccumulatorV2: Connected to AccumulatorServer at host: 127.0.0.1 port: 58995
[2025-08-13T00:00:29.182+0000] {spark_submit.py:579} INFO - 25/08/13 00:00:29 INFO DAGScheduler: ResultStage 0 (jdbc at NativeMethodAccessorImpl.java:0) finished in 4209 ms
[2025-08-13T00:00:29.185+0000] {spark_submit.py:579} INFO - 25/08/13 00:00:29 INFO DAGScheduler: Job 0 is finished. Cancelling potential speculative or zombie tasks for this job
[2025-08-13T00:00:29.186+0000] {spark_submit.py:579} INFO - 25/08/13 00:00:29 INFO TaskSchedulerImpl: Canceling stage 0
[2025-08-13T00:00:29.187+0000] {spark_submit.py:579} INFO - 25/08/13 00:00:29 INFO TaskSchedulerImpl: Killing all running tasks in stage 0: Stage finished
[2025-08-13T00:00:29.190+0000] {spark_submit.py:579} INFO - 25/08/13 00:00:29 INFO DAGScheduler: Job 0 finished: jdbc at NativeMethodAccessorImpl.java:0, took 4319.832934 ms
[2025-08-13T00:00:29.318+0000] {spark_submit.py:579} INFO - table daily has been loaded
[2025-08-13T00:00:29.456+0000] {spark_submit.py:579} INFO - 25/08/13 00:00:29 INFO SparkContext: Starting job: jdbc at NativeMethodAccessorImpl.java:0
[2025-08-13T00:00:29.457+0000] {spark_submit.py:579} INFO - 25/08/13 00:00:29 INFO DAGScheduler: Got job 1 (jdbc at NativeMethodAccessorImpl.java:0) with 2 output partitions
[2025-08-13T00:00:29.457+0000] {spark_submit.py:579} INFO - 25/08/13 00:00:29 INFO DAGScheduler: Final stage: ResultStage 1 (jdbc at NativeMethodAccessorImpl.java:0)
[2025-08-13T00:00:29.457+0000] {spark_submit.py:579} INFO - 25/08/13 00:00:29 INFO DAGScheduler: Parents of final stage: List()
[2025-08-13T00:00:29.458+0000] {spark_submit.py:579} INFO - 25/08/13 00:00:29 INFO DAGScheduler: Missing parents: List()
[2025-08-13T00:00:29.459+0000] {spark_submit.py:579} INFO - 25/08/13 00:00:29 INFO DAGScheduler: Submitting ResultStage 1 (MapPartitionsRDD[27] at jdbc at NativeMethodAccessorImpl.java:0), which has no missing parents
[2025-08-13T00:00:29.462+0000] {spark_submit.py:579} INFO - 25/08/13 00:00:29 INFO MemoryStore: Block broadcast_1 stored as values in memory (estimated size 32.5 KiB, free 434.4 MiB)
[2025-08-13T00:00:29.469+0000] {spark_submit.py:579} INFO - 25/08/13 00:00:29 INFO MemoryStore: Block broadcast_1_piece0 stored as bytes in memory (estimated size 13.7 KiB, free 434.4 MiB)
[2025-08-13T00:00:29.470+0000] {spark_submit.py:579} INFO - 25/08/13 00:00:29 INFO SparkContext: Created broadcast 1 from broadcast at DAGScheduler.scala:1676
[2025-08-13T00:00:29.471+0000] {spark_submit.py:579} INFO - 25/08/13 00:00:29 INFO DAGScheduler: Submitting 2 missing tasks from ResultStage 1 (MapPartitionsRDD[27] at jdbc at NativeMethodAccessorImpl.java:0) (first 15 tasks are for partitions Vector(0, 1))
[2025-08-13T00:00:29.471+0000] {spark_submit.py:579} INFO - 25/08/13 00:00:29 INFO TaskSchedulerImpl: Adding task set 1.0 with 2 tasks resource profile 0
[2025-08-13T00:00:29.473+0000] {spark_submit.py:579} INFO - 25/08/13 00:00:29 INFO TaskSetManager: Starting task 0.0 in stage 1.0 (TID 2) (172.18.0.5,executor 0, partition 0, PROCESS_LOCAL, 17951 bytes)
[2025-08-13T00:00:29.474+0000] {spark_submit.py:579} INFO - 25/08/13 00:00:29 INFO TaskSetManager: Starting task 1.0 in stage 1.0 (TID 3) (172.18.0.5,executor 0, partition 1, PROCESS_LOCAL, 17934 bytes)
[2025-08-13T00:00:29.688+0000] {spark_submit.py:579} INFO - 25/08/13 00:00:29 INFO TaskSetManager: Finished task 0.0 in stage 1.0 (TID 2) in 215 ms on 172.18.0.5 (executor 0) (1/2)
[2025-08-13T00:00:29.697+0000] {spark_submit.py:579} INFO - 25/08/13 00:00:29 INFO TaskSetManager: Finished task 1.0 in stage 1.0 (TID 3) in 224 ms on 172.18.0.5 (executor 0) (2/2)
[2025-08-13T00:00:29.697+0000] {spark_submit.py:579} INFO - 25/08/13 00:00:29 INFO TaskSchedulerImpl: Removed TaskSet 1.0 whose tasks have all completed, from pool
[2025-08-13T00:00:29.698+0000] {spark_submit.py:579} INFO - 25/08/13 00:00:29 INFO DAGScheduler: ResultStage 1 (jdbc at NativeMethodAccessorImpl.java:0) finished in 239 ms
[2025-08-13T00:00:29.699+0000] {spark_submit.py:579} INFO - 25/08/13 00:00:29 INFO DAGScheduler: Job 1 is finished. Cancelling potential speculative or zombie tasks for this job
[2025-08-13T00:00:29.699+0000] {spark_submit.py:579} INFO - 25/08/13 00:00:29 INFO TaskSchedulerImpl: Canceling stage 1
[2025-08-13T00:00:29.700+0000] {spark_submit.py:579} INFO - 25/08/13 00:00:29 INFO TaskSchedulerImpl: Killing all running tasks in stage 1: Stage finished
[2025-08-13T00:00:29.700+0000] {spark_submit.py:579} INFO - 25/08/13 00:00:29 INFO DAGScheduler: Job 1 finished: jdbc at NativeMethodAccessorImpl.java:0, took 243.58894 ms
[2025-08-13T00:00:29.753+0000] {spark_submit.py:579} INFO - table live_rapid has been loaded
[2025-08-13T00:00:29.852+0000] {spark_submit.py:579} INFO - 25/08/13 00:00:29 INFO SparkContext: Starting job: jdbc at NativeMethodAccessorImpl.java:0
[2025-08-13T00:00:29.853+0000] {spark_submit.py:579} INFO - 25/08/13 00:00:29 INFO DAGScheduler: Got job 2 (jdbc at NativeMethodAccessorImpl.java:0) with 2 output partitions
[2025-08-13T00:00:29.853+0000] {spark_submit.py:579} INFO - 25/08/13 00:00:29 INFO DAGScheduler: Final stage: ResultStage 2 (jdbc at NativeMethodAccessorImpl.java:0)
[2025-08-13T00:00:29.853+0000] {spark_submit.py:579} INFO - 25/08/13 00:00:29 INFO DAGScheduler: Parents of final stage: List()
[2025-08-13T00:00:29.854+0000] {spark_submit.py:579} INFO - 25/08/13 00:00:29 INFO DAGScheduler: Missing parents: List()
[2025-08-13T00:00:29.854+0000] {spark_submit.py:579} INFO - 25/08/13 00:00:29 INFO DAGScheduler: Submitting ResultStage 2 (MapPartitionsRDD[31] at jdbc at NativeMethodAccessorImpl.java:0), which has no missing parents
[2025-08-13T00:00:29.857+0000] {spark_submit.py:579} INFO - 25/08/13 00:00:29 INFO MemoryStore: Block broadcast_2 stored as values in memory (estimated size 32.5 KiB, free 434.3 MiB)
[2025-08-13T00:00:29.878+0000] {spark_submit.py:579} INFO - 25/08/13 00:00:29 INFO MemoryStore: Block broadcast_2_piece0 stored as bytes in memory (estimated size 13.7 KiB, free 434.3 MiB)
[2025-08-13T00:00:29.881+0000] {spark_submit.py:579} INFO - 25/08/13 00:00:29 INFO SparkContext: Created broadcast 2 from broadcast at DAGScheduler.scala:1676
[2025-08-13T00:00:29.882+0000] {spark_submit.py:579} INFO - 25/08/13 00:00:29 INFO DAGScheduler: Submitting 2 missing tasks from ResultStage 2 (MapPartitionsRDD[31] at jdbc at NativeMethodAccessorImpl.java:0) (first 15 tasks are for partitions Vector(0, 1))
[2025-08-13T00:00:29.883+0000] {spark_submit.py:579} INFO - 25/08/13 00:00:29 INFO TaskSchedulerImpl: Adding task set 2.0 with 2 tasks resource profile 0
[2025-08-13T00:00:29.884+0000] {spark_submit.py:579} INFO - 25/08/13 00:00:29 INFO TaskSetManager: Starting task 0.0 in stage 2.0 (TID 4) (172.18.0.5,executor 0, partition 0, PROCESS_LOCAL, 18069 bytes)
[2025-08-13T00:00:29.885+0000] {spark_submit.py:579} INFO - 25/08/13 00:00:29 INFO TaskSetManager: Starting task 1.0 in stage 2.0 (TID 5) (172.18.0.5,executor 0, partition 1, PROCESS_LOCAL, 18168 bytes)
[2025-08-13T00:00:30.084+0000] {spark_submit.py:579} INFO - 25/08/13 00:00:30 INFO TaskSetManager: Finished task 1.0 in stage 2.0 (TID 5) in 199 ms on 172.18.0.5 (executor 0) (1/2)
[2025-08-13T00:00:30.086+0000] {spark_submit.py:579} INFO - 25/08/13 00:00:30 INFO TaskSetManager: Finished task 0.0 in stage 2.0 (TID 4) in 200 ms on 172.18.0.5 (executor 0) (2/2)
[2025-08-13T00:00:30.087+0000] {spark_submit.py:579} INFO - 25/08/13 00:00:30 INFO TaskSchedulerImpl: Removed TaskSet 2.0 whose tasks have all completed, from pool
[2025-08-13T00:00:30.087+0000] {spark_submit.py:579} INFO - 25/08/13 00:00:30 INFO DAGScheduler: ResultStage 2 (jdbc at NativeMethodAccessorImpl.java:0) finished in 231 ms
[2025-08-13T00:00:30.088+0000] {spark_submit.py:579} INFO - 25/08/13 00:00:30 INFO DAGScheduler: Job 2 is finished. Cancelling potential speculative or zombie tasks for this job
[2025-08-13T00:00:30.088+0000] {spark_submit.py:579} INFO - 25/08/13 00:00:30 INFO TaskSchedulerImpl: Canceling stage 2
[2025-08-13T00:00:30.089+0000] {spark_submit.py:579} INFO - 25/08/13 00:00:30 INFO TaskSchedulerImpl: Killing all running tasks in stage 2: Stage finished
[2025-08-13T00:00:30.089+0000] {spark_submit.py:579} INFO - 25/08/13 00:00:30 INFO DAGScheduler: Job 2 finished: jdbc at NativeMethodAccessorImpl.java:0, took 235.710031 ms
[2025-08-13T00:00:30.159+0000] {spark_submit.py:579} INFO - table live_blitz has been loaded
[2025-08-13T00:00:30.328+0000] {spark_submit.py:579} INFO - 25/08/13 00:00:30 INFO SparkContext: Starting job: jdbc at NativeMethodAccessorImpl.java:0
[2025-08-13T00:00:30.329+0000] {spark_submit.py:579} INFO - 25/08/13 00:00:30 INFO DAGScheduler: Got job 3 (jdbc at NativeMethodAccessorImpl.java:0) with 2 output partitions
[2025-08-13T00:00:30.330+0000] {spark_submit.py:579} INFO - 25/08/13 00:00:30 INFO DAGScheduler: Final stage: ResultStage 3 (jdbc at NativeMethodAccessorImpl.java:0)
[2025-08-13T00:00:30.330+0000] {spark_submit.py:579} INFO - 25/08/13 00:00:30 INFO DAGScheduler: Parents of final stage: List()
[2025-08-13T00:00:30.331+0000] {spark_submit.py:579} INFO - 25/08/13 00:00:30 INFO DAGScheduler: Missing parents: List()
[2025-08-13T00:00:30.332+0000] {spark_submit.py:579} INFO - 25/08/13 00:00:30 INFO DAGScheduler: Submitting ResultStage 3 (MapPartitionsRDD[35] at jdbc at NativeMethodAccessorImpl.java:0), which has no missing parents
[2025-08-13T00:00:30.336+0000] {spark_submit.py:579} INFO - 25/08/13 00:00:30 INFO MemoryStore: Block broadcast_3 stored as values in memory (estimated size 32.5 KiB, free 434.3 MiB)
[2025-08-13T00:00:30.354+0000] {spark_submit.py:579} INFO - 25/08/13 00:00:30 INFO MemoryStore: Block broadcast_3_piece0 stored as bytes in memory (estimated size 13.7 KiB, free 434.3 MiB)
[2025-08-13T00:00:30.356+0000] {spark_submit.py:579} INFO - 25/08/13 00:00:30 INFO SparkContext: Created broadcast 3 from broadcast at DAGScheduler.scala:1676
[2025-08-13T00:00:30.358+0000] {spark_submit.py:579} INFO - 25/08/13 00:00:30 INFO DAGScheduler: Submitting 2 missing tasks from ResultStage 3 (MapPartitionsRDD[35] at jdbc at NativeMethodAccessorImpl.java:0) (first 15 tasks are for partitions Vector(0, 1))
[2025-08-13T00:00:30.360+0000] {spark_submit.py:579} INFO - 25/08/13 00:00:30 INFO TaskSchedulerImpl: Adding task set 3.0 with 2 tasks resource profile 0
[2025-08-13T00:00:30.362+0000] {spark_submit.py:579} INFO - 25/08/13 00:00:30 INFO TaskSetManager: Starting task 0.0 in stage 3.0 (TID 6) (172.18.0.5,executor 0, partition 0, PROCESS_LOCAL, 18105 bytes)
[2025-08-13T00:00:30.363+0000] {spark_submit.py:579} INFO - 25/08/13 00:00:30 INFO TaskSetManager: Starting task 1.0 in stage 3.0 (TID 7) (172.18.0.5,executor 0, partition 1, PROCESS_LOCAL, 18051 bytes)
[2025-08-13T00:00:30.573+0000] {spark_submit.py:579} INFO - 25/08/13 00:00:30 INFO TaskSetManager: Finished task 1.0 in stage 3.0 (TID 7) in 211 ms on 172.18.0.5 (executor 0) (1/2)
[2025-08-13T00:00:30.574+0000] {spark_submit.py:579} INFO - 25/08/13 00:00:30 INFO TaskSetManager: Finished task 0.0 in stage 3.0 (TID 6) in 212 ms on 172.18.0.5 (executor 0) (2/2)
[2025-08-13T00:00:30.574+0000] {spark_submit.py:579} INFO - 25/08/13 00:00:30 INFO TaskSchedulerImpl: Removed TaskSet 3.0 whose tasks have all completed, from pool
[2025-08-13T00:00:30.574+0000] {spark_submit.py:579} INFO - 25/08/13 00:00:30 INFO DAGScheduler: ResultStage 3 (jdbc at NativeMethodAccessorImpl.java:0) finished in 242 ms
[2025-08-13T00:00:30.575+0000] {spark_submit.py:579} INFO - 25/08/13 00:00:30 INFO DAGScheduler: Job 3 is finished. Cancelling potential speculative or zombie tasks for this job
[2025-08-13T00:00:30.579+0000] {spark_submit.py:579} INFO - 25/08/13 00:00:30 INFO TaskSchedulerImpl: Canceling stage 3
[2025-08-13T00:00:30.579+0000] {spark_submit.py:579} INFO - 25/08/13 00:00:30 INFO TaskSchedulerImpl: Killing all running tasks in stage 3: Stage finished
[2025-08-13T00:00:30.580+0000] {spark_submit.py:579} INFO - 25/08/13 00:00:30 INFO DAGScheduler: Job 3 finished: jdbc at NativeMethodAccessorImpl.java:0, took 247.447089 ms
[2025-08-13T00:00:30.635+0000] {spark_submit.py:579} INFO - table live_bullet has been loaded
[2025-08-13T00:00:31.170+0000] {spark_submit.py:579} INFO - 25/08/13 00:00:31 INFO SparkContext: Invoking stop() from shutdown hook
[2025-08-13T00:00:31.171+0000] {spark_submit.py:579} INFO - 25/08/13 00:00:31 INFO SparkContext: SparkContext is stopping with exitCode 0 from run at Executors.java:539.
[2025-08-13T00:00:31.188+0000] {spark_submit.py:579} INFO - 25/08/13 00:00:31 INFO SparkUI: Stopped Spark web UI at http://cd1679119d2d:4040
[2025-08-13T00:00:31.192+0000] {spark_submit.py:579} INFO - 25/08/13 00:00:31 INFO StandaloneSchedulerBackend: Shutting down all executors
[2025-08-13T00:00:31.194+0000] {spark_submit.py:579} INFO - 25/08/13 00:00:31 INFO StandaloneSchedulerBackend$StandaloneDriverEndpoint: Asking each executor to shut down
[2025-08-13T00:00:31.220+0000] {spark_submit.py:579} INFO - 25/08/13 00:00:31 INFO MapOutputTrackerMasterEndpoint: MapOutputTrackerMasterEndpoint stopped!
[2025-08-13T00:00:31.308+0000] {spark_submit.py:579} INFO - 25/08/13 00:00:31 INFO MemoryStore: MemoryStore cleared
[2025-08-13T00:00:31.309+0000] {spark_submit.py:579} INFO - 25/08/13 00:00:31 INFO BlockManager: BlockManager stopped
[2025-08-13T00:00:31.311+0000] {spark_submit.py:579} INFO - 25/08/13 00:00:31 INFO BlockManagerMaster: BlockManagerMaster stopped
[2025-08-13T00:00:31.313+0000] {spark_submit.py:579} INFO - 25/08/13 00:00:31 INFO OutputCommitCoordinator$OutputCommitCoordinatorEndpoint: OutputCommitCoordinator stopped!
[2025-08-13T00:00:31.342+0000] {spark_submit.py:579} INFO - 25/08/13 00:00:31 INFO SparkContext: Successfully stopped SparkContext
[2025-08-13T00:00:31.343+0000] {spark_submit.py:579} INFO - 25/08/13 00:00:31 INFO ShutdownHookManager: Shutdown hook called
[2025-08-13T00:00:31.343+0000] {spark_submit.py:579} INFO - 25/08/13 00:00:31 INFO ShutdownHookManager: Deleting directory /opt/***/artifacts/spark-7ffe07a8-575a-40a3-be94-7da246c7a65e
[2025-08-13T00:00:31.369+0000] {spark_submit.py:579} INFO - 25/08/13 00:00:31 INFO ShutdownHookManager: Deleting directory /tmp/spark-ee837961-e03f-4b80-84c4-dbec36bee4b7
[2025-08-13T00:00:31.393+0000] {spark_submit.py:579} INFO - 25/08/13 00:00:31 INFO ShutdownHookManager: Deleting directory /tmp/spark-ee837961-e03f-4b80-84c4-dbec36bee4b7/pyspark-dedf01b1-439d-42ed-ae65-e3dc9179635e
[2025-08-13T00:00:31.420+0000] {spark_submit.py:579} INFO - 25/08/13 00:00:31 INFO ShutdownHookManager: Deleting directory /tmp/spark-87037b65-ce24-45cc-a259-5718d7f79e24
[2025-08-13T00:00:31.600+0000] {taskinstance.py:1398} INFO - Marking task as SUCCESS. dag_id=sparking_flow, task_id=python_job, execution_date=20250812T000000, start_date=20250813T000005, end_date=20250813T000031
[2025-08-13T00:00:31.696+0000] {local_task_job_runner.py:228} INFO - Task exited with return code 0
[2025-08-13T00:00:31.759+0000] {taskinstance.py:2776} INFO - 1 downstream tasks scheduled from follow-on schedule check
