[2025-08-11T00:00:05.228+0000] {taskinstance.py:1157} INFO - Dependencies all met for dep_context=non-requeueable deps ti=<TaskInstance: sparking_flow.python_job scheduled__2025-08-10T00:00:00+00:00 [queued]>
[2025-08-11T00:00:05.235+0000] {taskinstance.py:1157} INFO - Dependencies all met for dep_context=requeueable deps ti=<TaskInstance: sparking_flow.python_job scheduled__2025-08-10T00:00:00+00:00 [queued]>
[2025-08-11T00:00:05.236+0000] {taskinstance.py:1359} INFO - Starting attempt 1 of 1
[2025-08-11T00:00:05.256+0000] {taskinstance.py:1380} INFO - Executing <Task(SparkSubmitOperator): python_job> on 2025-08-10 00:00:00+00:00
[2025-08-11T00:00:05.260+0000] {standard_task_runner.py:57} INFO - Started process 6092 to run task
[2025-08-11T00:00:05.264+0000] {standard_task_runner.py:84} INFO - Running: ['***', 'tasks', 'run', 'sparking_flow', 'python_job', 'scheduled__2025-08-10T00:00:00+00:00', '--job-id', '9', '--raw', '--subdir', 'DAGS_FOLDER/spark_***.py', '--cfg-path', '/tmp/tmpllvk71en']
[2025-08-11T00:00:05.267+0000] {standard_task_runner.py:85} INFO - Job 9: Subtask python_job
[2025-08-11T00:00:05.339+0000] {task_command.py:415} INFO - Running <TaskInstance: sparking_flow.python_job scheduled__2025-08-10T00:00:00+00:00 [running]> on host dab662e4aa8d
[2025-08-11T00:00:05.421+0000] {taskinstance.py:1660} INFO - Exporting env vars: AIRFLOW_CTX_DAG_OWNER='Yusuf Ganiyu' AIRFLOW_CTX_DAG_ID='sparking_flow' AIRFLOW_CTX_TASK_ID='python_job' AIRFLOW_CTX_EXECUTION_DATE='2025-08-10T00:00:00+00:00' AIRFLOW_CTX_TRY_NUMBER='1' AIRFLOW_CTX_DAG_RUN_ID='scheduled__2025-08-10T00:00:00+00:00'
[2025-08-11T00:00:05.435+0000] {base.py:73} INFO - Using connection ID 'spark-conn' for task execution.
[2025-08-11T00:00:05.436+0000] {spark_submit.py:403} INFO - Spark-Submit cmd: spark-submit --master spark://spark-master:7077 --jars /opt/spark/external-jars/mssql-jdbc-12.10.1.jre17.jar --name arrow-spark --deploy-mode client jobs/python/wordcountjob.py
[2025-08-11T00:00:06.279+0000] {spark_submit.py:579} INFO - WARNING: Using incubator modules: jdk.incubator.vector
[2025-08-11T00:00:07.934+0000] {spark_submit.py:579} INFO - 25/08/11 00:00:07 WARN NativeCodeLoader: Unable to load native-hadoop library for your platform... using builtin-java classes where applicable
[2025-08-11T00:00:08.089+0000] {spark_submit.py:579} INFO - Using Spark's default log4j profile: org/apache/spark/log4j2-defaults.properties
[2025-08-11T00:00:08.093+0000] {spark_submit.py:579} INFO - 25/08/11 00:00:08 WARN DependencyUtils: Local jar /opt/spark/external-jars/mssql-jdbc-12.10.1.jre17.jar does not exist, skipping.
[2025-08-11T00:00:11.199+0000] {spark_submit.py:579} INFO - 25/08/11 00:00:11 INFO SparkContext: Running Spark version 4.0.0
[2025-08-11T00:00:11.203+0000] {spark_submit.py:579} INFO - 25/08/11 00:00:11 INFO SparkContext: OS info Linux, 6.6.87.2-microsoft-standard-WSL2, amd64
[2025-08-11T00:00:11.204+0000] {spark_submit.py:579} INFO - 25/08/11 00:00:11 INFO SparkContext: Java version 17.0.15
[2025-08-11T00:00:11.232+0000] {spark_submit.py:579} INFO - 25/08/11 00:00:11 INFO ResourceUtils: ==============================================================
[2025-08-11T00:00:11.233+0000] {spark_submit.py:579} INFO - 25/08/11 00:00:11 INFO ResourceUtils: No custom resources configured for spark.driver.
[2025-08-11T00:00:11.233+0000] {spark_submit.py:579} INFO - 25/08/11 00:00:11 INFO ResourceUtils: ==============================================================
[2025-08-11T00:00:11.234+0000] {spark_submit.py:579} INFO - 25/08/11 00:00:11 INFO SparkContext: Submitted application: PythonWordCount
[2025-08-11T00:00:11.266+0000] {spark_submit.py:579} INFO - 25/08/11 00:00:11 INFO ResourceProfile: Default ResourceProfile created, executor resources: Map(memory -> name: memory, amount: 1024, script: , vendor: , offHeap -> name: offHeap, amount: 0, script: , vendor: ), task resources: Map(cpus -> name: cpus, amount: 1.0)
[2025-08-11T00:00:11.269+0000] {spark_submit.py:579} INFO - 25/08/11 00:00:11 INFO ResourceProfile: Limiting resource is cpu
[2025-08-11T00:00:11.270+0000] {spark_submit.py:579} INFO - 25/08/11 00:00:11 INFO ResourceProfileManager: Added ResourceProfile id: 0
[2025-08-11T00:00:11.340+0000] {spark_submit.py:579} INFO - 25/08/11 00:00:11 INFO SecurityManager: Changing view acls to: ***
[2025-08-11T00:00:11.342+0000] {spark_submit.py:579} INFO - 25/08/11 00:00:11 INFO SecurityManager: Changing modify acls to: ***
[2025-08-11T00:00:11.343+0000] {spark_submit.py:579} INFO - 25/08/11 00:00:11 INFO SecurityManager: Changing view acls groups to: ***
[2025-08-11T00:00:11.344+0000] {spark_submit.py:579} INFO - 25/08/11 00:00:11 INFO SecurityManager: Changing modify acls groups to: ***
[2025-08-11T00:00:11.347+0000] {spark_submit.py:579} INFO - 25/08/11 00:00:11 INFO SecurityManager: SecurityManager: authentication disabled; ui acls disabled; users with view permissions: *** groups with view permissions: EMPTY; users with modify permissions: ***; groups with modify permissions: EMPTY; RPC SSL disabled
[2025-08-11T00:00:11.662+0000] {spark_submit.py:579} INFO - 25/08/11 00:00:11 INFO Utils: Successfully started service 'sparkDriver' on port 43123.
[2025-08-11T00:00:11.699+0000] {spark_submit.py:579} INFO - 25/08/11 00:00:11 INFO SparkEnv: Registering MapOutputTracker
[2025-08-11T00:00:11.723+0000] {spark_submit.py:579} INFO - 25/08/11 00:00:11 INFO SparkEnv: Registering BlockManagerMaster
[2025-08-11T00:00:11.761+0000] {spark_submit.py:579} INFO - 25/08/11 00:00:11 INFO BlockManagerMasterEndpoint: Using org.apache.spark.storage.DefaultTopologyMapper for getting topology information
[2025-08-11T00:00:11.762+0000] {spark_submit.py:579} INFO - 25/08/11 00:00:11 INFO BlockManagerMasterEndpoint: BlockManagerMasterEndpoint up
[2025-08-11T00:00:11.767+0000] {spark_submit.py:579} INFO - 25/08/11 00:00:11 INFO SparkEnv: Registering BlockManagerMasterHeartbeat
[2025-08-11T00:00:11.812+0000] {spark_submit.py:579} INFO - 25/08/11 00:00:11 INFO DiskBlockManager: Created local directory at /tmp/blockmgr-ecb93c3d-e7f8-44fb-8774-537d04817979
[2025-08-11T00:00:11.841+0000] {spark_submit.py:579} INFO - 25/08/11 00:00:11 INFO SparkEnv: Registering OutputCommitCoordinator
[2025-08-11T00:00:12.003+0000] {spark_submit.py:579} INFO - 25/08/11 00:00:12 INFO JettyUtils: Start Jetty 0.0.0.0:4040 for SparkUI
[2025-08-11T00:00:12.080+0000] {spark_submit.py:579} INFO - 25/08/11 00:00:12 INFO Utils: Successfully started service 'SparkUI' on port 4040.
[2025-08-11T00:00:12.116+0000] {spark_submit.py:579} INFO - 25/08/11 00:00:12 ERROR SparkContext: Failed to add file:/opt/spark/external-jars/mssql-jdbc-12.10.1.jre17.jar to Spark environment
[2025-08-11T00:00:12.116+0000] {spark_submit.py:579} INFO - java.io.FileNotFoundException: Jar /opt/spark/external-jars/mssql-jdbc-12.10.1.jre17.jar not found
[2025-08-11T00:00:12.119+0000] {spark_submit.py:579} INFO - at org.apache.spark.SparkContext.addLocalJarFile$1(SparkContext.scala:2174)
[2025-08-11T00:00:12.120+0000] {spark_submit.py:579} INFO - at org.apache.spark.SparkContext.addJar(SparkContext.scala:2230)
[2025-08-11T00:00:12.120+0000] {spark_submit.py:579} INFO - at org.apache.spark.SparkContext.$anonfun$new$15(SparkContext.scala:538)
[2025-08-11T00:00:12.120+0000] {spark_submit.py:579} INFO - at org.apache.spark.SparkContext.$anonfun$new$15$adapted(SparkContext.scala:538)
[2025-08-11T00:00:12.121+0000] {spark_submit.py:579} INFO - at scala.collection.IterableOnceOps.foreach(IterableOnce.scala:619)
[2025-08-11T00:00:12.121+0000] {spark_submit.py:579} INFO - at scala.collection.IterableOnceOps.foreach$(IterableOnce.scala:617)
[2025-08-11T00:00:12.121+0000] {spark_submit.py:579} INFO - at scala.collection.AbstractIterable.foreach(Iterable.scala:935)
[2025-08-11T00:00:12.121+0000] {spark_submit.py:579} INFO - at org.apache.spark.SparkContext.<init>(SparkContext.scala:538)
[2025-08-11T00:00:12.122+0000] {spark_submit.py:579} INFO - at org.apache.spark.api.java.JavaSparkContext.<init>(JavaSparkContext.scala:59)
[2025-08-11T00:00:12.122+0000] {spark_submit.py:579} INFO - at java.base/jdk.internal.reflect.NativeConstructorAccessorImpl.newInstance0(Native Method)
[2025-08-11T00:00:12.122+0000] {spark_submit.py:579} INFO - at java.base/jdk.internal.reflect.NativeConstructorAccessorImpl.newInstance(NativeConstructorAccessorImpl.java:77)
[2025-08-11T00:00:12.123+0000] {spark_submit.py:579} INFO - at java.base/jdk.internal.reflect.DelegatingConstructorAccessorImpl.newInstance(DelegatingConstructorAccessorImpl.java:45)
[2025-08-11T00:00:12.123+0000] {spark_submit.py:579} INFO - at java.base/java.lang.reflect.Constructor.newInstanceWithCaller(Constructor.java:500)
[2025-08-11T00:00:12.123+0000] {spark_submit.py:579} INFO - at java.base/java.lang.reflect.Constructor.newInstance(Constructor.java:481)
[2025-08-11T00:00:12.124+0000] {spark_submit.py:579} INFO - at py4j.reflection.MethodInvoker.invoke(MethodInvoker.java:247)
[2025-08-11T00:00:12.124+0000] {spark_submit.py:579} INFO - at py4j.reflection.ReflectionEngine.invoke(ReflectionEngine.java:374)
[2025-08-11T00:00:12.124+0000] {spark_submit.py:579} INFO - at py4j.Gateway.invoke(Gateway.java:238)
[2025-08-11T00:00:12.124+0000] {spark_submit.py:579} INFO - at py4j.commands.ConstructorCommand.invokeConstructor(ConstructorCommand.java:80)
[2025-08-11T00:00:12.125+0000] {spark_submit.py:579} INFO - at py4j.commands.ConstructorCommand.execute(ConstructorCommand.java:69)
[2025-08-11T00:00:12.125+0000] {spark_submit.py:579} INFO - at py4j.ClientServerConnection.waitForCommands(ClientServerConnection.java:184)
[2025-08-11T00:00:12.125+0000] {spark_submit.py:579} INFO - at py4j.ClientServerConnection.run(ClientServerConnection.java:108)
[2025-08-11T00:00:12.125+0000] {spark_submit.py:579} INFO - at java.base/java.lang.Thread.run(Thread.java:840)
[2025-08-11T00:00:12.136+0000] {spark_submit.py:579} INFO - 25/08/11 00:00:12 INFO SecurityManager: Changing view acls to: ***
[2025-08-11T00:00:12.137+0000] {spark_submit.py:579} INFO - 25/08/11 00:00:12 INFO SecurityManager: Changing modify acls to: ***
[2025-08-11T00:00:12.137+0000] {spark_submit.py:579} INFO - 25/08/11 00:00:12 INFO SecurityManager: Changing view acls groups to: ***
[2025-08-11T00:00:12.138+0000] {spark_submit.py:579} INFO - 25/08/11 00:00:12 INFO SecurityManager: Changing modify acls groups to: ***
[2025-08-11T00:00:12.138+0000] {spark_submit.py:579} INFO - 25/08/11 00:00:12 INFO SecurityManager: SecurityManager: authentication disabled; ui acls disabled; users with view permissions: *** groups with view permissions: EMPTY; users with modify permissions: ***; groups with modify permissions: EMPTY; RPC SSL disabled
[2025-08-11T00:00:12.465+0000] {spark_submit.py:579} INFO - 25/08/11 00:00:12 INFO StandaloneAppClient$ClientEndpoint: Connecting to master spark://spark-master:7077...
[2025-08-11T00:00:12.592+0000] {spark_submit.py:579} INFO - 25/08/11 00:00:12 INFO TransportClientFactory: Successfully created connection to spark-master/172.18.0.2:7077 after 65 ms (0 ms spent in bootstraps)
[2025-08-11T00:00:13.228+0000] {spark_submit.py:579} INFO - 25/08/11 00:00:13 INFO StandaloneSchedulerBackend: Connected to Spark cluster with app ID app-20250811000013-0003
[2025-08-11T00:00:13.239+0000] {spark_submit.py:579} INFO - 25/08/11 00:00:13 INFO Utils: Successfully started service 'org.apache.spark.network.netty.NettyBlockTransferService' on port 40823.
[2025-08-11T00:00:13.240+0000] {spark_submit.py:579} INFO - 25/08/11 00:00:13 INFO NettyBlockTransferService: Server created on dab662e4aa8d:40823
[2025-08-11T00:00:13.241+0000] {spark_submit.py:579} INFO - 25/08/11 00:00:13 INFO BlockManager: Using org.apache.spark.storage.RandomBlockReplicationPolicy for block replication policy
[2025-08-11T00:00:13.261+0000] {spark_submit.py:579} INFO - 25/08/11 00:00:13 INFO BlockManagerMaster: Registering BlockManager BlockManagerId(driver, dab662e4aa8d, 40823, None)
[2025-08-11T00:00:13.268+0000] {spark_submit.py:579} INFO - 25/08/11 00:00:13 INFO BlockManagerMasterEndpoint: Registering block manager dab662e4aa8d:40823 with 434.4 MiB RAM, BlockManagerId(driver, dab662e4aa8d, 40823, None)
[2025-08-11T00:00:13.273+0000] {spark_submit.py:579} INFO - 25/08/11 00:00:13 INFO BlockManagerMaster: Registered BlockManager BlockManagerId(driver, dab662e4aa8d, 40823, None)
[2025-08-11T00:00:13.274+0000] {spark_submit.py:579} INFO - 25/08/11 00:00:13 INFO BlockManager: Initialized BlockManager: BlockManagerId(driver, dab662e4aa8d, 40823, None)
[2025-08-11T00:00:13.277+0000] {spark_submit.py:579} INFO - 25/08/11 00:00:13 INFO StandaloneAppClient$ClientEndpoint: Executor added: app-20250811000013-0003/0 on worker-20250810150056-172.18.0.4-35517 (172.18.0.4:35517) with 2 core(s)
[2025-08-11T00:00:13.284+0000] {spark_submit.py:579} INFO - 25/08/11 00:00:13 INFO StandaloneSchedulerBackend: Granted executor ID app-20250811000013-0003/0 on hostPort 172.18.0.4:35517 with 2 core(s), 1024.0 MiB RAM
[2025-08-11T00:00:13.446+0000] {spark_submit.py:579} INFO - 25/08/11 00:00:13 INFO StandaloneSchedulerBackend: SchedulerBackend is ready for scheduling beginning after reached minRegisteredResourcesRatio: 0.0
[2025-08-11T00:00:15.275+0000] {spark_submit.py:579} INFO - 25/08/11 00:00:15 INFO StandaloneAppClient$ClientEndpoint: Executor updated: app-20250811000013-0003/0 is now RUNNING
[2025-08-11T00:00:17.342+0000] {spark_submit.py:579} INFO - dict_keys(['daily', 'daily960', 'live_rapid', 'live_blitz', 'live_bullet', 'live_bughouse', 'live_blitz960', 'live_threecheck', 'live_crazyhouse', 'live_kingofthehill', 'tactics', 'rush', 'battle'])
[2025-08-11T00:00:17.379+0000] {spark_submit.py:579} INFO - 25/08/11 00:00:17 INFO SharedState: Setting hive.metastore.warehouse.dir ('null') to the value of spark.sql.warehouse.dir.
[2025-08-11T00:00:17.382+0000] {spark_submit.py:579} INFO - 25/08/11 00:00:17 INFO SharedState: Warehouse path is 'file:/opt/***/spark-warehouse'.
[2025-08-11T00:00:18.757+0000] {spark_submit.py:579} INFO - 25/08/11 00:00:18 INFO StandaloneSchedulerBackend$StandaloneDriverEndpoint: Registered executor NettyRpcEndpointRef(spark-client://Executor) (172.18.0.4:37922) with ID 0, ResourceProfileId 0
[2025-08-11T00:00:18.924+0000] {spark_submit.py:579} INFO - 25/08/11 00:00:18 INFO BlockManagerMasterEndpoint: Registering block manager 172.18.0.4:42153 with 434.4 MiB RAM, BlockManagerId(0, 172.18.0.4, 42153, None)
[2025-08-11T00:00:19.368+0000] {spark_submit.py:579} INFO - Traceback (most recent call last):
[2025-08-11T00:00:19.369+0000] {spark_submit.py:579} INFO - File "/opt/***/jobs/python/wordcountjob.py", line 84, in <module>
[2025-08-11T00:00:19.373+0000] {spark_submit.py:579} INFO - write_data(daily,"daily")
[2025-08-11T00:00:19.373+0000] {spark_submit.py:579} INFO - File "/opt/***/jobs/python/wordcountjob.py", line 80, in write_data
[2025-08-11T00:00:19.375+0000] {spark_submit.py:579} INFO - df.write.mode("overwrite").jdbc(url=jdbc_url, table=f"dbo.{table}", properties=properties)
[2025-08-11T00:00:19.376+0000] {spark_submit.py:579} INFO - File "/home/***/.local/lib/python3.10/site-packages/pyspark/python/lib/pyspark.zip/pyspark/sql/readwriter.py", line 2347, in jdbc
[2025-08-11T00:00:19.376+0000] {spark_submit.py:579} INFO - File "/home/***/.local/lib/python3.10/site-packages/pyspark/python/lib/py4j-0.10.9.9-src.zip/py4j/java_gateway.py", line 1362, in __call__
[2025-08-11T00:00:19.377+0000] {spark_submit.py:579} INFO - File "/home/***/.local/lib/python3.10/site-packages/pyspark/python/lib/pyspark.zip/pyspark/errors/exceptions/captured.py", line 282, in deco
[2025-08-11T00:00:19.378+0000] {spark_submit.py:579} INFO - File "/home/***/.local/lib/python3.10/site-packages/pyspark/python/lib/py4j-0.10.9.9-src.zip/py4j/protocol.py", line 327, in get_return_value
[2025-08-11T00:00:19.424+0000] {spark_submit.py:579} INFO - py4j.protocol.Py4JJavaError: An error occurred while calling o138.jdbc.
[2025-08-11T00:00:19.425+0000] {spark_submit.py:579} INFO - : java.lang.ClassNotFoundException: com.microsoft.sqlserver.jdbc.SQLServerDriver
[2025-08-11T00:00:19.425+0000] {spark_submit.py:579} INFO - at java.base/java.net.URLClassLoader.findClass(URLClassLoader.java:445)
[2025-08-11T00:00:19.425+0000] {spark_submit.py:579} INFO - at java.base/java.lang.ClassLoader.loadClass(ClassLoader.java:592)
[2025-08-11T00:00:19.426+0000] {spark_submit.py:579} INFO - at java.base/java.lang.ClassLoader.loadClass(ClassLoader.java:525)
[2025-08-11T00:00:19.426+0000] {spark_submit.py:579} INFO - at org.apache.spark.sql.execution.datasources.jdbc.DriverRegistry$.register(DriverRegistry.scala:47)
[2025-08-11T00:00:19.426+0000] {spark_submit.py:579} INFO - at org.apache.spark.sql.execution.datasources.jdbc.JDBCOptions.$anonfun$driverClass$1(JDBCOptions.scala:112)
[2025-08-11T00:00:19.426+0000] {spark_submit.py:579} INFO - at org.apache.spark.sql.execution.datasources.jdbc.JDBCOptions.$anonfun$driverClass$1$adapted(JDBCOptions.scala:112)
[2025-08-11T00:00:19.427+0000] {spark_submit.py:579} INFO - at scala.Option.foreach(Option.scala:437)
[2025-08-11T00:00:19.427+0000] {spark_submit.py:579} INFO - at org.apache.spark.sql.execution.datasources.jdbc.JDBCOptions.<init>(JDBCOptions.scala:112)
[2025-08-11T00:00:19.427+0000] {spark_submit.py:579} INFO - at org.apache.spark.sql.execution.datasources.jdbc.JdbcOptionsInWrite.<init>(JDBCOptions.scala:272)
[2025-08-11T00:00:19.427+0000] {spark_submit.py:579} INFO - at org.apache.spark.sql.execution.datasources.jdbc.JdbcOptionsInWrite.<init>(JDBCOptions.scala:276)
[2025-08-11T00:00:19.428+0000] {spark_submit.py:579} INFO - at org.apache.spark.sql.execution.datasources.jdbc.JdbcRelationProvider.createRelation(JdbcRelationProvider.scala:48)
[2025-08-11T00:00:19.428+0000] {spark_submit.py:579} INFO - at org.apache.spark.sql.execution.datasources.SaveIntoDataSourceCommand.run(SaveIntoDataSourceCommand.scala:55)
[2025-08-11T00:00:19.428+0000] {spark_submit.py:579} INFO - at org.apache.spark.sql.execution.command.ExecutedCommandExec.sideEffectResult$lzycompute(commands.scala:79)
[2025-08-11T00:00:19.428+0000] {spark_submit.py:579} INFO - at org.apache.spark.sql.execution.command.ExecutedCommandExec.sideEffectResult(commands.scala:77)
[2025-08-11T00:00:19.429+0000] {spark_submit.py:579} INFO - at org.apache.spark.sql.execution.command.ExecutedCommandExec.executeCollect(commands.scala:88)
[2025-08-11T00:00:19.429+0000] {spark_submit.py:579} INFO - at org.apache.spark.sql.execution.QueryExecution.$anonfun$eagerlyExecuteCommands$2(QueryExecution.scala:155)
[2025-08-11T00:00:19.429+0000] {spark_submit.py:579} INFO - at org.apache.spark.sql.execution.SQLExecution$.$anonfun$withNewExecutionId0$8(SQLExecution.scala:162)
[2025-08-11T00:00:19.430+0000] {spark_submit.py:579} INFO - at org.apache.spark.sql.execution.SQLExecution$.withSessionTagsApplied(SQLExecution.scala:268)
[2025-08-11T00:00:19.430+0000] {spark_submit.py:579} INFO - at org.apache.spark.sql.execution.SQLExecution$.$anonfun$withNewExecutionId0$7(SQLExecution.scala:124)
[2025-08-11T00:00:19.430+0000] {spark_submit.py:579} INFO - at org.apache.spark.JobArtifactSet$.withActiveJobArtifactState(JobArtifactSet.scala:94)
[2025-08-11T00:00:19.430+0000] {spark_submit.py:579} INFO - at org.apache.spark.sql.artifact.ArtifactManager.$anonfun$withResources$1(ArtifactManager.scala:112)
[2025-08-11T00:00:19.431+0000] {spark_submit.py:579} INFO - at org.apache.spark.sql.artifact.ArtifactManager.withClassLoaderIfNeeded(ArtifactManager.scala:106)
[2025-08-11T00:00:19.431+0000] {spark_submit.py:579} INFO - at org.apache.spark.sql.artifact.ArtifactManager.withResources(ArtifactManager.scala:111)
[2025-08-11T00:00:19.431+0000] {spark_submit.py:579} INFO - at org.apache.spark.sql.execution.SQLExecution$.$anonfun$withNewExecutionId0$6(SQLExecution.scala:124)
[2025-08-11T00:00:19.431+0000] {spark_submit.py:579} INFO - at org.apache.spark.sql.execution.SQLExecution$.withSQLConfPropagated(SQLExecution.scala:291)
[2025-08-11T00:00:19.432+0000] {spark_submit.py:579} INFO - at org.apache.spark.sql.execution.SQLExecution$.$anonfun$withNewExecutionId0$1(SQLExecution.scala:123)
[2025-08-11T00:00:19.432+0000] {spark_submit.py:579} INFO - at org.apache.spark.sql.SparkSession.withActive(SparkSession.scala:804)
[2025-08-11T00:00:19.432+0000] {spark_submit.py:579} INFO - at org.apache.spark.sql.execution.SQLExecution$.withNewExecutionId0(SQLExecution.scala:77)
[2025-08-11T00:00:19.433+0000] {spark_submit.py:579} INFO - at org.apache.spark.sql.execution.SQLExecution$.withNewExecutionId(SQLExecution.scala:233)
[2025-08-11T00:00:19.433+0000] {spark_submit.py:579} INFO - at org.apache.spark.sql.execution.QueryExecution.$anonfun$eagerlyExecuteCommands$1(QueryExecution.scala:155)
[2025-08-11T00:00:19.433+0000] {spark_submit.py:579} INFO - at org.apache.spark.sql.execution.QueryExecution$.withInternalError(QueryExecution.scala:654)
[2025-08-11T00:00:19.434+0000] {spark_submit.py:579} INFO - at org.apache.spark.sql.execution.QueryExecution.org$apache$spark$sql$execution$QueryExecution$$eagerlyExecute$1(QueryExecution.scala:154)
[2025-08-11T00:00:19.434+0000] {spark_submit.py:579} INFO - at org.apache.spark.sql.execution.QueryExecution$$anonfun$eagerlyExecuteCommands$3.applyOrElse(QueryExecution.scala:169)
[2025-08-11T00:00:19.434+0000] {spark_submit.py:579} INFO - at org.apache.spark.sql.execution.QueryExecution$$anonfun$eagerlyExecuteCommands$3.applyOrElse(QueryExecution.scala:164)
[2025-08-11T00:00:19.434+0000] {spark_submit.py:579} INFO - at org.apache.spark.sql.catalyst.trees.TreeNode.$anonfun$transformDownWithPruning$1(TreeNode.scala:470)
[2025-08-11T00:00:19.435+0000] {spark_submit.py:579} INFO - at org.apache.spark.sql.catalyst.trees.CurrentOrigin$.withOrigin(origin.scala:86)
[2025-08-11T00:00:19.435+0000] {spark_submit.py:579} INFO - at org.apache.spark.sql.catalyst.trees.TreeNode.transformDownWithPruning(TreeNode.scala:470)
[2025-08-11T00:00:19.435+0000] {spark_submit.py:579} INFO - at org.apache.spark.sql.catalyst.plans.logical.LogicalPlan.org$apache$spark$sql$catalyst$plans$logical$AnalysisHelper$$super$transformDownWithPruning(LogicalPlan.scala:37)
[2025-08-11T00:00:19.435+0000] {spark_submit.py:579} INFO - at org.apache.spark.sql.catalyst.plans.logical.AnalysisHelper.transformDownWithPruning(AnalysisHelper.scala:360)
[2025-08-11T00:00:19.436+0000] {spark_submit.py:579} INFO - at org.apache.spark.sql.catalyst.plans.logical.AnalysisHelper.transformDownWithPruning$(AnalysisHelper.scala:356)
[2025-08-11T00:00:19.436+0000] {spark_submit.py:579} INFO - at org.apache.spark.sql.catalyst.plans.logical.LogicalPlan.transformDownWithPruning(LogicalPlan.scala:37)
[2025-08-11T00:00:19.436+0000] {spark_submit.py:579} INFO - at org.apache.spark.sql.catalyst.plans.logical.LogicalPlan.transformDownWithPruning(LogicalPlan.scala:37)
[2025-08-11T00:00:19.437+0000] {spark_submit.py:579} INFO - at org.apache.spark.sql.catalyst.trees.TreeNode.transformDown(TreeNode.scala:446)
[2025-08-11T00:00:19.438+0000] {spark_submit.py:579} INFO - at org.apache.spark.sql.execution.QueryExecution.eagerlyExecuteCommands(QueryExecution.scala:164)
[2025-08-11T00:00:19.438+0000] {spark_submit.py:579} INFO - at org.apache.spark.sql.execution.QueryExecution.$anonfun$lazyCommandExecuted$1(QueryExecution.scala:126)
[2025-08-11T00:00:19.438+0000] {spark_submit.py:579} INFO - at scala.util.Try$.apply(Try.scala:217)
[2025-08-11T00:00:19.439+0000] {spark_submit.py:579} INFO - at org.apache.spark.util.Utils$.doTryWithCallerStacktrace(Utils.scala:1378)
[2025-08-11T00:00:19.439+0000] {spark_submit.py:579} INFO - at org.apache.spark.util.Utils$.getTryWithCallerStacktrace(Utils.scala:1439)
[2025-08-11T00:00:19.439+0000] {spark_submit.py:579} INFO - at org.apache.spark.util.LazyTry.get(LazyTry.scala:58)
[2025-08-11T00:00:19.440+0000] {spark_submit.py:579} INFO - at org.apache.spark.sql.execution.QueryExecution.commandExecuted(QueryExecution.scala:131)
[2025-08-11T00:00:19.440+0000] {spark_submit.py:579} INFO - at org.apache.spark.sql.execution.QueryExecution.assertCommandExecuted(QueryExecution.scala:192)
[2025-08-11T00:00:19.440+0000] {spark_submit.py:579} INFO - at org.apache.spark.sql.classic.DataFrameWriter.runCommand(DataFrameWriter.scala:622)
[2025-08-11T00:00:19.440+0000] {spark_submit.py:579} INFO - at org.apache.spark.sql.classic.DataFrameWriter.saveToV1Source(DataFrameWriter.scala:273)
[2025-08-11T00:00:19.441+0000] {spark_submit.py:579} INFO - at org.apache.spark.sql.classic.DataFrameWriter.saveInternal(DataFrameWriter.scala:241)
[2025-08-11T00:00:19.441+0000] {spark_submit.py:579} INFO - at org.apache.spark.sql.classic.DataFrameWriter.save(DataFrameWriter.scala:126)
[2025-08-11T00:00:19.441+0000] {spark_submit.py:579} INFO - at org.apache.spark.sql.DataFrameWriter.jdbc(DataFrameWriter.scala:334)
[2025-08-11T00:00:19.442+0000] {spark_submit.py:579} INFO - at java.base/jdk.internal.reflect.NativeMethodAccessorImpl.invoke0(Native Method)
[2025-08-11T00:00:19.442+0000] {spark_submit.py:579} INFO - at java.base/jdk.internal.reflect.NativeMethodAccessorImpl.invoke(NativeMethodAccessorImpl.java:77)
[2025-08-11T00:00:19.442+0000] {spark_submit.py:579} INFO - at java.base/jdk.internal.reflect.DelegatingMethodAccessorImpl.invoke(DelegatingMethodAccessorImpl.java:43)
[2025-08-11T00:00:19.443+0000] {spark_submit.py:579} INFO - at java.base/java.lang.reflect.Method.invoke(Method.java:569)
[2025-08-11T00:00:19.443+0000] {spark_submit.py:579} INFO - at py4j.reflection.MethodInvoker.invoke(MethodInvoker.java:244)
[2025-08-11T00:00:19.443+0000] {spark_submit.py:579} INFO - at py4j.reflection.ReflectionEngine.invoke(ReflectionEngine.java:374)
[2025-08-11T00:00:19.443+0000] {spark_submit.py:579} INFO - at py4j.Gateway.invoke(Gateway.java:282)
[2025-08-11T00:00:19.444+0000] {spark_submit.py:579} INFO - at py4j.commands.AbstractCommand.invokeMethod(AbstractCommand.java:132)
[2025-08-11T00:00:19.444+0000] {spark_submit.py:579} INFO - at py4j.commands.CallCommand.execute(CallCommand.java:79)
[2025-08-11T00:00:19.444+0000] {spark_submit.py:579} INFO - at py4j.ClientServerConnection.waitForCommands(ClientServerConnection.java:184)
[2025-08-11T00:00:19.445+0000] {spark_submit.py:579} INFO - at py4j.ClientServerConnection.run(ClientServerConnection.java:108)
[2025-08-11T00:00:19.445+0000] {spark_submit.py:579} INFO - at java.base/java.lang.Thread.run(Thread.java:840)
[2025-08-11T00:00:19.445+0000] {spark_submit.py:579} INFO - Suppressed: org.apache.spark.util.Utils$OriginalTryStackTraceException: Full stacktrace of original doTryWithCallerStacktrace caller
[2025-08-11T00:00:19.446+0000] {spark_submit.py:579} INFO - at java.base/java.net.URLClassLoader.findClass(URLClassLoader.java:445)
[2025-08-11T00:00:19.446+0000] {spark_submit.py:579} INFO - at java.base/java.lang.ClassLoader.loadClass(ClassLoader.java:592)
[2025-08-11T00:00:19.446+0000] {spark_submit.py:579} INFO - at java.base/java.lang.ClassLoader.loadClass(ClassLoader.java:525)
[2025-08-11T00:00:19.446+0000] {spark_submit.py:579} INFO - at org.apache.spark.sql.execution.datasources.jdbc.DriverRegistry$.register(DriverRegistry.scala:47)
[2025-08-11T00:00:19.447+0000] {spark_submit.py:579} INFO - at org.apache.spark.sql.execution.datasources.jdbc.JDBCOptions.$anonfun$driverClass$1(JDBCOptions.scala:112)
[2025-08-11T00:00:19.447+0000] {spark_submit.py:579} INFO - at org.apache.spark.sql.execution.datasources.jdbc.JDBCOptions.$anonfun$driverClass$1$adapted(JDBCOptions.scala:112)
[2025-08-11T00:00:19.447+0000] {spark_submit.py:579} INFO - at scala.Option.foreach(Option.scala:437)
[2025-08-11T00:00:19.447+0000] {spark_submit.py:579} INFO - at org.apache.spark.sql.execution.datasources.jdbc.JDBCOptions.<init>(JDBCOptions.scala:112)
[2025-08-11T00:00:19.448+0000] {spark_submit.py:579} INFO - at org.apache.spark.sql.execution.datasources.jdbc.JdbcOptionsInWrite.<init>(JDBCOptions.scala:272)
[2025-08-11T00:00:19.448+0000] {spark_submit.py:579} INFO - at org.apache.spark.sql.execution.datasources.jdbc.JdbcOptionsInWrite.<init>(JDBCOptions.scala:276)
[2025-08-11T00:00:19.449+0000] {spark_submit.py:579} INFO - at org.apache.spark.sql.execution.datasources.jdbc.JdbcRelationProvider.createRelation(JdbcRelationProvider.scala:48)
[2025-08-11T00:00:19.449+0000] {spark_submit.py:579} INFO - at org.apache.spark.sql.execution.datasources.SaveIntoDataSourceCommand.run(SaveIntoDataSourceCommand.scala:55)
[2025-08-11T00:00:19.449+0000] {spark_submit.py:579} INFO - at org.apache.spark.sql.execution.command.ExecutedCommandExec.sideEffectResult$lzycompute(commands.scala:79)
[2025-08-11T00:00:19.449+0000] {spark_submit.py:579} INFO - at org.apache.spark.sql.execution.command.ExecutedCommandExec.sideEffectResult(commands.scala:77)
[2025-08-11T00:00:19.450+0000] {spark_submit.py:579} INFO - at org.apache.spark.sql.execution.command.ExecutedCommandExec.executeCollect(commands.scala:88)
[2025-08-11T00:00:19.450+0000] {spark_submit.py:579} INFO - at org.apache.spark.sql.execution.QueryExecution.$anonfun$eagerlyExecuteCommands$2(QueryExecution.scala:155)
[2025-08-11T00:00:19.450+0000] {spark_submit.py:579} INFO - at org.apache.spark.sql.execution.SQLExecution$.$anonfun$withNewExecutionId0$8(SQLExecution.scala:162)
[2025-08-11T00:00:19.451+0000] {spark_submit.py:579} INFO - at org.apache.spark.sql.execution.SQLExecution$.withSessionTagsApplied(SQLExecution.scala:268)
[2025-08-11T00:00:19.451+0000] {spark_submit.py:579} INFO - at org.apache.spark.sql.execution.SQLExecution$.$anonfun$withNewExecutionId0$7(SQLExecution.scala:124)
[2025-08-11T00:00:19.451+0000] {spark_submit.py:579} INFO - at org.apache.spark.JobArtifactSet$.withActiveJobArtifactState(JobArtifactSet.scala:94)
[2025-08-11T00:00:19.452+0000] {spark_submit.py:579} INFO - at org.apache.spark.sql.artifact.ArtifactManager.$anonfun$withResources$1(ArtifactManager.scala:112)
[2025-08-11T00:00:19.452+0000] {spark_submit.py:579} INFO - at org.apache.spark.sql.artifact.ArtifactManager.withClassLoaderIfNeeded(ArtifactManager.scala:106)
[2025-08-11T00:00:19.452+0000] {spark_submit.py:579} INFO - at org.apache.spark.sql.artifact.ArtifactManager.withResources(ArtifactManager.scala:111)
[2025-08-11T00:00:19.453+0000] {spark_submit.py:579} INFO - at org.apache.spark.sql.execution.SQLExecution$.$anonfun$withNewExecutionId0$6(SQLExecution.scala:124)
[2025-08-11T00:00:19.454+0000] {spark_submit.py:579} INFO - at org.apache.spark.sql.execution.SQLExecution$.withSQLConfPropagated(SQLExecution.scala:291)
[2025-08-11T00:00:19.454+0000] {spark_submit.py:579} INFO - at org.apache.spark.sql.execution.SQLExecution$.$anonfun$withNewExecutionId0$1(SQLExecution.scala:123)
[2025-08-11T00:00:19.455+0000] {spark_submit.py:579} INFO - at org.apache.spark.sql.SparkSession.withActive(SparkSession.scala:804)
[2025-08-11T00:00:19.455+0000] {spark_submit.py:579} INFO - at org.apache.spark.sql.execution.SQLExecution$.withNewExecutionId0(SQLExecution.scala:77)
[2025-08-11T00:00:19.455+0000] {spark_submit.py:579} INFO - at org.apache.spark.sql.execution.SQLExecution$.withNewExecutionId(SQLExecution.scala:233)
[2025-08-11T00:00:19.455+0000] {spark_submit.py:579} INFO - at org.apache.spark.sql.execution.QueryExecution.$anonfun$eagerlyExecuteCommands$1(QueryExecution.scala:155)
[2025-08-11T00:00:19.456+0000] {spark_submit.py:579} INFO - at org.apache.spark.sql.execution.QueryExecution$.withInternalError(QueryExecution.scala:654)
[2025-08-11T00:00:19.456+0000] {spark_submit.py:579} INFO - at org.apache.spark.sql.execution.QueryExecution.org$apache$spark$sql$execution$QueryExecution$$eagerlyExecute$1(QueryExecution.scala:154)
[2025-08-11T00:00:19.456+0000] {spark_submit.py:579} INFO - at org.apache.spark.sql.execution.QueryExecution$$anonfun$eagerlyExecuteCommands$3.applyOrElse(QueryExecution.scala:169)
[2025-08-11T00:00:19.457+0000] {spark_submit.py:579} INFO - at org.apache.spark.sql.execution.QueryExecution$$anonfun$eagerlyExecuteCommands$3.applyOrElse(QueryExecution.scala:164)
[2025-08-11T00:00:19.457+0000] {spark_submit.py:579} INFO - at org.apache.spark.sql.catalyst.trees.TreeNode.$anonfun$transformDownWithPruning$1(TreeNode.scala:470)
[2025-08-11T00:00:19.457+0000] {spark_submit.py:579} INFO - at org.apache.spark.sql.catalyst.trees.CurrentOrigin$.withOrigin(origin.scala:86)
[2025-08-11T00:00:19.457+0000] {spark_submit.py:579} INFO - at org.apache.spark.sql.catalyst.trees.TreeNode.transformDownWithPruning(TreeNode.scala:470)
[2025-08-11T00:00:19.458+0000] {spark_submit.py:579} INFO - at org.apache.spark.sql.catalyst.plans.logical.LogicalPlan.org$apache$spark$sql$catalyst$plans$logical$AnalysisHelper$$super$transformDownWithPruning(LogicalPlan.scala:37)
[2025-08-11T00:00:19.458+0000] {spark_submit.py:579} INFO - at org.apache.spark.sql.catalyst.plans.logical.AnalysisHelper.transformDownWithPruning(AnalysisHelper.scala:360)
[2025-08-11T00:00:19.458+0000] {spark_submit.py:579} INFO - at org.apache.spark.sql.catalyst.plans.logical.AnalysisHelper.transformDownWithPruning$(AnalysisHelper.scala:356)
[2025-08-11T00:00:19.458+0000] {spark_submit.py:579} INFO - at org.apache.spark.sql.catalyst.plans.logical.LogicalPlan.transformDownWithPruning(LogicalPlan.scala:37)
[2025-08-11T00:00:19.459+0000] {spark_submit.py:579} INFO - at org.apache.spark.sql.catalyst.plans.logical.LogicalPlan.transformDownWithPruning(LogicalPlan.scala:37)
[2025-08-11T00:00:19.459+0000] {spark_submit.py:579} INFO - at org.apache.spark.sql.catalyst.trees.TreeNode.transformDown(TreeNode.scala:446)
[2025-08-11T00:00:19.459+0000] {spark_submit.py:579} INFO - at org.apache.spark.sql.execution.QueryExecution.eagerlyExecuteCommands(QueryExecution.scala:164)
[2025-08-11T00:00:19.460+0000] {spark_submit.py:579} INFO - at org.apache.spark.sql.execution.QueryExecution.$anonfun$lazyCommandExecuted$1(QueryExecution.scala:126)
[2025-08-11T00:00:19.460+0000] {spark_submit.py:579} INFO - at scala.util.Try$.apply(Try.scala:217)
[2025-08-11T00:00:19.460+0000] {spark_submit.py:579} INFO - at org.apache.spark.util.Utils$.doTryWithCallerStacktrace(Utils.scala:1378)
[2025-08-11T00:00:19.460+0000] {spark_submit.py:579} INFO - at org.apache.spark.util.LazyTry.tryT$lzycompute(LazyTry.scala:46)
[2025-08-11T00:00:19.461+0000] {spark_submit.py:579} INFO - at org.apache.spark.util.LazyTry.tryT(LazyTry.scala:46)
[2025-08-11T00:00:19.461+0000] {spark_submit.py:579} INFO - ... 20 more
[2025-08-11T00:00:19.462+0000] {spark_submit.py:579} INFO - 
[2025-08-11T00:00:19.667+0000] {spark_submit.py:579} INFO - 25/08/11 00:00:19 INFO SparkContext: Invoking stop() from shutdown hook
[2025-08-11T00:00:19.669+0000] {spark_submit.py:579} INFO - 25/08/11 00:00:19 INFO SparkContext: SparkContext is stopping with exitCode 0 from run at Executors.java:539.
[2025-08-11T00:00:19.677+0000] {spark_submit.py:579} INFO - 25/08/11 00:00:19 INFO SparkUI: Stopped Spark web UI at http://dab662e4aa8d:4040
[2025-08-11T00:00:19.680+0000] {spark_submit.py:579} INFO - 25/08/11 00:00:19 INFO StandaloneSchedulerBackend: Shutting down all executors
[2025-08-11T00:00:19.681+0000] {spark_submit.py:579} INFO - 25/08/11 00:00:19 INFO StandaloneSchedulerBackend$StandaloneDriverEndpoint: Asking each executor to shut down
[2025-08-11T00:00:19.696+0000] {spark_submit.py:579} INFO - 25/08/11 00:00:19 INFO MapOutputTrackerMasterEndpoint: MapOutputTrackerMasterEndpoint stopped!
[2025-08-11T00:00:19.752+0000] {spark_submit.py:579} INFO - 25/08/11 00:00:19 INFO MemoryStore: MemoryStore started with capacity 434.4 MiB
[2025-08-11T00:00:19.753+0000] {spark_submit.py:579} INFO - 25/08/11 00:00:19 INFO MemoryStore: MemoryStore cleared
[2025-08-11T00:00:19.753+0000] {spark_submit.py:579} INFO - 25/08/11 00:00:19 INFO BlockManager: BlockManager stopped
[2025-08-11T00:00:19.758+0000] {spark_submit.py:579} INFO - 25/08/11 00:00:19 INFO BlockManagerMaster: BlockManagerMaster stopped
[2025-08-11T00:00:19.760+0000] {spark_submit.py:579} INFO - 25/08/11 00:00:19 INFO OutputCommitCoordinator$OutputCommitCoordinatorEndpoint: OutputCommitCoordinator stopped!
[2025-08-11T00:00:19.791+0000] {spark_submit.py:579} INFO - 25/08/11 00:00:19 INFO SparkContext: Successfully stopped SparkContext
[2025-08-11T00:00:19.792+0000] {spark_submit.py:579} INFO - 25/08/11 00:00:19 INFO ShutdownHookManager: Shutdown hook called
[2025-08-11T00:00:19.792+0000] {spark_submit.py:579} INFO - 25/08/11 00:00:19 INFO ShutdownHookManager: Deleting directory /tmp/spark-88341270-6f5c-4469-af70-f606d1ae3443
[2025-08-11T00:00:19.817+0000] {spark_submit.py:579} INFO - 25/08/11 00:00:19 INFO ShutdownHookManager: Deleting directory /opt/***/artifacts/spark-6ff28836-2ec2-44fd-800d-57bab8f9e931
[2025-08-11T00:00:19.837+0000] {spark_submit.py:579} INFO - 25/08/11 00:00:19 INFO ShutdownHookManager: Deleting directory /tmp/spark-2b1f6ad9-803a-4739-937b-1cbc6cd9e6ee
[2025-08-11T00:00:19.858+0000] {spark_submit.py:579} INFO - 25/08/11 00:00:19 INFO ShutdownHookManager: Deleting directory /tmp/spark-2b1f6ad9-803a-4739-937b-1cbc6cd9e6ee/pyspark-64b82796-fc4f-4d91-8187-7d9ee90afff7
[2025-08-11T00:00:19.982+0000] {taskinstance.py:1935} ERROR - Task failed with exception
Traceback (most recent call last):
  File "/home/airflow/.local/lib/python3.10/site-packages/airflow/providers/apache/spark/operators/spark_submit.py", line 174, in execute
    self._hook.submit(self.application)
  File "/home/airflow/.local/lib/python3.10/site-packages/airflow/providers/apache/spark/hooks/spark_submit.py", line 505, in submit
    raise AirflowException(
airflow.exceptions.AirflowException: Cannot execute: spark-submit --master spark://spark-master:7077 --jars /opt/spark/external-jars/mssql-jdbc-12.10.1.jre17.jar --name arrow-spark --deploy-mode client jobs/python/wordcountjob.py. Error code is: 1.
[2025-08-11T00:00:20.007+0000] {taskinstance.py:1398} INFO - Marking task as FAILED. dag_id=sparking_flow, task_id=python_job, execution_date=20250810T000000, start_date=20250811T000005, end_date=20250811T000020
[2025-08-11T00:00:20.051+0000] {standard_task_runner.py:104} ERROR - Failed to execute job 9 for task python_job (Cannot execute: spark-submit --master spark://spark-master:7077 --jars /opt/spark/external-jars/mssql-jdbc-12.10.1.jre17.jar --name arrow-spark --deploy-mode client jobs/python/wordcountjob.py. Error code is: 1.; 6092)
[2025-08-11T00:00:20.095+0000] {local_task_job_runner.py:228} INFO - Task exited with return code 1
[2025-08-11T00:00:20.169+0000] {taskinstance.py:2776} INFO - 0 downstream tasks scheduled from follow-on schedule check
