[2025-08-10T06:03:15.234+0000] {taskinstance.py:1157} INFO - Dependencies all met for dep_context=non-requeueable deps ti=<TaskInstance: sparking_flow.python_job manual__2025-08-10T06:03:12.079738+00:00 [queued]>
[2025-08-10T06:03:15.242+0000] {taskinstance.py:1157} INFO - Dependencies all met for dep_context=requeueable deps ti=<TaskInstance: sparking_flow.python_job manual__2025-08-10T06:03:12.079738+00:00 [queued]>
[2025-08-10T06:03:15.243+0000] {taskinstance.py:1359} INFO - Starting attempt 1 of 1
[2025-08-10T06:03:15.254+0000] {taskinstance.py:1380} INFO - Executing <Task(SparkSubmitOperator): python_job> on 2025-08-10 06:03:12.079738+00:00
[2025-08-10T06:03:15.258+0000] {standard_task_runner.py:57} INFO - Started process 4671 to run task
[2025-08-10T06:03:15.264+0000] {standard_task_runner.py:84} INFO - Running: ['***', 'tasks', 'run', 'sparking_flow', 'python_job', 'manual__2025-08-10T06:03:12.079738+00:00', '--job-id', '11', '--raw', '--subdir', 'DAGS_FOLDER/spark_***.py', '--cfg-path', '/tmp/tmpy221x_9m']
[2025-08-10T06:03:15.268+0000] {standard_task_runner.py:85} INFO - Job 11: Subtask python_job
[2025-08-10T06:03:15.338+0000] {task_command.py:415} INFO - Running <TaskInstance: sparking_flow.python_job manual__2025-08-10T06:03:12.079738+00:00 [running]> on host 95fb1ebfe85f
[2025-08-10T06:03:15.422+0000] {taskinstance.py:1660} INFO - Exporting env vars: AIRFLOW_CTX_DAG_OWNER='Yusuf Ganiyu' AIRFLOW_CTX_DAG_ID='sparking_flow' AIRFLOW_CTX_TASK_ID='python_job' AIRFLOW_CTX_EXECUTION_DATE='2025-08-10T06:03:12.079738+00:00' AIRFLOW_CTX_TRY_NUMBER='1' AIRFLOW_CTX_DAG_RUN_ID='manual__2025-08-10T06:03:12.079738+00:00'
[2025-08-10T06:03:15.434+0000] {base.py:73} INFO - Using connection ID 'spark-conn' for task execution.
[2025-08-10T06:03:15.435+0000] {spark_submit.py:403} INFO - Spark-Submit cmd: spark-submit --master spark-master-1:7077 --name arrow-spark --deploy-mode client jobs/python/wordcountjob.py
[2025-08-10T06:03:15.805+0000] {spark_submit.py:579} INFO - WARNING: Using incubator modules: jdk.incubator.vector
[2025-08-10T06:03:18.522+0000] {spark_submit.py:579} INFO - Using Spark's default log4j profile: org/apache/spark/log4j2-defaults.properties
[2025-08-10T06:03:18.530+0000] {spark_submit.py:579} INFO - 25/08/10 06:03:18 INFO SparkContext: Running Spark version 4.0.0
[2025-08-10T06:03:18.534+0000] {spark_submit.py:579} INFO - 25/08/10 06:03:18 INFO SparkContext: OS info Linux, 6.6.87.2-microsoft-standard-WSL2, amd64
[2025-08-10T06:03:18.535+0000] {spark_submit.py:579} INFO - 25/08/10 06:03:18 INFO SparkContext: Java version 17.0.15
[2025-08-10T06:03:18.599+0000] {spark_submit.py:579} INFO - 25/08/10 06:03:18 WARN NativeCodeLoader: Unable to load native-hadoop library for your platform... using builtin-java classes where applicable
[2025-08-10T06:03:18.644+0000] {spark_submit.py:579} INFO - 25/08/10 06:03:18 INFO ResourceUtils: ==============================================================
[2025-08-10T06:03:18.644+0000] {spark_submit.py:579} INFO - 25/08/10 06:03:18 INFO ResourceUtils: No custom resources configured for spark.driver.
[2025-08-10T06:03:18.645+0000] {spark_submit.py:579} INFO - 25/08/10 06:03:18 INFO ResourceUtils: ==============================================================
[2025-08-10T06:03:18.645+0000] {spark_submit.py:579} INFO - 25/08/10 06:03:18 INFO SparkContext: Submitted application: PythonWordCount
[2025-08-10T06:03:18.665+0000] {spark_submit.py:579} INFO - 25/08/10 06:03:18 INFO ResourceProfile: Default ResourceProfile created, executor resources: Map(cores -> name: cores, amount: 1, script: , vendor: , memory -> name: memory, amount: 1024, script: , vendor: , offHeap -> name: offHeap, amount: 0, script: , vendor: ), task resources: Map(cpus -> name: cpus, amount: 1.0)
[2025-08-10T06:03:18.668+0000] {spark_submit.py:579} INFO - 25/08/10 06:03:18 INFO ResourceProfile: Limiting resource is cpu
[2025-08-10T06:03:18.669+0000] {spark_submit.py:579} INFO - 25/08/10 06:03:18 INFO ResourceProfileManager: Added ResourceProfile id: 0
[2025-08-10T06:03:18.714+0000] {spark_submit.py:579} INFO - 25/08/10 06:03:18 INFO SecurityManager: Changing view acls to: ***
[2025-08-10T06:03:18.716+0000] {spark_submit.py:579} INFO - 25/08/10 06:03:18 INFO SecurityManager: Changing modify acls to: ***
[2025-08-10T06:03:18.716+0000] {spark_submit.py:579} INFO - 25/08/10 06:03:18 INFO SecurityManager: Changing view acls groups to: ***
[2025-08-10T06:03:18.717+0000] {spark_submit.py:579} INFO - 25/08/10 06:03:18 INFO SecurityManager: Changing modify acls groups to: ***
[2025-08-10T06:03:18.719+0000] {spark_submit.py:579} INFO - 25/08/10 06:03:18 INFO SecurityManager: SecurityManager: authentication disabled; ui acls disabled; users with view permissions: *** groups with view permissions: EMPTY; users with modify permissions: ***; groups with modify permissions: EMPTY; RPC SSL disabled
[2025-08-10T06:03:18.935+0000] {spark_submit.py:579} INFO - 25/08/10 06:03:18 INFO Utils: Successfully started service 'sparkDriver' on port 44111.
[2025-08-10T06:03:18.961+0000] {spark_submit.py:579} INFO - 25/08/10 06:03:18 INFO SparkEnv: Registering MapOutputTracker
[2025-08-10T06:03:18.972+0000] {spark_submit.py:579} INFO - 25/08/10 06:03:18 INFO SparkEnv: Registering BlockManagerMaster
[2025-08-10T06:03:18.988+0000] {spark_submit.py:579} INFO - 25/08/10 06:03:18 INFO BlockManagerMasterEndpoint: Using org.apache.spark.storage.DefaultTopologyMapper for getting topology information
[2025-08-10T06:03:18.988+0000] {spark_submit.py:579} INFO - 25/08/10 06:03:18 INFO BlockManagerMasterEndpoint: BlockManagerMasterEndpoint up
[2025-08-10T06:03:18.991+0000] {spark_submit.py:579} INFO - 25/08/10 06:03:18 INFO SparkEnv: Registering BlockManagerMasterHeartbeat
[2025-08-10T06:03:19.013+0000] {spark_submit.py:579} INFO - 25/08/10 06:03:19 INFO DiskBlockManager: Created local directory at /tmp/blockmgr-f21ecdcc-73fc-42c0-83d4-c6ba4a97979f
[2025-08-10T06:03:19.031+0000] {spark_submit.py:579} INFO - 25/08/10 06:03:19 INFO SparkEnv: Registering OutputCommitCoordinator
[2025-08-10T06:03:19.179+0000] {spark_submit.py:579} INFO - 25/08/10 06:03:19 INFO JettyUtils: Start Jetty 0.0.0.0:4040 for SparkUI
[2025-08-10T06:03:19.286+0000] {spark_submit.py:579} INFO - 25/08/10 06:03:19 INFO Utils: Successfully started service 'SparkUI' on port 4040.
[2025-08-10T06:03:19.336+0000] {spark_submit.py:579} INFO - 25/08/10 06:03:19 INFO SecurityManager: Changing view acls to: ***
[2025-08-10T06:03:19.337+0000] {spark_submit.py:579} INFO - 25/08/10 06:03:19 INFO SecurityManager: Changing modify acls to: ***
[2025-08-10T06:03:19.337+0000] {spark_submit.py:579} INFO - 25/08/10 06:03:19 INFO SecurityManager: Changing view acls groups to: ***
[2025-08-10T06:03:19.338+0000] {spark_submit.py:579} INFO - 25/08/10 06:03:19 INFO SecurityManager: Changing modify acls groups to: ***
[2025-08-10T06:03:19.338+0000] {spark_submit.py:579} INFO - 25/08/10 06:03:19 INFO SecurityManager: SecurityManager: authentication disabled; ui acls disabled; users with view permissions: *** groups with view permissions: EMPTY; users with modify permissions: ***; groups with modify permissions: EMPTY; RPC SSL disabled
[2025-08-10T06:03:19.363+0000] {spark_submit.py:579} INFO - 25/08/10 06:03:19 ERROR SparkContext: Error initializing SparkContext.
[2025-08-10T06:03:19.363+0000] {spark_submit.py:579} INFO - org.apache.spark.SparkException: Could not parse Master URL: 'spark-master-1:7077'
[2025-08-10T06:03:19.364+0000] {spark_submit.py:579} INFO - at org.apache.spark.SparkContext$.org$apache$spark$SparkContext$$createTaskScheduler(SparkContext.scala:3358)
[2025-08-10T06:03:19.364+0000] {spark_submit.py:579} INFO - at org.apache.spark.SparkContext.<init>(SparkContext.scala:593)
[2025-08-10T06:03:19.364+0000] {spark_submit.py:579} INFO - at org.apache.spark.api.java.JavaSparkContext.<init>(JavaSparkContext.scala:59)
[2025-08-10T06:03:19.365+0000] {spark_submit.py:579} INFO - at java.base/jdk.internal.reflect.NativeConstructorAccessorImpl.newInstance0(Native Method)
[2025-08-10T06:03:19.365+0000] {spark_submit.py:579} INFO - at java.base/jdk.internal.reflect.NativeConstructorAccessorImpl.newInstance(NativeConstructorAccessorImpl.java:77)
[2025-08-10T06:03:19.365+0000] {spark_submit.py:579} INFO - at java.base/jdk.internal.reflect.DelegatingConstructorAccessorImpl.newInstance(DelegatingConstructorAccessorImpl.java:45)
[2025-08-10T06:03:19.366+0000] {spark_submit.py:579} INFO - at java.base/java.lang.reflect.Constructor.newInstanceWithCaller(Constructor.java:500)
[2025-08-10T06:03:19.366+0000] {spark_submit.py:579} INFO - at java.base/java.lang.reflect.Constructor.newInstance(Constructor.java:481)
[2025-08-10T06:03:19.366+0000] {spark_submit.py:579} INFO - at py4j.reflection.MethodInvoker.invoke(MethodInvoker.java:247)
[2025-08-10T06:03:19.367+0000] {spark_submit.py:579} INFO - at py4j.reflection.ReflectionEngine.invoke(ReflectionEngine.java:374)
[2025-08-10T06:03:19.367+0000] {spark_submit.py:579} INFO - at py4j.Gateway.invoke(Gateway.java:238)
[2025-08-10T06:03:19.368+0000] {spark_submit.py:579} INFO - at py4j.commands.ConstructorCommand.invokeConstructor(ConstructorCommand.java:80)
[2025-08-10T06:03:19.368+0000] {spark_submit.py:579} INFO - at py4j.commands.ConstructorCommand.execute(ConstructorCommand.java:69)
[2025-08-10T06:03:19.368+0000] {spark_submit.py:579} INFO - at py4j.ClientServerConnection.waitForCommands(ClientServerConnection.java:184)
[2025-08-10T06:03:19.368+0000] {spark_submit.py:579} INFO - at py4j.ClientServerConnection.run(ClientServerConnection.java:108)
[2025-08-10T06:03:19.369+0000] {spark_submit.py:579} INFO - at java.base/java.lang.Thread.run(Thread.java:840)
[2025-08-10T06:03:19.369+0000] {spark_submit.py:579} INFO - 25/08/10 06:03:19 INFO SparkContext: SparkContext is stopping with exitCode 0 from JavaSparkContext at NativeConstructorAccessorImpl.java:0.
[2025-08-10T06:03:19.376+0000] {spark_submit.py:579} INFO - 25/08/10 06:03:19 INFO SparkUI: Stopped Spark web UI at http://95fb1ebfe85f:4040
[2025-08-10T06:03:19.396+0000] {spark_submit.py:579} INFO - 25/08/10 06:03:19 INFO MapOutputTrackerMasterEndpoint: MapOutputTrackerMasterEndpoint stopped!
[2025-08-10T06:03:19.423+0000] {spark_submit.py:579} INFO - 25/08/10 06:03:19 INFO MemoryStore: MemoryStore started with capacity 434.4 MiB
[2025-08-10T06:03:19.425+0000] {spark_submit.py:579} INFO - 25/08/10 06:03:19 INFO MemoryStore: MemoryStore cleared
[2025-08-10T06:03:19.425+0000] {spark_submit.py:579} INFO - 25/08/10 06:03:19 INFO BlockManager: BlockManager stopped
[2025-08-10T06:03:19.430+0000] {spark_submit.py:579} INFO - 25/08/10 06:03:19 INFO BlockManagerMaster: BlockManagerMaster stopped
[2025-08-10T06:03:19.431+0000] {spark_submit.py:579} INFO - 25/08/10 06:03:19 WARN MetricsSystem: Stopping a MetricsSystem that is not running
[2025-08-10T06:03:19.432+0000] {spark_submit.py:579} INFO - 25/08/10 06:03:19 INFO OutputCommitCoordinator$OutputCommitCoordinatorEndpoint: OutputCommitCoordinator stopped!
[2025-08-10T06:03:19.460+0000] {spark_submit.py:579} INFO - 25/08/10 06:03:19 INFO SparkContext: Successfully stopped SparkContext
[2025-08-10T06:03:19.460+0000] {spark_submit.py:579} INFO - Traceback (most recent call last):
[2025-08-10T06:03:19.461+0000] {spark_submit.py:579} INFO - File "/opt/***/jobs/python/wordcountjob.py", line 3, in <module>
[2025-08-10T06:03:19.464+0000] {spark_submit.py:579} INFO - spark = SparkSession.builder.appName("PythonWordCount").getOrCreate()
[2025-08-10T06:03:19.464+0000] {spark_submit.py:579} INFO - File "/home/***/.local/lib/python3.10/site-packages/pyspark/python/lib/pyspark.zip/pyspark/sql/session.py", line 556, in getOrCreate
[2025-08-10T06:03:19.464+0000] {spark_submit.py:579} INFO - File "/home/***/.local/lib/python3.10/site-packages/pyspark/python/lib/pyspark.zip/pyspark/core/context.py", line 523, in getOrCreate
[2025-08-10T06:03:19.465+0000] {spark_submit.py:579} INFO - File "/home/***/.local/lib/python3.10/site-packages/pyspark/python/lib/pyspark.zip/pyspark/core/context.py", line 207, in __init__
[2025-08-10T06:03:19.466+0000] {spark_submit.py:579} INFO - File "/home/***/.local/lib/python3.10/site-packages/pyspark/python/lib/pyspark.zip/pyspark/core/context.py", line 300, in _do_init
[2025-08-10T06:03:19.466+0000] {spark_submit.py:579} INFO - File "/home/***/.local/lib/python3.10/site-packages/pyspark/python/lib/pyspark.zip/pyspark/core/context.py", line 429, in _initialize_context
[2025-08-10T06:03:19.467+0000] {spark_submit.py:579} INFO - File "/home/***/.local/lib/python3.10/site-packages/pyspark/python/lib/py4j-0.10.9.9-src.zip/py4j/java_gateway.py", line 1627, in __call__
[2025-08-10T06:03:19.468+0000] {spark_submit.py:579} INFO - File "/home/***/.local/lib/python3.10/site-packages/pyspark/python/lib/py4j-0.10.9.9-src.zip/py4j/protocol.py", line 327, in get_return_value
[2025-08-10T06:03:19.470+0000] {spark_submit.py:579} INFO - py4j.protocol.Py4JJavaError: An error occurred while calling None.org.apache.spark.api.java.JavaSparkContext.
[2025-08-10T06:03:19.470+0000] {spark_submit.py:579} INFO - : org.apache.spark.SparkException: Could not parse Master URL: 'spark-master-1:7077'
[2025-08-10T06:03:19.471+0000] {spark_submit.py:579} INFO - at org.apache.spark.SparkContext$.org$apache$spark$SparkContext$$createTaskScheduler(SparkContext.scala:3358)
[2025-08-10T06:03:19.471+0000] {spark_submit.py:579} INFO - at org.apache.spark.SparkContext.<init>(SparkContext.scala:593)
[2025-08-10T06:03:19.471+0000] {spark_submit.py:579} INFO - at org.apache.spark.api.java.JavaSparkContext.<init>(JavaSparkContext.scala:59)
[2025-08-10T06:03:19.471+0000] {spark_submit.py:579} INFO - at java.base/jdk.internal.reflect.NativeConstructorAccessorImpl.newInstance0(Native Method)
[2025-08-10T06:03:19.471+0000] {spark_submit.py:579} INFO - at java.base/jdk.internal.reflect.NativeConstructorAccessorImpl.newInstance(NativeConstructorAccessorImpl.java:77)
[2025-08-10T06:03:19.472+0000] {spark_submit.py:579} INFO - at java.base/jdk.internal.reflect.DelegatingConstructorAccessorImpl.newInstance(DelegatingConstructorAccessorImpl.java:45)
[2025-08-10T06:03:19.472+0000] {spark_submit.py:579} INFO - at java.base/java.lang.reflect.Constructor.newInstanceWithCaller(Constructor.java:500)
[2025-08-10T06:03:19.472+0000] {spark_submit.py:579} INFO - at java.base/java.lang.reflect.Constructor.newInstance(Constructor.java:481)
[2025-08-10T06:03:19.472+0000] {spark_submit.py:579} INFO - at py4j.reflection.MethodInvoker.invoke(MethodInvoker.java:247)
[2025-08-10T06:03:19.472+0000] {spark_submit.py:579} INFO - at py4j.reflection.ReflectionEngine.invoke(ReflectionEngine.java:374)
[2025-08-10T06:03:19.473+0000] {spark_submit.py:579} INFO - at py4j.Gateway.invoke(Gateway.java:238)
[2025-08-10T06:03:19.473+0000] {spark_submit.py:579} INFO - at py4j.commands.ConstructorCommand.invokeConstructor(ConstructorCommand.java:80)
[2025-08-10T06:03:19.473+0000] {spark_submit.py:579} INFO - at py4j.commands.ConstructorCommand.execute(ConstructorCommand.java:69)
[2025-08-10T06:03:19.474+0000] {spark_submit.py:579} INFO - at py4j.ClientServerConnection.waitForCommands(ClientServerConnection.java:184)
[2025-08-10T06:03:19.474+0000] {spark_submit.py:579} INFO - at py4j.ClientServerConnection.run(ClientServerConnection.java:108)
[2025-08-10T06:03:19.474+0000] {spark_submit.py:579} INFO - at java.base/java.lang.Thread.run(Thread.java:840)
[2025-08-10T06:03:19.474+0000] {spark_submit.py:579} INFO - 
[2025-08-10T06:03:19.602+0000] {spark_submit.py:579} INFO - 25/08/10 06:03:19 INFO ShutdownHookManager: Shutdown hook called
[2025-08-10T06:03:19.603+0000] {spark_submit.py:579} INFO - 25/08/10 06:03:19 INFO ShutdownHookManager: Deleting directory /tmp/spark-c2456e55-7407-468a-8d5b-a1c885494527
[2025-08-10T06:03:19.619+0000] {spark_submit.py:579} INFO - 25/08/10 06:03:19 INFO ShutdownHookManager: Deleting directory /tmp/spark-8f04a240-819d-406a-a6f0-255d452fda46
[2025-08-10T06:03:19.668+0000] {taskinstance.py:1935} ERROR - Task failed with exception
Traceback (most recent call last):
  File "/home/airflow/.local/lib/python3.10/site-packages/airflow/providers/apache/spark/operators/spark_submit.py", line 174, in execute
    self._hook.submit(self.application)
  File "/home/airflow/.local/lib/python3.10/site-packages/airflow/providers/apache/spark/hooks/spark_submit.py", line 505, in submit
    raise AirflowException(
airflow.exceptions.AirflowException: Cannot execute: spark-submit --master spark-master-1:7077 --name arrow-spark --deploy-mode client jobs/python/wordcountjob.py. Error code is: 1.
[2025-08-10T06:03:19.672+0000] {taskinstance.py:1398} INFO - Marking task as FAILED. dag_id=sparking_flow, task_id=python_job, execution_date=20250810T060312, start_date=20250810T060315, end_date=20250810T060319
[2025-08-10T06:03:19.682+0000] {standard_task_runner.py:104} ERROR - Failed to execute job 11 for task python_job (Cannot execute: spark-submit --master spark-master-1:7077 --name arrow-spark --deploy-mode client jobs/python/wordcountjob.py. Error code is: 1.; 4671)
[2025-08-10T06:03:19.692+0000] {local_task_job_runner.py:228} INFO - Task exited with return code 1
[2025-08-10T06:03:19.715+0000] {taskinstance.py:2776} INFO - 0 downstream tasks scheduled from follow-on schedule check
