[2025-08-31T04:30:25.781+0000] {taskinstance.py:1157} INFO - Dependencies all met for dep_context=non-requeueable deps ti=<TaskInstance: sparking_flow.start scheduled__2025-08-30T12:00:00+00:00 [queued]>
[2025-08-31T04:30:25.844+0000] {taskinstance.py:1157} INFO - Dependencies all met for dep_context=requeueable deps ti=<TaskInstance: sparking_flow.start scheduled__2025-08-30T12:00:00+00:00 [queued]>
[2025-08-31T04:30:25.846+0000] {taskinstance.py:1359} INFO - Starting attempt 1 of 1
[2025-08-31T04:30:26.014+0000] {taskinstance.py:1380} INFO - Executing <Task(PythonOperator): start> on 2025-08-30 12:00:00+00:00
[2025-08-31T04:30:26.446+0000] {standard_task_runner.py:57} INFO - Started process 212 to run task
[2025-08-31T04:30:26.506+0000] {standard_task_runner.py:84} INFO - Running: ['***', 'tasks', 'run', 'sparking_flow', 'start', 'scheduled__2025-08-30T12:00:00+00:00', '--job-id', '70', '--raw', '--subdir', 'DAGS_FOLDER/spark_***.py', '--cfg-path', '/tmp/tmpdkphr0jt']
[2025-08-31T04:30:26.913+0000] {standard_task_runner.py:85} INFO - Job 70: Subtask start
[2025-08-31T04:30:28.612+0000] {task_command.py:415} INFO - Running <TaskInstance: sparking_flow.start scheduled__2025-08-30T12:00:00+00:00 [running]> on host 81b7fe425a18
[2025-08-31T04:30:36.048+0000] {taskinstance.py:1660} INFO - Exporting env vars: AIRFLOW_CTX_DAG_OWNER='Kudzaishe Manyanya' AIRFLOW_CTX_DAG_ID='sparking_flow' AIRFLOW_CTX_TASK_ID='start' AIRFLOW_CTX_EXECUTION_DATE='2025-08-30T12:00:00+00:00' AIRFLOW_CTX_TRY_NUMBER='1' AIRFLOW_CTX_DAG_RUN_ID='scheduled__2025-08-30T12:00:00+00:00'
[2025-08-31T04:30:36.170+0000] {logging_mixin.py:151} INFO - Jobs started
[2025-08-31T04:30:36.196+0000] {python.py:194} INFO - Done. Returned value was: None
[2025-08-31T04:30:36.736+0000] {taskinstance.py:1398} INFO - Marking task as SUCCESS. dag_id=sparking_flow, task_id=start, execution_date=20250830T120000, start_date=20250831T043025, end_date=20250831T043036
[2025-08-31T04:30:38.722+0000] {local_task_job_runner.py:228} INFO - Task exited with return code 0
[2025-08-31T04:30:43.069+0000] {taskinstance.py:2776} INFO - 0 downstream tasks scheduled from follow-on schedule check
[2025-08-31T05:06:38.084+0000] {taskinstance.py:1157} INFO - Dependencies all met for dep_context=non-requeueable deps ti=<TaskInstance: sparking_flow.start scheduled__2025-08-30T12:00:00+00:00 [queued]>
[2025-08-31T05:06:38.117+0000] {taskinstance.py:1157} INFO - Dependencies all met for dep_context=requeueable deps ti=<TaskInstance: sparking_flow.start scheduled__2025-08-30T12:00:00+00:00 [queued]>
[2025-08-31T05:06:38.120+0000] {taskinstance.py:1359} INFO - Starting attempt 1 of 1
[2025-08-31T05:06:38.223+0000] {taskinstance.py:1380} INFO - Executing <Task(PythonOperator): start> on 2025-08-30 12:00:00+00:00
[2025-08-31T05:06:38.252+0000] {standard_task_runner.py:57} INFO - Started process 274 to run task
[2025-08-31T05:06:38.270+0000] {standard_task_runner.py:84} INFO - Running: ['***', 'tasks', 'run', 'sparking_flow', 'start', 'scheduled__2025-08-30T12:00:00+00:00', '--job-id', '11', '--raw', '--subdir', 'DAGS_FOLDER/spark_***.py', '--cfg-path', '/tmp/tmppgzffc1r']
[2025-08-31T05:06:38.286+0000] {standard_task_runner.py:85} INFO - Job 11: Subtask start
[2025-08-31T05:06:38.528+0000] {task_command.py:415} INFO - Running <TaskInstance: sparking_flow.start scheduled__2025-08-30T12:00:00+00:00 [running]> on host 80647ef95998
[2025-08-31T05:06:38.783+0000] {taskinstance.py:1660} INFO - Exporting env vars: AIRFLOW_CTX_DAG_OWNER='Kudzaishe Manyanya' AIRFLOW_CTX_DAG_ID='sparking_flow' AIRFLOW_CTX_TASK_ID='start' AIRFLOW_CTX_EXECUTION_DATE='2025-08-30T12:00:00+00:00' AIRFLOW_CTX_TRY_NUMBER='1' AIRFLOW_CTX_DAG_RUN_ID='scheduled__2025-08-30T12:00:00+00:00'
[2025-08-31T05:06:38.788+0000] {logging_mixin.py:151} INFO - Jobs started
[2025-08-31T05:06:38.791+0000] {python.py:194} INFO - Done. Returned value was: None
[2025-08-31T05:06:38.835+0000] {taskinstance.py:1398} INFO - Marking task as SUCCESS. dag_id=sparking_flow, task_id=start, execution_date=20250830T120000, start_date=20250831T050638, end_date=20250831T050638
[2025-08-31T05:06:38.911+0000] {local_task_job_runner.py:228} INFO - Task exited with return code 0
[2025-08-31T05:06:39.025+0000] {taskinstance.py:2776} INFO - 1 downstream tasks scheduled from follow-on schedule check
[2025-08-31T12:53:18.436+0000] {taskinstance.py:1157} INFO - Dependencies all met for dep_context=non-requeueable deps ti=<TaskInstance: sparking_flow.start scheduled__2025-08-30T12:00:00+00:00 [queued]>
[2025-08-31T12:53:18.472+0000] {taskinstance.py:1157} INFO - Dependencies all met for dep_context=requeueable deps ti=<TaskInstance: sparking_flow.start scheduled__2025-08-30T12:00:00+00:00 [queued]>
[2025-08-31T12:53:18.475+0000] {taskinstance.py:1359} INFO - Starting attempt 1 of 1
[2025-08-31T12:53:18.509+0000] {taskinstance.py:1380} INFO - Executing <Task(PythonOperator): start> on 2025-08-30 12:00:00+00:00
[2025-08-31T12:53:18.550+0000] {standard_task_runner.py:57} INFO - Started process 370 to run task
[2025-08-31T12:53:18.572+0000] {standard_task_runner.py:84} INFO - Running: ['***', 'tasks', 'run', 'sparking_flow', 'start', 'scheduled__2025-08-30T12:00:00+00:00', '--job-id', '10', '--raw', '--subdir', 'DAGS_FOLDER/spark_***.py', '--cfg-path', '/tmp/tmpkwaj651e']
[2025-08-31T12:53:18.602+0000] {standard_task_runner.py:85} INFO - Job 10: Subtask start
[2025-08-31T12:53:18.839+0000] {task_command.py:415} INFO - Running <TaskInstance: sparking_flow.start scheduled__2025-08-30T12:00:00+00:00 [running]> on host f7da00c682c4
[2025-08-31T12:53:19.141+0000] {taskinstance.py:1660} INFO - Exporting env vars: AIRFLOW_CTX_DAG_OWNER='Kudzaishe Manyanya' AIRFLOW_CTX_DAG_ID='sparking_flow' AIRFLOW_CTX_TASK_ID='start' AIRFLOW_CTX_EXECUTION_DATE='2025-08-30T12:00:00+00:00' AIRFLOW_CTX_TRY_NUMBER='1' AIRFLOW_CTX_DAG_RUN_ID='scheduled__2025-08-30T12:00:00+00:00'
[2025-08-31T12:53:19.149+0000] {logging_mixin.py:151} INFO - Jobs started
[2025-08-31T12:53:19.151+0000] {python.py:194} INFO - Done. Returned value was: None
[2025-08-31T12:53:19.180+0000] {taskinstance.py:1398} INFO - Marking task as SUCCESS. dag_id=sparking_flow, task_id=start, execution_date=20250830T120000, start_date=20250831T125318, end_date=20250831T125319
[2025-08-31T12:53:19.226+0000] {local_task_job_runner.py:228} INFO - Task exited with return code 0
[2025-08-31T12:53:19.268+0000] {taskinstance.py:2776} INFO - 1 downstream tasks scheduled from follow-on schedule check
