[2025-09-06T13:52:07.840+0000] {taskinstance.py:1157} INFO - Dependencies all met for dep_context=non-requeueable deps ti=<TaskInstance: sparking_flow.python_job manual__2025-09-06T13:52:03.100986+00:00 [queued]>
[2025-09-06T13:52:07.847+0000] {taskinstance.py:1157} INFO - Dependencies all met for dep_context=requeueable deps ti=<TaskInstance: sparking_flow.python_job manual__2025-09-06T13:52:03.100986+00:00 [queued]>
[2025-09-06T13:52:07.847+0000] {taskinstance.py:1359} INFO - Starting attempt 1 of 1
[2025-09-06T13:52:07.858+0000] {taskinstance.py:1380} INFO - Executing <Task(SparkSubmitOperator): python_job> on 2025-09-06 13:52:03.100986+00:00
[2025-09-06T13:52:07.862+0000] {standard_task_runner.py:57} INFO - Started process 1905 to run task
[2025-09-06T13:52:07.865+0000] {standard_task_runner.py:84} INFO - Running: ['***', 'tasks', 'run', 'sparking_flow', 'python_job', 'manual__2025-09-06T13:52:03.100986+00:00', '--job-id', '20', '--raw', '--subdir', 'DAGS_FOLDER/spark_***.py', '--cfg-path', '/tmp/tmpy5jvomx8']
[2025-09-06T13:52:07.868+0000] {standard_task_runner.py:85} INFO - Job 20: Subtask python_job
[2025-09-06T13:52:07.925+0000] {task_command.py:415} INFO - Running <TaskInstance: sparking_flow.python_job manual__2025-09-06T13:52:03.100986+00:00 [running]> on host ac03ab483d89
[2025-09-06T13:52:08.038+0000] {taskinstance.py:1660} INFO - Exporting env vars: AIRFLOW_CTX_DAG_OWNER='Kudzaishe Manyanya' AIRFLOW_CTX_DAG_ID='sparking_flow' AIRFLOW_CTX_TASK_ID='python_job' AIRFLOW_CTX_EXECUTION_DATE='2025-09-06T13:52:03.100986+00:00' AIRFLOW_CTX_TRY_NUMBER='1' AIRFLOW_CTX_DAG_RUN_ID='manual__2025-09-06T13:52:03.100986+00:00'
[2025-09-06T13:52:08.056+0000] {base.py:73} INFO - Using connection ID 'spark-conn' for task execution.
[2025-09-06T13:52:08.057+0000] {spark_submit.py:403} INFO - Spark-Submit cmd: spark-submit --master spark://spark-master:7077 --jars /opt/spark/external-jars/apache-spark-sql-connector.jar --name arrow-spark --deploy-mode client jobs/python/wordcountjob.py
[2025-09-06T13:52:08.911+0000] {spark_submit.py:579} INFO - WARNING: Using incubator modules: jdk.incubator.vector
[2025-09-06T13:52:10.903+0000] {spark_submit.py:579} INFO - 25/09/06 13:52:10 WARN NativeCodeLoader: Unable to load native-hadoop library for your platform... using builtin-java classes where applicable
[2025-09-06T13:52:14.122+0000] {spark_submit.py:579} INFO - Using Spark's default log4j profile: org/apache/spark/log4j2-defaults.properties
[2025-09-06T13:52:14.152+0000] {spark_submit.py:579} INFO - 25/09/06 13:52:14 INFO SparkContext: Running Spark version 4.0.0
[2025-09-06T13:52:14.154+0000] {spark_submit.py:579} INFO - 25/09/06 13:52:14 INFO SparkContext: OS info Linux, 6.6.87.2-microsoft-standard-WSL2, amd64
[2025-09-06T13:52:14.156+0000] {spark_submit.py:579} INFO - 25/09/06 13:52:14 INFO SparkContext: Java version 17.0.15
[2025-09-06T13:52:14.256+0000] {spark_submit.py:579} INFO - 25/09/06 13:52:14 INFO ResourceUtils: ==============================================================
[2025-09-06T13:52:14.257+0000] {spark_submit.py:579} INFO - 25/09/06 13:52:14 INFO ResourceUtils: No custom resources configured for spark.driver.
[2025-09-06T13:52:14.258+0000] {spark_submit.py:579} INFO - 25/09/06 13:52:14 INFO ResourceUtils: ==============================================================
[2025-09-06T13:52:14.259+0000] {spark_submit.py:579} INFO - 25/09/06 13:52:14 INFO SparkContext: Submitted application: PythonWordCount
[2025-09-06T13:52:14.333+0000] {spark_submit.py:579} INFO - 25/09/06 13:52:14 INFO ResourceProfile: Default ResourceProfile created, executor resources: Map(memory -> name: memory, amount: 1024, script: , vendor: , offHeap -> name: offHeap, amount: 0, script: , vendor: ), task resources: Map(cpus -> name: cpus, amount: 1.0)
[2025-09-06T13:52:14.341+0000] {spark_submit.py:579} INFO - 25/09/06 13:52:14 INFO ResourceProfile: Limiting resource is cpu
[2025-09-06T13:52:14.344+0000] {spark_submit.py:579} INFO - 25/09/06 13:52:14 INFO ResourceProfileManager: Added ResourceProfile id: 0
[2025-09-06T13:52:14.457+0000] {spark_submit.py:579} INFO - 25/09/06 13:52:14 INFO SecurityManager: Changing view acls to: ***
[2025-09-06T13:52:14.462+0000] {spark_submit.py:579} INFO - 25/09/06 13:52:14 INFO SecurityManager: Changing modify acls to: ***
[2025-09-06T13:52:14.463+0000] {spark_submit.py:579} INFO - 25/09/06 13:52:14 INFO SecurityManager: Changing view acls groups to: ***
[2025-09-06T13:52:14.463+0000] {spark_submit.py:579} INFO - 25/09/06 13:52:14 INFO SecurityManager: Changing modify acls groups to: ***
[2025-09-06T13:52:14.467+0000] {spark_submit.py:579} INFO - 25/09/06 13:52:14 INFO SecurityManager: SecurityManager: authentication disabled; ui acls disabled; users with view permissions: *** groups with view permissions: EMPTY; users with modify permissions: ***; groups with modify permissions: EMPTY; RPC SSL disabled
[2025-09-06T13:52:14.887+0000] {spark_submit.py:579} INFO - 25/09/06 13:52:14 INFO Utils: Successfully started service 'sparkDriver' on port 35089.
[2025-09-06T13:52:14.930+0000] {spark_submit.py:579} INFO - 25/09/06 13:52:14 INFO SparkEnv: Registering MapOutputTracker
[2025-09-06T13:52:14.945+0000] {spark_submit.py:579} INFO - 25/09/06 13:52:14 INFO SparkEnv: Registering BlockManagerMaster
[2025-09-06T13:52:14.971+0000] {spark_submit.py:579} INFO - 25/09/06 13:52:14 INFO BlockManagerMasterEndpoint: Using org.apache.spark.storage.DefaultTopologyMapper for getting topology information
[2025-09-06T13:52:14.973+0000] {spark_submit.py:579} INFO - 25/09/06 13:52:14 INFO BlockManagerMasterEndpoint: BlockManagerMasterEndpoint up
[2025-09-06T13:52:14.978+0000] {spark_submit.py:579} INFO - 25/09/06 13:52:14 INFO SparkEnv: Registering BlockManagerMasterHeartbeat
[2025-09-06T13:52:15.053+0000] {spark_submit.py:579} INFO - 25/09/06 13:52:15 INFO DiskBlockManager: Created local directory at /tmp/blockmgr-a637b088-eaac-453f-b73f-c2b741149dc5
[2025-09-06T13:52:15.097+0000] {spark_submit.py:579} INFO - 25/09/06 13:52:15 INFO SparkEnv: Registering OutputCommitCoordinator
[2025-09-06T13:52:15.292+0000] {spark_submit.py:579} INFO - 25/09/06 13:52:15 INFO JettyUtils: Start Jetty 0.0.0.0:4040 for SparkUI
[2025-09-06T13:52:15.380+0000] {spark_submit.py:579} INFO - 25/09/06 13:52:15 INFO Utils: Successfully started service 'SparkUI' on port 4040.
[2025-09-06T13:52:15.436+0000] {spark_submit.py:579} INFO - 25/09/06 13:52:15 INFO SparkContext: Added JAR file:///opt/spark/external-jars/apache-spark-sql-connector.jar at spark://ac03ab483d89:35089/jars/apache-spark-sql-connector.jar with timestamp 1757166734044
[2025-09-06T13:52:15.467+0000] {spark_submit.py:579} INFO - 25/09/06 13:52:15 INFO SecurityManager: Changing view acls to: ***
[2025-09-06T13:52:15.469+0000] {spark_submit.py:579} INFO - 25/09/06 13:52:15 INFO SecurityManager: Changing modify acls to: ***
[2025-09-06T13:52:15.469+0000] {spark_submit.py:579} INFO - 25/09/06 13:52:15 INFO SecurityManager: Changing view acls groups to: ***
[2025-09-06T13:52:15.470+0000] {spark_submit.py:579} INFO - 25/09/06 13:52:15 INFO SecurityManager: Changing modify acls groups to: ***
[2025-09-06T13:52:15.470+0000] {spark_submit.py:579} INFO - 25/09/06 13:52:15 INFO SecurityManager: SecurityManager: authentication disabled; ui acls disabled; users with view permissions: *** groups with view permissions: EMPTY; users with modify permissions: ***; groups with modify permissions: EMPTY; RPC SSL disabled
[2025-09-06T13:52:15.670+0000] {spark_submit.py:579} INFO - 25/09/06 13:52:15 INFO StandaloneAppClient$ClientEndpoint: Connecting to master spark://spark-master:7077...
[2025-09-06T13:52:15.729+0000] {spark_submit.py:579} INFO - 25/09/06 13:52:15 INFO TransportClientFactory: Successfully created connection to spark-master/172.18.0.2:7077 after 28 ms (0 ms spent in bootstraps)
[2025-09-06T13:52:15.914+0000] {spark_submit.py:579} INFO - 25/09/06 13:52:15 INFO StandaloneSchedulerBackend: Connected to Spark cluster with app ID app-20250906135215-0008
[2025-09-06T13:52:15.924+0000] {spark_submit.py:579} INFO - 25/09/06 13:52:15 INFO Utils: Successfully started service 'org.apache.spark.network.netty.NettyBlockTransferService' on port 46847.
[2025-09-06T13:52:15.924+0000] {spark_submit.py:579} INFO - 25/09/06 13:52:15 INFO NettyBlockTransferService: Server created on ac03ab483d89:46847
[2025-09-06T13:52:15.927+0000] {spark_submit.py:579} INFO - 25/09/06 13:52:15 INFO BlockManager: Using org.apache.spark.storage.RandomBlockReplicationPolicy for block replication policy
[2025-09-06T13:52:15.941+0000] {spark_submit.py:579} INFO - 25/09/06 13:52:15 INFO BlockManagerMaster: Registering BlockManager BlockManagerId(driver, ac03ab483d89, 46847, None)
[2025-09-06T13:52:15.948+0000] {spark_submit.py:579} INFO - 25/09/06 13:52:15 INFO BlockManagerMasterEndpoint: Registering block manager ac03ab483d89:46847 with 434.4 MiB RAM, BlockManagerId(driver, ac03ab483d89, 46847, None)
[2025-09-06T13:52:15.950+0000] {spark_submit.py:579} INFO - 25/09/06 13:52:15 INFO BlockManagerMaster: Registered BlockManager BlockManagerId(driver, ac03ab483d89, 46847, None)
[2025-09-06T13:52:15.951+0000] {spark_submit.py:579} INFO - 25/09/06 13:52:15 INFO BlockManager: Initialized BlockManager: BlockManagerId(driver, ac03ab483d89, 46847, None)
[2025-09-06T13:52:15.960+0000] {spark_submit.py:579} INFO - 25/09/06 13:52:15 INFO StandaloneAppClient$ClientEndpoint: Executor added: app-20250906135215-0008/0 on worker-20250906133811-172.18.0.4-34629 (172.18.0.4:34629) with 2 core(s)
[2025-09-06T13:52:15.962+0000] {spark_submit.py:579} INFO - 25/09/06 13:52:15 INFO StandaloneSchedulerBackend: Granted executor ID app-20250906135215-0008/0 on hostPort 172.18.0.4:34629 with 2 core(s), 1024.0 MiB RAM
[2025-09-06T13:52:16.136+0000] {spark_submit.py:579} INFO - 25/09/06 13:52:16 INFO StandaloneSchedulerBackend: SchedulerBackend is ready for scheduling beginning after reached minRegisteredResourcesRatio: 0.0
[2025-09-06T13:52:16.486+0000] {spark_submit.py:579} INFO - 25/09/06 13:52:16 INFO StandaloneAppClient$ClientEndpoint: Executor updated: app-20250906135215-0008/0 is now RUNNING
[2025-09-06T13:52:20.678+0000] {spark_submit.py:579} INFO - 25/09/06 13:52:20 INFO StandaloneSchedulerBackend$StandaloneDriverEndpoint: Registered executor NettyRpcEndpointRef(spark-client://Executor) (172.18.0.4:37076) with ID 0, ResourceProfileId 0
[2025-09-06T13:52:20.844+0000] {spark_submit.py:579} INFO - 25/09/06 13:52:20 INFO BlockManagerMasterEndpoint: Registering block manager 172.18.0.4:45107 with 434.4 MiB RAM, BlockManagerId(0, 172.18.0.4, 45107, None)
[2025-09-06T13:52:21.608+0000] {spark_submit.py:579} INFO - dict_keys(['daily', 'daily960', 'live_rapid', 'live_blitz', 'live_bullet', 'live_bughouse', 'live_blitz960', 'live_threecheck', 'live_crazyhouse', 'tactics', 'rush', 'battle'])
[2025-09-06T13:52:22.044+0000] {spark_submit.py:579} INFO - 25/09/06 13:52:22 INFO SharedState: Setting hive.metastore.warehouse.dir ('null') to the value of spark.sql.warehouse.dir.
[2025-09-06T13:52:22.048+0000] {spark_submit.py:579} INFO - 25/09/06 13:52:22 INFO SharedState: Warehouse path is 'file:/opt/***/spark-warehouse'.
[2025-09-06T13:52:25.671+0000] {spark_submit.py:579} INFO - 25/09/06 13:52:25 WARN SparkStringUtils: Truncated the string representation of a plan since it was too large. This behavior can be adjusted by setting 'spark.sql.debug.maxToStringFields'.
[2025-09-06T13:52:25.963+0000] {spark_submit.py:579} INFO - 25/09/06 13:52:25 INFO CodeGenerator: Code generated in 170.445972 ms
[2025-09-06T13:52:26.040+0000] {spark_submit.py:579} INFO - 25/09/06 13:52:26 INFO SparkContext: Starting job: jdbc at NativeMethodAccessorImpl.java:0
[2025-09-06T13:52:26.059+0000] {spark_submit.py:579} INFO - 25/09/06 13:52:26 INFO DAGScheduler: Got job 0 (jdbc at NativeMethodAccessorImpl.java:0) with 2 output partitions
[2025-09-06T13:52:26.063+0000] {spark_submit.py:579} INFO - 25/09/06 13:52:26 INFO DAGScheduler: Final stage: ResultStage 0 (jdbc at NativeMethodAccessorImpl.java:0)
[2025-09-06T13:52:26.064+0000] {spark_submit.py:579} INFO - 25/09/06 13:52:26 INFO DAGScheduler: Parents of final stage: List()
[2025-09-06T13:52:26.066+0000] {spark_submit.py:579} INFO - 25/09/06 13:52:26 INFO DAGScheduler: Missing parents: List()
[2025-09-06T13:52:26.070+0000] {spark_submit.py:579} INFO - 25/09/06 13:52:26 INFO DAGScheduler: Submitting ResultStage 0 (MapPartitionsRDD[53] at jdbc at NativeMethodAccessorImpl.java:0), which has no missing parents
[2025-09-06T13:52:26.200+0000] {spark_submit.py:579} INFO - 25/09/06 13:52:26 INFO MemoryStore: MemoryStore started with capacity 434.4 MiB
[2025-09-06T13:52:26.244+0000] {spark_submit.py:579} INFO - 25/09/06 13:52:26 INFO MemoryStore: Block broadcast_0 stored as values in memory (estimated size 33.8 KiB, free 434.4 MiB)
[2025-09-06T13:52:26.298+0000] {spark_submit.py:579} INFO - 25/09/06 13:52:26 INFO MemoryStore: Block broadcast_0_piece0 stored as bytes in memory (estimated size 14.5 KiB, free 434.4 MiB)
[2025-09-06T13:52:26.309+0000] {spark_submit.py:579} INFO - 25/09/06 13:52:26 INFO SparkContext: Created broadcast 0 from broadcast at DAGScheduler.scala:1676
[2025-09-06T13:52:26.331+0000] {spark_submit.py:579} INFO - 25/09/06 13:52:26 INFO DAGScheduler: Submitting 2 missing tasks from ResultStage 0 (MapPartitionsRDD[53] at jdbc at NativeMethodAccessorImpl.java:0) (first 15 tasks are for partitions Vector(0, 1))
[2025-09-06T13:52:26.342+0000] {spark_submit.py:579} INFO - 25/09/06 13:52:26 INFO TaskSchedulerImpl: Adding task set 0.0 with 2 tasks resource profile 0
[2025-09-06T13:52:26.372+0000] {spark_submit.py:579} INFO - 25/09/06 13:52:26 INFO TaskSetManager: Starting task 0.0 in stage 0.0 (TID 0) (172.18.0.4,executor 0, partition 0, PROCESS_LOCAL, 17730 bytes)
[2025-09-06T13:52:26.376+0000] {spark_submit.py:579} INFO - 25/09/06 13:52:26 INFO TaskSetManager: Starting task 1.0 in stage 0.0 (TID 1) (172.18.0.4,executor 0, partition 1, PROCESS_LOCAL, 17435 bytes)
[2025-09-06T13:52:31.157+0000] {spark_submit.py:579} INFO - 25/09/06 13:52:31 INFO TaskSetManager: Finished task 1.0 in stage 0.0 (TID 1) in 4780 ms on 172.18.0.4 (executor 0) (1/2)
[2025-09-06T13:52:31.162+0000] {spark_submit.py:579} INFO - 25/09/06 13:52:31 INFO PythonAccumulatorV2: Connected to AccumulatorServer at host: 127.0.0.1 port: 46931
[2025-09-06T13:52:31.732+0000] {spark_submit.py:579} INFO - 25/09/06 13:52:31 INFO TaskSetManager: Finished task 0.0 in stage 0.0 (TID 0) in 5373 ms on 172.18.0.4 (executor 0) (2/2)
[2025-09-06T13:52:31.734+0000] {spark_submit.py:579} INFO - 25/09/06 13:52:31 INFO TaskSchedulerImpl: Removed TaskSet 0.0 whose tasks have all completed, from pool
[2025-09-06T13:52:31.735+0000] {spark_submit.py:579} INFO - 25/09/06 13:52:31 INFO DAGScheduler: ResultStage 0 (jdbc at NativeMethodAccessorImpl.java:0) finished in 5644 ms
[2025-09-06T13:52:31.736+0000] {spark_submit.py:579} INFO - 25/09/06 13:52:31 INFO DAGScheduler: Job 0 is finished. Cancelling potential speculative or zombie tasks for this job
[2025-09-06T13:52:31.737+0000] {spark_submit.py:579} INFO - 25/09/06 13:52:31 INFO TaskSchedulerImpl: Canceling stage 0
[2025-09-06T13:52:31.738+0000] {spark_submit.py:579} INFO - 25/09/06 13:52:31 INFO TaskSchedulerImpl: Killing all running tasks in stage 0: Stage finished
[2025-09-06T13:52:31.740+0000] {spark_submit.py:579} INFO - 25/09/06 13:52:31 INFO DAGScheduler: Job 0 finished: jdbc at NativeMethodAccessorImpl.java:0, took 5699.816185 ms
[2025-09-06T13:52:32.582+0000] {spark_submit.py:579} INFO - table daily has been loaded
[2025-09-06T13:52:32.973+0000] {spark_submit.py:579} INFO - 25/09/06 13:52:32 INFO SparkContext: Starting job: jdbc at NativeMethodAccessorImpl.java:0
[2025-09-06T13:52:32.975+0000] {spark_submit.py:579} INFO - 25/09/06 13:52:32 INFO DAGScheduler: Got job 1 (jdbc at NativeMethodAccessorImpl.java:0) with 2 output partitions
[2025-09-06T13:52:32.975+0000] {spark_submit.py:579} INFO - 25/09/06 13:52:32 INFO DAGScheduler: Final stage: ResultStage 1 (jdbc at NativeMethodAccessorImpl.java:0)
[2025-09-06T13:52:32.976+0000] {spark_submit.py:579} INFO - 25/09/06 13:52:32 INFO DAGScheduler: Parents of final stage: List()
[2025-09-06T13:52:32.976+0000] {spark_submit.py:579} INFO - 25/09/06 13:52:32 INFO DAGScheduler: Missing parents: List()
[2025-09-06T13:52:32.976+0000] {spark_submit.py:579} INFO - 25/09/06 13:52:32 INFO DAGScheduler: Submitting ResultStage 1 (MapPartitionsRDD[57] at jdbc at NativeMethodAccessorImpl.java:0), which has no missing parents
[2025-09-06T13:52:32.979+0000] {spark_submit.py:579} INFO - 25/09/06 13:52:32 INFO MemoryStore: Block broadcast_1 stored as values in memory (estimated size 33.8 KiB, free 434.3 MiB)
[2025-09-06T13:52:32.982+0000] {spark_submit.py:579} INFO - 25/09/06 13:52:32 INFO MemoryStore: Block broadcast_1_piece0 stored as bytes in memory (estimated size 14.5 KiB, free 434.3 MiB)
[2025-09-06T13:52:32.983+0000] {spark_submit.py:579} INFO - 25/09/06 13:52:32 INFO SparkContext: Created broadcast 1 from broadcast at DAGScheduler.scala:1676
[2025-09-06T13:52:32.984+0000] {spark_submit.py:579} INFO - 25/09/06 13:52:32 INFO DAGScheduler: Submitting 2 missing tasks from ResultStage 1 (MapPartitionsRDD[57] at jdbc at NativeMethodAccessorImpl.java:0) (first 15 tasks are for partitions Vector(0, 1))
[2025-09-06T13:52:32.984+0000] {spark_submit.py:579} INFO - 25/09/06 13:52:32 INFO TaskSchedulerImpl: Adding task set 1.0 with 2 tasks resource profile 0
[2025-09-06T13:52:32.986+0000] {spark_submit.py:579} INFO - 25/09/06 13:52:32 INFO TaskSetManager: Starting task 0.0 in stage 1.0 (TID 2) (172.18.0.4,executor 0, partition 0, PROCESS_LOCAL, 18049 bytes)
[2025-09-06T13:52:32.986+0000] {spark_submit.py:579} INFO - 25/09/06 13:52:32 INFO TaskSetManager: Starting task 1.0 in stage 1.0 (TID 3) (172.18.0.4,executor 0, partition 1, PROCESS_LOCAL, 17864 bytes)
[2025-09-06T13:52:33.870+0000] {spark_submit.py:579} INFO - 25/09/06 13:52:33 INFO TaskSetManager: Finished task 1.0 in stage 1.0 (TID 3) in 884 ms on 172.18.0.4 (executor 0) (1/2)
[2025-09-06T13:52:33.871+0000] {spark_submit.py:579} INFO - 25/09/06 13:52:33 INFO TaskSetManager: Finished task 0.0 in stage 1.0 (TID 2) in 886 ms on 172.18.0.4 (executor 0) (2/2)
[2025-09-06T13:52:33.872+0000] {spark_submit.py:579} INFO - 25/09/06 13:52:33 INFO TaskSchedulerImpl: Removed TaskSet 1.0 whose tasks have all completed, from pool
[2025-09-06T13:52:33.872+0000] {spark_submit.py:579} INFO - 25/09/06 13:52:33 INFO DAGScheduler: ResultStage 1 (jdbc at NativeMethodAccessorImpl.java:0) finished in 895 ms
[2025-09-06T13:52:33.872+0000] {spark_submit.py:579} INFO - 25/09/06 13:52:33 INFO DAGScheduler: Job 1 is finished. Cancelling potential speculative or zombie tasks for this job
[2025-09-06T13:52:33.873+0000] {spark_submit.py:579} INFO - 25/09/06 13:52:33 INFO TaskSchedulerImpl: Canceling stage 1
[2025-09-06T13:52:33.873+0000] {spark_submit.py:579} INFO - 25/09/06 13:52:33 INFO TaskSchedulerImpl: Killing all running tasks in stage 1: Stage finished
[2025-09-06T13:52:33.873+0000] {spark_submit.py:579} INFO - 25/09/06 13:52:33 INFO DAGScheduler: Job 1 finished: jdbc at NativeMethodAccessorImpl.java:0, took 899.293159 ms
[2025-09-06T13:52:34.307+0000] {spark_submit.py:579} INFO - table live_rapid has been loaded
[2025-09-06T13:52:34.981+0000] {spark_submit.py:579} INFO - 25/09/06 13:52:34 INFO SparkContext: Starting job: jdbc at NativeMethodAccessorImpl.java:0
[2025-09-06T13:52:34.983+0000] {spark_submit.py:579} INFO - 25/09/06 13:52:34 INFO DAGScheduler: Got job 2 (jdbc at NativeMethodAccessorImpl.java:0) with 2 output partitions
[2025-09-06T13:52:34.985+0000] {spark_submit.py:579} INFO - 25/09/06 13:52:34 INFO DAGScheduler: Final stage: ResultStage 2 (jdbc at NativeMethodAccessorImpl.java:0)
[2025-09-06T13:52:34.986+0000] {spark_submit.py:579} INFO - 25/09/06 13:52:34 INFO DAGScheduler: Parents of final stage: List()
[2025-09-06T13:52:34.986+0000] {spark_submit.py:579} INFO - 25/09/06 13:52:34 INFO DAGScheduler: Missing parents: List()
[2025-09-06T13:52:34.986+0000] {spark_submit.py:579} INFO - 25/09/06 13:52:34 INFO DAGScheduler: Submitting ResultStage 2 (MapPartitionsRDD[61] at jdbc at NativeMethodAccessorImpl.java:0), which has no missing parents
[2025-09-06T13:52:34.993+0000] {spark_submit.py:579} INFO - 25/09/06 13:52:34 INFO MemoryStore: Block broadcast_2 stored as values in memory (estimated size 33.8 KiB, free 434.3 MiB)
[2025-09-06T13:52:35.001+0000] {spark_submit.py:579} INFO - 25/09/06 13:52:35 INFO MemoryStore: Block broadcast_2_piece0 stored as bytes in memory (estimated size 14.5 KiB, free 434.3 MiB)
[2025-09-06T13:52:35.005+0000] {spark_submit.py:579} INFO - 25/09/06 13:52:35 INFO SparkContext: Created broadcast 2 from broadcast at DAGScheduler.scala:1676
[2025-09-06T13:52:35.006+0000] {spark_submit.py:579} INFO - 25/09/06 13:52:35 INFO DAGScheduler: Submitting 2 missing tasks from ResultStage 2 (MapPartitionsRDD[61] at jdbc at NativeMethodAccessorImpl.java:0) (first 15 tasks are for partitions Vector(0, 1))
[2025-09-06T13:52:35.007+0000] {spark_submit.py:579} INFO - 25/09/06 13:52:35 INFO TaskSchedulerImpl: Adding task set 2.0 with 2 tasks resource profile 0
[2025-09-06T13:52:35.009+0000] {spark_submit.py:579} INFO - 25/09/06 13:52:35 INFO TaskSetManager: Starting task 0.0 in stage 2.0 (TID 4) (172.18.0.4,executor 0, partition 0, PROCESS_LOCAL, 18149 bytes)
[2025-09-06T13:52:35.010+0000] {spark_submit.py:579} INFO - 25/09/06 13:52:35 INFO TaskSetManager: Starting task 1.0 in stage 2.0 (TID 5) (172.18.0.4,executor 0, partition 1, PROCESS_LOCAL, 18051 bytes)
[2025-09-06T13:52:35.548+0000] {spark_submit.py:579} INFO - 25/09/06 13:52:35 INFO TaskSetManager: Finished task 1.0 in stage 2.0 (TID 5) in 538 ms on 172.18.0.4 (executor 0) (1/2)
[2025-09-06T13:52:35.573+0000] {spark_submit.py:579} INFO - 25/09/06 13:52:35 INFO TaskSetManager: Finished task 0.0 in stage 2.0 (TID 4) in 564 ms on 172.18.0.4 (executor 0) (2/2)
[2025-09-06T13:52:35.576+0000] {spark_submit.py:579} INFO - 25/09/06 13:52:35 INFO TaskSchedulerImpl: Removed TaskSet 2.0 whose tasks have all completed, from pool
[2025-09-06T13:52:35.577+0000] {spark_submit.py:579} INFO - 25/09/06 13:52:35 INFO DAGScheduler: ResultStage 2 (jdbc at NativeMethodAccessorImpl.java:0) finished in 589 ms
[2025-09-06T13:52:35.577+0000] {spark_submit.py:579} INFO - 25/09/06 13:52:35 INFO DAGScheduler: Job 2 is finished. Cancelling potential speculative or zombie tasks for this job
[2025-09-06T13:52:35.577+0000] {spark_submit.py:579} INFO - 25/09/06 13:52:35 INFO TaskSchedulerImpl: Canceling stage 2
[2025-09-06T13:52:35.577+0000] {spark_submit.py:579} INFO - 25/09/06 13:52:35 INFO TaskSchedulerImpl: Killing all running tasks in stage 2: Stage finished
[2025-09-06T13:52:35.578+0000] {spark_submit.py:579} INFO - 25/09/06 13:52:35 INFO DAGScheduler: Job 2 finished: jdbc at NativeMethodAccessorImpl.java:0, took 592.958916 ms
[2025-09-06T13:52:36.158+0000] {spark_submit.py:579} INFO - table live_blitz has been loaded
[2025-09-06T13:52:36.543+0000] {spark_submit.py:579} INFO - 25/09/06 13:52:36 INFO CodeGenerator: Code generated in 27.005567 ms
[2025-09-06T13:52:36.566+0000] {spark_submit.py:579} INFO - 25/09/06 13:52:36 INFO SparkContext: Starting job: jdbc at NativeMethodAccessorImpl.java:0
[2025-09-06T13:52:36.567+0000] {spark_submit.py:579} INFO - 25/09/06 13:52:36 INFO DAGScheduler: Got job 3 (jdbc at NativeMethodAccessorImpl.java:0) with 2 output partitions
[2025-09-06T13:52:36.568+0000] {spark_submit.py:579} INFO - 25/09/06 13:52:36 INFO DAGScheduler: Final stage: ResultStage 3 (jdbc at NativeMethodAccessorImpl.java:0)
[2025-09-06T13:52:36.568+0000] {spark_submit.py:579} INFO - 25/09/06 13:52:36 INFO DAGScheduler: Parents of final stage: List()
[2025-09-06T13:52:36.569+0000] {spark_submit.py:579} INFO - 25/09/06 13:52:36 INFO DAGScheduler: Missing parents: List()
[2025-09-06T13:52:36.569+0000] {spark_submit.py:579} INFO - 25/09/06 13:52:36 INFO DAGScheduler: Submitting ResultStage 3 (MapPartitionsRDD[65] at jdbc at NativeMethodAccessorImpl.java:0), which has no missing parents
[2025-09-06T13:52:36.572+0000] {spark_submit.py:579} INFO - 25/09/06 13:52:36 INFO MemoryStore: Block broadcast_3 stored as values in memory (estimated size 33.8 KiB, free 434.3 MiB)
[2025-09-06T13:52:36.579+0000] {spark_submit.py:579} INFO - 25/09/06 13:52:36 INFO MemoryStore: Block broadcast_3_piece0 stored as bytes in memory (estimated size 14.5 KiB, free 434.3 MiB)
[2025-09-06T13:52:36.581+0000] {spark_submit.py:579} INFO - 25/09/06 13:52:36 INFO SparkContext: Created broadcast 3 from broadcast at DAGScheduler.scala:1676
[2025-09-06T13:52:36.583+0000] {spark_submit.py:579} INFO - 25/09/06 13:52:36 INFO DAGScheduler: Submitting 2 missing tasks from ResultStage 3 (MapPartitionsRDD[65] at jdbc at NativeMethodAccessorImpl.java:0) (first 15 tasks are for partitions Vector(0, 1))
[2025-09-06T13:52:36.584+0000] {spark_submit.py:579} INFO - 25/09/06 13:52:36 INFO TaskSchedulerImpl: Adding task set 3.0 with 2 tasks resource profile 0
[2025-09-06T13:52:36.585+0000] {spark_submit.py:579} INFO - 25/09/06 13:52:36 INFO TaskSetManager: Starting task 0.0 in stage 3.0 (TID 6) (172.18.0.4,executor 0, partition 0, PROCESS_LOCAL, 18133 bytes)
[2025-09-06T13:52:36.586+0000] {spark_submit.py:579} INFO - 25/09/06 13:52:36 INFO TaskSetManager: Starting task 1.0 in stage 3.0 (TID 7) (172.18.0.4,executor 0, partition 1, PROCESS_LOCAL, 18007 bytes)
[2025-09-06T13:52:37.228+0000] {spark_submit.py:579} INFO - 25/09/06 13:52:37 INFO TaskSetManager: Finished task 1.0 in stage 3.0 (TID 7) in 642 ms on 172.18.0.4 (executor 0) (1/2)
[2025-09-06T13:52:37.247+0000] {spark_submit.py:579} INFO - 25/09/06 13:52:37 INFO TaskSetManager: Finished task 0.0 in stage 3.0 (TID 6) in 662 ms on 172.18.0.4 (executor 0) (2/2)
[2025-09-06T13:52:37.248+0000] {spark_submit.py:579} INFO - 25/09/06 13:52:37 INFO TaskSchedulerImpl: Removed TaskSet 3.0 whose tasks have all completed, from pool
[2025-09-06T13:52:37.249+0000] {spark_submit.py:579} INFO - 25/09/06 13:52:37 INFO DAGScheduler: ResultStage 3 (jdbc at NativeMethodAccessorImpl.java:0) finished in 679 ms
[2025-09-06T13:52:37.249+0000] {spark_submit.py:579} INFO - 25/09/06 13:52:37 INFO DAGScheduler: Job 3 is finished. Cancelling potential speculative or zombie tasks for this job
[2025-09-06T13:52:37.249+0000] {spark_submit.py:579} INFO - 25/09/06 13:52:37 INFO TaskSchedulerImpl: Canceling stage 3
[2025-09-06T13:52:37.250+0000] {spark_submit.py:579} INFO - 25/09/06 13:52:37 INFO TaskSchedulerImpl: Killing all running tasks in stage 3: Stage finished
[2025-09-06T13:52:37.250+0000] {spark_submit.py:579} INFO - 25/09/06 13:52:37 INFO DAGScheduler: Job 3 finished: jdbc at NativeMethodAccessorImpl.java:0, took 682.808603 ms
[2025-09-06T13:52:37.749+0000] {spark_submit.py:579} INFO - table live_bullet has been loaded
[2025-09-06T13:52:38.108+0000] {spark_submit.py:579} INFO - 25/09/06 13:52:38 INFO CodeGenerator: Code generated in 16.613109 ms
[2025-09-06T13:52:38.126+0000] {spark_submit.py:579} INFO - 25/09/06 13:52:38 INFO SparkContext: Starting job: jdbc at NativeMethodAccessorImpl.java:0
[2025-09-06T13:52:38.128+0000] {spark_submit.py:579} INFO - 25/09/06 13:52:38 INFO DAGScheduler: Got job 4 (jdbc at NativeMethodAccessorImpl.java:0) with 2 output partitions
[2025-09-06T13:52:38.129+0000] {spark_submit.py:579} INFO - 25/09/06 13:52:38 INFO DAGScheduler: Final stage: ResultStage 4 (jdbc at NativeMethodAccessorImpl.java:0)
[2025-09-06T13:52:38.129+0000] {spark_submit.py:579} INFO - 25/09/06 13:52:38 INFO DAGScheduler: Parents of final stage: List()
[2025-09-06T13:52:38.129+0000] {spark_submit.py:579} INFO - 25/09/06 13:52:38 INFO DAGScheduler: Missing parents: List()
[2025-09-06T13:52:38.130+0000] {spark_submit.py:579} INFO - 25/09/06 13:52:38 INFO DAGScheduler: Submitting ResultStage 4 (MapPartitionsRDD[69] at jdbc at NativeMethodAccessorImpl.java:0), which has no missing parents
[2025-09-06T13:52:38.131+0000] {spark_submit.py:579} INFO - 25/09/06 13:52:38 INFO MemoryStore: Block broadcast_4 stored as values in memory (estimated size 28.1 KiB, free 434.3 MiB)
[2025-09-06T13:52:38.137+0000] {spark_submit.py:579} INFO - 25/09/06 13:52:38 INFO MemoryStore: Block broadcast_4_piece0 stored as bytes in memory (estimated size 12.5 KiB, free 434.3 MiB)
[2025-09-06T13:52:38.140+0000] {spark_submit.py:579} INFO - 25/09/06 13:52:38 INFO SparkContext: Created broadcast 4 from broadcast at DAGScheduler.scala:1676
[2025-09-06T13:52:38.141+0000] {spark_submit.py:579} INFO - 25/09/06 13:52:38 INFO DAGScheduler: Submitting 2 missing tasks from ResultStage 4 (MapPartitionsRDD[69] at jdbc at NativeMethodAccessorImpl.java:0) (first 15 tasks are for partitions Vector(0, 1))
[2025-09-06T13:52:38.142+0000] {spark_submit.py:579} INFO - 25/09/06 13:52:38 INFO TaskSchedulerImpl: Adding task set 4.0 with 2 tasks resource profile 0
[2025-09-06T13:52:38.143+0000] {spark_submit.py:579} INFO - 25/09/06 13:52:38 INFO TaskSetManager: Starting task 0.0 in stage 4.0 (TID 8) (172.18.0.4,executor 0, partition 0, PROCESS_LOCAL, 9868 bytes)
[2025-09-06T13:52:38.144+0000] {spark_submit.py:579} INFO - 25/09/06 13:52:38 INFO TaskSetManager: Starting task 1.0 in stage 4.0 (TID 9) (172.18.0.4,executor 0, partition 1, PROCESS_LOCAL, 10002 bytes)
[2025-09-06T13:52:38.337+0000] {spark_submit.py:579} INFO - 25/09/06 13:52:38 INFO TaskSetManager: Finished task 0.0 in stage 4.0 (TID 8) in 194 ms on 172.18.0.4 (executor 0) (1/2)
[2025-09-06T13:52:38.720+0000] {spark_submit.py:579} INFO - 25/09/06 13:52:38 INFO TaskSetManager: Finished task 1.0 in stage 4.0 (TID 9) in 577 ms on 172.18.0.4 (executor 0) (2/2)
[2025-09-06T13:52:38.721+0000] {spark_submit.py:579} INFO - 25/09/06 13:52:38 INFO TaskSchedulerImpl: Removed TaskSet 4.0 whose tasks have all completed, from pool
[2025-09-06T13:52:38.721+0000] {spark_submit.py:579} INFO - 25/09/06 13:52:38 INFO DAGScheduler: ResultStage 4 (jdbc at NativeMethodAccessorImpl.java:0) finished in 592 ms
[2025-09-06T13:52:38.721+0000] {spark_submit.py:579} INFO - 25/09/06 13:52:38 INFO DAGScheduler: Job 4 is finished. Cancelling potential speculative or zombie tasks for this job
[2025-09-06T13:52:38.722+0000] {spark_submit.py:579} INFO - 25/09/06 13:52:38 INFO TaskSchedulerImpl: Canceling stage 4
[2025-09-06T13:52:38.722+0000] {spark_submit.py:579} INFO - 25/09/06 13:52:38 INFO TaskSchedulerImpl: Killing all running tasks in stage 4: Stage finished
[2025-09-06T13:52:38.722+0000] {spark_submit.py:579} INFO - 25/09/06 13:52:38 INFO DAGScheduler: Job 4 finished: jdbc at NativeMethodAccessorImpl.java:0, took 596.045307 ms
[2025-09-06T13:52:39.319+0000] {spark_submit.py:579} INFO - table kue_daily has been loaded
[2025-09-06T13:52:39.860+0000] {spark_submit.py:579} INFO - 25/09/06 13:52:39 INFO CodeGenerator: Code generated in 11.789645 ms
[2025-09-06T13:52:39.871+0000] {spark_submit.py:579} INFO - 25/09/06 13:52:39 INFO SparkContext: Starting job: jdbc at NativeMethodAccessorImpl.java:0
[2025-09-06T13:52:39.872+0000] {spark_submit.py:579} INFO - 25/09/06 13:52:39 INFO DAGScheduler: Got job 5 (jdbc at NativeMethodAccessorImpl.java:0) with 2 output partitions
[2025-09-06T13:52:39.873+0000] {spark_submit.py:579} INFO - 25/09/06 13:52:39 INFO DAGScheduler: Final stage: ResultStage 5 (jdbc at NativeMethodAccessorImpl.java:0)
[2025-09-06T13:52:39.873+0000] {spark_submit.py:579} INFO - 25/09/06 13:52:39 INFO DAGScheduler: Parents of final stage: List()
[2025-09-06T13:52:39.873+0000] {spark_submit.py:579} INFO - 25/09/06 13:52:39 INFO DAGScheduler: Missing parents: List()
[2025-09-06T13:52:39.874+0000] {spark_submit.py:579} INFO - 25/09/06 13:52:39 INFO DAGScheduler: Submitting ResultStage 5 (MapPartitionsRDD[73] at jdbc at NativeMethodAccessorImpl.java:0), which has no missing parents
[2025-09-06T13:52:39.876+0000] {spark_submit.py:579} INFO - 25/09/06 13:52:39 INFO MemoryStore: Block broadcast_5 stored as values in memory (estimated size 27.1 KiB, free 434.3 MiB)
[2025-09-06T13:52:39.882+0000] {spark_submit.py:579} INFO - 25/09/06 13:52:39 INFO MemoryStore: Block broadcast_5_piece0 stored as bytes in memory (estimated size 12.4 KiB, free 434.3 MiB)
[2025-09-06T13:52:39.884+0000] {spark_submit.py:579} INFO - 25/09/06 13:52:39 INFO SparkContext: Created broadcast 5 from broadcast at DAGScheduler.scala:1676
[2025-09-06T13:52:39.885+0000] {spark_submit.py:579} INFO - 25/09/06 13:52:39 INFO DAGScheduler: Submitting 2 missing tasks from ResultStage 5 (MapPartitionsRDD[73] at jdbc at NativeMethodAccessorImpl.java:0) (first 15 tasks are for partitions Vector(0, 1))
[2025-09-06T13:52:39.885+0000] {spark_submit.py:579} INFO - 25/09/06 13:52:39 INFO TaskSchedulerImpl: Adding task set 5.0 with 2 tasks resource profile 0
[2025-09-06T13:52:39.887+0000] {spark_submit.py:579} INFO - 25/09/06 13:52:39 INFO TaskSetManager: Starting task 0.0 in stage 5.0 (TID 10) (172.18.0.4,executor 0, partition 0, PROCESS_LOCAL, 9868 bytes)
[2025-09-06T13:52:39.887+0000] {spark_submit.py:579} INFO - 25/09/06 13:52:39 INFO TaskSetManager: Starting task 1.0 in stage 5.0 (TID 11) (172.18.0.4,executor 0, partition 1, PROCESS_LOCAL, 10001 bytes)
[2025-09-06T13:52:40.066+0000] {spark_submit.py:579} INFO - 25/09/06 13:52:40 INFO TaskSetManager: Finished task 0.0 in stage 5.0 (TID 10) in 179 ms on 172.18.0.4 (executor 0) (1/2)
[2025-09-06T13:52:40.311+0000] {spark_submit.py:579} INFO - 25/09/06 13:52:40 INFO TaskSetManager: Finished task 1.0 in stage 5.0 (TID 11) in 423 ms on 172.18.0.4 (executor 0) (2/2)
[2025-09-06T13:52:40.316+0000] {spark_submit.py:579} INFO - 25/09/06 13:52:40 INFO TaskSchedulerImpl: Removed TaskSet 5.0 whose tasks have all completed, from pool
[2025-09-06T13:52:40.317+0000] {spark_submit.py:579} INFO - 25/09/06 13:52:40 INFO DAGScheduler: ResultStage 5 (jdbc at NativeMethodAccessorImpl.java:0) finished in 438 ms
[2025-09-06T13:52:40.318+0000] {spark_submit.py:579} INFO - 25/09/06 13:52:40 INFO DAGScheduler: Job 5 is finished. Cancelling potential speculative or zombie tasks for this job
[2025-09-06T13:52:40.319+0000] {spark_submit.py:579} INFO - 25/09/06 13:52:40 INFO TaskSchedulerImpl: Canceling stage 5
[2025-09-06T13:52:40.320+0000] {spark_submit.py:579} INFO - 25/09/06 13:52:40 INFO TaskSchedulerImpl: Killing all running tasks in stage 5: Stage finished
[2025-09-06T13:52:40.320+0000] {spark_submit.py:579} INFO - 25/09/06 13:52:40 INFO DAGScheduler: Job 5 finished: jdbc at NativeMethodAccessorImpl.java:0, took 441.667462 ms
[2025-09-06T13:52:40.830+0000] {spark_submit.py:579} INFO - table kue_rapid has been loaded
[2025-09-06T13:52:41.155+0000] {spark_submit.py:579} INFO - 25/09/06 13:52:41 INFO SparkContext: Starting job: jdbc at NativeMethodAccessorImpl.java:0
[2025-09-06T13:52:41.156+0000] {spark_submit.py:579} INFO - 25/09/06 13:52:41 INFO DAGScheduler: Got job 6 (jdbc at NativeMethodAccessorImpl.java:0) with 2 output partitions
[2025-09-06T13:52:41.156+0000] {spark_submit.py:579} INFO - 25/09/06 13:52:41 INFO DAGScheduler: Final stage: ResultStage 6 (jdbc at NativeMethodAccessorImpl.java:0)
[2025-09-06T13:52:41.157+0000] {spark_submit.py:579} INFO - 25/09/06 13:52:41 INFO DAGScheduler: Parents of final stage: List()
[2025-09-06T13:52:41.157+0000] {spark_submit.py:579} INFO - 25/09/06 13:52:41 INFO DAGScheduler: Missing parents: List()
[2025-09-06T13:52:41.158+0000] {spark_submit.py:579} INFO - 25/09/06 13:52:41 INFO DAGScheduler: Submitting ResultStage 6 (MapPartitionsRDD[77] at jdbc at NativeMethodAccessorImpl.java:0), which has no missing parents
[2025-09-06T13:52:41.159+0000] {spark_submit.py:579} INFO - 25/09/06 13:52:41 INFO MemoryStore: Block broadcast_6 stored as values in memory (estimated size 27.1 KiB, free 434.3 MiB)
[2025-09-06T13:52:41.164+0000] {spark_submit.py:579} INFO - 25/09/06 13:52:41 INFO MemoryStore: Block broadcast_6_piece0 stored as bytes in memory (estimated size 12.4 KiB, free 434.3 MiB)
[2025-09-06T13:52:41.167+0000] {spark_submit.py:579} INFO - 25/09/06 13:52:41 INFO SparkContext: Created broadcast 6 from broadcast at DAGScheduler.scala:1676
[2025-09-06T13:52:41.167+0000] {spark_submit.py:579} INFO - 25/09/06 13:52:41 INFO DAGScheduler: Submitting 2 missing tasks from ResultStage 6 (MapPartitionsRDD[77] at jdbc at NativeMethodAccessorImpl.java:0) (first 15 tasks are for partitions Vector(0, 1))
[2025-09-06T13:52:41.168+0000] {spark_submit.py:579} INFO - 25/09/06 13:52:41 INFO TaskSchedulerImpl: Adding task set 6.0 with 2 tasks resource profile 0
[2025-09-06T13:52:41.169+0000] {spark_submit.py:579} INFO - 25/09/06 13:52:41 INFO TaskSetManager: Starting task 0.0 in stage 6.0 (TID 12) (172.18.0.4,executor 0, partition 0, PROCESS_LOCAL, 9868 bytes)
[2025-09-06T13:52:41.170+0000] {spark_submit.py:579} INFO - 25/09/06 13:52:41 INFO TaskSetManager: Starting task 1.0 in stage 6.0 (TID 13) (172.18.0.4,executor 0, partition 1, PROCESS_LOCAL, 10001 bytes)
[2025-09-06T13:52:41.322+0000] {spark_submit.py:579} INFO - 25/09/06 13:52:41 INFO TaskSetManager: Finished task 0.0 in stage 6.0 (TID 12) in 153 ms on 172.18.0.4 (executor 0) (1/2)
[2025-09-06T13:52:41.699+0000] {spark_submit.py:579} INFO - 25/09/06 13:52:41 INFO TaskSetManager: Finished task 1.0 in stage 6.0 (TID 13) in 530 ms on 172.18.0.4 (executor 0) (2/2)
[2025-09-06T13:52:41.700+0000] {spark_submit.py:579} INFO - 25/09/06 13:52:41 INFO TaskSchedulerImpl: Removed TaskSet 6.0 whose tasks have all completed, from pool
[2025-09-06T13:52:41.701+0000] {spark_submit.py:579} INFO - 25/09/06 13:52:41 INFO DAGScheduler: ResultStage 6 (jdbc at NativeMethodAccessorImpl.java:0) finished in 543 ms
[2025-09-06T13:52:41.701+0000] {spark_submit.py:579} INFO - 25/09/06 13:52:41 INFO DAGScheduler: Job 6 is finished. Cancelling potential speculative or zombie tasks for this job
[2025-09-06T13:52:41.702+0000] {spark_submit.py:579} INFO - 25/09/06 13:52:41 INFO TaskSchedulerImpl: Canceling stage 6
[2025-09-06T13:52:41.703+0000] {spark_submit.py:579} INFO - 25/09/06 13:52:41 INFO TaskSchedulerImpl: Killing all running tasks in stage 6: Stage finished
[2025-09-06T13:52:41.703+0000] {spark_submit.py:579} INFO - 25/09/06 13:52:41 INFO DAGScheduler: Job 6 finished: jdbc at NativeMethodAccessorImpl.java:0, took 545.840661 ms
[2025-09-06T13:52:42.196+0000] {spark_submit.py:579} INFO - table kue_blitz has been loaded
[2025-09-06T13:52:42.419+0000] {spark_submit.py:579} INFO - 25/09/06 13:52:42 INFO CodeGenerator: Code generated in 8.153946 ms
[2025-09-06T13:52:42.430+0000] {spark_submit.py:579} INFO - 25/09/06 13:52:42 INFO SparkContext: Starting job: jdbc at NativeMethodAccessorImpl.java:0
[2025-09-06T13:52:42.431+0000] {spark_submit.py:579} INFO - 25/09/06 13:52:42 INFO DAGScheduler: Got job 7 (jdbc at NativeMethodAccessorImpl.java:0) with 2 output partitions
[2025-09-06T13:52:42.432+0000] {spark_submit.py:579} INFO - 25/09/06 13:52:42 INFO DAGScheduler: Final stage: ResultStage 7 (jdbc at NativeMethodAccessorImpl.java:0)
[2025-09-06T13:52:42.432+0000] {spark_submit.py:579} INFO - 25/09/06 13:52:42 INFO DAGScheduler: Parents of final stage: List()
[2025-09-06T13:52:42.432+0000] {spark_submit.py:579} INFO - 25/09/06 13:52:42 INFO DAGScheduler: Missing parents: List()
[2025-09-06T13:52:42.433+0000] {spark_submit.py:579} INFO - 25/09/06 13:52:42 INFO DAGScheduler: Submitting ResultStage 7 (MapPartitionsRDD[81] at jdbc at NativeMethodAccessorImpl.java:0), which has no missing parents
[2025-09-06T13:52:42.436+0000] {spark_submit.py:579} INFO - 25/09/06 13:52:42 INFO MemoryStore: Block broadcast_7 stored as values in memory (estimated size 25.7 KiB, free 434.3 MiB)
[2025-09-06T13:52:42.442+0000] {spark_submit.py:579} INFO - 25/09/06 13:52:42 INFO MemoryStore: Block broadcast_7_piece0 stored as bytes in memory (estimated size 12.1 KiB, free 434.3 MiB)
[2025-09-06T13:52:42.444+0000] {spark_submit.py:579} INFO - 25/09/06 13:52:42 INFO SparkContext: Created broadcast 7 from broadcast at DAGScheduler.scala:1676
[2025-09-06T13:52:42.445+0000] {spark_submit.py:579} INFO - 25/09/06 13:52:42 INFO DAGScheduler: Submitting 2 missing tasks from ResultStage 7 (MapPartitionsRDD[81] at jdbc at NativeMethodAccessorImpl.java:0) (first 15 tasks are for partitions Vector(0, 1))
[2025-09-06T13:52:42.446+0000] {spark_submit.py:579} INFO - 25/09/06 13:52:42 INFO TaskSchedulerImpl: Adding task set 7.0 with 2 tasks resource profile 0
[2025-09-06T13:52:42.447+0000] {spark_submit.py:579} INFO - 25/09/06 13:52:42 INFO TaskSetManager: Starting task 0.0 in stage 7.0 (TID 14) (172.18.0.4,executor 0, partition 0, PROCESS_LOCAL, 9868 bytes)
[2025-09-06T13:52:42.448+0000] {spark_submit.py:579} INFO - 25/09/06 13:52:42 INFO TaskSetManager: Starting task 1.0 in stage 7.0 (TID 15) (172.18.0.4,executor 0, partition 1, PROCESS_LOCAL, 9927 bytes)
[2025-09-06T13:52:42.639+0000] {spark_submit.py:579} INFO - 25/09/06 13:52:42 INFO TaskSetManager: Finished task 0.0 in stage 7.0 (TID 14) in 193 ms on 172.18.0.4 (executor 0) (1/2)
[2025-09-06T13:52:42.862+0000] {spark_submit.py:579} INFO - 25/09/06 13:52:42 INFO TaskSetManager: Finished task 1.0 in stage 7.0 (TID 15) in 415 ms on 172.18.0.4 (executor 0) (2/2)
[2025-09-06T13:52:42.863+0000] {spark_submit.py:579} INFO - 25/09/06 13:52:42 INFO TaskSchedulerImpl: Removed TaskSet 7.0 whose tasks have all completed, from pool
[2025-09-06T13:52:42.863+0000] {spark_submit.py:579} INFO - 25/09/06 13:52:42 INFO DAGScheduler: ResultStage 7 (jdbc at NativeMethodAccessorImpl.java:0) finished in 430 ms
[2025-09-06T13:52:42.863+0000] {spark_submit.py:579} INFO - 25/09/06 13:52:42 INFO DAGScheduler: Job 7 is finished. Cancelling potential speculative or zombie tasks for this job
[2025-09-06T13:52:42.864+0000] {spark_submit.py:579} INFO - 25/09/06 13:52:42 INFO TaskSchedulerImpl: Canceling stage 7
[2025-09-06T13:52:42.864+0000] {spark_submit.py:579} INFO - 25/09/06 13:52:42 INFO TaskSchedulerImpl: Killing all running tasks in stage 7: Stage finished
[2025-09-06T13:52:42.865+0000] {spark_submit.py:579} INFO - 25/09/06 13:52:42 INFO DAGScheduler: Job 7 finished: jdbc at NativeMethodAccessorImpl.java:0, took 433.010288 ms
[2025-09-06T13:52:43.234+0000] {spark_submit.py:579} INFO - table kue_bullet has been loaded
[2025-09-06T13:52:43.438+0000] {spark_submit.py:579} INFO - 25/09/06 13:52:43 INFO CodeGenerator: Code generated in 6.914078 ms
[2025-09-06T13:52:43.449+0000] {spark_submit.py:579} INFO - 25/09/06 13:52:43 INFO SparkContext: Starting job: jdbc at NativeMethodAccessorImpl.java:0
[2025-09-06T13:52:43.450+0000] {spark_submit.py:579} INFO - 25/09/06 13:52:43 INFO DAGScheduler: Got job 8 (jdbc at NativeMethodAccessorImpl.java:0) with 2 output partitions
[2025-09-06T13:52:43.450+0000] {spark_submit.py:579} INFO - 25/09/06 13:52:43 INFO DAGScheduler: Final stage: ResultStage 8 (jdbc at NativeMethodAccessorImpl.java:0)
[2025-09-06T13:52:43.451+0000] {spark_submit.py:579} INFO - 25/09/06 13:52:43 INFO DAGScheduler: Parents of final stage: List()
[2025-09-06T13:52:43.452+0000] {spark_submit.py:579} INFO - 25/09/06 13:52:43 INFO DAGScheduler: Missing parents: List()
[2025-09-06T13:52:43.452+0000] {spark_submit.py:579} INFO - 25/09/06 13:52:43 INFO DAGScheduler: Submitting ResultStage 8 (MapPartitionsRDD[85] at jdbc at NativeMethodAccessorImpl.java:0), which has no missing parents
[2025-09-06T13:52:43.453+0000] {spark_submit.py:579} INFO - 25/09/06 13:52:43 INFO MemoryStore: Block broadcast_8 stored as values in memory (estimated size 25.3 KiB, free 434.3 MiB)
[2025-09-06T13:52:43.458+0000] {spark_submit.py:579} INFO - 25/09/06 13:52:43 INFO MemoryStore: Block broadcast_8_piece0 stored as bytes in memory (estimated size 12.0 KiB, free 434.3 MiB)
[2025-09-06T13:52:43.460+0000] {spark_submit.py:579} INFO - 25/09/06 13:52:43 INFO SparkContext: Created broadcast 8 from broadcast at DAGScheduler.scala:1676
[2025-09-06T13:52:43.461+0000] {spark_submit.py:579} INFO - 25/09/06 13:52:43 INFO DAGScheduler: Submitting 2 missing tasks from ResultStage 8 (MapPartitionsRDD[85] at jdbc at NativeMethodAccessorImpl.java:0) (first 15 tasks are for partitions Vector(0, 1))
[2025-09-06T13:52:43.462+0000] {spark_submit.py:579} INFO - 25/09/06 13:52:43 INFO TaskSchedulerImpl: Adding task set 8.0 with 2 tasks resource profile 0
[2025-09-06T13:52:43.463+0000] {spark_submit.py:579} INFO - 25/09/06 13:52:43 INFO TaskSetManager: Starting task 0.0 in stage 8.0 (TID 16) (172.18.0.4,executor 0, partition 0, PROCESS_LOCAL, 9868 bytes)
[2025-09-06T13:52:43.464+0000] {spark_submit.py:579} INFO - 25/09/06 13:52:43 INFO TaskSetManager: Starting task 1.0 in stage 8.0 (TID 17) (172.18.0.4,executor 0, partition 1, PROCESS_LOCAL, 9946 bytes)
[2025-09-06T13:52:43.636+0000] {spark_submit.py:579} INFO - 25/09/06 13:52:43 INFO TaskSetManager: Finished task 0.0 in stage 8.0 (TID 16) in 173 ms on 172.18.0.4 (executor 0) (1/2)
[2025-09-06T13:52:43.988+0000] {spark_submit.py:579} INFO - 25/09/06 13:52:43 INFO TaskSetManager: Finished task 1.0 in stage 8.0 (TID 17) in 524 ms on 172.18.0.4 (executor 0) (2/2)
[2025-09-06T13:52:43.990+0000] {spark_submit.py:579} INFO - 25/09/06 13:52:43 INFO TaskSchedulerImpl: Removed TaskSet 8.0 whose tasks have all completed, from pool
[2025-09-06T13:52:43.991+0000] {spark_submit.py:579} INFO - 25/09/06 13:52:43 INFO DAGScheduler: ResultStage 8 (jdbc at NativeMethodAccessorImpl.java:0) finished in 537 ms
[2025-09-06T13:52:43.992+0000] {spark_submit.py:579} INFO - 25/09/06 13:52:43 INFO DAGScheduler: Job 8 is finished. Cancelling potential speculative or zombie tasks for this job
[2025-09-06T13:52:44.001+0000] {spark_submit.py:579} INFO - 25/09/06 13:52:43 INFO TaskSchedulerImpl: Canceling stage 8
[2025-09-06T13:52:44.003+0000] {spark_submit.py:579} INFO - 25/09/06 13:52:43 INFO TaskSchedulerImpl: Killing all running tasks in stage 8: Stage finished
[2025-09-06T13:52:44.003+0000] {spark_submit.py:579} INFO - 25/09/06 13:52:43 INFO DAGScheduler: Job 8 finished: jdbc at NativeMethodAccessorImpl.java:0, took 539.925437 ms
[2025-09-06T13:52:44.394+0000] {spark_submit.py:579} INFO - table kue_tactics has been loaded
[2025-09-06T13:52:44.959+0000] {spark_submit.py:579} INFO - 25/09/06 13:52:44 INFO CodeGenerator: Code generated in 9.211604 ms
[2025-09-06T13:52:44.975+0000] {spark_submit.py:579} INFO - 25/09/06 13:52:44 INFO SparkContext: Starting job: jdbc at NativeMethodAccessorImpl.java:0
[2025-09-06T13:52:44.976+0000] {spark_submit.py:579} INFO - 25/09/06 13:52:44 INFO DAGScheduler: Got job 9 (jdbc at NativeMethodAccessorImpl.java:0) with 2 output partitions
[2025-09-06T13:52:44.976+0000] {spark_submit.py:579} INFO - 25/09/06 13:52:44 INFO DAGScheduler: Final stage: ResultStage 9 (jdbc at NativeMethodAccessorImpl.java:0)
[2025-09-06T13:52:44.977+0000] {spark_submit.py:579} INFO - 25/09/06 13:52:44 INFO DAGScheduler: Parents of final stage: List()
[2025-09-06T13:52:44.978+0000] {spark_submit.py:579} INFO - 25/09/06 13:52:44 INFO DAGScheduler: Missing parents: List()
[2025-09-06T13:52:44.979+0000] {spark_submit.py:579} INFO - 25/09/06 13:52:44 INFO DAGScheduler: Submitting ResultStage 9 (MapPartitionsRDD[89] at jdbc at NativeMethodAccessorImpl.java:0), which has no missing parents
[2025-09-06T13:52:44.980+0000] {spark_submit.py:579} INFO - 25/09/06 13:52:44 INFO MemoryStore: Block broadcast_9 stored as values in memory (estimated size 23.6 KiB, free 434.3 MiB)
[2025-09-06T13:52:44.987+0000] {spark_submit.py:579} INFO - 25/09/06 13:52:44 INFO MemoryStore: Block broadcast_9_piece0 stored as bytes in memory (estimated size 11.4 KiB, free 434.3 MiB)
[2025-09-06T13:52:45.048+0000] {spark_submit.py:579} INFO - 25/09/06 13:52:45 INFO SparkContext: Created broadcast 9 from broadcast at DAGScheduler.scala:1676
[2025-09-06T13:52:45.051+0000] {spark_submit.py:579} INFO - 25/09/06 13:52:45 INFO DAGScheduler: Submitting 2 missing tasks from ResultStage 9 (MapPartitionsRDD[89] at jdbc at NativeMethodAccessorImpl.java:0) (first 15 tasks are for partitions Vector(0, 1))
[2025-09-06T13:52:45.052+0000] {spark_submit.py:579} INFO - 25/09/06 13:52:45 INFO TaskSchedulerImpl: Adding task set 9.0 with 2 tasks resource profile 0
[2025-09-06T13:52:45.054+0000] {spark_submit.py:579} INFO - 25/09/06 13:52:45 INFO TaskSetManager: Starting task 0.0 in stage 9.0 (TID 18) (172.18.0.4,executor 0, partition 0, PROCESS_LOCAL, 9868 bytes)
[2025-09-06T13:52:45.055+0000] {spark_submit.py:579} INFO - 25/09/06 13:52:45 INFO TaskSetManager: Starting task 1.0 in stage 9.0 (TID 19) (172.18.0.4,executor 0, partition 1, PROCESS_LOCAL, 9899 bytes)
[2025-09-06T13:52:45.398+0000] {spark_submit.py:579} INFO - 25/09/06 13:52:45 INFO TaskSetManager: Finished task 0.0 in stage 9.0 (TID 18) in 348 ms on 172.18.0.4 (executor 0) (1/2)
[2025-09-06T13:52:45.882+0000] {spark_submit.py:579} INFO - 25/09/06 13:52:45 INFO TaskSetManager: Finished task 1.0 in stage 9.0 (TID 19) in 831 ms on 172.18.0.4 (executor 0) (2/2)
[2025-09-06T13:52:45.882+0000] {spark_submit.py:579} INFO - 25/09/06 13:52:45 INFO TaskSchedulerImpl: Removed TaskSet 9.0 whose tasks have all completed, from pool
[2025-09-06T13:52:45.882+0000] {spark_submit.py:579} INFO - 25/09/06 13:52:45 INFO DAGScheduler: ResultStage 9 (jdbc at NativeMethodAccessorImpl.java:0) finished in 904 ms
[2025-09-06T13:52:45.883+0000] {spark_submit.py:579} INFO - 25/09/06 13:52:45 INFO DAGScheduler: Job 9 is finished. Cancelling potential speculative or zombie tasks for this job
[2025-09-06T13:52:45.883+0000] {spark_submit.py:579} INFO - 25/09/06 13:52:45 INFO TaskSchedulerImpl: Canceling stage 9
[2025-09-06T13:52:45.883+0000] {spark_submit.py:579} INFO - 25/09/06 13:52:45 INFO TaskSchedulerImpl: Killing all running tasks in stage 9: Stage finished
[2025-09-06T13:52:45.884+0000] {spark_submit.py:579} INFO - 25/09/06 13:52:45 INFO DAGScheduler: Job 9 finished: jdbc at NativeMethodAccessorImpl.java:0, took 907.941128 ms
[2025-09-06T13:52:46.431+0000] {spark_submit.py:579} INFO - table kue_puzzle_rush has been loaded
[2025-09-06T13:52:47.084+0000] {spark_submit.py:579} INFO - 25/09/06 13:52:47 INFO SparkContext: Invoking stop() from shutdown hook
[2025-09-06T13:52:47.086+0000] {spark_submit.py:579} INFO - 25/09/06 13:52:47 INFO SparkContext: SparkContext is stopping with exitCode 0 from run at Executors.java:539.
[2025-09-06T13:52:47.106+0000] {spark_submit.py:579} INFO - 25/09/06 13:52:47 INFO SparkUI: Stopped Spark web UI at http://ac03ab483d89:4040
[2025-09-06T13:52:47.111+0000] {spark_submit.py:579} INFO - 25/09/06 13:52:47 INFO StandaloneSchedulerBackend: Shutting down all executors
[2025-09-06T13:52:47.111+0000] {spark_submit.py:579} INFO - 25/09/06 13:52:47 INFO StandaloneSchedulerBackend$StandaloneDriverEndpoint: Asking each executor to shut down
[2025-09-06T13:52:47.135+0000] {spark_submit.py:579} INFO - 25/09/06 13:52:47 INFO MapOutputTrackerMasterEndpoint: MapOutputTrackerMasterEndpoint stopped!
[2025-09-06T13:52:47.179+0000] {spark_submit.py:579} INFO - 25/09/06 13:52:47 INFO MemoryStore: MemoryStore cleared
[2025-09-06T13:52:47.180+0000] {spark_submit.py:579} INFO - 25/09/06 13:52:47 INFO BlockManager: BlockManager stopped
[2025-09-06T13:52:47.183+0000] {spark_submit.py:579} INFO - 25/09/06 13:52:47 INFO BlockManagerMaster: BlockManagerMaster stopped
[2025-09-06T13:52:47.188+0000] {spark_submit.py:579} INFO - 25/09/06 13:52:47 INFO OutputCommitCoordinator$OutputCommitCoordinatorEndpoint: OutputCommitCoordinator stopped!
[2025-09-06T13:52:47.216+0000] {spark_submit.py:579} INFO - 25/09/06 13:52:47 INFO SparkContext: Successfully stopped SparkContext
[2025-09-06T13:52:47.216+0000] {spark_submit.py:579} INFO - 25/09/06 13:52:47 INFO ShutdownHookManager: Shutdown hook called
[2025-09-06T13:52:47.218+0000] {spark_submit.py:579} INFO - 25/09/06 13:52:47 INFO ShutdownHookManager: Deleting directory /opt/***/artifacts/spark-4d0710b2-5e21-4961-9f44-2ce963bcb973
[2025-09-06T13:52:47.241+0000] {spark_submit.py:579} INFO - 25/09/06 13:52:47 INFO ShutdownHookManager: Deleting directory /tmp/spark-dbc9a3d5-244a-4fef-96e4-9d3caa8324c4
[2025-09-06T13:52:47.255+0000] {spark_submit.py:579} INFO - 25/09/06 13:52:47 INFO ShutdownHookManager: Deleting directory /tmp/spark-dbc9a3d5-244a-4fef-96e4-9d3caa8324c4/pyspark-2b6f53f6-4dac-44f4-bf22-78725cf1145e
[2025-09-06T13:52:47.269+0000] {spark_submit.py:579} INFO - 25/09/06 13:52:47 INFO ShutdownHookManager: Deleting directory /tmp/spark-9ebeaccd-1812-4bf3-af98-e095b85cc072
[2025-09-06T13:52:47.641+0000] {taskinstance.py:1398} INFO - Marking task as SUCCESS. dag_id=sparking_flow, task_id=python_job, execution_date=20250906T135203, start_date=20250906T135207, end_date=20250906T135247
[2025-09-06T13:52:47.895+0000] {local_task_job_runner.py:228} INFO - Task exited with return code 0
[2025-09-06T13:52:48.011+0000] {taskinstance.py:2776} INFO - 1 downstream tasks scheduled from follow-on schedule check
