[2025-08-18T04:12:31.585+0000] {taskinstance.py:1157} INFO - Dependencies all met for dep_context=non-requeueable deps ti=<TaskInstance: sparking_flow.python_job scheduled__2025-08-18T02:00:00+00:00 [queued]>
[2025-08-18T04:12:31.594+0000] {taskinstance.py:1157} INFO - Dependencies all met for dep_context=requeueable deps ti=<TaskInstance: sparking_flow.python_job scheduled__2025-08-18T02:00:00+00:00 [queued]>
[2025-08-18T04:12:31.595+0000] {taskinstance.py:1359} INFO - Starting attempt 1 of 1
[2025-08-18T04:12:31.609+0000] {taskinstance.py:1380} INFO - Executing <Task(SparkSubmitOperator): python_job> on 2025-08-18 02:00:00+00:00
[2025-08-18T04:12:31.616+0000] {standard_task_runner.py:57} INFO - Started process 581 to run task
[2025-08-18T04:12:31.619+0000] {standard_task_runner.py:84} INFO - Running: ['***', 'tasks', 'run', 'sparking_flow', 'python_job', 'scheduled__2025-08-18T02:00:00+00:00', '--job-id', '34', '--raw', '--subdir', 'DAGS_FOLDER/spark_***.py', '--cfg-path', '/tmp/tmpprxxj60x']
[2025-08-18T04:12:31.622+0000] {standard_task_runner.py:85} INFO - Job 34: Subtask python_job
[2025-08-18T04:12:31.692+0000] {task_command.py:415} INFO - Running <TaskInstance: sparking_flow.python_job scheduled__2025-08-18T02:00:00+00:00 [running]> on host 81b7fe425a18
[2025-08-18T04:12:31.839+0000] {taskinstance.py:1660} INFO - Exporting env vars: AIRFLOW_CTX_DAG_OWNER='Yusuf Ganiyu' AIRFLOW_CTX_DAG_ID='sparking_flow' AIRFLOW_CTX_TASK_ID='python_job' AIRFLOW_CTX_EXECUTION_DATE='2025-08-18T02:00:00+00:00' AIRFLOW_CTX_TRY_NUMBER='1' AIRFLOW_CTX_DAG_RUN_ID='scheduled__2025-08-18T02:00:00+00:00'
[2025-08-18T04:12:31.852+0000] {base.py:73} INFO - Using connection ID 'spark-conn' for task execution.
[2025-08-18T04:12:31.853+0000] {spark_submit.py:403} INFO - Spark-Submit cmd: spark-submit --master spark://spark-master:7077 --jars /opt/spark/external-jars/apache-spark-sql-connector.jar --name arrow-spark --deploy-mode client jobs/python/wordcountjob.py
[2025-08-18T04:12:32.497+0000] {spark_submit.py:579} INFO - WARNING: Using incubator modules: jdk.incubator.vector
[2025-08-18T04:12:35.285+0000] {spark_submit.py:579} INFO - 25/08/18 04:12:35 WARN NativeCodeLoader: Unable to load native-hadoop library for your platform... using builtin-java classes where applicable
[2025-08-18T04:12:37.734+0000] {spark_submit.py:579} INFO - Using Spark's default log4j profile: org/apache/spark/log4j2-defaults.properties
[2025-08-18T04:12:37.740+0000] {spark_submit.py:579} INFO - 25/08/18 04:12:37 INFO SparkContext: Running Spark version 4.0.0
[2025-08-18T04:12:37.741+0000] {spark_submit.py:579} INFO - 25/08/18 04:12:37 INFO SparkContext: OS info Linux, 6.6.87.2-microsoft-standard-WSL2, amd64
[2025-08-18T04:12:37.742+0000] {spark_submit.py:579} INFO - 25/08/18 04:12:37 INFO SparkContext: Java version 17.0.15
[2025-08-18T04:12:37.764+0000] {spark_submit.py:579} INFO - 25/08/18 04:12:37 INFO ResourceUtils: ==============================================================
[2025-08-18T04:12:37.764+0000] {spark_submit.py:579} INFO - 25/08/18 04:12:37 INFO ResourceUtils: No custom resources configured for spark.driver.
[2025-08-18T04:12:37.765+0000] {spark_submit.py:579} INFO - 25/08/18 04:12:37 INFO ResourceUtils: ==============================================================
[2025-08-18T04:12:37.766+0000] {spark_submit.py:579} INFO - 25/08/18 04:12:37 INFO SparkContext: Submitted application: PythonWordCount
[2025-08-18T04:12:37.790+0000] {spark_submit.py:579} INFO - 25/08/18 04:12:37 INFO ResourceProfile: Default ResourceProfile created, executor resources: Map(memory -> name: memory, amount: 1024, script: , vendor: , offHeap -> name: offHeap, amount: 0, script: , vendor: ), task resources: Map(cpus -> name: cpus, amount: 1.0)
[2025-08-18T04:12:37.793+0000] {spark_submit.py:579} INFO - 25/08/18 04:12:37 INFO ResourceProfile: Limiting resource is cpu
[2025-08-18T04:12:37.795+0000] {spark_submit.py:579} INFO - 25/08/18 04:12:37 INFO ResourceProfileManager: Added ResourceProfile id: 0
[2025-08-18T04:12:37.843+0000] {spark_submit.py:579} INFO - 25/08/18 04:12:37 INFO SecurityManager: Changing view acls to: ***
[2025-08-18T04:12:37.844+0000] {spark_submit.py:579} INFO - 25/08/18 04:12:37 INFO SecurityManager: Changing modify acls to: ***
[2025-08-18T04:12:37.845+0000] {spark_submit.py:579} INFO - 25/08/18 04:12:37 INFO SecurityManager: Changing view acls groups to: ***
[2025-08-18T04:12:37.845+0000] {spark_submit.py:579} INFO - 25/08/18 04:12:37 INFO SecurityManager: Changing modify acls groups to: ***
[2025-08-18T04:12:37.848+0000] {spark_submit.py:579} INFO - 25/08/18 04:12:37 INFO SecurityManager: SecurityManager: authentication disabled; ui acls disabled; users with view permissions: *** groups with view permissions: EMPTY; users with modify permissions: ***; groups with modify permissions: EMPTY; RPC SSL disabled
[2025-08-18T04:12:38.214+0000] {spark_submit.py:579} INFO - 25/08/18 04:12:38 INFO Utils: Successfully started service 'sparkDriver' on port 36751.
[2025-08-18T04:12:38.244+0000] {spark_submit.py:579} INFO - 25/08/18 04:12:38 INFO SparkEnv: Registering MapOutputTracker
[2025-08-18T04:12:38.257+0000] {spark_submit.py:579} INFO - 25/08/18 04:12:38 INFO SparkEnv: Registering BlockManagerMaster
[2025-08-18T04:12:38.274+0000] {spark_submit.py:579} INFO - 25/08/18 04:12:38 INFO BlockManagerMasterEndpoint: Using org.apache.spark.storage.DefaultTopologyMapper for getting topology information
[2025-08-18T04:12:38.275+0000] {spark_submit.py:579} INFO - 25/08/18 04:12:38 INFO BlockManagerMasterEndpoint: BlockManagerMasterEndpoint up
[2025-08-18T04:12:38.278+0000] {spark_submit.py:579} INFO - 25/08/18 04:12:38 INFO SparkEnv: Registering BlockManagerMasterHeartbeat
[2025-08-18T04:12:38.301+0000] {spark_submit.py:579} INFO - 25/08/18 04:12:38 INFO DiskBlockManager: Created local directory at /tmp/blockmgr-0484b07d-d7a8-4713-9570-267c39461433
[2025-08-18T04:12:38.321+0000] {spark_submit.py:579} INFO - 25/08/18 04:12:38 INFO SparkEnv: Registering OutputCommitCoordinator
[2025-08-18T04:12:38.484+0000] {spark_submit.py:579} INFO - 25/08/18 04:12:38 INFO JettyUtils: Start Jetty 0.0.0.0:4040 for SparkUI
[2025-08-18T04:12:38.554+0000] {spark_submit.py:579} INFO - 25/08/18 04:12:38 INFO Utils: Successfully started service 'SparkUI' on port 4040.
[2025-08-18T04:12:38.605+0000] {spark_submit.py:579} INFO - 25/08/18 04:12:38 INFO SparkContext: Added JAR file:///opt/spark/external-jars/apache-spark-sql-connector.jar at spark://81b7fe425a18:36751/jars/apache-spark-sql-connector.jar with timestamp 1755490357726
[2025-08-18T04:12:38.628+0000] {spark_submit.py:579} INFO - 25/08/18 04:12:38 INFO SecurityManager: Changing view acls to: ***
[2025-08-18T04:12:38.629+0000] {spark_submit.py:579} INFO - 25/08/18 04:12:38 INFO SecurityManager: Changing modify acls to: ***
[2025-08-18T04:12:38.630+0000] {spark_submit.py:579} INFO - 25/08/18 04:12:38 INFO SecurityManager: Changing view acls groups to: ***
[2025-08-18T04:12:38.630+0000] {spark_submit.py:579} INFO - 25/08/18 04:12:38 INFO SecurityManager: Changing modify acls groups to: ***
[2025-08-18T04:12:38.631+0000] {spark_submit.py:579} INFO - 25/08/18 04:12:38 INFO SecurityManager: SecurityManager: authentication disabled; ui acls disabled; users with view permissions: *** groups with view permissions: EMPTY; users with modify permissions: ***; groups with modify permissions: EMPTY; RPC SSL disabled
[2025-08-18T04:12:38.834+0000] {spark_submit.py:579} INFO - 25/08/18 04:12:38 INFO StandaloneAppClient$ClientEndpoint: Connecting to master spark://spark-master:7077...
[2025-08-18T04:12:38.890+0000] {spark_submit.py:579} INFO - 25/08/18 04:12:38 INFO TransportClientFactory: Successfully created connection to spark-master/172.18.0.3:7077 after 27 ms (0 ms spent in bootstraps)
[2025-08-18T04:12:39.017+0000] {spark_submit.py:579} INFO - 25/08/18 04:12:39 INFO StandaloneSchedulerBackend: Connected to Spark cluster with app ID app-20250818041238-0001
[2025-08-18T04:12:39.023+0000] {spark_submit.py:579} INFO - 25/08/18 04:12:39 INFO Utils: Successfully started service 'org.apache.spark.network.netty.NettyBlockTransferService' on port 39149.
[2025-08-18T04:12:39.024+0000] {spark_submit.py:579} INFO - 25/08/18 04:12:39 INFO NettyBlockTransferService: Server created on 81b7fe425a18:39149
[2025-08-18T04:12:39.025+0000] {spark_submit.py:579} INFO - 25/08/18 04:12:39 INFO BlockManager: Using org.apache.spark.storage.RandomBlockReplicationPolicy for block replication policy
[2025-08-18T04:12:39.032+0000] {spark_submit.py:579} INFO - 25/08/18 04:12:39 INFO StandaloneAppClient$ClientEndpoint: Executor added: app-20250818041238-0001/0 on worker-20250818040116-172.18.0.5-39965 (172.18.0.5:39965) with 2 core(s)
[2025-08-18T04:12:39.035+0000] {spark_submit.py:579} INFO - 25/08/18 04:12:39 INFO StandaloneSchedulerBackend: Granted executor ID app-20250818041238-0001/0 on hostPort 172.18.0.5:39965 with 2 core(s), 1024.0 MiB RAM
[2025-08-18T04:12:39.043+0000] {spark_submit.py:579} INFO - 25/08/18 04:12:39 INFO BlockManagerMaster: Registering BlockManager BlockManagerId(driver, 81b7fe425a18, 39149, None)
[2025-08-18T04:12:39.047+0000] {spark_submit.py:579} INFO - 25/08/18 04:12:39 INFO BlockManagerMasterEndpoint: Registering block manager 81b7fe425a18:39149 with 434.4 MiB RAM, BlockManagerId(driver, 81b7fe425a18, 39149, None)
[2025-08-18T04:12:39.049+0000] {spark_submit.py:579} INFO - 25/08/18 04:12:39 INFO BlockManagerMaster: Registered BlockManager BlockManagerId(driver, 81b7fe425a18, 39149, None)
[2025-08-18T04:12:39.050+0000] {spark_submit.py:579} INFO - 25/08/18 04:12:39 INFO BlockManager: Initialized BlockManager: BlockManagerId(driver, 81b7fe425a18, 39149, None)
[2025-08-18T04:12:39.171+0000] {spark_submit.py:579} INFO - 25/08/18 04:12:39 INFO StandaloneAppClient$ClientEndpoint: Executor updated: app-20250818041238-0001/0 is now RUNNING
[2025-08-18T04:12:39.234+0000] {spark_submit.py:579} INFO - 25/08/18 04:12:39 INFO StandaloneSchedulerBackend: SchedulerBackend is ready for scheduling beginning after reached minRegisteredResourcesRatio: 0.0
[2025-08-18T04:12:42.801+0000] {spark_submit.py:579} INFO - 25/08/18 04:12:42 INFO StandaloneSchedulerBackend$StandaloneDriverEndpoint: Registered executor NettyRpcEndpointRef(spark-client://Executor) (172.18.0.5:59548) with ID 0, ResourceProfileId 0
[2025-08-18T04:12:42.930+0000] {spark_submit.py:579} INFO - 25/08/18 04:12:42 INFO BlockManagerMasterEndpoint: Registering block manager 172.18.0.5:44953 with 434.4 MiB RAM, BlockManagerId(0, 172.18.0.5, 44953, None)
[2025-08-18T04:12:45.260+0000] {spark_submit.py:579} INFO - dict_keys(['daily', 'daily960', 'live_rapid', 'live_blitz', 'live_bullet', 'live_bughouse', 'live_blitz960', 'live_threecheck', 'live_crazyhouse', 'live_kingofthehill', 'tactics', 'rush', 'battle'])
[2025-08-18T04:12:45.852+0000] {spark_submit.py:579} INFO - 25/08/18 04:12:45 INFO SharedState: Setting hive.metastore.warehouse.dir ('null') to the value of spark.sql.warehouse.dir.
[2025-08-18T04:12:45.853+0000] {spark_submit.py:579} INFO - 25/08/18 04:12:45 INFO SharedState: Warehouse path is 'file:/opt/***/spark-warehouse'.
[2025-08-18T04:12:48.707+0000] {spark_submit.py:579} INFO - 25/08/18 04:12:48 WARN SparkStringUtils: Truncated the string representation of a plan since it was too large. This behavior can be adjusted by setting 'spark.sql.debug.maxToStringFields'.
[2025-08-18T04:12:49.085+0000] {spark_submit.py:579} INFO - 25/08/18 04:12:49 INFO CodeGenerator: Code generated in 216.263968 ms
[2025-08-18T04:12:49.151+0000] {spark_submit.py:579} INFO - 25/08/18 04:12:49 INFO SparkContext: Starting job: jdbc at NativeMethodAccessorImpl.java:0
[2025-08-18T04:12:49.165+0000] {spark_submit.py:579} INFO - 25/08/18 04:12:49 INFO DAGScheduler: Got job 0 (jdbc at NativeMethodAccessorImpl.java:0) with 2 output partitions
[2025-08-18T04:12:49.166+0000] {spark_submit.py:579} INFO - 25/08/18 04:12:49 INFO DAGScheduler: Final stage: ResultStage 0 (jdbc at NativeMethodAccessorImpl.java:0)
[2025-08-18T04:12:49.167+0000] {spark_submit.py:579} INFO - 25/08/18 04:12:49 INFO DAGScheduler: Parents of final stage: List()
[2025-08-18T04:12:49.169+0000] {spark_submit.py:579} INFO - 25/08/18 04:12:49 INFO DAGScheduler: Missing parents: List()
[2025-08-18T04:12:49.172+0000] {spark_submit.py:579} INFO - 25/08/18 04:12:49 INFO DAGScheduler: Submitting ResultStage 0 (MapPartitionsRDD[58] at jdbc at NativeMethodAccessorImpl.java:0), which has no missing parents
[2025-08-18T04:12:49.234+0000] {spark_submit.py:579} INFO - 25/08/18 04:12:49 INFO MemoryStore: MemoryStore started with capacity 434.4 MiB
[2025-08-18T04:12:49.258+0000] {spark_submit.py:579} INFO - 25/08/18 04:12:49 INFO MemoryStore: Block broadcast_0 stored as values in memory (estimated size 33.7 KiB, free 434.4 MiB)
[2025-08-18T04:12:49.288+0000] {spark_submit.py:579} INFO - 25/08/18 04:12:49 INFO MemoryStore: Block broadcast_0_piece0 stored as bytes in memory (estimated size 14.4 KiB, free 434.4 MiB)
[2025-08-18T04:12:49.296+0000] {spark_submit.py:579} INFO - 25/08/18 04:12:49 INFO SparkContext: Created broadcast 0 from broadcast at DAGScheduler.scala:1676
[2025-08-18T04:12:49.310+0000] {spark_submit.py:579} INFO - 25/08/18 04:12:49 INFO DAGScheduler: Submitting 2 missing tasks from ResultStage 0 (MapPartitionsRDD[58] at jdbc at NativeMethodAccessorImpl.java:0) (first 15 tasks are for partitions Vector(0, 1))
[2025-08-18T04:12:49.321+0000] {spark_submit.py:579} INFO - 25/08/18 04:12:49 INFO TaskSchedulerImpl: Adding task set 0.0 with 2 tasks resource profile 0
[2025-08-18T04:12:49.350+0000] {spark_submit.py:579} INFO - 25/08/18 04:12:49 INFO TaskSetManager: Starting task 0.0 in stage 0.0 (TID 0) (172.18.0.5,executor 0, partition 0, PROCESS_LOCAL, 17671 bytes)
[2025-08-18T04:12:49.354+0000] {spark_submit.py:579} INFO - 25/08/18 04:12:49 INFO TaskSetManager: Starting task 1.0 in stage 0.0 (TID 1) (172.18.0.5,executor 0, partition 1, PROCESS_LOCAL, 17406 bytes)
[2025-08-18T04:12:52.691+0000] {spark_submit.py:579} INFO - 25/08/18 04:12:52 INFO TaskSetManager: Finished task 1.0 in stage 0.0 (TID 1) in 3337 ms on 172.18.0.5 (executor 0) (1/2)
[2025-08-18T04:12:52.692+0000] {spark_submit.py:579} INFO - 25/08/18 04:12:52 INFO TaskSetManager: Finished task 0.0 in stage 0.0 (TID 0) in 3358 ms on 172.18.0.5 (executor 0) (2/2)
[2025-08-18T04:12:52.693+0000] {spark_submit.py:579} INFO - 25/08/18 04:12:52 INFO TaskSchedulerImpl: Removed TaskSet 0.0 whose tasks have all completed, from pool
[2025-08-18T04:12:52.696+0000] {spark_submit.py:579} INFO - 25/08/18 04:12:52 INFO PythonAccumulatorV2: Connected to AccumulatorServer at host: 127.0.0.1 port: 54497
[2025-08-18T04:12:52.699+0000] {spark_submit.py:579} INFO - 25/08/18 04:12:52 INFO DAGScheduler: ResultStage 0 (jdbc at NativeMethodAccessorImpl.java:0) finished in 3515 ms
[2025-08-18T04:12:52.701+0000] {spark_submit.py:579} INFO - 25/08/18 04:12:52 INFO DAGScheduler: Job 0 is finished. Cancelling potential speculative or zombie tasks for this job
[2025-08-18T04:12:52.702+0000] {spark_submit.py:579} INFO - 25/08/18 04:12:52 INFO TaskSchedulerImpl: Canceling stage 0
[2025-08-18T04:12:52.702+0000] {spark_submit.py:579} INFO - 25/08/18 04:12:52 INFO TaskSchedulerImpl: Killing all running tasks in stage 0: Stage finished
[2025-08-18T04:12:52.704+0000] {spark_submit.py:579} INFO - 25/08/18 04:12:52 INFO DAGScheduler: Job 0 finished: jdbc at NativeMethodAccessorImpl.java:0, took 3552.654006 ms
[2025-08-18T04:12:52.788+0000] {spark_submit.py:579} INFO - table daily has been loaded
[2025-08-18T04:12:52.880+0000] {spark_submit.py:579} INFO - 25/08/18 04:12:52 INFO SparkContext: Starting job: jdbc at NativeMethodAccessorImpl.java:0
[2025-08-18T04:12:52.881+0000] {spark_submit.py:579} INFO - 25/08/18 04:12:52 INFO DAGScheduler: Got job 1 (jdbc at NativeMethodAccessorImpl.java:0) with 2 output partitions
[2025-08-18T04:12:52.882+0000] {spark_submit.py:579} INFO - 25/08/18 04:12:52 INFO DAGScheduler: Final stage: ResultStage 1 (jdbc at NativeMethodAccessorImpl.java:0)
[2025-08-18T04:12:52.882+0000] {spark_submit.py:579} INFO - 25/08/18 04:12:52 INFO DAGScheduler: Parents of final stage: List()
[2025-08-18T04:12:52.882+0000] {spark_submit.py:579} INFO - 25/08/18 04:12:52 INFO DAGScheduler: Missing parents: List()
[2025-08-18T04:12:52.883+0000] {spark_submit.py:579} INFO - 25/08/18 04:12:52 INFO DAGScheduler: Submitting ResultStage 1 (MapPartitionsRDD[62] at jdbc at NativeMethodAccessorImpl.java:0), which has no missing parents
[2025-08-18T04:12:52.885+0000] {spark_submit.py:579} INFO - 25/08/18 04:12:52 INFO MemoryStore: Block broadcast_1 stored as values in memory (estimated size 33.8 KiB, free 434.3 MiB)
[2025-08-18T04:12:52.888+0000] {spark_submit.py:579} INFO - 25/08/18 04:12:52 INFO MemoryStore: Block broadcast_1_piece0 stored as bytes in memory (estimated size 14.4 KiB, free 434.3 MiB)
[2025-08-18T04:12:52.889+0000] {spark_submit.py:579} INFO - 25/08/18 04:12:52 INFO SparkContext: Created broadcast 1 from broadcast at DAGScheduler.scala:1676
[2025-08-18T04:12:52.890+0000] {spark_submit.py:579} INFO - 25/08/18 04:12:52 INFO DAGScheduler: Submitting 2 missing tasks from ResultStage 1 (MapPartitionsRDD[62] at jdbc at NativeMethodAccessorImpl.java:0) (first 15 tasks are for partitions Vector(0, 1))
[2025-08-18T04:12:52.890+0000] {spark_submit.py:579} INFO - 25/08/18 04:12:52 INFO TaskSchedulerImpl: Adding task set 1.0 with 2 tasks resource profile 0
[2025-08-18T04:12:52.891+0000] {spark_submit.py:579} INFO - 25/08/18 04:12:52 INFO TaskSetManager: Starting task 0.0 in stage 1.0 (TID 2) (172.18.0.5,executor 0, partition 0, PROCESS_LOCAL, 17999 bytes)
[2025-08-18T04:12:52.892+0000] {spark_submit.py:579} INFO - 25/08/18 04:12:52 INFO TaskSetManager: Starting task 1.0 in stage 1.0 (TID 3) (172.18.0.5,executor 0, partition 1, PROCESS_LOCAL, 17911 bytes)
[2025-08-18T04:12:53.086+0000] {spark_submit.py:579} INFO - 25/08/18 04:12:53 INFO TaskSetManager: Finished task 0.0 in stage 1.0 (TID 2) in 195 ms on 172.18.0.5 (executor 0) (1/2)
[2025-08-18T04:12:53.095+0000] {spark_submit.py:579} INFO - 25/08/18 04:12:53 INFO TaskSetManager: Finished task 1.0 in stage 1.0 (TID 3) in 203 ms on 172.18.0.5 (executor 0) (2/2)
[2025-08-18T04:12:53.095+0000] {spark_submit.py:579} INFO - 25/08/18 04:12:53 INFO TaskSchedulerImpl: Removed TaskSet 1.0 whose tasks have all completed, from pool
[2025-08-18T04:12:53.096+0000] {spark_submit.py:579} INFO - 25/08/18 04:12:53 INFO DAGScheduler: ResultStage 1 (jdbc at NativeMethodAccessorImpl.java:0) finished in 213 ms
[2025-08-18T04:12:53.097+0000] {spark_submit.py:579} INFO - 25/08/18 04:12:53 INFO DAGScheduler: Job 1 is finished. Cancelling potential speculative or zombie tasks for this job
[2025-08-18T04:12:53.097+0000] {spark_submit.py:579} INFO - 25/08/18 04:12:53 INFO TaskSchedulerImpl: Canceling stage 1
[2025-08-18T04:12:53.098+0000] {spark_submit.py:579} INFO - 25/08/18 04:12:53 INFO TaskSchedulerImpl: Killing all running tasks in stage 1: Stage finished
[2025-08-18T04:12:53.098+0000] {spark_submit.py:579} INFO - 25/08/18 04:12:53 INFO DAGScheduler: Job 1 finished: jdbc at NativeMethodAccessorImpl.java:0, took 216.934188 ms
[2025-08-18T04:12:53.184+0000] {spark_submit.py:579} INFO - table live_rapid has been loaded
[2025-08-18T04:12:53.340+0000] {spark_submit.py:579} INFO - 25/08/18 04:12:53 INFO SparkContext: Starting job: jdbc at NativeMethodAccessorImpl.java:0
[2025-08-18T04:12:53.342+0000] {spark_submit.py:579} INFO - 25/08/18 04:12:53 INFO DAGScheduler: Got job 2 (jdbc at NativeMethodAccessorImpl.java:0) with 2 output partitions
[2025-08-18T04:12:53.342+0000] {spark_submit.py:579} INFO - 25/08/18 04:12:53 INFO DAGScheduler: Final stage: ResultStage 2 (jdbc at NativeMethodAccessorImpl.java:0)
[2025-08-18T04:12:53.343+0000] {spark_submit.py:579} INFO - 25/08/18 04:12:53 INFO DAGScheduler: Parents of final stage: List()
[2025-08-18T04:12:53.343+0000] {spark_submit.py:579} INFO - 25/08/18 04:12:53 INFO DAGScheduler: Missing parents: List()
[2025-08-18T04:12:53.343+0000] {spark_submit.py:579} INFO - 25/08/18 04:12:53 INFO DAGScheduler: Submitting ResultStage 2 (MapPartitionsRDD[66] at jdbc at NativeMethodAccessorImpl.java:0), which has no missing parents
[2025-08-18T04:12:53.346+0000] {spark_submit.py:579} INFO - 25/08/18 04:12:53 INFO MemoryStore: Block broadcast_2 stored as values in memory (estimated size 33.8 KiB, free 434.4 MiB)
[2025-08-18T04:12:53.355+0000] {spark_submit.py:579} INFO - 25/08/18 04:12:53 INFO MemoryStore: Block broadcast_2_piece0 stored as bytes in memory (estimated size 14.5 KiB, free 434.4 MiB)
[2025-08-18T04:12:53.358+0000] {spark_submit.py:579} INFO - 25/08/18 04:12:53 INFO SparkContext: Created broadcast 2 from broadcast at DAGScheduler.scala:1676
[2025-08-18T04:12:53.360+0000] {spark_submit.py:579} INFO - 25/08/18 04:12:53 INFO DAGScheduler: Submitting 2 missing tasks from ResultStage 2 (MapPartitionsRDD[66] at jdbc at NativeMethodAccessorImpl.java:0) (first 15 tasks are for partitions Vector(0, 1))
[2025-08-18T04:12:53.360+0000] {spark_submit.py:579} INFO - 25/08/18 04:12:53 INFO TaskSchedulerImpl: Adding task set 2.0 with 2 tasks resource profile 0
[2025-08-18T04:12:53.361+0000] {spark_submit.py:579} INFO - 25/08/18 04:12:53 INFO TaskSetManager: Starting task 0.0 in stage 2.0 (TID 4) (172.18.0.5,executor 0, partition 0, PROCESS_LOCAL, 18077 bytes)
[2025-08-18T04:12:53.362+0000] {spark_submit.py:579} INFO - 25/08/18 04:12:53 INFO TaskSetManager: Starting task 1.0 in stage 2.0 (TID 5) (172.18.0.5,executor 0, partition 1, PROCESS_LOCAL, 18133 bytes)
[2025-08-18T04:12:53.602+0000] {spark_submit.py:579} INFO - 25/08/18 04:12:53 INFO TaskSetManager: Finished task 1.0 in stage 2.0 (TID 5) in 239 ms on 172.18.0.5 (executor 0) (1/2)
[2025-08-18T04:12:53.603+0000] {spark_submit.py:579} INFO - 25/08/18 04:12:53 INFO TaskSetManager: Finished task 0.0 in stage 2.0 (TID 4) in 241 ms on 172.18.0.5 (executor 0) (2/2)
[2025-08-18T04:12:53.605+0000] {spark_submit.py:579} INFO - 25/08/18 04:12:53 INFO TaskSchedulerImpl: Removed TaskSet 2.0 whose tasks have all completed, from pool
[2025-08-18T04:12:53.605+0000] {spark_submit.py:579} INFO - 25/08/18 04:12:53 INFO DAGScheduler: ResultStage 2 (jdbc at NativeMethodAccessorImpl.java:0) finished in 259 ms
[2025-08-18T04:12:53.606+0000] {spark_submit.py:579} INFO - 25/08/18 04:12:53 INFO DAGScheduler: Job 2 is finished. Cancelling potential speculative or zombie tasks for this job
[2025-08-18T04:12:53.606+0000] {spark_submit.py:579} INFO - 25/08/18 04:12:53 INFO TaskSchedulerImpl: Canceling stage 2
[2025-08-18T04:12:53.607+0000] {spark_submit.py:579} INFO - 25/08/18 04:12:53 INFO TaskSchedulerImpl: Killing all running tasks in stage 2: Stage finished
[2025-08-18T04:12:53.607+0000] {spark_submit.py:579} INFO - 25/08/18 04:12:53 INFO DAGScheduler: Job 2 finished: jdbc at NativeMethodAccessorImpl.java:0, took 264.037212 ms
[2025-08-18T04:12:53.664+0000] {spark_submit.py:579} INFO - table live_blitz has been loaded
[2025-08-18T04:12:53.748+0000] {spark_submit.py:579} INFO - 25/08/18 04:12:53 INFO SparkContext: Starting job: jdbc at NativeMethodAccessorImpl.java:0
[2025-08-18T04:12:53.749+0000] {spark_submit.py:579} INFO - 25/08/18 04:12:53 INFO DAGScheduler: Got job 3 (jdbc at NativeMethodAccessorImpl.java:0) with 2 output partitions
[2025-08-18T04:12:53.749+0000] {spark_submit.py:579} INFO - 25/08/18 04:12:53 INFO DAGScheduler: Final stage: ResultStage 3 (jdbc at NativeMethodAccessorImpl.java:0)
[2025-08-18T04:12:53.750+0000] {spark_submit.py:579} INFO - 25/08/18 04:12:53 INFO DAGScheduler: Parents of final stage: List()
[2025-08-18T04:12:53.751+0000] {spark_submit.py:579} INFO - 25/08/18 04:12:53 INFO DAGScheduler: Missing parents: List()
[2025-08-18T04:12:53.752+0000] {spark_submit.py:579} INFO - 25/08/18 04:12:53 INFO DAGScheduler: Submitting ResultStage 3 (MapPartitionsRDD[70] at jdbc at NativeMethodAccessorImpl.java:0), which has no missing parents
[2025-08-18T04:12:53.753+0000] {spark_submit.py:579} INFO - 25/08/18 04:12:53 INFO MemoryStore: Block broadcast_3 stored as values in memory (estimated size 33.8 KiB, free 434.3 MiB)
[2025-08-18T04:12:53.755+0000] {spark_submit.py:579} INFO - 25/08/18 04:12:53 INFO MemoryStore: Block broadcast_3_piece0 stored as bytes in memory (estimated size 14.5 KiB, free 434.3 MiB)
[2025-08-18T04:12:53.756+0000] {spark_submit.py:579} INFO - 25/08/18 04:12:53 INFO SparkContext: Created broadcast 3 from broadcast at DAGScheduler.scala:1676
[2025-08-18T04:12:53.757+0000] {spark_submit.py:579} INFO - 25/08/18 04:12:53 INFO DAGScheduler: Submitting 2 missing tasks from ResultStage 3 (MapPartitionsRDD[70] at jdbc at NativeMethodAccessorImpl.java:0) (first 15 tasks are for partitions Vector(0, 1))
[2025-08-18T04:12:53.757+0000] {spark_submit.py:579} INFO - 25/08/18 04:12:53 INFO TaskSchedulerImpl: Adding task set 3.0 with 2 tasks resource profile 0
[2025-08-18T04:12:53.758+0000] {spark_submit.py:579} INFO - 25/08/18 04:12:53 INFO TaskSetManager: Starting task 0.0 in stage 3.0 (TID 6) (172.18.0.5,executor 0, partition 0, PROCESS_LOCAL, 18140 bytes)
[2025-08-18T04:12:53.759+0000] {spark_submit.py:579} INFO - 25/08/18 04:12:53 INFO TaskSetManager: Starting task 1.0 in stage 3.0 (TID 7) (172.18.0.5,executor 0, partition 1, PROCESS_LOCAL, 17979 bytes)
[2025-08-18T04:12:53.964+0000] {spark_submit.py:579} INFO - 25/08/18 04:12:53 INFO TaskSetManager: Finished task 1.0 in stage 3.0 (TID 7) in 206 ms on 172.18.0.5 (executor 0) (1/2)
[2025-08-18T04:12:53.965+0000] {spark_submit.py:579} INFO - 25/08/18 04:12:53 INFO TaskSetManager: Finished task 0.0 in stage 3.0 (TID 6) in 206 ms on 172.18.0.5 (executor 0) (2/2)
[2025-08-18T04:12:53.965+0000] {spark_submit.py:579} INFO - 25/08/18 04:12:53 INFO TaskSchedulerImpl: Removed TaskSet 3.0 whose tasks have all completed, from pool
[2025-08-18T04:12:53.966+0000] {spark_submit.py:579} INFO - 25/08/18 04:12:53 INFO DAGScheduler: ResultStage 3 (jdbc at NativeMethodAccessorImpl.java:0) finished in 215 ms
[2025-08-18T04:12:53.966+0000] {spark_submit.py:579} INFO - 25/08/18 04:12:53 INFO DAGScheduler: Job 3 is finished. Cancelling potential speculative or zombie tasks for this job
[2025-08-18T04:12:53.966+0000] {spark_submit.py:579} INFO - 25/08/18 04:12:53 INFO TaskSchedulerImpl: Canceling stage 3
[2025-08-18T04:12:53.966+0000] {spark_submit.py:579} INFO - 25/08/18 04:12:53 INFO TaskSchedulerImpl: Killing all running tasks in stage 3: Stage finished
[2025-08-18T04:12:53.967+0000] {spark_submit.py:579} INFO - 25/08/18 04:12:53 INFO DAGScheduler: Job 3 finished: jdbc at NativeMethodAccessorImpl.java:0, took 218.40387 ms
[2025-08-18T04:12:54.013+0000] {spark_submit.py:579} INFO - table live_bullet has been loaded
[2025-08-18T04:12:54.074+0000] {spark_submit.py:579} INFO - 25/08/18 04:12:54 INFO CodeGenerator: Code generated in 14.869828 ms
[2025-08-18T04:12:54.086+0000] {spark_submit.py:579} INFO - 25/08/18 04:12:54 INFO SparkContext: Starting job: jdbc at NativeMethodAccessorImpl.java:0
[2025-08-18T04:12:54.087+0000] {spark_submit.py:579} INFO - 25/08/18 04:12:54 INFO DAGScheduler: Got job 4 (jdbc at NativeMethodAccessorImpl.java:0) with 2 output partitions
[2025-08-18T04:12:54.088+0000] {spark_submit.py:579} INFO - 25/08/18 04:12:54 INFO DAGScheduler: Final stage: ResultStage 4 (jdbc at NativeMethodAccessorImpl.java:0)
[2025-08-18T04:12:54.088+0000] {spark_submit.py:579} INFO - 25/08/18 04:12:54 INFO DAGScheduler: Parents of final stage: List()
[2025-08-18T04:12:54.088+0000] {spark_submit.py:579} INFO - 25/08/18 04:12:54 INFO DAGScheduler: Missing parents: List()
[2025-08-18T04:12:54.089+0000] {spark_submit.py:579} INFO - 25/08/18 04:12:54 INFO DAGScheduler: Submitting ResultStage 4 (MapPartitionsRDD[74] at jdbc at NativeMethodAccessorImpl.java:0), which has no missing parents
[2025-08-18T04:12:54.090+0000] {spark_submit.py:579} INFO - 25/08/18 04:12:54 INFO MemoryStore: Block broadcast_4 stored as values in memory (estimated size 28.0 KiB, free 434.3 MiB)
[2025-08-18T04:12:54.098+0000] {spark_submit.py:579} INFO - 25/08/18 04:12:54 INFO MemoryStore: Block broadcast_4_piece0 stored as bytes in memory (estimated size 12.5 KiB, free 434.3 MiB)
[2025-08-18T04:12:54.100+0000] {spark_submit.py:579} INFO - 25/08/18 04:12:54 INFO SparkContext: Created broadcast 4 from broadcast at DAGScheduler.scala:1676
[2025-08-18T04:12:54.101+0000] {spark_submit.py:579} INFO - 25/08/18 04:12:54 INFO DAGScheduler: Submitting 2 missing tasks from ResultStage 4 (MapPartitionsRDD[74] at jdbc at NativeMethodAccessorImpl.java:0) (first 15 tasks are for partitions Vector(0, 1))
[2025-08-18T04:12:54.102+0000] {spark_submit.py:579} INFO - 25/08/18 04:12:54 INFO TaskSchedulerImpl: Adding task set 4.0 with 2 tasks resource profile 0
[2025-08-18T04:12:54.103+0000] {spark_submit.py:579} INFO - 25/08/18 04:12:54 INFO TaskSetManager: Starting task 0.0 in stage 4.0 (TID 8) (172.18.0.5,executor 0, partition 0, PROCESS_LOCAL, 9868 bytes)
[2025-08-18T04:12:54.104+0000] {spark_submit.py:579} INFO - 25/08/18 04:12:54 INFO TaskSetManager: Starting task 1.0 in stage 4.0 (TID 9) (172.18.0.5,executor 0, partition 1, PROCESS_LOCAL, 10002 bytes)
[2025-08-18T04:12:54.303+0000] {spark_submit.py:579} INFO - 25/08/18 04:12:54 INFO TaskSetManager: Finished task 0.0 in stage 4.0 (TID 8) in 200 ms on 172.18.0.5 (executor 0) (1/2)
[2025-08-18T04:12:54.334+0000] {spark_submit.py:579} INFO - 25/08/18 04:12:54 INFO TaskSetManager: Finished task 1.0 in stage 4.0 (TID 9) in 230 ms on 172.18.0.5 (executor 0) (2/2)
[2025-08-18T04:12:54.335+0000] {spark_submit.py:579} INFO - 25/08/18 04:12:54 INFO TaskSchedulerImpl: Removed TaskSet 4.0 whose tasks have all completed, from pool
[2025-08-18T04:12:54.335+0000] {spark_submit.py:579} INFO - 25/08/18 04:12:54 INFO DAGScheduler: ResultStage 4 (jdbc at NativeMethodAccessorImpl.java:0) finished in 246 ms
[2025-08-18T04:12:54.336+0000] {spark_submit.py:579} INFO - 25/08/18 04:12:54 INFO DAGScheduler: Job 4 is finished. Cancelling potential speculative or zombie tasks for this job
[2025-08-18T04:12:54.336+0000] {spark_submit.py:579} INFO - 25/08/18 04:12:54 INFO TaskSchedulerImpl: Canceling stage 4
[2025-08-18T04:12:54.337+0000] {spark_submit.py:579} INFO - 25/08/18 04:12:54 INFO TaskSchedulerImpl: Killing all running tasks in stage 4: Stage finished
[2025-08-18T04:12:54.337+0000] {spark_submit.py:579} INFO - 25/08/18 04:12:54 INFO DAGScheduler: Job 4 finished: jdbc at NativeMethodAccessorImpl.java:0, took 249.670411 ms
[2025-08-18T04:12:54.391+0000] {spark_submit.py:579} INFO - table kue_daily has been loaded
[2025-08-18T04:12:54.469+0000] {spark_submit.py:579} INFO - 25/08/18 04:12:54 INFO CodeGenerator: Code generated in 21.907121 ms
[2025-08-18T04:12:54.481+0000] {spark_submit.py:579} INFO - 25/08/18 04:12:54 INFO SparkContext: Starting job: jdbc at NativeMethodAccessorImpl.java:0
[2025-08-18T04:12:54.483+0000] {spark_submit.py:579} INFO - 25/08/18 04:12:54 INFO DAGScheduler: Got job 5 (jdbc at NativeMethodAccessorImpl.java:0) with 2 output partitions
[2025-08-18T04:12:54.484+0000] {spark_submit.py:579} INFO - 25/08/18 04:12:54 INFO DAGScheduler: Final stage: ResultStage 5 (jdbc at NativeMethodAccessorImpl.java:0)
[2025-08-18T04:12:54.484+0000] {spark_submit.py:579} INFO - 25/08/18 04:12:54 INFO DAGScheduler: Parents of final stage: List()
[2025-08-18T04:12:54.485+0000] {spark_submit.py:579} INFO - 25/08/18 04:12:54 INFO DAGScheduler: Missing parents: List()
[2025-08-18T04:12:54.485+0000] {spark_submit.py:579} INFO - 25/08/18 04:12:54 INFO DAGScheduler: Submitting ResultStage 5 (MapPartitionsRDD[78] at jdbc at NativeMethodAccessorImpl.java:0), which has no missing parents
[2025-08-18T04:12:54.486+0000] {spark_submit.py:579} INFO - 25/08/18 04:12:54 INFO MemoryStore: Block broadcast_5 stored as values in memory (estimated size 27.1 KiB, free 434.3 MiB)
[2025-08-18T04:12:54.505+0000] {spark_submit.py:579} INFO - 25/08/18 04:12:54 INFO MemoryStore: Block broadcast_5_piece0 stored as bytes in memory (estimated size 12.4 KiB, free 434.3 MiB)
[2025-08-18T04:12:54.508+0000] {spark_submit.py:579} INFO - 25/08/18 04:12:54 INFO SparkContext: Created broadcast 5 from broadcast at DAGScheduler.scala:1676
[2025-08-18T04:12:54.509+0000] {spark_submit.py:579} INFO - 25/08/18 04:12:54 INFO DAGScheduler: Submitting 2 missing tasks from ResultStage 5 (MapPartitionsRDD[78] at jdbc at NativeMethodAccessorImpl.java:0) (first 15 tasks are for partitions Vector(0, 1))
[2025-08-18T04:12:54.510+0000] {spark_submit.py:579} INFO - 25/08/18 04:12:54 INFO TaskSchedulerImpl: Adding task set 5.0 with 2 tasks resource profile 0
[2025-08-18T04:12:54.513+0000] {spark_submit.py:579} INFO - 25/08/18 04:12:54 INFO TaskSetManager: Starting task 0.0 in stage 5.0 (TID 10) (172.18.0.5,executor 0, partition 0, PROCESS_LOCAL, 9868 bytes)
[2025-08-18T04:12:54.514+0000] {spark_submit.py:579} INFO - 25/08/18 04:12:54 INFO TaskSetManager: Starting task 1.0 in stage 5.0 (TID 11) (172.18.0.5,executor 0, partition 1, PROCESS_LOCAL, 10001 bytes)
[2025-08-18T04:12:54.742+0000] {spark_submit.py:579} INFO - 25/08/18 04:12:54 INFO TaskSetManager: Finished task 0.0 in stage 5.0 (TID 10) in 232 ms on 172.18.0.5 (executor 0) (1/2)
[2025-08-18T04:12:54.783+0000] {spark_submit.py:579} INFO - 25/08/18 04:12:54 INFO TaskSetManager: Finished task 1.0 in stage 5.0 (TID 11) in 272 ms on 172.18.0.5 (executor 0) (2/2)
[2025-08-18T04:12:54.784+0000] {spark_submit.py:579} INFO - 25/08/18 04:12:54 INFO TaskSchedulerImpl: Removed TaskSet 5.0 whose tasks have all completed, from pool
[2025-08-18T04:12:54.785+0000] {spark_submit.py:579} INFO - 25/08/18 04:12:54 INFO DAGScheduler: ResultStage 5 (jdbc at NativeMethodAccessorImpl.java:0) finished in 300 ms
[2025-08-18T04:12:54.788+0000] {spark_submit.py:579} INFO - 25/08/18 04:12:54 INFO DAGScheduler: Job 5 is finished. Cancelling potential speculative or zombie tasks for this job
[2025-08-18T04:12:54.788+0000] {spark_submit.py:579} INFO - 25/08/18 04:12:54 INFO TaskSchedulerImpl: Canceling stage 5
[2025-08-18T04:12:54.789+0000] {spark_submit.py:579} INFO - 25/08/18 04:12:54 INFO TaskSchedulerImpl: Killing all running tasks in stage 5: Stage finished
[2025-08-18T04:12:54.789+0000] {spark_submit.py:579} INFO - 25/08/18 04:12:54 INFO DAGScheduler: Job 5 finished: jdbc at NativeMethodAccessorImpl.java:0, took 304.119146 ms
[2025-08-18T04:12:54.835+0000] {spark_submit.py:579} INFO - table kue_rapid has been loaded
[2025-08-18T04:12:54.890+0000] {spark_submit.py:579} INFO - 25/08/18 04:12:54 INFO SparkContext: Starting job: jdbc at NativeMethodAccessorImpl.java:0
[2025-08-18T04:12:54.891+0000] {spark_submit.py:579} INFO - 25/08/18 04:12:54 INFO DAGScheduler: Got job 6 (jdbc at NativeMethodAccessorImpl.java:0) with 2 output partitions
[2025-08-18T04:12:54.891+0000] {spark_submit.py:579} INFO - 25/08/18 04:12:54 INFO DAGScheduler: Final stage: ResultStage 6 (jdbc at NativeMethodAccessorImpl.java:0)
[2025-08-18T04:12:54.892+0000] {spark_submit.py:579} INFO - 25/08/18 04:12:54 INFO DAGScheduler: Parents of final stage: List()
[2025-08-18T04:12:54.892+0000] {spark_submit.py:579} INFO - 25/08/18 04:12:54 INFO DAGScheduler: Missing parents: List()
[2025-08-18T04:12:54.892+0000] {spark_submit.py:579} INFO - 25/08/18 04:12:54 INFO DAGScheduler: Submitting ResultStage 6 (MapPartitionsRDD[82] at jdbc at NativeMethodAccessorImpl.java:0), which has no missing parents
[2025-08-18T04:12:54.894+0000] {spark_submit.py:579} INFO - 25/08/18 04:12:54 INFO MemoryStore: Block broadcast_6 stored as values in memory (estimated size 27.1 KiB, free 434.3 MiB)
[2025-08-18T04:12:54.901+0000] {spark_submit.py:579} INFO - 25/08/18 04:12:54 INFO MemoryStore: Block broadcast_6_piece0 stored as bytes in memory (estimated size 12.4 KiB, free 434.3 MiB)
[2025-08-18T04:12:54.904+0000] {spark_submit.py:579} INFO - 25/08/18 04:12:54 INFO SparkContext: Created broadcast 6 from broadcast at DAGScheduler.scala:1676
[2025-08-18T04:12:54.905+0000] {spark_submit.py:579} INFO - 25/08/18 04:12:54 INFO DAGScheduler: Submitting 2 missing tasks from ResultStage 6 (MapPartitionsRDD[82] at jdbc at NativeMethodAccessorImpl.java:0) (first 15 tasks are for partitions Vector(0, 1))
[2025-08-18T04:12:54.906+0000] {spark_submit.py:579} INFO - 25/08/18 04:12:54 INFO TaskSchedulerImpl: Adding task set 6.0 with 2 tasks resource profile 0
[2025-08-18T04:12:54.907+0000] {spark_submit.py:579} INFO - 25/08/18 04:12:54 INFO TaskSetManager: Starting task 0.0 in stage 6.0 (TID 12) (172.18.0.5,executor 0, partition 0, PROCESS_LOCAL, 9868 bytes)
[2025-08-18T04:12:54.908+0000] {spark_submit.py:579} INFO - 25/08/18 04:12:54 INFO TaskSetManager: Starting task 1.0 in stage 6.0 (TID 13) (172.18.0.5,executor 0, partition 1, PROCESS_LOCAL, 10001 bytes)
[2025-08-18T04:12:55.058+0000] {spark_submit.py:579} INFO - 25/08/18 04:12:55 INFO TaskSetManager: Finished task 0.0 in stage 6.0 (TID 12) in 152 ms on 172.18.0.5 (executor 0) (1/2)
[2025-08-18T04:12:55.115+0000] {spark_submit.py:579} INFO - 25/08/18 04:12:55 INFO TaskSetManager: Finished task 1.0 in stage 6.0 (TID 13) in 208 ms on 172.18.0.5 (executor 0) (2/2)
[2025-08-18T04:12:55.117+0000] {spark_submit.py:579} INFO - 25/08/18 04:12:55 INFO TaskSchedulerImpl: Removed TaskSet 6.0 whose tasks have all completed, from pool
[2025-08-18T04:12:55.117+0000] {spark_submit.py:579} INFO - 25/08/18 04:12:55 INFO DAGScheduler: ResultStage 6 (jdbc at NativeMethodAccessorImpl.java:0) finished in 224 ms
[2025-08-18T04:12:55.118+0000] {spark_submit.py:579} INFO - 25/08/18 04:12:55 INFO DAGScheduler: Job 6 is finished. Cancelling potential speculative or zombie tasks for this job
[2025-08-18T04:12:55.118+0000] {spark_submit.py:579} INFO - 25/08/18 04:12:55 INFO TaskSchedulerImpl: Canceling stage 6
[2025-08-18T04:12:55.119+0000] {spark_submit.py:579} INFO - 25/08/18 04:12:55 INFO TaskSchedulerImpl: Killing all running tasks in stage 6: Stage finished
[2025-08-18T04:12:55.119+0000] {spark_submit.py:579} INFO - 25/08/18 04:12:55 INFO DAGScheduler: Job 6 finished: jdbc at NativeMethodAccessorImpl.java:0, took 227.240462 ms
[2025-08-18T04:12:55.166+0000] {spark_submit.py:579} INFO - table kue_blitz has been loaded
[2025-08-18T04:12:55.218+0000] {spark_submit.py:579} INFO - 25/08/18 04:12:55 INFO CodeGenerator: Code generated in 9.056105 ms
[2025-08-18T04:12:55.227+0000] {spark_submit.py:579} INFO - 25/08/18 04:12:55 INFO SparkContext: Starting job: jdbc at NativeMethodAccessorImpl.java:0
[2025-08-18T04:12:55.229+0000] {spark_submit.py:579} INFO - 25/08/18 04:12:55 INFO DAGScheduler: Got job 7 (jdbc at NativeMethodAccessorImpl.java:0) with 2 output partitions
[2025-08-18T04:12:55.230+0000] {spark_submit.py:579} INFO - 25/08/18 04:12:55 INFO DAGScheduler: Final stage: ResultStage 7 (jdbc at NativeMethodAccessorImpl.java:0)
[2025-08-18T04:12:55.230+0000] {spark_submit.py:579} INFO - 25/08/18 04:12:55 INFO DAGScheduler: Parents of final stage: List()
[2025-08-18T04:12:55.230+0000] {spark_submit.py:579} INFO - 25/08/18 04:12:55 INFO DAGScheduler: Missing parents: List()
[2025-08-18T04:12:55.231+0000] {spark_submit.py:579} INFO - 25/08/18 04:12:55 INFO DAGScheduler: Submitting ResultStage 7 (MapPartitionsRDD[86] at jdbc at NativeMethodAccessorImpl.java:0), which has no missing parents
[2025-08-18T04:12:55.231+0000] {spark_submit.py:579} INFO - 25/08/18 04:12:55 INFO MemoryStore: Block broadcast_7 stored as values in memory (estimated size 25.7 KiB, free 434.3 MiB)
[2025-08-18T04:12:55.238+0000] {spark_submit.py:579} INFO - 25/08/18 04:12:55 INFO MemoryStore: Block broadcast_7_piece0 stored as bytes in memory (estimated size 12.0 KiB, free 434.3 MiB)
[2025-08-18T04:12:55.242+0000] {spark_submit.py:579} INFO - 25/08/18 04:12:55 INFO SparkContext: Created broadcast 7 from broadcast at DAGScheduler.scala:1676
[2025-08-18T04:12:55.243+0000] {spark_submit.py:579} INFO - 25/08/18 04:12:55 INFO DAGScheduler: Submitting 2 missing tasks from ResultStage 7 (MapPartitionsRDD[86] at jdbc at NativeMethodAccessorImpl.java:0) (first 15 tasks are for partitions Vector(0, 1))
[2025-08-18T04:12:55.244+0000] {spark_submit.py:579} INFO - 25/08/18 04:12:55 INFO TaskSchedulerImpl: Adding task set 7.0 with 2 tasks resource profile 0
[2025-08-18T04:12:55.246+0000] {spark_submit.py:579} INFO - 25/08/18 04:12:55 INFO TaskSetManager: Starting task 0.0 in stage 7.0 (TID 14) (172.18.0.5,executor 0, partition 0, PROCESS_LOCAL, 9868 bytes)
[2025-08-18T04:12:55.247+0000] {spark_submit.py:579} INFO - 25/08/18 04:12:55 INFO TaskSetManager: Starting task 1.0 in stage 7.0 (TID 15) (172.18.0.5,executor 0, partition 1, PROCESS_LOCAL, 9927 bytes)
[2025-08-18T04:12:55.416+0000] {spark_submit.py:579} INFO - 25/08/18 04:12:55 INFO TaskSetManager: Finished task 0.0 in stage 7.0 (TID 14) in 171 ms on 172.18.0.5 (executor 0) (1/2)
[2025-08-18T04:12:55.442+0000] {spark_submit.py:579} INFO - 25/08/18 04:12:55 INFO TaskSetManager: Finished task 1.0 in stage 7.0 (TID 15) in 197 ms on 172.18.0.5 (executor 0) (2/2)
[2025-08-18T04:12:55.442+0000] {spark_submit.py:579} INFO - 25/08/18 04:12:55 INFO TaskSchedulerImpl: Removed TaskSet 7.0 whose tasks have all completed, from pool
[2025-08-18T04:12:55.442+0000] {spark_submit.py:579} INFO - 25/08/18 04:12:55 INFO DAGScheduler: ResultStage 7 (jdbc at NativeMethodAccessorImpl.java:0) finished in 213 ms
[2025-08-18T04:12:55.443+0000] {spark_submit.py:579} INFO - 25/08/18 04:12:55 INFO DAGScheduler: Job 7 is finished. Cancelling potential speculative or zombie tasks for this job
[2025-08-18T04:12:55.445+0000] {spark_submit.py:579} INFO - 25/08/18 04:12:55 INFO TaskSchedulerImpl: Canceling stage 7
[2025-08-18T04:12:55.446+0000] {spark_submit.py:579} INFO - 25/08/18 04:12:55 INFO TaskSchedulerImpl: Killing all running tasks in stage 7: Stage finished
[2025-08-18T04:12:55.446+0000] {spark_submit.py:579} INFO - 25/08/18 04:12:55 INFO DAGScheduler: Job 7 finished: jdbc at NativeMethodAccessorImpl.java:0, took 215.90373 ms
[2025-08-18T04:12:55.487+0000] {spark_submit.py:579} INFO - table kue_bullet has been loaded
[2025-08-18T04:12:55.539+0000] {spark_submit.py:579} INFO - 25/08/18 04:12:55 INFO CodeGenerator: Code generated in 11.173622 ms
[2025-08-18T04:12:55.554+0000] {spark_submit.py:579} INFO - 25/08/18 04:12:55 INFO SparkContext: Starting job: jdbc at NativeMethodAccessorImpl.java:0
[2025-08-18T04:12:55.555+0000] {spark_submit.py:579} INFO - 25/08/18 04:12:55 INFO DAGScheduler: Got job 8 (jdbc at NativeMethodAccessorImpl.java:0) with 2 output partitions
[2025-08-18T04:12:55.555+0000] {spark_submit.py:579} INFO - 25/08/18 04:12:55 INFO DAGScheduler: Final stage: ResultStage 8 (jdbc at NativeMethodAccessorImpl.java:0)
[2025-08-18T04:12:55.556+0000] {spark_submit.py:579} INFO - 25/08/18 04:12:55 INFO DAGScheduler: Parents of final stage: List()
[2025-08-18T04:12:55.556+0000] {spark_submit.py:579} INFO - 25/08/18 04:12:55 INFO DAGScheduler: Missing parents: List()
[2025-08-18T04:12:55.557+0000] {spark_submit.py:579} INFO - 25/08/18 04:12:55 INFO DAGScheduler: Submitting ResultStage 8 (MapPartitionsRDD[90] at jdbc at NativeMethodAccessorImpl.java:0), which has no missing parents
[2025-08-18T04:12:55.558+0000] {spark_submit.py:579} INFO - 25/08/18 04:12:55 INFO MemoryStore: Block broadcast_8 stored as values in memory (estimated size 25.3 KiB, free 434.3 MiB)
[2025-08-18T04:12:55.568+0000] {spark_submit.py:579} INFO - 25/08/18 04:12:55 INFO MemoryStore: Block broadcast_8_piece0 stored as bytes in memory (estimated size 12.0 KiB, free 434.3 MiB)
[2025-08-18T04:12:55.571+0000] {spark_submit.py:579} INFO - 25/08/18 04:12:55 INFO SparkContext: Created broadcast 8 from broadcast at DAGScheduler.scala:1676
[2025-08-18T04:12:55.572+0000] {spark_submit.py:579} INFO - 25/08/18 04:12:55 INFO DAGScheduler: Submitting 2 missing tasks from ResultStage 8 (MapPartitionsRDD[90] at jdbc at NativeMethodAccessorImpl.java:0) (first 15 tasks are for partitions Vector(0, 1))
[2025-08-18T04:12:55.572+0000] {spark_submit.py:579} INFO - 25/08/18 04:12:55 INFO TaskSchedulerImpl: Adding task set 8.0 with 2 tasks resource profile 0
[2025-08-18T04:12:55.573+0000] {spark_submit.py:579} INFO - 25/08/18 04:12:55 INFO TaskSetManager: Starting task 0.0 in stage 8.0 (TID 16) (172.18.0.5,executor 0, partition 0, PROCESS_LOCAL, 9868 bytes)
[2025-08-18T04:12:55.574+0000] {spark_submit.py:579} INFO - 25/08/18 04:12:55 INFO TaskSetManager: Starting task 1.0 in stage 8.0 (TID 17) (172.18.0.5,executor 0, partition 1, PROCESS_LOCAL, 9946 bytes)
[2025-08-18T04:12:55.767+0000] {spark_submit.py:579} INFO - 25/08/18 04:12:55 INFO TaskSetManager: Finished task 0.0 in stage 8.0 (TID 16) in 194 ms on 172.18.0.5 (executor 0) (1/2)
[2025-08-18T04:12:55.801+0000] {spark_submit.py:579} INFO - 25/08/18 04:12:55 INFO TaskSetManager: Finished task 1.0 in stage 8.0 (TID 17) in 227 ms on 172.18.0.5 (executor 0) (2/2)
[2025-08-18T04:12:55.802+0000] {spark_submit.py:579} INFO - 25/08/18 04:12:55 INFO TaskSchedulerImpl: Removed TaskSet 8.0 whose tasks have all completed, from pool
[2025-08-18T04:12:55.802+0000] {spark_submit.py:579} INFO - 25/08/18 04:12:55 INFO DAGScheduler: ResultStage 8 (jdbc at NativeMethodAccessorImpl.java:0) finished in 245 ms
[2025-08-18T04:12:55.803+0000] {spark_submit.py:579} INFO - 25/08/18 04:12:55 INFO DAGScheduler: Job 8 is finished. Cancelling potential speculative or zombie tasks for this job
[2025-08-18T04:12:55.803+0000] {spark_submit.py:579} INFO - 25/08/18 04:12:55 INFO TaskSchedulerImpl: Canceling stage 8
[2025-08-18T04:12:55.804+0000] {spark_submit.py:579} INFO - 25/08/18 04:12:55 INFO TaskSchedulerImpl: Killing all running tasks in stage 8: Stage finished
[2025-08-18T04:12:55.804+0000] {spark_submit.py:579} INFO - 25/08/18 04:12:55 INFO DAGScheduler: Job 8 finished: jdbc at NativeMethodAccessorImpl.java:0, took 248.307635 ms
[2025-08-18T04:12:55.856+0000] {spark_submit.py:579} INFO - table kue_tactics has been loaded
[2025-08-18T04:12:55.922+0000] {spark_submit.py:579} INFO - 25/08/18 04:12:55 INFO CodeGenerator: Code generated in 7.145298 ms
[2025-08-18T04:12:55.937+0000] {spark_submit.py:579} INFO - 25/08/18 04:12:55 INFO SparkContext: Starting job: jdbc at NativeMethodAccessorImpl.java:0
[2025-08-18T04:12:55.937+0000] {spark_submit.py:579} INFO - 25/08/18 04:12:55 INFO DAGScheduler: Got job 9 (jdbc at NativeMethodAccessorImpl.java:0) with 2 output partitions
[2025-08-18T04:12:55.938+0000] {spark_submit.py:579} INFO - 25/08/18 04:12:55 INFO DAGScheduler: Final stage: ResultStage 9 (jdbc at NativeMethodAccessorImpl.java:0)
[2025-08-18T04:12:55.938+0000] {spark_submit.py:579} INFO - 25/08/18 04:12:55 INFO DAGScheduler: Parents of final stage: List()
[2025-08-18T04:12:55.938+0000] {spark_submit.py:579} INFO - 25/08/18 04:12:55 INFO DAGScheduler: Missing parents: List()
[2025-08-18T04:12:55.939+0000] {spark_submit.py:579} INFO - 25/08/18 04:12:55 INFO DAGScheduler: Submitting ResultStage 9 (MapPartitionsRDD[94] at jdbc at NativeMethodAccessorImpl.java:0), which has no missing parents
[2025-08-18T04:12:55.940+0000] {spark_submit.py:579} INFO - 25/08/18 04:12:55 INFO MemoryStore: Block broadcast_9 stored as values in memory (estimated size 23.6 KiB, free 434.3 MiB)
[2025-08-18T04:12:55.946+0000] {spark_submit.py:579} INFO - 25/08/18 04:12:55 INFO MemoryStore: Block broadcast_9_piece0 stored as bytes in memory (estimated size 11.4 KiB, free 434.3 MiB)
[2025-08-18T04:12:55.949+0000] {spark_submit.py:579} INFO - 25/08/18 04:12:55 INFO SparkContext: Created broadcast 9 from broadcast at DAGScheduler.scala:1676
[2025-08-18T04:12:55.951+0000] {spark_submit.py:579} INFO - 25/08/18 04:12:55 INFO DAGScheduler: Submitting 2 missing tasks from ResultStage 9 (MapPartitionsRDD[94] at jdbc at NativeMethodAccessorImpl.java:0) (first 15 tasks are for partitions Vector(0, 1))
[2025-08-18T04:12:55.952+0000] {spark_submit.py:579} INFO - 25/08/18 04:12:55 INFO TaskSchedulerImpl: Adding task set 9.0 with 2 tasks resource profile 0
[2025-08-18T04:12:55.953+0000] {spark_submit.py:579} INFO - 25/08/18 04:12:55 INFO TaskSetManager: Starting task 0.0 in stage 9.0 (TID 18) (172.18.0.5,executor 0, partition 0, PROCESS_LOCAL, 9868 bytes)
[2025-08-18T04:12:55.953+0000] {spark_submit.py:579} INFO - 25/08/18 04:12:55 INFO TaskSetManager: Starting task 1.0 in stage 9.0 (TID 19) (172.18.0.5,executor 0, partition 1, PROCESS_LOCAL, 9899 bytes)
[2025-08-18T04:12:56.118+0000] {spark_submit.py:579} INFO - 25/08/18 04:12:56 INFO TaskSetManager: Finished task 0.0 in stage 9.0 (TID 18) in 166 ms on 172.18.0.5 (executor 0) (1/2)
[2025-08-18T04:12:56.138+0000] {spark_submit.py:579} INFO - 25/08/18 04:12:56 INFO TaskSetManager: Finished task 1.0 in stage 9.0 (TID 19) in 186 ms on 172.18.0.5 (executor 0) (2/2)
[2025-08-18T04:12:56.139+0000] {spark_submit.py:579} INFO - 25/08/18 04:12:56 INFO TaskSchedulerImpl: Removed TaskSet 9.0 whose tasks have all completed, from pool
[2025-08-18T04:12:56.139+0000] {spark_submit.py:579} INFO - 25/08/18 04:12:56 INFO DAGScheduler: ResultStage 9 (jdbc at NativeMethodAccessorImpl.java:0) finished in 200 ms
[2025-08-18T04:12:56.141+0000] {spark_submit.py:579} INFO - 25/08/18 04:12:56 INFO DAGScheduler: Job 9 is finished. Cancelling potential speculative or zombie tasks for this job
[2025-08-18T04:12:56.142+0000] {spark_submit.py:579} INFO - 25/08/18 04:12:56 INFO TaskSchedulerImpl: Canceling stage 9
[2025-08-18T04:12:56.142+0000] {spark_submit.py:579} INFO - 25/08/18 04:12:56 INFO TaskSchedulerImpl: Killing all running tasks in stage 9: Stage finished
[2025-08-18T04:12:56.143+0000] {spark_submit.py:579} INFO - 25/08/18 04:12:56 INFO DAGScheduler: Job 9 finished: jdbc at NativeMethodAccessorImpl.java:0, took 202.643791 ms
[2025-08-18T04:12:56.179+0000] {spark_submit.py:579} INFO - table kue_puzzle_rush has been loaded
[2025-08-18T04:12:56.222+0000] {spark_submit.py:579} INFO - 25/08/18 04:12:56 INFO CodeGenerator: Code generated in 5.820225 ms
[2025-08-18T04:12:56.231+0000] {spark_submit.py:579} INFO - 25/08/18 04:12:56 INFO SparkContext: Starting job: jdbc at NativeMethodAccessorImpl.java:0
[2025-08-18T04:12:56.232+0000] {spark_submit.py:579} INFO - 25/08/18 04:12:56 INFO DAGScheduler: Got job 10 (jdbc at NativeMethodAccessorImpl.java:0) with 2 output partitions
[2025-08-18T04:12:56.232+0000] {spark_submit.py:579} INFO - 25/08/18 04:12:56 INFO DAGScheduler: Final stage: ResultStage 10 (jdbc at NativeMethodAccessorImpl.java:0)
[2025-08-18T04:12:56.232+0000] {spark_submit.py:579} INFO - 25/08/18 04:12:56 INFO DAGScheduler: Parents of final stage: List()
[2025-08-18T04:12:56.233+0000] {spark_submit.py:579} INFO - 25/08/18 04:12:56 INFO DAGScheduler: Missing parents: List()
[2025-08-18T04:12:56.233+0000] {spark_submit.py:579} INFO - 25/08/18 04:12:56 INFO DAGScheduler: Submitting ResultStage 10 (MapPartitionsRDD[98] at jdbc at NativeMethodAccessorImpl.java:0), which has no missing parents
[2025-08-18T04:12:56.234+0000] {spark_submit.py:579} INFO - 25/08/18 04:12:56 INFO MemoryStore: Block broadcast_10 stored as values in memory (estimated size 23.8 KiB, free 434.3 MiB)
[2025-08-18T04:12:56.240+0000] {spark_submit.py:579} INFO - 25/08/18 04:12:56 INFO MemoryStore: Block broadcast_10_piece0 stored as bytes in memory (estimated size 11.5 KiB, free 434.3 MiB)
[2025-08-18T04:12:56.243+0000] {spark_submit.py:579} INFO - 25/08/18 04:12:56 INFO SparkContext: Created broadcast 10 from broadcast at DAGScheduler.scala:1676
[2025-08-18T04:12:56.243+0000] {spark_submit.py:579} INFO - 25/08/18 04:12:56 INFO DAGScheduler: Submitting 2 missing tasks from ResultStage 10 (MapPartitionsRDD[98] at jdbc at NativeMethodAccessorImpl.java:0) (first 15 tasks are for partitions Vector(0, 1))
[2025-08-18T04:12:56.244+0000] {spark_submit.py:579} INFO - 25/08/18 04:12:56 INFO TaskSchedulerImpl: Adding task set 10.0 with 2 tasks resource profile 0
[2025-08-18T04:12:56.245+0000] {spark_submit.py:579} INFO - 25/08/18 04:12:56 INFO TaskSetManager: Starting task 0.0 in stage 10.0 (TID 20) (172.18.0.5,executor 0, partition 0, PROCESS_LOCAL, 12445 bytes)
[2025-08-18T04:12:56.246+0000] {spark_submit.py:579} INFO - 25/08/18 04:12:56 INFO TaskSetManager: Starting task 1.0 in stage 10.0 (TID 21) (172.18.0.5,executor 0, partition 1, PROCESS_LOCAL, 12657 bytes)
[2025-08-18T04:12:56.425+0000] {spark_submit.py:579} INFO - 25/08/18 04:12:56 INFO TaskSetManager: Finished task 1.0 in stage 10.0 (TID 21) in 180 ms on 172.18.0.5 (executor 0) (1/2)
[2025-08-18T04:12:56.444+0000] {spark_submit.py:579} INFO - 25/08/18 04:12:56 INFO TaskSetManager: Finished task 0.0 in stage 10.0 (TID 20) in 199 ms on 172.18.0.5 (executor 0) (2/2)
[2025-08-18T04:12:56.444+0000] {spark_submit.py:579} INFO - 25/08/18 04:12:56 INFO TaskSchedulerImpl: Removed TaskSet 10.0 whose tasks have all completed, from pool
[2025-08-18T04:12:56.444+0000] {spark_submit.py:579} INFO - 25/08/18 04:12:56 INFO DAGScheduler: ResultStage 10 (jdbc at NativeMethodAccessorImpl.java:0) finished in 211 ms
[2025-08-18T04:12:56.445+0000] {spark_submit.py:579} INFO - 25/08/18 04:12:56 INFO DAGScheduler: Job 10 is finished. Cancelling potential speculative or zombie tasks for this job
[2025-08-18T04:12:56.448+0000] {spark_submit.py:579} INFO - 25/08/18 04:12:56 INFO TaskSchedulerImpl: Canceling stage 10
[2025-08-18T04:12:56.448+0000] {spark_submit.py:579} INFO - 25/08/18 04:12:56 INFO TaskSchedulerImpl: Killing all running tasks in stage 10: Stage finished
[2025-08-18T04:12:56.449+0000] {spark_submit.py:579} INFO - 25/08/18 04:12:56 INFO DAGScheduler: Job 10 finished: jdbc at NativeMethodAccessorImpl.java:0, took 214.039526 ms
[2025-08-18T04:12:56.491+0000] {spark_submit.py:579} INFO - table country has been loaded
[2025-08-18T04:12:56.610+0000] {spark_submit.py:579} INFO - 25/08/18 04:12:56 INFO SparkContext: Invoking stop() from shutdown hook
[2025-08-18T04:12:56.611+0000] {spark_submit.py:579} INFO - 25/08/18 04:12:56 INFO SparkContext: SparkContext is stopping with exitCode 0 from run at Executors.java:539.
[2025-08-18T04:12:56.621+0000] {spark_submit.py:579} INFO - 25/08/18 04:12:56 INFO SparkUI: Stopped Spark web UI at http://81b7fe425a18:4040
[2025-08-18T04:12:56.624+0000] {spark_submit.py:579} INFO - 25/08/18 04:12:56 INFO StandaloneSchedulerBackend: Shutting down all executors
[2025-08-18T04:12:56.624+0000] {spark_submit.py:579} INFO - 25/08/18 04:12:56 INFO StandaloneSchedulerBackend$StandaloneDriverEndpoint: Asking each executor to shut down
[2025-08-18T04:12:56.642+0000] {spark_submit.py:579} INFO - 25/08/18 04:12:56 INFO MapOutputTrackerMasterEndpoint: MapOutputTrackerMasterEndpoint stopped!
[2025-08-18T04:12:56.666+0000] {spark_submit.py:579} INFO - 25/08/18 04:12:56 INFO MemoryStore: MemoryStore cleared
[2025-08-18T04:12:56.667+0000] {spark_submit.py:579} INFO - 25/08/18 04:12:56 INFO BlockManager: BlockManager stopped
[2025-08-18T04:12:56.669+0000] {spark_submit.py:579} INFO - 25/08/18 04:12:56 INFO BlockManagerMaster: BlockManagerMaster stopped
[2025-08-18T04:12:56.673+0000] {spark_submit.py:579} INFO - 25/08/18 04:12:56 INFO OutputCommitCoordinator$OutputCommitCoordinatorEndpoint: OutputCommitCoordinator stopped!
[2025-08-18T04:12:56.690+0000] {spark_submit.py:579} INFO - 25/08/18 04:12:56 INFO SparkContext: Successfully stopped SparkContext
[2025-08-18T04:12:56.691+0000] {spark_submit.py:579} INFO - 25/08/18 04:12:56 INFO ShutdownHookManager: Shutdown hook called
[2025-08-18T04:12:56.691+0000] {spark_submit.py:579} INFO - 25/08/18 04:12:56 INFO ShutdownHookManager: Deleting directory /tmp/spark-f28da539-968e-4d3b-aaa9-d2ecd13402df
[2025-08-18T04:12:56.700+0000] {spark_submit.py:579} INFO - 25/08/18 04:12:56 INFO ShutdownHookManager: Deleting directory /tmp/spark-e2af2ee1-67f9-477f-9d50-d0f6d431788e
[2025-08-18T04:12:56.708+0000] {spark_submit.py:579} INFO - 25/08/18 04:12:56 INFO ShutdownHookManager: Deleting directory /tmp/spark-e2af2ee1-67f9-477f-9d50-d0f6d431788e/pyspark-66c1a5ad-fbc3-4028-9b26-85d91da37afa
[2025-08-18T04:12:56.722+0000] {spark_submit.py:579} INFO - 25/08/18 04:12:56 INFO ShutdownHookManager: Deleting directory /opt/***/artifacts/spark-324dc21c-646e-4786-a13a-9186f77af575
[2025-08-18T04:12:56.832+0000] {taskinstance.py:1398} INFO - Marking task as SUCCESS. dag_id=sparking_flow, task_id=python_job, execution_date=20250818T020000, start_date=20250818T041231, end_date=20250818T041256
[2025-08-18T04:12:56.879+0000] {local_task_job_runner.py:228} INFO - Task exited with return code 0
[2025-08-18T04:12:56.913+0000] {taskinstance.py:2776} INFO - 1 downstream tasks scheduled from follow-on schedule check
