[2025-08-10T11:49:56.861+0000] {taskinstance.py:1157} INFO - Dependencies all met for dep_context=non-requeueable deps ti=<TaskInstance: sparking_flow.python_job manual__2025-08-10T11:49:50.285657+00:00 [queued]>
[2025-08-10T11:49:56.868+0000] {taskinstance.py:1157} INFO - Dependencies all met for dep_context=requeueable deps ti=<TaskInstance: sparking_flow.python_job manual__2025-08-10T11:49:50.285657+00:00 [queued]>
[2025-08-10T11:49:56.868+0000] {taskinstance.py:1359} INFO - Starting attempt 1 of 1
[2025-08-10T11:49:56.880+0000] {taskinstance.py:1380} INFO - Executing <Task(SparkSubmitOperator): python_job> on 2025-08-10 11:49:50.285657+00:00
[2025-08-10T11:49:56.888+0000] {standard_task_runner.py:57} INFO - Started process 2434 to run task
[2025-08-10T11:49:56.892+0000] {standard_task_runner.py:84} INFO - Running: ['***', 'tasks', 'run', 'sparking_flow', 'python_job', 'manual__2025-08-10T11:49:50.285657+00:00', '--job-id', '17', '--raw', '--subdir', 'DAGS_FOLDER/spark_***.py', '--cfg-path', '/tmp/tmp5gs0li3m']
[2025-08-10T11:49:56.894+0000] {standard_task_runner.py:85} INFO - Job 17: Subtask python_job
[2025-08-10T11:49:56.990+0000] {task_command.py:415} INFO - Running <TaskInstance: sparking_flow.python_job manual__2025-08-10T11:49:50.285657+00:00 [running]> on host 08d0cfb138c0
[2025-08-10T11:49:57.080+0000] {taskinstance.py:1660} INFO - Exporting env vars: AIRFLOW_CTX_DAG_OWNER='Yusuf Ganiyu' AIRFLOW_CTX_DAG_ID='sparking_flow' AIRFLOW_CTX_TASK_ID='python_job' AIRFLOW_CTX_EXECUTION_DATE='2025-08-10T11:49:50.285657+00:00' AIRFLOW_CTX_TRY_NUMBER='1' AIRFLOW_CTX_DAG_RUN_ID='manual__2025-08-10T11:49:50.285657+00:00'
[2025-08-10T11:49:57.095+0000] {base.py:73} INFO - Using connection ID 'spark-conn' for task execution.
[2025-08-10T11:49:57.096+0000] {spark_submit.py:403} INFO - Spark-Submit cmd: spark-submit --master spark://spark-master:7077 --name arrow-spark --deploy-mode client jobs/python/wordcountjob.py
[2025-08-10T11:49:58.057+0000] {spark_submit.py:579} INFO - WARNING: Using incubator modules: jdk.incubator.vector
[2025-08-10T11:50:02.076+0000] {spark_submit.py:579} INFO - Using Spark's default log4j profile: org/apache/spark/log4j2-defaults.properties
[2025-08-10T11:50:02.085+0000] {spark_submit.py:579} INFO - 25/08/10 11:50:02 INFO SparkContext: Running Spark version 4.0.0
[2025-08-10T11:50:02.089+0000] {spark_submit.py:579} INFO - 25/08/10 11:50:02 INFO SparkContext: OS info Linux, 6.6.87.2-microsoft-standard-WSL2, amd64
[2025-08-10T11:50:02.089+0000] {spark_submit.py:579} INFO - 25/08/10 11:50:02 INFO SparkContext: Java version 17.0.15
[2025-08-10T11:50:02.190+0000] {spark_submit.py:579} INFO - 25/08/10 11:50:02 WARN NativeCodeLoader: Unable to load native-hadoop library for your platform... using builtin-java classes where applicable
[2025-08-10T11:50:02.269+0000] {spark_submit.py:579} INFO - 25/08/10 11:50:02 INFO ResourceUtils: ==============================================================
[2025-08-10T11:50:02.269+0000] {spark_submit.py:579} INFO - 25/08/10 11:50:02 INFO ResourceUtils: No custom resources configured for spark.driver.
[2025-08-10T11:50:02.270+0000] {spark_submit.py:579} INFO - 25/08/10 11:50:02 INFO ResourceUtils: ==============================================================
[2025-08-10T11:50:02.270+0000] {spark_submit.py:579} INFO - 25/08/10 11:50:02 INFO SparkContext: Submitted application: PythonWordCount
[2025-08-10T11:50:02.298+0000] {spark_submit.py:579} INFO - 25/08/10 11:50:02 INFO ResourceProfile: Default ResourceProfile created, executor resources: Map(memory -> name: memory, amount: 1024, script: , vendor: , offHeap -> name: offHeap, amount: 0, script: , vendor: ), task resources: Map(cpus -> name: cpus, amount: 1.0)
[2025-08-10T11:50:02.301+0000] {spark_submit.py:579} INFO - 25/08/10 11:50:02 INFO ResourceProfile: Limiting resource is cpu
[2025-08-10T11:50:02.302+0000] {spark_submit.py:579} INFO - 25/08/10 11:50:02 INFO ResourceProfileManager: Added ResourceProfile id: 0
[2025-08-10T11:50:02.358+0000] {spark_submit.py:579} INFO - 25/08/10 11:50:02 INFO SecurityManager: Changing view acls to: ***
[2025-08-10T11:50:02.359+0000] {spark_submit.py:579} INFO - 25/08/10 11:50:02 INFO SecurityManager: Changing modify acls to: ***
[2025-08-10T11:50:02.360+0000] {spark_submit.py:579} INFO - 25/08/10 11:50:02 INFO SecurityManager: Changing view acls groups to: ***
[2025-08-10T11:50:02.360+0000] {spark_submit.py:579} INFO - 25/08/10 11:50:02 INFO SecurityManager: Changing modify acls groups to: ***
[2025-08-10T11:50:02.365+0000] {spark_submit.py:579} INFO - 25/08/10 11:50:02 INFO SecurityManager: SecurityManager: authentication disabled; ui acls disabled; users with view permissions: *** groups with view permissions: EMPTY; users with modify permissions: ***; groups with modify permissions: EMPTY; RPC SSL disabled
[2025-08-10T11:50:02.619+0000] {spark_submit.py:579} INFO - 25/08/10 11:50:02 INFO Utils: Successfully started service 'sparkDriver' on port 45201.
[2025-08-10T11:50:02.660+0000] {spark_submit.py:579} INFO - 25/08/10 11:50:02 INFO SparkEnv: Registering MapOutputTracker
[2025-08-10T11:50:02.673+0000] {spark_submit.py:579} INFO - 25/08/10 11:50:02 INFO SparkEnv: Registering BlockManagerMaster
[2025-08-10T11:50:02.694+0000] {spark_submit.py:579} INFO - 25/08/10 11:50:02 INFO BlockManagerMasterEndpoint: Using org.apache.spark.storage.DefaultTopologyMapper for getting topology information
[2025-08-10T11:50:02.694+0000] {spark_submit.py:579} INFO - 25/08/10 11:50:02 INFO BlockManagerMasterEndpoint: BlockManagerMasterEndpoint up
[2025-08-10T11:50:02.698+0000] {spark_submit.py:579} INFO - 25/08/10 11:50:02 INFO SparkEnv: Registering BlockManagerMasterHeartbeat
[2025-08-10T11:50:02.724+0000] {spark_submit.py:579} INFO - 25/08/10 11:50:02 INFO DiskBlockManager: Created local directory at /tmp/blockmgr-52ed87e3-44a5-4835-a23d-86f9124497b5
[2025-08-10T11:50:02.746+0000] {spark_submit.py:579} INFO - 25/08/10 11:50:02 INFO SparkEnv: Registering OutputCommitCoordinator
[2025-08-10T11:50:02.936+0000] {spark_submit.py:579} INFO - 25/08/10 11:50:02 INFO JettyUtils: Start Jetty 0.0.0.0:4040 for SparkUI
[2025-08-10T11:50:03.051+0000] {spark_submit.py:579} INFO - 25/08/10 11:50:03 INFO Utils: Successfully started service 'SparkUI' on port 4040.
[2025-08-10T11:50:03.111+0000] {spark_submit.py:579} INFO - 25/08/10 11:50:03 INFO SecurityManager: Changing view acls to: ***
[2025-08-10T11:50:03.111+0000] {spark_submit.py:579} INFO - 25/08/10 11:50:03 INFO SecurityManager: Changing modify acls to: ***
[2025-08-10T11:50:03.112+0000] {spark_submit.py:579} INFO - 25/08/10 11:50:03 INFO SecurityManager: Changing view acls groups to: ***
[2025-08-10T11:50:03.112+0000] {spark_submit.py:579} INFO - 25/08/10 11:50:03 INFO SecurityManager: Changing modify acls groups to: ***
[2025-08-10T11:50:03.112+0000] {spark_submit.py:579} INFO - 25/08/10 11:50:03 INFO SecurityManager: SecurityManager: authentication disabled; ui acls disabled; users with view permissions: *** groups with view permissions: EMPTY; users with modify permissions: ***; groups with modify permissions: EMPTY; RPC SSL disabled
[2025-08-10T11:50:03.300+0000] {spark_submit.py:579} INFO - 25/08/10 11:50:03 INFO StandaloneAppClient$ClientEndpoint: Connecting to master spark://spark-master:7077...
[2025-08-10T11:50:03.366+0000] {spark_submit.py:579} INFO - 25/08/10 11:50:03 INFO TransportClientFactory: Successfully created connection to spark-master/172.18.0.2:7077 after 35 ms (0 ms spent in bootstraps)
[2025-08-10T11:50:03.792+0000] {spark_submit.py:579} INFO - 25/08/10 11:50:03 INFO StandaloneSchedulerBackend: Connected to Spark cluster with app ID app-20250810115003-0002
[2025-08-10T11:50:03.808+0000] {spark_submit.py:579} INFO - 25/08/10 11:50:03 INFO Utils: Successfully started service 'org.apache.spark.network.netty.NettyBlockTransferService' on port 44659.
[2025-08-10T11:50:03.809+0000] {spark_submit.py:579} INFO - 25/08/10 11:50:03 INFO NettyBlockTransferService: Server created on 08d0cfb138c0:44659
[2025-08-10T11:50:03.812+0000] {spark_submit.py:579} INFO - 25/08/10 11:50:03 INFO BlockManager: Using org.apache.spark.storage.RandomBlockReplicationPolicy for block replication policy
[2025-08-10T11:50:03.836+0000] {spark_submit.py:579} INFO - 25/08/10 11:50:03 INFO BlockManagerMaster: Registering BlockManager BlockManagerId(driver, 08d0cfb138c0, 44659, None)
[2025-08-10T11:50:03.839+0000] {spark_submit.py:579} INFO - 25/08/10 11:50:03 INFO StandaloneAppClient$ClientEndpoint: Executor added: app-20250810115003-0002/0 on worker-20250810094251-172.18.0.4-38287 (172.18.0.4:38287) with 2 core(s)
[2025-08-10T11:50:03.842+0000] {spark_submit.py:579} INFO - 25/08/10 11:50:03 INFO StandaloneSchedulerBackend: Granted executor ID app-20250810115003-0002/0 on hostPort 172.18.0.4:38287 with 2 core(s), 1024.0 MiB RAM
[2025-08-10T11:50:03.843+0000] {spark_submit.py:579} INFO - 25/08/10 11:50:03 INFO BlockManagerMasterEndpoint: Registering block manager 08d0cfb138c0:44659 with 434.4 MiB RAM, BlockManagerId(driver, 08d0cfb138c0, 44659, None)
[2025-08-10T11:50:03.850+0000] {spark_submit.py:579} INFO - 25/08/10 11:50:03 INFO BlockManagerMaster: Registered BlockManager BlockManagerId(driver, 08d0cfb138c0, 44659, None)
[2025-08-10T11:50:03.851+0000] {spark_submit.py:579} INFO - 25/08/10 11:50:03 INFO BlockManager: Initialized BlockManager: BlockManagerId(driver, 08d0cfb138c0, 44659, None)
[2025-08-10T11:50:04.004+0000] {spark_submit.py:579} INFO - 25/08/10 11:50:04 INFO StandaloneSchedulerBackend: SchedulerBackend is ready for scheduling beginning after reached minRegisteredResourcesRatio: 0.0
[2025-08-10T11:50:04.577+0000] {spark_submit.py:579} INFO - 25/08/10 11:50:04 INFO StandaloneAppClient$ClientEndpoint: Executor updated: app-20250810115003-0002/0 is now RUNNING
[2025-08-10T11:50:08.680+0000] {spark_submit.py:579} INFO - 25/08/10 11:50:08 INFO StandaloneSchedulerBackend$StandaloneDriverEndpoint: Registered executor NettyRpcEndpointRef(spark-client://Executor) (172.18.0.4:52488) with ID 0, ResourceProfileId 0
[2025-08-10T11:50:09.048+0000] {spark_submit.py:579} INFO - 25/08/10 11:50:09 INFO BlockManagerMasterEndpoint: Registering block manager 172.18.0.4:38377 with 434.4 MiB RAM, BlockManagerId(0, 172.18.0.4, 38377, None)
[2025-08-10T11:50:09.520+0000] {spark_submit.py:579} INFO - dict_keys(['daily', 'daily960', 'live_rapid', 'live_blitz', 'live_bullet', 'live_bughouse', 'live_blitz960', 'live_threecheck', 'live_crazyhouse', 'live_kingofthehill', 'tactics', 'rush', 'battle'])
[2025-08-10T11:50:09.598+0000] {spark_submit.py:579} INFO - 25/08/10 11:50:09 INFO SharedState: Setting hive.metastore.warehouse.dir ('null') to the value of spark.sql.warehouse.dir.
[2025-08-10T11:50:09.607+0000] {spark_submit.py:579} INFO - 25/08/10 11:50:09 INFO SharedState: Warehouse path is 'file:/opt/***/spark-warehouse'.
[2025-08-10T11:50:09.931+0000] {spark_submit.py:579} INFO - Traceback (most recent call last):
[2025-08-10T11:50:09.931+0000] {spark_submit.py:579} INFO - File "/opt/***/jobs/python/wordcountjob.py", line 53, in <module>
[2025-08-10T11:50:09.933+0000] {spark_submit.py:579} INFO - daily = convert_to_spark(dfs, "daily").drop("trend_score","trend_rank")
[2025-08-10T11:50:09.934+0000] {spark_submit.py:579} INFO - File "/opt/***/jobs/python/wordcountjob.py", line 48, in convert_to_spark
[2025-08-10T11:50:09.936+0000] {spark_submit.py:579} INFO - return spark.createDataFrame(pdf)
[2025-08-10T11:50:09.936+0000] {spark_submit.py:579} INFO - File "/home/***/.local/lib/python3.10/site-packages/pyspark/python/lib/pyspark.zip/pyspark/sql/session.py", line 1591, in createDataFrame
[2025-08-10T11:50:09.937+0000] {spark_submit.py:579} INFO - File "/home/***/.local/lib/python3.10/site-packages/pyspark/python/lib/pyspark.zip/pyspark/sql/pandas/conversion.py", line 437, in createDataFrame
[2025-08-10T11:50:09.939+0000] {spark_submit.py:579} INFO - File "/home/***/.local/lib/python3.10/site-packages/pyspark/python/lib/pyspark.zip/pyspark/sql/session.py", line 1643, in _create_dataframe
[2025-08-10T11:50:09.940+0000] {spark_submit.py:579} INFO - File "/home/***/.local/lib/python3.10/site-packages/pyspark/python/lib/pyspark.zip/pyspark/sql/session.py", line 1198, in _createFromLocal
[2025-08-10T11:50:09.942+0000] {spark_submit.py:579} INFO - File "/home/***/.local/lib/python3.10/site-packages/pyspark/python/lib/pyspark.zip/pyspark/sql/session.py", line 1056, in _inferSchemaFromList
[2025-08-10T11:50:09.942+0000] {spark_submit.py:579} INFO - File "/home/***/.local/lib/python3.10/site-packages/pyspark/python/lib/pyspark.zip/pyspark/sql/types.py", line 2472, in _merge_type
[2025-08-10T11:50:09.943+0000] {spark_submit.py:579} INFO - File "/home/***/.local/lib/python3.10/site-packages/pyspark/python/lib/pyspark.zip/pyspark/sql/types.py", line 2474, in <listcomp>
[2025-08-10T11:50:09.944+0000] {spark_submit.py:579} INFO - File "/home/***/.local/lib/python3.10/site-packages/pyspark/python/lib/pyspark.zip/pyspark/sql/types.py", line 2464, in _merge_type
[2025-08-10T11:50:09.944+0000] {spark_submit.py:579} INFO - pyspark.errors.exceptions.base.PySparkTypeError: [CANNOT_MERGE_TYPE] Can not merge type `MapType` and `DoubleType`.
[2025-08-10T11:50:10.092+0000] {spark_submit.py:579} INFO - 25/08/10 11:50:10 INFO SparkContext: Invoking stop() from shutdown hook
[2025-08-10T11:50:10.094+0000] {spark_submit.py:579} INFO - 25/08/10 11:50:10 INFO SparkContext: SparkContext is stopping with exitCode 0 from run at Executors.java:539.
[2025-08-10T11:50:10.104+0000] {spark_submit.py:579} INFO - 25/08/10 11:50:10 INFO SparkUI: Stopped Spark web UI at http://08d0cfb138c0:4040
[2025-08-10T11:50:10.108+0000] {spark_submit.py:579} INFO - 25/08/10 11:50:10 INFO StandaloneSchedulerBackend: Shutting down all executors
[2025-08-10T11:50:10.108+0000] {spark_submit.py:579} INFO - 25/08/10 11:50:10 INFO StandaloneSchedulerBackend$StandaloneDriverEndpoint: Asking each executor to shut down
[2025-08-10T11:50:10.125+0000] {spark_submit.py:579} INFO - 25/08/10 11:50:10 INFO MapOutputTrackerMasterEndpoint: MapOutputTrackerMasterEndpoint stopped!
[2025-08-10T11:50:10.203+0000] {spark_submit.py:579} INFO - 25/08/10 11:50:10 INFO MemoryStore: MemoryStore started with capacity 434.4 MiB
[2025-08-10T11:50:10.204+0000] {spark_submit.py:579} INFO - 25/08/10 11:50:10 INFO MemoryStore: MemoryStore cleared
[2025-08-10T11:50:10.205+0000] {spark_submit.py:579} INFO - 25/08/10 11:50:10 INFO BlockManager: BlockManager stopped
[2025-08-10T11:50:10.210+0000] {spark_submit.py:579} INFO - 25/08/10 11:50:10 INFO BlockManagerMaster: BlockManagerMaster stopped
[2025-08-10T11:50:10.212+0000] {spark_submit.py:579} INFO - 25/08/10 11:50:10 INFO OutputCommitCoordinator$OutputCommitCoordinatorEndpoint: OutputCommitCoordinator stopped!
[2025-08-10T11:50:10.254+0000] {spark_submit.py:579} INFO - 25/08/10 11:50:10 INFO SparkContext: Successfully stopped SparkContext
[2025-08-10T11:50:10.254+0000] {spark_submit.py:579} INFO - 25/08/10 11:50:10 INFO ShutdownHookManager: Shutdown hook called
[2025-08-10T11:50:10.255+0000] {spark_submit.py:579} INFO - 25/08/10 11:50:10 INFO ShutdownHookManager: Deleting directory /tmp/spark-3375bbb1-b2af-4967-ba35-cde53c8d9cc6
[2025-08-10T11:50:10.288+0000] {spark_submit.py:579} INFO - 25/08/10 11:50:10 INFO ShutdownHookManager: Deleting directory /tmp/spark-0a46d2f5-8792-4945-ad50-8d6d95d2c5c8/pyspark-249db841-ac42-4557-afb2-12d84e459444
[2025-08-10T11:50:10.314+0000] {spark_submit.py:579} INFO - 25/08/10 11:50:10 INFO ShutdownHookManager: Deleting directory /tmp/spark-0a46d2f5-8792-4945-ad50-8d6d95d2c5c8
[2025-08-10T11:50:10.439+0000] {taskinstance.py:1935} ERROR - Task failed with exception
Traceback (most recent call last):
  File "/home/airflow/.local/lib/python3.10/site-packages/airflow/providers/apache/spark/operators/spark_submit.py", line 174, in execute
    self._hook.submit(self.application)
  File "/home/airflow/.local/lib/python3.10/site-packages/airflow/providers/apache/spark/hooks/spark_submit.py", line 505, in submit
    raise AirflowException(
airflow.exceptions.AirflowException: Cannot execute: spark-submit --master spark://spark-master:7077 --name arrow-spark --deploy-mode client jobs/python/wordcountjob.py. Error code is: 1.
[2025-08-10T11:50:10.454+0000] {taskinstance.py:1398} INFO - Marking task as FAILED. dag_id=sparking_flow, task_id=python_job, execution_date=20250810T114950, start_date=20250810T114956, end_date=20250810T115010
[2025-08-10T11:50:10.509+0000] {standard_task_runner.py:104} ERROR - Failed to execute job 17 for task python_job (Cannot execute: spark-submit --master spark://spark-master:7077 --name arrow-spark --deploy-mode client jobs/python/wordcountjob.py. Error code is: 1.; 2434)
[2025-08-10T11:50:10.558+0000] {local_task_job_runner.py:228} INFO - Task exited with return code 1
[2025-08-10T11:50:10.593+0000] {taskinstance.py:2776} INFO - 0 downstream tasks scheduled from follow-on schedule check
