[2025-08-10T06:06:37.883+0000] {taskinstance.py:1157} INFO - Dependencies all met for dep_context=non-requeueable deps ti=<TaskInstance: sparking_flow.python_job manual__2025-08-10T06:06:34.890759+00:00 [queued]>
[2025-08-10T06:06:37.890+0000] {taskinstance.py:1157} INFO - Dependencies all met for dep_context=requeueable deps ti=<TaskInstance: sparking_flow.python_job manual__2025-08-10T06:06:34.890759+00:00 [queued]>
[2025-08-10T06:06:37.890+0000] {taskinstance.py:1359} INFO - Starting attempt 1 of 1
[2025-08-10T06:06:37.935+0000] {taskinstance.py:1380} INFO - Executing <Task(SparkSubmitOperator): python_job> on 2025-08-10 06:06:34.890759+00:00
[2025-08-10T06:06:37.939+0000] {standard_task_runner.py:57} INFO - Started process 4850 to run task
[2025-08-10T06:06:37.944+0000] {standard_task_runner.py:84} INFO - Running: ['***', 'tasks', 'run', 'sparking_flow', 'python_job', 'manual__2025-08-10T06:06:34.890759+00:00', '--job-id', '13', '--raw', '--subdir', 'DAGS_FOLDER/spark_***.py', '--cfg-path', '/tmp/tmpxo7anwfa']
[2025-08-10T06:06:37.948+0000] {standard_task_runner.py:85} INFO - Job 13: Subtask python_job
[2025-08-10T06:06:38.037+0000] {task_command.py:415} INFO - Running <TaskInstance: sparking_flow.python_job manual__2025-08-10T06:06:34.890759+00:00 [running]> on host 95fb1ebfe85f
[2025-08-10T06:06:38.161+0000] {taskinstance.py:1660} INFO - Exporting env vars: AIRFLOW_CTX_DAG_OWNER='Yusuf Ganiyu' AIRFLOW_CTX_DAG_ID='sparking_flow' AIRFLOW_CTX_TASK_ID='python_job' AIRFLOW_CTX_EXECUTION_DATE='2025-08-10T06:06:34.890759+00:00' AIRFLOW_CTX_TRY_NUMBER='1' AIRFLOW_CTX_DAG_RUN_ID='manual__2025-08-10T06:06:34.890759+00:00'
[2025-08-10T06:06:38.174+0000] {base.py:73} INFO - Using connection ID 'spark-conn' for task execution.
[2025-08-10T06:06:38.175+0000] {spark_submit.py:403} INFO - Spark-Submit cmd: spark-submit --master spark://spark-master-1:7077 --name arrow-spark --deploy-mode client jobs/python/wordcountjob.py
[2025-08-10T06:06:38.654+0000] {spark_submit.py:579} INFO - WARNING: Using incubator modules: jdk.incubator.vector
[2025-08-10T06:06:41.621+0000] {spark_submit.py:579} INFO - Using Spark's default log4j profile: org/apache/spark/log4j2-defaults.properties
[2025-08-10T06:06:41.629+0000] {spark_submit.py:579} INFO - 25/08/10 06:06:41 INFO SparkContext: Running Spark version 4.0.0
[2025-08-10T06:06:41.632+0000] {spark_submit.py:579} INFO - 25/08/10 06:06:41 INFO SparkContext: OS info Linux, 6.6.87.2-microsoft-standard-WSL2, amd64
[2025-08-10T06:06:41.633+0000] {spark_submit.py:579} INFO - 25/08/10 06:06:41 INFO SparkContext: Java version 17.0.15
[2025-08-10T06:06:41.692+0000] {spark_submit.py:579} INFO - 25/08/10 06:06:41 WARN NativeCodeLoader: Unable to load native-hadoop library for your platform... using builtin-java classes where applicable
[2025-08-10T06:06:41.732+0000] {spark_submit.py:579} INFO - 25/08/10 06:06:41 INFO ResourceUtils: ==============================================================
[2025-08-10T06:06:41.733+0000] {spark_submit.py:579} INFO - 25/08/10 06:06:41 INFO ResourceUtils: No custom resources configured for spark.driver.
[2025-08-10T06:06:41.734+0000] {spark_submit.py:579} INFO - 25/08/10 06:06:41 INFO ResourceUtils: ==============================================================
[2025-08-10T06:06:41.734+0000] {spark_submit.py:579} INFO - 25/08/10 06:06:41 INFO SparkContext: Submitted application: PythonWordCount
[2025-08-10T06:06:41.753+0000] {spark_submit.py:579} INFO - 25/08/10 06:06:41 INFO ResourceProfile: Default ResourceProfile created, executor resources: Map(memory -> name: memory, amount: 1024, script: , vendor: , offHeap -> name: offHeap, amount: 0, script: , vendor: ), task resources: Map(cpus -> name: cpus, amount: 1.0)
[2025-08-10T06:06:41.755+0000] {spark_submit.py:579} INFO - 25/08/10 06:06:41 INFO ResourceProfile: Limiting resource is cpu
[2025-08-10T06:06:41.760+0000] {spark_submit.py:579} INFO - 25/08/10 06:06:41 INFO ResourceProfileManager: Added ResourceProfile id: 0
[2025-08-10T06:06:41.794+0000] {spark_submit.py:579} INFO - 25/08/10 06:06:41 INFO SecurityManager: Changing view acls to: ***
[2025-08-10T06:06:41.794+0000] {spark_submit.py:579} INFO - 25/08/10 06:06:41 INFO SecurityManager: Changing modify acls to: ***
[2025-08-10T06:06:41.795+0000] {spark_submit.py:579} INFO - 25/08/10 06:06:41 INFO SecurityManager: Changing view acls groups to: ***
[2025-08-10T06:06:41.796+0000] {spark_submit.py:579} INFO - 25/08/10 06:06:41 INFO SecurityManager: Changing modify acls groups to: ***
[2025-08-10T06:06:41.797+0000] {spark_submit.py:579} INFO - 25/08/10 06:06:41 INFO SecurityManager: SecurityManager: authentication disabled; ui acls disabled; users with view permissions: *** groups with view permissions: EMPTY; users with modify permissions: ***; groups with modify permissions: EMPTY; RPC SSL disabled
[2025-08-10T06:06:41.990+0000] {spark_submit.py:579} INFO - 25/08/10 06:06:41 INFO Utils: Successfully started service 'sparkDriver' on port 42851.
[2025-08-10T06:06:42.019+0000] {spark_submit.py:579} INFO - 25/08/10 06:06:42 INFO SparkEnv: Registering MapOutputTracker
[2025-08-10T06:06:42.032+0000] {spark_submit.py:579} INFO - 25/08/10 06:06:42 INFO SparkEnv: Registering BlockManagerMaster
[2025-08-10T06:06:42.049+0000] {spark_submit.py:579} INFO - 25/08/10 06:06:42 INFO BlockManagerMasterEndpoint: Using org.apache.spark.storage.DefaultTopologyMapper for getting topology information
[2025-08-10T06:06:42.049+0000] {spark_submit.py:579} INFO - 25/08/10 06:06:42 INFO BlockManagerMasterEndpoint: BlockManagerMasterEndpoint up
[2025-08-10T06:06:42.053+0000] {spark_submit.py:579} INFO - 25/08/10 06:06:42 INFO SparkEnv: Registering BlockManagerMasterHeartbeat
[2025-08-10T06:06:42.075+0000] {spark_submit.py:579} INFO - 25/08/10 06:06:42 INFO DiskBlockManager: Created local directory at /tmp/blockmgr-93342046-8b52-4a00-97e9-7595dd4a7f4b
[2025-08-10T06:06:42.096+0000] {spark_submit.py:579} INFO - 25/08/10 06:06:42 INFO SparkEnv: Registering OutputCommitCoordinator
[2025-08-10T06:06:42.214+0000] {spark_submit.py:579} INFO - 25/08/10 06:06:42 INFO JettyUtils: Start Jetty 0.0.0.0:4040 for SparkUI
[2025-08-10T06:06:42.284+0000] {spark_submit.py:579} INFO - 25/08/10 06:06:42 INFO Utils: Successfully started service 'SparkUI' on port 4040.
[2025-08-10T06:06:42.333+0000] {spark_submit.py:579} INFO - 25/08/10 06:06:42 INFO SecurityManager: Changing view acls to: ***
[2025-08-10T06:06:42.333+0000] {spark_submit.py:579} INFO - 25/08/10 06:06:42 INFO SecurityManager: Changing modify acls to: ***
[2025-08-10T06:06:42.334+0000] {spark_submit.py:579} INFO - 25/08/10 06:06:42 INFO SecurityManager: Changing view acls groups to: ***
[2025-08-10T06:06:42.334+0000] {spark_submit.py:579} INFO - 25/08/10 06:06:42 INFO SecurityManager: Changing modify acls groups to: ***
[2025-08-10T06:06:42.335+0000] {spark_submit.py:579} INFO - 25/08/10 06:06:42 INFO SecurityManager: SecurityManager: authentication disabled; ui acls disabled; users with view permissions: *** groups with view permissions: EMPTY; users with modify permissions: ***; groups with modify permissions: EMPTY; RPC SSL disabled
[2025-08-10T06:06:42.510+0000] {spark_submit.py:579} INFO - 25/08/10 06:06:42 INFO StandaloneAppClient$ClientEndpoint: Connecting to master spark://spark-master-1:7077...
[2025-08-10T06:06:46.288+0000] {spark_submit.py:579} INFO - 25/08/10 06:06:46 WARN TransportClientFactory: DNS resolution failed for spark-master-1/<unresolved>:7077 took 3750 ms
[2025-08-10T06:06:46.324+0000] {spark_submit.py:579} INFO - 25/08/10 06:06:46 WARN StandaloneAppClient$ClientEndpoint: Failed to connect to master spark-master-1:7077
[2025-08-10T06:06:46.324+0000] {spark_submit.py:579} INFO - org.apache.spark.SparkException: Exception thrown in awaitResult:
[2025-08-10T06:06:46.325+0000] {spark_submit.py:579} INFO - at org.apache.spark.util.SparkThreadUtils$.awaitResult(SparkThreadUtils.scala:53)
[2025-08-10T06:06:46.325+0000] {spark_submit.py:579} INFO - at org.apache.spark.util.ThreadUtils$.awaitResult(ThreadUtils.scala:342)
[2025-08-10T06:06:46.325+0000] {spark_submit.py:579} INFO - at org.apache.spark.rpc.RpcTimeout.awaitResult(RpcTimeout.scala:75)
[2025-08-10T06:06:46.326+0000] {spark_submit.py:579} INFO - at org.apache.spark.rpc.RpcEnv.setupEndpointRefByURI(RpcEnv.scala:102)
[2025-08-10T06:06:46.326+0000] {spark_submit.py:579} INFO - at org.apache.spark.rpc.RpcEnv.setupEndpointRef(RpcEnv.scala:110)
[2025-08-10T06:06:46.326+0000] {spark_submit.py:579} INFO - at org.apache.spark.deploy.client.StandaloneAppClient$ClientEndpoint$$anon$1.run(StandaloneAppClient.scala:110)
[2025-08-10T06:06:46.327+0000] {spark_submit.py:579} INFO - at java.base/java.util.concurrent.Executors$RunnableAdapter.call(Executors.java:539)
[2025-08-10T06:06:46.327+0000] {spark_submit.py:579} INFO - at java.base/java.util.concurrent.FutureTask.run(FutureTask.java:264)
[2025-08-10T06:06:46.327+0000] {spark_submit.py:579} INFO - at java.base/java.util.concurrent.ThreadPoolExecutor.runWorker(ThreadPoolExecutor.java:1136)
[2025-08-10T06:06:46.327+0000] {spark_submit.py:579} INFO - at java.base/java.util.concurrent.ThreadPoolExecutor$Worker.run(ThreadPoolExecutor.java:635)
[2025-08-10T06:06:46.328+0000] {spark_submit.py:579} INFO - at java.base/java.lang.Thread.run(Thread.java:840)
[2025-08-10T06:06:46.328+0000] {spark_submit.py:579} INFO - Caused by: java.io.IOException: Failed to connect to spark-master-1/<unresolved>:7077
[2025-08-10T06:06:46.328+0000] {spark_submit.py:579} INFO - at org.apache.spark.network.client.TransportClientFactory.createClient(TransportClientFactory.java:305)
[2025-08-10T06:06:46.329+0000] {spark_submit.py:579} INFO - at org.apache.spark.network.client.TransportClientFactory.createClient(TransportClientFactory.java:225)
[2025-08-10T06:06:46.329+0000] {spark_submit.py:579} INFO - at org.apache.spark.network.client.TransportClientFactory.createClient(TransportClientFactory.java:237)
[2025-08-10T06:06:46.329+0000] {spark_submit.py:579} INFO - at org.apache.spark.rpc.netty.NettyRpcEnv.createClient(NettyRpcEnv.scala:207)
[2025-08-10T06:06:46.329+0000] {spark_submit.py:579} INFO - at org.apache.spark.rpc.netty.Outbox$$anon$1.call(Outbox.scala:202)
[2025-08-10T06:06:46.330+0000] {spark_submit.py:579} INFO - at org.apache.spark.rpc.netty.Outbox$$anon$1.call(Outbox.scala:198)
[2025-08-10T06:06:46.330+0000] {spark_submit.py:579} INFO - ... 4 more
[2025-08-10T06:06:46.330+0000] {spark_submit.py:579} INFO - Caused by: java.net.UnknownHostException: spark-master-1
[2025-08-10T06:06:46.330+0000] {spark_submit.py:579} INFO - at java.base/java.net.InetAddress$CachedAddresses.get(InetAddress.java:801)
[2025-08-10T06:06:46.331+0000] {spark_submit.py:579} INFO - at java.base/java.net.InetAddress.getAllByName0(InetAddress.java:1533)
[2025-08-10T06:06:46.331+0000] {spark_submit.py:579} INFO - at java.base/java.net.InetAddress.getAllByName(InetAddress.java:1385)
[2025-08-10T06:06:46.331+0000] {spark_submit.py:579} INFO - at java.base/java.net.InetAddress.getAllByName(InetAddress.java:1306)
[2025-08-10T06:06:46.332+0000] {spark_submit.py:579} INFO - at java.base/java.net.InetAddress.getByName(InetAddress.java:1256)
[2025-08-10T06:06:46.332+0000] {spark_submit.py:579} INFO - at io.netty.util.internal.SocketUtils$8.run(SocketUtils.java:156)
[2025-08-10T06:06:46.332+0000] {spark_submit.py:579} INFO - at io.netty.util.internal.SocketUtils$8.run(SocketUtils.java:153)
[2025-08-10T06:06:46.333+0000] {spark_submit.py:579} INFO - at java.base/java.security.AccessController.doPrivileged(AccessController.java:569)
[2025-08-10T06:06:46.333+0000] {spark_submit.py:579} INFO - at io.netty.util.internal.SocketUtils.addressByName(SocketUtils.java:153)
[2025-08-10T06:06:46.333+0000] {spark_submit.py:579} INFO - at io.netty.resolver.DefaultNameResolver.doResolve(DefaultNameResolver.java:41)
[2025-08-10T06:06:46.334+0000] {spark_submit.py:579} INFO - at io.netty.resolver.SimpleNameResolver.resolve(SimpleNameResolver.java:61)
[2025-08-10T06:06:46.334+0000] {spark_submit.py:579} INFO - at io.netty.resolver.SimpleNameResolver.resolve(SimpleNameResolver.java:53)
[2025-08-10T06:06:46.334+0000] {spark_submit.py:579} INFO - at io.netty.resolver.InetSocketAddressResolver.doResolve(InetSocketAddressResolver.java:55)
[2025-08-10T06:06:46.334+0000] {spark_submit.py:579} INFO - at io.netty.resolver.InetSocketAddressResolver.doResolve(InetSocketAddressResolver.java:31)
[2025-08-10T06:06:46.334+0000] {spark_submit.py:579} INFO - at io.netty.resolver.AbstractAddressResolver.resolve(AbstractAddressResolver.java:106)
[2025-08-10T06:06:46.334+0000] {spark_submit.py:579} INFO - at io.netty.bootstrap.Bootstrap.doResolveAndConnect0(Bootstrap.java:220)
[2025-08-10T06:06:46.335+0000] {spark_submit.py:579} INFO - at io.netty.bootstrap.Bootstrap.access$000(Bootstrap.java:47)
[2025-08-10T06:06:46.335+0000] {spark_submit.py:579} INFO - at io.netty.bootstrap.Bootstrap$1.operationComplete(Bootstrap.java:189)
[2025-08-10T06:06:46.335+0000] {spark_submit.py:579} INFO - at io.netty.bootstrap.Bootstrap$1.operationComplete(Bootstrap.java:175)
[2025-08-10T06:06:46.335+0000] {spark_submit.py:579} INFO - at io.netty.util.concurrent.DefaultPromise.notifyListener0(DefaultPromise.java:590)
[2025-08-10T06:06:46.336+0000] {spark_submit.py:579} INFO - at io.netty.util.concurrent.DefaultPromise.notifyListenersNow(DefaultPromise.java:557)
[2025-08-10T06:06:46.336+0000] {spark_submit.py:579} INFO - at io.netty.util.concurrent.DefaultPromise.notifyListeners(DefaultPromise.java:492)
[2025-08-10T06:06:46.336+0000] {spark_submit.py:579} INFO - at io.netty.util.concurrent.DefaultPromise.setValue0(DefaultPromise.java:636)
[2025-08-10T06:06:46.336+0000] {spark_submit.py:579} INFO - at io.netty.util.concurrent.DefaultPromise.setSuccess0(DefaultPromise.java:625)
[2025-08-10T06:06:46.336+0000] {spark_submit.py:579} INFO - at io.netty.util.concurrent.DefaultPromise.trySuccess(DefaultPromise.java:105)
[2025-08-10T06:06:46.336+0000] {spark_submit.py:579} INFO - at io.netty.channel.DefaultChannelPromise.trySuccess(DefaultChannelPromise.java:84)
[2025-08-10T06:06:46.337+0000] {spark_submit.py:579} INFO - at io.netty.channel.AbstractChannel$AbstractUnsafe.safeSetSuccess(AbstractChannel.java:988)
[2025-08-10T06:06:46.337+0000] {spark_submit.py:579} INFO - at io.netty.channel.AbstractChannel$AbstractUnsafe.register0(AbstractChannel.java:515)
[2025-08-10T06:06:46.337+0000] {spark_submit.py:579} INFO - at io.netty.channel.AbstractChannel$AbstractUnsafe.access$200(AbstractChannel.java:428)
[2025-08-10T06:06:46.337+0000] {spark_submit.py:579} INFO - at io.netty.channel.AbstractChannel$AbstractUnsafe$1.run(AbstractChannel.java:485)
[2025-08-10T06:06:46.337+0000] {spark_submit.py:579} INFO - at io.netty.util.concurrent.AbstractEventExecutor.runTask(AbstractEventExecutor.java:173)
[2025-08-10T06:06:46.338+0000] {spark_submit.py:579} INFO - at io.netty.util.concurrent.AbstractEventExecutor.safeExecute(AbstractEventExecutor.java:166)
[2025-08-10T06:06:46.338+0000] {spark_submit.py:579} INFO - at io.netty.util.concurrent.SingleThreadEventExecutor.runAllTasks(SingleThreadEventExecutor.java:472)
[2025-08-10T06:06:46.338+0000] {spark_submit.py:579} INFO - at io.netty.channel.nio.NioEventLoop.run(NioEventLoop.java:569)
[2025-08-10T06:06:46.338+0000] {spark_submit.py:579} INFO - at io.netty.util.concurrent.SingleThreadEventExecutor$4.run(SingleThreadEventExecutor.java:998)
[2025-08-10T06:06:46.338+0000] {spark_submit.py:579} INFO - at io.netty.util.internal.ThreadExecutorMap$2.run(ThreadExecutorMap.java:74)
[2025-08-10T06:06:46.339+0000] {spark_submit.py:579} INFO - at io.netty.util.concurrent.FastThreadLocalRunnable.run(FastThreadLocalRunnable.java:30)
[2025-08-10T06:06:46.339+0000] {spark_submit.py:579} INFO - ... 1 more
[2025-08-10T06:07:02.507+0000] {spark_submit.py:579} INFO - 25/08/10 06:07:02 INFO StandaloneAppClient$ClientEndpoint: Connecting to master spark://spark-master-1:7077...
[2025-08-10T06:07:06.250+0000] {spark_submit.py:579} INFO - 25/08/10 06:07:06 WARN TransportClientFactory: DNS resolution failed for spark-master-1/<unresolved>:7077 took 3740 ms
[2025-08-10T06:07:06.254+0000] {spark_submit.py:579} INFO - 25/08/10 06:07:06 WARN StandaloneAppClient$ClientEndpoint: Failed to connect to master spark-master-1:7077
[2025-08-10T06:07:06.254+0000] {spark_submit.py:579} INFO - org.apache.spark.SparkException: Exception thrown in awaitResult:
[2025-08-10T06:07:06.255+0000] {spark_submit.py:579} INFO - at org.apache.spark.util.SparkThreadUtils$.awaitResult(SparkThreadUtils.scala:53)
[2025-08-10T06:07:06.255+0000] {spark_submit.py:579} INFO - at org.apache.spark.util.ThreadUtils$.awaitResult(ThreadUtils.scala:342)
[2025-08-10T06:07:06.255+0000] {spark_submit.py:579} INFO - at org.apache.spark.rpc.RpcTimeout.awaitResult(RpcTimeout.scala:75)
[2025-08-10T06:07:06.256+0000] {spark_submit.py:579} INFO - at org.apache.spark.rpc.RpcEnv.setupEndpointRefByURI(RpcEnv.scala:102)
[2025-08-10T06:07:06.256+0000] {spark_submit.py:579} INFO - at org.apache.spark.rpc.RpcEnv.setupEndpointRef(RpcEnv.scala:110)
[2025-08-10T06:07:06.256+0000] {spark_submit.py:579} INFO - at org.apache.spark.deploy.client.StandaloneAppClient$ClientEndpoint$$anon$1.run(StandaloneAppClient.scala:110)
[2025-08-10T06:07:06.256+0000] {spark_submit.py:579} INFO - at java.base/java.util.concurrent.Executors$RunnableAdapter.call(Executors.java:539)
[2025-08-10T06:07:06.257+0000] {spark_submit.py:579} INFO - at java.base/java.util.concurrent.FutureTask.run(FutureTask.java:264)
[2025-08-10T06:07:06.257+0000] {spark_submit.py:579} INFO - at java.base/java.util.concurrent.ThreadPoolExecutor.runWorker(ThreadPoolExecutor.java:1136)
[2025-08-10T06:07:06.257+0000] {spark_submit.py:579} INFO - at java.base/java.util.concurrent.ThreadPoolExecutor$Worker.run(ThreadPoolExecutor.java:635)
[2025-08-10T06:07:06.257+0000] {spark_submit.py:579} INFO - at java.base/java.lang.Thread.run(Thread.java:840)
[2025-08-10T06:07:06.257+0000] {spark_submit.py:579} INFO - Caused by: java.io.IOException: Failed to connect to spark-master-1/<unresolved>:7077
[2025-08-10T06:07:06.258+0000] {spark_submit.py:579} INFO - at org.apache.spark.network.client.TransportClientFactory.createClient(TransportClientFactory.java:305)
[2025-08-10T06:07:06.258+0000] {spark_submit.py:579} INFO - at org.apache.spark.network.client.TransportClientFactory.createClient(TransportClientFactory.java:225)
[2025-08-10T06:07:06.258+0000] {spark_submit.py:579} INFO - at org.apache.spark.network.client.TransportClientFactory.createClient(TransportClientFactory.java:237)
[2025-08-10T06:07:06.258+0000] {spark_submit.py:579} INFO - at org.apache.spark.rpc.netty.NettyRpcEnv.createClient(NettyRpcEnv.scala:207)
[2025-08-10T06:07:06.259+0000] {spark_submit.py:579} INFO - at org.apache.spark.rpc.netty.Outbox$$anon$1.call(Outbox.scala:202)
[2025-08-10T06:07:06.259+0000] {spark_submit.py:579} INFO - at org.apache.spark.rpc.netty.Outbox$$anon$1.call(Outbox.scala:198)
[2025-08-10T06:07:06.259+0000] {spark_submit.py:579} INFO - ... 4 more
[2025-08-10T06:07:06.259+0000] {spark_submit.py:579} INFO - Caused by: java.net.UnknownHostException: spark-master-1
[2025-08-10T06:07:06.259+0000] {spark_submit.py:579} INFO - at java.base/java.net.InetAddress$CachedAddresses.get(InetAddress.java:801)
[2025-08-10T06:07:06.260+0000] {spark_submit.py:579} INFO - at java.base/java.net.InetAddress.getAllByName0(InetAddress.java:1533)
[2025-08-10T06:07:06.260+0000] {spark_submit.py:579} INFO - at java.base/java.net.InetAddress.getAllByName(InetAddress.java:1385)
[2025-08-10T06:07:06.260+0000] {spark_submit.py:579} INFO - at java.base/java.net.InetAddress.getAllByName(InetAddress.java:1306)
[2025-08-10T06:07:06.260+0000] {spark_submit.py:579} INFO - at java.base/java.net.InetAddress.getByName(InetAddress.java:1256)
[2025-08-10T06:07:06.260+0000] {spark_submit.py:579} INFO - at io.netty.util.internal.SocketUtils$8.run(SocketUtils.java:156)
[2025-08-10T06:07:06.261+0000] {spark_submit.py:579} INFO - at io.netty.util.internal.SocketUtils$8.run(SocketUtils.java:153)
[2025-08-10T06:07:06.261+0000] {spark_submit.py:579} INFO - at java.base/java.security.AccessController.doPrivileged(AccessController.java:569)
[2025-08-10T06:07:06.261+0000] {spark_submit.py:579} INFO - at io.netty.util.internal.SocketUtils.addressByName(SocketUtils.java:153)
[2025-08-10T06:07:06.261+0000] {spark_submit.py:579} INFO - at io.netty.resolver.DefaultNameResolver.doResolve(DefaultNameResolver.java:41)
[2025-08-10T06:07:06.261+0000] {spark_submit.py:579} INFO - at io.netty.resolver.SimpleNameResolver.resolve(SimpleNameResolver.java:61)
[2025-08-10T06:07:06.262+0000] {spark_submit.py:579} INFO - at io.netty.resolver.SimpleNameResolver.resolve(SimpleNameResolver.java:53)
[2025-08-10T06:07:06.262+0000] {spark_submit.py:579} INFO - at io.netty.resolver.InetSocketAddressResolver.doResolve(InetSocketAddressResolver.java:55)
[2025-08-10T06:07:06.262+0000] {spark_submit.py:579} INFO - at io.netty.resolver.InetSocketAddressResolver.doResolve(InetSocketAddressResolver.java:31)
[2025-08-10T06:07:06.262+0000] {spark_submit.py:579} INFO - at io.netty.resolver.AbstractAddressResolver.resolve(AbstractAddressResolver.java:106)
[2025-08-10T06:07:06.262+0000] {spark_submit.py:579} INFO - at io.netty.bootstrap.Bootstrap.doResolveAndConnect0(Bootstrap.java:220)
[2025-08-10T06:07:06.263+0000] {spark_submit.py:579} INFO - at io.netty.bootstrap.Bootstrap.access$000(Bootstrap.java:47)
[2025-08-10T06:07:06.263+0000] {spark_submit.py:579} INFO - at io.netty.bootstrap.Bootstrap$1.operationComplete(Bootstrap.java:189)
[2025-08-10T06:07:06.263+0000] {spark_submit.py:579} INFO - at io.netty.bootstrap.Bootstrap$1.operationComplete(Bootstrap.java:175)
[2025-08-10T06:07:06.263+0000] {spark_submit.py:579} INFO - at io.netty.util.concurrent.DefaultPromise.notifyListener0(DefaultPromise.java:590)
[2025-08-10T06:07:06.264+0000] {spark_submit.py:579} INFO - at io.netty.util.concurrent.DefaultPromise.notifyListenersNow(DefaultPromise.java:557)
[2025-08-10T06:07:06.264+0000] {spark_submit.py:579} INFO - at io.netty.util.concurrent.DefaultPromise.notifyListeners(DefaultPromise.java:492)
[2025-08-10T06:07:06.264+0000] {spark_submit.py:579} INFO - at io.netty.util.concurrent.DefaultPromise.setValue0(DefaultPromise.java:636)
[2025-08-10T06:07:06.264+0000] {spark_submit.py:579} INFO - at io.netty.util.concurrent.DefaultPromise.setSuccess0(DefaultPromise.java:625)
[2025-08-10T06:07:06.265+0000] {spark_submit.py:579} INFO - at io.netty.util.concurrent.DefaultPromise.trySuccess(DefaultPromise.java:105)
[2025-08-10T06:07:06.265+0000] {spark_submit.py:579} INFO - at io.netty.channel.DefaultChannelPromise.trySuccess(DefaultChannelPromise.java:84)
[2025-08-10T06:07:06.265+0000] {spark_submit.py:579} INFO - at io.netty.channel.AbstractChannel$AbstractUnsafe.safeSetSuccess(AbstractChannel.java:988)
[2025-08-10T06:07:06.266+0000] {spark_submit.py:579} INFO - at io.netty.channel.AbstractChannel$AbstractUnsafe.register0(AbstractChannel.java:515)
[2025-08-10T06:07:06.266+0000] {spark_submit.py:579} INFO - at io.netty.channel.AbstractChannel$AbstractUnsafe.access$200(AbstractChannel.java:428)
[2025-08-10T06:07:06.267+0000] {spark_submit.py:579} INFO - at io.netty.channel.AbstractChannel$AbstractUnsafe$1.run(AbstractChannel.java:485)
[2025-08-10T06:07:06.267+0000] {spark_submit.py:579} INFO - at io.netty.util.concurrent.AbstractEventExecutor.runTask(AbstractEventExecutor.java:173)
[2025-08-10T06:07:06.267+0000] {spark_submit.py:579} INFO - at io.netty.util.concurrent.AbstractEventExecutor.safeExecute(AbstractEventExecutor.java:166)
[2025-08-10T06:07:06.267+0000] {spark_submit.py:579} INFO - at io.netty.util.concurrent.SingleThreadEventExecutor.runAllTasks(SingleThreadEventExecutor.java:472)
[2025-08-10T06:07:06.267+0000] {spark_submit.py:579} INFO - at io.netty.channel.nio.NioEventLoop.run(NioEventLoop.java:569)
[2025-08-10T06:07:06.268+0000] {spark_submit.py:579} INFO - at io.netty.util.concurrent.SingleThreadEventExecutor$4.run(SingleThreadEventExecutor.java:998)
[2025-08-10T06:07:06.268+0000] {spark_submit.py:579} INFO - at io.netty.util.internal.ThreadExecutorMap$2.run(ThreadExecutorMap.java:74)
[2025-08-10T06:07:06.268+0000] {spark_submit.py:579} INFO - at io.netty.util.concurrent.FastThreadLocalRunnable.run(FastThreadLocalRunnable.java:30)
[2025-08-10T06:07:06.268+0000] {spark_submit.py:579} INFO - ... 1 more
[2025-08-10T06:07:22.508+0000] {spark_submit.py:579} INFO - 25/08/10 06:07:22 INFO StandaloneAppClient$ClientEndpoint: Connecting to master spark://spark-master-1:7077...
[2025-08-10T06:07:26.251+0000] {spark_submit.py:579} INFO - 25/08/10 06:07:26 WARN TransportClientFactory: DNS resolution failed for spark-master-1/<unresolved>:7077 took 3740 ms
[2025-08-10T06:07:26.257+0000] {spark_submit.py:579} INFO - 25/08/10 06:07:26 WARN StandaloneAppClient$ClientEndpoint: Failed to connect to master spark-master-1:7077
[2025-08-10T06:07:26.257+0000] {spark_submit.py:579} INFO - org.apache.spark.SparkException: Exception thrown in awaitResult:
[2025-08-10T06:07:26.257+0000] {spark_submit.py:579} INFO - at org.apache.spark.util.SparkThreadUtils$.awaitResult(SparkThreadUtils.scala:53)
[2025-08-10T06:07:26.258+0000] {spark_submit.py:579} INFO - at org.apache.spark.util.ThreadUtils$.awaitResult(ThreadUtils.scala:342)
[2025-08-10T06:07:26.258+0000] {spark_submit.py:579} INFO - at org.apache.spark.rpc.RpcTimeout.awaitResult(RpcTimeout.scala:75)
[2025-08-10T06:07:26.258+0000] {spark_submit.py:579} INFO - at org.apache.spark.rpc.RpcEnv.setupEndpointRefByURI(RpcEnv.scala:102)
[2025-08-10T06:07:26.258+0000] {spark_submit.py:579} INFO - at org.apache.spark.rpc.RpcEnv.setupEndpointRef(RpcEnv.scala:110)
[2025-08-10T06:07:26.259+0000] {spark_submit.py:579} INFO - at org.apache.spark.deploy.client.StandaloneAppClient$ClientEndpoint$$anon$1.run(StandaloneAppClient.scala:110)
[2025-08-10T06:07:26.259+0000] {spark_submit.py:579} INFO - at java.base/java.util.concurrent.Executors$RunnableAdapter.call(Executors.java:539)
[2025-08-10T06:07:26.259+0000] {spark_submit.py:579} INFO - at java.base/java.util.concurrent.FutureTask.run(FutureTask.java:264)
[2025-08-10T06:07:26.260+0000] {spark_submit.py:579} INFO - at java.base/java.util.concurrent.ThreadPoolExecutor.runWorker(ThreadPoolExecutor.java:1136)
[2025-08-10T06:07:26.260+0000] {spark_submit.py:579} INFO - at java.base/java.util.concurrent.ThreadPoolExecutor$Worker.run(ThreadPoolExecutor.java:635)
[2025-08-10T06:07:26.260+0000] {spark_submit.py:579} INFO - at java.base/java.lang.Thread.run(Thread.java:840)
[2025-08-10T06:07:26.260+0000] {spark_submit.py:579} INFO - Caused by: java.io.IOException: Failed to connect to spark-master-1/<unresolved>:7077
[2025-08-10T06:07:26.261+0000] {spark_submit.py:579} INFO - at org.apache.spark.network.client.TransportClientFactory.createClient(TransportClientFactory.java:305)
[2025-08-10T06:07:26.261+0000] {spark_submit.py:579} INFO - at org.apache.spark.network.client.TransportClientFactory.createClient(TransportClientFactory.java:225)
[2025-08-10T06:07:26.261+0000] {spark_submit.py:579} INFO - at org.apache.spark.network.client.TransportClientFactory.createClient(TransportClientFactory.java:237)
[2025-08-10T06:07:26.261+0000] {spark_submit.py:579} INFO - at org.apache.spark.rpc.netty.NettyRpcEnv.createClient(NettyRpcEnv.scala:207)
[2025-08-10T06:07:26.261+0000] {spark_submit.py:579} INFO - at org.apache.spark.rpc.netty.Outbox$$anon$1.call(Outbox.scala:202)
[2025-08-10T06:07:26.262+0000] {spark_submit.py:579} INFO - at org.apache.spark.rpc.netty.Outbox$$anon$1.call(Outbox.scala:198)
[2025-08-10T06:07:26.262+0000] {spark_submit.py:579} INFO - ... 4 more
[2025-08-10T06:07:26.262+0000] {spark_submit.py:579} INFO - Caused by: java.net.UnknownHostException: spark-master-1
[2025-08-10T06:07:26.262+0000] {spark_submit.py:579} INFO - at java.base/java.net.InetAddress$CachedAddresses.get(InetAddress.java:801)
[2025-08-10T06:07:26.262+0000] {spark_submit.py:579} INFO - at java.base/java.net.InetAddress.getAllByName0(InetAddress.java:1533)
[2025-08-10T06:07:26.263+0000] {spark_submit.py:579} INFO - at java.base/java.net.InetAddress.getAllByName(InetAddress.java:1385)
[2025-08-10T06:07:26.263+0000] {spark_submit.py:579} INFO - at java.base/java.net.InetAddress.getAllByName(InetAddress.java:1306)
[2025-08-10T06:07:26.263+0000] {spark_submit.py:579} INFO - at java.base/java.net.InetAddress.getByName(InetAddress.java:1256)
[2025-08-10T06:07:26.263+0000] {spark_submit.py:579} INFO - at io.netty.util.internal.SocketUtils$8.run(SocketUtils.java:156)
[2025-08-10T06:07:26.263+0000] {spark_submit.py:579} INFO - at io.netty.util.internal.SocketUtils$8.run(SocketUtils.java:153)
[2025-08-10T06:07:26.263+0000] {spark_submit.py:579} INFO - at java.base/java.security.AccessController.doPrivileged(AccessController.java:569)
[2025-08-10T06:07:26.264+0000] {spark_submit.py:579} INFO - at io.netty.util.internal.SocketUtils.addressByName(SocketUtils.java:153)
[2025-08-10T06:07:26.264+0000] {spark_submit.py:579} INFO - at io.netty.resolver.DefaultNameResolver.doResolve(DefaultNameResolver.java:41)
[2025-08-10T06:07:26.265+0000] {spark_submit.py:579} INFO - at io.netty.resolver.SimpleNameResolver.resolve(SimpleNameResolver.java:61)
[2025-08-10T06:07:26.265+0000] {spark_submit.py:579} INFO - at io.netty.resolver.SimpleNameResolver.resolve(SimpleNameResolver.java:53)
[2025-08-10T06:07:26.266+0000] {spark_submit.py:579} INFO - at io.netty.resolver.InetSocketAddressResolver.doResolve(InetSocketAddressResolver.java:55)
[2025-08-10T06:07:26.266+0000] {spark_submit.py:579} INFO - at io.netty.resolver.InetSocketAddressResolver.doResolve(InetSocketAddressResolver.java:31)
[2025-08-10T06:07:26.266+0000] {spark_submit.py:579} INFO - at io.netty.resolver.AbstractAddressResolver.resolve(AbstractAddressResolver.java:106)
[2025-08-10T06:07:26.267+0000] {spark_submit.py:579} INFO - at io.netty.bootstrap.Bootstrap.doResolveAndConnect0(Bootstrap.java:220)
[2025-08-10T06:07:26.267+0000] {spark_submit.py:579} INFO - at io.netty.bootstrap.Bootstrap.access$000(Bootstrap.java:47)
[2025-08-10T06:07:26.267+0000] {spark_submit.py:579} INFO - at io.netty.bootstrap.Bootstrap$1.operationComplete(Bootstrap.java:189)
[2025-08-10T06:07:26.267+0000] {spark_submit.py:579} INFO - at io.netty.bootstrap.Bootstrap$1.operationComplete(Bootstrap.java:175)
[2025-08-10T06:07:26.268+0000] {spark_submit.py:579} INFO - at io.netty.util.concurrent.DefaultPromise.notifyListener0(DefaultPromise.java:590)
[2025-08-10T06:07:26.268+0000] {spark_submit.py:579} INFO - at io.netty.util.concurrent.DefaultPromise.notifyListenersNow(DefaultPromise.java:557)
[2025-08-10T06:07:26.268+0000] {spark_submit.py:579} INFO - at io.netty.util.concurrent.DefaultPromise.notifyListeners(DefaultPromise.java:492)
[2025-08-10T06:07:26.268+0000] {spark_submit.py:579} INFO - at io.netty.util.concurrent.DefaultPromise.setValue0(DefaultPromise.java:636)
[2025-08-10T06:07:26.268+0000] {spark_submit.py:579} INFO - at io.netty.util.concurrent.DefaultPromise.setSuccess0(DefaultPromise.java:625)
[2025-08-10T06:07:26.269+0000] {spark_submit.py:579} INFO - at io.netty.util.concurrent.DefaultPromise.trySuccess(DefaultPromise.java:105)
[2025-08-10T06:07:26.269+0000] {spark_submit.py:579} INFO - at io.netty.channel.DefaultChannelPromise.trySuccess(DefaultChannelPromise.java:84)
[2025-08-10T06:07:26.269+0000] {spark_submit.py:579} INFO - at io.netty.channel.AbstractChannel$AbstractUnsafe.safeSetSuccess(AbstractChannel.java:988)
[2025-08-10T06:07:26.269+0000] {spark_submit.py:579} INFO - at io.netty.channel.AbstractChannel$AbstractUnsafe.register0(AbstractChannel.java:515)
[2025-08-10T06:07:26.269+0000] {spark_submit.py:579} INFO - at io.netty.channel.AbstractChannel$AbstractUnsafe.access$200(AbstractChannel.java:428)
[2025-08-10T06:07:26.270+0000] {spark_submit.py:579} INFO - at io.netty.channel.AbstractChannel$AbstractUnsafe$1.run(AbstractChannel.java:485)
[2025-08-10T06:07:26.270+0000] {spark_submit.py:579} INFO - at io.netty.util.concurrent.AbstractEventExecutor.runTask(AbstractEventExecutor.java:173)
[2025-08-10T06:07:26.270+0000] {spark_submit.py:579} INFO - at io.netty.util.concurrent.AbstractEventExecutor.safeExecute(AbstractEventExecutor.java:166)
[2025-08-10T06:07:26.271+0000] {spark_submit.py:579} INFO - at io.netty.util.concurrent.SingleThreadEventExecutor.runAllTasks(SingleThreadEventExecutor.java:472)
[2025-08-10T06:07:26.271+0000] {spark_submit.py:579} INFO - at io.netty.channel.nio.NioEventLoop.run(NioEventLoop.java:569)
[2025-08-10T06:07:26.271+0000] {spark_submit.py:579} INFO - at io.netty.util.concurrent.SingleThreadEventExecutor$4.run(SingleThreadEventExecutor.java:998)
[2025-08-10T06:07:26.271+0000] {spark_submit.py:579} INFO - at io.netty.util.internal.ThreadExecutorMap$2.run(ThreadExecutorMap.java:74)
[2025-08-10T06:07:26.272+0000] {spark_submit.py:579} INFO - at io.netty.util.concurrent.FastThreadLocalRunnable.run(FastThreadLocalRunnable.java:30)
[2025-08-10T06:07:26.272+0000] {spark_submit.py:579} INFO - ... 1 more
[2025-08-10T06:07:42.507+0000] {spark_submit.py:579} INFO - 25/08/10 06:07:42 WARN StandaloneSchedulerBackend: Application ID is not initialized yet.
[2025-08-10T06:07:42.508+0000] {spark_submit.py:579} INFO - 25/08/10 06:07:42 ERROR StandaloneSchedulerBackend: Application has been killed. Reason: All masters are unresponsive! Giving up.
[2025-08-10T06:07:42.519+0000] {spark_submit.py:579} INFO - 25/08/10 06:07:42 INFO Utils: Successfully started service 'org.apache.spark.network.netty.NettyBlockTransferService' on port 36547.
[2025-08-10T06:07:42.519+0000] {spark_submit.py:579} INFO - 25/08/10 06:07:42 INFO NettyBlockTransferService: Server created on 95fb1ebfe85f:36547
[2025-08-10T06:07:42.521+0000] {spark_submit.py:579} INFO - 25/08/10 06:07:42 INFO BlockManager: Using org.apache.spark.storage.RandomBlockReplicationPolicy for block replication policy
[2025-08-10T06:07:42.536+0000] {spark_submit.py:579} INFO - 25/08/10 06:07:42 INFO BlockManagerMaster: Registering BlockManager BlockManagerId(driver, 95fb1ebfe85f, 36547, None)
[2025-08-10T06:07:42.540+0000] {spark_submit.py:579} INFO - 25/08/10 06:07:42 INFO BlockManagerMasterEndpoint: Registering block manager 95fb1ebfe85f:36547 with 434.4 MiB RAM, BlockManagerId(driver, 95fb1ebfe85f, 36547, None)
[2025-08-10T06:07:42.543+0000] {spark_submit.py:579} INFO - 25/08/10 06:07:42 INFO BlockManagerMaster: Registered BlockManager BlockManagerId(driver, 95fb1ebfe85f, 36547, None)
[2025-08-10T06:07:42.544+0000] {spark_submit.py:579} INFO - 25/08/10 06:07:42 INFO BlockManager: Initialized BlockManager: BlockManagerId(driver, 95fb1ebfe85f, 36547, None)
[2025-08-10T06:07:42.655+0000] {spark_submit.py:579} INFO - 25/08/10 06:07:42 INFO StandaloneSchedulerBackend: SchedulerBackend is ready for scheduling beginning after reached minRegisteredResourcesRatio: 0.0
[2025-08-10T06:07:42.875+0000] {spark_submit.py:579} INFO - 25/08/10 06:07:42 INFO SparkContext: SparkContext is stopping with exitCode 0 from run at <unknown>:0.
[2025-08-10T06:07:42.886+0000] {spark_submit.py:579} INFO - 25/08/10 06:07:42 INFO SparkUI: Stopped Spark web UI at http://95fb1ebfe85f:4040
[2025-08-10T06:07:42.889+0000] {spark_submit.py:579} INFO - 25/08/10 06:07:42 INFO StandaloneSchedulerBackend: Shutting down all executors
[2025-08-10T06:07:42.893+0000] {spark_submit.py:579} INFO - 25/08/10 06:07:42 INFO StandaloneSchedulerBackend$StandaloneDriverEndpoint: Asking each executor to shut down
[2025-08-10T06:07:42.899+0000] {spark_submit.py:579} INFO - 25/08/10 06:07:42 WARN StandaloneAppClient$ClientEndpoint: Drop UnregisterApplication(null) because has not yet connected to master
[2025-08-10T06:07:42.906+0000] {spark_submit.py:579} INFO - 25/08/10 06:07:42 INFO MapOutputTrackerMasterEndpoint: MapOutputTrackerMasterEndpoint stopped!
[2025-08-10T06:07:42.940+0000] {spark_submit.py:579} INFO - 25/08/10 06:07:42 INFO MemoryStore: MemoryStore started with capacity 434.4 MiB
[2025-08-10T06:07:42.940+0000] {spark_submit.py:579} INFO - 25/08/10 06:07:42 INFO MemoryStore: MemoryStore cleared
[2025-08-10T06:07:42.941+0000] {spark_submit.py:579} INFO - 25/08/10 06:07:42 INFO BlockManager: BlockManager stopped
[2025-08-10T06:07:42.945+0000] {spark_submit.py:579} INFO - 25/08/10 06:07:42 INFO BlockManagerMaster: BlockManagerMaster stopped
[2025-08-10T06:07:42.947+0000] {spark_submit.py:579} INFO - 25/08/10 06:07:42 INFO OutputCommitCoordinator$OutputCommitCoordinatorEndpoint: OutputCommitCoordinator stopped!
[2025-08-10T06:07:42.971+0000] {spark_submit.py:579} INFO - 25/08/10 06:07:42 INFO SparkContext: Successfully stopped SparkContext
[2025-08-10T06:07:44.274+0000] {spark_submit.py:579} INFO - Traceback (most recent call last):
[2025-08-10T06:07:44.274+0000] {spark_submit.py:579} INFO - File "/opt/***/jobs/python/wordcountjob.py", line 3, in <module>
[2025-08-10T06:07:44.278+0000] {spark_submit.py:579} INFO - spark = SparkSession.builder.appName("PythonWordCount").getOrCreate()
[2025-08-10T06:07:44.278+0000] {spark_submit.py:579} INFO - File "/home/***/.local/lib/python3.10/site-packages/pyspark/python/lib/pyspark.zip/pyspark/sql/session.py", line 559, in getOrCreate
[2025-08-10T06:07:44.279+0000] {spark_submit.py:579} INFO - File "/home/***/.local/lib/python3.10/site-packages/pyspark/python/lib/pyspark.zip/pyspark/sql/session.py", line 641, in __init__
[2025-08-10T06:07:44.280+0000] {spark_submit.py:579} INFO - File "/home/***/.local/lib/python3.10/site-packages/pyspark/python/lib/py4j-0.10.9.9-src.zip/py4j/java_gateway.py", line 1627, in __call__
[2025-08-10T06:07:44.281+0000] {spark_submit.py:579} INFO - File "/home/***/.local/lib/python3.10/site-packages/pyspark/python/lib/py4j-0.10.9.9-src.zip/py4j/protocol.py", line 327, in get_return_value
[2025-08-10T06:07:44.283+0000] {spark_submit.py:579} INFO - py4j.protocol.Py4JJavaError: An error occurred while calling None.org.apache.spark.sql.classic.SparkSession.
[2025-08-10T06:07:44.283+0000] {spark_submit.py:579} INFO - : java.lang.IllegalStateException: Cannot call methods on a stopped SparkContext.
[2025-08-10T06:07:44.283+0000] {spark_submit.py:579} INFO - This stopped SparkContext was created at:
[2025-08-10T06:07:44.284+0000] {spark_submit.py:579} INFO - 
[2025-08-10T06:07:44.285+0000] {spark_submit.py:579} INFO - org.apache.spark.api.java.JavaSparkContext.<init>(JavaSparkContext.scala:59)
[2025-08-10T06:07:44.285+0000] {spark_submit.py:579} INFO - java.base/jdk.internal.reflect.NativeConstructorAccessorImpl.newInstance0(Native Method)
[2025-08-10T06:07:44.285+0000] {spark_submit.py:579} INFO - java.base/jdk.internal.reflect.NativeConstructorAccessorImpl.newInstance(NativeConstructorAccessorImpl.java:77)
[2025-08-10T06:07:44.286+0000] {spark_submit.py:579} INFO - java.base/jdk.internal.reflect.DelegatingConstructorAccessorImpl.newInstance(DelegatingConstructorAccessorImpl.java:45)
[2025-08-10T06:07:44.286+0000] {spark_submit.py:579} INFO - java.base/java.lang.reflect.Constructor.newInstanceWithCaller(Constructor.java:500)
[2025-08-10T06:07:44.286+0000] {spark_submit.py:579} INFO - java.base/java.lang.reflect.Constructor.newInstance(Constructor.java:481)
[2025-08-10T06:07:44.286+0000] {spark_submit.py:579} INFO - py4j.reflection.MethodInvoker.invoke(MethodInvoker.java:247)
[2025-08-10T06:07:44.287+0000] {spark_submit.py:579} INFO - py4j.reflection.ReflectionEngine.invoke(ReflectionEngine.java:374)
[2025-08-10T06:07:44.287+0000] {spark_submit.py:579} INFO - py4j.Gateway.invoke(Gateway.java:238)
[2025-08-10T06:07:44.287+0000] {spark_submit.py:579} INFO - py4j.commands.ConstructorCommand.invokeConstructor(ConstructorCommand.java:80)
[2025-08-10T06:07:44.287+0000] {spark_submit.py:579} INFO - py4j.commands.ConstructorCommand.execute(ConstructorCommand.java:69)
[2025-08-10T06:07:44.287+0000] {spark_submit.py:579} INFO - py4j.ClientServerConnection.waitForCommands(ClientServerConnection.java:184)
[2025-08-10T06:07:44.288+0000] {spark_submit.py:579} INFO - py4j.ClientServerConnection.run(ClientServerConnection.java:108)
[2025-08-10T06:07:44.288+0000] {spark_submit.py:579} INFO - java.base/java.lang.Thread.run(Thread.java:840)
[2025-08-10T06:07:44.288+0000] {spark_submit.py:579} INFO - 
[2025-08-10T06:07:44.288+0000] {spark_submit.py:579} INFO - And it was stopped at:
[2025-08-10T06:07:44.289+0000] {spark_submit.py:579} INFO - 
[2025-08-10T06:07:44.289+0000] {spark_submit.py:579} INFO - org.apache.spark.SparkContext$$anon$3.run(SparkContext.scala:2284)
[2025-08-10T06:07:44.289+0000] {spark_submit.py:579} INFO - 
[2025-08-10T06:07:44.289+0000] {spark_submit.py:579} INFO - The currently active SparkContext was created at:
[2025-08-10T06:07:44.290+0000] {spark_submit.py:579} INFO - 
[2025-08-10T06:07:44.290+0000] {spark_submit.py:579} INFO - (No active SparkContext.)
[2025-08-10T06:07:44.290+0000] {spark_submit.py:579} INFO - 
[2025-08-10T06:07:44.290+0000] {spark_submit.py:579} INFO - at org.apache.spark.SparkContext.assertNotStopped(SparkContext.scala:128)
[2025-08-10T06:07:44.291+0000] {spark_submit.py:579} INFO - at org.apache.spark.sql.classic.SparkSession.<init>(SparkSession.scala:124)
[2025-08-10T06:07:44.291+0000] {spark_submit.py:579} INFO - at org.apache.spark.sql.classic.SparkSession.<init>(SparkSession.scala:117)
[2025-08-10T06:07:44.291+0000] {spark_submit.py:579} INFO - at java.base/jdk.internal.reflect.NativeConstructorAccessorImpl.newInstance0(Native Method)
[2025-08-10T06:07:44.291+0000] {spark_submit.py:579} INFO - at java.base/jdk.internal.reflect.NativeConstructorAccessorImpl.newInstance(NativeConstructorAccessorImpl.java:77)
[2025-08-10T06:07:44.292+0000] {spark_submit.py:579} INFO - at java.base/jdk.internal.reflect.DelegatingConstructorAccessorImpl.newInstance(DelegatingConstructorAccessorImpl.java:45)
[2025-08-10T06:07:44.292+0000] {spark_submit.py:579} INFO - at java.base/java.lang.reflect.Constructor.newInstanceWithCaller(Constructor.java:500)
[2025-08-10T06:07:44.292+0000] {spark_submit.py:579} INFO - at java.base/java.lang.reflect.Constructor.newInstance(Constructor.java:481)
[2025-08-10T06:07:44.292+0000] {spark_submit.py:579} INFO - at py4j.reflection.MethodInvoker.invoke(MethodInvoker.java:247)
[2025-08-10T06:07:44.293+0000] {spark_submit.py:579} INFO - at py4j.reflection.ReflectionEngine.invoke(ReflectionEngine.java:374)
[2025-08-10T06:07:44.293+0000] {spark_submit.py:579} INFO - at py4j.Gateway.invoke(Gateway.java:238)
[2025-08-10T06:07:44.293+0000] {spark_submit.py:579} INFO - at py4j.commands.ConstructorCommand.invokeConstructor(ConstructorCommand.java:80)
[2025-08-10T06:07:44.293+0000] {spark_submit.py:579} INFO - at py4j.commands.ConstructorCommand.execute(ConstructorCommand.java:69)
[2025-08-10T06:07:44.293+0000] {spark_submit.py:579} INFO - at py4j.ClientServerConnection.waitForCommands(ClientServerConnection.java:184)
[2025-08-10T06:07:44.294+0000] {spark_submit.py:579} INFO - at py4j.ClientServerConnection.run(ClientServerConnection.java:108)
[2025-08-10T06:07:44.294+0000] {spark_submit.py:579} INFO - at java.base/java.lang.Thread.run(Thread.java:840)
[2025-08-10T06:07:44.294+0000] {spark_submit.py:579} INFO - 
[2025-08-10T06:07:44.392+0000] {spark_submit.py:579} INFO - 25/08/10 06:07:44 INFO ShutdownHookManager: Shutdown hook called
[2025-08-10T06:07:44.392+0000] {spark_submit.py:579} INFO - 25/08/10 06:07:44 INFO ShutdownHookManager: Deleting directory /tmp/spark-61fd830a-eeb3-44e9-b844-9c26e5c9a023
[2025-08-10T06:07:44.409+0000] {spark_submit.py:579} INFO - 25/08/10 06:07:44 INFO ShutdownHookManager: Deleting directory /tmp/spark-361a51e0-a773-41f1-856e-5c4234ce25ee
[2025-08-10T06:07:44.426+0000] {spark_submit.py:579} INFO - 25/08/10 06:07:44 INFO ShutdownHookManager: Deleting directory /tmp/spark-61fd830a-eeb3-44e9-b844-9c26e5c9a023/pyspark-a11efa45-240e-4169-8bfd-2ab19342f44c
[2025-08-10T06:07:44.488+0000] {taskinstance.py:1935} ERROR - Task failed with exception
Traceback (most recent call last):
  File "/home/airflow/.local/lib/python3.10/site-packages/airflow/providers/apache/spark/operators/spark_submit.py", line 174, in execute
    self._hook.submit(self.application)
  File "/home/airflow/.local/lib/python3.10/site-packages/airflow/providers/apache/spark/hooks/spark_submit.py", line 505, in submit
    raise AirflowException(
airflow.exceptions.AirflowException: Cannot execute: spark-submit --master spark://spark-master-1:7077 --name arrow-spark --deploy-mode client jobs/python/wordcountjob.py. Error code is: 1.
[2025-08-10T06:07:44.492+0000] {taskinstance.py:1398} INFO - Marking task as FAILED. dag_id=sparking_flow, task_id=python_job, execution_date=20250810T060634, start_date=20250810T060637, end_date=20250810T060744
[2025-08-10T06:07:44.506+0000] {standard_task_runner.py:104} ERROR - Failed to execute job 13 for task python_job (Cannot execute: spark-submit --master spark://spark-master-1:7077 --name arrow-spark --deploy-mode client jobs/python/wordcountjob.py. Error code is: 1.; 4850)
[2025-08-10T06:07:44.526+0000] {local_task_job_runner.py:228} INFO - Task exited with return code 1
[2025-08-10T06:07:44.547+0000] {taskinstance.py:2776} INFO - 0 downstream tasks scheduled from follow-on schedule check
