[2025-08-31T13:01:47.898+0000] {taskinstance.py:1157} INFO - Dependencies all met for dep_context=non-requeueable deps ti=<TaskInstance: sparking_flow.python_job scheduled__2025-08-31T06:00:00+00:00 [queued]>
[2025-08-31T13:01:47.907+0000] {taskinstance.py:1157} INFO - Dependencies all met for dep_context=requeueable deps ti=<TaskInstance: sparking_flow.python_job scheduled__2025-08-31T06:00:00+00:00 [queued]>
[2025-08-31T13:01:47.908+0000] {taskinstance.py:1359} INFO - Starting attempt 1 of 1
[2025-08-31T13:01:47.922+0000] {taskinstance.py:1380} INFO - Executing <Task(SparkSubmitOperator): python_job> on 2025-08-31 06:00:00+00:00
[2025-08-31T13:01:47.928+0000] {standard_task_runner.py:57} INFO - Started process 1769 to run task
[2025-08-31T13:01:47.932+0000] {standard_task_runner.py:84} INFO - Running: ['***', 'tasks', 'run', 'sparking_flow', 'python_job', 'scheduled__2025-08-31T06:00:00+00:00', '--job-id', '38', '--raw', '--subdir', 'DAGS_FOLDER/spark_***.py', '--cfg-path', '/tmp/tmpnq0psgy0']
[2025-08-31T13:01:47.935+0000] {standard_task_runner.py:85} INFO - Job 38: Subtask python_job
[2025-08-31T13:01:48.006+0000] {task_command.py:415} INFO - Running <TaskInstance: sparking_flow.python_job scheduled__2025-08-31T06:00:00+00:00 [running]> on host f7da00c682c4
[2025-08-31T13:01:48.102+0000] {taskinstance.py:1660} INFO - Exporting env vars: AIRFLOW_CTX_DAG_OWNER='Kudzaishe Manyanya' AIRFLOW_CTX_DAG_ID='sparking_flow' AIRFLOW_CTX_TASK_ID='python_job' AIRFLOW_CTX_EXECUTION_DATE='2025-08-31T06:00:00+00:00' AIRFLOW_CTX_TRY_NUMBER='1' AIRFLOW_CTX_DAG_RUN_ID='scheduled__2025-08-31T06:00:00+00:00'
[2025-08-31T13:01:48.115+0000] {base.py:73} INFO - Using connection ID 'spark-conn' for task execution.
[2025-08-31T13:01:48.117+0000] {spark_submit.py:403} INFO - Spark-Submit cmd: spark-submit --master spark://spark-master:7077 --jars /opt/spark/external-jars/apache-spark-sql-connector.jar --name arrow-spark --deploy-mode client jobs/python/wordcountjob.py
[2025-08-31T13:01:48.825+0000] {spark_submit.py:579} INFO - WARNING: Using incubator modules: jdk.incubator.vector
[2025-08-31T13:01:51.305+0000] {spark_submit.py:579} INFO - 25/08/31 13:01:51 WARN NativeCodeLoader: Unable to load native-hadoop library for your platform... using builtin-java classes where applicable
[2025-08-31T13:01:53.983+0000] {spark_submit.py:579} INFO - Using Spark's default log4j profile: org/apache/spark/log4j2-defaults.properties
[2025-08-31T13:01:53.991+0000] {spark_submit.py:579} INFO - 25/08/31 13:01:53 INFO SparkContext: Running Spark version 4.0.0
[2025-08-31T13:01:53.994+0000] {spark_submit.py:579} INFO - 25/08/31 13:01:53 INFO SparkContext: OS info Linux, 6.6.87.2-microsoft-standard-WSL2, amd64
[2025-08-31T13:01:53.995+0000] {spark_submit.py:579} INFO - 25/08/31 13:01:53 INFO SparkContext: Java version 17.0.15
[2025-08-31T13:01:54.032+0000] {spark_submit.py:579} INFO - 25/08/31 13:01:54 INFO ResourceUtils: ==============================================================
[2025-08-31T13:01:54.033+0000] {spark_submit.py:579} INFO - 25/08/31 13:01:54 INFO ResourceUtils: No custom resources configured for spark.driver.
[2025-08-31T13:01:54.034+0000] {spark_submit.py:579} INFO - 25/08/31 13:01:54 INFO ResourceUtils: ==============================================================
[2025-08-31T13:01:54.036+0000] {spark_submit.py:579} INFO - 25/08/31 13:01:54 INFO SparkContext: Submitted application: PythonWordCount
[2025-08-31T13:01:54.076+0000] {spark_submit.py:579} INFO - 25/08/31 13:01:54 INFO ResourceProfile: Default ResourceProfile created, executor resources: Map(memory -> name: memory, amount: 1024, script: , vendor: , offHeap -> name: offHeap, amount: 0, script: , vendor: ), task resources: Map(cpus -> name: cpus, amount: 1.0)
[2025-08-31T13:01:54.082+0000] {spark_submit.py:579} INFO - 25/08/31 13:01:54 INFO ResourceProfile: Limiting resource is cpu
[2025-08-31T13:01:54.086+0000] {spark_submit.py:579} INFO - 25/08/31 13:01:54 INFO ResourceProfileManager: Added ResourceProfile id: 0
[2025-08-31T13:01:54.179+0000] {spark_submit.py:579} INFO - 25/08/31 13:01:54 INFO SecurityManager: Changing view acls to: ***
[2025-08-31T13:01:54.183+0000] {spark_submit.py:579} INFO - 25/08/31 13:01:54 INFO SecurityManager: Changing modify acls to: ***
[2025-08-31T13:01:54.185+0000] {spark_submit.py:579} INFO - 25/08/31 13:01:54 INFO SecurityManager: Changing view acls groups to: ***
[2025-08-31T13:01:54.185+0000] {spark_submit.py:579} INFO - 25/08/31 13:01:54 INFO SecurityManager: Changing modify acls groups to: ***
[2025-08-31T13:01:54.190+0000] {spark_submit.py:579} INFO - 25/08/31 13:01:54 INFO SecurityManager: SecurityManager: authentication disabled; ui acls disabled; users with view permissions: *** groups with view permissions: EMPTY; users with modify permissions: ***; groups with modify permissions: EMPTY; RPC SSL disabled
[2025-08-31T13:01:54.602+0000] {spark_submit.py:579} INFO - 25/08/31 13:01:54 INFO Utils: Successfully started service 'sparkDriver' on port 41647.
[2025-08-31T13:01:54.652+0000] {spark_submit.py:579} INFO - 25/08/31 13:01:54 INFO SparkEnv: Registering MapOutputTracker
[2025-08-31T13:01:54.672+0000] {spark_submit.py:579} INFO - 25/08/31 13:01:54 INFO SparkEnv: Registering BlockManagerMaster
[2025-08-31T13:01:54.699+0000] {spark_submit.py:579} INFO - 25/08/31 13:01:54 INFO BlockManagerMasterEndpoint: Using org.apache.spark.storage.DefaultTopologyMapper for getting topology information
[2025-08-31T13:01:54.700+0000] {spark_submit.py:579} INFO - 25/08/31 13:01:54 INFO BlockManagerMasterEndpoint: BlockManagerMasterEndpoint up
[2025-08-31T13:01:54.705+0000] {spark_submit.py:579} INFO - 25/08/31 13:01:54 INFO SparkEnv: Registering BlockManagerMasterHeartbeat
[2025-08-31T13:01:54.740+0000] {spark_submit.py:579} INFO - 25/08/31 13:01:54 INFO DiskBlockManager: Created local directory at /tmp/blockmgr-4c3c679e-7cd2-40aa-b598-cbd9cd901313
[2025-08-31T13:01:54.774+0000] {spark_submit.py:579} INFO - 25/08/31 13:01:54 INFO SparkEnv: Registering OutputCommitCoordinator
[2025-08-31T13:01:54.993+0000] {spark_submit.py:579} INFO - 25/08/31 13:01:54 INFO JettyUtils: Start Jetty 0.0.0.0:4040 for SparkUI
[2025-08-31T13:01:55.089+0000] {spark_submit.py:579} INFO - 25/08/31 13:01:55 WARN Utils: Service 'SparkUI' could not bind on port 4040. Attempting port 4041.
[2025-08-31T13:01:55.102+0000] {spark_submit.py:579} INFO - 25/08/31 13:01:55 INFO Utils: Successfully started service 'SparkUI' on port 4041.
[2025-08-31T13:01:55.172+0000] {spark_submit.py:579} INFO - 25/08/31 13:01:55 INFO SparkContext: Added JAR file:///opt/spark/external-jars/apache-spark-sql-connector.jar at spark://f7da00c682c4:41647/jars/apache-spark-sql-connector.jar with timestamp 1756645313971
[2025-08-31T13:01:55.209+0000] {spark_submit.py:579} INFO - 25/08/31 13:01:55 INFO SecurityManager: Changing view acls to: ***
[2025-08-31T13:01:55.210+0000] {spark_submit.py:579} INFO - 25/08/31 13:01:55 INFO SecurityManager: Changing modify acls to: ***
[2025-08-31T13:01:55.213+0000] {spark_submit.py:579} INFO - 25/08/31 13:01:55 INFO SecurityManager: Changing view acls groups to: ***
[2025-08-31T13:01:55.213+0000] {spark_submit.py:579} INFO - 25/08/31 13:01:55 INFO SecurityManager: Changing modify acls groups to: ***
[2025-08-31T13:01:55.214+0000] {spark_submit.py:579} INFO - 25/08/31 13:01:55 INFO SecurityManager: SecurityManager: authentication disabled; ui acls disabled; users with view permissions: *** groups with view permissions: EMPTY; users with modify permissions: ***; groups with modify permissions: EMPTY; RPC SSL disabled
[2025-08-31T13:01:55.414+0000] {spark_submit.py:579} INFO - 25/08/31 13:01:55 INFO StandaloneAppClient$ClientEndpoint: Connecting to master spark://spark-master:7077...
[2025-08-31T13:01:55.492+0000] {spark_submit.py:579} INFO - 25/08/31 13:01:55 INFO TransportClientFactory: Successfully created connection to spark-master/172.18.0.2:7077 after 41 ms (0 ms spent in bootstraps)
[2025-08-31T13:01:56.271+0000] {spark_submit.py:579} INFO - 25/08/31 13:01:56 INFO StandaloneSchedulerBackend: Connected to Spark cluster with app ID app-20250831130156-0001
[2025-08-31T13:01:56.284+0000] {spark_submit.py:579} INFO - 25/08/31 13:01:56 INFO Utils: Successfully started service 'org.apache.spark.network.netty.NettyBlockTransferService' on port 37115.
[2025-08-31T13:01:56.284+0000] {spark_submit.py:579} INFO - 25/08/31 13:01:56 INFO NettyBlockTransferService: Server created on f7da00c682c4:37115
[2025-08-31T13:01:56.286+0000] {spark_submit.py:579} INFO - 25/08/31 13:01:56 INFO BlockManager: Using org.apache.spark.storage.RandomBlockReplicationPolicy for block replication policy
[2025-08-31T13:01:56.301+0000] {spark_submit.py:579} INFO - 25/08/31 13:01:56 INFO BlockManagerMaster: Registering BlockManager BlockManagerId(driver, f7da00c682c4, 37115, None)
[2025-08-31T13:01:56.307+0000] {spark_submit.py:579} INFO - 25/08/31 13:01:56 INFO BlockManagerMasterEndpoint: Registering block manager f7da00c682c4:37115 with 434.4 MiB RAM, BlockManagerId(driver, f7da00c682c4, 37115, None)
[2025-08-31T13:01:56.309+0000] {spark_submit.py:579} INFO - 25/08/31 13:01:56 INFO BlockManagerMaster: Registered BlockManager BlockManagerId(driver, f7da00c682c4, 37115, None)
[2025-08-31T13:01:56.311+0000] {spark_submit.py:579} INFO - 25/08/31 13:01:56 INFO BlockManager: Initialized BlockManager: BlockManagerId(driver, f7da00c682c4, 37115, None)
[2025-08-31T13:01:56.484+0000] {spark_submit.py:579} INFO - 25/08/31 13:01:56 INFO StandaloneSchedulerBackend: SchedulerBackend is ready for scheduling beginning after reached minRegisteredResourcesRatio: 0.0
[2025-08-31T13:02:00.183+0000] {spark_submit.py:579} INFO - dict_keys(['daily', 'daily960', 'live_rapid', 'live_blitz', 'live_bullet', 'live_bughouse', 'live_blitz960', 'live_threecheck', 'live_crazyhouse', 'tactics', 'rush', 'battle'])
[2025-08-31T13:02:00.905+0000] {spark_submit.py:579} INFO - 25/08/31 13:02:00 INFO SharedState: Setting hive.metastore.warehouse.dir ('null') to the value of spark.sql.warehouse.dir.
[2025-08-31T13:02:00.907+0000] {spark_submit.py:579} INFO - 25/08/31 13:02:00 INFO SharedState: Warehouse path is 'file:/opt/***/spark-warehouse'.
[2025-08-31T13:02:18.287+0000] {spark_submit.py:579} INFO - Traceback (most recent call last):
[2025-08-31T13:02:18.287+0000] {spark_submit.py:579} INFO - File "/opt/***/jobs/python/wordcountjob.py", line 202, in <module>
[2025-08-31T13:02:18.290+0000] {spark_submit.py:579} INFO - write_data(daily,"daily")
[2025-08-31T13:02:18.290+0000] {spark_submit.py:579} INFO - File "/opt/***/jobs/python/wordcountjob.py", line 198, in write_data
[2025-08-31T13:02:18.292+0000] {spark_submit.py:579} INFO - df.write.mode("overwrite").jdbc(url=jdbc_url, table=f"cs.{table}", properties=properties)
[2025-08-31T13:02:18.292+0000] {spark_submit.py:579} INFO - File "/home/***/.local/lib/python3.10/site-packages/pyspark/python/lib/pyspark.zip/pyspark/sql/readwriter.py", line 2347, in jdbc
[2025-08-31T13:02:18.292+0000] {spark_submit.py:579} INFO - File "/home/***/.local/lib/python3.10/site-packages/pyspark/python/lib/py4j-0.10.9.9-src.zip/py4j/java_gateway.py", line 1362, in __call__
[2025-08-31T13:02:18.293+0000] {spark_submit.py:579} INFO - File "/home/***/.local/lib/python3.10/site-packages/pyspark/python/lib/pyspark.zip/pyspark/errors/exceptions/captured.py", line 282, in deco
[2025-08-31T13:02:18.293+0000] {spark_submit.py:579} INFO - File "/home/***/.local/lib/python3.10/site-packages/pyspark/python/lib/py4j-0.10.9.9-src.zip/py4j/protocol.py", line 327, in get_return_value
[2025-08-31T13:02:18.338+0000] {spark_submit.py:579} INFO - py4j.protocol.Py4JJavaError: An error occurred while calling o308.jdbc.
[2025-08-31T13:02:18.338+0000] {spark_submit.py:579} INFO - : com.microsoft.sqlserver.jdbc.SQLServerException: The TCP/IP connection to the host host.docker.internal, port 1433 has failed. Error: "Connection refused. Verify the connection properties. Make sure that an instance of SQL Server is running on the host and accepting TCP/IP connections at the port. Make sure that TCP connections to the port are not blocked by a firewall.".
[2025-08-31T13:02:18.338+0000] {spark_submit.py:579} INFO - at com.microsoft.sqlserver.jdbc.SQLServerException.makeFromDriverError(SQLServerException.java:228)
[2025-08-31T13:02:18.339+0000] {spark_submit.py:579} INFO - at com.microsoft.sqlserver.jdbc.SQLServerException.ConvertConnectExceptionToSQLServerException(SQLServerException.java:279)
[2025-08-31T13:02:18.339+0000] {spark_submit.py:579} INFO - at com.microsoft.sqlserver.jdbc.SocketFinder.findSocket(IOBuffer.java:2431)
[2025-08-31T13:02:18.339+0000] {spark_submit.py:579} INFO - at com.microsoft.sqlserver.jdbc.TDSChannel.open(IOBuffer.java:656)
[2025-08-31T13:02:18.340+0000] {spark_submit.py:579} INFO - at com.microsoft.sqlserver.jdbc.SQLServerConnection.connectHelper(SQLServerConnection.java:2440)
[2025-08-31T13:02:18.340+0000] {spark_submit.py:579} INFO - at com.microsoft.sqlserver.jdbc.SQLServerConnection.login(SQLServerConnection.java:2103)
[2025-08-31T13:02:18.340+0000] {spark_submit.py:579} INFO - at com.microsoft.sqlserver.jdbc.SQLServerConnection.connectInternal(SQLServerConnection.java:1950)
[2025-08-31T13:02:18.341+0000] {spark_submit.py:579} INFO - at com.microsoft.sqlserver.jdbc.SQLServerConnection.connect(SQLServerConnection.java:1162)
[2025-08-31T13:02:18.341+0000] {spark_submit.py:579} INFO - at com.microsoft.sqlserver.jdbc.SQLServerDriver.connect(SQLServerDriver.java:735)
[2025-08-31T13:02:18.341+0000] {spark_submit.py:579} INFO - at org.apache.spark.sql.execution.datasources.jdbc.connection.BasicConnectionProvider.getConnection(BasicConnectionProvider.scala:50)
[2025-08-31T13:02:18.341+0000] {spark_submit.py:579} INFO - at org.apache.spark.sql.execution.datasources.jdbc.connection.ConnectionProviderBase.create(ConnectionProvider.scala:102)
[2025-08-31T13:02:18.342+0000] {spark_submit.py:579} INFO - at org.apache.spark.sql.jdbc.JdbcDialect.$anonfun$createConnectionFactory$1(JdbcDialects.scala:235)
[2025-08-31T13:02:18.342+0000] {spark_submit.py:579} INFO - at org.apache.spark.sql.jdbc.JdbcDialect.$anonfun$createConnectionFactory$1$adapted(JdbcDialects.scala:231)
[2025-08-31T13:02:18.342+0000] {spark_submit.py:579} INFO - at org.apache.spark.sql.execution.datasources.jdbc.JdbcRelationProvider.createRelation(JdbcRelationProvider.scala:51)
[2025-08-31T13:02:18.342+0000] {spark_submit.py:579} INFO - at org.apache.spark.sql.execution.datasources.SaveIntoDataSourceCommand.run(SaveIntoDataSourceCommand.scala:55)
[2025-08-31T13:02:18.343+0000] {spark_submit.py:579} INFO - at org.apache.spark.sql.execution.command.ExecutedCommandExec.sideEffectResult$lzycompute(commands.scala:79)
[2025-08-31T13:02:18.343+0000] {spark_submit.py:579} INFO - at org.apache.spark.sql.execution.command.ExecutedCommandExec.sideEffectResult(commands.scala:77)
[2025-08-31T13:02:18.343+0000] {spark_submit.py:579} INFO - at org.apache.spark.sql.execution.command.ExecutedCommandExec.executeCollect(commands.scala:88)
[2025-08-31T13:02:18.343+0000] {spark_submit.py:579} INFO - at org.apache.spark.sql.execution.QueryExecution.$anonfun$eagerlyExecuteCommands$2(QueryExecution.scala:155)
[2025-08-31T13:02:18.344+0000] {spark_submit.py:579} INFO - at org.apache.spark.sql.execution.SQLExecution$.$anonfun$withNewExecutionId0$8(SQLExecution.scala:162)
[2025-08-31T13:02:18.344+0000] {spark_submit.py:579} INFO - at org.apache.spark.sql.execution.SQLExecution$.withSessionTagsApplied(SQLExecution.scala:268)
[2025-08-31T13:02:18.344+0000] {spark_submit.py:579} INFO - at org.apache.spark.sql.execution.SQLExecution$.$anonfun$withNewExecutionId0$7(SQLExecution.scala:124)
[2025-08-31T13:02:18.344+0000] {spark_submit.py:579} INFO - at org.apache.spark.JobArtifactSet$.withActiveJobArtifactState(JobArtifactSet.scala:94)
[2025-08-31T13:02:18.345+0000] {spark_submit.py:579} INFO - at org.apache.spark.sql.artifact.ArtifactManager.$anonfun$withResources$1(ArtifactManager.scala:112)
[2025-08-31T13:02:18.345+0000] {spark_submit.py:579} INFO - at org.apache.spark.sql.artifact.ArtifactManager.withClassLoaderIfNeeded(ArtifactManager.scala:106)
[2025-08-31T13:02:18.345+0000] {spark_submit.py:579} INFO - at org.apache.spark.sql.artifact.ArtifactManager.withResources(ArtifactManager.scala:111)
[2025-08-31T13:02:18.345+0000] {spark_submit.py:579} INFO - at org.apache.spark.sql.execution.SQLExecution$.$anonfun$withNewExecutionId0$6(SQLExecution.scala:124)
[2025-08-31T13:02:18.345+0000] {spark_submit.py:579} INFO - at org.apache.spark.sql.execution.SQLExecution$.withSQLConfPropagated(SQLExecution.scala:291)
[2025-08-31T13:02:18.346+0000] {spark_submit.py:579} INFO - at org.apache.spark.sql.execution.SQLExecution$.$anonfun$withNewExecutionId0$1(SQLExecution.scala:123)
[2025-08-31T13:02:18.346+0000] {spark_submit.py:579} INFO - at org.apache.spark.sql.SparkSession.withActive(SparkSession.scala:804)
[2025-08-31T13:02:18.346+0000] {spark_submit.py:579} INFO - at org.apache.spark.sql.execution.SQLExecution$.withNewExecutionId0(SQLExecution.scala:77)
[2025-08-31T13:02:18.346+0000] {spark_submit.py:579} INFO - at org.apache.spark.sql.execution.SQLExecution$.withNewExecutionId(SQLExecution.scala:233)
[2025-08-31T13:02:18.347+0000] {spark_submit.py:579} INFO - at org.apache.spark.sql.execution.QueryExecution.$anonfun$eagerlyExecuteCommands$1(QueryExecution.scala:155)
[2025-08-31T13:02:18.347+0000] {spark_submit.py:579} INFO - at org.apache.spark.sql.execution.QueryExecution$.withInternalError(QueryExecution.scala:654)
[2025-08-31T13:02:18.347+0000] {spark_submit.py:579} INFO - at org.apache.spark.sql.execution.QueryExecution.org$apache$spark$sql$execution$QueryExecution$$eagerlyExecute$1(QueryExecution.scala:154)
[2025-08-31T13:02:18.347+0000] {spark_submit.py:579} INFO - at org.apache.spark.sql.execution.QueryExecution$$anonfun$eagerlyExecuteCommands$3.applyOrElse(QueryExecution.scala:169)
[2025-08-31T13:02:18.347+0000] {spark_submit.py:579} INFO - at org.apache.spark.sql.execution.QueryExecution$$anonfun$eagerlyExecuteCommands$3.applyOrElse(QueryExecution.scala:164)
[2025-08-31T13:02:18.348+0000] {spark_submit.py:579} INFO - at org.apache.spark.sql.catalyst.trees.TreeNode.$anonfun$transformDownWithPruning$1(TreeNode.scala:470)
[2025-08-31T13:02:18.348+0000] {spark_submit.py:579} INFO - at org.apache.spark.sql.catalyst.trees.CurrentOrigin$.withOrigin(origin.scala:86)
[2025-08-31T13:02:18.348+0000] {spark_submit.py:579} INFO - at org.apache.spark.sql.catalyst.trees.TreeNode.transformDownWithPruning(TreeNode.scala:470)
[2025-08-31T13:02:18.348+0000] {spark_submit.py:579} INFO - at org.apache.spark.sql.catalyst.plans.logical.LogicalPlan.org$apache$spark$sql$catalyst$plans$logical$AnalysisHelper$$super$transformDownWithPruning(LogicalPlan.scala:37)
[2025-08-31T13:02:18.348+0000] {spark_submit.py:579} INFO - at org.apache.spark.sql.catalyst.plans.logical.AnalysisHelper.transformDownWithPruning(AnalysisHelper.scala:360)
[2025-08-31T13:02:18.349+0000] {spark_submit.py:579} INFO - at org.apache.spark.sql.catalyst.plans.logical.AnalysisHelper.transformDownWithPruning$(AnalysisHelper.scala:356)
[2025-08-31T13:02:18.349+0000] {spark_submit.py:579} INFO - at org.apache.spark.sql.catalyst.plans.logical.LogicalPlan.transformDownWithPruning(LogicalPlan.scala:37)
[2025-08-31T13:02:18.349+0000] {spark_submit.py:579} INFO - at org.apache.spark.sql.catalyst.plans.logical.LogicalPlan.transformDownWithPruning(LogicalPlan.scala:37)
[2025-08-31T13:02:18.349+0000] {spark_submit.py:579} INFO - at org.apache.spark.sql.catalyst.trees.TreeNode.transformDown(TreeNode.scala:446)
[2025-08-31T13:02:18.350+0000] {spark_submit.py:579} INFO - at org.apache.spark.sql.execution.QueryExecution.eagerlyExecuteCommands(QueryExecution.scala:164)
[2025-08-31T13:02:18.350+0000] {spark_submit.py:579} INFO - at org.apache.spark.sql.execution.QueryExecution.$anonfun$lazyCommandExecuted$1(QueryExecution.scala:126)
[2025-08-31T13:02:18.350+0000] {spark_submit.py:579} INFO - at scala.util.Try$.apply(Try.scala:217)
[2025-08-31T13:02:18.350+0000] {spark_submit.py:579} INFO - at org.apache.spark.util.Utils$.doTryWithCallerStacktrace(Utils.scala:1378)
[2025-08-31T13:02:18.351+0000] {spark_submit.py:579} INFO - at org.apache.spark.util.Utils$.getTryWithCallerStacktrace(Utils.scala:1439)
[2025-08-31T13:02:18.351+0000] {spark_submit.py:579} INFO - at org.apache.spark.util.LazyTry.get(LazyTry.scala:58)
[2025-08-31T13:02:18.351+0000] {spark_submit.py:579} INFO - at org.apache.spark.sql.execution.QueryExecution.commandExecuted(QueryExecution.scala:131)
[2025-08-31T13:02:18.351+0000] {spark_submit.py:579} INFO - at org.apache.spark.sql.execution.QueryExecution.assertCommandExecuted(QueryExecution.scala:192)
[2025-08-31T13:02:18.352+0000] {spark_submit.py:579} INFO - at org.apache.spark.sql.classic.DataFrameWriter.runCommand(DataFrameWriter.scala:622)
[2025-08-31T13:02:18.352+0000] {spark_submit.py:579} INFO - at org.apache.spark.sql.classic.DataFrameWriter.saveToV1Source(DataFrameWriter.scala:273)
[2025-08-31T13:02:18.352+0000] {spark_submit.py:579} INFO - at org.apache.spark.sql.classic.DataFrameWriter.saveInternal(DataFrameWriter.scala:241)
[2025-08-31T13:02:18.352+0000] {spark_submit.py:579} INFO - at org.apache.spark.sql.classic.DataFrameWriter.save(DataFrameWriter.scala:126)
[2025-08-31T13:02:18.353+0000] {spark_submit.py:579} INFO - at org.apache.spark.sql.DataFrameWriter.jdbc(DataFrameWriter.scala:334)
[2025-08-31T13:02:18.353+0000] {spark_submit.py:579} INFO - at java.base/jdk.internal.reflect.NativeMethodAccessorImpl.invoke0(Native Method)
[2025-08-31T13:02:18.353+0000] {spark_submit.py:579} INFO - at java.base/jdk.internal.reflect.NativeMethodAccessorImpl.invoke(NativeMethodAccessorImpl.java:77)
[2025-08-31T13:02:18.354+0000] {spark_submit.py:579} INFO - at java.base/jdk.internal.reflect.DelegatingMethodAccessorImpl.invoke(DelegatingMethodAccessorImpl.java:43)
[2025-08-31T13:02:18.354+0000] {spark_submit.py:579} INFO - at java.base/java.lang.reflect.Method.invoke(Method.java:569)
[2025-08-31T13:02:18.355+0000] {spark_submit.py:579} INFO - at py4j.reflection.MethodInvoker.invoke(MethodInvoker.java:244)
[2025-08-31T13:02:18.355+0000] {spark_submit.py:579} INFO - at py4j.reflection.ReflectionEngine.invoke(ReflectionEngine.java:374)
[2025-08-31T13:02:18.355+0000] {spark_submit.py:579} INFO - at py4j.Gateway.invoke(Gateway.java:282)
[2025-08-31T13:02:18.355+0000] {spark_submit.py:579} INFO - at py4j.commands.AbstractCommand.invokeMethod(AbstractCommand.java:132)
[2025-08-31T13:02:18.356+0000] {spark_submit.py:579} INFO - at py4j.commands.CallCommand.execute(CallCommand.java:79)
[2025-08-31T13:02:18.356+0000] {spark_submit.py:579} INFO - at py4j.ClientServerConnection.waitForCommands(ClientServerConnection.java:184)
[2025-08-31T13:02:18.356+0000] {spark_submit.py:579} INFO - at py4j.ClientServerConnection.run(ClientServerConnection.java:108)
[2025-08-31T13:02:18.356+0000] {spark_submit.py:579} INFO - at java.base/java.lang.Thread.run(Thread.java:840)
[2025-08-31T13:02:18.357+0000] {spark_submit.py:579} INFO - Suppressed: org.apache.spark.util.Utils$OriginalTryStackTraceException: Full stacktrace of original doTryWithCallerStacktrace caller
[2025-08-31T13:02:18.357+0000] {spark_submit.py:579} INFO - at com.microsoft.sqlserver.jdbc.SQLServerException.makeFromDriverError(SQLServerException.java:228)
[2025-08-31T13:02:18.357+0000] {spark_submit.py:579} INFO - at com.microsoft.sqlserver.jdbc.SQLServerException.ConvertConnectExceptionToSQLServerException(SQLServerException.java:279)
[2025-08-31T13:02:18.358+0000] {spark_submit.py:579} INFO - at com.microsoft.sqlserver.jdbc.SocketFinder.findSocket(IOBuffer.java:2431)
[2025-08-31T13:02:18.358+0000] {spark_submit.py:579} INFO - at com.microsoft.sqlserver.jdbc.TDSChannel.open(IOBuffer.java:656)
[2025-08-31T13:02:18.358+0000] {spark_submit.py:579} INFO - at com.microsoft.sqlserver.jdbc.SQLServerConnection.connectHelper(SQLServerConnection.java:2440)
[2025-08-31T13:02:18.358+0000] {spark_submit.py:579} INFO - at com.microsoft.sqlserver.jdbc.SQLServerConnection.login(SQLServerConnection.java:2103)
[2025-08-31T13:02:18.359+0000] {spark_submit.py:579} INFO - at com.microsoft.sqlserver.jdbc.SQLServerConnection.connectInternal(SQLServerConnection.java:1950)
[2025-08-31T13:02:18.359+0000] {spark_submit.py:579} INFO - at com.microsoft.sqlserver.jdbc.SQLServerConnection.connect(SQLServerConnection.java:1162)
[2025-08-31T13:02:18.359+0000] {spark_submit.py:579} INFO - at com.microsoft.sqlserver.jdbc.SQLServerDriver.connect(SQLServerDriver.java:735)
[2025-08-31T13:02:18.359+0000] {spark_submit.py:579} INFO - at org.apache.spark.sql.execution.datasources.jdbc.connection.BasicConnectionProvider.getConnection(BasicConnectionProvider.scala:50)
[2025-08-31T13:02:18.360+0000] {spark_submit.py:579} INFO - at org.apache.spark.sql.execution.datasources.jdbc.connection.ConnectionProviderBase.create(ConnectionProvider.scala:102)
[2025-08-31T13:02:18.360+0000] {spark_submit.py:579} INFO - at org.apache.spark.sql.jdbc.JdbcDialect.$anonfun$createConnectionFactory$1(JdbcDialects.scala:235)
[2025-08-31T13:02:18.360+0000] {spark_submit.py:579} INFO - at org.apache.spark.sql.jdbc.JdbcDialect.$anonfun$createConnectionFactory$1$adapted(JdbcDialects.scala:231)
[2025-08-31T13:02:18.361+0000] {spark_submit.py:579} INFO - at org.apache.spark.sql.execution.datasources.jdbc.JdbcRelationProvider.createRelation(JdbcRelationProvider.scala:51)
[2025-08-31T13:02:18.361+0000] {spark_submit.py:579} INFO - at org.apache.spark.sql.execution.datasources.SaveIntoDataSourceCommand.run(SaveIntoDataSourceCommand.scala:55)
[2025-08-31T13:02:18.361+0000] {spark_submit.py:579} INFO - at org.apache.spark.sql.execution.command.ExecutedCommandExec.sideEffectResult$lzycompute(commands.scala:79)
[2025-08-31T13:02:18.361+0000] {spark_submit.py:579} INFO - at org.apache.spark.sql.execution.command.ExecutedCommandExec.sideEffectResult(commands.scala:77)
[2025-08-31T13:02:18.362+0000] {spark_submit.py:579} INFO - at org.apache.spark.sql.execution.command.ExecutedCommandExec.executeCollect(commands.scala:88)
[2025-08-31T13:02:18.362+0000] {spark_submit.py:579} INFO - at org.apache.spark.sql.execution.QueryExecution.$anonfun$eagerlyExecuteCommands$2(QueryExecution.scala:155)
[2025-08-31T13:02:18.362+0000] {spark_submit.py:579} INFO - at org.apache.spark.sql.execution.SQLExecution$.$anonfun$withNewExecutionId0$8(SQLExecution.scala:162)
[2025-08-31T13:02:18.362+0000] {spark_submit.py:579} INFO - at org.apache.spark.sql.execution.SQLExecution$.withSessionTagsApplied(SQLExecution.scala:268)
[2025-08-31T13:02:18.363+0000] {spark_submit.py:579} INFO - at org.apache.spark.sql.execution.SQLExecution$.$anonfun$withNewExecutionId0$7(SQLExecution.scala:124)
[2025-08-31T13:02:18.363+0000] {spark_submit.py:579} INFO - at org.apache.spark.JobArtifactSet$.withActiveJobArtifactState(JobArtifactSet.scala:94)
[2025-08-31T13:02:18.363+0000] {spark_submit.py:579} INFO - at org.apache.spark.sql.artifact.ArtifactManager.$anonfun$withResources$1(ArtifactManager.scala:112)
[2025-08-31T13:02:18.364+0000] {spark_submit.py:579} INFO - at org.apache.spark.sql.artifact.ArtifactManager.withClassLoaderIfNeeded(ArtifactManager.scala:106)
[2025-08-31T13:02:18.364+0000] {spark_submit.py:579} INFO - at org.apache.spark.sql.artifact.ArtifactManager.withResources(ArtifactManager.scala:111)
[2025-08-31T13:02:18.364+0000] {spark_submit.py:579} INFO - at org.apache.spark.sql.execution.SQLExecution$.$anonfun$withNewExecutionId0$6(SQLExecution.scala:124)
[2025-08-31T13:02:18.364+0000] {spark_submit.py:579} INFO - at org.apache.spark.sql.execution.SQLExecution$.withSQLConfPropagated(SQLExecution.scala:291)
[2025-08-31T13:02:18.365+0000] {spark_submit.py:579} INFO - at org.apache.spark.sql.execution.SQLExecution$.$anonfun$withNewExecutionId0$1(SQLExecution.scala:123)
[2025-08-31T13:02:18.365+0000] {spark_submit.py:579} INFO - at org.apache.spark.sql.SparkSession.withActive(SparkSession.scala:804)
[2025-08-31T13:02:18.365+0000] {spark_submit.py:579} INFO - at org.apache.spark.sql.execution.SQLExecution$.withNewExecutionId0(SQLExecution.scala:77)
[2025-08-31T13:02:18.366+0000] {spark_submit.py:579} INFO - at org.apache.spark.sql.execution.SQLExecution$.withNewExecutionId(SQLExecution.scala:233)
[2025-08-31T13:02:18.366+0000] {spark_submit.py:579} INFO - at org.apache.spark.sql.execution.QueryExecution.$anonfun$eagerlyExecuteCommands$1(QueryExecution.scala:155)
[2025-08-31T13:02:18.366+0000] {spark_submit.py:579} INFO - at org.apache.spark.sql.execution.QueryExecution$.withInternalError(QueryExecution.scala:654)
[2025-08-31T13:02:18.367+0000] {spark_submit.py:579} INFO - at org.apache.spark.sql.execution.QueryExecution.org$apache$spark$sql$execution$QueryExecution$$eagerlyExecute$1(QueryExecution.scala:154)
[2025-08-31T13:02:18.367+0000] {spark_submit.py:579} INFO - at org.apache.spark.sql.execution.QueryExecution$$anonfun$eagerlyExecuteCommands$3.applyOrElse(QueryExecution.scala:169)
[2025-08-31T13:02:18.368+0000] {spark_submit.py:579} INFO - at org.apache.spark.sql.execution.QueryExecution$$anonfun$eagerlyExecuteCommands$3.applyOrElse(QueryExecution.scala:164)
[2025-08-31T13:02:18.368+0000] {spark_submit.py:579} INFO - at org.apache.spark.sql.catalyst.trees.TreeNode.$anonfun$transformDownWithPruning$1(TreeNode.scala:470)
[2025-08-31T13:02:18.368+0000] {spark_submit.py:579} INFO - at org.apache.spark.sql.catalyst.trees.CurrentOrigin$.withOrigin(origin.scala:86)
[2025-08-31T13:02:18.369+0000] {spark_submit.py:579} INFO - at org.apache.spark.sql.catalyst.trees.TreeNode.transformDownWithPruning(TreeNode.scala:470)
[2025-08-31T13:02:18.369+0000] {spark_submit.py:579} INFO - at org.apache.spark.sql.catalyst.plans.logical.LogicalPlan.org$apache$spark$sql$catalyst$plans$logical$AnalysisHelper$$super$transformDownWithPruning(LogicalPlan.scala:37)
[2025-08-31T13:02:18.369+0000] {spark_submit.py:579} INFO - at org.apache.spark.sql.catalyst.plans.logical.AnalysisHelper.transformDownWithPruning(AnalysisHelper.scala:360)
[2025-08-31T13:02:18.370+0000] {spark_submit.py:579} INFO - at org.apache.spark.sql.catalyst.plans.logical.AnalysisHelper.transformDownWithPruning$(AnalysisHelper.scala:356)
[2025-08-31T13:02:18.370+0000] {spark_submit.py:579} INFO - at org.apache.spark.sql.catalyst.plans.logical.LogicalPlan.transformDownWithPruning(LogicalPlan.scala:37)
[2025-08-31T13:02:18.370+0000] {spark_submit.py:579} INFO - at org.apache.spark.sql.catalyst.plans.logical.LogicalPlan.transformDownWithPruning(LogicalPlan.scala:37)
[2025-08-31T13:02:18.371+0000] {spark_submit.py:579} INFO - at org.apache.spark.sql.catalyst.trees.TreeNode.transformDown(TreeNode.scala:446)
[2025-08-31T13:02:18.371+0000] {spark_submit.py:579} INFO - at org.apache.spark.sql.execution.QueryExecution.eagerlyExecuteCommands(QueryExecution.scala:164)
[2025-08-31T13:02:18.371+0000] {spark_submit.py:579} INFO - at org.apache.spark.sql.execution.QueryExecution.$anonfun$lazyCommandExecuted$1(QueryExecution.scala:126)
[2025-08-31T13:02:18.372+0000] {spark_submit.py:579} INFO - at scala.util.Try$.apply(Try.scala:217)
[2025-08-31T13:02:18.372+0000] {spark_submit.py:579} INFO - at org.apache.spark.util.Utils$.doTryWithCallerStacktrace(Utils.scala:1378)
[2025-08-31T13:02:18.372+0000] {spark_submit.py:579} INFO - at org.apache.spark.util.LazyTry.tryT$lzycompute(LazyTry.scala:46)
[2025-08-31T13:02:18.372+0000] {spark_submit.py:579} INFO - at org.apache.spark.util.LazyTry.tryT(LazyTry.scala:46)
[2025-08-31T13:02:18.372+0000] {spark_submit.py:579} INFO - ... 20 more
[2025-08-31T13:02:18.373+0000] {spark_submit.py:579} INFO - 
[2025-08-31T13:02:18.524+0000] {spark_submit.py:579} INFO - 25/08/31 13:02:18 INFO SparkContext: Invoking stop() from shutdown hook
[2025-08-31T13:02:18.526+0000] {spark_submit.py:579} INFO - 25/08/31 13:02:18 INFO SparkContext: SparkContext is stopping with exitCode 0 from run at Executors.java:539.
[2025-08-31T13:02:18.538+0000] {spark_submit.py:579} INFO - 25/08/31 13:02:18 INFO SparkUI: Stopped Spark web UI at http://f7da00c682c4:4041
[2025-08-31T13:02:18.542+0000] {spark_submit.py:579} INFO - 25/08/31 13:02:18 INFO StandaloneSchedulerBackend: Shutting down all executors
[2025-08-31T13:02:18.546+0000] {spark_submit.py:579} INFO - 25/08/31 13:02:18 INFO StandaloneSchedulerBackend$StandaloneDriverEndpoint: Asking each executor to shut down
[2025-08-31T13:02:18.566+0000] {spark_submit.py:579} INFO - 25/08/31 13:02:18 INFO MapOutputTrackerMasterEndpoint: MapOutputTrackerMasterEndpoint stopped!
[2025-08-31T13:02:18.593+0000] {spark_submit.py:579} INFO - 25/08/31 13:02:18 INFO MemoryStore: MemoryStore started with capacity 434.4 MiB
[2025-08-31T13:02:18.598+0000] {spark_submit.py:579} INFO - 25/08/31 13:02:18 INFO MemoryStore: MemoryStore cleared
[2025-08-31T13:02:18.598+0000] {spark_submit.py:579} INFO - 25/08/31 13:02:18 INFO BlockManager: BlockManager stopped
[2025-08-31T13:02:18.605+0000] {spark_submit.py:579} INFO - 25/08/31 13:02:18 WARN Dispatcher: Message RequestMessage(172.18.0.2:7077, NettyRpcEndpointRef(spark://AppClient@f7da00c682c4:41647), ExecutorAdded(0,worker-20250831123630-172.18.0.4-34583,172.18.0.4:34583,2,1024)) dropped due to sparkEnv is stopped. Could not find AppClient.
[2025-08-31T13:02:18.611+0000] {spark_submit.py:579} INFO - 25/08/31 13:02:18 INFO BlockManagerMaster: BlockManagerMaster stopped
[2025-08-31T13:02:18.617+0000] {spark_submit.py:579} INFO - 25/08/31 13:02:18 INFO OutputCommitCoordinator$OutputCommitCoordinatorEndpoint: OutputCommitCoordinator stopped!
[2025-08-31T13:02:18.657+0000] {spark_submit.py:579} INFO - 25/08/31 13:02:18 INFO SparkContext: Successfully stopped SparkContext
[2025-08-31T13:02:18.657+0000] {spark_submit.py:579} INFO - 25/08/31 13:02:18 INFO ShutdownHookManager: Shutdown hook called
[2025-08-31T13:02:18.662+0000] {spark_submit.py:579} INFO - 25/08/31 13:02:18 INFO ShutdownHookManager: Deleting directory /opt/***/artifacts/spark-e6e6eaa9-d2d4-493e-ae31-be2680d046e2
[2025-08-31T13:02:18.669+0000] {spark_submit.py:579} INFO - 25/08/31 13:02:18 INFO ShutdownHookManager: Deleting directory /tmp/spark-62029cfc-0848-45d0-a33c-b89385ce9cef
[2025-08-31T13:02:18.678+0000] {spark_submit.py:579} INFO - 25/08/31 13:02:18 INFO ShutdownHookManager: Deleting directory /tmp/spark-83755aa8-beaf-4621-874e-9ecc7941319d
[2025-08-31T13:02:18.686+0000] {spark_submit.py:579} INFO - 25/08/31 13:02:18 INFO ShutdownHookManager: Deleting directory /tmp/spark-83755aa8-beaf-4621-874e-9ecc7941319d/pyspark-42ffec72-99fa-4fd3-8cc0-eb164b0a9456
[2025-08-31T13:02:18.764+0000] {taskinstance.py:1935} ERROR - Task failed with exception
Traceback (most recent call last):
  File "/home/airflow/.local/lib/python3.10/site-packages/airflow/providers/apache/spark/operators/spark_submit.py", line 174, in execute
    self._hook.submit(self.application)
  File "/home/airflow/.local/lib/python3.10/site-packages/airflow/providers/apache/spark/hooks/spark_submit.py", line 505, in submit
    raise AirflowException(
airflow.exceptions.AirflowException: Cannot execute: spark-submit --master spark://spark-master:7077 --jars /opt/spark/external-jars/apache-spark-sql-connector.jar --name arrow-spark --deploy-mode client jobs/python/wordcountjob.py. Error code is: 1.
[2025-08-31T13:02:18.768+0000] {taskinstance.py:1398} INFO - Marking task as FAILED. dag_id=sparking_flow, task_id=python_job, execution_date=20250831T060000, start_date=20250831T130147, end_date=20250831T130218
[2025-08-31T13:02:18.778+0000] {standard_task_runner.py:104} ERROR - Failed to execute job 38 for task python_job (Cannot execute: spark-submit --master spark://spark-master:7077 --jars /opt/spark/external-jars/apache-spark-sql-connector.jar --name arrow-spark --deploy-mode client jobs/python/wordcountjob.py. Error code is: 1.; 1769)
[2025-08-31T13:02:18.818+0000] {local_task_job_runner.py:228} INFO - Task exited with return code 1
[2025-08-31T13:02:18.840+0000] {taskinstance.py:2776} INFO - 0 downstream tasks scheduled from follow-on schedule check
[2025-09-01T18:54:22.067+0000] {taskinstance.py:1157} INFO - Dependencies all met for dep_context=non-requeueable deps ti=<TaskInstance: sparking_flow.python_job scheduled__2025-08-31T06:00:00+00:00 [queued]>
[2025-09-01T18:54:22.193+0000] {taskinstance.py:1157} INFO - Dependencies all met for dep_context=requeueable deps ti=<TaskInstance: sparking_flow.python_job scheduled__2025-08-31T06:00:00+00:00 [queued]>
[2025-09-01T18:54:22.201+0000] {taskinstance.py:1359} INFO - Starting attempt 1 of 1
[2025-09-01T18:54:22.269+0000] {taskinstance.py:1380} INFO - Executing <Task(SparkSubmitOperator): python_job> on 2025-08-31 06:00:00+00:00
[2025-09-01T18:54:22.341+0000] {standard_task_runner.py:57} INFO - Started process 272 to run task
[2025-09-01T18:54:22.403+0000] {standard_task_runner.py:84} INFO - Running: ['***', 'tasks', 'run', 'sparking_flow', 'python_job', 'scheduled__2025-08-31T06:00:00+00:00', '--job-id', '26', '--raw', '--subdir', 'DAGS_FOLDER/spark_***.py', '--cfg-path', '/tmp/tmp9zldhgt3']
[2025-09-01T18:54:22.430+0000] {standard_task_runner.py:85} INFO - Job 26: Subtask python_job
[2025-09-01T18:54:22.782+0000] {task_command.py:415} INFO - Running <TaskInstance: sparking_flow.python_job scheduled__2025-08-31T06:00:00+00:00 [running]> on host 7b2a3a75c36f
[2025-09-01T18:54:23.079+0000] {taskinstance.py:1660} INFO - Exporting env vars: AIRFLOW_CTX_DAG_OWNER='Kudzaishe Manyanya' AIRFLOW_CTX_DAG_ID='sparking_flow' AIRFLOW_CTX_TASK_ID='python_job' AIRFLOW_CTX_EXECUTION_DATE='2025-08-31T06:00:00+00:00' AIRFLOW_CTX_TRY_NUMBER='1' AIRFLOW_CTX_DAG_RUN_ID='scheduled__2025-08-31T06:00:00+00:00'
[2025-09-01T18:54:23.120+0000] {spark_submit.py:273} INFO - Could not load connection string spark-conn, defaulting to yarn
[2025-09-01T18:54:23.124+0000] {spark_submit.py:403} INFO - Spark-Submit cmd: spark-submit --master yarn --jars /opt/spark/external-jars/apache-spark-sql-connector.jar --name arrow-spark jobs/python/wordcountjob.py
[2025-09-01T18:54:27.321+0000] {spark_submit.py:579} INFO - WARNING: Using incubator modules: jdk.incubator.vector
[2025-09-01T18:54:45.786+0000] {spark_submit.py:579} INFO - Exception in thread "main" org.apache.spark.SparkException: When running with master 'yarn' either HADOOP_CONF_DIR or YARN_CONF_DIR must be set in the environment.
[2025-09-01T18:54:45.865+0000] {spark_submit.py:579} INFO - at org.apache.spark.deploy.SparkSubmitArguments.error(SparkSubmitArguments.scala:640)
[2025-09-01T18:54:45.867+0000] {spark_submit.py:579} INFO - at org.apache.spark.deploy.SparkSubmitArguments.validateSubmitArguments(SparkSubmitArguments.scala:287)
[2025-09-01T18:54:45.877+0000] {spark_submit.py:579} INFO - at org.apache.spark.deploy.SparkSubmitArguments.validateArguments(SparkSubmitArguments.scala:245)
[2025-09-01T18:54:45.881+0000] {spark_submit.py:579} INFO - at org.apache.spark.deploy.SparkSubmitArguments.<init>(SparkSubmitArguments.scala:104)
[2025-09-01T18:54:45.882+0000] {spark_submit.py:579} INFO - at org.apache.spark.deploy.SparkSubmit$$anon$2$$anon$3.<init>(SparkSubmit.scala:1101)
[2025-09-01T18:54:45.883+0000] {spark_submit.py:579} INFO - at org.apache.spark.deploy.SparkSubmit$$anon$2.parseArguments(SparkSubmit.scala:1101)
[2025-09-01T18:54:45.893+0000] {spark_submit.py:579} INFO - at org.apache.spark.deploy.SparkSubmit.doSubmit(SparkSubmit.scala:72)
[2025-09-01T18:54:45.905+0000] {spark_submit.py:579} INFO - at org.apache.spark.deploy.SparkSubmit$$anon$2.doSubmit(SparkSubmit.scala:1132)
[2025-09-01T18:54:45.906+0000] {spark_submit.py:579} INFO - at org.apache.spark.deploy.SparkSubmit$.main(SparkSubmit.scala:1141)
[2025-09-01T18:54:45.907+0000] {spark_submit.py:579} INFO - at org.apache.spark.deploy.SparkSubmit.main(SparkSubmit.scala)
[2025-09-01T18:54:46.169+0000] {taskinstance.py:1935} ERROR - Task failed with exception
Traceback (most recent call last):
  File "/home/airflow/.local/lib/python3.10/site-packages/airflow/providers/apache/spark/operators/spark_submit.py", line 174, in execute
    self._hook.submit(self.application)
  File "/home/airflow/.local/lib/python3.10/site-packages/airflow/providers/apache/spark/hooks/spark_submit.py", line 505, in submit
    raise AirflowException(
airflow.exceptions.AirflowException: Cannot execute: spark-submit --master yarn --jars /opt/spark/external-jars/apache-spark-sql-connector.jar --name arrow-spark jobs/python/wordcountjob.py. Error code is: 1.
[2025-09-01T18:54:46.222+0000] {taskinstance.py:1398} INFO - Marking task as FAILED. dag_id=sparking_flow, task_id=python_job, execution_date=20250831T060000, start_date=20250901T185422, end_date=20250901T185446
[2025-09-01T18:54:46.372+0000] {standard_task_runner.py:104} ERROR - Failed to execute job 26 for task python_job (Cannot execute: spark-submit --master yarn --jars /opt/spark/external-jars/apache-spark-sql-connector.jar --name arrow-spark jobs/python/wordcountjob.py. Error code is: 1.; 272)
[2025-09-01T18:54:46.430+0000] {local_task_job_runner.py:228} INFO - Task exited with return code 1
[2025-09-01T18:54:46.576+0000] {taskinstance.py:2776} INFO - 0 downstream tasks scheduled from follow-on schedule check
