[2025-08-31T12:53:18.930+0000] {taskinstance.py:1157} INFO - Dependencies all met for dep_context=non-requeueable deps ti=<TaskInstance: sparking_flow.start scheduled__2025-08-31T04:00:00+00:00 [queued]>
[2025-08-31T12:53:18.954+0000] {taskinstance.py:1157} INFO - Dependencies all met for dep_context=requeueable deps ti=<TaskInstance: sparking_flow.start scheduled__2025-08-31T04:00:00+00:00 [queued]>
[2025-08-31T12:53:18.961+0000] {taskinstance.py:1359} INFO - Starting attempt 1 of 1
[2025-08-31T12:53:19.012+0000] {taskinstance.py:1380} INFO - Executing <Task(PythonOperator): start> on 2025-08-31 04:00:00+00:00
[2025-08-31T12:53:19.029+0000] {standard_task_runner.py:57} INFO - Started process 377 to run task
[2025-08-31T12:53:19.051+0000] {standard_task_runner.py:84} INFO - Running: ['***', 'tasks', 'run', 'sparking_flow', 'start', 'scheduled__2025-08-31T04:00:00+00:00', '--job-id', '16', '--raw', '--subdir', 'DAGS_FOLDER/spark_***.py', '--cfg-path', '/tmp/tmp7boldibj']
[2025-08-31T12:53:19.072+0000] {standard_task_runner.py:85} INFO - Job 16: Subtask start
[2025-08-31T12:53:19.263+0000] {task_command.py:415} INFO - Running <TaskInstance: sparking_flow.start scheduled__2025-08-31T04:00:00+00:00 [running]> on host f7da00c682c4
[2025-08-31T12:53:19.406+0000] {taskinstance.py:1660} INFO - Exporting env vars: AIRFLOW_CTX_DAG_OWNER='Kudzaishe Manyanya' AIRFLOW_CTX_DAG_ID='sparking_flow' AIRFLOW_CTX_TASK_ID='start' AIRFLOW_CTX_EXECUTION_DATE='2025-08-31T04:00:00+00:00' AIRFLOW_CTX_TRY_NUMBER='1' AIRFLOW_CTX_DAG_RUN_ID='scheduled__2025-08-31T04:00:00+00:00'
[2025-08-31T12:53:19.408+0000] {logging_mixin.py:151} INFO - Jobs started
[2025-08-31T12:53:19.408+0000] {python.py:194} INFO - Done. Returned value was: None
[2025-08-31T12:53:19.421+0000] {taskinstance.py:1398} INFO - Marking task as SUCCESS. dag_id=sparking_flow, task_id=start, execution_date=20250831T040000, start_date=20250831T125318, end_date=20250831T125319
[2025-08-31T12:53:19.476+0000] {local_task_job_runner.py:228} INFO - Task exited with return code 0
[2025-08-31T12:53:19.525+0000] {taskinstance.py:2776} INFO - 0 downstream tasks scheduled from follow-on schedule check
[2025-09-01T18:54:11.860+0000] {taskinstance.py:1157} INFO - Dependencies all met for dep_context=non-requeueable deps ti=<TaskInstance: sparking_flow.start scheduled__2025-08-31T04:00:00+00:00 [queued]>
[2025-09-01T18:54:11.959+0000] {taskinstance.py:1157} INFO - Dependencies all met for dep_context=requeueable deps ti=<TaskInstance: sparking_flow.start scheduled__2025-08-31T04:00:00+00:00 [queued]>
[2025-09-01T18:54:11.967+0000] {taskinstance.py:1359} INFO - Starting attempt 1 of 1
[2025-09-01T18:54:12.350+0000] {taskinstance.py:1380} INFO - Executing <Task(PythonOperator): start> on 2025-08-31 04:00:00+00:00
[2025-09-01T18:54:12.477+0000] {standard_task_runner.py:57} INFO - Started process 214 to run task
[2025-09-01T18:54:12.539+0000] {standard_task_runner.py:84} INFO - Running: ['***', 'tasks', 'run', 'sparking_flow', 'start', 'scheduled__2025-08-31T04:00:00+00:00', '--job-id', '5', '--raw', '--subdir', 'DAGS_FOLDER/spark_***.py', '--cfg-path', '/tmp/tmp_jkrrb8u']
[2025-09-01T18:54:12.562+0000] {standard_task_runner.py:85} INFO - Job 5: Subtask start
[2025-09-01T18:54:13.468+0000] {task_command.py:415} INFO - Running <TaskInstance: sparking_flow.start scheduled__2025-08-31T04:00:00+00:00 [running]> on host 7b2a3a75c36f
[2025-09-01T18:54:14.619+0000] {taskinstance.py:1660} INFO - Exporting env vars: AIRFLOW_CTX_DAG_OWNER='Kudzaishe Manyanya' AIRFLOW_CTX_DAG_ID='sparking_flow' AIRFLOW_CTX_TASK_ID='start' AIRFLOW_CTX_EXECUTION_DATE='2025-08-31T04:00:00+00:00' AIRFLOW_CTX_TRY_NUMBER='1' AIRFLOW_CTX_DAG_RUN_ID='scheduled__2025-08-31T04:00:00+00:00'
[2025-09-01T18:54:14.738+0000] {logging_mixin.py:151} INFO - Jobs started
[2025-09-01T18:54:14.771+0000] {python.py:194} INFO - Done. Returned value was: None
[2025-09-01T18:54:14.932+0000] {taskinstance.py:1398} INFO - Marking task as SUCCESS. dag_id=sparking_flow, task_id=start, execution_date=20250831T040000, start_date=20250901T185411, end_date=20250901T185414
[2025-09-01T18:54:15.455+0000] {local_task_job_runner.py:228} INFO - Task exited with return code 0
[2025-09-01T18:54:15.985+0000] {taskinstance.py:2776} INFO - 0 downstream tasks scheduled from follow-on schedule check
