[2025-08-10T10:06:44.868+0000] {taskinstance.py:1157} INFO - Dependencies all met for dep_context=non-requeueable deps ti=<TaskInstance: sparking_flow.python_job manual__2025-08-10T10:06:42.914368+00:00 [queued]>
[2025-08-10T10:06:44.875+0000] {taskinstance.py:1157} INFO - Dependencies all met for dep_context=requeueable deps ti=<TaskInstance: sparking_flow.python_job manual__2025-08-10T10:06:42.914368+00:00 [queued]>
[2025-08-10T10:06:44.875+0000] {taskinstance.py:1359} INFO - Starting attempt 1 of 1
[2025-08-10T10:06:44.886+0000] {taskinstance.py:1380} INFO - Executing <Task(SparkSubmitOperator): python_job> on 2025-08-10 10:06:42.914368+00:00
[2025-08-10T10:06:44.891+0000] {standard_task_runner.py:57} INFO - Started process 1026 to run task
[2025-08-10T10:06:44.893+0000] {standard_task_runner.py:84} INFO - Running: ['***', 'tasks', 'run', 'sparking_flow', 'python_job', 'manual__2025-08-10T10:06:42.914368+00:00', '--job-id', '11', '--raw', '--subdir', 'DAGS_FOLDER/spark_***.py', '--cfg-path', '/tmp/tmpzn2hd92n']
[2025-08-10T10:06:44.896+0000] {standard_task_runner.py:85} INFO - Job 11: Subtask python_job
[2025-08-10T10:06:44.955+0000] {task_command.py:415} INFO - Running <TaskInstance: sparking_flow.python_job manual__2025-08-10T10:06:42.914368+00:00 [running]> on host 08d0cfb138c0
[2025-08-10T10:06:45.034+0000] {taskinstance.py:1660} INFO - Exporting env vars: AIRFLOW_CTX_DAG_OWNER='Yusuf Ganiyu' AIRFLOW_CTX_DAG_ID='sparking_flow' AIRFLOW_CTX_TASK_ID='python_job' AIRFLOW_CTX_EXECUTION_DATE='2025-08-10T10:06:42.914368+00:00' AIRFLOW_CTX_TRY_NUMBER='1' AIRFLOW_CTX_DAG_RUN_ID='manual__2025-08-10T10:06:42.914368+00:00'
[2025-08-10T10:06:45.046+0000] {base.py:73} INFO - Using connection ID 'spark-conn' for task execution.
[2025-08-10T10:06:45.047+0000] {spark_submit.py:403} INFO - Spark-Submit cmd: spark-submit --master spark://spark-master:7077 --name arrow-spark --deploy-mode client jobs/python/wordcountjob.py
[2025-08-10T10:06:45.393+0000] {spark_submit.py:579} INFO - WARNING: Using incubator modules: jdk.incubator.vector
[2025-08-10T10:06:47.908+0000] {spark_submit.py:579} INFO - Using Spark's default log4j profile: org/apache/spark/log4j2-defaults.properties
[2025-08-10T10:06:47.915+0000] {spark_submit.py:579} INFO - 25/08/10 10:06:47 INFO SparkContext: Running Spark version 4.0.0
[2025-08-10T10:06:47.918+0000] {spark_submit.py:579} INFO - 25/08/10 10:06:47 INFO SparkContext: OS info Linux, 6.6.87.2-microsoft-standard-WSL2, amd64
[2025-08-10T10:06:47.920+0000] {spark_submit.py:579} INFO - 25/08/10 10:06:47 INFO SparkContext: Java version 17.0.15
[2025-08-10T10:06:47.976+0000] {spark_submit.py:579} INFO - 25/08/10 10:06:47 WARN NativeCodeLoader: Unable to load native-hadoop library for your platform... using builtin-java classes where applicable
[2025-08-10T10:06:48.012+0000] {spark_submit.py:579} INFO - 25/08/10 10:06:48 INFO ResourceUtils: ==============================================================
[2025-08-10T10:06:48.012+0000] {spark_submit.py:579} INFO - 25/08/10 10:06:48 INFO ResourceUtils: No custom resources configured for spark.driver.
[2025-08-10T10:06:48.013+0000] {spark_submit.py:579} INFO - 25/08/10 10:06:48 INFO ResourceUtils: ==============================================================
[2025-08-10T10:06:48.013+0000] {spark_submit.py:579} INFO - 25/08/10 10:06:48 INFO SparkContext: Submitted application: PythonWordCount
[2025-08-10T10:06:48.035+0000] {spark_submit.py:579} INFO - 25/08/10 10:06:48 INFO ResourceProfile: Default ResourceProfile created, executor resources: Map(memory -> name: memory, amount: 1024, script: , vendor: , offHeap -> name: offHeap, amount: 0, script: , vendor: ), task resources: Map(cpus -> name: cpus, amount: 1.0)
[2025-08-10T10:06:48.037+0000] {spark_submit.py:579} INFO - 25/08/10 10:06:48 INFO ResourceProfile: Limiting resource is cpu
[2025-08-10T10:06:48.038+0000] {spark_submit.py:579} INFO - 25/08/10 10:06:48 INFO ResourceProfileManager: Added ResourceProfile id: 0
[2025-08-10T10:06:48.071+0000] {spark_submit.py:579} INFO - 25/08/10 10:06:48 INFO SecurityManager: Changing view acls to: ***
[2025-08-10T10:06:48.072+0000] {spark_submit.py:579} INFO - 25/08/10 10:06:48 INFO SecurityManager: Changing modify acls to: ***
[2025-08-10T10:06:48.073+0000] {spark_submit.py:579} INFO - 25/08/10 10:06:48 INFO SecurityManager: Changing view acls groups to: ***
[2025-08-10T10:06:48.073+0000] {spark_submit.py:579} INFO - 25/08/10 10:06:48 INFO SecurityManager: Changing modify acls groups to: ***
[2025-08-10T10:06:48.074+0000] {spark_submit.py:579} INFO - 25/08/10 10:06:48 INFO SecurityManager: SecurityManager: authentication disabled; ui acls disabled; users with view permissions: *** groups with view permissions: EMPTY; users with modify permissions: ***; groups with modify permissions: EMPTY; RPC SSL disabled
[2025-08-10T10:06:48.257+0000] {spark_submit.py:579} INFO - 25/08/10 10:06:48 INFO Utils: Successfully started service 'sparkDriver' on port 42183.
[2025-08-10T10:06:48.282+0000] {spark_submit.py:579} INFO - 25/08/10 10:06:48 INFO SparkEnv: Registering MapOutputTracker
[2025-08-10T10:06:48.294+0000] {spark_submit.py:579} INFO - 25/08/10 10:06:48 INFO SparkEnv: Registering BlockManagerMaster
[2025-08-10T10:06:48.309+0000] {spark_submit.py:579} INFO - 25/08/10 10:06:48 INFO BlockManagerMasterEndpoint: Using org.apache.spark.storage.DefaultTopologyMapper for getting topology information
[2025-08-10T10:06:48.310+0000] {spark_submit.py:579} INFO - 25/08/10 10:06:48 INFO BlockManagerMasterEndpoint: BlockManagerMasterEndpoint up
[2025-08-10T10:06:48.312+0000] {spark_submit.py:579} INFO - 25/08/10 10:06:48 INFO SparkEnv: Registering BlockManagerMasterHeartbeat
[2025-08-10T10:06:48.335+0000] {spark_submit.py:579} INFO - 25/08/10 10:06:48 INFO DiskBlockManager: Created local directory at /tmp/blockmgr-4cbd2ae7-df36-4a03-9451-692f8d2cbb13
[2025-08-10T10:06:48.352+0000] {spark_submit.py:579} INFO - 25/08/10 10:06:48 INFO SparkEnv: Registering OutputCommitCoordinator
[2025-08-10T10:06:48.455+0000] {spark_submit.py:579} INFO - 25/08/10 10:06:48 INFO JettyUtils: Start Jetty 0.0.0.0:4040 for SparkUI
[2025-08-10T10:06:48.512+0000] {spark_submit.py:579} INFO - 25/08/10 10:06:48 INFO Utils: Successfully started service 'SparkUI' on port 4040.
[2025-08-10T10:06:48.564+0000] {spark_submit.py:579} INFO - 25/08/10 10:06:48 INFO SecurityManager: Changing view acls to: ***
[2025-08-10T10:06:48.564+0000] {spark_submit.py:579} INFO - 25/08/10 10:06:48 INFO SecurityManager: Changing modify acls to: ***
[2025-08-10T10:06:48.565+0000] {spark_submit.py:579} INFO - 25/08/10 10:06:48 INFO SecurityManager: Changing view acls groups to: ***
[2025-08-10T10:06:48.565+0000] {spark_submit.py:579} INFO - 25/08/10 10:06:48 INFO SecurityManager: Changing modify acls groups to: ***
[2025-08-10T10:06:48.565+0000] {spark_submit.py:579} INFO - 25/08/10 10:06:48 INFO SecurityManager: SecurityManager: authentication disabled; ui acls disabled; users with view permissions: *** groups with view permissions: EMPTY; users with modify permissions: ***; groups with modify permissions: EMPTY; RPC SSL disabled
[2025-08-10T10:06:48.682+0000] {spark_submit.py:579} INFO - 25/08/10 10:06:48 INFO StandaloneAppClient$ClientEndpoint: Connecting to master spark://spark-master:7077...
[2025-08-10T10:06:48.725+0000] {spark_submit.py:579} INFO - 25/08/10 10:06:48 INFO TransportClientFactory: Successfully created connection to spark-master/172.18.0.2:7077 after 23 ms (0 ms spent in bootstraps)
[2025-08-10T10:06:48.944+0000] {spark_submit.py:579} INFO - 25/08/10 10:06:48 INFO StandaloneSchedulerBackend: Connected to Spark cluster with app ID app-20250810100648-0000
[2025-08-10T10:06:48.952+0000] {spark_submit.py:579} INFO - 25/08/10 10:06:48 INFO Utils: Successfully started service 'org.apache.spark.network.netty.NettyBlockTransferService' on port 33275.
[2025-08-10T10:06:48.953+0000] {spark_submit.py:579} INFO - 25/08/10 10:06:48 INFO NettyBlockTransferService: Server created on 08d0cfb138c0:33275
[2025-08-10T10:06:48.955+0000] {spark_submit.py:579} INFO - 25/08/10 10:06:48 INFO BlockManager: Using org.apache.spark.storage.RandomBlockReplicationPolicy for block replication policy
[2025-08-10T10:06:48.971+0000] {spark_submit.py:579} INFO - 25/08/10 10:06:48 INFO BlockManagerMaster: Registering BlockManager BlockManagerId(driver, 08d0cfb138c0, 33275, None)
[2025-08-10T10:06:48.976+0000] {spark_submit.py:579} INFO - 25/08/10 10:06:48 INFO BlockManagerMasterEndpoint: Registering block manager 08d0cfb138c0:33275 with 434.4 MiB RAM, BlockManagerId(driver, 08d0cfb138c0, 33275, None)
[2025-08-10T10:06:48.978+0000] {spark_submit.py:579} INFO - 25/08/10 10:06:48 INFO BlockManagerMaster: Registered BlockManager BlockManagerId(driver, 08d0cfb138c0, 33275, None)
[2025-08-10T10:06:48.979+0000] {spark_submit.py:579} INFO - 25/08/10 10:06:48 INFO BlockManager: Initialized BlockManager: BlockManagerId(driver, 08d0cfb138c0, 33275, None)
[2025-08-10T10:06:49.054+0000] {spark_submit.py:579} INFO - 25/08/10 10:06:49 INFO StandaloneAppClient$ClientEndpoint: Executor added: app-20250810100648-0000/0 on worker-20250810094251-172.18.0.4-38287 (172.18.0.4:38287) with 2 core(s)
[2025-08-10T10:06:49.056+0000] {spark_submit.py:579} INFO - 25/08/10 10:06:49 INFO StandaloneSchedulerBackend: Granted executor ID app-20250810100648-0000/0 on hostPort 172.18.0.4:38287 with 2 core(s), 1024.0 MiB RAM
[2025-08-10T10:06:49.102+0000] {spark_submit.py:579} INFO - 25/08/10 10:06:49 INFO StandaloneSchedulerBackend: SchedulerBackend is ready for scheduling beginning after reached minRegisteredResourcesRatio: 0.0
[2025-08-10T10:06:51.356+0000] {spark_submit.py:579} INFO - 25/08/10 10:06:51 INFO SparkContext: Starting job: collect at /opt/***/jobs/python/wordcountjob.py:11
[2025-08-10T10:06:51.386+0000] {spark_submit.py:579} INFO - 25/08/10 10:06:51 INFO DAGScheduler: Registering RDD 2 (reduceByKey at /opt/***/jobs/python/wordcountjob.py:9) as input to shuffle 0
[2025-08-10T10:06:51.392+0000] {spark_submit.py:579} INFO - 25/08/10 10:06:51 INFO DAGScheduler: Got job 0 (collect at /opt/***/jobs/python/wordcountjob.py:11) with 2 output partitions
[2025-08-10T10:06:51.394+0000] {spark_submit.py:579} INFO - 25/08/10 10:06:51 INFO DAGScheduler: Final stage: ResultStage 1 (collect at /opt/***/jobs/python/wordcountjob.py:11)
[2025-08-10T10:06:51.395+0000] {spark_submit.py:579} INFO - 25/08/10 10:06:51 INFO DAGScheduler: Parents of final stage: List(ShuffleMapStage 0)
[2025-08-10T10:06:51.398+0000] {spark_submit.py:579} INFO - 25/08/10 10:06:51 INFO DAGScheduler: Missing parents: List(ShuffleMapStage 0)
[2025-08-10T10:06:51.402+0000] {spark_submit.py:579} INFO - 25/08/10 10:06:51 INFO DAGScheduler: Submitting ShuffleMapStage 0 (PairwiseRDD[2] at reduceByKey at /opt/***/jobs/python/wordcountjob.py:9), which has no missing parents
[2025-08-10T10:06:51.463+0000] {spark_submit.py:579} INFO - 25/08/10 10:06:51 INFO MemoryStore: MemoryStore started with capacity 434.4 MiB
[2025-08-10T10:06:51.499+0000] {spark_submit.py:579} INFO - 25/08/10 10:06:51 INFO MemoryStore: Block broadcast_0 stored as values in memory (estimated size 10.1 KiB, free 434.4 MiB)
[2025-08-10T10:06:51.561+0000] {spark_submit.py:579} INFO - 25/08/10 10:06:51 INFO MemoryStore: Block broadcast_0_piece0 stored as bytes in memory (estimated size 6.2 KiB, free 434.4 MiB)
[2025-08-10T10:06:51.571+0000] {spark_submit.py:579} INFO - 25/08/10 10:06:51 INFO SparkContext: Created broadcast 0 from broadcast at DAGScheduler.scala:1676
[2025-08-10T10:06:51.590+0000] {spark_submit.py:579} INFO - 25/08/10 10:06:51 INFO DAGScheduler: Submitting 2 missing tasks from ShuffleMapStage 0 (PairwiseRDD[2] at reduceByKey at /opt/***/jobs/python/wordcountjob.py:9) (first 15 tasks are for partitions Vector(0, 1))
[2025-08-10T10:06:51.599+0000] {spark_submit.py:579} INFO - 25/08/10 10:06:51 INFO TaskSchedulerImpl: Adding task set 0.0 with 2 tasks resource profile 0
[2025-08-10T10:06:51.786+0000] {spark_submit.py:579} INFO - 25/08/10 10:06:51 INFO StandaloneAppClient$ClientEndpoint: Executor updated: app-20250810100648-0000/0 is now RUNNING
[2025-08-10T10:06:54.805+0000] {spark_submit.py:579} INFO - 25/08/10 10:06:54 INFO StandaloneSchedulerBackend$StandaloneDriverEndpoint: Registered executor NettyRpcEndpointRef(spark-client://Executor) (172.18.0.4:45792) with ID 0, ResourceProfileId 0
[2025-08-10T10:06:55.079+0000] {spark_submit.py:579} INFO - 25/08/10 10:06:55 INFO BlockManagerMasterEndpoint: Registering block manager 172.18.0.4:40165 with 434.4 MiB RAM, BlockManagerId(0, 172.18.0.4, 40165, None)
[2025-08-10T10:06:55.162+0000] {spark_submit.py:579} INFO - 25/08/10 10:06:55 INFO TaskSetManager: Starting task 0.0 in stage 0.0 (TID 0) (172.18.0.4,executor 0, partition 0, PROCESS_LOCAL, 9735 bytes)
[2025-08-10T10:06:55.165+0000] {spark_submit.py:579} INFO - 25/08/10 10:06:55 INFO TaskSetManager: Starting task 1.0 in stage 0.0 (TID 1) (172.18.0.4,executor 0, partition 1, PROCESS_LOCAL, 9768 bytes)
[2025-08-10T10:06:59.005+0000] {spark_submit.py:579} INFO - 25/08/10 10:06:59 INFO TaskSetManager: Finished task 0.0 in stage 0.0 (TID 0) in 3854 ms on 172.18.0.4 (executor 0) (1/2)
[2025-08-10T10:06:59.007+0000] {spark_submit.py:579} INFO - 25/08/10 10:06:59 INFO TaskSetManager: Finished task 1.0 in stage 0.0 (TID 1) in 3841 ms on 172.18.0.4 (executor 0) (2/2)
[2025-08-10T10:06:59.008+0000] {spark_submit.py:579} INFO - 25/08/10 10:06:59 INFO TaskSchedulerImpl: Removed TaskSet 0.0 whose tasks have all completed, from pool
[2025-08-10T10:06:59.017+0000] {spark_submit.py:579} INFO - 25/08/10 10:06:59 INFO PythonAccumulatorV2: Connected to AccumulatorServer at host: 127.0.0.1 port: 54661
[2025-08-10T10:06:59.022+0000] {spark_submit.py:579} INFO - 25/08/10 10:06:59 INFO DAGScheduler: ShuffleMapStage 0 (reduceByKey at /opt/***/jobs/python/wordcountjob.py:9) finished in 7602 ms
[2025-08-10T10:06:59.023+0000] {spark_submit.py:579} INFO - 25/08/10 10:06:59 INFO DAGScheduler: looking for newly runnable stages
[2025-08-10T10:06:59.023+0000] {spark_submit.py:579} INFO - 25/08/10 10:06:59 INFO DAGScheduler: running: HashSet()
[2025-08-10T10:06:59.024+0000] {spark_submit.py:579} INFO - 25/08/10 10:06:59 INFO DAGScheduler: waiting: HashSet(ResultStage 1)
[2025-08-10T10:06:59.024+0000] {spark_submit.py:579} INFO - 25/08/10 10:06:59 INFO DAGScheduler: failed: HashSet()
[2025-08-10T10:06:59.026+0000] {spark_submit.py:579} INFO - 25/08/10 10:06:59 INFO DAGScheduler: Submitting ResultStage 1 (PythonRDD[5] at collect at /opt/***/jobs/python/wordcountjob.py:11), which has no missing parents
[2025-08-10T10:06:59.035+0000] {spark_submit.py:579} INFO - 25/08/10 10:06:59 INFO MemoryStore: Block broadcast_1 stored as values in memory (estimated size 9.8 KiB, free 434.4 MiB)
[2025-08-10T10:06:59.045+0000] {spark_submit.py:579} INFO - 25/08/10 10:06:59 INFO MemoryStore: Block broadcast_1_piece0 stored as bytes in memory (estimated size 5.6 KiB, free 434.4 MiB)
[2025-08-10T10:06:59.047+0000] {spark_submit.py:579} INFO - 25/08/10 10:06:59 INFO SparkContext: Created broadcast 1 from broadcast at DAGScheduler.scala:1676
[2025-08-10T10:06:59.050+0000] {spark_submit.py:579} INFO - 25/08/10 10:06:59 INFO DAGScheduler: Submitting 2 missing tasks from ResultStage 1 (PythonRDD[5] at collect at /opt/***/jobs/python/wordcountjob.py:11) (first 15 tasks are for partitions Vector(0, 1))
[2025-08-10T10:06:59.051+0000] {spark_submit.py:579} INFO - 25/08/10 10:06:59 INFO TaskSchedulerImpl: Adding task set 1.0 with 2 tasks resource profile 0
[2025-08-10T10:06:59.058+0000] {spark_submit.py:579} INFO - 25/08/10 10:06:59 INFO TaskSetManager: Starting task 0.0 in stage 1.0 (TID 2) (172.18.0.4,executor 0, partition 0, NODE_LOCAL, 9453 bytes)
[2025-08-10T10:06:59.061+0000] {spark_submit.py:579} INFO - 25/08/10 10:06:59 INFO TaskSetManager: Starting task 1.0 in stage 1.0 (TID 3) (172.18.0.4,executor 0, partition 1, NODE_LOCAL, 9453 bytes)
[2025-08-10T10:06:59.205+0000] {spark_submit.py:579} INFO - 25/08/10 10:06:59 INFO MapOutputTrackerMasterEndpoint: Asked to send map output locations for shuffle 0 to 172.18.0.4:45792
[2025-08-10T10:06:59.584+0000] {spark_submit.py:579} INFO - 25/08/10 10:06:59 INFO TaskSetManager: Finished task 1.0 in stage 1.0 (TID 3) in 523 ms on 172.18.0.4 (executor 0) (1/2)
[2025-08-10T10:06:59.637+0000] {spark_submit.py:579} INFO - 25/08/10 10:06:59 INFO TaskSetManager: Finished task 0.0 in stage 1.0 (TID 2) in 583 ms on 172.18.0.4 (executor 0) (2/2)
[2025-08-10T10:06:59.638+0000] {spark_submit.py:579} INFO - 25/08/10 10:06:59 INFO TaskSchedulerImpl: Removed TaskSet 1.0 whose tasks have all completed, from pool
[2025-08-10T10:06:59.638+0000] {spark_submit.py:579} INFO - 25/08/10 10:06:59 INFO DAGScheduler: ResultStage 1 (collect at /opt/***/jobs/python/wordcountjob.py:11) finished in 605 ms
[2025-08-10T10:06:59.642+0000] {spark_submit.py:579} INFO - 25/08/10 10:06:59 INFO DAGScheduler: Job 0 is finished. Cancelling potential speculative or zombie tasks for this job
[2025-08-10T10:06:59.642+0000] {spark_submit.py:579} INFO - 25/08/10 10:06:59 INFO TaskSchedulerImpl: Canceling stage 1
[2025-08-10T10:06:59.643+0000] {spark_submit.py:579} INFO - 25/08/10 10:06:59 INFO TaskSchedulerImpl: Killing all running tasks in stage 1: Stage finished
[2025-08-10T10:06:59.646+0000] {spark_submit.py:579} INFO - 25/08/10 10:06:59 INFO DAGScheduler: Job 0 finished: collect at /opt/***/jobs/python/wordcountjob.py:11, took 8293.145577 ms
[2025-08-10T10:06:59.663+0000] {spark_submit.py:579} INFO - Hello 5
[2025-08-10T10:06:59.664+0000] {spark_submit.py:579} INFO - Spark 1
[2025-08-10T10:06:59.664+0000] {spark_submit.py:579} INFO - Python 1
[2025-08-10T10:06:59.665+0000] {spark_submit.py:579} INFO - Airflow 1
[2025-08-10T10:06:59.665+0000] {spark_submit.py:579} INFO - Docker 1
[2025-08-10T10:06:59.665+0000] {spark_submit.py:579} INFO - and 1
[2025-08-10T10:06:59.665+0000] {spark_submit.py:579} INFO - Yusuf 1
[2025-08-10T10:06:59.666+0000] {spark_submit.py:579} INFO - 25/08/10 10:06:59 INFO SparkContext: SparkContext is stopping with exitCode 0 from stop at NativeMethodAccessorImpl.java:0.
[2025-08-10T10:06:59.678+0000] {spark_submit.py:579} INFO - 25/08/10 10:06:59 INFO SparkUI: Stopped Spark web UI at http://08d0cfb138c0:4040
[2025-08-10T10:06:59.681+0000] {spark_submit.py:579} INFO - 25/08/10 10:06:59 INFO StandaloneSchedulerBackend: Shutting down all executors
[2025-08-10T10:06:59.682+0000] {spark_submit.py:579} INFO - 25/08/10 10:06:59 INFO StandaloneSchedulerBackend$StandaloneDriverEndpoint: Asking each executor to shut down
[2025-08-10T10:06:59.698+0000] {spark_submit.py:579} INFO - 25/08/10 10:06:59 INFO MapOutputTrackerMasterEndpoint: MapOutputTrackerMasterEndpoint stopped!
[2025-08-10T10:06:59.744+0000] {spark_submit.py:579} INFO - 25/08/10 10:06:59 INFO MemoryStore: MemoryStore cleared
[2025-08-10T10:06:59.745+0000] {spark_submit.py:579} INFO - 25/08/10 10:06:59 INFO BlockManager: BlockManager stopped
[2025-08-10T10:06:59.754+0000] {spark_submit.py:579} INFO - 25/08/10 10:06:59 INFO BlockManagerMaster: BlockManagerMaster stopped
[2025-08-10T10:06:59.757+0000] {spark_submit.py:579} INFO - 25/08/10 10:06:59 INFO OutputCommitCoordinator$OutputCommitCoordinatorEndpoint: OutputCommitCoordinator stopped!
[2025-08-10T10:06:59.778+0000] {spark_submit.py:579} INFO - 25/08/10 10:06:59 INFO SparkContext: Successfully stopped SparkContext
[2025-08-10T10:07:00.745+0000] {spark_submit.py:579} INFO - 25/08/10 10:07:00 INFO ShutdownHookManager: Shutdown hook called
[2025-08-10T10:07:00.746+0000] {spark_submit.py:579} INFO - 25/08/10 10:07:00 INFO ShutdownHookManager: Deleting directory /tmp/spark-7342699b-76b0-4c77-88f5-7933dd31a679
[2025-08-10T10:07:00.756+0000] {spark_submit.py:579} INFO - 25/08/10 10:07:00 INFO ShutdownHookManager: Deleting directory /tmp/spark-10a80b53-d289-4c7b-806c-89fc340adfee/pyspark-0d4d3a98-6de1-4ed8-b3af-9d9d2b1cff87
[2025-08-10T10:07:00.763+0000] {spark_submit.py:579} INFO - 25/08/10 10:07:00 INFO ShutdownHookManager: Deleting directory /tmp/spark-10a80b53-d289-4c7b-806c-89fc340adfee
[2025-08-10T10:07:00.809+0000] {taskinstance.py:1398} INFO - Marking task as SUCCESS. dag_id=sparking_flow, task_id=python_job, execution_date=20250810T100642, start_date=20250810T100644, end_date=20250810T100700
[2025-08-10T10:07:00.866+0000] {local_task_job_runner.py:228} INFO - Task exited with return code 0
[2025-08-10T10:07:00.887+0000] {taskinstance.py:2776} INFO - 1 downstream tasks scheduled from follow-on schedule check
