[2025-08-10T06:13:26.128+0000] {taskinstance.py:1157} INFO - Dependencies all met for dep_context=non-requeueable deps ti=<TaskInstance: sparking_flow.python_job manual__2025-08-10T06:13:22.866148+00:00 [queued]>
[2025-08-10T06:13:26.136+0000] {taskinstance.py:1157} INFO - Dependencies all met for dep_context=requeueable deps ti=<TaskInstance: sparking_flow.python_job manual__2025-08-10T06:13:22.866148+00:00 [queued]>
[2025-08-10T06:13:26.136+0000] {taskinstance.py:1359} INFO - Starting attempt 1 of 1
[2025-08-10T06:13:26.149+0000] {taskinstance.py:1380} INFO - Executing <Task(SparkSubmitOperator): python_job> on 2025-08-10 06:13:22.866148+00:00
[2025-08-10T06:13:26.159+0000] {standard_task_runner.py:57} INFO - Started process 5100 to run task
[2025-08-10T06:13:26.163+0000] {standard_task_runner.py:84} INFO - Running: ['***', 'tasks', 'run', 'sparking_flow', 'python_job', 'manual__2025-08-10T06:13:22.866148+00:00', '--job-id', '15', '--raw', '--subdir', 'DAGS_FOLDER/spark_***.py', '--cfg-path', '/tmp/tmpq53cgi01']
[2025-08-10T06:13:26.167+0000] {standard_task_runner.py:85} INFO - Job 15: Subtask python_job
[2025-08-10T06:13:26.235+0000] {task_command.py:415} INFO - Running <TaskInstance: sparking_flow.python_job manual__2025-08-10T06:13:22.866148+00:00 [running]> on host 95fb1ebfe85f
[2025-08-10T06:13:26.332+0000] {taskinstance.py:1660} INFO - Exporting env vars: AIRFLOW_CTX_DAG_OWNER='Yusuf Ganiyu' AIRFLOW_CTX_DAG_ID='sparking_flow' AIRFLOW_CTX_TASK_ID='python_job' AIRFLOW_CTX_EXECUTION_DATE='2025-08-10T06:13:22.866148+00:00' AIRFLOW_CTX_TRY_NUMBER='1' AIRFLOW_CTX_DAG_RUN_ID='manual__2025-08-10T06:13:22.866148+00:00'
[2025-08-10T06:13:26.347+0000] {base.py:73} INFO - Using connection ID 'spark-conn' for task execution.
[2025-08-10T06:13:26.349+0000] {spark_submit.py:403} INFO - Spark-Submit cmd: spark-submit --master sparkling-spark-master-1 --name arrow-spark --deploy-mode client jobs/python/wordcountjob.py
[2025-08-10T06:13:27.041+0000] {spark_submit.py:579} INFO - WARNING: Using incubator modules: jdk.incubator.vector
[2025-08-10T06:13:30.659+0000] {spark_submit.py:579} INFO - Using Spark's default log4j profile: org/apache/spark/log4j2-defaults.properties
[2025-08-10T06:13:30.669+0000] {spark_submit.py:579} INFO - 25/08/10 06:13:30 INFO SparkContext: Running Spark version 4.0.0
[2025-08-10T06:13:30.673+0000] {spark_submit.py:579} INFO - 25/08/10 06:13:30 INFO SparkContext: OS info Linux, 6.6.87.2-microsoft-standard-WSL2, amd64
[2025-08-10T06:13:30.673+0000] {spark_submit.py:579} INFO - 25/08/10 06:13:30 INFO SparkContext: Java version 17.0.15
[2025-08-10T06:13:30.749+0000] {spark_submit.py:579} INFO - 25/08/10 06:13:30 WARN NativeCodeLoader: Unable to load native-hadoop library for your platform... using builtin-java classes where applicable
[2025-08-10T06:13:30.799+0000] {spark_submit.py:579} INFO - 25/08/10 06:13:30 INFO ResourceUtils: ==============================================================
[2025-08-10T06:13:30.800+0000] {spark_submit.py:579} INFO - 25/08/10 06:13:30 INFO ResourceUtils: No custom resources configured for spark.driver.
[2025-08-10T06:13:30.800+0000] {spark_submit.py:579} INFO - 25/08/10 06:13:30 INFO ResourceUtils: ==============================================================
[2025-08-10T06:13:30.801+0000] {spark_submit.py:579} INFO - 25/08/10 06:13:30 INFO SparkContext: Submitted application: PythonWordCount
[2025-08-10T06:13:30.821+0000] {spark_submit.py:579} INFO - 25/08/10 06:13:30 INFO ResourceProfile: Default ResourceProfile created, executor resources: Map(cores -> name: cores, amount: 1, script: , vendor: , memory -> name: memory, amount: 1024, script: , vendor: , offHeap -> name: offHeap, amount: 0, script: , vendor: ), task resources: Map(cpus -> name: cpus, amount: 1.0)
[2025-08-10T06:13:30.823+0000] {spark_submit.py:579} INFO - 25/08/10 06:13:30 INFO ResourceProfile: Limiting resource is cpu
[2025-08-10T06:13:30.824+0000] {spark_submit.py:579} INFO - 25/08/10 06:13:30 INFO ResourceProfileManager: Added ResourceProfile id: 0
[2025-08-10T06:13:30.865+0000] {spark_submit.py:579} INFO - 25/08/10 06:13:30 INFO SecurityManager: Changing view acls to: ***
[2025-08-10T06:13:30.866+0000] {spark_submit.py:579} INFO - 25/08/10 06:13:30 INFO SecurityManager: Changing modify acls to: ***
[2025-08-10T06:13:30.866+0000] {spark_submit.py:579} INFO - 25/08/10 06:13:30 INFO SecurityManager: Changing view acls groups to: ***
[2025-08-10T06:13:30.867+0000] {spark_submit.py:579} INFO - 25/08/10 06:13:30 INFO SecurityManager: Changing modify acls groups to: ***
[2025-08-10T06:13:30.869+0000] {spark_submit.py:579} INFO - 25/08/10 06:13:30 INFO SecurityManager: SecurityManager: authentication disabled; ui acls disabled; users with view permissions: *** groups with view permissions: EMPTY; users with modify permissions: ***; groups with modify permissions: EMPTY; RPC SSL disabled
[2025-08-10T06:13:31.083+0000] {spark_submit.py:579} INFO - 25/08/10 06:13:31 INFO Utils: Successfully started service 'sparkDriver' on port 36089.
[2025-08-10T06:13:31.107+0000] {spark_submit.py:579} INFO - 25/08/10 06:13:31 INFO SparkEnv: Registering MapOutputTracker
[2025-08-10T06:13:31.118+0000] {spark_submit.py:579} INFO - 25/08/10 06:13:31 INFO SparkEnv: Registering BlockManagerMaster
[2025-08-10T06:13:31.133+0000] {spark_submit.py:579} INFO - 25/08/10 06:13:31 INFO BlockManagerMasterEndpoint: Using org.apache.spark.storage.DefaultTopologyMapper for getting topology information
[2025-08-10T06:13:31.134+0000] {spark_submit.py:579} INFO - 25/08/10 06:13:31 INFO BlockManagerMasterEndpoint: BlockManagerMasterEndpoint up
[2025-08-10T06:13:31.137+0000] {spark_submit.py:579} INFO - 25/08/10 06:13:31 INFO SparkEnv: Registering BlockManagerMasterHeartbeat
[2025-08-10T06:13:31.157+0000] {spark_submit.py:579} INFO - 25/08/10 06:13:31 INFO DiskBlockManager: Created local directory at /tmp/blockmgr-d549c190-c858-4ad6-baae-96dc907cd1e3
[2025-08-10T06:13:31.178+0000] {spark_submit.py:579} INFO - 25/08/10 06:13:31 INFO SparkEnv: Registering OutputCommitCoordinator
[2025-08-10T06:13:31.292+0000] {spark_submit.py:579} INFO - 25/08/10 06:13:31 INFO JettyUtils: Start Jetty 0.0.0.0:4040 for SparkUI
[2025-08-10T06:13:31.349+0000] {spark_submit.py:579} INFO - 25/08/10 06:13:31 INFO Utils: Successfully started service 'SparkUI' on port 4040.
[2025-08-10T06:13:31.400+0000] {spark_submit.py:579} INFO - 25/08/10 06:13:31 INFO SecurityManager: Changing view acls to: ***
[2025-08-10T06:13:31.401+0000] {spark_submit.py:579} INFO - 25/08/10 06:13:31 INFO SecurityManager: Changing modify acls to: ***
[2025-08-10T06:13:31.401+0000] {spark_submit.py:579} INFO - 25/08/10 06:13:31 INFO SecurityManager: Changing view acls groups to: ***
[2025-08-10T06:13:31.401+0000] {spark_submit.py:579} INFO - 25/08/10 06:13:31 INFO SecurityManager: Changing modify acls groups to: ***
[2025-08-10T06:13:31.402+0000] {spark_submit.py:579} INFO - 25/08/10 06:13:31 INFO SecurityManager: SecurityManager: authentication disabled; ui acls disabled; users with view permissions: *** groups with view permissions: EMPTY; users with modify permissions: ***; groups with modify permissions: EMPTY; RPC SSL disabled
[2025-08-10T06:13:31.431+0000] {spark_submit.py:579} INFO - 25/08/10 06:13:31 ERROR SparkContext: Error initializing SparkContext.
[2025-08-10T06:13:31.431+0000] {spark_submit.py:579} INFO - org.apache.spark.SparkException: Could not parse Master URL: 'sparkling-spark-master-1'
[2025-08-10T06:13:31.432+0000] {spark_submit.py:579} INFO - at org.apache.spark.SparkContext$.org$apache$spark$SparkContext$$createTaskScheduler(SparkContext.scala:3358)
[2025-08-10T06:13:31.432+0000] {spark_submit.py:579} INFO - at org.apache.spark.SparkContext.<init>(SparkContext.scala:593)
[2025-08-10T06:13:31.432+0000] {spark_submit.py:579} INFO - at org.apache.spark.api.java.JavaSparkContext.<init>(JavaSparkContext.scala:59)
[2025-08-10T06:13:31.432+0000] {spark_submit.py:579} INFO - at java.base/jdk.internal.reflect.NativeConstructorAccessorImpl.newInstance0(Native Method)
[2025-08-10T06:13:31.433+0000] {spark_submit.py:579} INFO - at java.base/jdk.internal.reflect.NativeConstructorAccessorImpl.newInstance(NativeConstructorAccessorImpl.java:77)
[2025-08-10T06:13:31.433+0000] {spark_submit.py:579} INFO - at java.base/jdk.internal.reflect.DelegatingConstructorAccessorImpl.newInstance(DelegatingConstructorAccessorImpl.java:45)
[2025-08-10T06:13:31.433+0000] {spark_submit.py:579} INFO - at java.base/java.lang.reflect.Constructor.newInstanceWithCaller(Constructor.java:500)
[2025-08-10T06:13:31.434+0000] {spark_submit.py:579} INFO - at java.base/java.lang.reflect.Constructor.newInstance(Constructor.java:481)
[2025-08-10T06:13:31.434+0000] {spark_submit.py:579} INFO - at py4j.reflection.MethodInvoker.invoke(MethodInvoker.java:247)
[2025-08-10T06:13:31.434+0000] {spark_submit.py:579} INFO - at py4j.reflection.ReflectionEngine.invoke(ReflectionEngine.java:374)
[2025-08-10T06:13:31.434+0000] {spark_submit.py:579} INFO - at py4j.Gateway.invoke(Gateway.java:238)
[2025-08-10T06:13:31.435+0000] {spark_submit.py:579} INFO - at py4j.commands.ConstructorCommand.invokeConstructor(ConstructorCommand.java:80)
[2025-08-10T06:13:31.435+0000] {spark_submit.py:579} INFO - at py4j.commands.ConstructorCommand.execute(ConstructorCommand.java:69)
[2025-08-10T06:13:31.435+0000] {spark_submit.py:579} INFO - at py4j.ClientServerConnection.waitForCommands(ClientServerConnection.java:184)
[2025-08-10T06:13:31.435+0000] {spark_submit.py:579} INFO - at py4j.ClientServerConnection.run(ClientServerConnection.java:108)
[2025-08-10T06:13:31.436+0000] {spark_submit.py:579} INFO - at java.base/java.lang.Thread.run(Thread.java:840)
[2025-08-10T06:13:31.436+0000] {spark_submit.py:579} INFO - 25/08/10 06:13:31 INFO SparkContext: SparkContext is stopping with exitCode 0 from JavaSparkContext at NativeConstructorAccessorImpl.java:0.
[2025-08-10T06:13:31.444+0000] {spark_submit.py:579} INFO - 25/08/10 06:13:31 INFO SparkUI: Stopped Spark web UI at http://95fb1ebfe85f:4040
[2025-08-10T06:13:31.468+0000] {spark_submit.py:579} INFO - 25/08/10 06:13:31 INFO MapOutputTrackerMasterEndpoint: MapOutputTrackerMasterEndpoint stopped!
[2025-08-10T06:13:31.507+0000] {spark_submit.py:579} INFO - 25/08/10 06:13:31 INFO MemoryStore: MemoryStore started with capacity 434.4 MiB
[2025-08-10T06:13:31.509+0000] {spark_submit.py:579} INFO - 25/08/10 06:13:31 INFO MemoryStore: MemoryStore cleared
[2025-08-10T06:13:31.510+0000] {spark_submit.py:579} INFO - 25/08/10 06:13:31 INFO BlockManager: BlockManager stopped
[2025-08-10T06:13:31.515+0000] {spark_submit.py:579} INFO - 25/08/10 06:13:31 INFO BlockManagerMaster: BlockManagerMaster stopped
[2025-08-10T06:13:31.516+0000] {spark_submit.py:579} INFO - 25/08/10 06:13:31 WARN MetricsSystem: Stopping a MetricsSystem that is not running
[2025-08-10T06:13:31.518+0000] {spark_submit.py:579} INFO - 25/08/10 06:13:31 INFO OutputCommitCoordinator$OutputCommitCoordinatorEndpoint: OutputCommitCoordinator stopped!
[2025-08-10T06:13:31.550+0000] {spark_submit.py:579} INFO - 25/08/10 06:13:31 INFO SparkContext: Successfully stopped SparkContext
[2025-08-10T06:13:31.551+0000] {spark_submit.py:579} INFO - Traceback (most recent call last):
[2025-08-10T06:13:31.551+0000] {spark_submit.py:579} INFO - File "/opt/***/jobs/python/wordcountjob.py", line 3, in <module>
[2025-08-10T06:13:31.553+0000] {spark_submit.py:579} INFO - spark = SparkSession.builder.appName("PythonWordCount").getOrCreate()
[2025-08-10T06:13:31.554+0000] {spark_submit.py:579} INFO - File "/home/***/.local/lib/python3.10/site-packages/pyspark/python/lib/pyspark.zip/pyspark/sql/session.py", line 556, in getOrCreate
[2025-08-10T06:13:31.554+0000] {spark_submit.py:579} INFO - File "/home/***/.local/lib/python3.10/site-packages/pyspark/python/lib/pyspark.zip/pyspark/core/context.py", line 523, in getOrCreate
[2025-08-10T06:13:31.555+0000] {spark_submit.py:579} INFO - File "/home/***/.local/lib/python3.10/site-packages/pyspark/python/lib/pyspark.zip/pyspark/core/context.py", line 207, in __init__
[2025-08-10T06:13:31.555+0000] {spark_submit.py:579} INFO - File "/home/***/.local/lib/python3.10/site-packages/pyspark/python/lib/pyspark.zip/pyspark/core/context.py", line 300, in _do_init
[2025-08-10T06:13:31.556+0000] {spark_submit.py:579} INFO - File "/home/***/.local/lib/python3.10/site-packages/pyspark/python/lib/pyspark.zip/pyspark/core/context.py", line 429, in _initialize_context
[2025-08-10T06:13:31.556+0000] {spark_submit.py:579} INFO - File "/home/***/.local/lib/python3.10/site-packages/pyspark/python/lib/py4j-0.10.9.9-src.zip/py4j/java_gateway.py", line 1627, in __call__
[2025-08-10T06:13:31.557+0000] {spark_submit.py:579} INFO - File "/home/***/.local/lib/python3.10/site-packages/pyspark/python/lib/py4j-0.10.9.9-src.zip/py4j/protocol.py", line 327, in get_return_value
[2025-08-10T06:13:31.558+0000] {spark_submit.py:579} INFO - py4j.protocol.Py4JJavaError: An error occurred while calling None.org.apache.spark.api.java.JavaSparkContext.
[2025-08-10T06:13:31.558+0000] {spark_submit.py:579} INFO - : org.apache.spark.SparkException: Could not parse Master URL: 'sparkling-spark-master-1'
[2025-08-10T06:13:31.558+0000] {spark_submit.py:579} INFO - at org.apache.spark.SparkContext$.org$apache$spark$SparkContext$$createTaskScheduler(SparkContext.scala:3358)
[2025-08-10T06:13:31.559+0000] {spark_submit.py:579} INFO - at org.apache.spark.SparkContext.<init>(SparkContext.scala:593)
[2025-08-10T06:13:31.559+0000] {spark_submit.py:579} INFO - at org.apache.spark.api.java.JavaSparkContext.<init>(JavaSparkContext.scala:59)
[2025-08-10T06:13:31.559+0000] {spark_submit.py:579} INFO - at java.base/jdk.internal.reflect.NativeConstructorAccessorImpl.newInstance0(Native Method)
[2025-08-10T06:13:31.560+0000] {spark_submit.py:579} INFO - at java.base/jdk.internal.reflect.NativeConstructorAccessorImpl.newInstance(NativeConstructorAccessorImpl.java:77)
[2025-08-10T06:13:31.560+0000] {spark_submit.py:579} INFO - at java.base/jdk.internal.reflect.DelegatingConstructorAccessorImpl.newInstance(DelegatingConstructorAccessorImpl.java:45)
[2025-08-10T06:13:31.560+0000] {spark_submit.py:579} INFO - at java.base/java.lang.reflect.Constructor.newInstanceWithCaller(Constructor.java:500)
[2025-08-10T06:13:31.560+0000] {spark_submit.py:579} INFO - at java.base/java.lang.reflect.Constructor.newInstance(Constructor.java:481)
[2025-08-10T06:13:31.561+0000] {spark_submit.py:579} INFO - at py4j.reflection.MethodInvoker.invoke(MethodInvoker.java:247)
[2025-08-10T06:13:31.561+0000] {spark_submit.py:579} INFO - at py4j.reflection.ReflectionEngine.invoke(ReflectionEngine.java:374)
[2025-08-10T06:13:31.561+0000] {spark_submit.py:579} INFO - at py4j.Gateway.invoke(Gateway.java:238)
[2025-08-10T06:13:31.561+0000] {spark_submit.py:579} INFO - at py4j.commands.ConstructorCommand.invokeConstructor(ConstructorCommand.java:80)
[2025-08-10T06:13:31.561+0000] {spark_submit.py:579} INFO - at py4j.commands.ConstructorCommand.execute(ConstructorCommand.java:69)
[2025-08-10T06:13:31.562+0000] {spark_submit.py:579} INFO - at py4j.ClientServerConnection.waitForCommands(ClientServerConnection.java:184)
[2025-08-10T06:13:31.562+0000] {spark_submit.py:579} INFO - at py4j.ClientServerConnection.run(ClientServerConnection.java:108)
[2025-08-10T06:13:31.562+0000] {spark_submit.py:579} INFO - at java.base/java.lang.Thread.run(Thread.java:840)
[2025-08-10T06:13:31.562+0000] {spark_submit.py:579} INFO - 
[2025-08-10T06:13:31.646+0000] {spark_submit.py:579} INFO - 25/08/10 06:13:31 INFO ShutdownHookManager: Shutdown hook called
[2025-08-10T06:13:31.647+0000] {spark_submit.py:579} INFO - 25/08/10 06:13:31 INFO ShutdownHookManager: Deleting directory /tmp/spark-c790ab63-c35e-40f4-af2e-16c5ed03d141
[2025-08-10T06:13:31.665+0000] {spark_submit.py:579} INFO - 25/08/10 06:13:31 INFO ShutdownHookManager: Deleting directory /tmp/spark-9e9ab6e1-89d0-47f7-a2ab-3efe3cc799bf
[2025-08-10T06:13:31.727+0000] {taskinstance.py:1935} ERROR - Task failed with exception
Traceback (most recent call last):
  File "/home/airflow/.local/lib/python3.10/site-packages/airflow/providers/apache/spark/operators/spark_submit.py", line 174, in execute
    self._hook.submit(self.application)
  File "/home/airflow/.local/lib/python3.10/site-packages/airflow/providers/apache/spark/hooks/spark_submit.py", line 505, in submit
    raise AirflowException(
airflow.exceptions.AirflowException: Cannot execute: spark-submit --master sparkling-spark-master-1 --name arrow-spark --deploy-mode client jobs/python/wordcountjob.py. Error code is: 1.
[2025-08-10T06:13:31.731+0000] {taskinstance.py:1398} INFO - Marking task as FAILED. dag_id=sparking_flow, task_id=python_job, execution_date=20250810T061322, start_date=20250810T061326, end_date=20250810T061331
[2025-08-10T06:13:31.740+0000] {standard_task_runner.py:104} ERROR - Failed to execute job 15 for task python_job (Cannot execute: spark-submit --master sparkling-spark-master-1 --name arrow-spark --deploy-mode client jobs/python/wordcountjob.py. Error code is: 1.; 5100)
[2025-08-10T06:13:31.752+0000] {local_task_job_runner.py:228} INFO - Task exited with return code 1
[2025-08-10T06:13:31.773+0000] {taskinstance.py:2776} INFO - 0 downstream tasks scheduled from follow-on schedule check
