[2025-08-31T14:00:01.510+0000] {taskinstance.py:1157} INFO - Dependencies all met for dep_context=non-requeueable deps ti=<TaskInstance: sparking_flow.start scheduled__2025-08-31T12:00:00+00:00 [queued]>
[2025-08-31T14:00:01.518+0000] {taskinstance.py:1157} INFO - Dependencies all met for dep_context=requeueable deps ti=<TaskInstance: sparking_flow.start scheduled__2025-08-31T12:00:00+00:00 [queued]>
[2025-08-31T14:00:01.519+0000] {taskinstance.py:1359} INFO - Starting attempt 1 of 1
[2025-08-31T14:00:01.531+0000] {taskinstance.py:1380} INFO - Executing <Task(PythonOperator): start> on 2025-08-31 12:00:00+00:00
[2025-08-31T14:00:01.536+0000] {standard_task_runner.py:57} INFO - Started process 2909 to run task
[2025-08-31T14:00:01.540+0000] {standard_task_runner.py:84} INFO - Running: ['***', 'tasks', 'run', 'sparking_flow', 'start', 'scheduled__2025-08-31T12:00:00+00:00', '--job-id', '40', '--raw', '--subdir', 'DAGS_FOLDER/spark_***.py', '--cfg-path', '/tmp/tmp53hu1npc']
[2025-08-31T14:00:01.544+0000] {standard_task_runner.py:85} INFO - Job 40: Subtask start
[2025-08-31T14:00:01.614+0000] {task_command.py:415} INFO - Running <TaskInstance: sparking_flow.start scheduled__2025-08-31T12:00:00+00:00 [running]> on host f7da00c682c4
[2025-08-31T14:00:01.696+0000] {taskinstance.py:1660} INFO - Exporting env vars: AIRFLOW_CTX_DAG_OWNER='Kudzaishe Manyanya' AIRFLOW_CTX_DAG_ID='sparking_flow' AIRFLOW_CTX_TASK_ID='start' AIRFLOW_CTX_EXECUTION_DATE='2025-08-31T12:00:00+00:00' AIRFLOW_CTX_TRY_NUMBER='1' AIRFLOW_CTX_DAG_RUN_ID='scheduled__2025-08-31T12:00:00+00:00'
[2025-08-31T14:00:01.698+0000] {logging_mixin.py:151} INFO - Jobs started
[2025-08-31T14:00:01.698+0000] {python.py:194} INFO - Done. Returned value was: None
[2025-08-31T14:00:01.709+0000] {taskinstance.py:1398} INFO - Marking task as SUCCESS. dag_id=sparking_flow, task_id=start, execution_date=20250831T120000, start_date=20250831T140001, end_date=20250831T140001
[2025-08-31T14:00:01.754+0000] {local_task_job_runner.py:228} INFO - Task exited with return code 0
[2025-08-31T14:00:01.805+0000] {taskinstance.py:2776} INFO - 1 downstream tasks scheduled from follow-on schedule check
[2025-09-01T18:54:16.297+0000] {taskinstance.py:1157} INFO - Dependencies all met for dep_context=non-requeueable deps ti=<TaskInstance: sparking_flow.start scheduled__2025-08-31T12:00:00+00:00 [queued]>
[2025-09-01T18:54:16.349+0000] {taskinstance.py:1157} INFO - Dependencies all met for dep_context=requeueable deps ti=<TaskInstance: sparking_flow.start scheduled__2025-08-31T12:00:00+00:00 [queued]>
[2025-09-01T18:54:16.350+0000] {taskinstance.py:1359} INFO - Starting attempt 1 of 1
[2025-09-01T18:54:16.495+0000] {taskinstance.py:1380} INFO - Executing <Task(PythonOperator): start> on 2025-08-31 12:00:00+00:00
[2025-09-01T18:54:16.883+0000] {standard_task_runner.py:57} INFO - Started process 225 to run task
[2025-09-01T18:54:16.957+0000] {standard_task_runner.py:84} INFO - Running: ['***', 'tasks', 'run', 'sparking_flow', 'start', 'scheduled__2025-08-31T12:00:00+00:00', '--job-id', '12', '--raw', '--subdir', 'DAGS_FOLDER/spark_***.py', '--cfg-path', '/tmp/tmpuekyn6fs']
[2025-09-01T18:54:16.989+0000] {standard_task_runner.py:85} INFO - Job 12: Subtask start
[2025-09-01T18:54:17.412+0000] {task_command.py:415} INFO - Running <TaskInstance: sparking_flow.start scheduled__2025-08-31T12:00:00+00:00 [running]> on host 7b2a3a75c36f
[2025-09-01T18:54:17.695+0000] {taskinstance.py:1660} INFO - Exporting env vars: AIRFLOW_CTX_DAG_OWNER='Kudzaishe Manyanya' AIRFLOW_CTX_DAG_ID='sparking_flow' AIRFLOW_CTX_TASK_ID='start' AIRFLOW_CTX_EXECUTION_DATE='2025-08-31T12:00:00+00:00' AIRFLOW_CTX_TRY_NUMBER='1' AIRFLOW_CTX_DAG_RUN_ID='scheduled__2025-08-31T12:00:00+00:00'
[2025-09-01T18:54:17.703+0000] {logging_mixin.py:151} INFO - Jobs started
[2025-09-01T18:54:17.706+0000] {python.py:194} INFO - Done. Returned value was: None
[2025-09-01T18:54:17.738+0000] {taskinstance.py:1398} INFO - Marking task as SUCCESS. dag_id=sparking_flow, task_id=start, execution_date=20250831T120000, start_date=20250901T185416, end_date=20250901T185417
[2025-09-01T18:54:17.849+0000] {local_task_job_runner.py:228} INFO - Task exited with return code 0
[2025-09-01T18:54:18.185+0000] {taskinstance.py:2776} INFO - 0 downstream tasks scheduled from follow-on schedule check
