[2025-09-01T18:55:31.704+0000] {taskinstance.py:1157} INFO - Dependencies all met for dep_context=non-requeueable deps ti=<TaskInstance: sparking_flow.python_job manual__2025-09-01T18:55:29.041892+00:00 [queued]>
[2025-09-01T18:55:31.713+0000] {taskinstance.py:1157} INFO - Dependencies all met for dep_context=requeueable deps ti=<TaskInstance: sparking_flow.python_job manual__2025-09-01T18:55:29.041892+00:00 [queued]>
[2025-09-01T18:55:31.714+0000] {taskinstance.py:1359} INFO - Starting attempt 1 of 1
[2025-09-01T18:55:31.725+0000] {taskinstance.py:1380} INFO - Executing <Task(SparkSubmitOperator): python_job> on 2025-09-01 18:55:29.041892+00:00
[2025-09-01T18:55:31.730+0000] {standard_task_runner.py:57} INFO - Started process 1372 to run task
[2025-09-01T18:55:31.733+0000] {standard_task_runner.py:84} INFO - Running: ['***', 'tasks', 'run', 'sparking_flow', 'python_job', 'manual__2025-09-01T18:55:29.041892+00:00', '--job-id', '47', '--raw', '--subdir', 'DAGS_FOLDER/spark_***.py', '--cfg-path', '/tmp/tmpq04dx7ez']
[2025-09-01T18:55:31.735+0000] {standard_task_runner.py:85} INFO - Job 47: Subtask python_job
[2025-09-01T18:55:31.808+0000] {task_command.py:415} INFO - Running <TaskInstance: sparking_flow.python_job manual__2025-09-01T18:55:29.041892+00:00 [running]> on host 7b2a3a75c36f
[2025-09-01T18:55:31.900+0000] {taskinstance.py:1660} INFO - Exporting env vars: AIRFLOW_CTX_DAG_OWNER='Kudzaishe Manyanya' AIRFLOW_CTX_DAG_ID='sparking_flow' AIRFLOW_CTX_TASK_ID='python_job' AIRFLOW_CTX_EXECUTION_DATE='2025-09-01T18:55:29.041892+00:00' AIRFLOW_CTX_TRY_NUMBER='1' AIRFLOW_CTX_DAG_RUN_ID='manual__2025-09-01T18:55:29.041892+00:00'
[2025-09-01T18:55:31.914+0000] {base.py:73} INFO - Using connection ID 'spark-conn' for task execution.
[2025-09-01T18:55:31.915+0000] {spark_submit.py:403} INFO - Spark-Submit cmd: spark-submit --master spark://spark-master:7077 --jars /opt/spark/external-jars/apache-spark-sql-connector.jar --name arrow-spark --deploy-mode client jobs/python/wordcountjob.py
[2025-09-01T18:55:32.307+0000] {spark_submit.py:579} INFO - WARNING: Using incubator modules: jdk.incubator.vector
[2025-09-01T18:55:34.242+0000] {spark_submit.py:579} INFO - 25/09/01 18:55:34 WARN NativeCodeLoader: Unable to load native-hadoop library for your platform... using builtin-java classes where applicable
[2025-09-01T18:55:37.675+0000] {spark_submit.py:579} INFO - Using Spark's default log4j profile: org/apache/spark/log4j2-defaults.properties
[2025-09-01T18:55:37.681+0000] {spark_submit.py:579} INFO - 25/09/01 18:55:37 INFO SparkContext: Running Spark version 4.0.0
[2025-09-01T18:55:37.683+0000] {spark_submit.py:579} INFO - 25/09/01 18:55:37 INFO SparkContext: OS info Linux, 6.6.87.2-microsoft-standard-WSL2, amd64
[2025-09-01T18:55:37.684+0000] {spark_submit.py:579} INFO - 25/09/01 18:55:37 INFO SparkContext: Java version 17.0.15
[2025-09-01T18:55:37.715+0000] {spark_submit.py:579} INFO - 25/09/01 18:55:37 INFO ResourceUtils: ==============================================================
[2025-09-01T18:55:37.716+0000] {spark_submit.py:579} INFO - 25/09/01 18:55:37 INFO ResourceUtils: No custom resources configured for spark.driver.
[2025-09-01T18:55:37.716+0000] {spark_submit.py:579} INFO - 25/09/01 18:55:37 INFO ResourceUtils: ==============================================================
[2025-09-01T18:55:37.717+0000] {spark_submit.py:579} INFO - 25/09/01 18:55:37 INFO SparkContext: Submitted application: PythonWordCount
[2025-09-01T18:55:37.749+0000] {spark_submit.py:579} INFO - 25/09/01 18:55:37 INFO ResourceProfile: Default ResourceProfile created, executor resources: Map(memory -> name: memory, amount: 1024, script: , vendor: , offHeap -> name: offHeap, amount: 0, script: , vendor: ), task resources: Map(cpus -> name: cpus, amount: 1.0)
[2025-09-01T18:55:37.754+0000] {spark_submit.py:579} INFO - 25/09/01 18:55:37 INFO ResourceProfile: Limiting resource is cpu
[2025-09-01T18:55:37.755+0000] {spark_submit.py:579} INFO - 25/09/01 18:55:37 INFO ResourceProfileManager: Added ResourceProfile id: 0
[2025-09-01T18:55:37.805+0000] {spark_submit.py:579} INFO - 25/09/01 18:55:37 INFO SecurityManager: Changing view acls to: ***
[2025-09-01T18:55:37.806+0000] {spark_submit.py:579} INFO - 25/09/01 18:55:37 INFO SecurityManager: Changing modify acls to: ***
[2025-09-01T18:55:37.807+0000] {spark_submit.py:579} INFO - 25/09/01 18:55:37 INFO SecurityManager: Changing view acls groups to: ***
[2025-09-01T18:55:37.807+0000] {spark_submit.py:579} INFO - 25/09/01 18:55:37 INFO SecurityManager: Changing modify acls groups to: ***
[2025-09-01T18:55:37.809+0000] {spark_submit.py:579} INFO - 25/09/01 18:55:37 INFO SecurityManager: SecurityManager: authentication disabled; ui acls disabled; users with view permissions: *** groups with view permissions: EMPTY; users with modify permissions: ***; groups with modify permissions: EMPTY; RPC SSL disabled
[2025-09-01T18:55:38.055+0000] {spark_submit.py:579} INFO - 25/09/01 18:55:38 INFO Utils: Successfully started service 'sparkDriver' on port 42771.
[2025-09-01T18:55:38.089+0000] {spark_submit.py:579} INFO - 25/09/01 18:55:38 INFO SparkEnv: Registering MapOutputTracker
[2025-09-01T18:55:38.103+0000] {spark_submit.py:579} INFO - 25/09/01 18:55:38 INFO SparkEnv: Registering BlockManagerMaster
[2025-09-01T18:55:38.121+0000] {spark_submit.py:579} INFO - 25/09/01 18:55:38 INFO BlockManagerMasterEndpoint: Using org.apache.spark.storage.DefaultTopologyMapper for getting topology information
[2025-09-01T18:55:38.121+0000] {spark_submit.py:579} INFO - 25/09/01 18:55:38 INFO BlockManagerMasterEndpoint: BlockManagerMasterEndpoint up
[2025-09-01T18:55:38.125+0000] {spark_submit.py:579} INFO - 25/09/01 18:55:38 INFO SparkEnv: Registering BlockManagerMasterHeartbeat
[2025-09-01T18:55:38.150+0000] {spark_submit.py:579} INFO - 25/09/01 18:55:38 INFO DiskBlockManager: Created local directory at /tmp/blockmgr-ae7cfcba-1a71-4627-9f9f-281255feb8ad
[2025-09-01T18:55:38.173+0000] {spark_submit.py:579} INFO - 25/09/01 18:55:38 INFO SparkEnv: Registering OutputCommitCoordinator
[2025-09-01T18:55:38.312+0000] {spark_submit.py:579} INFO - 25/09/01 18:55:38 INFO JettyUtils: Start Jetty 0.0.0.0:4040 for SparkUI
[2025-09-01T18:55:38.375+0000] {spark_submit.py:579} INFO - 25/09/01 18:55:38 INFO Utils: Successfully started service 'SparkUI' on port 4040.
[2025-09-01T18:55:38.410+0000] {spark_submit.py:579} INFO - 25/09/01 18:55:38 INFO SparkContext: Added JAR file:///opt/spark/external-jars/apache-spark-sql-connector.jar at spark://7b2a3a75c36f:42771/jars/apache-spark-sql-connector.jar with timestamp 1756752937669
[2025-09-01T18:55:38.434+0000] {spark_submit.py:579} INFO - 25/09/01 18:55:38 INFO SecurityManager: Changing view acls to: ***
[2025-09-01T18:55:38.434+0000] {spark_submit.py:579} INFO - 25/09/01 18:55:38 INFO SecurityManager: Changing modify acls to: ***
[2025-09-01T18:55:38.435+0000] {spark_submit.py:579} INFO - 25/09/01 18:55:38 INFO SecurityManager: Changing view acls groups to: ***
[2025-09-01T18:55:38.435+0000] {spark_submit.py:579} INFO - 25/09/01 18:55:38 INFO SecurityManager: Changing modify acls groups to: ***
[2025-09-01T18:55:38.436+0000] {spark_submit.py:579} INFO - 25/09/01 18:55:38 INFO SecurityManager: SecurityManager: authentication disabled; ui acls disabled; users with view permissions: *** groups with view permissions: EMPTY; users with modify permissions: ***; groups with modify permissions: EMPTY; RPC SSL disabled
[2025-09-01T18:55:38.584+0000] {spark_submit.py:579} INFO - 25/09/01 18:55:38 INFO StandaloneAppClient$ClientEndpoint: Connecting to master spark://spark-master:7077...
[2025-09-01T18:55:38.629+0000] {spark_submit.py:579} INFO - 25/09/01 18:55:38 INFO TransportClientFactory: Successfully created connection to spark-master/172.18.0.3:7077 after 23 ms (0 ms spent in bootstraps)
[2025-09-01T18:55:39.168+0000] {spark_submit.py:579} INFO - 25/09/01 18:55:39 INFO StandaloneSchedulerBackend: Connected to Spark cluster with app ID app-20250901185539-0000
[2025-09-01T18:55:39.177+0000] {spark_submit.py:579} INFO - 25/09/01 18:55:39 INFO Utils: Successfully started service 'org.apache.spark.network.netty.NettyBlockTransferService' on port 34523.
[2025-09-01T18:55:39.177+0000] {spark_submit.py:579} INFO - 25/09/01 18:55:39 INFO NettyBlockTransferService: Server created on 7b2a3a75c36f:34523
[2025-09-01T18:55:39.178+0000] {spark_submit.py:579} INFO - 25/09/01 18:55:39 INFO BlockManager: Using org.apache.spark.storage.RandomBlockReplicationPolicy for block replication policy
[2025-09-01T18:55:39.194+0000] {spark_submit.py:579} INFO - 25/09/01 18:55:39 INFO BlockManagerMaster: Registering BlockManager BlockManagerId(driver, 7b2a3a75c36f, 34523, None)
[2025-09-01T18:55:39.199+0000] {spark_submit.py:579} INFO - 25/09/01 18:55:39 INFO BlockManagerMasterEndpoint: Registering block manager 7b2a3a75c36f:34523 with 434.4 MiB RAM, BlockManagerId(driver, 7b2a3a75c36f, 34523, None)
[2025-09-01T18:55:39.201+0000] {spark_submit.py:579} INFO - 25/09/01 18:55:39 INFO BlockManagerMaster: Registered BlockManager BlockManagerId(driver, 7b2a3a75c36f, 34523, None)
[2025-09-01T18:55:39.203+0000] {spark_submit.py:579} INFO - 25/09/01 18:55:39 INFO BlockManager: Initialized BlockManager: BlockManagerId(driver, 7b2a3a75c36f, 34523, None)
[2025-09-01T18:55:39.274+0000] {spark_submit.py:579} INFO - 25/09/01 18:55:39 INFO StandaloneAppClient$ClientEndpoint: Executor added: app-20250901185539-0000/0 on worker-20250901185247-172.18.0.4-37919 (172.18.0.4:37919) with 2 core(s)
[2025-09-01T18:55:39.279+0000] {spark_submit.py:579} INFO - 25/09/01 18:55:39 INFO StandaloneSchedulerBackend: Granted executor ID app-20250901185539-0000/0 on hostPort 172.18.0.4:37919 with 2 core(s), 1024.0 MiB RAM
[2025-09-01T18:55:39.318+0000] {spark_submit.py:579} INFO - 25/09/01 18:55:39 INFO StandaloneSchedulerBackend: SchedulerBackend is ready for scheduling beginning after reached minRegisteredResourcesRatio: 0.0
[2025-09-01T18:55:39.957+0000] {spark_submit.py:579} INFO - 25/09/01 18:55:39 INFO StandaloneAppClient$ClientEndpoint: Executor updated: app-20250901185539-0000/0 is now RUNNING
[2025-09-01T18:55:42.812+0000] {spark_submit.py:579} INFO - 25/09/01 18:55:42 INFO StandaloneSchedulerBackend$StandaloneDriverEndpoint: Registered executor NettyRpcEndpointRef(spark-client://Executor) (172.18.0.4:38070) with ID 0, ResourceProfileId 0
[2025-09-01T18:55:42.970+0000] {spark_submit.py:579} INFO - 25/09/01 18:55:42 INFO BlockManagerMasterEndpoint: Registering block manager 172.18.0.4:42025 with 434.4 MiB RAM, BlockManagerId(0, 172.18.0.4, 42025, None)
[2025-09-01T18:55:43.481+0000] {spark_submit.py:579} INFO - dict_keys(['daily', 'daily960', 'live_rapid', 'live_blitz', 'live_bullet', 'live_bughouse', 'live_blitz960', 'live_threecheck', 'live_crazyhouse', 'tactics', 'rush', 'battle'])
[2025-09-01T18:55:44.359+0000] {spark_submit.py:579} INFO - 25/09/01 18:55:44 INFO SharedState: Setting hive.metastore.warehouse.dir ('null') to the value of spark.sql.warehouse.dir.
[2025-09-01T18:55:44.360+0000] {spark_submit.py:579} INFO - 25/09/01 18:55:44 INFO SharedState: Warehouse path is 'file:/opt/***/spark-warehouse'.
[2025-09-01T18:55:47.951+0000] {spark_submit.py:579} INFO - 25/09/01 18:55:47 WARN SparkStringUtils: Truncated the string representation of a plan since it was too large. This behavior can be adjusted by setting 'spark.sql.debug.maxToStringFields'.
[2025-09-01T18:55:48.287+0000] {spark_submit.py:579} INFO - 25/09/01 18:55:48 INFO CodeGenerator: Code generated in 224.403886 ms
[2025-09-01T18:55:48.378+0000] {spark_submit.py:579} INFO - 25/09/01 18:55:48 INFO SparkContext: Starting job: jdbc at NativeMethodAccessorImpl.java:0
[2025-09-01T18:55:48.392+0000] {spark_submit.py:579} INFO - 25/09/01 18:55:48 INFO DAGScheduler: Got job 0 (jdbc at NativeMethodAccessorImpl.java:0) with 2 output partitions
[2025-09-01T18:55:48.393+0000] {spark_submit.py:579} INFO - 25/09/01 18:55:48 INFO DAGScheduler: Final stage: ResultStage 0 (jdbc at NativeMethodAccessorImpl.java:0)
[2025-09-01T18:55:48.395+0000] {spark_submit.py:579} INFO - 25/09/01 18:55:48 INFO DAGScheduler: Parents of final stage: List()
[2025-09-01T18:55:48.397+0000] {spark_submit.py:579} INFO - 25/09/01 18:55:48 INFO DAGScheduler: Missing parents: List()
[2025-09-01T18:55:48.400+0000] {spark_submit.py:579} INFO - 25/09/01 18:55:48 INFO DAGScheduler: Submitting ResultStage 0 (MapPartitionsRDD[53] at jdbc at NativeMethodAccessorImpl.java:0), which has no missing parents
[2025-09-01T18:55:48.464+0000] {spark_submit.py:579} INFO - 25/09/01 18:55:48 INFO MemoryStore: MemoryStore started with capacity 434.4 MiB
[2025-09-01T18:55:48.487+0000] {spark_submit.py:579} INFO - 25/09/01 18:55:48 INFO MemoryStore: Block broadcast_0 stored as values in memory (estimated size 33.8 KiB, free 434.4 MiB)
[2025-09-01T18:55:48.516+0000] {spark_submit.py:579} INFO - 25/09/01 18:55:48 INFO MemoryStore: Block broadcast_0_piece0 stored as bytes in memory (estimated size 14.5 KiB, free 434.4 MiB)
[2025-09-01T18:55:48.522+0000] {spark_submit.py:579} INFO - 25/09/01 18:55:48 INFO SparkContext: Created broadcast 0 from broadcast at DAGScheduler.scala:1676
[2025-09-01T18:55:48.537+0000] {spark_submit.py:579} INFO - 25/09/01 18:55:48 INFO DAGScheduler: Submitting 2 missing tasks from ResultStage 0 (MapPartitionsRDD[53] at jdbc at NativeMethodAccessorImpl.java:0) (first 15 tasks are for partitions Vector(0, 1))
[2025-09-01T18:55:48.548+0000] {spark_submit.py:579} INFO - 25/09/01 18:55:48 INFO TaskSchedulerImpl: Adding task set 0.0 with 2 tasks resource profile 0
[2025-09-01T18:55:48.575+0000] {spark_submit.py:579} INFO - 25/09/01 18:55:48 INFO TaskSetManager: Starting task 0.0 in stage 0.0 (TID 0) (172.18.0.4,executor 0, partition 0, PROCESS_LOCAL, 17687 bytes)
[2025-09-01T18:55:48.578+0000] {spark_submit.py:579} INFO - 25/09/01 18:55:48 INFO TaskSetManager: Starting task 1.0 in stage 0.0 (TID 1) (172.18.0.4,executor 0, partition 1, PROCESS_LOCAL, 17455 bytes)
[2025-09-01T18:55:53.178+0000] {spark_submit.py:579} INFO - 25/09/01 18:55:53 INFO TaskSetManager: Finished task 1.0 in stage 0.0 (TID 1) in 4599 ms on 172.18.0.4 (executor 0) (1/2)
[2025-09-01T18:55:53.182+0000] {spark_submit.py:579} INFO - 25/09/01 18:55:53 INFO PythonAccumulatorV2: Connected to AccumulatorServer at host: 127.0.0.1 port: 44597
[2025-09-01T18:55:53.488+0000] {spark_submit.py:579} INFO - 25/09/01 18:55:53 INFO TaskSetManager: Finished task 0.0 in stage 0.0 (TID 0) in 4927 ms on 172.18.0.4 (executor 0) (2/2)
[2025-09-01T18:55:53.490+0000] {spark_submit.py:579} INFO - 25/09/01 18:55:53 INFO TaskSchedulerImpl: Removed TaskSet 0.0 whose tasks have all completed, from pool
[2025-09-01T18:55:53.491+0000] {spark_submit.py:579} INFO - 25/09/01 18:55:53 INFO DAGScheduler: ResultStage 0 (jdbc at NativeMethodAccessorImpl.java:0) finished in 5078 ms
[2025-09-01T18:55:53.493+0000] {spark_submit.py:579} INFO - 25/09/01 18:55:53 INFO DAGScheduler: Job 0 is finished. Cancelling potential speculative or zombie tasks for this job
[2025-09-01T18:55:53.493+0000] {spark_submit.py:579} INFO - 25/09/01 18:55:53 INFO TaskSchedulerImpl: Canceling stage 0
[2025-09-01T18:55:53.494+0000] {spark_submit.py:579} INFO - 25/09/01 18:55:53 INFO TaskSchedulerImpl: Killing all running tasks in stage 0: Stage finished
[2025-09-01T18:55:53.496+0000] {spark_submit.py:579} INFO - 25/09/01 18:55:53 INFO DAGScheduler: Job 0 finished: jdbc at NativeMethodAccessorImpl.java:0, took 5118.32361 ms
[2025-09-01T18:55:54.522+0000] {spark_submit.py:579} INFO - table daily has been loaded
[2025-09-01T18:55:56.098+0000] {spark_submit.py:579} INFO - 25/09/01 18:55:56 INFO SparkContext: Starting job: jdbc at NativeMethodAccessorImpl.java:0
[2025-09-01T18:55:56.099+0000] {spark_submit.py:579} INFO - 25/09/01 18:55:56 INFO DAGScheduler: Got job 1 (jdbc at NativeMethodAccessorImpl.java:0) with 2 output partitions
[2025-09-01T18:55:56.099+0000] {spark_submit.py:579} INFO - 25/09/01 18:55:56 INFO DAGScheduler: Final stage: ResultStage 1 (jdbc at NativeMethodAccessorImpl.java:0)
[2025-09-01T18:55:56.100+0000] {spark_submit.py:579} INFO - 25/09/01 18:55:56 INFO DAGScheduler: Parents of final stage: List()
[2025-09-01T18:55:56.100+0000] {spark_submit.py:579} INFO - 25/09/01 18:55:56 INFO DAGScheduler: Missing parents: List()
[2025-09-01T18:55:56.100+0000] {spark_submit.py:579} INFO - 25/09/01 18:55:56 INFO DAGScheduler: Submitting ResultStage 1 (MapPartitionsRDD[57] at jdbc at NativeMethodAccessorImpl.java:0), which has no missing parents
[2025-09-01T18:55:56.104+0000] {spark_submit.py:579} INFO - 25/09/01 18:55:56 INFO MemoryStore: Block broadcast_1 stored as values in memory (estimated size 33.8 KiB, free 434.4 MiB)
[2025-09-01T18:55:56.110+0000] {spark_submit.py:579} INFO - 25/09/01 18:55:56 INFO MemoryStore: Block broadcast_1_piece0 stored as bytes in memory (estimated size 14.5 KiB, free 434.4 MiB)
[2025-09-01T18:55:56.111+0000] {spark_submit.py:579} INFO - 25/09/01 18:55:56 INFO SparkContext: Created broadcast 1 from broadcast at DAGScheduler.scala:1676
[2025-09-01T18:55:56.111+0000] {spark_submit.py:579} INFO - 25/09/01 18:55:56 INFO DAGScheduler: Submitting 2 missing tasks from ResultStage 1 (MapPartitionsRDD[57] at jdbc at NativeMethodAccessorImpl.java:0) (first 15 tasks are for partitions Vector(0, 1))
[2025-09-01T18:55:56.112+0000] {spark_submit.py:579} INFO - 25/09/01 18:55:56 INFO TaskSchedulerImpl: Adding task set 1.0 with 2 tasks resource profile 0
[2025-09-01T18:55:56.113+0000] {spark_submit.py:579} INFO - 25/09/01 18:55:56 INFO TaskSetManager: Starting task 0.0 in stage 1.0 (TID 2) (172.18.0.4,executor 0, partition 0, PROCESS_LOCAL, 18049 bytes)
[2025-09-01T18:55:56.114+0000] {spark_submit.py:579} INFO - 25/09/01 18:55:56 INFO TaskSetManager: Starting task 1.0 in stage 1.0 (TID 3) (172.18.0.4,executor 0, partition 1, PROCESS_LOCAL, 17864 bytes)
[2025-09-01T18:55:57.166+0000] {spark_submit.py:579} INFO - 25/09/01 18:55:57 INFO TaskSetManager: Finished task 1.0 in stage 1.0 (TID 3) in 1053 ms on 172.18.0.4 (executor 0) (1/2)
[2025-09-01T18:55:57.167+0000] {spark_submit.py:579} INFO - 25/09/01 18:55:57 INFO TaskSetManager: Finished task 0.0 in stage 1.0 (TID 2) in 1055 ms on 172.18.0.4 (executor 0) (2/2)
[2025-09-01T18:55:57.168+0000] {spark_submit.py:579} INFO - 25/09/01 18:55:57 INFO TaskSchedulerImpl: Removed TaskSet 1.0 whose tasks have all completed, from pool
[2025-09-01T18:55:57.168+0000] {spark_submit.py:579} INFO - 25/09/01 18:55:57 INFO DAGScheduler: ResultStage 1 (jdbc at NativeMethodAccessorImpl.java:0) finished in 1067 ms
[2025-09-01T18:55:57.169+0000] {spark_submit.py:579} INFO - 25/09/01 18:55:57 INFO DAGScheduler: Job 1 is finished. Cancelling potential speculative or zombie tasks for this job
[2025-09-01T18:55:57.169+0000] {spark_submit.py:579} INFO - 25/09/01 18:55:57 INFO TaskSchedulerImpl: Canceling stage 1
[2025-09-01T18:55:57.169+0000] {spark_submit.py:579} INFO - 25/09/01 18:55:57 INFO TaskSchedulerImpl: Killing all running tasks in stage 1: Stage finished
[2025-09-01T18:55:57.170+0000] {spark_submit.py:579} INFO - 25/09/01 18:55:57 INFO DAGScheduler: Job 1 finished: jdbc at NativeMethodAccessorImpl.java:0, took 1070.671479 ms
[2025-09-01T18:55:57.885+0000] {spark_submit.py:579} INFO - table live_rapid has been loaded
[2025-09-01T18:55:58.568+0000] {spark_submit.py:579} INFO - 25/09/01 18:55:58 INFO SparkContext: Starting job: jdbc at NativeMethodAccessorImpl.java:0
[2025-09-01T18:55:58.569+0000] {spark_submit.py:579} INFO - 25/09/01 18:55:58 INFO DAGScheduler: Got job 2 (jdbc at NativeMethodAccessorImpl.java:0) with 2 output partitions
[2025-09-01T18:55:58.569+0000] {spark_submit.py:579} INFO - 25/09/01 18:55:58 INFO DAGScheduler: Final stage: ResultStage 2 (jdbc at NativeMethodAccessorImpl.java:0)
[2025-09-01T18:55:58.569+0000] {spark_submit.py:579} INFO - 25/09/01 18:55:58 INFO DAGScheduler: Parents of final stage: List()
[2025-09-01T18:55:58.570+0000] {spark_submit.py:579} INFO - 25/09/01 18:55:58 INFO DAGScheduler: Missing parents: List()
[2025-09-01T18:55:58.570+0000] {spark_submit.py:579} INFO - 25/09/01 18:55:58 INFO DAGScheduler: Submitting ResultStage 2 (MapPartitionsRDD[61] at jdbc at NativeMethodAccessorImpl.java:0), which has no missing parents
[2025-09-01T18:55:58.573+0000] {spark_submit.py:579} INFO - 25/09/01 18:55:58 INFO MemoryStore: Block broadcast_2 stored as values in memory (estimated size 33.8 KiB, free 434.3 MiB)
[2025-09-01T18:55:58.579+0000] {spark_submit.py:579} INFO - 25/09/01 18:55:58 INFO MemoryStore: Block broadcast_2_piece0 stored as bytes in memory (estimated size 14.5 KiB, free 434.3 MiB)
[2025-09-01T18:55:58.582+0000] {spark_submit.py:579} INFO - 25/09/01 18:55:58 INFO SparkContext: Created broadcast 2 from broadcast at DAGScheduler.scala:1676
[2025-09-01T18:55:58.583+0000] {spark_submit.py:579} INFO - 25/09/01 18:55:58 INFO DAGScheduler: Submitting 2 missing tasks from ResultStage 2 (MapPartitionsRDD[61] at jdbc at NativeMethodAccessorImpl.java:0) (first 15 tasks are for partitions Vector(0, 1))
[2025-09-01T18:55:58.583+0000] {spark_submit.py:579} INFO - 25/09/01 18:55:58 INFO TaskSchedulerImpl: Adding task set 2.0 with 2 tasks resource profile 0
[2025-09-01T18:55:58.585+0000] {spark_submit.py:579} INFO - 25/09/01 18:55:58 INFO TaskSetManager: Starting task 0.0 in stage 2.0 (TID 4) (172.18.0.4,executor 0, partition 0, PROCESS_LOCAL, 18122 bytes)
[2025-09-01T18:55:58.585+0000] {spark_submit.py:579} INFO - 25/09/01 18:55:58 INFO TaskSetManager: Starting task 1.0 in stage 2.0 (TID 5) (172.18.0.4,executor 0, partition 1, PROCESS_LOCAL, 18092 bytes)
[2025-09-01T18:56:00.714+0000] {spark_submit.py:579} INFO - 25/09/01 18:56:00 INFO TaskSetManager: Finished task 1.0 in stage 2.0 (TID 5) in 2128 ms on 172.18.0.4 (executor 0) (1/2)
[2025-09-01T18:56:01.440+0000] {spark_submit.py:579} INFO - 25/09/01 18:56:01 INFO TaskSetManager: Finished task 0.0 in stage 2.0 (TID 4) in 2856 ms on 172.18.0.4 (executor 0) (2/2)
[2025-09-01T18:56:01.441+0000] {spark_submit.py:579} INFO - 25/09/01 18:56:01 INFO TaskSchedulerImpl: Removed TaskSet 2.0 whose tasks have all completed, from pool
[2025-09-01T18:56:01.441+0000] {spark_submit.py:579} INFO - 25/09/01 18:56:01 INFO DAGScheduler: ResultStage 2 (jdbc at NativeMethodAccessorImpl.java:0) finished in 2870 ms
[2025-09-01T18:56:01.442+0000] {spark_submit.py:579} INFO - 25/09/01 18:56:01 INFO DAGScheduler: Job 2 is finished. Cancelling potential speculative or zombie tasks for this job
[2025-09-01T18:56:01.442+0000] {spark_submit.py:579} INFO - 25/09/01 18:56:01 INFO TaskSchedulerImpl: Canceling stage 2
[2025-09-01T18:56:01.442+0000] {spark_submit.py:579} INFO - 25/09/01 18:56:01 INFO TaskSchedulerImpl: Killing all running tasks in stage 2: Stage finished
[2025-09-01T18:56:01.443+0000] {spark_submit.py:579} INFO - 25/09/01 18:56:01 INFO DAGScheduler: Job 2 finished: jdbc at NativeMethodAccessorImpl.java:0, took 2874.077379 ms
[2025-09-01T18:56:04.704+0000] {spark_submit.py:579} INFO - table live_blitz has been loaded
[2025-09-01T18:56:05.723+0000] {spark_submit.py:579} INFO - 25/09/01 18:56:05 INFO CodeGenerator: Code generated in 22.269851 ms
[2025-09-01T18:56:05.737+0000] {spark_submit.py:579} INFO - 25/09/01 18:56:05 INFO SparkContext: Starting job: jdbc at NativeMethodAccessorImpl.java:0
[2025-09-01T18:56:05.737+0000] {spark_submit.py:579} INFO - 25/09/01 18:56:05 INFO DAGScheduler: Got job 3 (jdbc at NativeMethodAccessorImpl.java:0) with 2 output partitions
[2025-09-01T18:56:05.743+0000] {spark_submit.py:579} INFO - 25/09/01 18:56:05 INFO DAGScheduler: Final stage: ResultStage 3 (jdbc at NativeMethodAccessorImpl.java:0)
[2025-09-01T18:56:05.745+0000] {spark_submit.py:579} INFO - 25/09/01 18:56:05 INFO DAGScheduler: Parents of final stage: List()
[2025-09-01T18:56:05.746+0000] {spark_submit.py:579} INFO - 25/09/01 18:56:05 INFO DAGScheduler: Missing parents: List()
[2025-09-01T18:56:05.750+0000] {spark_submit.py:579} INFO - 25/09/01 18:56:05 INFO DAGScheduler: Submitting ResultStage 3 (MapPartitionsRDD[65] at jdbc at NativeMethodAccessorImpl.java:0), which has no missing parents
[2025-09-01T18:56:05.751+0000] {spark_submit.py:579} INFO - 25/09/01 18:56:05 INFO MemoryStore: Block broadcast_3 stored as values in memory (estimated size 33.8 KiB, free 434.3 MiB)
[2025-09-01T18:56:05.756+0000] {spark_submit.py:579} INFO - 25/09/01 18:56:05 INFO MemoryStore: Block broadcast_3_piece0 stored as bytes in memory (estimated size 14.5 KiB, free 434.3 MiB)
[2025-09-01T18:56:05.757+0000] {spark_submit.py:579} INFO - 25/09/01 18:56:05 INFO SparkContext: Created broadcast 3 from broadcast at DAGScheduler.scala:1676
[2025-09-01T18:56:05.758+0000] {spark_submit.py:579} INFO - 25/09/01 18:56:05 INFO DAGScheduler: Submitting 2 missing tasks from ResultStage 3 (MapPartitionsRDD[65] at jdbc at NativeMethodAccessorImpl.java:0) (first 15 tasks are for partitions Vector(0, 1))
[2025-09-01T18:56:05.759+0000] {spark_submit.py:579} INFO - 25/09/01 18:56:05 INFO TaskSchedulerImpl: Adding task set 3.0 with 2 tasks resource profile 0
[2025-09-01T18:56:05.762+0000] {spark_submit.py:579} INFO - 25/09/01 18:56:05 INFO TaskSetManager: Starting task 0.0 in stage 3.0 (TID 6) (172.18.0.4,executor 0, partition 0, PROCESS_LOCAL, 18113 bytes)
[2025-09-01T18:56:05.763+0000] {spark_submit.py:579} INFO - 25/09/01 18:56:05 INFO TaskSetManager: Starting task 1.0 in stage 3.0 (TID 7) (172.18.0.4,executor 0, partition 1, PROCESS_LOCAL, 18019 bytes)
[2025-09-01T18:56:09.583+0000] {spark_submit.py:579} INFO - 25/09/01 18:56:09 INFO TaskSetManager: Finished task 1.0 in stage 3.0 (TID 7) in 3822 ms on 172.18.0.4 (executor 0) (1/2)
[2025-09-01T18:56:09.622+0000] {spark_submit.py:579} INFO - 25/09/01 18:56:09 INFO TaskSetManager: Finished task 0.0 in stage 3.0 (TID 6) in 3862 ms on 172.18.0.4 (executor 0) (2/2)
[2025-09-01T18:56:09.623+0000] {spark_submit.py:579} INFO - 25/09/01 18:56:09 INFO TaskSchedulerImpl: Removed TaskSet 3.0 whose tasks have all completed, from pool
[2025-09-01T18:56:09.623+0000] {spark_submit.py:579} INFO - 25/09/01 18:56:09 INFO DAGScheduler: ResultStage 3 (jdbc at NativeMethodAccessorImpl.java:0) finished in 3883 ms
[2025-09-01T18:56:09.624+0000] {spark_submit.py:579} INFO - 25/09/01 18:56:09 INFO DAGScheduler: Job 3 is finished. Cancelling potential speculative or zombie tasks for this job
[2025-09-01T18:56:09.624+0000] {spark_submit.py:579} INFO - 25/09/01 18:56:09 INFO TaskSchedulerImpl: Canceling stage 3
[2025-09-01T18:56:09.624+0000] {spark_submit.py:579} INFO - 25/09/01 18:56:09 INFO TaskSchedulerImpl: Killing all running tasks in stage 3: Stage finished
[2025-09-01T18:56:09.625+0000] {spark_submit.py:579} INFO - 25/09/01 18:56:09 INFO DAGScheduler: Job 3 finished: jdbc at NativeMethodAccessorImpl.java:0, took 3887.884935 ms
[2025-09-01T18:56:10.669+0000] {spark_submit.py:579} INFO - table live_bullet has been loaded
[2025-09-01T18:56:11.713+0000] {spark_submit.py:579} INFO - 25/09/01 18:56:11 INFO CodeGenerator: Code generated in 14.314583 ms
[2025-09-01T18:56:11.726+0000] {spark_submit.py:579} INFO - 25/09/01 18:56:11 INFO SparkContext: Starting job: jdbc at NativeMethodAccessorImpl.java:0
[2025-09-01T18:56:11.727+0000] {spark_submit.py:579} INFO - 25/09/01 18:56:11 INFO DAGScheduler: Got job 4 (jdbc at NativeMethodAccessorImpl.java:0) with 2 output partitions
[2025-09-01T18:56:11.728+0000] {spark_submit.py:579} INFO - 25/09/01 18:56:11 INFO DAGScheduler: Final stage: ResultStage 4 (jdbc at NativeMethodAccessorImpl.java:0)
[2025-09-01T18:56:11.728+0000] {spark_submit.py:579} INFO - 25/09/01 18:56:11 INFO DAGScheduler: Parents of final stage: List()
[2025-09-01T18:56:11.728+0000] {spark_submit.py:579} INFO - 25/09/01 18:56:11 INFO DAGScheduler: Missing parents: List()
[2025-09-01T18:56:11.729+0000] {spark_submit.py:579} INFO - 25/09/01 18:56:11 INFO DAGScheduler: Submitting ResultStage 4 (MapPartitionsRDD[69] at jdbc at NativeMethodAccessorImpl.java:0), which has no missing parents
[2025-09-01T18:56:11.731+0000] {spark_submit.py:579} INFO - 25/09/01 18:56:11 INFO MemoryStore: Block broadcast_4 stored as values in memory (estimated size 28.1 KiB, free 434.3 MiB)
[2025-09-01T18:56:11.739+0000] {spark_submit.py:579} INFO - 25/09/01 18:56:11 INFO MemoryStore: Block broadcast_4_piece0 stored as bytes in memory (estimated size 12.6 KiB, free 434.3 MiB)
[2025-09-01T18:56:11.741+0000] {spark_submit.py:579} INFO - 25/09/01 18:56:11 INFO SparkContext: Created broadcast 4 from broadcast at DAGScheduler.scala:1676
[2025-09-01T18:56:11.742+0000] {spark_submit.py:579} INFO - 25/09/01 18:56:11 INFO DAGScheduler: Submitting 2 missing tasks from ResultStage 4 (MapPartitionsRDD[69] at jdbc at NativeMethodAccessorImpl.java:0) (first 15 tasks are for partitions Vector(0, 1))
[2025-09-01T18:56:11.743+0000] {spark_submit.py:579} INFO - 25/09/01 18:56:11 INFO TaskSchedulerImpl: Adding task set 4.0 with 2 tasks resource profile 0
[2025-09-01T18:56:11.744+0000] {spark_submit.py:579} INFO - 25/09/01 18:56:11 INFO TaskSetManager: Starting task 0.0 in stage 4.0 (TID 8) (172.18.0.4,executor 0, partition 0, PROCESS_LOCAL, 9868 bytes)
[2025-09-01T18:56:11.745+0000] {spark_submit.py:579} INFO - 25/09/01 18:56:11 INFO TaskSetManager: Starting task 1.0 in stage 4.0 (TID 9) (172.18.0.4,executor 0, partition 1, PROCESS_LOCAL, 10002 bytes)
[2025-09-01T18:56:11.948+0000] {spark_submit.py:579} INFO - 25/09/01 18:56:11 INFO TaskSetManager: Finished task 0.0 in stage 4.0 (TID 8) in 205 ms on 172.18.0.4 (executor 0) (1/2)
[2025-09-01T18:56:12.911+0000] {spark_submit.py:579} INFO - 25/09/01 18:56:12 INFO TaskSetManager: Finished task 1.0 in stage 4.0 (TID 9) in 1166 ms on 172.18.0.4 (executor 0) (2/2)
[2025-09-01T18:56:12.911+0000] {spark_submit.py:579} INFO - 25/09/01 18:56:12 INFO TaskSchedulerImpl: Removed TaskSet 4.0 whose tasks have all completed, from pool
[2025-09-01T18:56:12.912+0000] {spark_submit.py:579} INFO - 25/09/01 18:56:12 INFO DAGScheduler: ResultStage 4 (jdbc at NativeMethodAccessorImpl.java:0) finished in 1182 ms
[2025-09-01T18:56:12.912+0000] {spark_submit.py:579} INFO - 25/09/01 18:56:12 INFO DAGScheduler: Job 4 is finished. Cancelling potential speculative or zombie tasks for this job
[2025-09-01T18:56:12.912+0000] {spark_submit.py:579} INFO - 25/09/01 18:56:12 INFO TaskSchedulerImpl: Canceling stage 4
[2025-09-01T18:56:12.913+0000] {spark_submit.py:579} INFO - 25/09/01 18:56:12 INFO TaskSchedulerImpl: Killing all running tasks in stage 4: Stage finished
[2025-09-01T18:56:12.913+0000] {spark_submit.py:579} INFO - 25/09/01 18:56:12 INFO DAGScheduler: Job 4 finished: jdbc at NativeMethodAccessorImpl.java:0, took 1185.953525 ms
[2025-09-01T18:56:13.582+0000] {spark_submit.py:579} INFO - table kue_daily has been loaded
[2025-09-01T18:56:14.069+0000] {spark_submit.py:579} INFO - 25/09/01 18:56:14 INFO CodeGenerator: Code generated in 10.472865 ms
[2025-09-01T18:56:14.079+0000] {spark_submit.py:579} INFO - 25/09/01 18:56:14 INFO SparkContext: Starting job: jdbc at NativeMethodAccessorImpl.java:0
[2025-09-01T18:56:14.080+0000] {spark_submit.py:579} INFO - 25/09/01 18:56:14 INFO DAGScheduler: Got job 5 (jdbc at NativeMethodAccessorImpl.java:0) with 2 output partitions
[2025-09-01T18:56:14.080+0000] {spark_submit.py:579} INFO - 25/09/01 18:56:14 INFO DAGScheduler: Final stage: ResultStage 5 (jdbc at NativeMethodAccessorImpl.java:0)
[2025-09-01T18:56:14.081+0000] {spark_submit.py:579} INFO - 25/09/01 18:56:14 INFO DAGScheduler: Parents of final stage: List()
[2025-09-01T18:56:14.081+0000] {spark_submit.py:579} INFO - 25/09/01 18:56:14 INFO DAGScheduler: Missing parents: List()
[2025-09-01T18:56:14.081+0000] {spark_submit.py:579} INFO - 25/09/01 18:56:14 INFO DAGScheduler: Submitting ResultStage 5 (MapPartitionsRDD[73] at jdbc at NativeMethodAccessorImpl.java:0), which has no missing parents
[2025-09-01T18:56:14.083+0000] {spark_submit.py:579} INFO - 25/09/01 18:56:14 INFO MemoryStore: Block broadcast_5 stored as values in memory (estimated size 27.1 KiB, free 434.3 MiB)
[2025-09-01T18:56:14.090+0000] {spark_submit.py:579} INFO - 25/09/01 18:56:14 INFO MemoryStore: Block broadcast_5_piece0 stored as bytes in memory (estimated size 12.4 KiB, free 434.3 MiB)
[2025-09-01T18:56:14.092+0000] {spark_submit.py:579} INFO - 25/09/01 18:56:14 INFO SparkContext: Created broadcast 5 from broadcast at DAGScheduler.scala:1676
[2025-09-01T18:56:14.093+0000] {spark_submit.py:579} INFO - 25/09/01 18:56:14 INFO DAGScheduler: Submitting 2 missing tasks from ResultStage 5 (MapPartitionsRDD[73] at jdbc at NativeMethodAccessorImpl.java:0) (first 15 tasks are for partitions Vector(0, 1))
[2025-09-01T18:56:14.093+0000] {spark_submit.py:579} INFO - 25/09/01 18:56:14 INFO TaskSchedulerImpl: Adding task set 5.0 with 2 tasks resource profile 0
[2025-09-01T18:56:14.095+0000] {spark_submit.py:579} INFO - 25/09/01 18:56:14 INFO TaskSetManager: Starting task 0.0 in stage 5.0 (TID 10) (172.18.0.4,executor 0, partition 0, PROCESS_LOCAL, 9868 bytes)
[2025-09-01T18:56:14.095+0000] {spark_submit.py:579} INFO - 25/09/01 18:56:14 INFO TaskSetManager: Starting task 1.0 in stage 5.0 (TID 11) (172.18.0.4,executor 0, partition 1, PROCESS_LOCAL, 10001 bytes)
[2025-09-01T18:56:14.260+0000] {spark_submit.py:579} INFO - 25/09/01 18:56:14 INFO TaskSetManager: Finished task 0.0 in stage 5.0 (TID 10) in 165 ms on 172.18.0.4 (executor 0) (1/2)
[2025-09-01T18:56:14.552+0000] {spark_submit.py:579} INFO - 25/09/01 18:56:14 INFO TaskSetManager: Finished task 1.0 in stage 5.0 (TID 11) in 456 ms on 172.18.0.4 (executor 0) (2/2)
[2025-09-01T18:56:14.552+0000] {spark_submit.py:579} INFO - 25/09/01 18:56:14 INFO TaskSchedulerImpl: Removed TaskSet 5.0 whose tasks have all completed, from pool
[2025-09-01T18:56:14.554+0000] {spark_submit.py:579} INFO - 25/09/01 18:56:14 INFO DAGScheduler: ResultStage 5 (jdbc at NativeMethodAccessorImpl.java:0) finished in 471 ms
[2025-09-01T18:56:14.558+0000] {spark_submit.py:579} INFO - 25/09/01 18:56:14 INFO DAGScheduler: Job 5 is finished. Cancelling potential speculative or zombie tasks for this job
[2025-09-01T18:56:14.558+0000] {spark_submit.py:579} INFO - 25/09/01 18:56:14 INFO TaskSchedulerImpl: Canceling stage 5
[2025-09-01T18:56:14.559+0000] {spark_submit.py:579} INFO - 25/09/01 18:56:14 INFO TaskSchedulerImpl: Killing all running tasks in stage 5: Stage finished
[2025-09-01T18:56:14.559+0000] {spark_submit.py:579} INFO - 25/09/01 18:56:14 INFO DAGScheduler: Job 5 finished: jdbc at NativeMethodAccessorImpl.java:0, took 474.091386 ms
[2025-09-01T18:56:16.424+0000] {spark_submit.py:579} INFO - table kue_rapid has been loaded
[2025-09-01T18:56:17.282+0000] {spark_submit.py:579} INFO - 25/09/01 18:56:17 INFO SparkContext: Starting job: jdbc at NativeMethodAccessorImpl.java:0
[2025-09-01T18:56:17.283+0000] {spark_submit.py:579} INFO - 25/09/01 18:56:17 INFO DAGScheduler: Got job 6 (jdbc at NativeMethodAccessorImpl.java:0) with 2 output partitions
[2025-09-01T18:56:17.283+0000] {spark_submit.py:579} INFO - 25/09/01 18:56:17 INFO DAGScheduler: Final stage: ResultStage 6 (jdbc at NativeMethodAccessorImpl.java:0)
[2025-09-01T18:56:17.284+0000] {spark_submit.py:579} INFO - 25/09/01 18:56:17 INFO DAGScheduler: Parents of final stage: List()
[2025-09-01T18:56:17.285+0000] {spark_submit.py:579} INFO - 25/09/01 18:56:17 INFO DAGScheduler: Missing parents: List()
[2025-09-01T18:56:17.285+0000] {spark_submit.py:579} INFO - 25/09/01 18:56:17 INFO DAGScheduler: Submitting ResultStage 6 (MapPartitionsRDD[77] at jdbc at NativeMethodAccessorImpl.java:0), which has no missing parents
[2025-09-01T18:56:17.287+0000] {spark_submit.py:579} INFO - 25/09/01 18:56:17 INFO MemoryStore: Block broadcast_6 stored as values in memory (estimated size 27.1 KiB, free 434.3 MiB)
[2025-09-01T18:56:17.292+0000] {spark_submit.py:579} INFO - 25/09/01 18:56:17 INFO MemoryStore: Block broadcast_6_piece0 stored as bytes in memory (estimated size 12.4 KiB, free 434.3 MiB)
[2025-09-01T18:56:17.294+0000] {spark_submit.py:579} INFO - 25/09/01 18:56:17 INFO SparkContext: Created broadcast 6 from broadcast at DAGScheduler.scala:1676
[2025-09-01T18:56:17.295+0000] {spark_submit.py:579} INFO - 25/09/01 18:56:17 INFO DAGScheduler: Submitting 2 missing tasks from ResultStage 6 (MapPartitionsRDD[77] at jdbc at NativeMethodAccessorImpl.java:0) (first 15 tasks are for partitions Vector(0, 1))
[2025-09-01T18:56:17.298+0000] {spark_submit.py:579} INFO - 25/09/01 18:56:17 INFO TaskSchedulerImpl: Adding task set 6.0 with 2 tasks resource profile 0
[2025-09-01T18:56:17.299+0000] {spark_submit.py:579} INFO - 25/09/01 18:56:17 INFO TaskSetManager: Starting task 0.0 in stage 6.0 (TID 12) (172.18.0.4,executor 0, partition 0, PROCESS_LOCAL, 9868 bytes)
[2025-09-01T18:56:17.299+0000] {spark_submit.py:579} INFO - 25/09/01 18:56:17 INFO TaskSetManager: Starting task 1.0 in stage 6.0 (TID 13) (172.18.0.4,executor 0, partition 1, PROCESS_LOCAL, 10001 bytes)
[2025-09-01T18:56:17.445+0000] {spark_submit.py:579} INFO - 25/09/01 18:56:17 INFO TaskSetManager: Finished task 0.0 in stage 6.0 (TID 12) in 148 ms on 172.18.0.4 (executor 0) (1/2)
[2025-09-01T18:56:18.143+0000] {spark_submit.py:579} INFO - 25/09/01 18:56:18 INFO TaskSetManager: Finished task 1.0 in stage 6.0 (TID 13) in 846 ms on 172.18.0.4 (executor 0) (2/2)
[2025-09-01T18:56:18.144+0000] {spark_submit.py:579} INFO - 25/09/01 18:56:18 INFO TaskSchedulerImpl: Removed TaskSet 6.0 whose tasks have all completed, from pool
[2025-09-01T18:56:18.144+0000] {spark_submit.py:579} INFO - 25/09/01 18:56:18 INFO DAGScheduler: ResultStage 6 (jdbc at NativeMethodAccessorImpl.java:0) finished in 858 ms
[2025-09-01T18:56:18.145+0000] {spark_submit.py:579} INFO - 25/09/01 18:56:18 INFO DAGScheduler: Job 6 is finished. Cancelling potential speculative or zombie tasks for this job
[2025-09-01T18:56:18.145+0000] {spark_submit.py:579} INFO - 25/09/01 18:56:18 INFO TaskSchedulerImpl: Canceling stage 6
[2025-09-01T18:56:18.145+0000] {spark_submit.py:579} INFO - 25/09/01 18:56:18 INFO TaskSchedulerImpl: Killing all running tasks in stage 6: Stage finished
[2025-09-01T18:56:18.146+0000] {spark_submit.py:579} INFO - 25/09/01 18:56:18 INFO DAGScheduler: Job 6 finished: jdbc at NativeMethodAccessorImpl.java:0, took 862.393425 ms
[2025-09-01T18:56:22.659+0000] {spark_submit.py:579} INFO - table kue_blitz has been loaded
[2025-09-01T18:56:24.461+0000] {spark_submit.py:579} INFO - 25/09/01 18:56:24 INFO CodeGenerator: Code generated in 9.06615 ms
[2025-09-01T18:56:24.472+0000] {spark_submit.py:579} INFO - 25/09/01 18:56:24 INFO SparkContext: Starting job: jdbc at NativeMethodAccessorImpl.java:0
[2025-09-01T18:56:24.473+0000] {spark_submit.py:579} INFO - 25/09/01 18:56:24 INFO DAGScheduler: Got job 7 (jdbc at NativeMethodAccessorImpl.java:0) with 2 output partitions
[2025-09-01T18:56:24.474+0000] {spark_submit.py:579} INFO - 25/09/01 18:56:24 INFO DAGScheduler: Final stage: ResultStage 7 (jdbc at NativeMethodAccessorImpl.java:0)
[2025-09-01T18:56:24.474+0000] {spark_submit.py:579} INFO - 25/09/01 18:56:24 INFO DAGScheduler: Parents of final stage: List()
[2025-09-01T18:56:24.475+0000] {spark_submit.py:579} INFO - 25/09/01 18:56:24 INFO DAGScheduler: Missing parents: List()
[2025-09-01T18:56:24.475+0000] {spark_submit.py:579} INFO - 25/09/01 18:56:24 INFO DAGScheduler: Submitting ResultStage 7 (MapPartitionsRDD[81] at jdbc at NativeMethodAccessorImpl.java:0), which has no missing parents
[2025-09-01T18:56:24.478+0000] {spark_submit.py:579} INFO - 25/09/01 18:56:24 INFO MemoryStore: Block broadcast_7 stored as values in memory (estimated size 25.7 KiB, free 434.3 MiB)
[2025-09-01T18:56:24.484+0000] {spark_submit.py:579} INFO - 25/09/01 18:56:24 INFO MemoryStore: Block broadcast_7_piece0 stored as bytes in memory (estimated size 12.1 KiB, free 434.3 MiB)
[2025-09-01T18:56:24.488+0000] {spark_submit.py:579} INFO - 25/09/01 18:56:24 INFO SparkContext: Created broadcast 7 from broadcast at DAGScheduler.scala:1676
[2025-09-01T18:56:24.489+0000] {spark_submit.py:579} INFO - 25/09/01 18:56:24 INFO DAGScheduler: Submitting 2 missing tasks from ResultStage 7 (MapPartitionsRDD[81] at jdbc at NativeMethodAccessorImpl.java:0) (first 15 tasks are for partitions Vector(0, 1))
[2025-09-01T18:56:24.491+0000] {spark_submit.py:579} INFO - 25/09/01 18:56:24 INFO TaskSchedulerImpl: Adding task set 7.0 with 2 tasks resource profile 0
[2025-09-01T18:56:24.492+0000] {spark_submit.py:579} INFO - 25/09/01 18:56:24 INFO TaskSetManager: Starting task 0.0 in stage 7.0 (TID 14) (172.18.0.4,executor 0, partition 0, PROCESS_LOCAL, 9868 bytes)
[2025-09-01T18:56:24.494+0000] {spark_submit.py:579} INFO - 25/09/01 18:56:24 INFO TaskSetManager: Starting task 1.0 in stage 7.0 (TID 15) (172.18.0.4,executor 0, partition 1, PROCESS_LOCAL, 9927 bytes)
[2025-09-01T18:56:24.704+0000] {spark_submit.py:579} INFO - 25/09/01 18:56:24 INFO TaskSetManager: Finished task 0.0 in stage 7.0 (TID 14) in 213 ms on 172.18.0.4 (executor 0) (1/2)
[2025-09-01T18:56:26.712+0000] {spark_submit.py:579} INFO - 25/09/01 18:56:26 INFO TaskSetManager: Finished task 1.0 in stage 7.0 (TID 15) in 2220 ms on 172.18.0.4 (executor 0) (2/2)
[2025-09-01T18:56:26.713+0000] {spark_submit.py:579} INFO - 25/09/01 18:56:26 INFO TaskSchedulerImpl: Removed TaskSet 7.0 whose tasks have all completed, from pool
[2025-09-01T18:56:26.713+0000] {spark_submit.py:579} INFO - 25/09/01 18:56:26 INFO DAGScheduler: ResultStage 7 (jdbc at NativeMethodAccessorImpl.java:0) finished in 2237 ms
[2025-09-01T18:56:26.714+0000] {spark_submit.py:579} INFO - 25/09/01 18:56:26 INFO DAGScheduler: Job 7 is finished. Cancelling potential speculative or zombie tasks for this job
[2025-09-01T18:56:26.714+0000] {spark_submit.py:579} INFO - 25/09/01 18:56:26 INFO TaskSchedulerImpl: Canceling stage 7
[2025-09-01T18:56:26.715+0000] {spark_submit.py:579} INFO - 25/09/01 18:56:26 INFO TaskSchedulerImpl: Killing all running tasks in stage 7: Stage finished
[2025-09-01T18:56:26.716+0000] {spark_submit.py:579} INFO - 25/09/01 18:56:26 INFO DAGScheduler: Job 7 finished: jdbc at NativeMethodAccessorImpl.java:0, took 2241.541012 ms
[2025-09-01T18:56:28.984+0000] {spark_submit.py:579} INFO - table kue_bullet has been loaded
[2025-09-01T18:56:30.629+0000] {spark_submit.py:579} INFO - 25/09/01 18:56:30 INFO CodeGenerator: Code generated in 7.040859 ms
[2025-09-01T18:56:30.640+0000] {spark_submit.py:579} INFO - 25/09/01 18:56:30 INFO SparkContext: Starting job: jdbc at NativeMethodAccessorImpl.java:0
[2025-09-01T18:56:30.641+0000] {spark_submit.py:579} INFO - 25/09/01 18:56:30 INFO DAGScheduler: Got job 8 (jdbc at NativeMethodAccessorImpl.java:0) with 2 output partitions
[2025-09-01T18:56:30.642+0000] {spark_submit.py:579} INFO - 25/09/01 18:56:30 INFO DAGScheduler: Final stage: ResultStage 8 (jdbc at NativeMethodAccessorImpl.java:0)
[2025-09-01T18:56:30.642+0000] {spark_submit.py:579} INFO - 25/09/01 18:56:30 INFO DAGScheduler: Parents of final stage: List()
[2025-09-01T18:56:30.642+0000] {spark_submit.py:579} INFO - 25/09/01 18:56:30 INFO DAGScheduler: Missing parents: List()
[2025-09-01T18:56:30.643+0000] {spark_submit.py:579} INFO - 25/09/01 18:56:30 INFO DAGScheduler: Submitting ResultStage 8 (MapPartitionsRDD[85] at jdbc at NativeMethodAccessorImpl.java:0), which has no missing parents
[2025-09-01T18:56:30.644+0000] {spark_submit.py:579} INFO - 25/09/01 18:56:30 INFO MemoryStore: Block broadcast_8 stored as values in memory (estimated size 25.3 KiB, free 434.3 MiB)
[2025-09-01T18:56:30.650+0000] {spark_submit.py:579} INFO - 25/09/01 18:56:30 INFO MemoryStore: Block broadcast_8_piece0 stored as bytes in memory (estimated size 12.0 KiB, free 434.3 MiB)
[2025-09-01T18:56:30.653+0000] {spark_submit.py:579} INFO - 25/09/01 18:56:30 INFO SparkContext: Created broadcast 8 from broadcast at DAGScheduler.scala:1676
[2025-09-01T18:56:30.654+0000] {spark_submit.py:579} INFO - 25/09/01 18:56:30 INFO DAGScheduler: Submitting 2 missing tasks from ResultStage 8 (MapPartitionsRDD[85] at jdbc at NativeMethodAccessorImpl.java:0) (first 15 tasks are for partitions Vector(0, 1))
[2025-09-01T18:56:30.658+0000] {spark_submit.py:579} INFO - 25/09/01 18:56:30 INFO TaskSchedulerImpl: Adding task set 8.0 with 2 tasks resource profile 0
[2025-09-01T18:56:30.659+0000] {spark_submit.py:579} INFO - 25/09/01 18:56:30 INFO TaskSetManager: Starting task 0.0 in stage 8.0 (TID 16) (172.18.0.4,executor 0, partition 0, PROCESS_LOCAL, 9868 bytes)
[2025-09-01T18:56:30.659+0000] {spark_submit.py:579} INFO - 25/09/01 18:56:30 INFO TaskSetManager: Starting task 1.0 in stage 8.0 (TID 17) (172.18.0.4,executor 0, partition 1, PROCESS_LOCAL, 9946 bytes)
[2025-09-01T18:56:30.840+0000] {spark_submit.py:579} INFO - 25/09/01 18:56:30 INFO TaskSetManager: Finished task 0.0 in stage 8.0 (TID 16) in 185 ms on 172.18.0.4 (executor 0) (1/2)
[2025-09-01T18:56:32.178+0000] {spark_submit.py:579} INFO - 25/09/01 18:56:32 INFO TaskSetManager: Finished task 1.0 in stage 8.0 (TID 17) in 1522 ms on 172.18.0.4 (executor 0) (2/2)
[2025-09-01T18:56:32.179+0000] {spark_submit.py:579} INFO - 25/09/01 18:56:32 INFO TaskSchedulerImpl: Removed TaskSet 8.0 whose tasks have all completed, from pool
[2025-09-01T18:56:32.179+0000] {spark_submit.py:579} INFO - 25/09/01 18:56:32 INFO DAGScheduler: ResultStage 8 (jdbc at NativeMethodAccessorImpl.java:0) finished in 1536 ms
[2025-09-01T18:56:32.180+0000] {spark_submit.py:579} INFO - 25/09/01 18:56:32 INFO DAGScheduler: Job 8 is finished. Cancelling potential speculative or zombie tasks for this job
[2025-09-01T18:56:32.180+0000] {spark_submit.py:579} INFO - 25/09/01 18:56:32 INFO TaskSchedulerImpl: Canceling stage 8
[2025-09-01T18:56:32.180+0000] {spark_submit.py:579} INFO - 25/09/01 18:56:32 INFO TaskSchedulerImpl: Killing all running tasks in stage 8: Stage finished
[2025-09-01T18:56:32.182+0000] {spark_submit.py:579} INFO - 25/09/01 18:56:32 INFO DAGScheduler: Job 8 finished: jdbc at NativeMethodAccessorImpl.java:0, took 1539.469962 ms
[2025-09-01T18:56:36.364+0000] {spark_submit.py:579} INFO - table kue_tactics has been loaded
[2025-09-01T18:56:38.742+0000] {spark_submit.py:579} INFO - 25/09/01 18:56:38 INFO CodeGenerator: Code generated in 5.285757 ms
[2025-09-01T18:56:38.752+0000] {spark_submit.py:579} INFO - 25/09/01 18:56:38 INFO SparkContext: Starting job: jdbc at NativeMethodAccessorImpl.java:0
[2025-09-01T18:56:38.753+0000] {spark_submit.py:579} INFO - 25/09/01 18:56:38 INFO DAGScheduler: Got job 9 (jdbc at NativeMethodAccessorImpl.java:0) with 2 output partitions
[2025-09-01T18:56:38.753+0000] {spark_submit.py:579} INFO - 25/09/01 18:56:38 INFO DAGScheduler: Final stage: ResultStage 9 (jdbc at NativeMethodAccessorImpl.java:0)
[2025-09-01T18:56:38.754+0000] {spark_submit.py:579} INFO - 25/09/01 18:56:38 INFO DAGScheduler: Parents of final stage: List()
[2025-09-01T18:56:38.754+0000] {spark_submit.py:579} INFO - 25/09/01 18:56:38 INFO DAGScheduler: Missing parents: List()
[2025-09-01T18:56:38.755+0000] {spark_submit.py:579} INFO - 25/09/01 18:56:38 INFO DAGScheduler: Submitting ResultStage 9 (MapPartitionsRDD[89] at jdbc at NativeMethodAccessorImpl.java:0), which has no missing parents
[2025-09-01T18:56:38.755+0000] {spark_submit.py:579} INFO - 25/09/01 18:56:38 INFO MemoryStore: Block broadcast_9 stored as values in memory (estimated size 23.6 KiB, free 434.3 MiB)
[2025-09-01T18:56:38.760+0000] {spark_submit.py:579} INFO - 25/09/01 18:56:38 INFO MemoryStore: Block broadcast_9_piece0 stored as bytes in memory (estimated size 11.4 KiB, free 434.3 MiB)
[2025-09-01T18:56:38.762+0000] {spark_submit.py:579} INFO - 25/09/01 18:56:38 INFO SparkContext: Created broadcast 9 from broadcast at DAGScheduler.scala:1676
[2025-09-01T18:56:38.763+0000] {spark_submit.py:579} INFO - 25/09/01 18:56:38 INFO DAGScheduler: Submitting 2 missing tasks from ResultStage 9 (MapPartitionsRDD[89] at jdbc at NativeMethodAccessorImpl.java:0) (first 15 tasks are for partitions Vector(0, 1))
[2025-09-01T18:56:38.764+0000] {spark_submit.py:579} INFO - 25/09/01 18:56:38 INFO TaskSchedulerImpl: Adding task set 9.0 with 2 tasks resource profile 0
[2025-09-01T18:56:38.765+0000] {spark_submit.py:579} INFO - 25/09/01 18:56:38 INFO TaskSetManager: Starting task 0.0 in stage 9.0 (TID 18) (172.18.0.4,executor 0, partition 0, PROCESS_LOCAL, 9868 bytes)
[2025-09-01T18:56:38.766+0000] {spark_submit.py:579} INFO - 25/09/01 18:56:38 INFO TaskSetManager: Starting task 1.0 in stage 9.0 (TID 19) (172.18.0.4,executor 0, partition 1, PROCESS_LOCAL, 9899 bytes)
[2025-09-01T18:56:38.963+0000] {spark_submit.py:579} INFO - 25/09/01 18:56:38 INFO TaskSetManager: Finished task 0.0 in stage 9.0 (TID 18) in 199 ms on 172.18.0.4 (executor 0) (1/2)
[2025-09-01T18:56:39.536+0000] {spark_submit.py:579} INFO - 25/09/01 18:56:39 INFO TaskSetManager: Finished task 1.0 in stage 9.0 (TID 19) in 770 ms on 172.18.0.4 (executor 0) (2/2)
[2025-09-01T18:56:39.536+0000] {spark_submit.py:579} INFO - 25/09/01 18:56:39 INFO TaskSchedulerImpl: Removed TaskSet 9.0 whose tasks have all completed, from pool
[2025-09-01T18:56:39.537+0000] {spark_submit.py:579} INFO - 25/09/01 18:56:39 INFO DAGScheduler: ResultStage 9 (jdbc at NativeMethodAccessorImpl.java:0) finished in 782 ms
[2025-09-01T18:56:39.537+0000] {spark_submit.py:579} INFO - 25/09/01 18:56:39 INFO DAGScheduler: Job 9 is finished. Cancelling potential speculative or zombie tasks for this job
[2025-09-01T18:56:39.537+0000] {spark_submit.py:579} INFO - 25/09/01 18:56:39 INFO TaskSchedulerImpl: Canceling stage 9
[2025-09-01T18:56:39.538+0000] {spark_submit.py:579} INFO - 25/09/01 18:56:39 INFO TaskSchedulerImpl: Killing all running tasks in stage 9: Stage finished
[2025-09-01T18:56:39.538+0000] {spark_submit.py:579} INFO - 25/09/01 18:56:39 INFO DAGScheduler: Job 9 finished: jdbc at NativeMethodAccessorImpl.java:0, took 784.734237 ms
[2025-09-01T18:56:40.486+0000] {spark_submit.py:579} INFO - table kue_puzzle_rush has been loaded
[2025-09-01T18:56:40.603+0000] {spark_submit.py:579} INFO - 25/09/01 18:56:40 INFO SparkContext: Invoking stop() from shutdown hook
[2025-09-01T18:56:40.604+0000] {spark_submit.py:579} INFO - 25/09/01 18:56:40 INFO SparkContext: SparkContext is stopping with exitCode 0 from run at Executors.java:539.
[2025-09-01T18:56:40.613+0000] {spark_submit.py:579} INFO - 25/09/01 18:56:40 INFO SparkUI: Stopped Spark web UI at http://7b2a3a75c36f:4040
[2025-09-01T18:56:40.617+0000] {spark_submit.py:579} INFO - 25/09/01 18:56:40 INFO StandaloneSchedulerBackend: Shutting down all executors
[2025-09-01T18:56:40.617+0000] {spark_submit.py:579} INFO - 25/09/01 18:56:40 INFO StandaloneSchedulerBackend$StandaloneDriverEndpoint: Asking each executor to shut down
[2025-09-01T18:56:40.631+0000] {spark_submit.py:579} INFO - 25/09/01 18:56:40 INFO MapOutputTrackerMasterEndpoint: MapOutputTrackerMasterEndpoint stopped!
[2025-09-01T18:56:40.664+0000] {spark_submit.py:579} INFO - 25/09/01 18:56:40 INFO MemoryStore: MemoryStore cleared
[2025-09-01T18:56:40.664+0000] {spark_submit.py:579} INFO - 25/09/01 18:56:40 INFO BlockManager: BlockManager stopped
[2025-09-01T18:56:40.666+0000] {spark_submit.py:579} INFO - 25/09/01 18:56:40 INFO BlockManagerMaster: BlockManagerMaster stopped
[2025-09-01T18:56:40.670+0000] {spark_submit.py:579} INFO - 25/09/01 18:56:40 INFO OutputCommitCoordinator$OutputCommitCoordinatorEndpoint: OutputCommitCoordinator stopped!
[2025-09-01T18:56:40.693+0000] {spark_submit.py:579} INFO - 25/09/01 18:56:40 INFO SparkContext: Successfully stopped SparkContext
[2025-09-01T18:56:40.694+0000] {spark_submit.py:579} INFO - 25/09/01 18:56:40 INFO ShutdownHookManager: Shutdown hook called
[2025-09-01T18:56:40.694+0000] {spark_submit.py:579} INFO - 25/09/01 18:56:40 INFO ShutdownHookManager: Deleting directory /tmp/spark-3af75a04-516d-4508-9d81-432d5db9ff20/pyspark-c4adb5da-9236-4735-8f2d-797ec54e9164
[2025-09-01T18:56:40.702+0000] {spark_submit.py:579} INFO - 25/09/01 18:56:40 INFO ShutdownHookManager: Deleting directory /opt/***/artifacts/spark-5553da47-f59d-4c75-be69-e2d4ccba2fbf
[2025-09-01T18:56:40.713+0000] {spark_submit.py:579} INFO - 25/09/01 18:56:40 INFO ShutdownHookManager: Deleting directory /tmp/spark-3af75a04-516d-4508-9d81-432d5db9ff20
[2025-09-01T18:56:40.723+0000] {spark_submit.py:579} INFO - 25/09/01 18:56:40 INFO ShutdownHookManager: Deleting directory /tmp/spark-98809cbe-ba7d-4a55-b7ad-aa0f9f08b70f
[2025-09-01T18:56:40.825+0000] {taskinstance.py:1398} INFO - Marking task as SUCCESS. dag_id=sparking_flow, task_id=python_job, execution_date=20250901T185529, start_date=20250901T185531, end_date=20250901T185640
[2025-09-01T18:56:40.884+0000] {local_task_job_runner.py:228} INFO - Task exited with return code 0
[2025-09-01T18:56:40.904+0000] {taskinstance.py:2776} INFO - 1 downstream tasks scheduled from follow-on schedule check
