[2025-08-31T13:01:46.369+0000] {taskinstance.py:1157} INFO - Dependencies all met for dep_context=non-requeueable deps ti=<TaskInstance: sparking_flow.start scheduled__2025-08-31T08:00:00+00:00 [queued]>
[2025-08-31T13:01:46.377+0000] {taskinstance.py:1157} INFO - Dependencies all met for dep_context=requeueable deps ti=<TaskInstance: sparking_flow.start scheduled__2025-08-31T08:00:00+00:00 [queued]>
[2025-08-31T13:01:46.377+0000] {taskinstance.py:1359} INFO - Starting attempt 1 of 1
[2025-08-31T13:01:46.391+0000] {taskinstance.py:1380} INFO - Executing <Task(PythonOperator): start> on 2025-08-31 08:00:00+00:00
[2025-08-31T13:01:46.396+0000] {standard_task_runner.py:57} INFO - Started process 1761 to run task
[2025-08-31T13:01:46.403+0000] {standard_task_runner.py:84} INFO - Running: ['***', 'tasks', 'run', 'sparking_flow', 'start', 'scheduled__2025-08-31T08:00:00+00:00', '--job-id', '35', '--raw', '--subdir', 'DAGS_FOLDER/spark_***.py', '--cfg-path', '/tmp/tmp3dyj4ewv']
[2025-08-31T13:01:46.411+0000] {standard_task_runner.py:85} INFO - Job 35: Subtask start
[2025-08-31T13:01:46.526+0000] {task_command.py:415} INFO - Running <TaskInstance: sparking_flow.start scheduled__2025-08-31T08:00:00+00:00 [running]> on host f7da00c682c4
[2025-08-31T13:01:46.638+0000] {taskinstance.py:1660} INFO - Exporting env vars: AIRFLOW_CTX_DAG_OWNER='Kudzaishe Manyanya' AIRFLOW_CTX_DAG_ID='sparking_flow' AIRFLOW_CTX_TASK_ID='start' AIRFLOW_CTX_EXECUTION_DATE='2025-08-31T08:00:00+00:00' AIRFLOW_CTX_TRY_NUMBER='1' AIRFLOW_CTX_DAG_RUN_ID='scheduled__2025-08-31T08:00:00+00:00'
[2025-08-31T13:01:46.641+0000] {logging_mixin.py:151} INFO - Jobs started
[2025-08-31T13:01:46.641+0000] {python.py:194} INFO - Done. Returned value was: None
[2025-08-31T13:01:46.653+0000] {taskinstance.py:1398} INFO - Marking task as SUCCESS. dag_id=sparking_flow, task_id=start, execution_date=20250831T080000, start_date=20250831T130146, end_date=20250831T130146
[2025-08-31T13:01:46.696+0000] {local_task_job_runner.py:228} INFO - Task exited with return code 0
[2025-08-31T13:01:46.729+0000] {taskinstance.py:2776} INFO - 1 downstream tasks scheduled from follow-on schedule check
[2025-09-01T18:54:16.934+0000] {taskinstance.py:1157} INFO - Dependencies all met for dep_context=non-requeueable deps ti=<TaskInstance: sparking_flow.start scheduled__2025-08-31T08:00:00+00:00 [queued]>
[2025-09-01T18:54:17.015+0000] {taskinstance.py:1157} INFO - Dependencies all met for dep_context=requeueable deps ti=<TaskInstance: sparking_flow.start scheduled__2025-08-31T08:00:00+00:00 [queued]>
[2025-09-01T18:54:17.017+0000] {taskinstance.py:1359} INFO - Starting attempt 1 of 1
[2025-09-01T18:54:17.148+0000] {taskinstance.py:1380} INFO - Executing <Task(PythonOperator): start> on 2025-08-31 08:00:00+00:00
[2025-09-01T18:54:17.220+0000] {standard_task_runner.py:57} INFO - Started process 228 to run task
[2025-09-01T18:54:17.312+0000] {standard_task_runner.py:84} INFO - Running: ['***', 'tasks', 'run', 'sparking_flow', 'start', 'scheduled__2025-08-31T08:00:00+00:00', '--job-id', '14', '--raw', '--subdir', 'DAGS_FOLDER/spark_***.py', '--cfg-path', '/tmp/tmpdsw56tmc']
[2025-09-01T18:54:17.347+0000] {standard_task_runner.py:85} INFO - Job 14: Subtask start
[2025-09-01T18:54:17.607+0000] {task_command.py:415} INFO - Running <TaskInstance: sparking_flow.start scheduled__2025-08-31T08:00:00+00:00 [running]> on host 7b2a3a75c36f
[2025-09-01T18:54:17.882+0000] {taskinstance.py:1660} INFO - Exporting env vars: AIRFLOW_CTX_DAG_OWNER='Kudzaishe Manyanya' AIRFLOW_CTX_DAG_ID='sparking_flow' AIRFLOW_CTX_TASK_ID='start' AIRFLOW_CTX_EXECUTION_DATE='2025-08-31T08:00:00+00:00' AIRFLOW_CTX_TRY_NUMBER='1' AIRFLOW_CTX_DAG_RUN_ID='scheduled__2025-08-31T08:00:00+00:00'
[2025-09-01T18:54:17.890+0000] {logging_mixin.py:151} INFO - Jobs started
[2025-09-01T18:54:17.890+0000] {python.py:194} INFO - Done. Returned value was: None
[2025-09-01T18:54:17.924+0000] {taskinstance.py:1398} INFO - Marking task as SUCCESS. dag_id=sparking_flow, task_id=start, execution_date=20250831T080000, start_date=20250901T185416, end_date=20250901T185417
[2025-09-01T18:54:17.992+0000] {local_task_job_runner.py:228} INFO - Task exited with return code 0
[2025-09-01T18:54:18.184+0000] {taskinstance.py:2776} INFO - 0 downstream tasks scheduled from follow-on schedule check
