[2025-08-10T13:12:51.706+0000] {taskinstance.py:1157} INFO - Dependencies all met for dep_context=non-requeueable deps ti=<TaskInstance: sparking_flow.python_job manual__2025-08-10T13:12:48.043460+00:00 [queued]>
[2025-08-10T13:12:51.715+0000] {taskinstance.py:1157} INFO - Dependencies all met for dep_context=requeueable deps ti=<TaskInstance: sparking_flow.python_job manual__2025-08-10T13:12:48.043460+00:00 [queued]>
[2025-08-10T13:12:51.716+0000] {taskinstance.py:1359} INFO - Starting attempt 1 of 1
[2025-08-10T13:12:51.730+0000] {taskinstance.py:1380} INFO - Executing <Task(SparkSubmitOperator): python_job> on 2025-08-10 13:12:48.043460+00:00
[2025-08-10T13:12:51.738+0000] {standard_task_runner.py:57} INFO - Started process 1268 to run task
[2025-08-10T13:12:51.742+0000] {standard_task_runner.py:84} INFO - Running: ['***', 'tasks', 'run', 'sparking_flow', 'python_job', 'manual__2025-08-10T13:12:48.043460+00:00', '--job-id', '15', '--raw', '--subdir', 'DAGS_FOLDER/spark_***.py', '--cfg-path', '/tmp/tmpgn1xqka2']
[2025-08-10T13:12:51.745+0000] {standard_task_runner.py:85} INFO - Job 15: Subtask python_job
[2025-08-10T13:12:51.820+0000] {task_command.py:415} INFO - Running <TaskInstance: sparking_flow.python_job manual__2025-08-10T13:12:48.043460+00:00 [running]> on host a8625f1109c7
[2025-08-10T13:12:51.902+0000] {taskinstance.py:1660} INFO - Exporting env vars: AIRFLOW_CTX_DAG_OWNER='Yusuf Ganiyu' AIRFLOW_CTX_DAG_ID='sparking_flow' AIRFLOW_CTX_TASK_ID='python_job' AIRFLOW_CTX_EXECUTION_DATE='2025-08-10T13:12:48.043460+00:00' AIRFLOW_CTX_TRY_NUMBER='1' AIRFLOW_CTX_DAG_RUN_ID='manual__2025-08-10T13:12:48.043460+00:00'
[2025-08-10T13:12:51.913+0000] {base.py:73} INFO - Using connection ID 'spark-conn' for task execution.
[2025-08-10T13:12:51.914+0000] {spark_submit.py:403} INFO - Spark-Submit cmd: spark-submit --master spark://spark-master:7077 --jars /opt/spark/external-jars/spark-mssql-connector_2.11-1.1.0.jar --name arrow-spark --deploy-mode client jobs/python/wordcountjob.py
[2025-08-10T13:12:52.430+0000] {spark_submit.py:579} INFO - WARNING: Using incubator modules: jdk.incubator.vector
[2025-08-10T13:12:53.769+0000] {spark_submit.py:579} INFO - 25/08/10 13:12:53 WARN NativeCodeLoader: Unable to load native-hadoop library for your platform... using builtin-java classes where applicable
[2025-08-10T13:12:53.907+0000] {spark_submit.py:579} INFO - Using Spark's default log4j profile: org/apache/spark/log4j2-defaults.properties
[2025-08-10T13:12:53.910+0000] {spark_submit.py:579} INFO - 25/08/10 13:12:53 WARN DependencyUtils: Local jar /opt/spark/external-jars/spark-mssql-connector_2.11-1.1.0.jar does not exist, skipping.
[2025-08-10T13:12:55.966+0000] {spark_submit.py:579} INFO - 25/08/10 13:12:55 INFO SparkContext: Running Spark version 4.0.0
[2025-08-10T13:12:55.968+0000] {spark_submit.py:579} INFO - 25/08/10 13:12:55 INFO SparkContext: OS info Linux, 6.6.87.2-microsoft-standard-WSL2, amd64
[2025-08-10T13:12:55.969+0000] {spark_submit.py:579} INFO - 25/08/10 13:12:55 INFO SparkContext: Java version 17.0.15
[2025-08-10T13:12:55.994+0000] {spark_submit.py:579} INFO - 25/08/10 13:12:55 INFO ResourceUtils: ==============================================================
[2025-08-10T13:12:55.995+0000] {spark_submit.py:579} INFO - 25/08/10 13:12:55 INFO ResourceUtils: No custom resources configured for spark.driver.
[2025-08-10T13:12:55.995+0000] {spark_submit.py:579} INFO - 25/08/10 13:12:55 INFO ResourceUtils: ==============================================================
[2025-08-10T13:12:55.996+0000] {spark_submit.py:579} INFO - 25/08/10 13:12:55 INFO SparkContext: Submitted application: PythonWordCount
[2025-08-10T13:12:56.020+0000] {spark_submit.py:579} INFO - 25/08/10 13:12:56 INFO ResourceProfile: Default ResourceProfile created, executor resources: Map(memory -> name: memory, amount: 1024, script: , vendor: , offHeap -> name: offHeap, amount: 0, script: , vendor: ), task resources: Map(cpus -> name: cpus, amount: 1.0)
[2025-08-10T13:12:56.023+0000] {spark_submit.py:579} INFO - 25/08/10 13:12:56 INFO ResourceProfile: Limiting resource is cpu
[2025-08-10T13:12:56.024+0000] {spark_submit.py:579} INFO - 25/08/10 13:12:56 INFO ResourceProfileManager: Added ResourceProfile id: 0
[2025-08-10T13:12:56.070+0000] {spark_submit.py:579} INFO - 25/08/10 13:12:56 INFO SecurityManager: Changing view acls to: ***
[2025-08-10T13:12:56.070+0000] {spark_submit.py:579} INFO - 25/08/10 13:12:56 INFO SecurityManager: Changing modify acls to: ***
[2025-08-10T13:12:56.071+0000] {spark_submit.py:579} INFO - 25/08/10 13:12:56 INFO SecurityManager: Changing view acls groups to: ***
[2025-08-10T13:12:56.071+0000] {spark_submit.py:579} INFO - 25/08/10 13:12:56 INFO SecurityManager: Changing modify acls groups to: ***
[2025-08-10T13:12:56.073+0000] {spark_submit.py:579} INFO - 25/08/10 13:12:56 INFO SecurityManager: SecurityManager: authentication disabled; ui acls disabled; users with view permissions: *** groups with view permissions: EMPTY; users with modify permissions: ***; groups with modify permissions: EMPTY; RPC SSL disabled
[2025-08-10T13:12:56.285+0000] {spark_submit.py:579} INFO - 25/08/10 13:12:56 INFO Utils: Successfully started service 'sparkDriver' on port 35067.
[2025-08-10T13:12:56.318+0000] {spark_submit.py:579} INFO - 25/08/10 13:12:56 INFO SparkEnv: Registering MapOutputTracker
[2025-08-10T13:12:56.329+0000] {spark_submit.py:579} INFO - 25/08/10 13:12:56 INFO SparkEnv: Registering BlockManagerMaster
[2025-08-10T13:12:56.348+0000] {spark_submit.py:579} INFO - 25/08/10 13:12:56 INFO BlockManagerMasterEndpoint: Using org.apache.spark.storage.DefaultTopologyMapper for getting topology information
[2025-08-10T13:12:56.348+0000] {spark_submit.py:579} INFO - 25/08/10 13:12:56 INFO BlockManagerMasterEndpoint: BlockManagerMasterEndpoint up
[2025-08-10T13:12:56.353+0000] {spark_submit.py:579} INFO - 25/08/10 13:12:56 INFO SparkEnv: Registering BlockManagerMasterHeartbeat
[2025-08-10T13:12:56.379+0000] {spark_submit.py:579} INFO - 25/08/10 13:12:56 INFO DiskBlockManager: Created local directory at /tmp/blockmgr-acef57e0-7a54-4f85-b12d-ffecea701c7e
[2025-08-10T13:12:56.404+0000] {spark_submit.py:579} INFO - 25/08/10 13:12:56 INFO SparkEnv: Registering OutputCommitCoordinator
[2025-08-10T13:12:56.551+0000] {spark_submit.py:579} INFO - 25/08/10 13:12:56 INFO JettyUtils: Start Jetty 0.0.0.0:4040 for SparkUI
[2025-08-10T13:12:56.619+0000] {spark_submit.py:579} INFO - 25/08/10 13:12:56 INFO Utils: Successfully started service 'SparkUI' on port 4040.
[2025-08-10T13:12:56.649+0000] {spark_submit.py:579} INFO - 25/08/10 13:12:56 ERROR SparkContext: Failed to add file:/opt/spark/external-jars/spark-mssql-connector_2.11-1.1.0.jar to Spark environment
[2025-08-10T13:12:56.649+0000] {spark_submit.py:579} INFO - java.io.FileNotFoundException: Jar /opt/spark/external-jars/spark-mssql-connector_2.11-1.1.0.jar not found
[2025-08-10T13:12:56.650+0000] {spark_submit.py:579} INFO - at org.apache.spark.SparkContext.addLocalJarFile$1(SparkContext.scala:2174)
[2025-08-10T13:12:56.650+0000] {spark_submit.py:579} INFO - at org.apache.spark.SparkContext.addJar(SparkContext.scala:2230)
[2025-08-10T13:12:56.650+0000] {spark_submit.py:579} INFO - at org.apache.spark.SparkContext.$anonfun$new$15(SparkContext.scala:538)
[2025-08-10T13:12:56.651+0000] {spark_submit.py:579} INFO - at org.apache.spark.SparkContext.$anonfun$new$15$adapted(SparkContext.scala:538)
[2025-08-10T13:12:56.651+0000] {spark_submit.py:579} INFO - at scala.collection.IterableOnceOps.foreach(IterableOnce.scala:619)
[2025-08-10T13:12:56.651+0000] {spark_submit.py:579} INFO - at scala.collection.IterableOnceOps.foreach$(IterableOnce.scala:617)
[2025-08-10T13:12:56.652+0000] {spark_submit.py:579} INFO - at scala.collection.AbstractIterable.foreach(Iterable.scala:935)
[2025-08-10T13:12:56.652+0000] {spark_submit.py:579} INFO - at org.apache.spark.SparkContext.<init>(SparkContext.scala:538)
[2025-08-10T13:12:56.652+0000] {spark_submit.py:579} INFO - at org.apache.spark.api.java.JavaSparkContext.<init>(JavaSparkContext.scala:59)
[2025-08-10T13:12:56.653+0000] {spark_submit.py:579} INFO - at java.base/jdk.internal.reflect.NativeConstructorAccessorImpl.newInstance0(Native Method)
[2025-08-10T13:12:56.653+0000] {spark_submit.py:579} INFO - at java.base/jdk.internal.reflect.NativeConstructorAccessorImpl.newInstance(NativeConstructorAccessorImpl.java:77)
[2025-08-10T13:12:56.653+0000] {spark_submit.py:579} INFO - at java.base/jdk.internal.reflect.DelegatingConstructorAccessorImpl.newInstance(DelegatingConstructorAccessorImpl.java:45)
[2025-08-10T13:12:56.654+0000] {spark_submit.py:579} INFO - at java.base/java.lang.reflect.Constructor.newInstanceWithCaller(Constructor.java:500)
[2025-08-10T13:12:56.654+0000] {spark_submit.py:579} INFO - at java.base/java.lang.reflect.Constructor.newInstance(Constructor.java:481)
[2025-08-10T13:12:56.655+0000] {spark_submit.py:579} INFO - at py4j.reflection.MethodInvoker.invoke(MethodInvoker.java:247)
[2025-08-10T13:12:56.655+0000] {spark_submit.py:579} INFO - at py4j.reflection.ReflectionEngine.invoke(ReflectionEngine.java:374)
[2025-08-10T13:12:56.655+0000] {spark_submit.py:579} INFO - at py4j.Gateway.invoke(Gateway.java:238)
[2025-08-10T13:12:56.656+0000] {spark_submit.py:579} INFO - at py4j.commands.ConstructorCommand.invokeConstructor(ConstructorCommand.java:80)
[2025-08-10T13:12:56.656+0000] {spark_submit.py:579} INFO - at py4j.commands.ConstructorCommand.execute(ConstructorCommand.java:69)
[2025-08-10T13:12:56.656+0000] {spark_submit.py:579} INFO - at py4j.ClientServerConnection.waitForCommands(ClientServerConnection.java:184)
[2025-08-10T13:12:56.656+0000] {spark_submit.py:579} INFO - at py4j.ClientServerConnection.run(ClientServerConnection.java:108)
[2025-08-10T13:12:56.657+0000] {spark_submit.py:579} INFO - at java.base/java.lang.Thread.run(Thread.java:840)
[2025-08-10T13:12:56.676+0000] {spark_submit.py:579} INFO - 25/08/10 13:12:56 INFO SecurityManager: Changing view acls to: ***
[2025-08-10T13:12:56.677+0000] {spark_submit.py:579} INFO - 25/08/10 13:12:56 INFO SecurityManager: Changing modify acls to: ***
[2025-08-10T13:12:56.677+0000] {spark_submit.py:579} INFO - 25/08/10 13:12:56 INFO SecurityManager: Changing view acls groups to: ***
[2025-08-10T13:12:56.677+0000] {spark_submit.py:579} INFO - 25/08/10 13:12:56 INFO SecurityManager: Changing modify acls groups to: ***
[2025-08-10T13:12:56.678+0000] {spark_submit.py:579} INFO - 25/08/10 13:12:56 INFO SecurityManager: SecurityManager: authentication disabled; ui acls disabled; users with view permissions: *** groups with view permissions: EMPTY; users with modify permissions: ***; groups with modify permissions: EMPTY; RPC SSL disabled
[2025-08-10T13:12:56.860+0000] {spark_submit.py:579} INFO - 25/08/10 13:12:56 INFO StandaloneAppClient$ClientEndpoint: Connecting to master spark://spark-master:7077...
[2025-08-10T13:12:56.920+0000] {spark_submit.py:579} INFO - 25/08/10 13:12:56 INFO TransportClientFactory: Successfully created connection to spark-master/172.18.0.3:7077 after 29 ms (0 ms spent in bootstraps)
[2025-08-10T13:12:57.014+0000] {spark_submit.py:579} INFO - 25/08/10 13:12:57 INFO StandaloneSchedulerBackend: Connected to Spark cluster with app ID app-20250810131256-0004
[2025-08-10T13:12:57.019+0000] {spark_submit.py:579} INFO - 25/08/10 13:12:57 INFO StandaloneAppClient$ClientEndpoint: Executor added: app-20250810131256-0004/0 on worker-20250810125008-172.18.0.5-43441 (172.18.0.5:43441) with 2 core(s)
[2025-08-10T13:12:57.023+0000] {spark_submit.py:579} INFO - 25/08/10 13:12:57 INFO StandaloneSchedulerBackend: Granted executor ID app-20250810131256-0004/0 on hostPort 172.18.0.5:43441 with 2 core(s), 1024.0 MiB RAM
[2025-08-10T13:12:57.023+0000] {spark_submit.py:579} INFO - 25/08/10 13:12:57 INFO Utils: Successfully started service 'org.apache.spark.network.netty.NettyBlockTransferService' on port 43003.
[2025-08-10T13:12:57.024+0000] {spark_submit.py:579} INFO - 25/08/10 13:12:57 INFO NettyBlockTransferService: Server created on a8625f1109c7:43003
[2025-08-10T13:12:57.026+0000] {spark_submit.py:579} INFO - 25/08/10 13:12:57 INFO BlockManager: Using org.apache.spark.storage.RandomBlockReplicationPolicy for block replication policy
[2025-08-10T13:12:57.043+0000] {spark_submit.py:579} INFO - 25/08/10 13:12:57 INFO BlockManagerMaster: Registering BlockManager BlockManagerId(driver, a8625f1109c7, 43003, None)
[2025-08-10T13:12:57.047+0000] {spark_submit.py:579} INFO - 25/08/10 13:12:57 INFO BlockManagerMasterEndpoint: Registering block manager a8625f1109c7:43003 with 434.4 MiB RAM, BlockManagerId(driver, a8625f1109c7, 43003, None)
[2025-08-10T13:12:57.050+0000] {spark_submit.py:579} INFO - 25/08/10 13:12:57 INFO BlockManagerMaster: Registered BlockManager BlockManagerId(driver, a8625f1109c7, 43003, None)
[2025-08-10T13:12:57.051+0000] {spark_submit.py:579} INFO - 25/08/10 13:12:57 INFO BlockManager: Initialized BlockManager: BlockManagerId(driver, a8625f1109c7, 43003, None)
[2025-08-10T13:12:57.258+0000] {spark_submit.py:579} INFO - 25/08/10 13:12:57 INFO StandaloneAppClient$ClientEndpoint: Executor updated: app-20250810131256-0004/0 is now RUNNING
[2025-08-10T13:12:57.296+0000] {spark_submit.py:579} INFO - 25/08/10 13:12:57 INFO StandaloneSchedulerBackend: SchedulerBackend is ready for scheduling beginning after reached minRegisteredResourcesRatio: 0.0
[2025-08-10T13:13:00.305+0000] {spark_submit.py:579} INFO - 25/08/10 13:13:00 INFO StandaloneSchedulerBackend$StandaloneDriverEndpoint: Registered executor NettyRpcEndpointRef(spark-client://Executor) (172.18.0.5:45164) with ID 0, ResourceProfileId 0
[2025-08-10T13:13:00.425+0000] {spark_submit.py:579} INFO - 25/08/10 13:13:00 INFO BlockManagerMasterEndpoint: Registering block manager 172.18.0.5:42983 with 434.4 MiB RAM, BlockManagerId(0, 172.18.0.5, 42983, None)
[2025-08-10T13:13:00.686+0000] {spark_submit.py:579} INFO - dict_keys(['daily', 'daily960', 'live_rapid', 'live_blitz', 'live_bullet', 'live_bughouse', 'live_blitz960', 'live_threecheck', 'live_crazyhouse', 'live_kingofthehill', 'tactics', 'rush', 'battle'])
[2025-08-10T13:13:00.701+0000] {spark_submit.py:579} INFO - 25/08/10 13:13:00 INFO SharedState: Setting hive.metastore.warehouse.dir ('null') to the value of spark.sql.warehouse.dir.
[2025-08-10T13:13:00.703+0000] {spark_submit.py:579} INFO - 25/08/10 13:13:00 INFO SharedState: Warehouse path is 'file:/opt/***/spark-warehouse'.
[2025-08-10T13:13:02.334+0000] {spark_submit.py:579} INFO - Traceback (most recent call last):
[2025-08-10T13:13:02.334+0000] {spark_submit.py:579} INFO - File "/opt/***/jobs/python/wordcountjob.py", line 84, in <module>
[2025-08-10T13:13:02.336+0000] {spark_submit.py:579} INFO - write_data(daily,"daily")
[2025-08-10T13:13:02.337+0000] {spark_submit.py:579} INFO - File "/opt/***/jobs/python/wordcountjob.py", line 80, in write_data
[2025-08-10T13:13:02.339+0000] {spark_submit.py:579} INFO - df.write.mode("overwrite").jdbc(url=jdbc_url, table=f"dbo.{table}", properties=properties)
[2025-08-10T13:13:02.339+0000] {spark_submit.py:579} INFO - File "/home/***/.local/lib/python3.10/site-packages/pyspark/python/lib/pyspark.zip/pyspark/sql/readwriter.py", line 2347, in jdbc
[2025-08-10T13:13:02.342+0000] {spark_submit.py:579} INFO - File "/home/***/.local/lib/python3.10/site-packages/pyspark/python/lib/py4j-0.10.9.9-src.zip/py4j/java_gateway.py", line 1362, in __call__
[2025-08-10T13:13:02.342+0000] {spark_submit.py:579} INFO - File "/home/***/.local/lib/python3.10/site-packages/pyspark/python/lib/pyspark.zip/pyspark/errors/exceptions/captured.py", line 282, in deco
[2025-08-10T13:13:02.343+0000] {spark_submit.py:579} INFO - File "/home/***/.local/lib/python3.10/site-packages/pyspark/python/lib/py4j-0.10.9.9-src.zip/py4j/protocol.py", line 327, in get_return_value
[2025-08-10T13:13:02.385+0000] {spark_submit.py:579} INFO - py4j.protocol.Py4JJavaError: An error occurred while calling o138.jdbc.
[2025-08-10T13:13:02.385+0000] {spark_submit.py:579} INFO - : java.lang.ClassNotFoundException: com.microsoft.sqlserver.jdbc.SQLServerDriver
[2025-08-10T13:13:02.386+0000] {spark_submit.py:579} INFO - at java.base/java.net.URLClassLoader.findClass(URLClassLoader.java:445)
[2025-08-10T13:13:02.386+0000] {spark_submit.py:579} INFO - at java.base/java.lang.ClassLoader.loadClass(ClassLoader.java:592)
[2025-08-10T13:13:02.386+0000] {spark_submit.py:579} INFO - at java.base/java.lang.ClassLoader.loadClass(ClassLoader.java:525)
[2025-08-10T13:13:02.386+0000] {spark_submit.py:579} INFO - at org.apache.spark.sql.execution.datasources.jdbc.DriverRegistry$.register(DriverRegistry.scala:47)
[2025-08-10T13:13:02.387+0000] {spark_submit.py:579} INFO - at org.apache.spark.sql.execution.datasources.jdbc.JDBCOptions.$anonfun$driverClass$1(JDBCOptions.scala:112)
[2025-08-10T13:13:02.387+0000] {spark_submit.py:579} INFO - at org.apache.spark.sql.execution.datasources.jdbc.JDBCOptions.$anonfun$driverClass$1$adapted(JDBCOptions.scala:112)
[2025-08-10T13:13:02.387+0000] {spark_submit.py:579} INFO - at scala.Option.foreach(Option.scala:437)
[2025-08-10T13:13:02.387+0000] {spark_submit.py:579} INFO - at org.apache.spark.sql.execution.datasources.jdbc.JDBCOptions.<init>(JDBCOptions.scala:112)
[2025-08-10T13:13:02.388+0000] {spark_submit.py:579} INFO - at org.apache.spark.sql.execution.datasources.jdbc.JdbcOptionsInWrite.<init>(JDBCOptions.scala:272)
[2025-08-10T13:13:02.388+0000] {spark_submit.py:579} INFO - at org.apache.spark.sql.execution.datasources.jdbc.JdbcOptionsInWrite.<init>(JDBCOptions.scala:276)
[2025-08-10T13:13:02.388+0000] {spark_submit.py:579} INFO - at org.apache.spark.sql.execution.datasources.jdbc.JdbcRelationProvider.createRelation(JdbcRelationProvider.scala:48)
[2025-08-10T13:13:02.388+0000] {spark_submit.py:579} INFO - at org.apache.spark.sql.execution.datasources.SaveIntoDataSourceCommand.run(SaveIntoDataSourceCommand.scala:55)
[2025-08-10T13:13:02.389+0000] {spark_submit.py:579} INFO - at org.apache.spark.sql.execution.command.ExecutedCommandExec.sideEffectResult$lzycompute(commands.scala:79)
[2025-08-10T13:13:02.389+0000] {spark_submit.py:579} INFO - at org.apache.spark.sql.execution.command.ExecutedCommandExec.sideEffectResult(commands.scala:77)
[2025-08-10T13:13:02.390+0000] {spark_submit.py:579} INFO - at org.apache.spark.sql.execution.command.ExecutedCommandExec.executeCollect(commands.scala:88)
[2025-08-10T13:13:02.390+0000] {spark_submit.py:579} INFO - at org.apache.spark.sql.execution.QueryExecution.$anonfun$eagerlyExecuteCommands$2(QueryExecution.scala:155)
[2025-08-10T13:13:02.390+0000] {spark_submit.py:579} INFO - at org.apache.spark.sql.execution.SQLExecution$.$anonfun$withNewExecutionId0$8(SQLExecution.scala:162)
[2025-08-10T13:13:02.390+0000] {spark_submit.py:579} INFO - at org.apache.spark.sql.execution.SQLExecution$.withSessionTagsApplied(SQLExecution.scala:268)
[2025-08-10T13:13:02.390+0000] {spark_submit.py:579} INFO - at org.apache.spark.sql.execution.SQLExecution$.$anonfun$withNewExecutionId0$7(SQLExecution.scala:124)
[2025-08-10T13:13:02.391+0000] {spark_submit.py:579} INFO - at org.apache.spark.JobArtifactSet$.withActiveJobArtifactState(JobArtifactSet.scala:94)
[2025-08-10T13:13:02.391+0000] {spark_submit.py:579} INFO - at org.apache.spark.sql.artifact.ArtifactManager.$anonfun$withResources$1(ArtifactManager.scala:112)
[2025-08-10T13:13:02.391+0000] {spark_submit.py:579} INFO - at org.apache.spark.sql.artifact.ArtifactManager.withClassLoaderIfNeeded(ArtifactManager.scala:106)
[2025-08-10T13:13:02.391+0000] {spark_submit.py:579} INFO - at org.apache.spark.sql.artifact.ArtifactManager.withResources(ArtifactManager.scala:111)
[2025-08-10T13:13:02.391+0000] {spark_submit.py:579} INFO - at org.apache.spark.sql.execution.SQLExecution$.$anonfun$withNewExecutionId0$6(SQLExecution.scala:124)
[2025-08-10T13:13:02.392+0000] {spark_submit.py:579} INFO - at org.apache.spark.sql.execution.SQLExecution$.withSQLConfPropagated(SQLExecution.scala:291)
[2025-08-10T13:13:02.392+0000] {spark_submit.py:579} INFO - at org.apache.spark.sql.execution.SQLExecution$.$anonfun$withNewExecutionId0$1(SQLExecution.scala:123)
[2025-08-10T13:13:02.392+0000] {spark_submit.py:579} INFO - at org.apache.spark.sql.SparkSession.withActive(SparkSession.scala:804)
[2025-08-10T13:13:02.392+0000] {spark_submit.py:579} INFO - at org.apache.spark.sql.execution.SQLExecution$.withNewExecutionId0(SQLExecution.scala:77)
[2025-08-10T13:13:02.393+0000] {spark_submit.py:579} INFO - at org.apache.spark.sql.execution.SQLExecution$.withNewExecutionId(SQLExecution.scala:233)
[2025-08-10T13:13:02.393+0000] {spark_submit.py:579} INFO - at org.apache.spark.sql.execution.QueryExecution.$anonfun$eagerlyExecuteCommands$1(QueryExecution.scala:155)
[2025-08-10T13:13:02.393+0000] {spark_submit.py:579} INFO - at org.apache.spark.sql.execution.QueryExecution$.withInternalError(QueryExecution.scala:654)
[2025-08-10T13:13:02.393+0000] {spark_submit.py:579} INFO - at org.apache.spark.sql.execution.QueryExecution.org$apache$spark$sql$execution$QueryExecution$$eagerlyExecute$1(QueryExecution.scala:154)
[2025-08-10T13:13:02.394+0000] {spark_submit.py:579} INFO - at org.apache.spark.sql.execution.QueryExecution$$anonfun$eagerlyExecuteCommands$3.applyOrElse(QueryExecution.scala:169)
[2025-08-10T13:13:02.394+0000] {spark_submit.py:579} INFO - at org.apache.spark.sql.execution.QueryExecution$$anonfun$eagerlyExecuteCommands$3.applyOrElse(QueryExecution.scala:164)
[2025-08-10T13:13:02.394+0000] {spark_submit.py:579} INFO - at org.apache.spark.sql.catalyst.trees.TreeNode.$anonfun$transformDownWithPruning$1(TreeNode.scala:470)
[2025-08-10T13:13:02.394+0000] {spark_submit.py:579} INFO - at org.apache.spark.sql.catalyst.trees.CurrentOrigin$.withOrigin(origin.scala:86)
[2025-08-10T13:13:02.394+0000] {spark_submit.py:579} INFO - at org.apache.spark.sql.catalyst.trees.TreeNode.transformDownWithPruning(TreeNode.scala:470)
[2025-08-10T13:13:02.395+0000] {spark_submit.py:579} INFO - at org.apache.spark.sql.catalyst.plans.logical.LogicalPlan.org$apache$spark$sql$catalyst$plans$logical$AnalysisHelper$$super$transformDownWithPruning(LogicalPlan.scala:37)
[2025-08-10T13:13:02.395+0000] {spark_submit.py:579} INFO - at org.apache.spark.sql.catalyst.plans.logical.AnalysisHelper.transformDownWithPruning(AnalysisHelper.scala:360)
[2025-08-10T13:13:02.395+0000] {spark_submit.py:579} INFO - at org.apache.spark.sql.catalyst.plans.logical.AnalysisHelper.transformDownWithPruning$(AnalysisHelper.scala:356)
[2025-08-10T13:13:02.395+0000] {spark_submit.py:579} INFO - at org.apache.spark.sql.catalyst.plans.logical.LogicalPlan.transformDownWithPruning(LogicalPlan.scala:37)
[2025-08-10T13:13:02.396+0000] {spark_submit.py:579} INFO - at org.apache.spark.sql.catalyst.plans.logical.LogicalPlan.transformDownWithPruning(LogicalPlan.scala:37)
[2025-08-10T13:13:02.396+0000] {spark_submit.py:579} INFO - at org.apache.spark.sql.catalyst.trees.TreeNode.transformDown(TreeNode.scala:446)
[2025-08-10T13:13:02.396+0000] {spark_submit.py:579} INFO - at org.apache.spark.sql.execution.QueryExecution.eagerlyExecuteCommands(QueryExecution.scala:164)
[2025-08-10T13:13:02.396+0000] {spark_submit.py:579} INFO - at org.apache.spark.sql.execution.QueryExecution.$anonfun$lazyCommandExecuted$1(QueryExecution.scala:126)
[2025-08-10T13:13:02.397+0000] {spark_submit.py:579} INFO - at scala.util.Try$.apply(Try.scala:217)
[2025-08-10T13:13:02.397+0000] {spark_submit.py:579} INFO - at org.apache.spark.util.Utils$.doTryWithCallerStacktrace(Utils.scala:1378)
[2025-08-10T13:13:02.397+0000] {spark_submit.py:579} INFO - at org.apache.spark.util.Utils$.getTryWithCallerStacktrace(Utils.scala:1439)
[2025-08-10T13:13:02.397+0000] {spark_submit.py:579} INFO - at org.apache.spark.util.LazyTry.get(LazyTry.scala:58)
[2025-08-10T13:13:02.397+0000] {spark_submit.py:579} INFO - at org.apache.spark.sql.execution.QueryExecution.commandExecuted(QueryExecution.scala:131)
[2025-08-10T13:13:02.398+0000] {spark_submit.py:579} INFO - at org.apache.spark.sql.execution.QueryExecution.assertCommandExecuted(QueryExecution.scala:192)
[2025-08-10T13:13:02.398+0000] {spark_submit.py:579} INFO - at org.apache.spark.sql.classic.DataFrameWriter.runCommand(DataFrameWriter.scala:622)
[2025-08-10T13:13:02.398+0000] {spark_submit.py:579} INFO - at org.apache.spark.sql.classic.DataFrameWriter.saveToV1Source(DataFrameWriter.scala:273)
[2025-08-10T13:13:02.398+0000] {spark_submit.py:579} INFO - at org.apache.spark.sql.classic.DataFrameWriter.saveInternal(DataFrameWriter.scala:241)
[2025-08-10T13:13:02.398+0000] {spark_submit.py:579} INFO - at org.apache.spark.sql.classic.DataFrameWriter.save(DataFrameWriter.scala:126)
[2025-08-10T13:13:02.399+0000] {spark_submit.py:579} INFO - at org.apache.spark.sql.DataFrameWriter.jdbc(DataFrameWriter.scala:334)
[2025-08-10T13:13:02.399+0000] {spark_submit.py:579} INFO - at java.base/jdk.internal.reflect.NativeMethodAccessorImpl.invoke0(Native Method)
[2025-08-10T13:13:02.399+0000] {spark_submit.py:579} INFO - at java.base/jdk.internal.reflect.NativeMethodAccessorImpl.invoke(NativeMethodAccessorImpl.java:77)
[2025-08-10T13:13:02.399+0000] {spark_submit.py:579} INFO - at java.base/jdk.internal.reflect.DelegatingMethodAccessorImpl.invoke(DelegatingMethodAccessorImpl.java:43)
[2025-08-10T13:13:02.399+0000] {spark_submit.py:579} INFO - at java.base/java.lang.reflect.Method.invoke(Method.java:569)
[2025-08-10T13:13:02.399+0000] {spark_submit.py:579} INFO - at py4j.reflection.MethodInvoker.invoke(MethodInvoker.java:244)
[2025-08-10T13:13:02.400+0000] {spark_submit.py:579} INFO - at py4j.reflection.ReflectionEngine.invoke(ReflectionEngine.java:374)
[2025-08-10T13:13:02.400+0000] {spark_submit.py:579} INFO - at py4j.Gateway.invoke(Gateway.java:282)
[2025-08-10T13:13:02.400+0000] {spark_submit.py:579} INFO - at py4j.commands.AbstractCommand.invokeMethod(AbstractCommand.java:132)
[2025-08-10T13:13:02.400+0000] {spark_submit.py:579} INFO - at py4j.commands.CallCommand.execute(CallCommand.java:79)
[2025-08-10T13:13:02.401+0000] {spark_submit.py:579} INFO - at py4j.ClientServerConnection.waitForCommands(ClientServerConnection.java:184)
[2025-08-10T13:13:02.401+0000] {spark_submit.py:579} INFO - at py4j.ClientServerConnection.run(ClientServerConnection.java:108)
[2025-08-10T13:13:02.401+0000] {spark_submit.py:579} INFO - at java.base/java.lang.Thread.run(Thread.java:840)
[2025-08-10T13:13:02.401+0000] {spark_submit.py:579} INFO - Suppressed: org.apache.spark.util.Utils$OriginalTryStackTraceException: Full stacktrace of original doTryWithCallerStacktrace caller
[2025-08-10T13:13:02.401+0000] {spark_submit.py:579} INFO - at java.base/java.net.URLClassLoader.findClass(URLClassLoader.java:445)
[2025-08-10T13:13:02.402+0000] {spark_submit.py:579} INFO - at java.base/java.lang.ClassLoader.loadClass(ClassLoader.java:592)
[2025-08-10T13:13:02.402+0000] {spark_submit.py:579} INFO - at java.base/java.lang.ClassLoader.loadClass(ClassLoader.java:525)
[2025-08-10T13:13:02.402+0000] {spark_submit.py:579} INFO - at org.apache.spark.sql.execution.datasources.jdbc.DriverRegistry$.register(DriverRegistry.scala:47)
[2025-08-10T13:13:02.402+0000] {spark_submit.py:579} INFO - at org.apache.spark.sql.execution.datasources.jdbc.JDBCOptions.$anonfun$driverClass$1(JDBCOptions.scala:112)
[2025-08-10T13:13:02.402+0000] {spark_submit.py:579} INFO - at org.apache.spark.sql.execution.datasources.jdbc.JDBCOptions.$anonfun$driverClass$1$adapted(JDBCOptions.scala:112)
[2025-08-10T13:13:02.403+0000] {spark_submit.py:579} INFO - at scala.Option.foreach(Option.scala:437)
[2025-08-10T13:13:02.403+0000] {spark_submit.py:579} INFO - at org.apache.spark.sql.execution.datasources.jdbc.JDBCOptions.<init>(JDBCOptions.scala:112)
[2025-08-10T13:13:02.403+0000] {spark_submit.py:579} INFO - at org.apache.spark.sql.execution.datasources.jdbc.JdbcOptionsInWrite.<init>(JDBCOptions.scala:272)
[2025-08-10T13:13:02.403+0000] {spark_submit.py:579} INFO - at org.apache.spark.sql.execution.datasources.jdbc.JdbcOptionsInWrite.<init>(JDBCOptions.scala:276)
[2025-08-10T13:13:02.403+0000] {spark_submit.py:579} INFO - at org.apache.spark.sql.execution.datasources.jdbc.JdbcRelationProvider.createRelation(JdbcRelationProvider.scala:48)
[2025-08-10T13:13:02.404+0000] {spark_submit.py:579} INFO - at org.apache.spark.sql.execution.datasources.SaveIntoDataSourceCommand.run(SaveIntoDataSourceCommand.scala:55)
[2025-08-10T13:13:02.404+0000] {spark_submit.py:579} INFO - at org.apache.spark.sql.execution.command.ExecutedCommandExec.sideEffectResult$lzycompute(commands.scala:79)
[2025-08-10T13:13:02.404+0000] {spark_submit.py:579} INFO - at org.apache.spark.sql.execution.command.ExecutedCommandExec.sideEffectResult(commands.scala:77)
[2025-08-10T13:13:02.405+0000] {spark_submit.py:579} INFO - at org.apache.spark.sql.execution.command.ExecutedCommandExec.executeCollect(commands.scala:88)
[2025-08-10T13:13:02.405+0000] {spark_submit.py:579} INFO - at org.apache.spark.sql.execution.QueryExecution.$anonfun$eagerlyExecuteCommands$2(QueryExecution.scala:155)
[2025-08-10T13:13:02.405+0000] {spark_submit.py:579} INFO - at org.apache.spark.sql.execution.SQLExecution$.$anonfun$withNewExecutionId0$8(SQLExecution.scala:162)
[2025-08-10T13:13:02.405+0000] {spark_submit.py:579} INFO - at org.apache.spark.sql.execution.SQLExecution$.withSessionTagsApplied(SQLExecution.scala:268)
[2025-08-10T13:13:02.406+0000] {spark_submit.py:579} INFO - at org.apache.spark.sql.execution.SQLExecution$.$anonfun$withNewExecutionId0$7(SQLExecution.scala:124)
[2025-08-10T13:13:02.406+0000] {spark_submit.py:579} INFO - at org.apache.spark.JobArtifactSet$.withActiveJobArtifactState(JobArtifactSet.scala:94)
[2025-08-10T13:13:02.406+0000] {spark_submit.py:579} INFO - at org.apache.spark.sql.artifact.ArtifactManager.$anonfun$withResources$1(ArtifactManager.scala:112)
[2025-08-10T13:13:02.406+0000] {spark_submit.py:579} INFO - at org.apache.spark.sql.artifact.ArtifactManager.withClassLoaderIfNeeded(ArtifactManager.scala:106)
[2025-08-10T13:13:02.406+0000] {spark_submit.py:579} INFO - at org.apache.spark.sql.artifact.ArtifactManager.withResources(ArtifactManager.scala:111)
[2025-08-10T13:13:02.407+0000] {spark_submit.py:579} INFO - at org.apache.spark.sql.execution.SQLExecution$.$anonfun$withNewExecutionId0$6(SQLExecution.scala:124)
[2025-08-10T13:13:02.407+0000] {spark_submit.py:579} INFO - at org.apache.spark.sql.execution.SQLExecution$.withSQLConfPropagated(SQLExecution.scala:291)
[2025-08-10T13:13:02.407+0000] {spark_submit.py:579} INFO - at org.apache.spark.sql.execution.SQLExecution$.$anonfun$withNewExecutionId0$1(SQLExecution.scala:123)
[2025-08-10T13:13:02.407+0000] {spark_submit.py:579} INFO - at org.apache.spark.sql.SparkSession.withActive(SparkSession.scala:804)
[2025-08-10T13:13:02.407+0000] {spark_submit.py:579} INFO - at org.apache.spark.sql.execution.SQLExecution$.withNewExecutionId0(SQLExecution.scala:77)
[2025-08-10T13:13:02.408+0000] {spark_submit.py:579} INFO - at org.apache.spark.sql.execution.SQLExecution$.withNewExecutionId(SQLExecution.scala:233)
[2025-08-10T13:13:02.408+0000] {spark_submit.py:579} INFO - at org.apache.spark.sql.execution.QueryExecution.$anonfun$eagerlyExecuteCommands$1(QueryExecution.scala:155)
[2025-08-10T13:13:02.408+0000] {spark_submit.py:579} INFO - at org.apache.spark.sql.execution.QueryExecution$.withInternalError(QueryExecution.scala:654)
[2025-08-10T13:13:02.408+0000] {spark_submit.py:579} INFO - at org.apache.spark.sql.execution.QueryExecution.org$apache$spark$sql$execution$QueryExecution$$eagerlyExecute$1(QueryExecution.scala:154)
[2025-08-10T13:13:02.409+0000] {spark_submit.py:579} INFO - at org.apache.spark.sql.execution.QueryExecution$$anonfun$eagerlyExecuteCommands$3.applyOrElse(QueryExecution.scala:169)
[2025-08-10T13:13:02.409+0000] {spark_submit.py:579} INFO - at org.apache.spark.sql.execution.QueryExecution$$anonfun$eagerlyExecuteCommands$3.applyOrElse(QueryExecution.scala:164)
[2025-08-10T13:13:02.409+0000] {spark_submit.py:579} INFO - at org.apache.spark.sql.catalyst.trees.TreeNode.$anonfun$transformDownWithPruning$1(TreeNode.scala:470)
[2025-08-10T13:13:02.409+0000] {spark_submit.py:579} INFO - at org.apache.spark.sql.catalyst.trees.CurrentOrigin$.withOrigin(origin.scala:86)
[2025-08-10T13:13:02.410+0000] {spark_submit.py:579} INFO - at org.apache.spark.sql.catalyst.trees.TreeNode.transformDownWithPruning(TreeNode.scala:470)
[2025-08-10T13:13:02.410+0000] {spark_submit.py:579} INFO - at org.apache.spark.sql.catalyst.plans.logical.LogicalPlan.org$apache$spark$sql$catalyst$plans$logical$AnalysisHelper$$super$transformDownWithPruning(LogicalPlan.scala:37)
[2025-08-10T13:13:02.410+0000] {spark_submit.py:579} INFO - at org.apache.spark.sql.catalyst.plans.logical.AnalysisHelper.transformDownWithPruning(AnalysisHelper.scala:360)
[2025-08-10T13:13:02.410+0000] {spark_submit.py:579} INFO - at org.apache.spark.sql.catalyst.plans.logical.AnalysisHelper.transformDownWithPruning$(AnalysisHelper.scala:356)
[2025-08-10T13:13:02.410+0000] {spark_submit.py:579} INFO - at org.apache.spark.sql.catalyst.plans.logical.LogicalPlan.transformDownWithPruning(LogicalPlan.scala:37)
[2025-08-10T13:13:02.411+0000] {spark_submit.py:579} INFO - at org.apache.spark.sql.catalyst.plans.logical.LogicalPlan.transformDownWithPruning(LogicalPlan.scala:37)
[2025-08-10T13:13:02.411+0000] {spark_submit.py:579} INFO - at org.apache.spark.sql.catalyst.trees.TreeNode.transformDown(TreeNode.scala:446)
[2025-08-10T13:13:02.411+0000] {spark_submit.py:579} INFO - at org.apache.spark.sql.execution.QueryExecution.eagerlyExecuteCommands(QueryExecution.scala:164)
[2025-08-10T13:13:02.411+0000] {spark_submit.py:579} INFO - at org.apache.spark.sql.execution.QueryExecution.$anonfun$lazyCommandExecuted$1(QueryExecution.scala:126)
[2025-08-10T13:13:02.411+0000] {spark_submit.py:579} INFO - at scala.util.Try$.apply(Try.scala:217)
[2025-08-10T13:13:02.412+0000] {spark_submit.py:579} INFO - at org.apache.spark.util.Utils$.doTryWithCallerStacktrace(Utils.scala:1378)
[2025-08-10T13:13:02.412+0000] {spark_submit.py:579} INFO - at org.apache.spark.util.LazyTry.tryT$lzycompute(LazyTry.scala:46)
[2025-08-10T13:13:02.412+0000] {spark_submit.py:579} INFO - at org.apache.spark.util.LazyTry.tryT(LazyTry.scala:46)
[2025-08-10T13:13:02.412+0000] {spark_submit.py:579} INFO - ... 20 more
[2025-08-10T13:13:02.413+0000] {spark_submit.py:579} INFO - 
[2025-08-10T13:13:02.531+0000] {spark_submit.py:579} INFO - 25/08/10 13:13:02 INFO SparkContext: Invoking stop() from shutdown hook
[2025-08-10T13:13:02.533+0000] {spark_submit.py:579} INFO - 25/08/10 13:13:02 INFO SparkContext: SparkContext is stopping with exitCode 0 from run at Executors.java:539.
[2025-08-10T13:13:02.544+0000] {spark_submit.py:579} INFO - 25/08/10 13:13:02 INFO SparkUI: Stopped Spark web UI at http://a8625f1109c7:4040
[2025-08-10T13:13:02.547+0000] {spark_submit.py:579} INFO - 25/08/10 13:13:02 INFO StandaloneSchedulerBackend: Shutting down all executors
[2025-08-10T13:13:02.547+0000] {spark_submit.py:579} INFO - 25/08/10 13:13:02 INFO StandaloneSchedulerBackend$StandaloneDriverEndpoint: Asking each executor to shut down
[2025-08-10T13:13:02.562+0000] {spark_submit.py:579} INFO - 25/08/10 13:13:02 INFO MapOutputTrackerMasterEndpoint: MapOutputTrackerMasterEndpoint stopped!
[2025-08-10T13:13:02.611+0000] {spark_submit.py:579} INFO - 25/08/10 13:13:02 INFO MemoryStore: MemoryStore started with capacity 434.4 MiB
[2025-08-10T13:13:02.612+0000] {spark_submit.py:579} INFO - 25/08/10 13:13:02 INFO MemoryStore: MemoryStore cleared
[2025-08-10T13:13:02.613+0000] {spark_submit.py:579} INFO - 25/08/10 13:13:02 INFO BlockManager: BlockManager stopped
[2025-08-10T13:13:02.618+0000] {spark_submit.py:579} INFO - 25/08/10 13:13:02 INFO BlockManagerMaster: BlockManagerMaster stopped
[2025-08-10T13:13:02.620+0000] {spark_submit.py:579} INFO - 25/08/10 13:13:02 INFO OutputCommitCoordinator$OutputCommitCoordinatorEndpoint: OutputCommitCoordinator stopped!
[2025-08-10T13:13:02.648+0000] {spark_submit.py:579} INFO - 25/08/10 13:13:02 INFO SparkContext: Successfully stopped SparkContext
[2025-08-10T13:13:02.649+0000] {spark_submit.py:579} INFO - 25/08/10 13:13:02 INFO ShutdownHookManager: Shutdown hook called
[2025-08-10T13:13:02.653+0000] {spark_submit.py:579} INFO - 25/08/10 13:13:02 INFO ShutdownHookManager: Deleting directory /opt/***/artifacts/spark-8c26e114-db06-4fbf-ab91-1ffc43c62af0
[2025-08-10T13:13:02.668+0000] {spark_submit.py:579} INFO - 25/08/10 13:13:02 INFO ShutdownHookManager: Deleting directory /tmp/spark-6cca54ab-d5af-4eef-81bc-6c3c58c1c44c
[2025-08-10T13:13:02.683+0000] {spark_submit.py:579} INFO - 25/08/10 13:13:02 INFO ShutdownHookManager: Deleting directory /tmp/spark-2d32641f-34d6-4869-bbcd-1774d1eaddd1/pyspark-566b9f2f-a1f1-4daf-a7d1-e3523bca8b60
[2025-08-10T13:13:02.695+0000] {spark_submit.py:579} INFO - 25/08/10 13:13:02 INFO ShutdownHookManager: Deleting directory /tmp/spark-2d32641f-34d6-4869-bbcd-1774d1eaddd1
[2025-08-10T13:13:02.791+0000] {taskinstance.py:1935} ERROR - Task failed with exception
Traceback (most recent call last):
  File "/home/airflow/.local/lib/python3.10/site-packages/airflow/providers/apache/spark/operators/spark_submit.py", line 174, in execute
    self._hook.submit(self.application)
  File "/home/airflow/.local/lib/python3.10/site-packages/airflow/providers/apache/spark/hooks/spark_submit.py", line 505, in submit
    raise AirflowException(
airflow.exceptions.AirflowException: Cannot execute: spark-submit --master spark://spark-master:7077 --jars /opt/spark/external-jars/spark-mssql-connector_2.11-1.1.0.jar --name arrow-spark --deploy-mode client jobs/python/wordcountjob.py. Error code is: 1.
[2025-08-10T13:13:02.801+0000] {taskinstance.py:1398} INFO - Marking task as FAILED. dag_id=sparking_flow, task_id=python_job, execution_date=20250810T131248, start_date=20250810T131251, end_date=20250810T131302
[2025-08-10T13:13:02.825+0000] {standard_task_runner.py:104} ERROR - Failed to execute job 15 for task python_job (Cannot execute: spark-submit --master spark://spark-master:7077 --jars /opt/spark/external-jars/spark-mssql-connector_2.11-1.1.0.jar --name arrow-spark --deploy-mode client jobs/python/wordcountjob.py. Error code is: 1.; 1268)
[2025-08-10T13:13:02.872+0000] {local_task_job_runner.py:228} INFO - Task exited with return code 1
[2025-08-10T13:13:02.907+0000] {taskinstance.py:2776} INFO - 0 downstream tasks scheduled from follow-on schedule check
