[2025-08-10T13:11:47.846+0000] {taskinstance.py:1157} INFO - Dependencies all met for dep_context=non-requeueable deps ti=<TaskInstance: sparking_flow.python_job manual__2025-08-10T13:11:43.194117+00:00 [queued]>
[2025-08-10T13:11:47.852+0000] {taskinstance.py:1157} INFO - Dependencies all met for dep_context=requeueable deps ti=<TaskInstance: sparking_flow.python_job manual__2025-08-10T13:11:43.194117+00:00 [queued]>
[2025-08-10T13:11:47.853+0000] {taskinstance.py:1359} INFO - Starting attempt 1 of 1
[2025-08-10T13:11:47.865+0000] {taskinstance.py:1380} INFO - Executing <Task(SparkSubmitOperator): python_job> on 2025-08-10 13:11:43.194117+00:00
[2025-08-10T13:11:47.872+0000] {standard_task_runner.py:57} INFO - Started process 1071 to run task
[2025-08-10T13:11:47.875+0000] {standard_task_runner.py:84} INFO - Running: ['***', 'tasks', 'run', 'sparking_flow', 'python_job', 'manual__2025-08-10T13:11:43.194117+00:00', '--job-id', '13', '--raw', '--subdir', 'DAGS_FOLDER/spark_***.py', '--cfg-path', '/tmp/tmp06bqub7b']
[2025-08-10T13:11:47.878+0000] {standard_task_runner.py:85} INFO - Job 13: Subtask python_job
[2025-08-10T13:11:47.943+0000] {task_command.py:415} INFO - Running <TaskInstance: sparking_flow.python_job manual__2025-08-10T13:11:43.194117+00:00 [running]> on host a8625f1109c7
[2025-08-10T13:11:48.026+0000] {taskinstance.py:1660} INFO - Exporting env vars: AIRFLOW_CTX_DAG_OWNER='Yusuf Ganiyu' AIRFLOW_CTX_DAG_ID='sparking_flow' AIRFLOW_CTX_TASK_ID='python_job' AIRFLOW_CTX_EXECUTION_DATE='2025-08-10T13:11:43.194117+00:00' AIRFLOW_CTX_TRY_NUMBER='1' AIRFLOW_CTX_DAG_RUN_ID='manual__2025-08-10T13:11:43.194117+00:00'
[2025-08-10T13:11:48.040+0000] {base.py:73} INFO - Using connection ID 'spark-conn' for task execution.
[2025-08-10T13:11:48.041+0000] {spark_submit.py:403} INFO - Spark-Submit cmd: spark-submit --master spark://spark-master:7077 --jars /opt/spark/external-jars/spark-mssql-connector_2.11-1.1.0.jar --name arrow-spark --deploy-mode client jobs/python/wordcountjob.py
[2025-08-10T13:11:48.982+0000] {spark_submit.py:579} INFO - WARNING: Using incubator modules: jdk.incubator.vector
[2025-08-10T13:11:50.605+0000] {spark_submit.py:579} INFO - 25/08/10 13:11:50 WARN NativeCodeLoader: Unable to load native-hadoop library for your platform... using builtin-java classes where applicable
[2025-08-10T13:11:50.759+0000] {spark_submit.py:579} INFO - Using Spark's default log4j profile: org/apache/spark/log4j2-defaults.properties
[2025-08-10T13:11:50.764+0000] {spark_submit.py:579} INFO - 25/08/10 13:11:50 WARN DependencyUtils: Local jar /opt/spark/external-jars/spark-mssql-connector_2.11-1.1.0.jar does not exist, skipping.
[2025-08-10T13:11:53.891+0000] {spark_submit.py:579} INFO - 25/08/10 13:11:53 INFO SparkContext: Running Spark version 4.0.0
[2025-08-10T13:11:53.894+0000] {spark_submit.py:579} INFO - 25/08/10 13:11:53 INFO SparkContext: OS info Linux, 6.6.87.2-microsoft-standard-WSL2, amd64
[2025-08-10T13:11:53.894+0000] {spark_submit.py:579} INFO - 25/08/10 13:11:53 INFO SparkContext: Java version 17.0.15
[2025-08-10T13:11:53.919+0000] {spark_submit.py:579} INFO - 25/08/10 13:11:53 INFO ResourceUtils: ==============================================================
[2025-08-10T13:11:53.920+0000] {spark_submit.py:579} INFO - 25/08/10 13:11:53 INFO ResourceUtils: No custom resources configured for spark.driver.
[2025-08-10T13:11:53.920+0000] {spark_submit.py:579} INFO - 25/08/10 13:11:53 INFO ResourceUtils: ==============================================================
[2025-08-10T13:11:53.921+0000] {spark_submit.py:579} INFO - 25/08/10 13:11:53 INFO SparkContext: Submitted application: PythonWordCount
[2025-08-10T13:11:53.944+0000] {spark_submit.py:579} INFO - 25/08/10 13:11:53 INFO ResourceProfile: Default ResourceProfile created, executor resources: Map(memory -> name: memory, amount: 1024, script: , vendor: , offHeap -> name: offHeap, amount: 0, script: , vendor: ), task resources: Map(cpus -> name: cpus, amount: 1.0)
[2025-08-10T13:11:53.947+0000] {spark_submit.py:579} INFO - 25/08/10 13:11:53 INFO ResourceProfile: Limiting resource is cpu
[2025-08-10T13:11:53.948+0000] {spark_submit.py:579} INFO - 25/08/10 13:11:53 INFO ResourceProfileManager: Added ResourceProfile id: 0
[2025-08-10T13:11:53.997+0000] {spark_submit.py:579} INFO - 25/08/10 13:11:53 INFO SecurityManager: Changing view acls to: ***
[2025-08-10T13:11:53.997+0000] {spark_submit.py:579} INFO - 25/08/10 13:11:53 INFO SecurityManager: Changing modify acls to: ***
[2025-08-10T13:11:53.998+0000] {spark_submit.py:579} INFO - 25/08/10 13:11:53 INFO SecurityManager: Changing view acls groups to: ***
[2025-08-10T13:11:53.998+0000] {spark_submit.py:579} INFO - 25/08/10 13:11:53 INFO SecurityManager: Changing modify acls groups to: ***
[2025-08-10T13:11:54.000+0000] {spark_submit.py:579} INFO - 25/08/10 13:11:54 INFO SecurityManager: SecurityManager: authentication disabled; ui acls disabled; users with view permissions: *** groups with view permissions: EMPTY; users with modify permissions: ***; groups with modify permissions: EMPTY; RPC SSL disabled
[2025-08-10T13:11:54.231+0000] {spark_submit.py:579} INFO - 25/08/10 13:11:54 INFO Utils: Successfully started service 'sparkDriver' on port 33959.
[2025-08-10T13:11:54.264+0000] {spark_submit.py:579} INFO - 25/08/10 13:11:54 INFO SparkEnv: Registering MapOutputTracker
[2025-08-10T13:11:54.278+0000] {spark_submit.py:579} INFO - 25/08/10 13:11:54 INFO SparkEnv: Registering BlockManagerMaster
[2025-08-10T13:11:54.300+0000] {spark_submit.py:579} INFO - 25/08/10 13:11:54 INFO BlockManagerMasterEndpoint: Using org.apache.spark.storage.DefaultTopologyMapper for getting topology information
[2025-08-10T13:11:54.300+0000] {spark_submit.py:579} INFO - 25/08/10 13:11:54 INFO BlockManagerMasterEndpoint: BlockManagerMasterEndpoint up
[2025-08-10T13:11:54.304+0000] {spark_submit.py:579} INFO - 25/08/10 13:11:54 INFO SparkEnv: Registering BlockManagerMasterHeartbeat
[2025-08-10T13:11:54.332+0000] {spark_submit.py:579} INFO - 25/08/10 13:11:54 INFO DiskBlockManager: Created local directory at /tmp/blockmgr-57d98f3e-b308-443c-82ce-08d95444efd0
[2025-08-10T13:11:54.356+0000] {spark_submit.py:579} INFO - 25/08/10 13:11:54 INFO SparkEnv: Registering OutputCommitCoordinator
[2025-08-10T13:11:54.487+0000] {spark_submit.py:579} INFO - 25/08/10 13:11:54 INFO JettyUtils: Start Jetty 0.0.0.0:4040 for SparkUI
[2025-08-10T13:11:54.567+0000] {spark_submit.py:579} INFO - 25/08/10 13:11:54 INFO Utils: Successfully started service 'SparkUI' on port 4040.
[2025-08-10T13:11:54.610+0000] {spark_submit.py:579} INFO - 25/08/10 13:11:54 ERROR SparkContext: Failed to add file:/opt/spark/external-jars/spark-mssql-connector_2.11-1.1.0.jar to Spark environment
[2025-08-10T13:11:54.610+0000] {spark_submit.py:579} INFO - java.io.FileNotFoundException: Jar /opt/spark/external-jars/spark-mssql-connector_2.11-1.1.0.jar not found
[2025-08-10T13:11:54.611+0000] {spark_submit.py:579} INFO - at org.apache.spark.SparkContext.addLocalJarFile$1(SparkContext.scala:2174)
[2025-08-10T13:11:54.611+0000] {spark_submit.py:579} INFO - at org.apache.spark.SparkContext.addJar(SparkContext.scala:2230)
[2025-08-10T13:11:54.611+0000] {spark_submit.py:579} INFO - at org.apache.spark.SparkContext.$anonfun$new$15(SparkContext.scala:538)
[2025-08-10T13:11:54.612+0000] {spark_submit.py:579} INFO - at org.apache.spark.SparkContext.$anonfun$new$15$adapted(SparkContext.scala:538)
[2025-08-10T13:11:54.612+0000] {spark_submit.py:579} INFO - at scala.collection.IterableOnceOps.foreach(IterableOnce.scala:619)
[2025-08-10T13:11:54.612+0000] {spark_submit.py:579} INFO - at scala.collection.IterableOnceOps.foreach$(IterableOnce.scala:617)
[2025-08-10T13:11:54.613+0000] {spark_submit.py:579} INFO - at scala.collection.AbstractIterable.foreach(Iterable.scala:935)
[2025-08-10T13:11:54.613+0000] {spark_submit.py:579} INFO - at org.apache.spark.SparkContext.<init>(SparkContext.scala:538)
[2025-08-10T13:11:54.613+0000] {spark_submit.py:579} INFO - at org.apache.spark.api.java.JavaSparkContext.<init>(JavaSparkContext.scala:59)
[2025-08-10T13:11:54.613+0000] {spark_submit.py:579} INFO - at java.base/jdk.internal.reflect.NativeConstructorAccessorImpl.newInstance0(Native Method)
[2025-08-10T13:11:54.614+0000] {spark_submit.py:579} INFO - at java.base/jdk.internal.reflect.NativeConstructorAccessorImpl.newInstance(NativeConstructorAccessorImpl.java:77)
[2025-08-10T13:11:54.614+0000] {spark_submit.py:579} INFO - at java.base/jdk.internal.reflect.DelegatingConstructorAccessorImpl.newInstance(DelegatingConstructorAccessorImpl.java:45)
[2025-08-10T13:11:54.614+0000] {spark_submit.py:579} INFO - at java.base/java.lang.reflect.Constructor.newInstanceWithCaller(Constructor.java:500)
[2025-08-10T13:11:54.615+0000] {spark_submit.py:579} INFO - at java.base/java.lang.reflect.Constructor.newInstance(Constructor.java:481)
[2025-08-10T13:11:54.615+0000] {spark_submit.py:579} INFO - at py4j.reflection.MethodInvoker.invoke(MethodInvoker.java:247)
[2025-08-10T13:11:54.615+0000] {spark_submit.py:579} INFO - at py4j.reflection.ReflectionEngine.invoke(ReflectionEngine.java:374)
[2025-08-10T13:11:54.616+0000] {spark_submit.py:579} INFO - at py4j.Gateway.invoke(Gateway.java:238)
[2025-08-10T13:11:54.616+0000] {spark_submit.py:579} INFO - at py4j.commands.ConstructorCommand.invokeConstructor(ConstructorCommand.java:80)
[2025-08-10T13:11:54.616+0000] {spark_submit.py:579} INFO - at py4j.commands.ConstructorCommand.execute(ConstructorCommand.java:69)
[2025-08-10T13:11:54.616+0000] {spark_submit.py:579} INFO - at py4j.ClientServerConnection.waitForCommands(ClientServerConnection.java:184)
[2025-08-10T13:11:54.617+0000] {spark_submit.py:579} INFO - at py4j.ClientServerConnection.run(ClientServerConnection.java:108)
[2025-08-10T13:11:54.617+0000] {spark_submit.py:579} INFO - at java.base/java.lang.Thread.run(Thread.java:840)
[2025-08-10T13:11:54.633+0000] {spark_submit.py:579} INFO - 25/08/10 13:11:54 INFO SecurityManager: Changing view acls to: ***
[2025-08-10T13:11:54.634+0000] {spark_submit.py:579} INFO - 25/08/10 13:11:54 INFO SecurityManager: Changing modify acls to: ***
[2025-08-10T13:11:54.634+0000] {spark_submit.py:579} INFO - 25/08/10 13:11:54 INFO SecurityManager: Changing view acls groups to: ***
[2025-08-10T13:11:54.635+0000] {spark_submit.py:579} INFO - 25/08/10 13:11:54 INFO SecurityManager: Changing modify acls groups to: ***
[2025-08-10T13:11:54.635+0000] {spark_submit.py:579} INFO - 25/08/10 13:11:54 INFO SecurityManager: SecurityManager: authentication disabled; ui acls disabled; users with view permissions: *** groups with view permissions: EMPTY; users with modify permissions: ***; groups with modify permissions: EMPTY; RPC SSL disabled
[2025-08-10T13:11:54.790+0000] {spark_submit.py:579} INFO - 25/08/10 13:11:54 INFO StandaloneAppClient$ClientEndpoint: Connecting to master spark://spark-master:7077...
[2025-08-10T13:11:54.840+0000] {spark_submit.py:579} INFO - 25/08/10 13:11:54 INFO TransportClientFactory: Successfully created connection to spark-master/172.18.0.3:7077 after 23 ms (0 ms spent in bootstraps)
[2025-08-10T13:11:55.114+0000] {spark_submit.py:579} INFO - 25/08/10 13:11:55 INFO StandaloneSchedulerBackend: Connected to Spark cluster with app ID app-20250810131155-0003
[2025-08-10T13:11:55.122+0000] {spark_submit.py:579} INFO - 25/08/10 13:11:55 INFO Utils: Successfully started service 'org.apache.spark.network.netty.NettyBlockTransferService' on port 39703.
[2025-08-10T13:11:55.123+0000] {spark_submit.py:579} INFO - 25/08/10 13:11:55 INFO NettyBlockTransferService: Server created on a8625f1109c7:39703
[2025-08-10T13:11:55.125+0000] {spark_submit.py:579} INFO - 25/08/10 13:11:55 INFO BlockManager: Using org.apache.spark.storage.RandomBlockReplicationPolicy for block replication policy
[2025-08-10T13:11:55.141+0000] {spark_submit.py:579} INFO - 25/08/10 13:11:55 INFO BlockManagerMaster: Registering BlockManager BlockManagerId(driver, a8625f1109c7, 39703, None)
[2025-08-10T13:11:55.148+0000] {spark_submit.py:579} INFO - 25/08/10 13:11:55 INFO BlockManagerMasterEndpoint: Registering block manager a8625f1109c7:39703 with 434.4 MiB RAM, BlockManagerId(driver, a8625f1109c7, 39703, None)
[2025-08-10T13:11:55.150+0000] {spark_submit.py:579} INFO - 25/08/10 13:11:55 INFO BlockManagerMaster: Registered BlockManager BlockManagerId(driver, a8625f1109c7, 39703, None)
[2025-08-10T13:11:55.153+0000] {spark_submit.py:579} INFO - 25/08/10 13:11:55 INFO BlockManager: Initialized BlockManager: BlockManagerId(driver, a8625f1109c7, 39703, None)
[2025-08-10T13:11:55.154+0000] {spark_submit.py:579} INFO - 25/08/10 13:11:55 INFO StandaloneAppClient$ClientEndpoint: Executor added: app-20250810131155-0003/0 on worker-20250810125008-172.18.0.5-43441 (172.18.0.5:43441) with 2 core(s)
[2025-08-10T13:11:55.156+0000] {spark_submit.py:579} INFO - 25/08/10 13:11:55 INFO StandaloneSchedulerBackend: Granted executor ID app-20250810131155-0003/0 on hostPort 172.18.0.5:43441 with 2 core(s), 1024.0 MiB RAM
[2025-08-10T13:11:55.304+0000] {spark_submit.py:579} INFO - 25/08/10 13:11:55 INFO StandaloneSchedulerBackend: SchedulerBackend is ready for scheduling beginning after reached minRegisteredResourcesRatio: 0.0
[2025-08-10T13:11:55.632+0000] {spark_submit.py:579} INFO - 25/08/10 13:11:55 INFO StandaloneAppClient$ClientEndpoint: Executor updated: app-20250810131155-0003/0 is now RUNNING
[2025-08-10T13:11:59.533+0000] {spark_submit.py:579} INFO - 25/08/10 13:11:59 INFO StandaloneSchedulerBackend$StandaloneDriverEndpoint: Registered executor NettyRpcEndpointRef(spark-client://Executor) (172.18.0.5:48004) with ID 0, ResourceProfileId 0
[2025-08-10T13:11:59.692+0000] {spark_submit.py:579} INFO - 25/08/10 13:11:59 INFO BlockManagerMasterEndpoint: Registering block manager 172.18.0.5:39193 with 434.4 MiB RAM, BlockManagerId(0, 172.18.0.5, 39193, None)
[2025-08-10T13:12:01.936+0000] {spark_submit.py:579} INFO - dict_keys(['daily', 'daily960', 'live_rapid', 'live_blitz', 'live_bullet', 'live_bughouse', 'live_blitz960', 'live_threecheck', 'live_crazyhouse', 'live_kingofthehill', 'tactics', 'rush', 'battle'])
[2025-08-10T13:12:01.953+0000] {spark_submit.py:579} INFO - 25/08/10 13:12:01 INFO SharedState: Setting hive.metastore.warehouse.dir ('null') to the value of spark.sql.warehouse.dir.
[2025-08-10T13:12:01.957+0000] {spark_submit.py:579} INFO - 25/08/10 13:12:01 INFO SharedState: Warehouse path is 'file:/opt/***/spark-warehouse'.
[2025-08-10T13:12:03.659+0000] {spark_submit.py:579} INFO - Traceback (most recent call last):
[2025-08-10T13:12:03.661+0000] {spark_submit.py:579} INFO - File "/opt/***/jobs/python/wordcountjob.py", line 84, in <module>
[2025-08-10T13:12:03.671+0000] {spark_submit.py:579} INFO - write_data(daily,"daily")
[2025-08-10T13:12:03.672+0000] {spark_submit.py:579} INFO - File "/opt/***/jobs/python/wordcountjob.py", line 80, in write_data
[2025-08-10T13:12:03.681+0000] {spark_submit.py:579} INFO - df.write.mode("overwrite").jdbc(url=jdbc_url, table=f"dbo.{table}", properties=properties)
[2025-08-10T13:12:03.682+0000] {spark_submit.py:579} INFO - File "/home/***/.local/lib/python3.10/site-packages/pyspark/python/lib/pyspark.zip/pyspark/sql/readwriter.py", line 2347, in jdbc
[2025-08-10T13:12:03.698+0000] {spark_submit.py:579} INFO - File "/home/***/.local/lib/python3.10/site-packages/pyspark/python/lib/py4j-0.10.9.9-src.zip/py4j/java_gateway.py", line 1362, in __call__
[2025-08-10T13:12:03.698+0000] {spark_submit.py:579} INFO - File "/home/***/.local/lib/python3.10/site-packages/pyspark/python/lib/pyspark.zip/pyspark/errors/exceptions/captured.py", line 282, in deco
[2025-08-10T13:12:03.699+0000] {spark_submit.py:579} INFO - File "/home/***/.local/lib/python3.10/site-packages/pyspark/python/lib/py4j-0.10.9.9-src.zip/py4j/protocol.py", line 327, in get_return_value
[2025-08-10T13:12:03.734+0000] {spark_submit.py:579} INFO - py4j.protocol.Py4JJavaError: An error occurred while calling o138.jdbc.
[2025-08-10T13:12:03.734+0000] {spark_submit.py:579} INFO - : java.lang.ClassNotFoundException: com.microsoft.sqlserver.jdbc.SQLServerDriver
[2025-08-10T13:12:03.735+0000] {spark_submit.py:579} INFO - at java.base/java.net.URLClassLoader.findClass(URLClassLoader.java:445)
[2025-08-10T13:12:03.735+0000] {spark_submit.py:579} INFO - at java.base/java.lang.ClassLoader.loadClass(ClassLoader.java:592)
[2025-08-10T13:12:03.736+0000] {spark_submit.py:579} INFO - at java.base/java.lang.ClassLoader.loadClass(ClassLoader.java:525)
[2025-08-10T13:12:03.736+0000] {spark_submit.py:579} INFO - at org.apache.spark.sql.execution.datasources.jdbc.DriverRegistry$.register(DriverRegistry.scala:47)
[2025-08-10T13:12:03.737+0000] {spark_submit.py:579} INFO - at org.apache.spark.sql.execution.datasources.jdbc.JDBCOptions.$anonfun$driverClass$1(JDBCOptions.scala:112)
[2025-08-10T13:12:03.737+0000] {spark_submit.py:579} INFO - at org.apache.spark.sql.execution.datasources.jdbc.JDBCOptions.$anonfun$driverClass$1$adapted(JDBCOptions.scala:112)
[2025-08-10T13:12:03.737+0000] {spark_submit.py:579} INFO - at scala.Option.foreach(Option.scala:437)
[2025-08-10T13:12:03.738+0000] {spark_submit.py:579} INFO - at org.apache.spark.sql.execution.datasources.jdbc.JDBCOptions.<init>(JDBCOptions.scala:112)
[2025-08-10T13:12:03.738+0000] {spark_submit.py:579} INFO - at org.apache.spark.sql.execution.datasources.jdbc.JdbcOptionsInWrite.<init>(JDBCOptions.scala:272)
[2025-08-10T13:12:03.738+0000] {spark_submit.py:579} INFO - at org.apache.spark.sql.execution.datasources.jdbc.JdbcOptionsInWrite.<init>(JDBCOptions.scala:276)
[2025-08-10T13:12:03.739+0000] {spark_submit.py:579} INFO - at org.apache.spark.sql.execution.datasources.jdbc.JdbcRelationProvider.createRelation(JdbcRelationProvider.scala:48)
[2025-08-10T13:12:03.739+0000] {spark_submit.py:579} INFO - at org.apache.spark.sql.execution.datasources.SaveIntoDataSourceCommand.run(SaveIntoDataSourceCommand.scala:55)
[2025-08-10T13:12:03.739+0000] {spark_submit.py:579} INFO - at org.apache.spark.sql.execution.command.ExecutedCommandExec.sideEffectResult$lzycompute(commands.scala:79)
[2025-08-10T13:12:03.740+0000] {spark_submit.py:579} INFO - at org.apache.spark.sql.execution.command.ExecutedCommandExec.sideEffectResult(commands.scala:77)
[2025-08-10T13:12:03.740+0000] {spark_submit.py:579} INFO - at org.apache.spark.sql.execution.command.ExecutedCommandExec.executeCollect(commands.scala:88)
[2025-08-10T13:12:03.740+0000] {spark_submit.py:579} INFO - at org.apache.spark.sql.execution.QueryExecution.$anonfun$eagerlyExecuteCommands$2(QueryExecution.scala:155)
[2025-08-10T13:12:03.741+0000] {spark_submit.py:579} INFO - at org.apache.spark.sql.execution.SQLExecution$.$anonfun$withNewExecutionId0$8(SQLExecution.scala:162)
[2025-08-10T13:12:03.741+0000] {spark_submit.py:579} INFO - at org.apache.spark.sql.execution.SQLExecution$.withSessionTagsApplied(SQLExecution.scala:268)
[2025-08-10T13:12:03.741+0000] {spark_submit.py:579} INFO - at org.apache.spark.sql.execution.SQLExecution$.$anonfun$withNewExecutionId0$7(SQLExecution.scala:124)
[2025-08-10T13:12:03.741+0000] {spark_submit.py:579} INFO - at org.apache.spark.JobArtifactSet$.withActiveJobArtifactState(JobArtifactSet.scala:94)
[2025-08-10T13:12:03.742+0000] {spark_submit.py:579} INFO - at org.apache.spark.sql.artifact.ArtifactManager.$anonfun$withResources$1(ArtifactManager.scala:112)
[2025-08-10T13:12:03.742+0000] {spark_submit.py:579} INFO - at org.apache.spark.sql.artifact.ArtifactManager.withClassLoaderIfNeeded(ArtifactManager.scala:106)
[2025-08-10T13:12:03.742+0000] {spark_submit.py:579} INFO - at org.apache.spark.sql.artifact.ArtifactManager.withResources(ArtifactManager.scala:111)
[2025-08-10T13:12:03.742+0000] {spark_submit.py:579} INFO - at org.apache.spark.sql.execution.SQLExecution$.$anonfun$withNewExecutionId0$6(SQLExecution.scala:124)
[2025-08-10T13:12:03.742+0000] {spark_submit.py:579} INFO - at org.apache.spark.sql.execution.SQLExecution$.withSQLConfPropagated(SQLExecution.scala:291)
[2025-08-10T13:12:03.743+0000] {spark_submit.py:579} INFO - at org.apache.spark.sql.execution.SQLExecution$.$anonfun$withNewExecutionId0$1(SQLExecution.scala:123)
[2025-08-10T13:12:03.743+0000] {spark_submit.py:579} INFO - at org.apache.spark.sql.SparkSession.withActive(SparkSession.scala:804)
[2025-08-10T13:12:03.743+0000] {spark_submit.py:579} INFO - at org.apache.spark.sql.execution.SQLExecution$.withNewExecutionId0(SQLExecution.scala:77)
[2025-08-10T13:12:03.743+0000] {spark_submit.py:579} INFO - at org.apache.spark.sql.execution.SQLExecution$.withNewExecutionId(SQLExecution.scala:233)
[2025-08-10T13:12:03.744+0000] {spark_submit.py:579} INFO - at org.apache.spark.sql.execution.QueryExecution.$anonfun$eagerlyExecuteCommands$1(QueryExecution.scala:155)
[2025-08-10T13:12:03.744+0000] {spark_submit.py:579} INFO - at org.apache.spark.sql.execution.QueryExecution$.withInternalError(QueryExecution.scala:654)
[2025-08-10T13:12:03.744+0000] {spark_submit.py:579} INFO - at org.apache.spark.sql.execution.QueryExecution.org$apache$spark$sql$execution$QueryExecution$$eagerlyExecute$1(QueryExecution.scala:154)
[2025-08-10T13:12:03.744+0000] {spark_submit.py:579} INFO - at org.apache.spark.sql.execution.QueryExecution$$anonfun$eagerlyExecuteCommands$3.applyOrElse(QueryExecution.scala:169)
[2025-08-10T13:12:03.744+0000] {spark_submit.py:579} INFO - at org.apache.spark.sql.execution.QueryExecution$$anonfun$eagerlyExecuteCommands$3.applyOrElse(QueryExecution.scala:164)
[2025-08-10T13:12:03.745+0000] {spark_submit.py:579} INFO - at org.apache.spark.sql.catalyst.trees.TreeNode.$anonfun$transformDownWithPruning$1(TreeNode.scala:470)
[2025-08-10T13:12:03.745+0000] {spark_submit.py:579} INFO - at org.apache.spark.sql.catalyst.trees.CurrentOrigin$.withOrigin(origin.scala:86)
[2025-08-10T13:12:03.745+0000] {spark_submit.py:579} INFO - at org.apache.spark.sql.catalyst.trees.TreeNode.transformDownWithPruning(TreeNode.scala:470)
[2025-08-10T13:12:03.745+0000] {spark_submit.py:579} INFO - at org.apache.spark.sql.catalyst.plans.logical.LogicalPlan.org$apache$spark$sql$catalyst$plans$logical$AnalysisHelper$$super$transformDownWithPruning(LogicalPlan.scala:37)
[2025-08-10T13:12:03.746+0000] {spark_submit.py:579} INFO - at org.apache.spark.sql.catalyst.plans.logical.AnalysisHelper.transformDownWithPruning(AnalysisHelper.scala:360)
[2025-08-10T13:12:03.746+0000] {spark_submit.py:579} INFO - at org.apache.spark.sql.catalyst.plans.logical.AnalysisHelper.transformDownWithPruning$(AnalysisHelper.scala:356)
[2025-08-10T13:12:03.746+0000] {spark_submit.py:579} INFO - at org.apache.spark.sql.catalyst.plans.logical.LogicalPlan.transformDownWithPruning(LogicalPlan.scala:37)
[2025-08-10T13:12:03.746+0000] {spark_submit.py:579} INFO - at org.apache.spark.sql.catalyst.plans.logical.LogicalPlan.transformDownWithPruning(LogicalPlan.scala:37)
[2025-08-10T13:12:03.746+0000] {spark_submit.py:579} INFO - at org.apache.spark.sql.catalyst.trees.TreeNode.transformDown(TreeNode.scala:446)
[2025-08-10T13:12:03.747+0000] {spark_submit.py:579} INFO - at org.apache.spark.sql.execution.QueryExecution.eagerlyExecuteCommands(QueryExecution.scala:164)
[2025-08-10T13:12:03.747+0000] {spark_submit.py:579} INFO - at org.apache.spark.sql.execution.QueryExecution.$anonfun$lazyCommandExecuted$1(QueryExecution.scala:126)
[2025-08-10T13:12:03.747+0000] {spark_submit.py:579} INFO - at scala.util.Try$.apply(Try.scala:217)
[2025-08-10T13:12:03.747+0000] {spark_submit.py:579} INFO - at org.apache.spark.util.Utils$.doTryWithCallerStacktrace(Utils.scala:1378)
[2025-08-10T13:12:03.748+0000] {spark_submit.py:579} INFO - at org.apache.spark.util.Utils$.getTryWithCallerStacktrace(Utils.scala:1439)
[2025-08-10T13:12:03.748+0000] {spark_submit.py:579} INFO - at org.apache.spark.util.LazyTry.get(LazyTry.scala:58)
[2025-08-10T13:12:03.748+0000] {spark_submit.py:579} INFO - at org.apache.spark.sql.execution.QueryExecution.commandExecuted(QueryExecution.scala:131)
[2025-08-10T13:12:03.748+0000] {spark_submit.py:579} INFO - at org.apache.spark.sql.execution.QueryExecution.assertCommandExecuted(QueryExecution.scala:192)
[2025-08-10T13:12:03.748+0000] {spark_submit.py:579} INFO - at org.apache.spark.sql.classic.DataFrameWriter.runCommand(DataFrameWriter.scala:622)
[2025-08-10T13:12:03.749+0000] {spark_submit.py:579} INFO - at org.apache.spark.sql.classic.DataFrameWriter.saveToV1Source(DataFrameWriter.scala:273)
[2025-08-10T13:12:03.749+0000] {spark_submit.py:579} INFO - at org.apache.spark.sql.classic.DataFrameWriter.saveInternal(DataFrameWriter.scala:241)
[2025-08-10T13:12:03.749+0000] {spark_submit.py:579} INFO - at org.apache.spark.sql.classic.DataFrameWriter.save(DataFrameWriter.scala:126)
[2025-08-10T13:12:03.749+0000] {spark_submit.py:579} INFO - at org.apache.spark.sql.DataFrameWriter.jdbc(DataFrameWriter.scala:334)
[2025-08-10T13:12:03.750+0000] {spark_submit.py:579} INFO - at java.base/jdk.internal.reflect.NativeMethodAccessorImpl.invoke0(Native Method)
[2025-08-10T13:12:03.750+0000] {spark_submit.py:579} INFO - at java.base/jdk.internal.reflect.NativeMethodAccessorImpl.invoke(NativeMethodAccessorImpl.java:77)
[2025-08-10T13:12:03.750+0000] {spark_submit.py:579} INFO - at java.base/jdk.internal.reflect.DelegatingMethodAccessorImpl.invoke(DelegatingMethodAccessorImpl.java:43)
[2025-08-10T13:12:03.750+0000] {spark_submit.py:579} INFO - at java.base/java.lang.reflect.Method.invoke(Method.java:569)
[2025-08-10T13:12:03.751+0000] {spark_submit.py:579} INFO - at py4j.reflection.MethodInvoker.invoke(MethodInvoker.java:244)
[2025-08-10T13:12:03.751+0000] {spark_submit.py:579} INFO - at py4j.reflection.ReflectionEngine.invoke(ReflectionEngine.java:374)
[2025-08-10T13:12:03.751+0000] {spark_submit.py:579} INFO - at py4j.Gateway.invoke(Gateway.java:282)
[2025-08-10T13:12:03.752+0000] {spark_submit.py:579} INFO - at py4j.commands.AbstractCommand.invokeMethod(AbstractCommand.java:132)
[2025-08-10T13:12:03.752+0000] {spark_submit.py:579} INFO - at py4j.commands.CallCommand.execute(CallCommand.java:79)
[2025-08-10T13:12:03.752+0000] {spark_submit.py:579} INFO - at py4j.ClientServerConnection.waitForCommands(ClientServerConnection.java:184)
[2025-08-10T13:12:03.753+0000] {spark_submit.py:579} INFO - at py4j.ClientServerConnection.run(ClientServerConnection.java:108)
[2025-08-10T13:12:03.753+0000] {spark_submit.py:579} INFO - at java.base/java.lang.Thread.run(Thread.java:840)
[2025-08-10T13:12:03.753+0000] {spark_submit.py:579} INFO - Suppressed: org.apache.spark.util.Utils$OriginalTryStackTraceException: Full stacktrace of original doTryWithCallerStacktrace caller
[2025-08-10T13:12:03.754+0000] {spark_submit.py:579} INFO - at java.base/java.net.URLClassLoader.findClass(URLClassLoader.java:445)
[2025-08-10T13:12:03.754+0000] {spark_submit.py:579} INFO - at java.base/java.lang.ClassLoader.loadClass(ClassLoader.java:592)
[2025-08-10T13:12:03.754+0000] {spark_submit.py:579} INFO - at java.base/java.lang.ClassLoader.loadClass(ClassLoader.java:525)
[2025-08-10T13:12:03.754+0000] {spark_submit.py:579} INFO - at org.apache.spark.sql.execution.datasources.jdbc.DriverRegistry$.register(DriverRegistry.scala:47)
[2025-08-10T13:12:03.754+0000] {spark_submit.py:579} INFO - at org.apache.spark.sql.execution.datasources.jdbc.JDBCOptions.$anonfun$driverClass$1(JDBCOptions.scala:112)
[2025-08-10T13:12:03.755+0000] {spark_submit.py:579} INFO - at org.apache.spark.sql.execution.datasources.jdbc.JDBCOptions.$anonfun$driverClass$1$adapted(JDBCOptions.scala:112)
[2025-08-10T13:12:03.755+0000] {spark_submit.py:579} INFO - at scala.Option.foreach(Option.scala:437)
[2025-08-10T13:12:03.755+0000] {spark_submit.py:579} INFO - at org.apache.spark.sql.execution.datasources.jdbc.JDBCOptions.<init>(JDBCOptions.scala:112)
[2025-08-10T13:12:03.755+0000] {spark_submit.py:579} INFO - at org.apache.spark.sql.execution.datasources.jdbc.JdbcOptionsInWrite.<init>(JDBCOptions.scala:272)
[2025-08-10T13:12:03.755+0000] {spark_submit.py:579} INFO - at org.apache.spark.sql.execution.datasources.jdbc.JdbcOptionsInWrite.<init>(JDBCOptions.scala:276)
[2025-08-10T13:12:03.756+0000] {spark_submit.py:579} INFO - at org.apache.spark.sql.execution.datasources.jdbc.JdbcRelationProvider.createRelation(JdbcRelationProvider.scala:48)
[2025-08-10T13:12:03.756+0000] {spark_submit.py:579} INFO - at org.apache.spark.sql.execution.datasources.SaveIntoDataSourceCommand.run(SaveIntoDataSourceCommand.scala:55)
[2025-08-10T13:12:03.756+0000] {spark_submit.py:579} INFO - at org.apache.spark.sql.execution.command.ExecutedCommandExec.sideEffectResult$lzycompute(commands.scala:79)
[2025-08-10T13:12:03.756+0000] {spark_submit.py:579} INFO - at org.apache.spark.sql.execution.command.ExecutedCommandExec.sideEffectResult(commands.scala:77)
[2025-08-10T13:12:03.756+0000] {spark_submit.py:579} INFO - at org.apache.spark.sql.execution.command.ExecutedCommandExec.executeCollect(commands.scala:88)
[2025-08-10T13:12:03.757+0000] {spark_submit.py:579} INFO - at org.apache.spark.sql.execution.QueryExecution.$anonfun$eagerlyExecuteCommands$2(QueryExecution.scala:155)
[2025-08-10T13:12:03.757+0000] {spark_submit.py:579} INFO - at org.apache.spark.sql.execution.SQLExecution$.$anonfun$withNewExecutionId0$8(SQLExecution.scala:162)
[2025-08-10T13:12:03.757+0000] {spark_submit.py:579} INFO - at org.apache.spark.sql.execution.SQLExecution$.withSessionTagsApplied(SQLExecution.scala:268)
[2025-08-10T13:12:03.758+0000] {spark_submit.py:579} INFO - at org.apache.spark.sql.execution.SQLExecution$.$anonfun$withNewExecutionId0$7(SQLExecution.scala:124)
[2025-08-10T13:12:03.758+0000] {spark_submit.py:579} INFO - at org.apache.spark.JobArtifactSet$.withActiveJobArtifactState(JobArtifactSet.scala:94)
[2025-08-10T13:12:03.758+0000] {spark_submit.py:579} INFO - at org.apache.spark.sql.artifact.ArtifactManager.$anonfun$withResources$1(ArtifactManager.scala:112)
[2025-08-10T13:12:03.758+0000] {spark_submit.py:579} INFO - at org.apache.spark.sql.artifact.ArtifactManager.withClassLoaderIfNeeded(ArtifactManager.scala:106)
[2025-08-10T13:12:03.759+0000] {spark_submit.py:579} INFO - at org.apache.spark.sql.artifact.ArtifactManager.withResources(ArtifactManager.scala:111)
[2025-08-10T13:12:03.759+0000] {spark_submit.py:579} INFO - at org.apache.spark.sql.execution.SQLExecution$.$anonfun$withNewExecutionId0$6(SQLExecution.scala:124)
[2025-08-10T13:12:03.759+0000] {spark_submit.py:579} INFO - at org.apache.spark.sql.execution.SQLExecution$.withSQLConfPropagated(SQLExecution.scala:291)
[2025-08-10T13:12:03.759+0000] {spark_submit.py:579} INFO - at org.apache.spark.sql.execution.SQLExecution$.$anonfun$withNewExecutionId0$1(SQLExecution.scala:123)
[2025-08-10T13:12:03.759+0000] {spark_submit.py:579} INFO - at org.apache.spark.sql.SparkSession.withActive(SparkSession.scala:804)
[2025-08-10T13:12:03.760+0000] {spark_submit.py:579} INFO - at org.apache.spark.sql.execution.SQLExecution$.withNewExecutionId0(SQLExecution.scala:77)
[2025-08-10T13:12:03.760+0000] {spark_submit.py:579} INFO - at org.apache.spark.sql.execution.SQLExecution$.withNewExecutionId(SQLExecution.scala:233)
[2025-08-10T13:12:03.760+0000] {spark_submit.py:579} INFO - at org.apache.spark.sql.execution.QueryExecution.$anonfun$eagerlyExecuteCommands$1(QueryExecution.scala:155)
[2025-08-10T13:12:03.760+0000] {spark_submit.py:579} INFO - at org.apache.spark.sql.execution.QueryExecution$.withInternalError(QueryExecution.scala:654)
[2025-08-10T13:12:03.760+0000] {spark_submit.py:579} INFO - at org.apache.spark.sql.execution.QueryExecution.org$apache$spark$sql$execution$QueryExecution$$eagerlyExecute$1(QueryExecution.scala:154)
[2025-08-10T13:12:03.761+0000] {spark_submit.py:579} INFO - at org.apache.spark.sql.execution.QueryExecution$$anonfun$eagerlyExecuteCommands$3.applyOrElse(QueryExecution.scala:169)
[2025-08-10T13:12:03.761+0000] {spark_submit.py:579} INFO - at org.apache.spark.sql.execution.QueryExecution$$anonfun$eagerlyExecuteCommands$3.applyOrElse(QueryExecution.scala:164)
[2025-08-10T13:12:03.761+0000] {spark_submit.py:579} INFO - at org.apache.spark.sql.catalyst.trees.TreeNode.$anonfun$transformDownWithPruning$1(TreeNode.scala:470)
[2025-08-10T13:12:03.761+0000] {spark_submit.py:579} INFO - at org.apache.spark.sql.catalyst.trees.CurrentOrigin$.withOrigin(origin.scala:86)
[2025-08-10T13:12:03.761+0000] {spark_submit.py:579} INFO - at org.apache.spark.sql.catalyst.trees.TreeNode.transformDownWithPruning(TreeNode.scala:470)
[2025-08-10T13:12:03.762+0000] {spark_submit.py:579} INFO - at org.apache.spark.sql.catalyst.plans.logical.LogicalPlan.org$apache$spark$sql$catalyst$plans$logical$AnalysisHelper$$super$transformDownWithPruning(LogicalPlan.scala:37)
[2025-08-10T13:12:03.762+0000] {spark_submit.py:579} INFO - at org.apache.spark.sql.catalyst.plans.logical.AnalysisHelper.transformDownWithPruning(AnalysisHelper.scala:360)
[2025-08-10T13:12:03.762+0000] {spark_submit.py:579} INFO - at org.apache.spark.sql.catalyst.plans.logical.AnalysisHelper.transformDownWithPruning$(AnalysisHelper.scala:356)
[2025-08-10T13:12:03.762+0000] {spark_submit.py:579} INFO - at org.apache.spark.sql.catalyst.plans.logical.LogicalPlan.transformDownWithPruning(LogicalPlan.scala:37)
[2025-08-10T13:12:03.762+0000] {spark_submit.py:579} INFO - at org.apache.spark.sql.catalyst.plans.logical.LogicalPlan.transformDownWithPruning(LogicalPlan.scala:37)
[2025-08-10T13:12:03.763+0000] {spark_submit.py:579} INFO - at org.apache.spark.sql.catalyst.trees.TreeNode.transformDown(TreeNode.scala:446)
[2025-08-10T13:12:03.763+0000] {spark_submit.py:579} INFO - at org.apache.spark.sql.execution.QueryExecution.eagerlyExecuteCommands(QueryExecution.scala:164)
[2025-08-10T13:12:03.763+0000] {spark_submit.py:579} INFO - at org.apache.spark.sql.execution.QueryExecution.$anonfun$lazyCommandExecuted$1(QueryExecution.scala:126)
[2025-08-10T13:12:03.763+0000] {spark_submit.py:579} INFO - at scala.util.Try$.apply(Try.scala:217)
[2025-08-10T13:12:03.763+0000] {spark_submit.py:579} INFO - at org.apache.spark.util.Utils$.doTryWithCallerStacktrace(Utils.scala:1378)
[2025-08-10T13:12:03.764+0000] {spark_submit.py:579} INFO - at org.apache.spark.util.LazyTry.tryT$lzycompute(LazyTry.scala:46)
[2025-08-10T13:12:03.764+0000] {spark_submit.py:579} INFO - at org.apache.spark.util.LazyTry.tryT(LazyTry.scala:46)
[2025-08-10T13:12:03.764+0000] {spark_submit.py:579} INFO - ... 20 more
[2025-08-10T13:12:03.764+0000] {spark_submit.py:579} INFO - 
[2025-08-10T13:12:03.947+0000] {spark_submit.py:579} INFO - 25/08/10 13:12:03 INFO SparkContext: Invoking stop() from shutdown hook
[2025-08-10T13:12:03.948+0000] {spark_submit.py:579} INFO - 25/08/10 13:12:03 INFO SparkContext: SparkContext is stopping with exitCode 0 from run at Executors.java:539.
[2025-08-10T13:12:03.963+0000] {spark_submit.py:579} INFO - 25/08/10 13:12:03 INFO SparkUI: Stopped Spark web UI at http://a8625f1109c7:4040
[2025-08-10T13:12:03.966+0000] {spark_submit.py:579} INFO - 25/08/10 13:12:03 INFO StandaloneSchedulerBackend: Shutting down all executors
[2025-08-10T13:12:03.967+0000] {spark_submit.py:579} INFO - 25/08/10 13:12:03 INFO StandaloneSchedulerBackend$StandaloneDriverEndpoint: Asking each executor to shut down
[2025-08-10T13:12:03.984+0000] {spark_submit.py:579} INFO - 25/08/10 13:12:03 INFO MapOutputTrackerMasterEndpoint: MapOutputTrackerMasterEndpoint stopped!
[2025-08-10T13:12:04.042+0000] {spark_submit.py:579} INFO - 25/08/10 13:12:04 INFO MemoryStore: MemoryStore started with capacity 434.4 MiB
[2025-08-10T13:12:04.043+0000] {spark_submit.py:579} INFO - 25/08/10 13:12:04 INFO MemoryStore: MemoryStore cleared
[2025-08-10T13:12:04.044+0000] {spark_submit.py:579} INFO - 25/08/10 13:12:04 INFO BlockManager: BlockManager stopped
[2025-08-10T13:12:04.049+0000] {spark_submit.py:579} INFO - 25/08/10 13:12:04 INFO BlockManagerMaster: BlockManagerMaster stopped
[2025-08-10T13:12:04.053+0000] {spark_submit.py:579} INFO - 25/08/10 13:12:04 INFO OutputCommitCoordinator$OutputCommitCoordinatorEndpoint: OutputCommitCoordinator stopped!
[2025-08-10T13:12:04.075+0000] {spark_submit.py:579} INFO - 25/08/10 13:12:04 INFO SparkContext: Successfully stopped SparkContext
[2025-08-10T13:12:04.075+0000] {spark_submit.py:579} INFO - 25/08/10 13:12:04 INFO ShutdownHookManager: Shutdown hook called
[2025-08-10T13:12:04.075+0000] {spark_submit.py:579} INFO - 25/08/10 13:12:04 INFO ShutdownHookManager: Deleting directory /tmp/spark-91210e43-da1f-41f3-a118-13cbe9337ee9/pyspark-deecadbd-dc2e-4629-bf5f-7a5e697509a4
[2025-08-10T13:12:04.101+0000] {spark_submit.py:579} INFO - 25/08/10 13:12:04 INFO ShutdownHookManager: Deleting directory /opt/***/artifacts/spark-1e50bee9-9011-49f6-a77e-9bb3f9dd65c7
[2025-08-10T13:12:04.119+0000] {spark_submit.py:579} INFO - 25/08/10 13:12:04 INFO ShutdownHookManager: Deleting directory /tmp/spark-ff1e70d6-9889-45b2-8c96-b93db7d7da35
[2025-08-10T13:12:04.140+0000] {spark_submit.py:579} INFO - 25/08/10 13:12:04 INFO ShutdownHookManager: Deleting directory /tmp/spark-91210e43-da1f-41f3-a118-13cbe9337ee9
[2025-08-10T13:12:04.313+0000] {taskinstance.py:1935} ERROR - Task failed with exception
Traceback (most recent call last):
  File "/home/airflow/.local/lib/python3.10/site-packages/airflow/providers/apache/spark/operators/spark_submit.py", line 174, in execute
    self._hook.submit(self.application)
  File "/home/airflow/.local/lib/python3.10/site-packages/airflow/providers/apache/spark/hooks/spark_submit.py", line 505, in submit
    raise AirflowException(
airflow.exceptions.AirflowException: Cannot execute: spark-submit --master spark://spark-master:7077 --jars /opt/spark/external-jars/spark-mssql-connector_2.11-1.1.0.jar --name arrow-spark --deploy-mode client jobs/python/wordcountjob.py. Error code is: 1.
[2025-08-10T13:12:04.339+0000] {taskinstance.py:1398} INFO - Marking task as FAILED. dag_id=sparking_flow, task_id=python_job, execution_date=20250810T131143, start_date=20250810T131147, end_date=20250810T131204
[2025-08-10T13:12:04.385+0000] {standard_task_runner.py:104} ERROR - Failed to execute job 13 for task python_job (Cannot execute: spark-submit --master spark://spark-master:7077 --jars /opt/spark/external-jars/spark-mssql-connector_2.11-1.1.0.jar --name arrow-spark --deploy-mode client jobs/python/wordcountjob.py. Error code is: 1.; 1071)
[2025-08-10T13:12:04.441+0000] {local_task_job_runner.py:228} INFO - Task exited with return code 1
[2025-08-10T13:12:04.530+0000] {taskinstance.py:2776} INFO - 0 downstream tasks scheduled from follow-on schedule check
