[2025-09-08T03:24:51.125+0000] {taskinstance.py:1157} INFO - Dependencies all met for dep_context=non-requeueable deps ti=<TaskInstance: sparking_flow.python_job manual__2025-09-08T03:24:42.868011+00:00 [queued]>
[2025-09-08T03:24:51.132+0000] {taskinstance.py:1157} INFO - Dependencies all met for dep_context=requeueable deps ti=<TaskInstance: sparking_flow.python_job manual__2025-09-08T03:24:42.868011+00:00 [queued]>
[2025-09-08T03:24:51.133+0000] {taskinstance.py:1359} INFO - Starting attempt 1 of 1
[2025-09-08T03:24:51.145+0000] {taskinstance.py:1380} INFO - Executing <Task(SparkSubmitOperator): python_job> on 2025-09-08 03:24:42.868011+00:00
[2025-09-08T03:24:51.151+0000] {standard_task_runner.py:57} INFO - Started process 27048 to run task
[2025-09-08T03:24:51.155+0000] {standard_task_runner.py:84} INFO - Running: ['***', 'tasks', 'run', 'sparking_flow', 'python_job', 'manual__2025-09-08T03:24:42.868011+00:00', '--job-id', '50', '--raw', '--subdir', 'DAGS_FOLDER/spark_***.py', '--cfg-path', '/tmp/tmp3vvm0t3u']
[2025-09-08T03:24:51.159+0000] {standard_task_runner.py:85} INFO - Job 50: Subtask python_job
[2025-09-08T03:24:51.234+0000] {task_command.py:415} INFO - Running <TaskInstance: sparking_flow.python_job manual__2025-09-08T03:24:42.868011+00:00 [running]> on host ac03ab483d89
[2025-09-08T03:24:51.376+0000] {taskinstance.py:1660} INFO - Exporting env vars: AIRFLOW_CTX_DAG_OWNER='Kudzaishe Manyanya' AIRFLOW_CTX_DAG_ID='sparking_flow' AIRFLOW_CTX_TASK_ID='python_job' AIRFLOW_CTX_EXECUTION_DATE='2025-09-08T03:24:42.868011+00:00' AIRFLOW_CTX_TRY_NUMBER='1' AIRFLOW_CTX_DAG_RUN_ID='manual__2025-09-08T03:24:42.868011+00:00'
[2025-09-08T03:24:51.397+0000] {base.py:73} INFO - Using connection ID 'spark-conn' for task execution.
[2025-09-08T03:24:51.399+0000] {spark_submit.py:403} INFO - Spark-Submit cmd: spark-submit --master spark://spark-master:7077 --jars /opt/spark/external-jars/apache-spark-sql-connector.jar --name arrow-spark --deploy-mode client jobs/python/wordcountjob.py
[2025-09-08T03:24:52.692+0000] {spark_submit.py:579} INFO - WARNING: Using incubator modules: jdk.incubator.vector
[2025-09-08T03:24:54.825+0000] {spark_submit.py:579} INFO - 25/09/08 03:24:54 WARN NativeCodeLoader: Unable to load native-hadoop library for your platform... using builtin-java classes where applicable
[2025-09-08T03:24:58.532+0000] {spark_submit.py:579} INFO - Using Spark's default log4j profile: org/apache/spark/log4j2-defaults.properties
[2025-09-08T03:24:58.546+0000] {spark_submit.py:579} INFO - 25/09/08 03:24:58 INFO SparkContext: Running Spark version 4.0.0
[2025-09-08T03:24:58.552+0000] {spark_submit.py:579} INFO - 25/09/08 03:24:58 INFO SparkContext: OS info Linux, 6.6.87.2-microsoft-standard-WSL2, amd64
[2025-09-08T03:24:58.553+0000] {spark_submit.py:579} INFO - 25/09/08 03:24:58 INFO SparkContext: Java version 17.0.15
[2025-09-08T03:24:58.602+0000] {spark_submit.py:579} INFO - 25/09/08 03:24:58 INFO ResourceUtils: ==============================================================
[2025-09-08T03:24:58.602+0000] {spark_submit.py:579} INFO - 25/09/08 03:24:58 INFO ResourceUtils: No custom resources configured for spark.driver.
[2025-09-08T03:24:58.603+0000] {spark_submit.py:579} INFO - 25/09/08 03:24:58 INFO ResourceUtils: ==============================================================
[2025-09-08T03:24:58.604+0000] {spark_submit.py:579} INFO - 25/09/08 03:24:58 INFO SparkContext: Submitted application: PythonWordCount
[2025-09-08T03:24:58.634+0000] {spark_submit.py:579} INFO - 25/09/08 03:24:58 INFO ResourceProfile: Default ResourceProfile created, executor resources: Map(memory -> name: memory, amount: 1024, script: , vendor: , offHeap -> name: offHeap, amount: 0, script: , vendor: ), task resources: Map(cpus -> name: cpus, amount: 1.0)
[2025-09-08T03:24:58.638+0000] {spark_submit.py:579} INFO - 25/09/08 03:24:58 INFO ResourceProfile: Limiting resource is cpu
[2025-09-08T03:24:58.640+0000] {spark_submit.py:579} INFO - 25/09/08 03:24:58 INFO ResourceProfileManager: Added ResourceProfile id: 0
[2025-09-08T03:24:58.769+0000] {spark_submit.py:579} INFO - 25/09/08 03:24:58 INFO SecurityManager: Changing view acls to: ***
[2025-09-08T03:24:58.778+0000] {spark_submit.py:579} INFO - 25/09/08 03:24:58 INFO SecurityManager: Changing modify acls to: ***
[2025-09-08T03:24:58.779+0000] {spark_submit.py:579} INFO - 25/09/08 03:24:58 INFO SecurityManager: Changing view acls groups to: ***
[2025-09-08T03:24:58.779+0000] {spark_submit.py:579} INFO - 25/09/08 03:24:58 INFO SecurityManager: Changing modify acls groups to: ***
[2025-09-08T03:24:58.786+0000] {spark_submit.py:579} INFO - 25/09/08 03:24:58 INFO SecurityManager: SecurityManager: authentication disabled; ui acls disabled; users with view permissions: *** groups with view permissions: EMPTY; users with modify permissions: ***; groups with modify permissions: EMPTY; RPC SSL disabled
[2025-09-08T03:24:59.381+0000] {spark_submit.py:579} INFO - 25/09/08 03:24:59 INFO Utils: Successfully started service 'sparkDriver' on port 35677.
[2025-09-08T03:24:59.425+0000] {spark_submit.py:579} INFO - 25/09/08 03:24:59 INFO SparkEnv: Registering MapOutputTracker
[2025-09-08T03:24:59.440+0000] {spark_submit.py:579} INFO - 25/09/08 03:24:59 INFO SparkEnv: Registering BlockManagerMaster
[2025-09-08T03:24:59.463+0000] {spark_submit.py:579} INFO - 25/09/08 03:24:59 INFO BlockManagerMasterEndpoint: Using org.apache.spark.storage.DefaultTopologyMapper for getting topology information
[2025-09-08T03:24:59.463+0000] {spark_submit.py:579} INFO - 25/09/08 03:24:59 INFO BlockManagerMasterEndpoint: BlockManagerMasterEndpoint up
[2025-09-08T03:24:59.467+0000] {spark_submit.py:579} INFO - 25/09/08 03:24:59 INFO SparkEnv: Registering BlockManagerMasterHeartbeat
[2025-09-08T03:24:59.506+0000] {spark_submit.py:579} INFO - 25/09/08 03:24:59 INFO DiskBlockManager: Created local directory at /tmp/blockmgr-c5f59211-eead-4406-8101-79f8903bbbf9
[2025-09-08T03:24:59.538+0000] {spark_submit.py:579} INFO - 25/09/08 03:24:59 INFO SparkEnv: Registering OutputCommitCoordinator
[2025-09-08T03:24:59.749+0000] {spark_submit.py:579} INFO - 25/09/08 03:24:59 INFO JettyUtils: Start Jetty 0.0.0.0:4040 for SparkUI
[2025-09-08T03:24:59.860+0000] {spark_submit.py:579} INFO - 25/09/08 03:24:59 INFO Utils: Successfully started service 'SparkUI' on port 4040.
[2025-09-08T03:24:59.902+0000] {spark_submit.py:579} INFO - 25/09/08 03:24:59 INFO SparkContext: Added JAR file:///opt/spark/external-jars/apache-spark-sql-connector.jar at spark://ac03ab483d89:35677/jars/apache-spark-sql-connector.jar with timestamp 1757301898519
[2025-09-08T03:24:59.930+0000] {spark_submit.py:579} INFO - 25/09/08 03:24:59 INFO SecurityManager: Changing view acls to: ***
[2025-09-08T03:24:59.930+0000] {spark_submit.py:579} INFO - 25/09/08 03:24:59 INFO SecurityManager: Changing modify acls to: ***
[2025-09-08T03:24:59.931+0000] {spark_submit.py:579} INFO - 25/09/08 03:24:59 INFO SecurityManager: Changing view acls groups to: ***
[2025-09-08T03:24:59.932+0000] {spark_submit.py:579} INFO - 25/09/08 03:24:59 INFO SecurityManager: Changing modify acls groups to: ***
[2025-09-08T03:24:59.932+0000] {spark_submit.py:579} INFO - 25/09/08 03:24:59 INFO SecurityManager: SecurityManager: authentication disabled; ui acls disabled; users with view permissions: *** groups with view permissions: EMPTY; users with modify permissions: ***; groups with modify permissions: EMPTY; RPC SSL disabled
[2025-09-08T03:25:00.270+0000] {spark_submit.py:579} INFO - 25/09/08 03:25:00 INFO StandaloneAppClient$ClientEndpoint: Connecting to master spark://spark-master:7077...
[2025-09-08T03:25:00.343+0000] {spark_submit.py:579} INFO - 25/09/08 03:25:00 INFO TransportClientFactory: Successfully created connection to spark-master/172.18.0.2:7077 after 33 ms (0 ms spent in bootstraps)
[2025-09-08T03:25:01.086+0000] {spark_submit.py:579} INFO - 25/09/08 03:25:01 INFO StandaloneSchedulerBackend: Connected to Spark cluster with app ID app-20250908032500-0021
[2025-09-08T03:25:01.105+0000] {spark_submit.py:579} INFO - 25/09/08 03:25:01 INFO Utils: Successfully started service 'org.apache.spark.network.netty.NettyBlockTransferService' on port 42703.
[2025-09-08T03:25:01.107+0000] {spark_submit.py:579} INFO - 25/09/08 03:25:01 INFO NettyBlockTransferService: Server created on ac03ab483d89:42703
[2025-09-08T03:25:01.112+0000] {spark_submit.py:579} INFO - 25/09/08 03:25:01 INFO BlockManager: Using org.apache.spark.storage.RandomBlockReplicationPolicy for block replication policy
[2025-09-08T03:25:01.185+0000] {spark_submit.py:579} INFO - 25/09/08 03:25:01 INFO BlockManagerMaster: Registering BlockManager BlockManagerId(driver, ac03ab483d89, 42703, None)
[2025-09-08T03:25:01.209+0000] {spark_submit.py:579} INFO - 25/09/08 03:25:01 INFO BlockManagerMasterEndpoint: Registering block manager ac03ab483d89:42703 with 434.4 MiB RAM, BlockManagerId(driver, ac03ab483d89, 42703, None)
[2025-09-08T03:25:01.212+0000] {spark_submit.py:579} INFO - 25/09/08 03:25:01 INFO BlockManagerMaster: Registered BlockManager BlockManagerId(driver, ac03ab483d89, 42703, None)
[2025-09-08T03:25:01.213+0000] {spark_submit.py:579} INFO - 25/09/08 03:25:01 INFO BlockManager: Initialized BlockManager: BlockManagerId(driver, ac03ab483d89, 42703, None)
[2025-09-08T03:25:01.275+0000] {spark_submit.py:579} INFO - 25/09/08 03:25:01 INFO StandaloneAppClient$ClientEndpoint: Executor added: app-20250908032500-0021/0 on worker-20250906133811-172.18.0.4-34629 (172.18.0.4:34629) with 2 core(s)
[2025-09-08T03:25:01.277+0000] {spark_submit.py:579} INFO - 25/09/08 03:25:01 INFO StandaloneSchedulerBackend: Granted executor ID app-20250908032500-0021/0 on hostPort 172.18.0.4:34629 with 2 core(s), 1024.0 MiB RAM
[2025-09-08T03:25:01.498+0000] {spark_submit.py:579} INFO - 25/09/08 03:25:01 INFO StandaloneSchedulerBackend: SchedulerBackend is ready for scheduling beginning after reached minRegisteredResourcesRatio: 0.0
[2025-09-08T03:25:02.568+0000] {spark_submit.py:579} INFO - 25/09/08 03:25:02 INFO StandaloneAppClient$ClientEndpoint: Executor updated: app-20250908032500-0021/0 is now RUNNING
[2025-09-08T03:25:07.586+0000] {spark_submit.py:579} INFO - 25/09/08 03:25:07 INFO StandaloneSchedulerBackend$StandaloneDriverEndpoint: Registered executor NettyRpcEndpointRef(spark-client://Executor) (172.18.0.4:57472) with ID 0, ResourceProfileId 0
[2025-09-08T03:25:07.733+0000] {spark_submit.py:579} INFO - dict_keys(['daily', 'daily960', 'live_rapid', 'live_blitz', 'live_bullet', 'live_bughouse', 'live_blitz960', 'live_threecheck', 'live_crazyhouse', 'tactics', 'rush', 'battle'])
[2025-09-08T03:25:07.813+0000] {spark_submit.py:579} INFO - 25/09/08 03:25:07 INFO BlockManagerMasterEndpoint: Registering block manager 172.18.0.4:36481 with 434.4 MiB RAM, BlockManagerId(0, 172.18.0.4, 36481, None)
[2025-09-08T03:25:08.437+0000] {spark_submit.py:579} INFO - 25/09/08 03:25:08 INFO SharedState: Setting hive.metastore.warehouse.dir ('null') to the value of spark.sql.warehouse.dir.
[2025-09-08T03:25:08.449+0000] {spark_submit.py:579} INFO - 25/09/08 03:25:08 INFO SharedState: Warehouse path is 'file:/opt/***/spark-warehouse'.
[2025-09-08T03:25:13.447+0000] {spark_submit.py:579} INFO - 25/09/08 03:25:13 WARN SparkStringUtils: Truncated the string representation of a plan since it was too large. This behavior can be adjusted by setting 'spark.sql.debug.maxToStringFields'.
[2025-09-08T03:25:14.298+0000] {spark_submit.py:579} INFO - 25/09/08 03:25:14 INFO CodeGenerator: Code generated in 525.045335 ms
[2025-09-08T03:25:14.479+0000] {spark_submit.py:579} INFO - 25/09/08 03:25:14 INFO SparkContext: Starting job: jdbc at NativeMethodAccessorImpl.java:0
[2025-09-08T03:25:14.504+0000] {spark_submit.py:579} INFO - 25/09/08 03:25:14 INFO DAGScheduler: Got job 0 (jdbc at NativeMethodAccessorImpl.java:0) with 2 output partitions
[2025-09-08T03:25:14.507+0000] {spark_submit.py:579} INFO - 25/09/08 03:25:14 INFO DAGScheduler: Final stage: ResultStage 0 (jdbc at NativeMethodAccessorImpl.java:0)
[2025-09-08T03:25:14.508+0000] {spark_submit.py:579} INFO - 25/09/08 03:25:14 INFO DAGScheduler: Parents of final stage: List()
[2025-09-08T03:25:14.510+0000] {spark_submit.py:579} INFO - 25/09/08 03:25:14 INFO DAGScheduler: Missing parents: List()
[2025-09-08T03:25:14.514+0000] {spark_submit.py:579} INFO - 25/09/08 03:25:14 INFO DAGScheduler: Submitting ResultStage 0 (MapPartitionsRDD[53] at jdbc at NativeMethodAccessorImpl.java:0), which has no missing parents
[2025-09-08T03:25:14.623+0000] {spark_submit.py:579} INFO - 25/09/08 03:25:14 INFO MemoryStore: MemoryStore started with capacity 434.4 MiB
[2025-09-08T03:25:14.665+0000] {spark_submit.py:579} INFO - 25/09/08 03:25:14 INFO MemoryStore: Block broadcast_0 stored as values in memory (estimated size 33.9 KiB, free 434.4 MiB)
[2025-09-08T03:25:14.771+0000] {spark_submit.py:579} INFO - 25/09/08 03:25:14 INFO MemoryStore: Block broadcast_0_piece0 stored as bytes in memory (estimated size 14.5 KiB, free 434.4 MiB)
[2025-09-08T03:25:14.787+0000] {spark_submit.py:579} INFO - 25/09/08 03:25:14 INFO SparkContext: Created broadcast 0 from broadcast at DAGScheduler.scala:1676
[2025-09-08T03:25:14.805+0000] {spark_submit.py:579} INFO - 25/09/08 03:25:14 INFO DAGScheduler: Submitting 2 missing tasks from ResultStage 0 (MapPartitionsRDD[53] at jdbc at NativeMethodAccessorImpl.java:0) (first 15 tasks are for partitions Vector(0, 1))
[2025-09-08T03:25:14.822+0000] {spark_submit.py:579} INFO - 25/09/08 03:25:14 INFO TaskSchedulerImpl: Adding task set 0.0 with 2 tasks resource profile 0
[2025-09-08T03:25:14.864+0000] {spark_submit.py:579} INFO - 25/09/08 03:25:14 INFO TaskSetManager: Starting task 0.0 in stage 0.0 (TID 0) (172.18.0.4,executor 0, partition 0, PROCESS_LOCAL, 17776 bytes)
[2025-09-08T03:25:14.868+0000] {spark_submit.py:579} INFO - 25/09/08 03:25:14 INFO TaskSetManager: Starting task 1.0 in stage 0.0 (TID 1) (172.18.0.4,executor 0, partition 1, PROCESS_LOCAL, 17383 bytes)
[2025-09-08T03:25:21.338+0000] {spark_submit.py:579} INFO - 25/09/08 03:25:21 INFO TaskSetManager: Finished task 1.0 in stage 0.0 (TID 1) in 6462 ms on 172.18.0.4 (executor 0) (1/2)
[2025-09-08T03:25:21.343+0000] {spark_submit.py:579} INFO - 25/09/08 03:25:21 INFO TaskSetManager: Finished task 0.0 in stage 0.0 (TID 0) in 6494 ms on 172.18.0.4 (executor 0) (2/2)
[2025-09-08T03:25:21.344+0000] {spark_submit.py:579} INFO - 25/09/08 03:25:21 INFO TaskSchedulerImpl: Removed TaskSet 0.0 whose tasks have all completed, from pool
[2025-09-08T03:25:21.360+0000] {spark_submit.py:579} INFO - 25/09/08 03:25:21 INFO PythonAccumulatorV2: Connected to AccumulatorServer at host: 127.0.0.1 port: 55379
[2025-09-08T03:25:21.384+0000] {spark_submit.py:579} INFO - 25/09/08 03:25:21 INFO DAGScheduler: ResultStage 0 (jdbc at NativeMethodAccessorImpl.java:0) finished in 6844 ms
[2025-09-08T03:25:21.396+0000] {spark_submit.py:579} INFO - 25/09/08 03:25:21 INFO DAGScheduler: Job 0 is finished. Cancelling potential speculative or zombie tasks for this job
[2025-09-08T03:25:21.397+0000] {spark_submit.py:579} INFO - 25/09/08 03:25:21 INFO TaskSchedulerImpl: Canceling stage 0
[2025-09-08T03:25:21.399+0000] {spark_submit.py:579} INFO - 25/09/08 03:25:21 INFO TaskSchedulerImpl: Killing all running tasks in stage 0: Stage finished
[2025-09-08T03:25:21.405+0000] {spark_submit.py:579} INFO - 25/09/08 03:25:21 INFO DAGScheduler: Job 0 finished: jdbc at NativeMethodAccessorImpl.java:0, took 6925.640468 ms
[2025-09-08T03:25:21.902+0000] {spark_submit.py:579} INFO - table daily has been loaded
[2025-09-08T03:25:22.228+0000] {spark_submit.py:579} INFO - 25/09/08 03:25:22 INFO SparkContext: Starting job: jdbc at NativeMethodAccessorImpl.java:0
[2025-09-08T03:25:22.230+0000] {spark_submit.py:579} INFO - 25/09/08 03:25:22 INFO DAGScheduler: Got job 1 (jdbc at NativeMethodAccessorImpl.java:0) with 2 output partitions
[2025-09-08T03:25:22.231+0000] {spark_submit.py:579} INFO - 25/09/08 03:25:22 INFO DAGScheduler: Final stage: ResultStage 1 (jdbc at NativeMethodAccessorImpl.java:0)
[2025-09-08T03:25:22.231+0000] {spark_submit.py:579} INFO - 25/09/08 03:25:22 INFO DAGScheduler: Parents of final stage: List()
[2025-09-08T03:25:22.232+0000] {spark_submit.py:579} INFO - 25/09/08 03:25:22 INFO DAGScheduler: Missing parents: List()
[2025-09-08T03:25:22.234+0000] {spark_submit.py:579} INFO - 25/09/08 03:25:22 INFO DAGScheduler: Submitting ResultStage 1 (MapPartitionsRDD[57] at jdbc at NativeMethodAccessorImpl.java:0), which has no missing parents
[2025-09-08T03:25:22.243+0000] {spark_submit.py:579} INFO - 25/09/08 03:25:22 INFO MemoryStore: Block broadcast_1 stored as values in memory (estimated size 33.9 KiB, free 434.3 MiB)
[2025-09-08T03:25:22.272+0000] {spark_submit.py:579} INFO - 25/09/08 03:25:22 INFO MemoryStore: Block broadcast_1_piece0 stored as bytes in memory (estimated size 14.5 KiB, free 434.3 MiB)
[2025-09-08T03:25:22.289+0000] {spark_submit.py:579} INFO - 25/09/08 03:25:22 INFO SparkContext: Created broadcast 1 from broadcast at DAGScheduler.scala:1676
[2025-09-08T03:25:22.290+0000] {spark_submit.py:579} INFO - 25/09/08 03:25:22 INFO DAGScheduler: Submitting 2 missing tasks from ResultStage 1 (MapPartitionsRDD[57] at jdbc at NativeMethodAccessorImpl.java:0) (first 15 tasks are for partitions Vector(0, 1))
[2025-09-08T03:25:22.292+0000] {spark_submit.py:579} INFO - 25/09/08 03:25:22 INFO TaskSchedulerImpl: Adding task set 1.0 with 2 tasks resource profile 0
[2025-09-08T03:25:22.296+0000] {spark_submit.py:579} INFO - 25/09/08 03:25:22 INFO TaskSetManager: Starting task 0.0 in stage 1.0 (TID 2) (172.18.0.4,executor 0, partition 0, PROCESS_LOCAL, 18049 bytes)
[2025-09-08T03:25:22.297+0000] {spark_submit.py:579} INFO - 25/09/08 03:25:22 INFO TaskSetManager: Starting task 1.0 in stage 1.0 (TID 3) (172.18.0.4,executor 0, partition 1, PROCESS_LOCAL, 17858 bytes)
[2025-09-08T03:25:22.800+0000] {spark_submit.py:579} INFO - 25/09/08 03:25:22 INFO TaskSetManager: Finished task 1.0 in stage 1.0 (TID 3) in 504 ms on 172.18.0.4 (executor 0) (1/2)
[2025-09-08T03:25:22.806+0000] {spark_submit.py:579} INFO - 25/09/08 03:25:22 INFO TaskSetManager: Finished task 0.0 in stage 1.0 (TID 2) in 512 ms on 172.18.0.4 (executor 0) (2/2)
[2025-09-08T03:25:22.807+0000] {spark_submit.py:579} INFO - 25/09/08 03:25:22 INFO TaskSchedulerImpl: Removed TaskSet 1.0 whose tasks have all completed, from pool
[2025-09-08T03:25:22.808+0000] {spark_submit.py:579} INFO - 25/09/08 03:25:22 INFO DAGScheduler: ResultStage 1 (jdbc at NativeMethodAccessorImpl.java:0) finished in 572 ms
[2025-09-08T03:25:22.808+0000] {spark_submit.py:579} INFO - 25/09/08 03:25:22 INFO DAGScheduler: Job 1 is finished. Cancelling potential speculative or zombie tasks for this job
[2025-09-08T03:25:22.808+0000] {spark_submit.py:579} INFO - 25/09/08 03:25:22 INFO TaskSchedulerImpl: Canceling stage 1
[2025-09-08T03:25:22.813+0000] {spark_submit.py:579} INFO - 25/09/08 03:25:22 INFO TaskSchedulerImpl: Killing all running tasks in stage 1: Stage finished
[2025-09-08T03:25:22.813+0000] {spark_submit.py:579} INFO - 25/09/08 03:25:22 INFO DAGScheduler: Job 1 finished: jdbc at NativeMethodAccessorImpl.java:0, took 580.422528 ms
[2025-09-08T03:25:23.126+0000] {spark_submit.py:579} INFO - table live_rapid has been loaded
[2025-09-08T03:25:23.378+0000] {spark_submit.py:579} INFO - 25/09/08 03:25:23 INFO SparkContext: Starting job: jdbc at NativeMethodAccessorImpl.java:0
[2025-09-08T03:25:23.379+0000] {spark_submit.py:579} INFO - 25/09/08 03:25:23 INFO DAGScheduler: Got job 2 (jdbc at NativeMethodAccessorImpl.java:0) with 2 output partitions
[2025-09-08T03:25:23.379+0000] {spark_submit.py:579} INFO - 25/09/08 03:25:23 INFO DAGScheduler: Final stage: ResultStage 2 (jdbc at NativeMethodAccessorImpl.java:0)
[2025-09-08T03:25:23.379+0000] {spark_submit.py:579} INFO - 25/09/08 03:25:23 INFO DAGScheduler: Parents of final stage: List()
[2025-09-08T03:25:23.380+0000] {spark_submit.py:579} INFO - 25/09/08 03:25:23 INFO DAGScheduler: Missing parents: List()
[2025-09-08T03:25:23.381+0000] {spark_submit.py:579} INFO - 25/09/08 03:25:23 INFO DAGScheduler: Submitting ResultStage 2 (MapPartitionsRDD[61] at jdbc at NativeMethodAccessorImpl.java:0), which has no missing parents
[2025-09-08T03:25:23.385+0000] {spark_submit.py:579} INFO - 25/09/08 03:25:23 INFO MemoryStore: Block broadcast_2 stored as values in memory (estimated size 33.9 KiB, free 434.3 MiB)
[2025-09-08T03:25:23.394+0000] {spark_submit.py:579} INFO - 25/09/08 03:25:23 INFO MemoryStore: Block broadcast_2_piece0 stored as bytes in memory (estimated size 14.5 KiB, free 434.3 MiB)
[2025-09-08T03:25:23.398+0000] {spark_submit.py:579} INFO - 25/09/08 03:25:23 INFO SparkContext: Created broadcast 2 from broadcast at DAGScheduler.scala:1676
[2025-09-08T03:25:23.400+0000] {spark_submit.py:579} INFO - 25/09/08 03:25:23 INFO DAGScheduler: Submitting 2 missing tasks from ResultStage 2 (MapPartitionsRDD[61] at jdbc at NativeMethodAccessorImpl.java:0) (first 15 tasks are for partitions Vector(0, 1))
[2025-09-08T03:25:23.402+0000] {spark_submit.py:579} INFO - 25/09/08 03:25:23 INFO TaskSchedulerImpl: Adding task set 2.0 with 2 tasks resource profile 0
[2025-09-08T03:25:23.404+0000] {spark_submit.py:579} INFO - 25/09/08 03:25:23 INFO TaskSetManager: Starting task 0.0 in stage 2.0 (TID 4) (172.18.0.4,executor 0, partition 0, PROCESS_LOCAL, 18101 bytes)
[2025-09-08T03:25:23.404+0000] {spark_submit.py:579} INFO - 25/09/08 03:25:23 INFO TaskSetManager: Starting task 1.0 in stage 2.0 (TID 5) (172.18.0.4,executor 0, partition 1, PROCESS_LOCAL, 18062 bytes)
[2025-09-08T03:25:23.832+0000] {spark_submit.py:579} INFO - 25/09/08 03:25:23 INFO TaskSetManager: Finished task 0.0 in stage 2.0 (TID 4) in 430 ms on 172.18.0.4 (executor 0) (1/2)
[2025-09-08T03:25:23.846+0000] {spark_submit.py:579} INFO - 25/09/08 03:25:23 INFO TaskSetManager: Finished task 1.0 in stage 2.0 (TID 5) in 442 ms on 172.18.0.4 (executor 0) (2/2)
[2025-09-08T03:25:23.846+0000] {spark_submit.py:579} INFO - 25/09/08 03:25:23 INFO TaskSchedulerImpl: Removed TaskSet 2.0 whose tasks have all completed, from pool
[2025-09-08T03:25:23.848+0000] {spark_submit.py:579} INFO - 25/09/08 03:25:23 INFO DAGScheduler: ResultStage 2 (jdbc at NativeMethodAccessorImpl.java:0) finished in 465 ms
[2025-09-08T03:25:23.851+0000] {spark_submit.py:579} INFO - 25/09/08 03:25:23 INFO DAGScheduler: Job 2 is finished. Cancelling potential speculative or zombie tasks for this job
[2025-09-08T03:25:23.851+0000] {spark_submit.py:579} INFO - 25/09/08 03:25:23 INFO TaskSchedulerImpl: Canceling stage 2
[2025-09-08T03:25:23.852+0000] {spark_submit.py:579} INFO - 25/09/08 03:25:23 INFO TaskSchedulerImpl: Killing all running tasks in stage 2: Stage finished
[2025-09-08T03:25:23.853+0000] {spark_submit.py:579} INFO - 25/09/08 03:25:23 INFO DAGScheduler: Job 2 finished: jdbc at NativeMethodAccessorImpl.java:0, took 469.790296 ms
[2025-09-08T03:25:24.139+0000] {spark_submit.py:579} INFO - table live_blitz has been loaded
[2025-09-08T03:25:24.455+0000] {spark_submit.py:579} INFO - 25/09/08 03:25:24 INFO CodeGenerator: Code generated in 43.137823 ms
[2025-09-08T03:25:24.470+0000] {spark_submit.py:579} INFO - 25/09/08 03:25:24 INFO SparkContext: Starting job: jdbc at NativeMethodAccessorImpl.java:0
[2025-09-08T03:25:24.475+0000] {spark_submit.py:579} INFO - 25/09/08 03:25:24 INFO DAGScheduler: Got job 3 (jdbc at NativeMethodAccessorImpl.java:0) with 2 output partitions
[2025-09-08T03:25:24.476+0000] {spark_submit.py:579} INFO - 25/09/08 03:25:24 INFO DAGScheduler: Final stage: ResultStage 3 (jdbc at NativeMethodAccessorImpl.java:0)
[2025-09-08T03:25:24.476+0000] {spark_submit.py:579} INFO - 25/09/08 03:25:24 INFO DAGScheduler: Parents of final stage: List()
[2025-09-08T03:25:24.477+0000] {spark_submit.py:579} INFO - 25/09/08 03:25:24 INFO DAGScheduler: Missing parents: List()
[2025-09-08T03:25:24.477+0000] {spark_submit.py:579} INFO - 25/09/08 03:25:24 INFO DAGScheduler: Submitting ResultStage 3 (MapPartitionsRDD[65] at jdbc at NativeMethodAccessorImpl.java:0), which has no missing parents
[2025-09-08T03:25:24.477+0000] {spark_submit.py:579} INFO - 25/09/08 03:25:24 INFO MemoryStore: Block broadcast_3 stored as values in memory (estimated size 33.9 KiB, free 434.3 MiB)
[2025-09-08T03:25:24.486+0000] {spark_submit.py:579} INFO - 25/09/08 03:25:24 INFO MemoryStore: Block broadcast_3_piece0 stored as bytes in memory (estimated size 14.5 KiB, free 434.3 MiB)
[2025-09-08T03:25:24.491+0000] {spark_submit.py:579} INFO - 25/09/08 03:25:24 INFO SparkContext: Created broadcast 3 from broadcast at DAGScheduler.scala:1676
[2025-09-08T03:25:24.494+0000] {spark_submit.py:579} INFO - 25/09/08 03:25:24 INFO DAGScheduler: Submitting 2 missing tasks from ResultStage 3 (MapPartitionsRDD[65] at jdbc at NativeMethodAccessorImpl.java:0) (first 15 tasks are for partitions Vector(0, 1))
[2025-09-08T03:25:24.495+0000] {spark_submit.py:579} INFO - 25/09/08 03:25:24 INFO TaskSchedulerImpl: Adding task set 3.0 with 2 tasks resource profile 0
[2025-09-08T03:25:24.496+0000] {spark_submit.py:579} INFO - 25/09/08 03:25:24 INFO TaskSetManager: Starting task 0.0 in stage 3.0 (TID 6) (172.18.0.4,executor 0, partition 0, PROCESS_LOCAL, 18041 bytes)
[2025-09-08T03:25:24.496+0000] {spark_submit.py:579} INFO - 25/09/08 03:25:24 INFO TaskSetManager: Starting task 1.0 in stage 3.0 (TID 7) (172.18.0.4,executor 0, partition 1, PROCESS_LOCAL, 17987 bytes)
[2025-09-08T03:25:25.060+0000] {spark_submit.py:579} INFO - 25/09/08 03:25:25 INFO TaskSetManager: Finished task 1.0 in stage 3.0 (TID 7) in 568 ms on 172.18.0.4 (executor 0) (1/2)
[2025-09-08T03:25:25.062+0000] {spark_submit.py:579} INFO - 25/09/08 03:25:25 INFO TaskSetManager: Finished task 0.0 in stage 3.0 (TID 6) in 570 ms on 172.18.0.4 (executor 0) (2/2)
[2025-09-08T03:25:25.062+0000] {spark_submit.py:579} INFO - 25/09/08 03:25:25 INFO TaskSchedulerImpl: Removed TaskSet 3.0 whose tasks have all completed, from pool
[2025-09-08T03:25:25.063+0000] {spark_submit.py:579} INFO - 25/09/08 03:25:25 INFO DAGScheduler: ResultStage 3 (jdbc at NativeMethodAccessorImpl.java:0) finished in 589 ms
[2025-09-08T03:25:25.063+0000] {spark_submit.py:579} INFO - 25/09/08 03:25:25 INFO DAGScheduler: Job 3 is finished. Cancelling potential speculative or zombie tasks for this job
[2025-09-08T03:25:25.063+0000] {spark_submit.py:579} INFO - 25/09/08 03:25:25 INFO TaskSchedulerImpl: Canceling stage 3
[2025-09-08T03:25:25.064+0000] {spark_submit.py:579} INFO - 25/09/08 03:25:25 INFO TaskSchedulerImpl: Killing all running tasks in stage 3: Stage finished
[2025-09-08T03:25:25.064+0000] {spark_submit.py:579} INFO - 25/09/08 03:25:25 INFO DAGScheduler: Job 3 finished: jdbc at NativeMethodAccessorImpl.java:0, took 593.949472 ms
[2025-09-08T03:25:25.379+0000] {spark_submit.py:579} INFO - table live_bullet has been loaded
[2025-09-08T03:25:25.625+0000] {spark_submit.py:579} INFO - 25/09/08 03:25:25 INFO CodeGenerator: Code generated in 19.074325 ms
[2025-09-08T03:25:25.642+0000] {spark_submit.py:579} INFO - 25/09/08 03:25:25 INFO SparkContext: Starting job: jdbc at NativeMethodAccessorImpl.java:0
[2025-09-08T03:25:25.643+0000] {spark_submit.py:579} INFO - 25/09/08 03:25:25 INFO DAGScheduler: Got job 4 (jdbc at NativeMethodAccessorImpl.java:0) with 2 output partitions
[2025-09-08T03:25:25.643+0000] {spark_submit.py:579} INFO - 25/09/08 03:25:25 INFO DAGScheduler: Final stage: ResultStage 4 (jdbc at NativeMethodAccessorImpl.java:0)
[2025-09-08T03:25:25.644+0000] {spark_submit.py:579} INFO - 25/09/08 03:25:25 INFO DAGScheduler: Parents of final stage: List()
[2025-09-08T03:25:25.644+0000] {spark_submit.py:579} INFO - 25/09/08 03:25:25 INFO DAGScheduler: Missing parents: List()
[2025-09-08T03:25:25.645+0000] {spark_submit.py:579} INFO - 25/09/08 03:25:25 INFO DAGScheduler: Submitting ResultStage 4 (MapPartitionsRDD[69] at jdbc at NativeMethodAccessorImpl.java:0), which has no missing parents
[2025-09-08T03:25:25.648+0000] {spark_submit.py:579} INFO - 25/09/08 03:25:25 INFO MemoryStore: Block broadcast_4 stored as values in memory (estimated size 28.2 KiB, free 434.3 MiB)
[2025-09-08T03:25:25.657+0000] {spark_submit.py:579} INFO - 25/09/08 03:25:25 INFO MemoryStore: Block broadcast_4_piece0 stored as bytes in memory (estimated size 12.6 KiB, free 434.3 MiB)
[2025-09-08T03:25:25.659+0000] {spark_submit.py:579} INFO - 25/09/08 03:25:25 INFO SparkContext: Created broadcast 4 from broadcast at DAGScheduler.scala:1676
[2025-09-08T03:25:25.662+0000] {spark_submit.py:579} INFO - 25/09/08 03:25:25 INFO DAGScheduler: Submitting 2 missing tasks from ResultStage 4 (MapPartitionsRDD[69] at jdbc at NativeMethodAccessorImpl.java:0) (first 15 tasks are for partitions Vector(0, 1))
[2025-09-08T03:25:25.663+0000] {spark_submit.py:579} INFO - 25/09/08 03:25:25 INFO TaskSchedulerImpl: Adding task set 4.0 with 2 tasks resource profile 0
[2025-09-08T03:25:25.664+0000] {spark_submit.py:579} INFO - 25/09/08 03:25:25 INFO TaskSetManager: Starting task 0.0 in stage 4.0 (TID 8) (172.18.0.4,executor 0, partition 0, PROCESS_LOCAL, 9868 bytes)
[2025-09-08T03:25:25.664+0000] {spark_submit.py:579} INFO - 25/09/08 03:25:25 INFO TaskSetManager: Starting task 1.0 in stage 4.0 (TID 9) (172.18.0.4,executor 0, partition 1, PROCESS_LOCAL, 10002 bytes)
[2025-09-08T03:25:25.875+0000] {spark_submit.py:579} INFO - 25/09/08 03:25:25 INFO TaskSetManager: Finished task 0.0 in stage 4.0 (TID 8) in 212 ms on 172.18.0.4 (executor 0) (1/2)
[2025-09-08T03:25:26.110+0000] {spark_submit.py:579} INFO - 25/09/08 03:25:26 INFO TaskSetManager: Finished task 1.0 in stage 4.0 (TID 9) in 447 ms on 172.18.0.4 (executor 0) (2/2)
[2025-09-08T03:25:26.111+0000] {spark_submit.py:579} INFO - 25/09/08 03:25:26 INFO TaskSchedulerImpl: Removed TaskSet 4.0 whose tasks have all completed, from pool
[2025-09-08T03:25:26.111+0000] {spark_submit.py:579} INFO - 25/09/08 03:25:26 INFO DAGScheduler: ResultStage 4 (jdbc at NativeMethodAccessorImpl.java:0) finished in 466 ms
[2025-09-08T03:25:26.111+0000] {spark_submit.py:579} INFO - 25/09/08 03:25:26 INFO DAGScheduler: Job 4 is finished. Cancelling potential speculative or zombie tasks for this job
[2025-09-08T03:25:26.112+0000] {spark_submit.py:579} INFO - 25/09/08 03:25:26 INFO TaskSchedulerImpl: Canceling stage 4
[2025-09-08T03:25:26.112+0000] {spark_submit.py:579} INFO - 25/09/08 03:25:26 INFO TaskSchedulerImpl: Killing all running tasks in stage 4: Stage finished
[2025-09-08T03:25:26.112+0000] {spark_submit.py:579} INFO - 25/09/08 03:25:26 INFO DAGScheduler: Job 4 finished: jdbc at NativeMethodAccessorImpl.java:0, took 470.032114 ms
[2025-09-08T03:25:26.403+0000] {spark_submit.py:579} INFO - table kue_daily has been loaded
[2025-09-08T03:25:26.626+0000] {spark_submit.py:579} INFO - 25/09/08 03:25:26 INFO CodeGenerator: Code generated in 10.944918 ms
[2025-09-08T03:25:26.638+0000] {spark_submit.py:579} INFO - 25/09/08 03:25:26 INFO SparkContext: Starting job: jdbc at NativeMethodAccessorImpl.java:0
[2025-09-08T03:25:26.639+0000] {spark_submit.py:579} INFO - 25/09/08 03:25:26 INFO DAGScheduler: Got job 5 (jdbc at NativeMethodAccessorImpl.java:0) with 2 output partitions
[2025-09-08T03:25:26.641+0000] {spark_submit.py:579} INFO - 25/09/08 03:25:26 INFO DAGScheduler: Final stage: ResultStage 5 (jdbc at NativeMethodAccessorImpl.java:0)
[2025-09-08T03:25:26.645+0000] {spark_submit.py:579} INFO - 25/09/08 03:25:26 INFO DAGScheduler: Parents of final stage: List()
[2025-09-08T03:25:26.647+0000] {spark_submit.py:579} INFO - 25/09/08 03:25:26 INFO DAGScheduler: Missing parents: List()
[2025-09-08T03:25:26.647+0000] {spark_submit.py:579} INFO - 25/09/08 03:25:26 INFO DAGScheduler: Submitting ResultStage 5 (MapPartitionsRDD[73] at jdbc at NativeMethodAccessorImpl.java:0), which has no missing parents
[2025-09-08T03:25:26.647+0000] {spark_submit.py:579} INFO - 25/09/08 03:25:26 INFO MemoryStore: Block broadcast_5 stored as values in memory (estimated size 27.2 KiB, free 434.3 MiB)
[2025-09-08T03:25:26.654+0000] {spark_submit.py:579} INFO - 25/09/08 03:25:26 INFO MemoryStore: Block broadcast_5_piece0 stored as bytes in memory (estimated size 12.4 KiB, free 434.3 MiB)
[2025-09-08T03:25:26.659+0000] {spark_submit.py:579} INFO - 25/09/08 03:25:26 INFO SparkContext: Created broadcast 5 from broadcast at DAGScheduler.scala:1676
[2025-09-08T03:25:26.663+0000] {spark_submit.py:579} INFO - 25/09/08 03:25:26 INFO DAGScheduler: Submitting 2 missing tasks from ResultStage 5 (MapPartitionsRDD[73] at jdbc at NativeMethodAccessorImpl.java:0) (first 15 tasks are for partitions Vector(0, 1))
[2025-09-08T03:25:26.671+0000] {spark_submit.py:579} INFO - 25/09/08 03:25:26 INFO TaskSchedulerImpl: Adding task set 5.0 with 2 tasks resource profile 0
[2025-09-08T03:25:26.672+0000] {spark_submit.py:579} INFO - 25/09/08 03:25:26 INFO TaskSetManager: Starting task 0.0 in stage 5.0 (TID 10) (172.18.0.4,executor 0, partition 0, PROCESS_LOCAL, 9868 bytes)
[2025-09-08T03:25:26.674+0000] {spark_submit.py:579} INFO - 25/09/08 03:25:26 INFO TaskSetManager: Starting task 1.0 in stage 5.0 (TID 11) (172.18.0.4,executor 0, partition 1, PROCESS_LOCAL, 10001 bytes)
[2025-09-08T03:25:26.888+0000] {spark_submit.py:579} INFO - 25/09/08 03:25:26 INFO TaskSetManager: Finished task 0.0 in stage 5.0 (TID 10) in 227 ms on 172.18.0.4 (executor 0) (1/2)
[2025-09-08T03:25:27.084+0000] {spark_submit.py:579} INFO - 25/09/08 03:25:27 INFO TaskSetManager: Finished task 1.0 in stage 5.0 (TID 11) in 423 ms on 172.18.0.4 (executor 0) (2/2)
[2025-09-08T03:25:27.085+0000] {spark_submit.py:579} INFO - 25/09/08 03:25:27 INFO TaskSchedulerImpl: Removed TaskSet 5.0 whose tasks have all completed, from pool
[2025-09-08T03:25:27.085+0000] {spark_submit.py:579} INFO - 25/09/08 03:25:27 INFO DAGScheduler: ResultStage 5 (jdbc at NativeMethodAccessorImpl.java:0) finished in 444 ms
[2025-09-08T03:25:27.086+0000] {spark_submit.py:579} INFO - 25/09/08 03:25:27 INFO DAGScheduler: Job 5 is finished. Cancelling potential speculative or zombie tasks for this job
[2025-09-08T03:25:27.086+0000] {spark_submit.py:579} INFO - 25/09/08 03:25:27 INFO TaskSchedulerImpl: Canceling stage 5
[2025-09-08T03:25:27.087+0000] {spark_submit.py:579} INFO - 25/09/08 03:25:27 INFO TaskSchedulerImpl: Killing all running tasks in stage 5: Stage finished
[2025-09-08T03:25:27.087+0000] {spark_submit.py:579} INFO - 25/09/08 03:25:27 INFO DAGScheduler: Job 5 finished: jdbc at NativeMethodAccessorImpl.java:0, took 447.374622 ms
[2025-09-08T03:25:27.468+0000] {spark_submit.py:579} INFO - table kue_rapid has been loaded
[2025-09-08T03:25:27.790+0000] {spark_submit.py:579} INFO - 25/09/08 03:25:27 INFO SparkContext: Starting job: jdbc at NativeMethodAccessorImpl.java:0
[2025-09-08T03:25:27.791+0000] {spark_submit.py:579} INFO - 25/09/08 03:25:27 INFO DAGScheduler: Got job 6 (jdbc at NativeMethodAccessorImpl.java:0) with 2 output partitions
[2025-09-08T03:25:27.792+0000] {spark_submit.py:579} INFO - 25/09/08 03:25:27 INFO DAGScheduler: Final stage: ResultStage 6 (jdbc at NativeMethodAccessorImpl.java:0)
[2025-09-08T03:25:27.793+0000] {spark_submit.py:579} INFO - 25/09/08 03:25:27 INFO DAGScheduler: Parents of final stage: List()
[2025-09-08T03:25:27.794+0000] {spark_submit.py:579} INFO - 25/09/08 03:25:27 INFO DAGScheduler: Missing parents: List()
[2025-09-08T03:25:27.794+0000] {spark_submit.py:579} INFO - 25/09/08 03:25:27 INFO DAGScheduler: Submitting ResultStage 6 (MapPartitionsRDD[77] at jdbc at NativeMethodAccessorImpl.java:0), which has no missing parents
[2025-09-08T03:25:27.796+0000] {spark_submit.py:579} INFO - 25/09/08 03:25:27 INFO MemoryStore: Block broadcast_6 stored as values in memory (estimated size 27.2 KiB, free 434.3 MiB)
[2025-09-08T03:25:27.805+0000] {spark_submit.py:579} INFO - 25/09/08 03:25:27 INFO MemoryStore: Block broadcast_6_piece0 stored as bytes in memory (estimated size 12.4 KiB, free 434.3 MiB)
[2025-09-08T03:25:27.811+0000] {spark_submit.py:579} INFO - 25/09/08 03:25:27 INFO SparkContext: Created broadcast 6 from broadcast at DAGScheduler.scala:1676
[2025-09-08T03:25:27.814+0000] {spark_submit.py:579} INFO - 25/09/08 03:25:27 INFO DAGScheduler: Submitting 2 missing tasks from ResultStage 6 (MapPartitionsRDD[77] at jdbc at NativeMethodAccessorImpl.java:0) (first 15 tasks are for partitions Vector(0, 1))
[2025-09-08T03:25:27.815+0000] {spark_submit.py:579} INFO - 25/09/08 03:25:27 INFO TaskSchedulerImpl: Adding task set 6.0 with 2 tasks resource profile 0
[2025-09-08T03:25:27.818+0000] {spark_submit.py:579} INFO - 25/09/08 03:25:27 INFO TaskSetManager: Starting task 0.0 in stage 6.0 (TID 12) (172.18.0.4,executor 0, partition 0, PROCESS_LOCAL, 9868 bytes)
[2025-09-08T03:25:27.819+0000] {spark_submit.py:579} INFO - 25/09/08 03:25:27 INFO TaskSetManager: Starting task 1.0 in stage 6.0 (TID 13) (172.18.0.4,executor 0, partition 1, PROCESS_LOCAL, 10001 bytes)
[2025-09-08T03:25:27.980+0000] {spark_submit.py:579} INFO - 25/09/08 03:25:27 INFO TaskSetManager: Finished task 0.0 in stage 6.0 (TID 12) in 168 ms on 172.18.0.4 (executor 0) (1/2)
[2025-09-08T03:25:28.241+0000] {spark_submit.py:579} INFO - 25/09/08 03:25:28 INFO TaskSetManager: Finished task 1.0 in stage 6.0 (TID 13) in 427 ms on 172.18.0.4 (executor 0) (2/2)
[2025-09-08T03:25:28.242+0000] {spark_submit.py:579} INFO - 25/09/08 03:25:28 INFO TaskSchedulerImpl: Removed TaskSet 6.0 whose tasks have all completed, from pool
[2025-09-08T03:25:28.243+0000] {spark_submit.py:579} INFO - 25/09/08 03:25:28 INFO DAGScheduler: ResultStage 6 (jdbc at NativeMethodAccessorImpl.java:0) finished in 449 ms
[2025-09-08T03:25:28.244+0000] {spark_submit.py:579} INFO - 25/09/08 03:25:28 INFO DAGScheduler: Job 6 is finished. Cancelling potential speculative or zombie tasks for this job
[2025-09-08T03:25:28.244+0000] {spark_submit.py:579} INFO - 25/09/08 03:25:28 INFO TaskSchedulerImpl: Canceling stage 6
[2025-09-08T03:25:28.245+0000] {spark_submit.py:579} INFO - 25/09/08 03:25:28 INFO TaskSchedulerImpl: Killing all running tasks in stage 6: Stage finished
[2025-09-08T03:25:28.245+0000] {spark_submit.py:579} INFO - 25/09/08 03:25:28 INFO DAGScheduler: Job 6 finished: jdbc at NativeMethodAccessorImpl.java:0, took 452.803228 ms
[2025-09-08T03:25:28.609+0000] {spark_submit.py:579} INFO - table kue_blitz has been loaded
[2025-09-08T03:25:28.874+0000] {spark_submit.py:579} INFO - 25/09/08 03:25:28 INFO CodeGenerator: Code generated in 8.281519 ms
[2025-09-08T03:25:28.890+0000] {spark_submit.py:579} INFO - 25/09/08 03:25:28 INFO SparkContext: Starting job: jdbc at NativeMethodAccessorImpl.java:0
[2025-09-08T03:25:28.891+0000] {spark_submit.py:579} INFO - 25/09/08 03:25:28 INFO DAGScheduler: Got job 7 (jdbc at NativeMethodAccessorImpl.java:0) with 2 output partitions
[2025-09-08T03:25:28.892+0000] {spark_submit.py:579} INFO - 25/09/08 03:25:28 INFO DAGScheduler: Final stage: ResultStage 7 (jdbc at NativeMethodAccessorImpl.java:0)
[2025-09-08T03:25:28.893+0000] {spark_submit.py:579} INFO - 25/09/08 03:25:28 INFO DAGScheduler: Parents of final stage: List()
[2025-09-08T03:25:28.894+0000] {spark_submit.py:579} INFO - 25/09/08 03:25:28 INFO DAGScheduler: Missing parents: List()
[2025-09-08T03:25:28.894+0000] {spark_submit.py:579} INFO - 25/09/08 03:25:28 INFO DAGScheduler: Submitting ResultStage 7 (MapPartitionsRDD[81] at jdbc at NativeMethodAccessorImpl.java:0), which has no missing parents
[2025-09-08T03:25:28.896+0000] {spark_submit.py:579} INFO - 25/09/08 03:25:28 INFO MemoryStore: Block broadcast_7 stored as values in memory (estimated size 25.8 KiB, free 434.3 MiB)
[2025-09-08T03:25:28.904+0000] {spark_submit.py:579} INFO - 25/09/08 03:25:28 INFO MemoryStore: Block broadcast_7_piece0 stored as bytes in memory (estimated size 12.1 KiB, free 434.3 MiB)
[2025-09-08T03:25:28.907+0000] {spark_submit.py:579} INFO - 25/09/08 03:25:28 INFO SparkContext: Created broadcast 7 from broadcast at DAGScheduler.scala:1676
[2025-09-08T03:25:28.908+0000] {spark_submit.py:579} INFO - 25/09/08 03:25:28 INFO DAGScheduler: Submitting 2 missing tasks from ResultStage 7 (MapPartitionsRDD[81] at jdbc at NativeMethodAccessorImpl.java:0) (first 15 tasks are for partitions Vector(0, 1))
[2025-09-08T03:25:28.908+0000] {spark_submit.py:579} INFO - 25/09/08 03:25:28 INFO TaskSchedulerImpl: Adding task set 7.0 with 2 tasks resource profile 0
[2025-09-08T03:25:28.910+0000] {spark_submit.py:579} INFO - 25/09/08 03:25:28 INFO TaskSetManager: Starting task 0.0 in stage 7.0 (TID 14) (172.18.0.4,executor 0, partition 0, PROCESS_LOCAL, 9868 bytes)
[2025-09-08T03:25:28.912+0000] {spark_submit.py:579} INFO - 25/09/08 03:25:28 INFO TaskSetManager: Starting task 1.0 in stage 7.0 (TID 15) (172.18.0.4,executor 0, partition 1, PROCESS_LOCAL, 9927 bytes)
[2025-09-08T03:25:29.142+0000] {spark_submit.py:579} INFO - 25/09/08 03:25:29 INFO TaskSetManager: Finished task 0.0 in stage 7.0 (TID 14) in 232 ms on 172.18.0.4 (executor 0) (1/2)
[2025-09-08T03:25:29.409+0000] {spark_submit.py:579} INFO - 25/09/08 03:25:29 INFO TaskSetManager: Finished task 1.0 in stage 7.0 (TID 15) in 498 ms on 172.18.0.4 (executor 0) (2/2)
[2025-09-08T03:25:29.409+0000] {spark_submit.py:579} INFO - 25/09/08 03:25:29 INFO TaskSchedulerImpl: Removed TaskSet 7.0 whose tasks have all completed, from pool
[2025-09-08T03:25:29.409+0000] {spark_submit.py:579} INFO - 25/09/08 03:25:29 INFO DAGScheduler: ResultStage 7 (jdbc at NativeMethodAccessorImpl.java:0) finished in 516 ms
[2025-09-08T03:25:29.411+0000] {spark_submit.py:579} INFO - 25/09/08 03:25:29 INFO DAGScheduler: Job 7 is finished. Cancelling potential speculative or zombie tasks for this job
[2025-09-08T03:25:29.411+0000] {spark_submit.py:579} INFO - 25/09/08 03:25:29 INFO TaskSchedulerImpl: Canceling stage 7
[2025-09-08T03:25:29.411+0000] {spark_submit.py:579} INFO - 25/09/08 03:25:29 INFO TaskSchedulerImpl: Killing all running tasks in stage 7: Stage finished
[2025-09-08T03:25:29.412+0000] {spark_submit.py:579} INFO - 25/09/08 03:25:29 INFO DAGScheduler: Job 7 finished: jdbc at NativeMethodAccessorImpl.java:0, took 520.008348 ms
[2025-09-08T03:25:29.826+0000] {spark_submit.py:579} INFO - table kue_bullet has been loaded
[2025-09-08T03:25:30.121+0000] {spark_submit.py:579} INFO - 25/09/08 03:25:30 INFO CodeGenerator: Code generated in 9.042276 ms
[2025-09-08T03:25:30.131+0000] {spark_submit.py:579} INFO - 25/09/08 03:25:30 INFO SparkContext: Starting job: jdbc at NativeMethodAccessorImpl.java:0
[2025-09-08T03:25:30.132+0000] {spark_submit.py:579} INFO - 25/09/08 03:25:30 INFO DAGScheduler: Got job 8 (jdbc at NativeMethodAccessorImpl.java:0) with 2 output partitions
[2025-09-08T03:25:30.132+0000] {spark_submit.py:579} INFO - 25/09/08 03:25:30 INFO DAGScheduler: Final stage: ResultStage 8 (jdbc at NativeMethodAccessorImpl.java:0)
[2025-09-08T03:25:30.133+0000] {spark_submit.py:579} INFO - 25/09/08 03:25:30 INFO DAGScheduler: Parents of final stage: List()
[2025-09-08T03:25:30.134+0000] {spark_submit.py:579} INFO - 25/09/08 03:25:30 INFO DAGScheduler: Missing parents: List()
[2025-09-08T03:25:30.135+0000] {spark_submit.py:579} INFO - 25/09/08 03:25:30 INFO DAGScheduler: Submitting ResultStage 8 (MapPartitionsRDD[85] at jdbc at NativeMethodAccessorImpl.java:0), which has no missing parents
[2025-09-08T03:25:30.137+0000] {spark_submit.py:579} INFO - 25/09/08 03:25:30 INFO MemoryStore: Block broadcast_8 stored as values in memory (estimated size 25.4 KiB, free 434.3 MiB)
[2025-09-08T03:25:30.143+0000] {spark_submit.py:579} INFO - 25/09/08 03:25:30 INFO MemoryStore: Block broadcast_8_piece0 stored as bytes in memory (estimated size 12.1 KiB, free 434.3 MiB)
[2025-09-08T03:25:30.146+0000] {spark_submit.py:579} INFO - 25/09/08 03:25:30 INFO SparkContext: Created broadcast 8 from broadcast at DAGScheduler.scala:1676
[2025-09-08T03:25:30.148+0000] {spark_submit.py:579} INFO - 25/09/08 03:25:30 INFO DAGScheduler: Submitting 2 missing tasks from ResultStage 8 (MapPartitionsRDD[85] at jdbc at NativeMethodAccessorImpl.java:0) (first 15 tasks are for partitions Vector(0, 1))
[2025-09-08T03:25:30.155+0000] {spark_submit.py:579} INFO - 25/09/08 03:25:30 INFO TaskSchedulerImpl: Adding task set 8.0 with 2 tasks resource profile 0
[2025-09-08T03:25:30.156+0000] {spark_submit.py:579} INFO - 25/09/08 03:25:30 INFO TaskSetManager: Starting task 0.0 in stage 8.0 (TID 16) (172.18.0.4,executor 0, partition 0, PROCESS_LOCAL, 9868 bytes)
[2025-09-08T03:25:30.157+0000] {spark_submit.py:579} INFO - 25/09/08 03:25:30 INFO TaskSetManager: Starting task 1.0 in stage 8.0 (TID 17) (172.18.0.4,executor 0, partition 1, PROCESS_LOCAL, 9946 bytes)
[2025-09-08T03:25:30.341+0000] {spark_submit.py:579} INFO - 25/09/08 03:25:30 INFO TaskSetManager: Finished task 0.0 in stage 8.0 (TID 16) in 193 ms on 172.18.0.4 (executor 0) (1/2)
[2025-09-08T03:25:30.633+0000] {spark_submit.py:579} INFO - 25/09/08 03:25:30 INFO TaskSetManager: Finished task 1.0 in stage 8.0 (TID 17) in 483 ms on 172.18.0.4 (executor 0) (2/2)
[2025-09-08T03:25:30.634+0000] {spark_submit.py:579} INFO - 25/09/08 03:25:30 INFO TaskSchedulerImpl: Removed TaskSet 8.0 whose tasks have all completed, from pool
[2025-09-08T03:25:30.635+0000] {spark_submit.py:579} INFO - 25/09/08 03:25:30 INFO DAGScheduler: ResultStage 8 (jdbc at NativeMethodAccessorImpl.java:0) finished in 499 ms
[2025-09-08T03:25:30.635+0000] {spark_submit.py:579} INFO - 25/09/08 03:25:30 INFO DAGScheduler: Job 8 is finished. Cancelling potential speculative or zombie tasks for this job
[2025-09-08T03:25:30.636+0000] {spark_submit.py:579} INFO - 25/09/08 03:25:30 INFO TaskSchedulerImpl: Canceling stage 8
[2025-09-08T03:25:30.636+0000] {spark_submit.py:579} INFO - 25/09/08 03:25:30 INFO TaskSchedulerImpl: Killing all running tasks in stage 8: Stage finished
[2025-09-08T03:25:30.636+0000] {spark_submit.py:579} INFO - 25/09/08 03:25:30 INFO DAGScheduler: Job 8 finished: jdbc at NativeMethodAccessorImpl.java:0, took 504.019854 ms
[2025-09-08T03:25:31.158+0000] {spark_submit.py:579} INFO - table kue_tactics has been loaded
[2025-09-08T03:25:31.490+0000] {spark_submit.py:579} INFO - 25/09/08 03:25:31 INFO CodeGenerator: Code generated in 9.326997 ms
[2025-09-08T03:25:31.507+0000] {spark_submit.py:579} INFO - 25/09/08 03:25:31 INFO SparkContext: Starting job: jdbc at NativeMethodAccessorImpl.java:0
[2025-09-08T03:25:31.508+0000] {spark_submit.py:579} INFO - 25/09/08 03:25:31 INFO DAGScheduler: Got job 9 (jdbc at NativeMethodAccessorImpl.java:0) with 2 output partitions
[2025-09-08T03:25:31.508+0000] {spark_submit.py:579} INFO - 25/09/08 03:25:31 INFO DAGScheduler: Final stage: ResultStage 9 (jdbc at NativeMethodAccessorImpl.java:0)
[2025-09-08T03:25:31.508+0000] {spark_submit.py:579} INFO - 25/09/08 03:25:31 INFO DAGScheduler: Parents of final stage: List()
[2025-09-08T03:25:31.509+0000] {spark_submit.py:579} INFO - 25/09/08 03:25:31 INFO DAGScheduler: Missing parents: List()
[2025-09-08T03:25:31.509+0000] {spark_submit.py:579} INFO - 25/09/08 03:25:31 INFO DAGScheduler: Submitting ResultStage 9 (MapPartitionsRDD[89] at jdbc at NativeMethodAccessorImpl.java:0), which has no missing parents
[2025-09-08T03:25:31.512+0000] {spark_submit.py:579} INFO - 25/09/08 03:25:31 INFO MemoryStore: Block broadcast_9 stored as values in memory (estimated size 23.7 KiB, free 434.3 MiB)
[2025-09-08T03:25:31.521+0000] {spark_submit.py:579} INFO - 25/09/08 03:25:31 INFO MemoryStore: Block broadcast_9_piece0 stored as bytes in memory (estimated size 11.5 KiB, free 434.3 MiB)
[2025-09-08T03:25:31.524+0000] {spark_submit.py:579} INFO - 25/09/08 03:25:31 INFO SparkContext: Created broadcast 9 from broadcast at DAGScheduler.scala:1676
[2025-09-08T03:25:31.526+0000] {spark_submit.py:579} INFO - 25/09/08 03:25:31 INFO DAGScheduler: Submitting 2 missing tasks from ResultStage 9 (MapPartitionsRDD[89] at jdbc at NativeMethodAccessorImpl.java:0) (first 15 tasks are for partitions Vector(0, 1))
[2025-09-08T03:25:31.526+0000] {spark_submit.py:579} INFO - 25/09/08 03:25:31 INFO TaskSchedulerImpl: Adding task set 9.0 with 2 tasks resource profile 0
[2025-09-08T03:25:31.527+0000] {spark_submit.py:579} INFO - 25/09/08 03:25:31 INFO TaskSetManager: Starting task 0.0 in stage 9.0 (TID 18) (172.18.0.4,executor 0, partition 0, PROCESS_LOCAL, 9868 bytes)
[2025-09-08T03:25:31.528+0000] {spark_submit.py:579} INFO - 25/09/08 03:25:31 INFO TaskSetManager: Starting task 1.0 in stage 9.0 (TID 19) (172.18.0.4,executor 0, partition 1, PROCESS_LOCAL, 9899 bytes)
[2025-09-08T03:25:31.722+0000] {spark_submit.py:579} INFO - 25/09/08 03:25:31 INFO TaskSetManager: Finished task 0.0 in stage 9.0 (TID 18) in 195 ms on 172.18.0.4 (executor 0) (1/2)
[2025-09-08T03:25:32.014+0000] {spark_submit.py:579} INFO - 25/09/08 03:25:32 INFO TaskSetManager: Finished task 1.0 in stage 9.0 (TID 19) in 487 ms on 172.18.0.4 (executor 0) (2/2)
[2025-09-08T03:25:32.019+0000] {spark_submit.py:579} INFO - 25/09/08 03:25:32 INFO TaskSchedulerImpl: Removed TaskSet 9.0 whose tasks have all completed, from pool
[2025-09-08T03:25:32.020+0000] {spark_submit.py:579} INFO - 25/09/08 03:25:32 INFO DAGScheduler: ResultStage 9 (jdbc at NativeMethodAccessorImpl.java:0) finished in 505 ms
[2025-09-08T03:25:32.020+0000] {spark_submit.py:579} INFO - 25/09/08 03:25:32 INFO DAGScheduler: Job 9 is finished. Cancelling potential speculative or zombie tasks for this job
[2025-09-08T03:25:32.020+0000] {spark_submit.py:579} INFO - 25/09/08 03:25:32 INFO TaskSchedulerImpl: Canceling stage 9
[2025-09-08T03:25:32.021+0000] {spark_submit.py:579} INFO - 25/09/08 03:25:32 INFO TaskSchedulerImpl: Killing all running tasks in stage 9: Stage finished
[2025-09-08T03:25:32.021+0000] {spark_submit.py:579} INFO - 25/09/08 03:25:32 INFO DAGScheduler: Job 9 finished: jdbc at NativeMethodAccessorImpl.java:0, took 508.806235 ms
[2025-09-08T03:25:32.441+0000] {spark_submit.py:579} INFO - table kue_puzzle_rush has been loaded
[2025-09-08T03:25:33.073+0000] {spark_submit.py:579} INFO - 25/09/08 03:25:33 INFO SparkContext: Invoking stop() from shutdown hook
[2025-09-08T03:25:33.075+0000] {spark_submit.py:579} INFO - 25/09/08 03:25:33 INFO SparkContext: SparkContext is stopping with exitCode 0 from run at Executors.java:539.
[2025-09-08T03:25:33.098+0000] {spark_submit.py:579} INFO - 25/09/08 03:25:33 INFO SparkUI: Stopped Spark web UI at http://ac03ab483d89:4040
[2025-09-08T03:25:33.102+0000] {spark_submit.py:579} INFO - 25/09/08 03:25:33 INFO StandaloneSchedulerBackend: Shutting down all executors
[2025-09-08T03:25:33.103+0000] {spark_submit.py:579} INFO - 25/09/08 03:25:33 INFO StandaloneSchedulerBackend$StandaloneDriverEndpoint: Asking each executor to shut down
[2025-09-08T03:25:33.126+0000] {spark_submit.py:579} INFO - 25/09/08 03:25:33 INFO MapOutputTrackerMasterEndpoint: MapOutputTrackerMasterEndpoint stopped!
[2025-09-08T03:25:33.172+0000] {spark_submit.py:579} INFO - 25/09/08 03:25:33 INFO MemoryStore: MemoryStore cleared
[2025-09-08T03:25:33.173+0000] {spark_submit.py:579} INFO - 25/09/08 03:25:33 INFO BlockManager: BlockManager stopped
[2025-09-08T03:25:33.175+0000] {spark_submit.py:579} INFO - 25/09/08 03:25:33 INFO BlockManagerMaster: BlockManagerMaster stopped
[2025-09-08T03:25:33.181+0000] {spark_submit.py:579} INFO - 25/09/08 03:25:33 INFO OutputCommitCoordinator$OutputCommitCoordinatorEndpoint: OutputCommitCoordinator stopped!
[2025-09-08T03:25:33.204+0000] {spark_submit.py:579} INFO - 25/09/08 03:25:33 INFO SparkContext: Successfully stopped SparkContext
[2025-09-08T03:25:33.206+0000] {spark_submit.py:579} INFO - 25/09/08 03:25:33 INFO ShutdownHookManager: Shutdown hook called
[2025-09-08T03:25:33.206+0000] {spark_submit.py:579} INFO - 25/09/08 03:25:33 INFO ShutdownHookManager: Deleting directory /opt/***/artifacts/spark-bb3b688b-2899-41fe-9c47-a1ec68d0474e
[2025-09-08T03:25:33.220+0000] {spark_submit.py:579} INFO - 25/09/08 03:25:33 INFO ShutdownHookManager: Deleting directory /tmp/spark-12a6d053-4dd7-4960-a5cd-318f5c149fce
[2025-09-08T03:25:33.232+0000] {spark_submit.py:579} INFO - 25/09/08 03:25:33 INFO ShutdownHookManager: Deleting directory /tmp/spark-9caa7cb5-8a6b-4417-b764-816f8a7ff8b9
[2025-09-08T03:25:33.245+0000] {spark_submit.py:579} INFO - 25/09/08 03:25:33 INFO ShutdownHookManager: Deleting directory /tmp/spark-9caa7cb5-8a6b-4417-b764-816f8a7ff8b9/pyspark-fc3613cf-2bb9-4967-bacf-5c26527600ab
[2025-09-08T03:25:33.523+0000] {taskinstance.py:1398} INFO - Marking task as SUCCESS. dag_id=sparking_flow, task_id=python_job, execution_date=20250908T032442, start_date=20250908T032451, end_date=20250908T032533
[2025-09-08T03:25:33.630+0000] {local_task_job_runner.py:228} INFO - Task exited with return code 0
[2025-09-08T03:25:33.773+0000] {taskinstance.py:2776} INFO - 0 downstream tasks scheduled from follow-on schedule check
