[2025-08-31T04:30:42.755+0000] {taskinstance.py:1157} INFO - Dependencies all met for dep_context=non-requeueable deps ti=<TaskInstance: sparking_flow.start scheduled__2025-08-30T18:00:00+00:00 [queued]>
[2025-08-31T04:30:42.822+0000] {taskinstance.py:1157} INFO - Dependencies all met for dep_context=requeueable deps ti=<TaskInstance: sparking_flow.start scheduled__2025-08-30T18:00:00+00:00 [queued]>
[2025-08-31T04:30:42.833+0000] {taskinstance.py:1359} INFO - Starting attempt 1 of 1
[2025-08-31T04:30:42.927+0000] {taskinstance.py:1380} INFO - Executing <Task(PythonOperator): start> on 2025-08-30 18:00:00+00:00
[2025-08-31T04:30:43.036+0000] {standard_task_runner.py:57} INFO - Started process 223 to run task
[2025-08-31T04:30:43.068+0000] {standard_task_runner.py:84} INFO - Running: ['***', 'tasks', 'run', 'sparking_flow', 'start', 'scheduled__2025-08-30T18:00:00+00:00', '--job-id', '78', '--raw', '--subdir', 'DAGS_FOLDER/spark_***.py', '--cfg-path', '/tmp/tmpzgtlyc67']
[2025-08-31T04:30:43.098+0000] {standard_task_runner.py:85} INFO - Job 78: Subtask start
[2025-08-31T04:30:44.468+0000] {task_command.py:415} INFO - Running <TaskInstance: sparking_flow.start scheduled__2025-08-30T18:00:00+00:00 [running]> on host 81b7fe425a18
[2025-08-31T04:30:45.645+0000] {taskinstance.py:1660} INFO - Exporting env vars: AIRFLOW_CTX_DAG_OWNER='Kudzaishe Manyanya' AIRFLOW_CTX_DAG_ID='sparking_flow' AIRFLOW_CTX_TASK_ID='start' AIRFLOW_CTX_EXECUTION_DATE='2025-08-30T18:00:00+00:00' AIRFLOW_CTX_TRY_NUMBER='1' AIRFLOW_CTX_DAG_RUN_ID='scheduled__2025-08-30T18:00:00+00:00'
[2025-08-31T04:30:45.673+0000] {logging_mixin.py:151} INFO - Jobs started
[2025-08-31T04:30:45.674+0000] {python.py:194} INFO - Done. Returned value was: None
[2025-08-31T04:30:45.902+0000] {taskinstance.py:1398} INFO - Marking task as SUCCESS. dag_id=sparking_flow, task_id=start, execution_date=20250830T180000, start_date=20250831T043042, end_date=20250831T043045
[2025-08-31T04:30:46.082+0000] {local_task_job_runner.py:228} INFO - Task exited with return code 0
[2025-08-31T04:30:46.766+0000] {taskinstance.py:2776} INFO - 0 downstream tasks scheduled from follow-on schedule check
[2025-08-31T05:06:38.467+0000] {taskinstance.py:1157} INFO - Dependencies all met for dep_context=non-requeueable deps ti=<TaskInstance: sparking_flow.start scheduled__2025-08-30T18:00:00+00:00 [queued]>
[2025-08-31T05:06:38.508+0000] {taskinstance.py:1157} INFO - Dependencies all met for dep_context=requeueable deps ti=<TaskInstance: sparking_flow.start scheduled__2025-08-30T18:00:00+00:00 [queued]>
[2025-08-31T05:06:38.509+0000] {taskinstance.py:1359} INFO - Starting attempt 1 of 1
[2025-08-31T05:06:38.596+0000] {taskinstance.py:1380} INFO - Executing <Task(PythonOperator): start> on 2025-08-30 18:00:00+00:00
[2025-08-31T05:06:38.623+0000] {standard_task_runner.py:57} INFO - Started process 279 to run task
[2025-08-31T05:06:38.632+0000] {standard_task_runner.py:84} INFO - Running: ['***', 'tasks', 'run', 'sparking_flow', 'start', 'scheduled__2025-08-30T18:00:00+00:00', '--job-id', '13', '--raw', '--subdir', 'DAGS_FOLDER/spark_***.py', '--cfg-path', '/tmp/tmp3i2rjghg']
[2025-08-31T05:06:38.640+0000] {standard_task_runner.py:85} INFO - Job 13: Subtask start
[2025-08-31T05:06:38.921+0000] {task_command.py:415} INFO - Running <TaskInstance: sparking_flow.start scheduled__2025-08-30T18:00:00+00:00 [running]> on host 80647ef95998
[2025-08-31T05:06:39.201+0000] {taskinstance.py:1660} INFO - Exporting env vars: AIRFLOW_CTX_DAG_OWNER='Kudzaishe Manyanya' AIRFLOW_CTX_DAG_ID='sparking_flow' AIRFLOW_CTX_TASK_ID='start' AIRFLOW_CTX_EXECUTION_DATE='2025-08-30T18:00:00+00:00' AIRFLOW_CTX_TRY_NUMBER='1' AIRFLOW_CTX_DAG_RUN_ID='scheduled__2025-08-30T18:00:00+00:00'
[2025-08-31T05:06:39.203+0000] {logging_mixin.py:151} INFO - Jobs started
[2025-08-31T05:06:39.203+0000] {python.py:194} INFO - Done. Returned value was: None
[2025-08-31T05:06:39.238+0000] {taskinstance.py:1398} INFO - Marking task as SUCCESS. dag_id=sparking_flow, task_id=start, execution_date=20250830T180000, start_date=20250831T050638, end_date=20250831T050639
[2025-08-31T05:06:39.291+0000] {local_task_job_runner.py:228} INFO - Task exited with return code 0
[2025-08-31T05:06:39.350+0000] {taskinstance.py:2776} INFO - 1 downstream tasks scheduled from follow-on schedule check
[2025-08-31T12:53:18.514+0000] {taskinstance.py:1157} INFO - Dependencies all met for dep_context=non-requeueable deps ti=<TaskInstance: sparking_flow.start scheduled__2025-08-30T18:00:00+00:00 [queued]>
[2025-08-31T12:53:18.537+0000] {taskinstance.py:1157} INFO - Dependencies all met for dep_context=requeueable deps ti=<TaskInstance: sparking_flow.start scheduled__2025-08-30T18:00:00+00:00 [queued]>
[2025-08-31T12:53:18.539+0000] {taskinstance.py:1359} INFO - Starting attempt 1 of 1
[2025-08-31T12:53:18.589+0000] {taskinstance.py:1380} INFO - Executing <Task(PythonOperator): start> on 2025-08-30 18:00:00+00:00
[2025-08-31T12:53:18.625+0000] {standard_task_runner.py:57} INFO - Started process 371 to run task
[2025-08-31T12:53:18.637+0000] {standard_task_runner.py:84} INFO - Running: ['***', 'tasks', 'run', 'sparking_flow', 'start', 'scheduled__2025-08-30T18:00:00+00:00', '--job-id', '11', '--raw', '--subdir', 'DAGS_FOLDER/spark_***.py', '--cfg-path', '/tmp/tmp6wzt85la']
[2025-08-31T12:53:18.646+0000] {standard_task_runner.py:85} INFO - Job 11: Subtask start
[2025-08-31T12:53:18.829+0000] {task_command.py:415} INFO - Running <TaskInstance: sparking_flow.start scheduled__2025-08-30T18:00:00+00:00 [running]> on host f7da00c682c4
[2025-08-31T12:53:19.092+0000] {taskinstance.py:1660} INFO - Exporting env vars: AIRFLOW_CTX_DAG_OWNER='Kudzaishe Manyanya' AIRFLOW_CTX_DAG_ID='sparking_flow' AIRFLOW_CTX_TASK_ID='start' AIRFLOW_CTX_EXECUTION_DATE='2025-08-30T18:00:00+00:00' AIRFLOW_CTX_TRY_NUMBER='1' AIRFLOW_CTX_DAG_RUN_ID='scheduled__2025-08-30T18:00:00+00:00'
[2025-08-31T12:53:19.102+0000] {logging_mixin.py:151} INFO - Jobs started
[2025-08-31T12:53:19.103+0000] {python.py:194} INFO - Done. Returned value was: None
[2025-08-31T12:53:19.143+0000] {taskinstance.py:1398} INFO - Marking task as SUCCESS. dag_id=sparking_flow, task_id=start, execution_date=20250830T180000, start_date=20250831T125318, end_date=20250831T125319
[2025-08-31T12:53:19.207+0000] {local_task_job_runner.py:228} INFO - Task exited with return code 0
[2025-08-31T12:53:19.256+0000] {taskinstance.py:2776} INFO - 1 downstream tasks scheduled from follow-on schedule check
