[2025-08-10T11:38:26.835+0000] {taskinstance.py:1157} INFO - Dependencies all met for dep_context=non-requeueable deps ti=<TaskInstance: sparking_flow.python_job manual__2025-08-10T11:38:20.702354+00:00 [queued]>
[2025-08-10T11:38:26.842+0000] {taskinstance.py:1157} INFO - Dependencies all met for dep_context=requeueable deps ti=<TaskInstance: sparking_flow.python_job manual__2025-08-10T11:38:20.702354+00:00 [queued]>
[2025-08-10T11:38:26.842+0000] {taskinstance.py:1359} INFO - Starting attempt 1 of 1
[2025-08-10T11:38:26.854+0000] {taskinstance.py:1380} INFO - Executing <Task(SparkSubmitOperator): python_job> on 2025-08-10 11:38:20.702354+00:00
[2025-08-10T11:38:26.863+0000] {standard_task_runner.py:57} INFO - Started process 2118 to run task
[2025-08-10T11:38:26.867+0000] {standard_task_runner.py:84} INFO - Running: ['***', 'tasks', 'run', 'sparking_flow', 'python_job', 'manual__2025-08-10T11:38:20.702354+00:00', '--job-id', '14', '--raw', '--subdir', 'DAGS_FOLDER/spark_***.py', '--cfg-path', '/tmp/tmpurbzm2_u']
[2025-08-10T11:38:26.870+0000] {standard_task_runner.py:85} INFO - Job 14: Subtask python_job
[2025-08-10T11:38:26.935+0000] {task_command.py:415} INFO - Running <TaskInstance: sparking_flow.python_job manual__2025-08-10T11:38:20.702354+00:00 [running]> on host 08d0cfb138c0
[2025-08-10T11:38:27.022+0000] {taskinstance.py:1660} INFO - Exporting env vars: AIRFLOW_CTX_DAG_OWNER='Yusuf Ganiyu' AIRFLOW_CTX_DAG_ID='sparking_flow' AIRFLOW_CTX_TASK_ID='python_job' AIRFLOW_CTX_EXECUTION_DATE='2025-08-10T11:38:20.702354+00:00' AIRFLOW_CTX_TRY_NUMBER='1' AIRFLOW_CTX_DAG_RUN_ID='manual__2025-08-10T11:38:20.702354+00:00'
[2025-08-10T11:38:27.036+0000] {base.py:73} INFO - Using connection ID 'spark-conn' for task execution.
[2025-08-10T11:38:27.037+0000] {spark_submit.py:403} INFO - Spark-Submit cmd: spark-submit --master spark://spark-master:7077 --name arrow-spark --deploy-mode client jobs/python/wordcountjob.py
[2025-08-10T11:38:28.148+0000] {spark_submit.py:579} INFO - WARNING: Using incubator modules: jdk.incubator.vector
[2025-08-10T11:38:32.979+0000] {spark_submit.py:579} INFO - Using Spark's default log4j profile: org/apache/spark/log4j2-defaults.properties
[2025-08-10T11:38:32.989+0000] {spark_submit.py:579} INFO - 25/08/10 11:38:32 INFO SparkContext: Running Spark version 4.0.0
[2025-08-10T11:38:32.993+0000] {spark_submit.py:579} INFO - 25/08/10 11:38:32 INFO SparkContext: OS info Linux, 6.6.87.2-microsoft-standard-WSL2, amd64
[2025-08-10T11:38:32.993+0000] {spark_submit.py:579} INFO - 25/08/10 11:38:32 INFO SparkContext: Java version 17.0.15
[2025-08-10T11:38:33.118+0000] {spark_submit.py:579} INFO - 25/08/10 11:38:33 WARN NativeCodeLoader: Unable to load native-hadoop library for your platform... using builtin-java classes where applicable
[2025-08-10T11:38:33.212+0000] {spark_submit.py:579} INFO - 25/08/10 11:38:33 INFO ResourceUtils: ==============================================================
[2025-08-10T11:38:33.213+0000] {spark_submit.py:579} INFO - 25/08/10 11:38:33 INFO ResourceUtils: No custom resources configured for spark.driver.
[2025-08-10T11:38:33.214+0000] {spark_submit.py:579} INFO - 25/08/10 11:38:33 INFO ResourceUtils: ==============================================================
[2025-08-10T11:38:33.214+0000] {spark_submit.py:579} INFO - 25/08/10 11:38:33 INFO SparkContext: Submitted application: PythonWordCount
[2025-08-10T11:38:33.238+0000] {spark_submit.py:579} INFO - 25/08/10 11:38:33 INFO ResourceProfile: Default ResourceProfile created, executor resources: Map(memory -> name: memory, amount: 1024, script: , vendor: , offHeap -> name: offHeap, amount: 0, script: , vendor: ), task resources: Map(cpus -> name: cpus, amount: 1.0)
[2025-08-10T11:38:33.241+0000] {spark_submit.py:579} INFO - 25/08/10 11:38:33 INFO ResourceProfile: Limiting resource is cpu
[2025-08-10T11:38:33.242+0000] {spark_submit.py:579} INFO - 25/08/10 11:38:33 INFO ResourceProfileManager: Added ResourceProfile id: 0
[2025-08-10T11:38:33.291+0000] {spark_submit.py:579} INFO - 25/08/10 11:38:33 INFO SecurityManager: Changing view acls to: ***
[2025-08-10T11:38:33.292+0000] {spark_submit.py:579} INFO - 25/08/10 11:38:33 INFO SecurityManager: Changing modify acls to: ***
[2025-08-10T11:38:33.293+0000] {spark_submit.py:579} INFO - 25/08/10 11:38:33 INFO SecurityManager: Changing view acls groups to: ***
[2025-08-10T11:38:33.294+0000] {spark_submit.py:579} INFO - 25/08/10 11:38:33 INFO SecurityManager: Changing modify acls groups to: ***
[2025-08-10T11:38:33.296+0000] {spark_submit.py:579} INFO - 25/08/10 11:38:33 INFO SecurityManager: SecurityManager: authentication disabled; ui acls disabled; users with view permissions: *** groups with view permissions: EMPTY; users with modify permissions: ***; groups with modify permissions: EMPTY; RPC SSL disabled
[2025-08-10T11:38:33.755+0000] {spark_submit.py:579} INFO - 25/08/10 11:38:33 INFO Utils: Successfully started service 'sparkDriver' on port 34309.
[2025-08-10T11:38:33.804+0000] {spark_submit.py:579} INFO - 25/08/10 11:38:33 INFO SparkEnv: Registering MapOutputTracker
[2025-08-10T11:38:33.821+0000] {spark_submit.py:579} INFO - 25/08/10 11:38:33 INFO SparkEnv: Registering BlockManagerMaster
[2025-08-10T11:38:33.852+0000] {spark_submit.py:579} INFO - 25/08/10 11:38:33 INFO BlockManagerMasterEndpoint: Using org.apache.spark.storage.DefaultTopologyMapper for getting topology information
[2025-08-10T11:38:33.853+0000] {spark_submit.py:579} INFO - 25/08/10 11:38:33 INFO BlockManagerMasterEndpoint: BlockManagerMasterEndpoint up
[2025-08-10T11:38:33.857+0000] {spark_submit.py:579} INFO - 25/08/10 11:38:33 INFO SparkEnv: Registering BlockManagerMasterHeartbeat
[2025-08-10T11:38:33.904+0000] {spark_submit.py:579} INFO - 25/08/10 11:38:33 INFO DiskBlockManager: Created local directory at /tmp/blockmgr-2ac4b421-6e5c-4426-a618-c992ebd7e7bd
[2025-08-10T11:38:33.931+0000] {spark_submit.py:579} INFO - 25/08/10 11:38:33 INFO SparkEnv: Registering OutputCommitCoordinator
[2025-08-10T11:38:34.121+0000] {spark_submit.py:579} INFO - 25/08/10 11:38:34 INFO JettyUtils: Start Jetty 0.0.0.0:4040 for SparkUI
[2025-08-10T11:38:34.224+0000] {spark_submit.py:579} INFO - 25/08/10 11:38:34 INFO Utils: Successfully started service 'SparkUI' on port 4040.
[2025-08-10T11:38:34.283+0000] {spark_submit.py:579} INFO - 25/08/10 11:38:34 INFO SecurityManager: Changing view acls to: ***
[2025-08-10T11:38:34.283+0000] {spark_submit.py:579} INFO - 25/08/10 11:38:34 INFO SecurityManager: Changing modify acls to: ***
[2025-08-10T11:38:34.284+0000] {spark_submit.py:579} INFO - 25/08/10 11:38:34 INFO SecurityManager: Changing view acls groups to: ***
[2025-08-10T11:38:34.284+0000] {spark_submit.py:579} INFO - 25/08/10 11:38:34 INFO SecurityManager: Changing modify acls groups to: ***
[2025-08-10T11:38:34.284+0000] {spark_submit.py:579} INFO - 25/08/10 11:38:34 INFO SecurityManager: SecurityManager: authentication disabled; ui acls disabled; users with view permissions: *** groups with view permissions: EMPTY; users with modify permissions: ***; groups with modify permissions: EMPTY; RPC SSL disabled
[2025-08-10T11:38:34.458+0000] {spark_submit.py:579} INFO - 25/08/10 11:38:34 INFO StandaloneAppClient$ClientEndpoint: Connecting to master spark://spark-master:7077...
[2025-08-10T11:38:34.511+0000] {spark_submit.py:579} INFO - 25/08/10 11:38:34 INFO TransportClientFactory: Successfully created connection to spark-master/172.18.0.2:7077 after 25 ms (0 ms spent in bootstraps)
[2025-08-10T11:38:35.196+0000] {spark_submit.py:579} INFO - 25/08/10 11:38:35 INFO StandaloneSchedulerBackend: Connected to Spark cluster with app ID app-20250810113835-0001
[2025-08-10T11:38:35.207+0000] {spark_submit.py:579} INFO - 25/08/10 11:38:35 INFO Utils: Successfully started service 'org.apache.spark.network.netty.NettyBlockTransferService' on port 41817.
[2025-08-10T11:38:35.207+0000] {spark_submit.py:579} INFO - 25/08/10 11:38:35 INFO NettyBlockTransferService: Server created on 08d0cfb138c0:41817
[2025-08-10T11:38:35.209+0000] {spark_submit.py:579} INFO - 25/08/10 11:38:35 INFO BlockManager: Using org.apache.spark.storage.RandomBlockReplicationPolicy for block replication policy
[2025-08-10T11:38:35.226+0000] {spark_submit.py:579} INFO - 25/08/10 11:38:35 INFO BlockManagerMaster: Registering BlockManager BlockManagerId(driver, 08d0cfb138c0, 41817, None)
[2025-08-10T11:38:35.231+0000] {spark_submit.py:579} INFO - 25/08/10 11:38:35 INFO BlockManagerMasterEndpoint: Registering block manager 08d0cfb138c0:41817 with 434.4 MiB RAM, BlockManagerId(driver, 08d0cfb138c0, 41817, None)
[2025-08-10T11:38:35.233+0000] {spark_submit.py:579} INFO - 25/08/10 11:38:35 INFO BlockManagerMaster: Registered BlockManager BlockManagerId(driver, 08d0cfb138c0, 41817, None)
[2025-08-10T11:38:35.236+0000] {spark_submit.py:579} INFO - 25/08/10 11:38:35 INFO BlockManager: Initialized BlockManager: BlockManagerId(driver, 08d0cfb138c0, 41817, None)
[2025-08-10T11:38:35.282+0000] {spark_submit.py:579} INFO - 25/08/10 11:38:35 INFO StandaloneAppClient$ClientEndpoint: Executor added: app-20250810113835-0001/0 on worker-20250810094251-172.18.0.4-38287 (172.18.0.4:38287) with 2 core(s)
[2025-08-10T11:38:35.283+0000] {spark_submit.py:579} INFO - 25/08/10 11:38:35 INFO StandaloneSchedulerBackend: Granted executor ID app-20250810113835-0001/0 on hostPort 172.18.0.4:38287 with 2 core(s), 1024.0 MiB RAM
[2025-08-10T11:38:35.349+0000] {spark_submit.py:579} INFO - 25/08/10 11:38:35 INFO StandaloneSchedulerBackend: SchedulerBackend is ready for scheduling beginning after reached minRegisteredResourcesRatio: 0.0
[2025-08-10T11:38:36.681+0000] {spark_submit.py:579} INFO - 25/08/10 11:38:36 INFO StandaloneAppClient$ClientEndpoint: Executor updated: app-20250810113835-0001/0 is now RUNNING
[2025-08-10T11:38:38.117+0000] {spark_submit.py:579} INFO - 25/08/10 11:38:38 INFO SparkContext: Starting job: collect at /opt/***/jobs/python/wordcountjob.py:11
[2025-08-10T11:38:38.146+0000] {spark_submit.py:579} INFO - 25/08/10 11:38:38 INFO DAGScheduler: Registering RDD 2 (reduceByKey at /opt/***/jobs/python/wordcountjob.py:9) as input to shuffle 0
[2025-08-10T11:38:38.153+0000] {spark_submit.py:579} INFO - 25/08/10 11:38:38 INFO DAGScheduler: Got job 0 (collect at /opt/***/jobs/python/wordcountjob.py:11) with 2 output partitions
[2025-08-10T11:38:38.155+0000] {spark_submit.py:579} INFO - 25/08/10 11:38:38 INFO DAGScheduler: Final stage: ResultStage 1 (collect at /opt/***/jobs/python/wordcountjob.py:11)
[2025-08-10T11:38:38.163+0000] {spark_submit.py:579} INFO - 25/08/10 11:38:38 INFO DAGScheduler: Parents of final stage: List(ShuffleMapStage 0)
[2025-08-10T11:38:38.167+0000] {spark_submit.py:579} INFO - 25/08/10 11:38:38 INFO DAGScheduler: Missing parents: List(ShuffleMapStage 0)
[2025-08-10T11:38:38.170+0000] {spark_submit.py:579} INFO - 25/08/10 11:38:38 INFO DAGScheduler: Submitting ShuffleMapStage 0 (PairwiseRDD[2] at reduceByKey at /opt/***/jobs/python/wordcountjob.py:9), which has no missing parents
[2025-08-10T11:38:38.213+0000] {spark_submit.py:579} INFO - 25/08/10 11:38:38 INFO MemoryStore: MemoryStore started with capacity 434.4 MiB
[2025-08-10T11:38:38.238+0000] {spark_submit.py:579} INFO - 25/08/10 11:38:38 INFO MemoryStore: Block broadcast_0 stored as values in memory (estimated size 10.1 KiB, free 434.4 MiB)
[2025-08-10T11:38:38.278+0000] {spark_submit.py:579} INFO - 25/08/10 11:38:38 INFO MemoryStore: Block broadcast_0_piece0 stored as bytes in memory (estimated size 6.2 KiB, free 434.4 MiB)
[2025-08-10T11:38:38.287+0000] {spark_submit.py:579} INFO - 25/08/10 11:38:38 INFO SparkContext: Created broadcast 0 from broadcast at DAGScheduler.scala:1676
[2025-08-10T11:38:38.305+0000] {spark_submit.py:579} INFO - 25/08/10 11:38:38 INFO DAGScheduler: Submitting 2 missing tasks from ShuffleMapStage 0 (PairwiseRDD[2] at reduceByKey at /opt/***/jobs/python/wordcountjob.py:9) (first 15 tasks are for partitions Vector(0, 1))
[2025-08-10T11:38:38.315+0000] {spark_submit.py:579} INFO - 25/08/10 11:38:38 INFO TaskSchedulerImpl: Adding task set 0.0 with 2 tasks resource profile 0
[2025-08-10T11:38:40.206+0000] {spark_submit.py:579} INFO - 25/08/10 11:38:40 INFO StandaloneSchedulerBackend$StandaloneDriverEndpoint: Registered executor NettyRpcEndpointRef(spark-client://Executor) (172.18.0.4:36002) with ID 0, ResourceProfileId 0
[2025-08-10T11:38:40.366+0000] {spark_submit.py:579} INFO - 25/08/10 11:38:40 INFO BlockManagerMasterEndpoint: Registering block manager 172.18.0.4:43533 with 434.4 MiB RAM, BlockManagerId(0, 172.18.0.4, 43533, None)
[2025-08-10T11:38:40.449+0000] {spark_submit.py:579} INFO - 25/08/10 11:38:40 INFO TaskSetManager: Starting task 0.0 in stage 0.0 (TID 0) (172.18.0.4,executor 0, partition 0, PROCESS_LOCAL, 9735 bytes)
[2025-08-10T11:38:40.452+0000] {spark_submit.py:579} INFO - 25/08/10 11:38:40 INFO TaskSetManager: Starting task 1.0 in stage 0.0 (TID 1) (172.18.0.4,executor 0, partition 1, PROCESS_LOCAL, 9768 bytes)
[2025-08-10T11:38:42.235+0000] {spark_submit.py:579} INFO - 25/08/10 11:38:42 INFO TaskSetManager: Finished task 0.0 in stage 0.0 (TID 0) in 1798 ms on 172.18.0.4 (executor 0) (1/2)
[2025-08-10T11:38:42.236+0000] {spark_submit.py:579} INFO - 25/08/10 11:38:42 INFO TaskSetManager: Finished task 1.0 in stage 0.0 (TID 1) in 1784 ms on 172.18.0.4 (executor 0) (2/2)
[2025-08-10T11:38:42.237+0000] {spark_submit.py:579} INFO - 25/08/10 11:38:42 INFO TaskSchedulerImpl: Removed TaskSet 0.0 whose tasks have all completed, from pool
[2025-08-10T11:38:42.242+0000] {spark_submit.py:579} INFO - 25/08/10 11:38:42 INFO PythonAccumulatorV2: Connected to AccumulatorServer at host: 127.0.0.1 port: 50901
[2025-08-10T11:38:42.247+0000] {spark_submit.py:579} INFO - 25/08/10 11:38:42 INFO DAGScheduler: ShuffleMapStage 0 (reduceByKey at /opt/***/jobs/python/wordcountjob.py:9) finished in 4060 ms
[2025-08-10T11:38:42.247+0000] {spark_submit.py:579} INFO - 25/08/10 11:38:42 INFO DAGScheduler: looking for newly runnable stages
[2025-08-10T11:38:42.247+0000] {spark_submit.py:579} INFO - 25/08/10 11:38:42 INFO DAGScheduler: running: HashSet()
[2025-08-10T11:38:42.248+0000] {spark_submit.py:579} INFO - 25/08/10 11:38:42 INFO DAGScheduler: waiting: HashSet(ResultStage 1)
[2025-08-10T11:38:42.248+0000] {spark_submit.py:579} INFO - 25/08/10 11:38:42 INFO DAGScheduler: failed: HashSet()
[2025-08-10T11:38:42.250+0000] {spark_submit.py:579} INFO - 25/08/10 11:38:42 INFO DAGScheduler: Submitting ResultStage 1 (PythonRDD[5] at collect at /opt/***/jobs/python/wordcountjob.py:11), which has no missing parents
[2025-08-10T11:38:42.257+0000] {spark_submit.py:579} INFO - 25/08/10 11:38:42 INFO MemoryStore: Block broadcast_1 stored as values in memory (estimated size 9.8 KiB, free 434.4 MiB)
[2025-08-10T11:38:42.263+0000] {spark_submit.py:579} INFO - 25/08/10 11:38:42 INFO MemoryStore: Block broadcast_1_piece0 stored as bytes in memory (estimated size 5.6 KiB, free 434.4 MiB)
[2025-08-10T11:38:42.264+0000] {spark_submit.py:579} INFO - 25/08/10 11:38:42 INFO SparkContext: Created broadcast 1 from broadcast at DAGScheduler.scala:1676
[2025-08-10T11:38:42.265+0000] {spark_submit.py:579} INFO - 25/08/10 11:38:42 INFO DAGScheduler: Submitting 2 missing tasks from ResultStage 1 (PythonRDD[5] at collect at /opt/***/jobs/python/wordcountjob.py:11) (first 15 tasks are for partitions Vector(0, 1))
[2025-08-10T11:38:42.266+0000] {spark_submit.py:579} INFO - 25/08/10 11:38:42 INFO TaskSchedulerImpl: Adding task set 1.0 with 2 tasks resource profile 0
[2025-08-10T11:38:42.270+0000] {spark_submit.py:579} INFO - 25/08/10 11:38:42 INFO TaskSetManager: Starting task 0.0 in stage 1.0 (TID 2) (172.18.0.4,executor 0, partition 0, NODE_LOCAL, 9453 bytes)
[2025-08-10T11:38:42.271+0000] {spark_submit.py:579} INFO - 25/08/10 11:38:42 INFO TaskSetManager: Starting task 1.0 in stage 1.0 (TID 3) (172.18.0.4,executor 0, partition 1, NODE_LOCAL, 9453 bytes)
[2025-08-10T11:38:42.356+0000] {spark_submit.py:579} INFO - 25/08/10 11:38:42 INFO MapOutputTrackerMasterEndpoint: Asked to send map output locations for shuffle 0 to 172.18.0.4:36002
[2025-08-10T11:38:42.587+0000] {spark_submit.py:579} INFO - 25/08/10 11:38:42 INFO TaskSetManager: Finished task 1.0 in stage 1.0 (TID 3) in 316 ms on 172.18.0.4 (executor 0) (1/2)
[2025-08-10T11:38:42.593+0000] {spark_submit.py:579} INFO - 25/08/10 11:38:42 INFO TaskSetManager: Finished task 0.0 in stage 1.0 (TID 2) in 324 ms on 172.18.0.4 (executor 0) (2/2)
[2025-08-10T11:38:42.596+0000] {spark_submit.py:579} INFO - 25/08/10 11:38:42 INFO TaskSchedulerImpl: Removed TaskSet 1.0 whose tasks have all completed, from pool
[2025-08-10T11:38:42.597+0000] {spark_submit.py:579} INFO - 25/08/10 11:38:42 INFO DAGScheduler: ResultStage 1 (collect at /opt/***/jobs/python/wordcountjob.py:11) finished in 339 ms
[2025-08-10T11:38:42.598+0000] {spark_submit.py:579} INFO - 25/08/10 11:38:42 INFO DAGScheduler: Job 0 is finished. Cancelling potential speculative or zombie tasks for this job
[2025-08-10T11:38:42.598+0000] {spark_submit.py:579} INFO - 25/08/10 11:38:42 INFO TaskSchedulerImpl: Canceling stage 1
[2025-08-10T11:38:42.600+0000] {spark_submit.py:579} INFO - 25/08/10 11:38:42 INFO TaskSchedulerImpl: Killing all running tasks in stage 1: Stage finished
[2025-08-10T11:38:42.603+0000] {spark_submit.py:579} INFO - 25/08/10 11:38:42 INFO DAGScheduler: Job 0 finished: collect at /opt/***/jobs/python/wordcountjob.py:11, took 4485.034491 ms
[2025-08-10T11:38:42.623+0000] {spark_submit.py:579} INFO - Hello 5
[2025-08-10T11:38:42.625+0000] {spark_submit.py:579} INFO - Spark 1
[2025-08-10T11:38:42.626+0000] {spark_submit.py:579} INFO - Python 1
[2025-08-10T11:38:42.627+0000] {spark_submit.py:579} INFO - Airflow 1
[2025-08-10T11:38:42.627+0000] {spark_submit.py:579} INFO - Docker 1
[2025-08-10T11:38:42.628+0000] {spark_submit.py:579} INFO - and 1
[2025-08-10T11:38:42.629+0000] {spark_submit.py:579} INFO - Yusuf 1
[2025-08-10T11:38:42.629+0000] {spark_submit.py:579} INFO - 25/08/10 11:38:42 INFO SparkContext: SparkContext is stopping with exitCode 0 from stop at NativeMethodAccessorImpl.java:0.
[2025-08-10T11:38:42.635+0000] {spark_submit.py:579} INFO - 25/08/10 11:38:42 INFO SparkUI: Stopped Spark web UI at http://08d0cfb138c0:4040
[2025-08-10T11:38:42.639+0000] {spark_submit.py:579} INFO - 25/08/10 11:38:42 INFO StandaloneSchedulerBackend: Shutting down all executors
[2025-08-10T11:38:42.639+0000] {spark_submit.py:579} INFO - 25/08/10 11:38:42 INFO StandaloneSchedulerBackend$StandaloneDriverEndpoint: Asking each executor to shut down
[2025-08-10T11:38:42.660+0000] {spark_submit.py:579} INFO - 25/08/10 11:38:42 INFO MapOutputTrackerMasterEndpoint: MapOutputTrackerMasterEndpoint stopped!
[2025-08-10T11:38:42.728+0000] {spark_submit.py:579} INFO - 25/08/10 11:38:42 INFO MemoryStore: MemoryStore cleared
[2025-08-10T11:38:42.728+0000] {spark_submit.py:579} INFO - 25/08/10 11:38:42 INFO BlockManager: BlockManager stopped
[2025-08-10T11:38:42.730+0000] {spark_submit.py:579} INFO - 25/08/10 11:38:42 INFO BlockManagerMaster: BlockManagerMaster stopped
[2025-08-10T11:38:42.732+0000] {spark_submit.py:579} INFO - 25/08/10 11:38:42 INFO OutputCommitCoordinator$OutputCommitCoordinatorEndpoint: OutputCommitCoordinator stopped!
[2025-08-10T11:38:42.781+0000] {spark_submit.py:579} INFO - 25/08/10 11:38:42 INFO SparkContext: Successfully stopped SparkContext
[2025-08-10T11:38:43.724+0000] {spark_submit.py:579} INFO - 25/08/10 11:38:43 INFO ShutdownHookManager: Shutdown hook called
[2025-08-10T11:38:43.725+0000] {spark_submit.py:579} INFO - 25/08/10 11:38:43 INFO ShutdownHookManager: Deleting directory /tmp/spark-7b06557b-9685-4711-8376-0d493cfd1fbd/pyspark-ceee134b-9850-4f66-986e-ea0c52ec1e9c
[2025-08-10T11:38:43.742+0000] {spark_submit.py:579} INFO - 25/08/10 11:38:43 INFO ShutdownHookManager: Deleting directory /tmp/spark-a27bb138-12e8-451e-a9fe-6f550ca4578e
[2025-08-10T11:38:43.762+0000] {spark_submit.py:579} INFO - 25/08/10 11:38:43 INFO ShutdownHookManager: Deleting directory /tmp/spark-7b06557b-9685-4711-8376-0d493cfd1fbd
[2025-08-10T11:38:43.937+0000] {taskinstance.py:1398} INFO - Marking task as SUCCESS. dag_id=sparking_flow, task_id=python_job, execution_date=20250810T113820, start_date=20250810T113826, end_date=20250810T113843
[2025-08-10T11:38:44.044+0000] {local_task_job_runner.py:228} INFO - Task exited with return code 0
[2025-08-10T11:38:44.114+0000] {taskinstance.py:2776} INFO - 1 downstream tasks scheduled from follow-on schedule check
