[2025-08-31T04:30:44.645+0000] {taskinstance.py:1157} INFO - Dependencies all met for dep_context=non-requeueable deps ti=<TaskInstance: sparking_flow.start scheduled__2025-08-31T02:00:00+00:00 [queued]>
[2025-08-31T04:30:44.796+0000] {taskinstance.py:1157} INFO - Dependencies all met for dep_context=requeueable deps ti=<TaskInstance: sparking_flow.start scheduled__2025-08-31T02:00:00+00:00 [queued]>
[2025-08-31T04:30:44.801+0000] {taskinstance.py:1359} INFO - Starting attempt 1 of 1
[2025-08-31T04:30:44.880+0000] {taskinstance.py:1380} INFO - Executing <Task(PythonOperator): start> on 2025-08-31 02:00:00+00:00
[2025-08-31T04:30:45.170+0000] {standard_task_runner.py:57} INFO - Started process 244 to run task
[2025-08-31T04:30:45.316+0000] {standard_task_runner.py:84} INFO - Running: ['***', 'tasks', 'run', 'sparking_flow', 'start', 'scheduled__2025-08-31T02:00:00+00:00', '--job-id', '83', '--raw', '--subdir', 'DAGS_FOLDER/spark_***.py', '--cfg-path', '/tmp/tmp9nbl_kdp']
[2025-08-31T04:30:45.374+0000] {standard_task_runner.py:85} INFO - Job 83: Subtask start
[2025-08-31T04:30:46.098+0000] {task_command.py:415} INFO - Running <TaskInstance: sparking_flow.start scheduled__2025-08-31T02:00:00+00:00 [running]> on host 81b7fe425a18
[2025-08-31T04:30:46.766+0000] {taskinstance.py:1660} INFO - Exporting env vars: AIRFLOW_CTX_DAG_OWNER='Kudzaishe Manyanya' AIRFLOW_CTX_DAG_ID='sparking_flow' AIRFLOW_CTX_TASK_ID='start' AIRFLOW_CTX_EXECUTION_DATE='2025-08-31T02:00:00+00:00' AIRFLOW_CTX_TRY_NUMBER='1' AIRFLOW_CTX_DAG_RUN_ID='scheduled__2025-08-31T02:00:00+00:00'
[2025-08-31T04:30:46.803+0000] {logging_mixin.py:151} INFO - Jobs started
[2025-08-31T04:30:46.807+0000] {python.py:194} INFO - Done. Returned value was: None
[2025-08-31T04:30:46.914+0000] {taskinstance.py:1398} INFO - Marking task as SUCCESS. dag_id=sparking_flow, task_id=start, execution_date=20250831T020000, start_date=20250831T043044, end_date=20250831T043046
[2025-08-31T04:30:48.122+0000] {local_task_job_runner.py:228} INFO - Task exited with return code 0
[2025-08-31T04:30:48.622+0000] {taskinstance.py:2776} INFO - 0 downstream tasks scheduled from follow-on schedule check
[2025-08-31T05:06:39.483+0000] {taskinstance.py:1157} INFO - Dependencies all met for dep_context=non-requeueable deps ti=<TaskInstance: sparking_flow.start scheduled__2025-08-31T02:00:00+00:00 [queued]>
[2025-08-31T05:06:39.494+0000] {taskinstance.py:1157} INFO - Dependencies all met for dep_context=requeueable deps ti=<TaskInstance: sparking_flow.start scheduled__2025-08-31T02:00:00+00:00 [queued]>
[2025-08-31T05:06:39.495+0000] {taskinstance.py:1359} INFO - Starting attempt 1 of 1
[2025-08-31T05:06:39.519+0000] {taskinstance.py:1380} INFO - Executing <Task(PythonOperator): start> on 2025-08-31 02:00:00+00:00
[2025-08-31T05:06:39.530+0000] {standard_task_runner.py:57} INFO - Started process 285 to run task
[2025-08-31T05:06:39.540+0000] {standard_task_runner.py:84} INFO - Running: ['***', 'tasks', 'run', 'sparking_flow', 'start', 'scheduled__2025-08-31T02:00:00+00:00', '--job-id', '17', '--raw', '--subdir', 'DAGS_FOLDER/spark_***.py', '--cfg-path', '/tmp/tmptjw7xty3']
[2025-08-31T05:06:39.547+0000] {standard_task_runner.py:85} INFO - Job 17: Subtask start
[2025-08-31T05:06:39.703+0000] {task_command.py:415} INFO - Running <TaskInstance: sparking_flow.start scheduled__2025-08-31T02:00:00+00:00 [running]> on host 80647ef95998
[2025-08-31T05:06:39.959+0000] {taskinstance.py:1660} INFO - Exporting env vars: AIRFLOW_CTX_DAG_OWNER='Kudzaishe Manyanya' AIRFLOW_CTX_DAG_ID='sparking_flow' AIRFLOW_CTX_TASK_ID='start' AIRFLOW_CTX_EXECUTION_DATE='2025-08-31T02:00:00+00:00' AIRFLOW_CTX_TRY_NUMBER='1' AIRFLOW_CTX_DAG_RUN_ID='scheduled__2025-08-31T02:00:00+00:00'
[2025-08-31T05:06:39.967+0000] {logging_mixin.py:151} INFO - Jobs started
[2025-08-31T05:06:39.968+0000] {python.py:194} INFO - Done. Returned value was: None
[2025-08-31T05:06:40.015+0000] {taskinstance.py:1398} INFO - Marking task as SUCCESS. dag_id=sparking_flow, task_id=start, execution_date=20250831T020000, start_date=20250831T050639, end_date=20250831T050640
[2025-08-31T05:06:40.110+0000] {local_task_job_runner.py:228} INFO - Task exited with return code 0
[2025-08-31T05:06:40.204+0000] {taskinstance.py:2776} INFO - 1 downstream tasks scheduled from follow-on schedule check
[2025-08-31T12:53:18.752+0000] {taskinstance.py:1157} INFO - Dependencies all met for dep_context=non-requeueable deps ti=<TaskInstance: sparking_flow.start scheduled__2025-08-31T02:00:00+00:00 [queued]>
[2025-08-31T12:53:18.790+0000] {taskinstance.py:1157} INFO - Dependencies all met for dep_context=requeueable deps ti=<TaskInstance: sparking_flow.start scheduled__2025-08-31T02:00:00+00:00 [queued]>
[2025-08-31T12:53:18.790+0000] {taskinstance.py:1359} INFO - Starting attempt 1 of 1
[2025-08-31T12:53:18.828+0000] {taskinstance.py:1380} INFO - Executing <Task(PythonOperator): start> on 2025-08-31 02:00:00+00:00
[2025-08-31T12:53:18.855+0000] {standard_task_runner.py:57} INFO - Started process 374 to run task
[2025-08-31T12:53:18.878+0000] {standard_task_runner.py:84} INFO - Running: ['***', 'tasks', 'run', 'sparking_flow', 'start', 'scheduled__2025-08-31T02:00:00+00:00', '--job-id', '14', '--raw', '--subdir', 'DAGS_FOLDER/spark_***.py', '--cfg-path', '/tmp/tmp0_nk3thl']
[2025-08-31T12:53:18.894+0000] {standard_task_runner.py:85} INFO - Job 14: Subtask start
[2025-08-31T12:53:19.125+0000] {task_command.py:415} INFO - Running <TaskInstance: sparking_flow.start scheduled__2025-08-31T02:00:00+00:00 [running]> on host f7da00c682c4
[2025-08-31T12:53:19.281+0000] {taskinstance.py:1660} INFO - Exporting env vars: AIRFLOW_CTX_DAG_OWNER='Kudzaishe Manyanya' AIRFLOW_CTX_DAG_ID='sparking_flow' AIRFLOW_CTX_TASK_ID='start' AIRFLOW_CTX_EXECUTION_DATE='2025-08-31T02:00:00+00:00' AIRFLOW_CTX_TRY_NUMBER='1' AIRFLOW_CTX_DAG_RUN_ID='scheduled__2025-08-31T02:00:00+00:00'
[2025-08-31T12:53:19.285+0000] {logging_mixin.py:151} INFO - Jobs started
[2025-08-31T12:53:19.286+0000] {python.py:194} INFO - Done. Returned value was: None
[2025-08-31T12:53:19.312+0000] {taskinstance.py:1398} INFO - Marking task as SUCCESS. dag_id=sparking_flow, task_id=start, execution_date=20250831T020000, start_date=20250831T125318, end_date=20250831T125319
[2025-08-31T12:53:19.345+0000] {local_task_job_runner.py:228} INFO - Task exited with return code 0
[2025-08-31T12:53:19.480+0000] {taskinstance.py:2776} INFO - 0 downstream tasks scheduled from follow-on schedule check
[2025-09-01T18:54:11.359+0000] {taskinstance.py:1157} INFO - Dependencies all met for dep_context=non-requeueable deps ti=<TaskInstance: sparking_flow.start scheduled__2025-08-31T02:00:00+00:00 [queued]>
[2025-09-01T18:54:11.402+0000] {taskinstance.py:1157} INFO - Dependencies all met for dep_context=requeueable deps ti=<TaskInstance: sparking_flow.start scheduled__2025-08-31T02:00:00+00:00 [queued]>
[2025-09-01T18:54:11.411+0000] {taskinstance.py:1359} INFO - Starting attempt 1 of 1
[2025-09-01T18:54:11.867+0000] {taskinstance.py:1380} INFO - Executing <Task(PythonOperator): start> on 2025-08-31 02:00:00+00:00
[2025-09-01T18:54:11.947+0000] {standard_task_runner.py:57} INFO - Started process 211 to run task
[2025-09-01T18:54:12.017+0000] {standard_task_runner.py:84} INFO - Running: ['***', 'tasks', 'run', 'sparking_flow', 'start', 'scheduled__2025-08-31T02:00:00+00:00', '--job-id', '2', '--raw', '--subdir', 'DAGS_FOLDER/spark_***.py', '--cfg-path', '/tmp/tmpkp3qcruj']
[2025-09-01T18:54:12.135+0000] {standard_task_runner.py:85} INFO - Job 2: Subtask start
[2025-09-01T18:54:12.587+0000] {task_command.py:415} INFO - Running <TaskInstance: sparking_flow.start scheduled__2025-08-31T02:00:00+00:00 [running]> on host 7b2a3a75c36f
[2025-09-01T18:54:13.329+0000] {taskinstance.py:1660} INFO - Exporting env vars: AIRFLOW_CTX_DAG_OWNER='Kudzaishe Manyanya' AIRFLOW_CTX_DAG_ID='sparking_flow' AIRFLOW_CTX_TASK_ID='start' AIRFLOW_CTX_EXECUTION_DATE='2025-08-31T02:00:00+00:00' AIRFLOW_CTX_TRY_NUMBER='1' AIRFLOW_CTX_DAG_RUN_ID='scheduled__2025-08-31T02:00:00+00:00'
[2025-09-01T18:54:13.354+0000] {logging_mixin.py:151} INFO - Jobs started
[2025-09-01T18:54:13.359+0000] {python.py:194} INFO - Done. Returned value was: None
[2025-09-01T18:54:13.459+0000] {taskinstance.py:1398} INFO - Marking task as SUCCESS. dag_id=sparking_flow, task_id=start, execution_date=20250831T020000, start_date=20250901T185411, end_date=20250901T185413
[2025-09-01T18:54:13.819+0000] {local_task_job_runner.py:228} INFO - Task exited with return code 0
[2025-09-01T18:54:14.308+0000] {taskinstance.py:2776} INFO - 1 downstream tasks scheduled from follow-on schedule check
