[2025-08-10T00:22:36.271+0000] {taskinstance.py:1157} INFO - Dependencies all met for dep_context=non-requeueable deps ti=<TaskInstance: sparking_flow.python_job manual__2025-08-10T00:22:28.832314+00:00 [queued]>
[2025-08-10T00:22:36.278+0000] {taskinstance.py:1157} INFO - Dependencies all met for dep_context=requeueable deps ti=<TaskInstance: sparking_flow.python_job manual__2025-08-10T00:22:28.832314+00:00 [queued]>
[2025-08-10T00:22:36.278+0000] {taskinstance.py:1359} INFO - Starting attempt 1 of 1
[2025-08-10T00:22:36.292+0000] {taskinstance.py:1380} INFO - Executing <Task(SparkSubmitOperator): python_job> on 2025-08-10 00:22:28.832314+00:00
[2025-08-10T00:22:36.296+0000] {standard_task_runner.py:57} INFO - Started process 587 to run task
[2025-08-10T00:22:36.299+0000] {standard_task_runner.py:84} INFO - Running: ['***', 'tasks', 'run', 'sparking_flow', 'python_job', 'manual__2025-08-10T00:22:28.832314+00:00', '--job-id', '5', '--raw', '--subdir', 'DAGS_FOLDER/spark_***.py', '--cfg-path', '/tmp/tmpje6r20yw']
[2025-08-10T00:22:36.304+0000] {standard_task_runner.py:85} INFO - Job 5: Subtask python_job
[2025-08-10T00:22:36.369+0000] {task_command.py:415} INFO - Running <TaskInstance: sparking_flow.python_job manual__2025-08-10T00:22:28.832314+00:00 [running]> on host 95fb1ebfe85f
[2025-08-10T00:22:36.464+0000] {taskinstance.py:1660} INFO - Exporting env vars: AIRFLOW_CTX_DAG_OWNER='Yusuf Ganiyu' AIRFLOW_CTX_DAG_ID='sparking_flow' AIRFLOW_CTX_TASK_ID='python_job' AIRFLOW_CTX_EXECUTION_DATE='2025-08-10T00:22:28.832314+00:00' AIRFLOW_CTX_TRY_NUMBER='1' AIRFLOW_CTX_DAG_RUN_ID='manual__2025-08-10T00:22:28.832314+00:00'
[2025-08-10T00:22:36.482+0000] {base.py:73} INFO - Using connection ID 'spark-conn' for task execution.
[2025-08-10T00:22:36.483+0000] {spark_submit.py:403} INFO - Spark-Submit cmd: spark-submit --master spark://spark-master-1:7077 --name arrow-spark --deploy-mode client jobs/python/wordcountjob.py
[2025-08-10T00:22:37.426+0000] {spark_submit.py:579} INFO - WARNING: Using incubator modules: jdk.incubator.vector
[2025-08-10T00:22:43.733+0000] {spark_submit.py:579} INFO - Using Spark's default log4j profile: org/apache/spark/log4j2-defaults.properties
[2025-08-10T00:22:43.742+0000] {spark_submit.py:579} INFO - 25/08/10 00:22:43 INFO SparkContext: Running Spark version 4.0.0
[2025-08-10T00:22:43.746+0000] {spark_submit.py:579} INFO - 25/08/10 00:22:43 INFO SparkContext: OS info Linux, 6.6.87.2-microsoft-standard-WSL2, amd64
[2025-08-10T00:22:43.747+0000] {spark_submit.py:579} INFO - 25/08/10 00:22:43 INFO SparkContext: Java version 17.0.15
[2025-08-10T00:22:43.880+0000] {spark_submit.py:579} INFO - 25/08/10 00:22:43 WARN NativeCodeLoader: Unable to load native-hadoop library for your platform... using builtin-java classes where applicable
[2025-08-10T00:22:43.970+0000] {spark_submit.py:579} INFO - 25/08/10 00:22:43 INFO ResourceUtils: ==============================================================
[2025-08-10T00:22:43.971+0000] {spark_submit.py:579} INFO - 25/08/10 00:22:43 INFO ResourceUtils: No custom resources configured for spark.driver.
[2025-08-10T00:22:43.972+0000] {spark_submit.py:579} INFO - 25/08/10 00:22:43 INFO ResourceUtils: ==============================================================
[2025-08-10T00:22:43.973+0000] {spark_submit.py:579} INFO - 25/08/10 00:22:43 INFO SparkContext: Submitted application: PythonWordCount
[2025-08-10T00:22:44.013+0000] {spark_submit.py:579} INFO - 25/08/10 00:22:44 INFO ResourceProfile: Default ResourceProfile created, executor resources: Map(memory -> name: memory, amount: 1024, script: , vendor: , offHeap -> name: offHeap, amount: 0, script: , vendor: ), task resources: Map(cpus -> name: cpus, amount: 1.0)
[2025-08-10T00:22:44.017+0000] {spark_submit.py:579} INFO - 25/08/10 00:22:44 INFO ResourceProfile: Limiting resource is cpu
[2025-08-10T00:22:44.020+0000] {spark_submit.py:579} INFO - 25/08/10 00:22:44 INFO ResourceProfileManager: Added ResourceProfile id: 0
[2025-08-10T00:22:44.085+0000] {spark_submit.py:579} INFO - 25/08/10 00:22:44 INFO SecurityManager: Changing view acls to: ***
[2025-08-10T00:22:44.088+0000] {spark_submit.py:579} INFO - 25/08/10 00:22:44 INFO SecurityManager: Changing modify acls to: ***
[2025-08-10T00:22:44.089+0000] {spark_submit.py:579} INFO - 25/08/10 00:22:44 INFO SecurityManager: Changing view acls groups to: ***
[2025-08-10T00:22:44.089+0000] {spark_submit.py:579} INFO - 25/08/10 00:22:44 INFO SecurityManager: Changing modify acls groups to: ***
[2025-08-10T00:22:44.091+0000] {spark_submit.py:579} INFO - 25/08/10 00:22:44 INFO SecurityManager: SecurityManager: authentication disabled; ui acls disabled; users with view permissions: *** groups with view permissions: EMPTY; users with modify permissions: ***; groups with modify permissions: EMPTY; RPC SSL disabled
[2025-08-10T00:22:44.423+0000] {spark_submit.py:579} INFO - 25/08/10 00:22:44 INFO Utils: Successfully started service 'sparkDriver' on port 42473.
[2025-08-10T00:22:44.477+0000] {spark_submit.py:579} INFO - 25/08/10 00:22:44 INFO SparkEnv: Registering MapOutputTracker
[2025-08-10T00:22:44.496+0000] {spark_submit.py:579} INFO - 25/08/10 00:22:44 INFO SparkEnv: Registering BlockManagerMaster
[2025-08-10T00:22:44.523+0000] {spark_submit.py:579} INFO - 25/08/10 00:22:44 INFO BlockManagerMasterEndpoint: Using org.apache.spark.storage.DefaultTopologyMapper for getting topology information
[2025-08-10T00:22:44.524+0000] {spark_submit.py:579} INFO - 25/08/10 00:22:44 INFO BlockManagerMasterEndpoint: BlockManagerMasterEndpoint up
[2025-08-10T00:22:44.528+0000] {spark_submit.py:579} INFO - 25/08/10 00:22:44 INFO SparkEnv: Registering BlockManagerMasterHeartbeat
[2025-08-10T00:22:44.559+0000] {spark_submit.py:579} INFO - 25/08/10 00:22:44 INFO DiskBlockManager: Created local directory at /tmp/blockmgr-f12a0468-0707-49f6-955a-bb23a0695f93
[2025-08-10T00:22:44.586+0000] {spark_submit.py:579} INFO - 25/08/10 00:22:44 INFO SparkEnv: Registering OutputCommitCoordinator
[2025-08-10T00:22:44.734+0000] {spark_submit.py:579} INFO - 25/08/10 00:22:44 INFO JettyUtils: Start Jetty 0.0.0.0:4040 for SparkUI
[2025-08-10T00:22:44.817+0000] {spark_submit.py:579} INFO - 25/08/10 00:22:44 INFO Utils: Successfully started service 'SparkUI' on port 4040.
[2025-08-10T00:22:44.876+0000] {spark_submit.py:579} INFO - 25/08/10 00:22:44 INFO SecurityManager: Changing view acls to: ***
[2025-08-10T00:22:44.878+0000] {spark_submit.py:579} INFO - 25/08/10 00:22:44 INFO SecurityManager: Changing modify acls to: ***
[2025-08-10T00:22:44.879+0000] {spark_submit.py:579} INFO - 25/08/10 00:22:44 INFO SecurityManager: Changing view acls groups to: ***
[2025-08-10T00:22:44.879+0000] {spark_submit.py:579} INFO - 25/08/10 00:22:44 INFO SecurityManager: Changing modify acls groups to: ***
[2025-08-10T00:22:44.879+0000] {spark_submit.py:579} INFO - 25/08/10 00:22:44 INFO SecurityManager: SecurityManager: authentication disabled; ui acls disabled; users with view permissions: *** groups with view permissions: EMPTY; users with modify permissions: ***; groups with modify permissions: EMPTY; RPC SSL disabled
[2025-08-10T00:22:45.081+0000] {spark_submit.py:579} INFO - 25/08/10 00:22:45 INFO StandaloneAppClient$ClientEndpoint: Connecting to master spark://spark-master-1:7077...
[2025-08-10T00:22:48.895+0000] {spark_submit.py:579} INFO - 25/08/10 00:22:48 WARN TransportClientFactory: DNS resolution failed for spark-master-1/<unresolved>:7077 took 3790 ms
[2025-08-10T00:22:48.924+0000] {spark_submit.py:579} INFO - 25/08/10 00:22:48 WARN StandaloneAppClient$ClientEndpoint: Failed to connect to master spark-master-1:7077
[2025-08-10T00:22:48.925+0000] {spark_submit.py:579} INFO - org.apache.spark.SparkException: Exception thrown in awaitResult:
[2025-08-10T00:22:48.925+0000] {spark_submit.py:579} INFO - at org.apache.spark.util.SparkThreadUtils$.awaitResult(SparkThreadUtils.scala:53)
[2025-08-10T00:22:48.926+0000] {spark_submit.py:579} INFO - at org.apache.spark.util.ThreadUtils$.awaitResult(ThreadUtils.scala:342)
[2025-08-10T00:22:48.926+0000] {spark_submit.py:579} INFO - at org.apache.spark.rpc.RpcTimeout.awaitResult(RpcTimeout.scala:75)
[2025-08-10T00:22:48.926+0000] {spark_submit.py:579} INFO - at org.apache.spark.rpc.RpcEnv.setupEndpointRefByURI(RpcEnv.scala:102)
[2025-08-10T00:22:48.927+0000] {spark_submit.py:579} INFO - at org.apache.spark.rpc.RpcEnv.setupEndpointRef(RpcEnv.scala:110)
[2025-08-10T00:22:48.927+0000] {spark_submit.py:579} INFO - at org.apache.spark.deploy.client.StandaloneAppClient$ClientEndpoint$$anon$1.run(StandaloneAppClient.scala:110)
[2025-08-10T00:22:48.927+0000] {spark_submit.py:579} INFO - at java.base/java.util.concurrent.Executors$RunnableAdapter.call(Executors.java:539)
[2025-08-10T00:22:48.928+0000] {spark_submit.py:579} INFO - at java.base/java.util.concurrent.FutureTask.run(FutureTask.java:264)
[2025-08-10T00:22:48.928+0000] {spark_submit.py:579} INFO - at java.base/java.util.concurrent.ThreadPoolExecutor.runWorker(ThreadPoolExecutor.java:1136)
[2025-08-10T00:22:48.928+0000] {spark_submit.py:579} INFO - at java.base/java.util.concurrent.ThreadPoolExecutor$Worker.run(ThreadPoolExecutor.java:635)
[2025-08-10T00:22:48.928+0000] {spark_submit.py:579} INFO - at java.base/java.lang.Thread.run(Thread.java:840)
[2025-08-10T00:22:48.929+0000] {spark_submit.py:579} INFO - Caused by: java.io.IOException: Failed to connect to spark-master-1/<unresolved>:7077
[2025-08-10T00:22:48.929+0000] {spark_submit.py:579} INFO - at org.apache.spark.network.client.TransportClientFactory.createClient(TransportClientFactory.java:305)
[2025-08-10T00:22:48.929+0000] {spark_submit.py:579} INFO - at org.apache.spark.network.client.TransportClientFactory.createClient(TransportClientFactory.java:225)
[2025-08-10T00:22:48.930+0000] {spark_submit.py:579} INFO - at org.apache.spark.network.client.TransportClientFactory.createClient(TransportClientFactory.java:237)
[2025-08-10T00:22:48.930+0000] {spark_submit.py:579} INFO - at org.apache.spark.rpc.netty.NettyRpcEnv.createClient(NettyRpcEnv.scala:207)
[2025-08-10T00:22:48.931+0000] {spark_submit.py:579} INFO - at org.apache.spark.rpc.netty.Outbox$$anon$1.call(Outbox.scala:202)
[2025-08-10T00:22:48.931+0000] {spark_submit.py:579} INFO - at org.apache.spark.rpc.netty.Outbox$$anon$1.call(Outbox.scala:198)
[2025-08-10T00:22:48.931+0000] {spark_submit.py:579} INFO - ... 4 more
[2025-08-10T00:22:48.932+0000] {spark_submit.py:579} INFO - Caused by: java.net.UnknownHostException: spark-master-1
[2025-08-10T00:22:48.932+0000] {spark_submit.py:579} INFO - at java.base/java.net.InetAddress$CachedAddresses.get(InetAddress.java:801)
[2025-08-10T00:22:48.932+0000] {spark_submit.py:579} INFO - at java.base/java.net.InetAddress.getAllByName0(InetAddress.java:1533)
[2025-08-10T00:22:48.933+0000] {spark_submit.py:579} INFO - at java.base/java.net.InetAddress.getAllByName(InetAddress.java:1385)
[2025-08-10T00:22:48.933+0000] {spark_submit.py:579} INFO - at java.base/java.net.InetAddress.getAllByName(InetAddress.java:1306)
[2025-08-10T00:22:48.933+0000] {spark_submit.py:579} INFO - at java.base/java.net.InetAddress.getByName(InetAddress.java:1256)
[2025-08-10T00:22:48.933+0000] {spark_submit.py:579} INFO - at io.netty.util.internal.SocketUtils$8.run(SocketUtils.java:156)
[2025-08-10T00:22:48.934+0000] {spark_submit.py:579} INFO - at io.netty.util.internal.SocketUtils$8.run(SocketUtils.java:153)
[2025-08-10T00:22:48.934+0000] {spark_submit.py:579} INFO - at java.base/java.security.AccessController.doPrivileged(AccessController.java:569)
[2025-08-10T00:22:48.934+0000] {spark_submit.py:579} INFO - at io.netty.util.internal.SocketUtils.addressByName(SocketUtils.java:153)
[2025-08-10T00:22:48.934+0000] {spark_submit.py:579} INFO - at io.netty.resolver.DefaultNameResolver.doResolve(DefaultNameResolver.java:41)
[2025-08-10T00:22:48.934+0000] {spark_submit.py:579} INFO - at io.netty.resolver.SimpleNameResolver.resolve(SimpleNameResolver.java:61)
[2025-08-10T00:22:48.935+0000] {spark_submit.py:579} INFO - at io.netty.resolver.SimpleNameResolver.resolve(SimpleNameResolver.java:53)
[2025-08-10T00:22:48.935+0000] {spark_submit.py:579} INFO - at io.netty.resolver.InetSocketAddressResolver.doResolve(InetSocketAddressResolver.java:55)
[2025-08-10T00:22:48.935+0000] {spark_submit.py:579} INFO - at io.netty.resolver.InetSocketAddressResolver.doResolve(InetSocketAddressResolver.java:31)
[2025-08-10T00:22:48.935+0000] {spark_submit.py:579} INFO - at io.netty.resolver.AbstractAddressResolver.resolve(AbstractAddressResolver.java:106)
[2025-08-10T00:22:48.936+0000] {spark_submit.py:579} INFO - at io.netty.bootstrap.Bootstrap.doResolveAndConnect0(Bootstrap.java:220)
[2025-08-10T00:22:48.936+0000] {spark_submit.py:579} INFO - at io.netty.bootstrap.Bootstrap.access$000(Bootstrap.java:47)
[2025-08-10T00:22:48.936+0000] {spark_submit.py:579} INFO - at io.netty.bootstrap.Bootstrap$1.operationComplete(Bootstrap.java:189)
[2025-08-10T00:22:48.937+0000] {spark_submit.py:579} INFO - at io.netty.bootstrap.Bootstrap$1.operationComplete(Bootstrap.java:175)
[2025-08-10T00:22:48.937+0000] {spark_submit.py:579} INFO - at io.netty.util.concurrent.DefaultPromise.notifyListener0(DefaultPromise.java:590)
[2025-08-10T00:22:48.938+0000] {spark_submit.py:579} INFO - at io.netty.util.concurrent.DefaultPromise.notifyListenersNow(DefaultPromise.java:557)
[2025-08-10T00:22:48.938+0000] {spark_submit.py:579} INFO - at io.netty.util.concurrent.DefaultPromise.notifyListeners(DefaultPromise.java:492)
[2025-08-10T00:22:48.938+0000] {spark_submit.py:579} INFO - at io.netty.util.concurrent.DefaultPromise.setValue0(DefaultPromise.java:636)
[2025-08-10T00:22:48.939+0000] {spark_submit.py:579} INFO - at io.netty.util.concurrent.DefaultPromise.setSuccess0(DefaultPromise.java:625)
[2025-08-10T00:22:48.939+0000] {spark_submit.py:579} INFO - at io.netty.util.concurrent.DefaultPromise.trySuccess(DefaultPromise.java:105)
[2025-08-10T00:22:48.939+0000] {spark_submit.py:579} INFO - at io.netty.channel.DefaultChannelPromise.trySuccess(DefaultChannelPromise.java:84)
[2025-08-10T00:22:48.939+0000] {spark_submit.py:579} INFO - at io.netty.channel.AbstractChannel$AbstractUnsafe.safeSetSuccess(AbstractChannel.java:988)
[2025-08-10T00:22:48.940+0000] {spark_submit.py:579} INFO - at io.netty.channel.AbstractChannel$AbstractUnsafe.register0(AbstractChannel.java:515)
[2025-08-10T00:22:48.940+0000] {spark_submit.py:579} INFO - at io.netty.channel.AbstractChannel$AbstractUnsafe.access$200(AbstractChannel.java:428)
[2025-08-10T00:22:48.940+0000] {spark_submit.py:579} INFO - at io.netty.channel.AbstractChannel$AbstractUnsafe$1.run(AbstractChannel.java:485)
[2025-08-10T00:22:48.940+0000] {spark_submit.py:579} INFO - at io.netty.util.concurrent.AbstractEventExecutor.runTask(AbstractEventExecutor.java:173)
[2025-08-10T00:22:48.940+0000] {spark_submit.py:579} INFO - at io.netty.util.concurrent.AbstractEventExecutor.safeExecute(AbstractEventExecutor.java:166)
[2025-08-10T00:22:48.941+0000] {spark_submit.py:579} INFO - at io.netty.util.concurrent.SingleThreadEventExecutor.runAllTasks(SingleThreadEventExecutor.java:472)
[2025-08-10T00:22:48.941+0000] {spark_submit.py:579} INFO - at io.netty.channel.nio.NioEventLoop.run(NioEventLoop.java:569)
[2025-08-10T00:22:48.941+0000] {spark_submit.py:579} INFO - at io.netty.util.concurrent.SingleThreadEventExecutor$4.run(SingleThreadEventExecutor.java:998)
[2025-08-10T00:22:48.941+0000] {spark_submit.py:579} INFO - at io.netty.util.internal.ThreadExecutorMap$2.run(ThreadExecutorMap.java:74)
[2025-08-10T00:22:48.941+0000] {spark_submit.py:579} INFO - at io.netty.util.concurrent.FastThreadLocalRunnable.run(FastThreadLocalRunnable.java:30)
[2025-08-10T00:22:48.941+0000] {spark_submit.py:579} INFO - ... 1 more
[2025-08-10T00:23:05.077+0000] {spark_submit.py:579} INFO - 25/08/10 00:23:05 INFO StandaloneAppClient$ClientEndpoint: Connecting to master spark://spark-master-1:7077...
[2025-08-10T00:23:08.807+0000] {spark_submit.py:579} INFO - 25/08/10 00:23:08 WARN TransportClientFactory: DNS resolution failed for spark-master-1/<unresolved>:7077 took 3728 ms
[2025-08-10T00:23:08.810+0000] {spark_submit.py:579} INFO - 25/08/10 00:23:08 WARN StandaloneAppClient$ClientEndpoint: Failed to connect to master spark-master-1:7077
[2025-08-10T00:23:08.810+0000] {spark_submit.py:579} INFO - org.apache.spark.SparkException: Exception thrown in awaitResult:
[2025-08-10T00:23:08.811+0000] {spark_submit.py:579} INFO - at org.apache.spark.util.SparkThreadUtils$.awaitResult(SparkThreadUtils.scala:53)
[2025-08-10T00:23:08.811+0000] {spark_submit.py:579} INFO - at org.apache.spark.util.ThreadUtils$.awaitResult(ThreadUtils.scala:342)
[2025-08-10T00:23:08.811+0000] {spark_submit.py:579} INFO - at org.apache.spark.rpc.RpcTimeout.awaitResult(RpcTimeout.scala:75)
[2025-08-10T00:23:08.812+0000] {spark_submit.py:579} INFO - at org.apache.spark.rpc.RpcEnv.setupEndpointRefByURI(RpcEnv.scala:102)
[2025-08-10T00:23:08.812+0000] {spark_submit.py:579} INFO - at org.apache.spark.rpc.RpcEnv.setupEndpointRef(RpcEnv.scala:110)
[2025-08-10T00:23:08.812+0000] {spark_submit.py:579} INFO - at org.apache.spark.deploy.client.StandaloneAppClient$ClientEndpoint$$anon$1.run(StandaloneAppClient.scala:110)
[2025-08-10T00:23:08.813+0000] {spark_submit.py:579} INFO - at java.base/java.util.concurrent.Executors$RunnableAdapter.call(Executors.java:539)
[2025-08-10T00:23:08.813+0000] {spark_submit.py:579} INFO - at java.base/java.util.concurrent.FutureTask.run(FutureTask.java:264)
[2025-08-10T00:23:08.813+0000] {spark_submit.py:579} INFO - at java.base/java.util.concurrent.ThreadPoolExecutor.runWorker(ThreadPoolExecutor.java:1136)
[2025-08-10T00:23:08.813+0000] {spark_submit.py:579} INFO - at java.base/java.util.concurrent.ThreadPoolExecutor$Worker.run(ThreadPoolExecutor.java:635)
[2025-08-10T00:23:08.814+0000] {spark_submit.py:579} INFO - at java.base/java.lang.Thread.run(Thread.java:840)
[2025-08-10T00:23:08.814+0000] {spark_submit.py:579} INFO - Caused by: java.io.IOException: Failed to connect to spark-master-1/<unresolved>:7077
[2025-08-10T00:23:08.814+0000] {spark_submit.py:579} INFO - at org.apache.spark.network.client.TransportClientFactory.createClient(TransportClientFactory.java:305)
[2025-08-10T00:23:08.814+0000] {spark_submit.py:579} INFO - at org.apache.spark.network.client.TransportClientFactory.createClient(TransportClientFactory.java:225)
[2025-08-10T00:23:08.815+0000] {spark_submit.py:579} INFO - at org.apache.spark.network.client.TransportClientFactory.createClient(TransportClientFactory.java:237)
[2025-08-10T00:23:08.815+0000] {spark_submit.py:579} INFO - at org.apache.spark.rpc.netty.NettyRpcEnv.createClient(NettyRpcEnv.scala:207)
[2025-08-10T00:23:08.815+0000] {spark_submit.py:579} INFO - at org.apache.spark.rpc.netty.Outbox$$anon$1.call(Outbox.scala:202)
[2025-08-10T00:23:08.816+0000] {spark_submit.py:579} INFO - at org.apache.spark.rpc.netty.Outbox$$anon$1.call(Outbox.scala:198)
[2025-08-10T00:23:08.816+0000] {spark_submit.py:579} INFO - ... 4 more
[2025-08-10T00:23:08.816+0000] {spark_submit.py:579} INFO - Caused by: java.net.UnknownHostException: spark-master-1
[2025-08-10T00:23:08.816+0000] {spark_submit.py:579} INFO - at java.base/java.net.InetAddress$CachedAddresses.get(InetAddress.java:801)
[2025-08-10T00:23:08.816+0000] {spark_submit.py:579} INFO - at java.base/java.net.InetAddress.getAllByName0(InetAddress.java:1533)
[2025-08-10T00:23:08.817+0000] {spark_submit.py:579} INFO - at java.base/java.net.InetAddress.getAllByName(InetAddress.java:1385)
[2025-08-10T00:23:08.817+0000] {spark_submit.py:579} INFO - at java.base/java.net.InetAddress.getAllByName(InetAddress.java:1306)
[2025-08-10T00:23:08.817+0000] {spark_submit.py:579} INFO - at java.base/java.net.InetAddress.getByName(InetAddress.java:1256)
[2025-08-10T00:23:08.817+0000] {spark_submit.py:579} INFO - at io.netty.util.internal.SocketUtils$8.run(SocketUtils.java:156)
[2025-08-10T00:23:08.818+0000] {spark_submit.py:579} INFO - at io.netty.util.internal.SocketUtils$8.run(SocketUtils.java:153)
[2025-08-10T00:23:08.818+0000] {spark_submit.py:579} INFO - at java.base/java.security.AccessController.doPrivileged(AccessController.java:569)
[2025-08-10T00:23:08.819+0000] {spark_submit.py:579} INFO - at io.netty.util.internal.SocketUtils.addressByName(SocketUtils.java:153)
[2025-08-10T00:23:08.819+0000] {spark_submit.py:579} INFO - at io.netty.resolver.DefaultNameResolver.doResolve(DefaultNameResolver.java:41)
[2025-08-10T00:23:08.820+0000] {spark_submit.py:579} INFO - at io.netty.resolver.SimpleNameResolver.resolve(SimpleNameResolver.java:61)
[2025-08-10T00:23:08.820+0000] {spark_submit.py:579} INFO - at io.netty.resolver.SimpleNameResolver.resolve(SimpleNameResolver.java:53)
[2025-08-10T00:23:08.820+0000] {spark_submit.py:579} INFO - at io.netty.resolver.InetSocketAddressResolver.doResolve(InetSocketAddressResolver.java:55)
[2025-08-10T00:23:08.820+0000] {spark_submit.py:579} INFO - at io.netty.resolver.InetSocketAddressResolver.doResolve(InetSocketAddressResolver.java:31)
[2025-08-10T00:23:08.821+0000] {spark_submit.py:579} INFO - at io.netty.resolver.AbstractAddressResolver.resolve(AbstractAddressResolver.java:106)
[2025-08-10T00:23:08.821+0000] {spark_submit.py:579} INFO - at io.netty.bootstrap.Bootstrap.doResolveAndConnect0(Bootstrap.java:220)
[2025-08-10T00:23:08.821+0000] {spark_submit.py:579} INFO - at io.netty.bootstrap.Bootstrap.access$000(Bootstrap.java:47)
[2025-08-10T00:23:08.821+0000] {spark_submit.py:579} INFO - at io.netty.bootstrap.Bootstrap$1.operationComplete(Bootstrap.java:189)
[2025-08-10T00:23:08.822+0000] {spark_submit.py:579} INFO - at io.netty.bootstrap.Bootstrap$1.operationComplete(Bootstrap.java:175)
[2025-08-10T00:23:08.822+0000] {spark_submit.py:579} INFO - at io.netty.util.concurrent.DefaultPromise.notifyListener0(DefaultPromise.java:590)
[2025-08-10T00:23:08.822+0000] {spark_submit.py:579} INFO - at io.netty.util.concurrent.DefaultPromise.notifyListenersNow(DefaultPromise.java:557)
[2025-08-10T00:23:08.822+0000] {spark_submit.py:579} INFO - at io.netty.util.concurrent.DefaultPromise.notifyListeners(DefaultPromise.java:492)
[2025-08-10T00:23:08.823+0000] {spark_submit.py:579} INFO - at io.netty.util.concurrent.DefaultPromise.setValue0(DefaultPromise.java:636)
[2025-08-10T00:23:08.823+0000] {spark_submit.py:579} INFO - at io.netty.util.concurrent.DefaultPromise.setSuccess0(DefaultPromise.java:625)
[2025-08-10T00:23:08.823+0000] {spark_submit.py:579} INFO - at io.netty.util.concurrent.DefaultPromise.trySuccess(DefaultPromise.java:105)
[2025-08-10T00:23:08.823+0000] {spark_submit.py:579} INFO - at io.netty.channel.DefaultChannelPromise.trySuccess(DefaultChannelPromise.java:84)
[2025-08-10T00:23:08.823+0000] {spark_submit.py:579} INFO - at io.netty.channel.AbstractChannel$AbstractUnsafe.safeSetSuccess(AbstractChannel.java:988)
[2025-08-10T00:23:08.824+0000] {spark_submit.py:579} INFO - at io.netty.channel.AbstractChannel$AbstractUnsafe.register0(AbstractChannel.java:515)
[2025-08-10T00:23:08.824+0000] {spark_submit.py:579} INFO - at io.netty.channel.AbstractChannel$AbstractUnsafe.access$200(AbstractChannel.java:428)
[2025-08-10T00:23:08.824+0000] {spark_submit.py:579} INFO - at io.netty.channel.AbstractChannel$AbstractUnsafe$1.run(AbstractChannel.java:485)
[2025-08-10T00:23:08.824+0000] {spark_submit.py:579} INFO - at io.netty.util.concurrent.AbstractEventExecutor.runTask(AbstractEventExecutor.java:173)
[2025-08-10T00:23:08.824+0000] {spark_submit.py:579} INFO - at io.netty.util.concurrent.AbstractEventExecutor.safeExecute(AbstractEventExecutor.java:166)
[2025-08-10T00:23:08.825+0000] {spark_submit.py:579} INFO - at io.netty.util.concurrent.SingleThreadEventExecutor.runAllTasks(SingleThreadEventExecutor.java:472)
[2025-08-10T00:23:08.825+0000] {spark_submit.py:579} INFO - at io.netty.channel.nio.NioEventLoop.run(NioEventLoop.java:569)
[2025-08-10T00:23:08.825+0000] {spark_submit.py:579} INFO - at io.netty.util.concurrent.SingleThreadEventExecutor$4.run(SingleThreadEventExecutor.java:998)
[2025-08-10T00:23:08.825+0000] {spark_submit.py:579} INFO - at io.netty.util.internal.ThreadExecutorMap$2.run(ThreadExecutorMap.java:74)
[2025-08-10T00:23:08.825+0000] {spark_submit.py:579} INFO - at io.netty.util.concurrent.FastThreadLocalRunnable.run(FastThreadLocalRunnable.java:30)
[2025-08-10T00:23:08.826+0000] {spark_submit.py:579} INFO - ... 1 more
[2025-08-10T00:23:25.078+0000] {spark_submit.py:579} INFO - 25/08/10 00:23:25 INFO StandaloneAppClient$ClientEndpoint: Connecting to master spark://spark-master-1:7077...
[2025-08-10T00:23:28.818+0000] {spark_submit.py:579} INFO - 25/08/10 00:23:28 WARN TransportClientFactory: DNS resolution failed for spark-master-1/<unresolved>:7077 took 3740 ms
[2025-08-10T00:23:28.822+0000] {spark_submit.py:579} INFO - 25/08/10 00:23:28 WARN StandaloneAppClient$ClientEndpoint: Failed to connect to master spark-master-1:7077
[2025-08-10T00:23:28.822+0000] {spark_submit.py:579} INFO - org.apache.spark.SparkException: Exception thrown in awaitResult:
[2025-08-10T00:23:28.823+0000] {spark_submit.py:579} INFO - at org.apache.spark.util.SparkThreadUtils$.awaitResult(SparkThreadUtils.scala:53)
[2025-08-10T00:23:28.823+0000] {spark_submit.py:579} INFO - at org.apache.spark.util.ThreadUtils$.awaitResult(ThreadUtils.scala:342)
[2025-08-10T00:23:28.823+0000] {spark_submit.py:579} INFO - at org.apache.spark.rpc.RpcTimeout.awaitResult(RpcTimeout.scala:75)
[2025-08-10T00:23:28.823+0000] {spark_submit.py:579} INFO - at org.apache.spark.rpc.RpcEnv.setupEndpointRefByURI(RpcEnv.scala:102)
[2025-08-10T00:23:28.824+0000] {spark_submit.py:579} INFO - at org.apache.spark.rpc.RpcEnv.setupEndpointRef(RpcEnv.scala:110)
[2025-08-10T00:23:28.824+0000] {spark_submit.py:579} INFO - at org.apache.spark.deploy.client.StandaloneAppClient$ClientEndpoint$$anon$1.run(StandaloneAppClient.scala:110)
[2025-08-10T00:23:28.824+0000] {spark_submit.py:579} INFO - at java.base/java.util.concurrent.Executors$RunnableAdapter.call(Executors.java:539)
[2025-08-10T00:23:28.824+0000] {spark_submit.py:579} INFO - at java.base/java.util.concurrent.FutureTask.run(FutureTask.java:264)
[2025-08-10T00:23:28.825+0000] {spark_submit.py:579} INFO - at java.base/java.util.concurrent.ThreadPoolExecutor.runWorker(ThreadPoolExecutor.java:1136)
[2025-08-10T00:23:28.825+0000] {spark_submit.py:579} INFO - at java.base/java.util.concurrent.ThreadPoolExecutor$Worker.run(ThreadPoolExecutor.java:635)
[2025-08-10T00:23:28.825+0000] {spark_submit.py:579} INFO - at java.base/java.lang.Thread.run(Thread.java:840)
[2025-08-10T00:23:28.825+0000] {spark_submit.py:579} INFO - Caused by: java.io.IOException: Failed to connect to spark-master-1/<unresolved>:7077
[2025-08-10T00:23:28.826+0000] {spark_submit.py:579} INFO - at org.apache.spark.network.client.TransportClientFactory.createClient(TransportClientFactory.java:305)
[2025-08-10T00:23:28.826+0000] {spark_submit.py:579} INFO - at org.apache.spark.network.client.TransportClientFactory.createClient(TransportClientFactory.java:225)
[2025-08-10T00:23:28.826+0000] {spark_submit.py:579} INFO - at org.apache.spark.network.client.TransportClientFactory.createClient(TransportClientFactory.java:237)
[2025-08-10T00:23:28.826+0000] {spark_submit.py:579} INFO - at org.apache.spark.rpc.netty.NettyRpcEnv.createClient(NettyRpcEnv.scala:207)
[2025-08-10T00:23:28.827+0000] {spark_submit.py:579} INFO - at org.apache.spark.rpc.netty.Outbox$$anon$1.call(Outbox.scala:202)
[2025-08-10T00:23:28.827+0000] {spark_submit.py:579} INFO - at org.apache.spark.rpc.netty.Outbox$$anon$1.call(Outbox.scala:198)
[2025-08-10T00:23:28.827+0000] {spark_submit.py:579} INFO - ... 4 more
[2025-08-10T00:23:28.827+0000] {spark_submit.py:579} INFO - Caused by: java.net.UnknownHostException: spark-master-1
[2025-08-10T00:23:28.828+0000] {spark_submit.py:579} INFO - at java.base/java.net.InetAddress$CachedAddresses.get(InetAddress.java:801)
[2025-08-10T00:23:28.828+0000] {spark_submit.py:579} INFO - at java.base/java.net.InetAddress.getAllByName0(InetAddress.java:1533)
[2025-08-10T00:23:28.828+0000] {spark_submit.py:579} INFO - at java.base/java.net.InetAddress.getAllByName(InetAddress.java:1385)
[2025-08-10T00:23:28.828+0000] {spark_submit.py:579} INFO - at java.base/java.net.InetAddress.getAllByName(InetAddress.java:1306)
[2025-08-10T00:23:28.829+0000] {spark_submit.py:579} INFO - at java.base/java.net.InetAddress.getByName(InetAddress.java:1256)
[2025-08-10T00:23:28.829+0000] {spark_submit.py:579} INFO - at io.netty.util.internal.SocketUtils$8.run(SocketUtils.java:156)
[2025-08-10T00:23:28.829+0000] {spark_submit.py:579} INFO - at io.netty.util.internal.SocketUtils$8.run(SocketUtils.java:153)
[2025-08-10T00:23:28.829+0000] {spark_submit.py:579} INFO - at java.base/java.security.AccessController.doPrivileged(AccessController.java:569)
[2025-08-10T00:23:28.830+0000] {spark_submit.py:579} INFO - at io.netty.util.internal.SocketUtils.addressByName(SocketUtils.java:153)
[2025-08-10T00:23:28.830+0000] {spark_submit.py:579} INFO - at io.netty.resolver.DefaultNameResolver.doResolve(DefaultNameResolver.java:41)
[2025-08-10T00:23:28.830+0000] {spark_submit.py:579} INFO - at io.netty.resolver.SimpleNameResolver.resolve(SimpleNameResolver.java:61)
[2025-08-10T00:23:28.830+0000] {spark_submit.py:579} INFO - at io.netty.resolver.SimpleNameResolver.resolve(SimpleNameResolver.java:53)
[2025-08-10T00:23:28.831+0000] {spark_submit.py:579} INFO - at io.netty.resolver.InetSocketAddressResolver.doResolve(InetSocketAddressResolver.java:55)
[2025-08-10T00:23:28.831+0000] {spark_submit.py:579} INFO - at io.netty.resolver.InetSocketAddressResolver.doResolve(InetSocketAddressResolver.java:31)
[2025-08-10T00:23:28.831+0000] {spark_submit.py:579} INFO - at io.netty.resolver.AbstractAddressResolver.resolve(AbstractAddressResolver.java:106)
[2025-08-10T00:23:28.831+0000] {spark_submit.py:579} INFO - at io.netty.bootstrap.Bootstrap.doResolveAndConnect0(Bootstrap.java:220)
[2025-08-10T00:23:28.832+0000] {spark_submit.py:579} INFO - at io.netty.bootstrap.Bootstrap.access$000(Bootstrap.java:47)
[2025-08-10T00:23:28.832+0000] {spark_submit.py:579} INFO - at io.netty.bootstrap.Bootstrap$1.operationComplete(Bootstrap.java:189)
[2025-08-10T00:23:28.832+0000] {spark_submit.py:579} INFO - at io.netty.bootstrap.Bootstrap$1.operationComplete(Bootstrap.java:175)
[2025-08-10T00:23:28.833+0000] {spark_submit.py:579} INFO - at io.netty.util.concurrent.DefaultPromise.notifyListener0(DefaultPromise.java:590)
[2025-08-10T00:23:28.833+0000] {spark_submit.py:579} INFO - at io.netty.util.concurrent.DefaultPromise.notifyListenersNow(DefaultPromise.java:557)
[2025-08-10T00:23:28.833+0000] {spark_submit.py:579} INFO - at io.netty.util.concurrent.DefaultPromise.notifyListeners(DefaultPromise.java:492)
[2025-08-10T00:23:28.833+0000] {spark_submit.py:579} INFO - at io.netty.util.concurrent.DefaultPromise.setValue0(DefaultPromise.java:636)
[2025-08-10T00:23:28.834+0000] {spark_submit.py:579} INFO - at io.netty.util.concurrent.DefaultPromise.setSuccess0(DefaultPromise.java:625)
[2025-08-10T00:23:28.834+0000] {spark_submit.py:579} INFO - at io.netty.util.concurrent.DefaultPromise.trySuccess(DefaultPromise.java:105)
[2025-08-10T00:23:28.834+0000] {spark_submit.py:579} INFO - at io.netty.channel.DefaultChannelPromise.trySuccess(DefaultChannelPromise.java:84)
[2025-08-10T00:23:28.835+0000] {spark_submit.py:579} INFO - at io.netty.channel.AbstractChannel$AbstractUnsafe.safeSetSuccess(AbstractChannel.java:988)
[2025-08-10T00:23:28.835+0000] {spark_submit.py:579} INFO - at io.netty.channel.AbstractChannel$AbstractUnsafe.register0(AbstractChannel.java:515)
[2025-08-10T00:23:28.835+0000] {spark_submit.py:579} INFO - at io.netty.channel.AbstractChannel$AbstractUnsafe.access$200(AbstractChannel.java:428)
[2025-08-10T00:23:28.836+0000] {spark_submit.py:579} INFO - at io.netty.channel.AbstractChannel$AbstractUnsafe$1.run(AbstractChannel.java:485)
[2025-08-10T00:23:28.836+0000] {spark_submit.py:579} INFO - at io.netty.util.concurrent.AbstractEventExecutor.runTask(AbstractEventExecutor.java:173)
[2025-08-10T00:23:28.836+0000] {spark_submit.py:579} INFO - at io.netty.util.concurrent.AbstractEventExecutor.safeExecute(AbstractEventExecutor.java:166)
[2025-08-10T00:23:28.836+0000] {spark_submit.py:579} INFO - at io.netty.util.concurrent.SingleThreadEventExecutor.runAllTasks(SingleThreadEventExecutor.java:472)
[2025-08-10T00:23:28.836+0000] {spark_submit.py:579} INFO - at io.netty.channel.nio.NioEventLoop.run(NioEventLoop.java:569)
[2025-08-10T00:23:28.837+0000] {spark_submit.py:579} INFO - at io.netty.util.concurrent.SingleThreadEventExecutor$4.run(SingleThreadEventExecutor.java:998)
[2025-08-10T00:23:28.837+0000] {spark_submit.py:579} INFO - at io.netty.util.internal.ThreadExecutorMap$2.run(ThreadExecutorMap.java:74)
[2025-08-10T00:23:28.837+0000] {spark_submit.py:579} INFO - at io.netty.util.concurrent.FastThreadLocalRunnable.run(FastThreadLocalRunnable.java:30)
[2025-08-10T00:23:28.838+0000] {spark_submit.py:579} INFO - ... 1 more
[2025-08-10T00:23:45.076+0000] {spark_submit.py:579} INFO - 25/08/10 00:23:45 WARN StandaloneSchedulerBackend: Application ID is not initialized yet.
[2025-08-10T00:23:45.078+0000] {spark_submit.py:579} INFO - 25/08/10 00:23:45 ERROR StandaloneSchedulerBackend: Application has been killed. Reason: All masters are unresponsive! Giving up.
[2025-08-10T00:23:45.088+0000] {spark_submit.py:579} INFO - 25/08/10 00:23:45 INFO Utils: Successfully started service 'org.apache.spark.network.netty.NettyBlockTransferService' on port 38839.
[2025-08-10T00:23:45.089+0000] {spark_submit.py:579} INFO - 25/08/10 00:23:45 INFO NettyBlockTransferService: Server created on 95fb1ebfe85f:38839
[2025-08-10T00:23:45.092+0000] {spark_submit.py:579} INFO - 25/08/10 00:23:45 INFO BlockManager: Using org.apache.spark.storage.RandomBlockReplicationPolicy for block replication policy
[2025-08-10T00:23:45.108+0000] {spark_submit.py:579} INFO - 25/08/10 00:23:45 INFO BlockManagerMaster: Registering BlockManager BlockManagerId(driver, 95fb1ebfe85f, 38839, None)
[2025-08-10T00:23:45.114+0000] {spark_submit.py:579} INFO - 25/08/10 00:23:45 INFO BlockManagerMasterEndpoint: Registering block manager 95fb1ebfe85f:38839 with 434.4 MiB RAM, BlockManagerId(driver, 95fb1ebfe85f, 38839, None)
[2025-08-10T00:23:45.117+0000] {spark_submit.py:579} INFO - 25/08/10 00:23:45 INFO BlockManagerMaster: Registered BlockManager BlockManagerId(driver, 95fb1ebfe85f, 38839, None)
[2025-08-10T00:23:45.118+0000] {spark_submit.py:579} INFO - 25/08/10 00:23:45 INFO BlockManager: Initialized BlockManager: BlockManagerId(driver, 95fb1ebfe85f, 38839, None)
[2025-08-10T00:23:45.242+0000] {spark_submit.py:579} INFO - 25/08/10 00:23:45 INFO StandaloneSchedulerBackend: SchedulerBackend is ready for scheduling beginning after reached minRegisteredResourcesRatio: 0.0
[2025-08-10T00:23:45.510+0000] {spark_submit.py:579} INFO - 25/08/10 00:23:45 INFO SparkContext: SparkContext is stopping with exitCode 0 from run at <unknown>:0.
[2025-08-10T00:23:45.526+0000] {spark_submit.py:579} INFO - 25/08/10 00:23:45 INFO SparkUI: Stopped Spark web UI at http://95fb1ebfe85f:4040
[2025-08-10T00:23:45.532+0000] {spark_submit.py:579} INFO - 25/08/10 00:23:45 INFO StandaloneSchedulerBackend: Shutting down all executors
[2025-08-10T00:23:45.538+0000] {spark_submit.py:579} INFO - 25/08/10 00:23:45 INFO StandaloneSchedulerBackend$StandaloneDriverEndpoint: Asking each executor to shut down
[2025-08-10T00:23:45.545+0000] {spark_submit.py:579} INFO - 25/08/10 00:23:45 WARN StandaloneAppClient$ClientEndpoint: Drop UnregisterApplication(null) because has not yet connected to master
[2025-08-10T00:23:45.557+0000] {spark_submit.py:579} INFO - 25/08/10 00:23:45 INFO MapOutputTrackerMasterEndpoint: MapOutputTrackerMasterEndpoint stopped!
[2025-08-10T00:23:45.598+0000] {spark_submit.py:579} INFO - 25/08/10 00:23:45 INFO MemoryStore: MemoryStore started with capacity 434.4 MiB
[2025-08-10T00:23:45.599+0000] {spark_submit.py:579} INFO - 25/08/10 00:23:45 INFO MemoryStore: MemoryStore cleared
[2025-08-10T00:23:45.600+0000] {spark_submit.py:579} INFO - 25/08/10 00:23:45 INFO BlockManager: BlockManager stopped
[2025-08-10T00:23:45.606+0000] {spark_submit.py:579} INFO - 25/08/10 00:23:45 INFO BlockManagerMaster: BlockManagerMaster stopped
[2025-08-10T00:23:45.608+0000] {spark_submit.py:579} INFO - 25/08/10 00:23:45 INFO OutputCommitCoordinator$OutputCommitCoordinatorEndpoint: OutputCommitCoordinator stopped!
[2025-08-10T00:23:45.637+0000] {spark_submit.py:579} INFO - 25/08/10 00:23:45 INFO SparkContext: Successfully stopped SparkContext
[2025-08-10T00:23:47.336+0000] {spark_submit.py:579} INFO - Traceback (most recent call last):
[2025-08-10T00:23:47.337+0000] {spark_submit.py:579} INFO - File "/opt/***/jobs/python/wordcountjob.py", line 3, in <module>
[2025-08-10T00:23:47.340+0000] {spark_submit.py:579} INFO - spark = SparkSession.builder.appName("PythonWordCount").getOrCreate()
[2025-08-10T00:23:47.340+0000] {spark_submit.py:579} INFO - File "/home/***/.local/lib/python3.10/site-packages/pyspark/python/lib/pyspark.zip/pyspark/sql/session.py", line 559, in getOrCreate
[2025-08-10T00:23:47.340+0000] {spark_submit.py:579} INFO - File "/home/***/.local/lib/python3.10/site-packages/pyspark/python/lib/pyspark.zip/pyspark/sql/session.py", line 641, in __init__
[2025-08-10T00:23:47.341+0000] {spark_submit.py:579} INFO - File "/home/***/.local/lib/python3.10/site-packages/pyspark/python/lib/py4j-0.10.9.9-src.zip/py4j/java_gateway.py", line 1627, in __call__
[2025-08-10T00:23:47.342+0000] {spark_submit.py:579} INFO - File "/home/***/.local/lib/python3.10/site-packages/pyspark/python/lib/py4j-0.10.9.9-src.zip/py4j/protocol.py", line 327, in get_return_value
[2025-08-10T00:23:47.344+0000] {spark_submit.py:579} INFO - py4j.protocol.Py4JJavaError: An error occurred while calling None.org.apache.spark.sql.classic.SparkSession.
[2025-08-10T00:23:47.344+0000] {spark_submit.py:579} INFO - : java.lang.IllegalStateException: Cannot call methods on a stopped SparkContext.
[2025-08-10T00:23:47.344+0000] {spark_submit.py:579} INFO - This stopped SparkContext was created at:
[2025-08-10T00:23:47.345+0000] {spark_submit.py:579} INFO - 
[2025-08-10T00:23:47.345+0000] {spark_submit.py:579} INFO - org.apache.spark.api.java.JavaSparkContext.<init>(JavaSparkContext.scala:59)
[2025-08-10T00:23:47.345+0000] {spark_submit.py:579} INFO - java.base/jdk.internal.reflect.NativeConstructorAccessorImpl.newInstance0(Native Method)
[2025-08-10T00:23:47.346+0000] {spark_submit.py:579} INFO - java.base/jdk.internal.reflect.NativeConstructorAccessorImpl.newInstance(NativeConstructorAccessorImpl.java:77)
[2025-08-10T00:23:47.346+0000] {spark_submit.py:579} INFO - java.base/jdk.internal.reflect.DelegatingConstructorAccessorImpl.newInstance(DelegatingConstructorAccessorImpl.java:45)
[2025-08-10T00:23:47.346+0000] {spark_submit.py:579} INFO - java.base/java.lang.reflect.Constructor.newInstanceWithCaller(Constructor.java:500)
[2025-08-10T00:23:47.347+0000] {spark_submit.py:579} INFO - java.base/java.lang.reflect.Constructor.newInstance(Constructor.java:481)
[2025-08-10T00:23:47.347+0000] {spark_submit.py:579} INFO - py4j.reflection.MethodInvoker.invoke(MethodInvoker.java:247)
[2025-08-10T00:23:47.347+0000] {spark_submit.py:579} INFO - py4j.reflection.ReflectionEngine.invoke(ReflectionEngine.java:374)
[2025-08-10T00:23:47.347+0000] {spark_submit.py:579} INFO - py4j.Gateway.invoke(Gateway.java:238)
[2025-08-10T00:23:47.348+0000] {spark_submit.py:579} INFO - py4j.commands.ConstructorCommand.invokeConstructor(ConstructorCommand.java:80)
[2025-08-10T00:23:47.348+0000] {spark_submit.py:579} INFO - py4j.commands.ConstructorCommand.execute(ConstructorCommand.java:69)
[2025-08-10T00:23:47.348+0000] {spark_submit.py:579} INFO - py4j.ClientServerConnection.waitForCommands(ClientServerConnection.java:184)
[2025-08-10T00:23:47.348+0000] {spark_submit.py:579} INFO - py4j.ClientServerConnection.run(ClientServerConnection.java:108)
[2025-08-10T00:23:47.349+0000] {spark_submit.py:579} INFO - java.base/java.lang.Thread.run(Thread.java:840)
[2025-08-10T00:23:47.349+0000] {spark_submit.py:579} INFO - 
[2025-08-10T00:23:47.349+0000] {spark_submit.py:579} INFO - And it was stopped at:
[2025-08-10T00:23:47.350+0000] {spark_submit.py:579} INFO - 
[2025-08-10T00:23:47.350+0000] {spark_submit.py:579} INFO - org.apache.spark.SparkContext$$anon$3.run(SparkContext.scala:2284)
[2025-08-10T00:23:47.350+0000] {spark_submit.py:579} INFO - 
[2025-08-10T00:23:47.350+0000] {spark_submit.py:579} INFO - The currently active SparkContext was created at:
[2025-08-10T00:23:47.351+0000] {spark_submit.py:579} INFO - 
[2025-08-10T00:23:47.351+0000] {spark_submit.py:579} INFO - (No active SparkContext.)
[2025-08-10T00:23:47.351+0000] {spark_submit.py:579} INFO - 
[2025-08-10T00:23:47.352+0000] {spark_submit.py:579} INFO - at org.apache.spark.SparkContext.assertNotStopped(SparkContext.scala:128)
[2025-08-10T00:23:47.352+0000] {spark_submit.py:579} INFO - at org.apache.spark.sql.classic.SparkSession.<init>(SparkSession.scala:124)
[2025-08-10T00:23:47.353+0000] {spark_submit.py:579} INFO - at org.apache.spark.sql.classic.SparkSession.<init>(SparkSession.scala:117)
[2025-08-10T00:23:47.353+0000] {spark_submit.py:579} INFO - at java.base/jdk.internal.reflect.NativeConstructorAccessorImpl.newInstance0(Native Method)
[2025-08-10T00:23:47.354+0000] {spark_submit.py:579} INFO - at java.base/jdk.internal.reflect.NativeConstructorAccessorImpl.newInstance(NativeConstructorAccessorImpl.java:77)
[2025-08-10T00:23:47.354+0000] {spark_submit.py:579} INFO - at java.base/jdk.internal.reflect.DelegatingConstructorAccessorImpl.newInstance(DelegatingConstructorAccessorImpl.java:45)
[2025-08-10T00:23:47.355+0000] {spark_submit.py:579} INFO - at java.base/java.lang.reflect.Constructor.newInstanceWithCaller(Constructor.java:500)
[2025-08-10T00:23:47.356+0000] {spark_submit.py:579} INFO - at java.base/java.lang.reflect.Constructor.newInstance(Constructor.java:481)
[2025-08-10T00:23:47.356+0000] {spark_submit.py:579} INFO - at py4j.reflection.MethodInvoker.invoke(MethodInvoker.java:247)
[2025-08-10T00:23:47.356+0000] {spark_submit.py:579} INFO - at py4j.reflection.ReflectionEngine.invoke(ReflectionEngine.java:374)
[2025-08-10T00:23:47.357+0000] {spark_submit.py:579} INFO - at py4j.Gateway.invoke(Gateway.java:238)
[2025-08-10T00:23:47.357+0000] {spark_submit.py:579} INFO - at py4j.commands.ConstructorCommand.invokeConstructor(ConstructorCommand.java:80)
[2025-08-10T00:23:47.357+0000] {spark_submit.py:579} INFO - at py4j.commands.ConstructorCommand.execute(ConstructorCommand.java:69)
[2025-08-10T00:23:47.358+0000] {spark_submit.py:579} INFO - at py4j.ClientServerConnection.waitForCommands(ClientServerConnection.java:184)
[2025-08-10T00:23:47.358+0000] {spark_submit.py:579} INFO - at py4j.ClientServerConnection.run(ClientServerConnection.java:108)
[2025-08-10T00:23:47.358+0000] {spark_submit.py:579} INFO - at java.base/java.lang.Thread.run(Thread.java:840)
[2025-08-10T00:23:47.358+0000] {spark_submit.py:579} INFO - 
[2025-08-10T00:23:47.517+0000] {spark_submit.py:579} INFO - 25/08/10 00:23:47 INFO ShutdownHookManager: Shutdown hook called
[2025-08-10T00:23:47.519+0000] {spark_submit.py:579} INFO - 25/08/10 00:23:47 INFO ShutdownHookManager: Deleting directory /tmp/spark-23221e4b-e780-4427-b989-7c013e4905d1/pyspark-f03b6fc1-89af-4534-8e4f-1538384e6df7
[2025-08-10T00:23:47.539+0000] {spark_submit.py:579} INFO - 25/08/10 00:23:47 INFO ShutdownHookManager: Deleting directory /tmp/spark-23221e4b-e780-4427-b989-7c013e4905d1
[2025-08-10T00:23:47.554+0000] {spark_submit.py:579} INFO - 25/08/10 00:23:47 INFO ShutdownHookManager: Deleting directory /tmp/spark-79d45f68-7b70-4aa0-8a73-9ffa5a3f3451
[2025-08-10T00:23:47.815+0000] {taskinstance.py:1935} ERROR - Task failed with exception
Traceback (most recent call last):
  File "/home/airflow/.local/lib/python3.10/site-packages/airflow/providers/apache/spark/operators/spark_submit.py", line 174, in execute
    self._hook.submit(self.application)
  File "/home/airflow/.local/lib/python3.10/site-packages/airflow/providers/apache/spark/hooks/spark_submit.py", line 505, in submit
    raise AirflowException(
airflow.exceptions.AirflowException: Cannot execute: spark-submit --master spark://spark-master-1:7077 --name arrow-spark --deploy-mode client jobs/python/wordcountjob.py. Error code is: 1.
[2025-08-10T00:23:47.880+0000] {taskinstance.py:1398} INFO - Marking task as FAILED. dag_id=sparking_flow, task_id=python_job, execution_date=20250810T002228, start_date=20250810T002236, end_date=20250810T002347
[2025-08-10T00:23:47.959+0000] {standard_task_runner.py:104} ERROR - Failed to execute job 5 for task python_job (Cannot execute: spark-submit --master spark://spark-master-1:7077 --name arrow-spark --deploy-mode client jobs/python/wordcountjob.py. Error code is: 1.; 587)
[2025-08-10T00:23:48.037+0000] {local_task_job_runner.py:228} INFO - Task exited with return code 1
[2025-08-10T00:23:48.145+0000] {taskinstance.py:2776} INFO - 0 downstream tasks scheduled from follow-on schedule check
